[!]: path: /dev_hdd0/game/
[!]: Loading 'D:\Emulateur\Rpcs3\dev_hdd0\game\BCES01277-[God of War_ Collection Volume II]\PS3_GAME\USRDIR\BOOT.BIN'...
[!]: Mount info:
[!]: /dev_hdd0/ -> D:\Emulateur\Rpcs3\dev_hdd0\
[!]: /dev_hdd1/ -> D:\Emulateur\Rpcs3\dev_hdd1\
[!]: /dev_flash/ -> D:\Emulateur\Rpcs3\dev_flash\
[!]: /dev_usb000/ -> D:\Emulateur\Rpcs3\dev_usb000\
[!]: /dev_usb/ -> D:\Emulateur\Rpcs3\dev_usb000\
[!]: /app_home/ -> D:\Emulateur\Rpcs3\dev_hdd0\game\BCES01277-[God of War_ Collection Volume II]\PS3_GAME\
[!]: /dev_bdvd/ -> D:\Emulateur\Rpcs3\dev_hdd0\game\BCES01277-[God of War_ Collection Volume II]\PS3_GAME\\..\
[!]: /host_root/ -> 
[!]: / -> D:\Emulateur\Rpcs3\dev_hdd0\game\BCES01277-[God of War_ Collection Volume II]\PS3_GAME\
[!]: Initing memory...
[!]: Memory initialized.
[W]: Unknown module 'cellSysutilAvconfExt'
[W]: Unknown function 0x832df17e in 'cellAudio' module
[E]: TODO: cellAudioAdd6chData
[W]: Unknown function 0x07529113 in 'cellSpurs' module
[E]: TODO: cellSpursAttributeSetNamePrefix
[W]: Unknown function 0x82275c1c in 'cellSpurs' module
[E]: TODO: cellSpursAttributeSetMemoryContainerForSpuThread
[W]: Unknown function 0x95180230 in 'cellSpurs' module
[E]: TODO: _cellSpursAttributeInitialize
[W]: Unknown function 0xaa6269a8 in 'cellSpurs' module
[E]: TODO: cellSpursInitializeWithAttribute
[W]: Unknown function 0x182d9890 in 'cellSpurs' module
[E]: TODO: cellSpursRequestIdleSpu
[W]: Unknown function 0x1f402f8f in 'cellSpurs' module
[E]: TODO: cellSpursGetInfo
[W]: Unknown function 0x4a5eab63 in 'cellSpurs' module
[E]: TODO: cellSpursWorkloadAttributeSetName
[W]: Unknown function 0x4e153e3e in 'cellSpurs' module
[E]: TODO: cellSpursGetWorkloadInfo
[W]: Unknown function 0x57e4dec3 in 'cellSpurs' module
[E]: TODO: cellSpursRemoveWorkload
[W]: Unknown function 0x5fd43fe4 in 'cellSpurs' module
[E]: TODO: cellSpursWaitForWorkloadShutdown
[W]: Unknown function 0x80a29e27 in 'cellSpurs' module
[E]: TODO: cellSpursSetPriorities
[W]: Unknown function 0x98d5b343 in 'cellSpurs' module
[E]: TODO: cellSpursShutdownWorkload
[W]: Unknown function 0xc0158d8b in 'cellSpurs' module
[E]: TODO: cellSpursAddWorkloadWithAttribute
[W]: Unknown function 0xd2e23fa9 in 'cellSpurs' module
[E]: TODO: cellSpursSetExceptionEventHandler
[W]: Unknown function 0xefeb2679 in 'cellSpurs' module
[E]: TODO: _cellSpursWorkloadAttributeInitialize
[W]: Unknown function 0xf843818d in 'cellSpurs' module
[E]: TODO: cellSpursReadyCountStore
[W]: Unknown function 0x9b882495 in 'sys_fs' module
[E]: TODO: cellFsGetDirectoryEntries
[W]: Unknown function 0x4cef342e in 'sys_fs' module
[E]: TODO: cellFsAioWrite
[W]: Unknown function 0x1dfbfdd6 in 'cellSysutil' module
[E]: TODO: cellSaveDataListLoad2
[W]: Unknown function 0x2de0d663 in 'cellSysutil' module
[E]: TODO: cellSaveDataListSave2
[W]: Unknown function 0x8b7ed64b in 'cellSysutil' module
[E]: TODO: cellSaveDataAutoSave2
[W]: Unknown function 0xedadd797 in 'cellSysutil' module
[E]: TODO: cellSaveDataDelete2
[W]: Unknown function 0xfbd5c856 in 'cellSysutil' module
[E]: TODO: cellSaveDataAutoLoad2
[W]: Unknown function 0x0247c69e in 'cellSail' module
[E]: TODO: cellSailGraphicsAdapterGetFrame
[W]: Unknown function 0x0abb318b in 'cellSail' module
[E]: TODO: cellSailDescriptorCreateDatabase
[W]: Unknown function 0x0c4cb439 in 'cellSail' module
[E]: TODO: cellSailFutureReset
[W]: Unknown function 0x1139a206 in 'cellSail' module
[E]: TODO: cellSailPlayerSetSoundAdapter
[W]: Unknown function 0x1872331b in 'cellSail' module
[E]: TODO: cellSailGraphicsAdapterPtsToTimePosition
[W]: Unknown function 0x18b4629d in 'cellSail' module
[E]: TODO: cellSailPlayerFinalize
[W]: Unknown function 0x18bcd21b in 'cellSail' module
[E]: TODO: cellSailPlayerSetGraphicsAdapter
[W]: Unknown function 0x1c983864 in 'cellSail' module
[E]: TODO: cellSailGraphicsAdapterInitialize
[W]: Unknown function 0x1c9d5e5a in 'cellSail' module
[E]: TODO: cellSailSoundAdapterSetPreferredFormat
[W]: Unknown function 0x23654375 in 'cellSail' module
[E]: TODO: cellSailPlayerInitialize2
[W]: Unknown function 0x28336e89 in 'cellSail' module
[E]: TODO: cellSailDescriptorDestroyDatabase
[W]: Unknown function 0x2e3ccb5e in 'cellSail' module
[E]: TODO: cellSailGraphicsAdapterSetPreferredFormat
[W]: Unknown function 0x346ebba3 in 'cellSail' module
[E]: TODO: cellSailMemAllocatorInitialize
[W]: Unknown function 0x34ecc1b9 in 'cellSail' module
[E]: TODO: cellSailPlayerOpenStream
[W]: Unknown function 0x3a2d806c in 'cellSail' module
[E]: TODO: cellSailFutureGet
[W]: Unknown function 0x3d0d3b72 in 'cellSail' module
[E]: TODO: cellSailSoundAdapterInitialize
[W]: Unknown function 0x44a20e79 in 'cellSail' module
[E]: TODO: cellSailGraphicsAdapterUpdateAvSync
[W]: Unknown function 0x4ae979df in 'cellSail' module
[E]: TODO: cellSailSoundAdapterPtsToTimePosition
[W]: Unknown function 0x4cc54f8e in 'cellSail' module
[E]: TODO: cellSailFutureInitialize
[W]: Unknown function 0x5783a454 in 'cellSail' module
[E]: TODO: cellSailMp4MovieGetMovieInfo
[W]: Unknown function 0x5f7c7a6f in 'cellSail' module
[E]: TODO: cellSailPlayerSetParameter
[W]: Unknown function 0x6e83f5c0 in 'cellSail' module
[E]: TODO: cellSailAviMovieGetMovieInfo
[W]: Unknown function 0x76488bb1 in 'cellSail' module
[E]: TODO: cellSailGraphicsAdapterFinalize
[W]: Unknown function 0x7c8dff3b in 'cellSail' module
[E]: TODO: cellSailPlayerAddDescriptor
[W]: Unknown function 0x7eb8d6b5 in 'cellSail' module
[E]: TODO: cellSailSoundAdapterGetFrame
[W]: Unknown function 0x9553af65 in 'cellSail' module
[E]: TODO: cellSailFutureFinalize
[W]: Unknown function 0xa37fed15 in 'cellSail' module
[E]: TODO: cellSailFutureSet
[W]: Unknown function 0xbdf21b0f in 'cellSail' module
[E]: TODO: cellSailPlayerBoot
[W]: Unknown function 0xd1462438 in 'cellSail' module
[E]: TODO: cellSailSoundAdapterFinalize
[W]: Unknown function 0xd1d55a90 in 'cellSail' module
[E]: TODO: cellSailPlayerSetPaused
[W]: Unknown function 0xd7938b8d in 'cellSail' module
[E]: TODO: cellSailPlayerCreateDescriptor
[W]: Unknown function 0xe535b0d3 in 'cellSail' module
[E]: TODO: cellSailPlayerStart
[W]: Unknown function 0xeba8d4ec in 'cellSail' module
[E]: TODO: cellSailPlayerStop
[W]: Unknown function 0xeec22809 in 'cellSail' module
[E]: TODO: cellSailSoundAdapterUpdateAvSync
[W]: Unknown function 0xf25f197d in 'cellSail' module
[E]: TODO: cellSailSoundAdapterGetFormat
[W]: Unknown function 0xfc5baf8a in 'cellSail' module
[E]: TODO: cellSailPlayerSetRepeatMode
[W]: Unknown function 0xfc839bd4 in 'cellSail' module
[E]: TODO: cellSailPlayerDestroyDescriptor
[W]: Unknown function 0xffd58aa4 in 'cellSail' module
[E]: TODO: cellSailGraphicsAdapterGetFormat
[W]: Unknown function 0x23ae55a3 in 'cellGcmSys' module
[E]: TODO: cellGcmGetLastSecondVTime
[W]: Unknown function 0x63387071 in 'cellGcmSys' module
[E]: TODO: cellGcmGetLastFlipTime
[W]: Unknown function 0x12b1acf0 in 'cellFiber' module
[E]: TODO: cellFiberPpuRunFibers
[W]: Unknown function 0x6c164b3b in 'cellFiber' module
[E]: TODO: cellFiberPpuWaitSignal
[W]: Unknown function 0x7c2f4034 in 'cellFiber' module
[E]: TODO: cellFiberPpuCreateFiber
[W]: Unknown function 0x8afb8356 in 'cellFiber' module
[E]: TODO: cellFiberPpuSendSignal
[W]: Unknown function 0x9e25c72d in 'cellFiber' module
[E]: TODO: _cellFiberPpuSchedulerAttributeInitialize
[W]: Unknown function 0xc11f8056 in 'cellFiber' module
[E]: TODO: _cellFiberPpuAttributeInitialize
[W]: Unknown function 0xee3b604d in 'cellFiber' module
[E]: TODO: cellFiberPpuInitializeScheduler
[W]: Unknown function 0x55870804 in 'cellFiber' module
[E]: TODO: _cellFiberPpuInitialize
[W]: Unknown function 0x8a561d92 in 'sysPrxForUser' module
[E]: TODO: _sys_heap_free
[W]: Unknown function 0xaede4b03 in 'sysPrxForUser' module
[E]: TODO: _sys_heap_delete_heap
[W : PPU[1] Thread (CPUThread)[0x00fa704c]]: sys_lwmutex warning: *** lwmutex created [_lc_mtx] (attribute=0x12): sq_id = 3
[W : PPU[1] Thread (CPUThread)[0x002fa0c0]]: memory warning: sys_memory_get_user_memory_size(mem_info_addr=0xd0020c04)
[W : PPU[1] Thread (CPUThread)[0x00fa704c]]: sys_lwmutex warning: *** lwmutex created [_lc_mtx] (attribute=0x12): sq_id = 4
[W : PPU[1] Thread (CPUThread)[0x00fa704c]]: sys_lwmutex warning: *** lwmutex created [_lc_mtx] (attribute=0x12): sq_id = 5
[W : PPU[1] Thread (CPUThread)[0x00fa704c]]: sys_lwmutex warning: *** lwmutex created [_lc_mtx] (attribute=0x12): sq_id = 6
[W : PPU[1] Thread (CPUThread)[0x00fa704c]]: sys_lwmutex warning: *** lwmutex created [_lc_mtx] (attribute=0x12): sq_id = 7
[W : PPU[1] Thread (CPUThread)[0x00fa704c]]: sys_lwmutex warning: *** lwmutex created [_lc_mtx] (attribute=0x12): sq_id = 8
[W : PPU[1] Thread (CPUThread)[0x00fa704c]]: sys_lwmutex warning: *** lwmutex created [_lc_mtx] (attribute=0x12): sq_id = 9
[W : PPU[1] Thread (CPUThread)[0x00fa704c]]: sys_lwmutex warning: *** lwmutex created [_lc_mtx] (attribute=0x12): sq_id = 10
[W : PPU[1] Thread (CPUThread)[0x00fa704c]]: sys_lwmutex warning: *** lwmutex created [_lc_mtx] (attribute=0x12): sq_id = 11
[W : PPU[1] Thread (CPUThread)[0x00fa704c]]: sys_lwmutex warning: *** lwmutex created [_lc_mtx] (attribute=0x12): sq_id = 12
[W : PPU[1] Thread (CPUThread)[0x000332d4]]: memory warning: sys_memory_get_user_memory_size(mem_info_addr=0xd0020b50)
[W : PPU[1] Thread (CPUThread)[0x00fa704c]]: sys_lwmutex warning: *** lwmutex created [_lgcmtx] (attribute=0x12): sq_id = 13
[W : PPU[1] Thread (CPUThread)[0x00fa704c]]: sys_lwmutex warning: *** lwmutex created [_lgcmtx] (attribute=0x22): sq_id = 14
[W : PPU[1] Thread (CPUThread)[0x00f97058]]: cellSysutil warning: cellSysutilRegisterCallback(slot=0, func_addr=0x5652a8, userdata=0x0)
[W : PPU[1] Thread (CPUThread)[0x00f97058]]: cellSysutil warning: cellSysutilRegisterCallback(slot=1, func_addr=0x568768, userdata=0x0)
[W : PPU[1] Thread (CPUThread)[0x00033800]]: sys_spu warning: sys_spu_initialize(max_usable_spu=6, max_raw_spu=0)
[W : PPU[1] Thread (CPUThread)[0x00f99010]]: cellSysmodule warning: cellSysmoduleLoadModule(CELL_SYSMODULE_FS)
[W : PPU[1] Thread (CPUThread)[0x00f95088]]: sys_fs warning: cellFsAioInit(mount_point_addr=0x458c20 (/dev_bdvd))
[W : PPU[1] Thread (CPUThread)[0x00f99010]]: cellSysmodule warning: cellSysmoduleLoadModule(CELL_SYSMODULE_SPURS)
[W : PPU[1] Thread (CPUThread)[0x00033698]]: memory warning: sys_memory_container_create(cid_addr=0xd0020bdc, yield_size=0x300000)
[W : PPU[1] Thread (CPUThread)[0x00033698]]: memory warning: *** memory_container created(addr=0x3f800000): id = 15
[E : PPU[1] Thread (CPUThread)[0x00f9301c]]: TODO: _cellSpursAttributeInitialize
[E : PPU[1] Thread (CPUThread)[0x00f93004]]: TODO: cellSpursAttributeSetNamePrefix
[E : PPU[1] Thread (CPUThread)[0x00f93010]]: TODO: cellSpursAttributeSetMemoryContainerForSpuThread
[E : PPU[1] Thread (CPUThread)[0x00f93028]]: TODO: cellSpursInitializeWithAttribute
[W : PPU[1] Thread (CPUThread)[0x00f97094]]: cellSysutil warning: cellSysutilGetSystemParamInt: CELL_SYSUTIL_SYSTEMPARAM_ID_LANG
[W : PPU[1] Thread (CPUThread)[0x00f97094]]: cellSysutil warning: cellSysutilGetSystemParamInt: CELL_SYSUTIL_SYSTEMPARAM_ID_ENTER_BUTTON_ASSIGN
[W : PPU[1] Thread (CPUThread)[0x00f9d124]]: cellGcmSys warning: cellGcmInitDefaultFifoMode(mode=2)
[W : PPU[1] Thread (CPUThread)[0x00f9d010]]: cellGcmSys warning: cellGcmInit(context_addr=0xf4a760,cmdSize=0x400000,ioSize=0x6e00000,ioAddress=0x30200000)
[W : PPU[1] Thread (CPUThread)[0x00f9d010]]: cellGcmSys warning: *** local memory(addr=0xc0000000, size=0xf900000)
[W : PPU[1] Thread (CPUThread)[0x00f9d010]]: cellGcmSys warning: cellGcmMapEaIoAddress(ea=0x30200000, io=0x0, size=0x6e00000)
[! : RSXThread]: RSX thread entry
[W : PPU[1] Thread (CPUThread)[0x00f9d070]]: cellGcmSys warning: cellGcmSetSecondVFrequency(level=2)
[W : PPU[1] Thread (CPUThread)[0x00f9d0d0]]: cellGcmSys warning: cellGcmSetFlipHandler(handler_addr=5692952)
[E : PPU[1] Thread (CPUThread)[0x00f9d100]]: cellGcmSys error: Unimplemented function: cellGcmSetVBlankHandler
[W : PPU[1] Thread (CPUThread)[0x00f9d064]]: cellGcmSys warning: cellGcmSetFlipMode(mode=1)
[W : PPU[1] Thread (CPUThread)[0x00f95034]]: *** cellFsOpen(path="/dev_bdvd/PS3_GAME/USRDIR/data/common/materials/a46b2416e6e40ba"): fd = 16
[W : PPU[1] Thread (CPUThread)[0x00f95010]]: sys_fs warning: cellFsClose(fd=16)
[W : PPU[1] Thread (CPUThread)[0x00f95034]]: *** cellFsOpen(path="/dev_bdvd/PS3_GAME/USRDIR/data/common/shaders/c5c1fe43105cf16d"): fd = 17
[W : PPU[1] Thread (CPUThread)[0x00f95010]]: sys_fs warning: cellFsClose(fd=17)
[W : PPU[1] Thread (CPUThread)[0x00f95034]]: *** cellFsOpen(path="/dev_bdvd/PS3_GAME/USRDIR/data/common/shaders/c5c1fe43105ce16d"): fd = 18
[W : PPU[1] Thread (CPUThread)[0x00f95010]]: sys_fs warning: cellFsClose(fd=18)
[W : PPU[1] Thread (CPUThread)[0x00f95034]]: *** cellFsOpen(path="/dev_bdvd/PS3_GAME/USRDIR/data/common/textures/84b9a06506af66fe"): fd = 19
[W : PPU[1] Thread (CPUThread)[0x00f95010]]: sys_fs warning: cellFsClose(fd=19)
[W : PPU[1] Thread (CPUThread)[0x00f95034]]: *** cellFsOpen(path="/dev_bdvd/PS3_GAME/USRDIR/data/common/materials/ada5f2b8a263da2"): fd = 20
[W : PPU[1] Thread (CPUThread)[0x00f95010]]: sys_fs warning: cellFsClose(fd=20)
[W : PPU[1] Thread (CPUThread)[0x00f95034]]: *** cellFsOpen(path="/dev_bdvd/PS3_GAME/USRDIR/data/common/shaders/7e2992afb3b11cd3"): fd = 21
[W : PPU[1] Thread (CPUThread)[0x00f95010]]: sys_fs warning: cellFsClose(fd=21)
[W : PPU[1] Thread (CPUThread)[0x00f95034]]: *** cellFsOpen(path="/dev_bdvd/PS3_GAME/USRDIR/data/common/shaders/7e2992afb3b10cd3"): fd = 22
[W : PPU[1] Thread (CPUThread)[0x00f95010]]: sys_fs warning: cellFsClose(fd=22)
[W : PPU[1] Thread (CPUThread)[0x00f95034]]: *** cellFsOpen(path="/dev_bdvd/PS3_GAME/USRDIR/data/common/materials/23692cecb0fdae4"): fd = 23
[W : PPU[1] Thread (CPUThread)[0x00f95010]]: sys_fs warning: cellFsClose(fd=23)
[W : PPU[1] Thread (CPUThread)[0x00f95034]]: *** cellFsOpen(path="/dev_bdvd/PS3_GAME/USRDIR/data/common/shaders/2ac6c2dfe8d87041"): fd = 24
[W : PPU[1] Thread (CPUThread)[0x00f95010]]: sys_fs warning: cellFsClose(fd=24)
[W : PPU[1] Thread (CPUThread)[0x00f95034]]: *** cellFsOpen(path="/dev_bdvd/PS3_GAME/USRDIR/data/common/shaders/2ac6c2dfe8d86041"): fd = 25
[W : PPU[1] Thread (CPUThread)[0x00f95010]]: sys_fs warning: cellFsClose(fd=25)
[W : PPU[1] Thread (CPUThread)[0x00f97064]]: cellSysutil warning: cellVideoOutGetResolutionAvailability(videoOut=0, resolutionId=0x1, option_addr=0x2, aspect=0x0, option=0x98436410)
[W : PPU[1] Thread (CPUThread)[0x00f9d004]]: cellGcmSys warning: cellGcmGetTiledPitchSize(size=7680)
[W : PPU[1] Thread (CPUThread)[0x00f97004]]: cellSysutil warning: cellVideoOutConfigure(videoOut=0, config_addr=0xd0020954, option_addr=0x0, waitForEvent=0x0)
[W : PPU[1] Thread (CPUThread)[0x00f9d004]]: cellGcmSys warning: cellGcmGetTiledPitchSize(size=7680)
[W : PPU[1] Thread (CPUThread)[0x00f9d118]]: cellGcmSys warning: cellGcmSetTileInfo(index=0, location=0, offset=720896, size=25100288, pitch=7680, comp=0, base=0, bank=0)
[W : PPU[1] Thread (CPUThread)[0x00f9d058]]: cellGcmSys warning: cellGcmBindTile(index=0)
[W : PPU[1] Thread (CPUThread)[0x00f9d004]]: cellGcmSys warning: cellGcmGetTiledPitchSize(size=7680)
[W : PPU[1] Thread (CPUThread)[0x00f9d118]]: cellGcmSys warning: cellGcmSetTileInfo(index=1, location=0, offset=25886720, size=8388608, pitch=7680, comp=10, base=383, bank=1)
[E : PPU[1] Thread (CPUThread)[0x00f9d118]]: cellGcmSys error: cellGcmSetTileInfo: bad comp! (10)
[W : PPU[1] Thread (CPUThread)[0x00f9d058]]: cellGcmSys warning: cellGcmBindTile(index=1)
[W : PPU[1] Thread (CPUThread)[0x00f9d004]]: cellGcmSys warning: cellGcmGetTiledPitchSize(size=7680)
[W : PPU[1] Thread (CPUThread)[0x00f9d118]]: cellGcmSys warning: cellGcmSetTileInfo(index=2, location=0, offset=34340864, size=8388608, pitch=7680, comp=0, base=511, bank=0)
[W : PPU[1] Thread (CPUThread)[0x00f9d058]]: cellGcmSys warning: cellGcmBindTile(index=2)
[W : PPU[1] Thread (CPUThread)[0x00f9d004]]: cellGcmSys warning: cellGcmGetTiledPitchSize(size=3840)
[W : PPU[1] Thread (CPUThread)[0x00f9d118]]: cellGcmSys warning: cellGcmSetTileInfo(index=3, location=0, offset=42795008, size=4194304, pitch=3840, comp=0, base=639, bank=0)
[W : PPU[1] Thread (CPUThread)[0x00f9d058]]: cellGcmSys warning: cellGcmBindTile(index=3)
[W : PPU[1] Thread (CPUThread)[0x00f9d004]]: cellGcmSys warning: cellGcmGetTiledPitchSize(size=3840)
[W : PPU[1] Thread (CPUThread)[0x00f9d118]]: cellGcmSys warning: cellGcmSetTileInfo(index=4, location=1, offset=4521984, size=2228224, pitch=3840, comp=0, base=703, bank=0)
[W : PPU[1] Thread (CPUThread)[0x00f9d058]]: cellGcmSys warning: cellGcmBindTile(index=4)
[W : PPU[1] Thread (CPUThread)[0x00f9d004]]: cellGcmSys warning: cellGcmGetTiledPitchSize(size=1920)
[W : PPU[1] Thread (CPUThread)[0x00f9d118]]: cellGcmSys warning: cellGcmSetTileInfo(index=5, location=0, offset=47054848, size=1048576, pitch=1920, comp=0, base=737, bank=0)
[W : PPU[1] Thread (CPUThread)[0x00f9d058]]: cellGcmSys warning: cellGcmBindTile(index=5)
[W : PPU[1] Thread (CPUThread)[0x00f9d004]]: cellGcmSys warning: cellGcmGetTiledPitchSize(size=1920)
[W : PPU[1] Thread (CPUThread)[0x00f9d118]]: cellGcmSys warning: cellGcmSetTileInfo(index=6, location=1, offset=6815744, size=1114112, pitch=1920, comp=0, base=753, bank=0)
[W : PPU[1] Thread (CPUThread)[0x00f9d058]]: cellGcmSys warning: cellGcmBindTile(index=6)
[W : PPU[1] Thread (CPUThread)[0x00f9d004]]: cellGcmSys warning: cellGcmGetTiledPitchSize(size=1280)
[W : PPU[1] Thread (CPUThread)[0x00f9d118]]: cellGcmSys warning: cellGcmSetTileInfo(index=7, location=0, offset=48168960, size=458752, pitch=1280, comp=10, base=770, bank=1)
[E : PPU[1] Thread (CPUThread)[0x00f9d118]]: cellGcmSys error: cellGcmSetTileInfo: bad comp! (10)
[W : PPU[1] Thread (CPUThread)[0x00f9d058]]: cellGcmSys warning: cellGcmBindTile(index=7)
[W : PPU[1] Thread (CPUThread)[0x00f9d004]]: cellGcmSys warning: cellGcmGetTiledPitchSize(size=1280)
[W : PPU[1] Thread (CPUThread)[0x00f9d118]]: cellGcmSys warning: cellGcmSetTileInfo(index=8, location=0, offset=48693248, size=1638400, pitch=1280, comp=7, base=777, bank=0)
[E : PPU[1] Thread (CPUThread)[0x00f9d118]]: cellGcmSys error: cellGcmSetTileInfo: bad comp! (7)
[W : PPU[1] Thread (CPUThread)[0x00f9d058]]: cellGcmSys warning: cellGcmBindTile(index=8)
[W : PPU[1] Thread (CPUThread)[0x00f9d004]]: cellGcmSys warning: cellGcmGetTiledPitchSize(size=640)
[W : PPU[1] Thread (CPUThread)[0x00f9d118]]: cellGcmSys warning: cellGcmSetTileInfo(index=9, location=0, offset=50397184, size=262144, pitch=640, comp=0, base=802, bank=0)
[W : PPU[1] Thread (CPUThread)[0x00f9d058]]: cellGcmSys warning: cellGcmBindTile(index=9)
[W : PPU[1] Thread (CPUThread)[0x00f9d004]]: cellGcmSys warning: cellGcmGetTiledPitchSize(size=960)
[W : PPU[1] Thread (CPUThread)[0x00f9d118]]: cellGcmSys warning: cellGcmSetTileInfo(index=10, location=0, offset=50724864, size=327680, pitch=960, comp=7, base=806, bank=0)
[W : PPU[1] Thread (CPUThread)[0x00f9d058]]: cellGcmSys warning: cellGcmBindTile(index=10)
[W : PPU[1] Thread (CPUThread)[0x00f9d004]]: cellGcmSys warning: cellGcmGetTiledPitchSize(size=7680)
[W : PPU[1] Thread (CPUThread)[0x00f9d118]]: cellGcmSys warning: cellGcmSetTileInfo(index=11, location=0, offset=51118080, size=25100288, pitch=7680, comp=0, base=811, bank=0)
[W : PPU[1] Thread (CPUThread)[0x00f9d058]]: cellGcmSys warning: cellGcmBindTile(index=11)
[W : PPU[1] Thread (CPUThread)[0x00f9d004]]: cellGcmSys warning: cellGcmGetTiledPitchSize(size=7680)
[W : PPU[1] Thread (CPUThread)[0x00f9d0dc]]: cellGcmSys warning: cellGcmSetDisplayBuffer(id=0x0,offset=0xb0000,pitch=4,width=1920,height=1080)
[W : PPU[1] Thread (CPUThread)[0x00f9d004]]: cellGcmSys warning: cellGcmGetTiledPitchSize(size=7680)
[W : PPU[1] Thread (CPUThread)[0x00f9d0dc]]: cellGcmSys warning: cellGcmSetDisplayBuffer(id=0x1,offset=0x899000,pitch=4,width=1920,height=1080)
[W : PPU[1] Thread (CPUThread)[0x00f9d004]]: cellGcmSys warning: cellGcmGetTiledPitchSize(size=7680)
[W : PPU[1] Thread (CPUThread)[0x00f9d004]]: cellGcmSys warning: cellGcmGetTiledPitchSize(size=3840)
[W : PPU[1] Thread (CPUThread)[0x00f9d004]]: cellGcmSys warning: cellGcmGetTiledPitchSize(size=3840)
[W : PPU[1] Thread (CPUThread)[0x00f9d004]]: cellGcmSys warning: cellGcmGetTiledPitchSize(size=3840)
[W : PPU[1] Thread (CPUThread)[0x00f9d004]]: cellGcmSys warning: cellGcmGetTiledPitchSize(size=1920)
[W : PPU[1] Thread (CPUThread)[0x00f9d004]]: cellGcmSys warning: cellGcmGetTiledPitchSize(size=1920)
[W : PPU[1] Thread (CPUThread)[0x00f9d004]]: cellGcmSys warning: cellGcmGetTiledPitchSize(size=1920)
[W : PPU[1] Thread (CPUThread)[0x00f9d004]]: cellGcmSys warning: cellGcmGetTiledPitchSize(size=1280)
[W : PPU[1] Thread (CPUThread)[0x00f9d0b8]]: cellGcmSys warning: TODO: cellGcmBindZcull(index=0)
[W : PPU[1] Thread (CPUThread)[0x00f9d004]]: cellGcmSys warning: cellGcmGetTiledPitchSize(size=1280)
[W : PPU[1] Thread (CPUThread)[0x00f9d004]]: cellGcmSys warning: cellGcmGetTiledPitchSize(size=1280)
[W : PPU[1] Thread (CPUThread)[0x00f9d004]]: cellGcmSys warning: cellGcmGetTiledPitchSize(size=1280)
[W : PPU[1] Thread (CPUThread)[0x00f9d004]]: cellGcmSys warning: cellGcmGetTiledPitchSize(size=1280)
[W : PPU[1] Thread (CPUThread)[0x00f9d004]]: cellGcmSys warning: cellGcmGetTiledPitchSize(size=640)
[W : PPU[1] Thread (CPUThread)[0x00f9d004]]: cellGcmSys warning: cellGcmGetTiledPitchSize(size=640)
[W : PPU[1] Thread (CPUThread)[0x00f9d004]]: cellGcmSys warning: cellGcmGetTiledPitchSize(size=7680)
[W : PPU[1] Thread (CPUThread)[0x00f9d0b8]]: cellGcmSys warning: TODO: cellGcmBindZcull(index=1)
[W : PPU[1] Thread (CPUThread)[0x00f9d064]]: cellGcmSys warning: cellGcmSetFlipMode(mode=1)
[E : PPU[2] Thread (Callback)[0x00f9d088]]: TODO: cellGcmGetLastFlipTime
[E : PPU[2] Thread (Callback)[0x00f9d034]]: TODO: cellGcmGetLastSecondVTime
[W : PPU[1] Thread (CPUThread)[0x00f95034]]: *** cellFsOpen(path="/dev_bdvd/PS3_GAME/USRDIR/data/common/materials/cb3a94530f17e8d2"): fd = 26
[W : PPU[1] Thread (CPUThread)[0x00f95010]]: sys_fs warning: cellFsClose(fd=26)
[W : PPU[1] Thread (CPUThread)[0x00f95034]]: *** cellFsOpen(path="/dev_bdvd/PS3_GAME/USRDIR/data/common/shaders/7fee772e3bc83319"): fd = 27
[W : PPU[1] Thread (CPUThread)[0x00f95010]]: sys_fs warning: cellFsClose(fd=27)
[W : PPU[1] Thread (CPUThread)[0x00f95034]]: *** cellFsOpen(path="/dev_bdvd/PS3_GAME/USRDIR/data/common/shaders/7fee772e3bc82319"): fd = 28
[W : PPU[1] Thread (CPUThread)[0x00f95010]]: sys_fs warning: cellFsClose(fd=28)
[W : PPU[1] Thread (CPUThread)[0x00f95034]]: *** cellFsOpen(path="/dev_bdvd/PS3_GAME/USRDIR/data/common/materials/38076570108c7812"): fd = 29
[W : PPU[1] Thread (CPUThread)[0x00f95010]]: sys_fs warning: cellFsClose(fd=29)
[W : PPU[1] Thread (CPUThread)[0x00f95034]]: *** cellFsOpen(path="/dev_bdvd/PS3_GAME/USRDIR/data/common/shaders/c86f6ff8e0e7891d"): fd = 30
[W : PPU[1] Thread (CPUThread)[0x00f95010]]: sys_fs warning: cellFsClose(fd=30)
[W : PPU[1] Thread (CPUThread)[0x00f95034]]: *** cellFsOpen(path="/dev_bdvd/PS3_GAME/USRDIR/data/common/shaders/c86f6ff8e0e7991d"): fd = 31
[W : PPU[1] Thread (CPUThread)[0x00f95010]]: sys_fs warning: cellFsClose(fd=31)
[W : PPU[1] Thread (CPUThread)[0x00f95034]]: *** cellFsOpen(path="/dev_bdvd/PS3_GAME/USRDIR/data/common/materials/a4c1cd3a6d228c17"): fd = 32
[W : PPU[1] Thread (CPUThread)[0x00f95010]]: sys_fs warning: cellFsClose(fd=32)
[W : PPU[1] Thread (CPUThread)[0x00f95034]]: *** cellFsOpen(path="/dev_bdvd/PS3_GAME/USRDIR/data/common/shaders/d02f44c85f0b1c3f"): fd = 33
[W : PPU[1] Thread (CPUThread)[0x00f95010]]: sys_fs warning: cellFsClose(fd=33)
[W : PPU[1] Thread (CPUThread)[0x00f95034]]: *** cellFsOpen(path="/dev_bdvd/PS3_GAME/USRDIR/data/common/shaders/d02f44c85f0b0c3f"): fd = 34
[W : PPU[1] Thread (CPUThread)[0x00f95010]]: sys_fs warning: cellFsClose(fd=34)
[W : PPU[1] Thread (CPUThread)[0x00f95034]]: *** cellFsOpen(path="/dev_bdvd/PS3_GAME/USRDIR/data/common/materials/9702b42e6d525580"): fd = 35
[W : PPU[1] Thread (CPUThread)[0x00f95010]]: sys_fs warning: cellFsClose(fd=35)
[W : PPU[1] Thread (CPUThread)[0x00f95034]]: *** cellFsOpen(path="/dev_bdvd/PS3_GAME/USRDIR/data/common/shaders/44ba3456e7957a5"): fd = 36
[W : PPU[1] Thread (CPUThread)[0x00f95010]]: sys_fs warning: cellFsClose(fd=36)
[W : PPU[1] Thread (CPUThread)[0x00f95034]]: *** cellFsOpen(path="/dev_bdvd/PS3_GAME/USRDIR/data/common/shaders/44ba3456e7947a5"): fd = 37
[W : PPU[1] Thread (CPUThread)[0x00f95010]]: sys_fs warning: cellFsClose(fd=37)
[W : PPU[1] Thread (CPUThread)[0x00f95034]]: *** cellFsOpen(path="/dev_bdvd/PS3_GAME/USRDIR/data/common/materials/d51e7a8385ce48ef"): fd = 38
[W : PPU[1] Thread (CPUThread)[0x00f95010]]: sys_fs warning: cellFsClose(fd=38)
[W : PPU[1] Thread (CPUThread)[0x00f95034]]: *** cellFsOpen(path="/dev_bdvd/PS3_GAME/USRDIR/data/common/shaders/355e65d76528786b"): fd = 39
[W : PPU[1] Thread (CPUThread)[0x00f95010]]: sys_fs warning: cellFsClose(fd=39)
[W : PPU[1] Thread (CPUThread)[0x00f95034]]: *** cellFsOpen(path="/dev_bdvd/PS3_GAME/USRDIR/data/common/shaders/355e65d76528686b"): fd = 40
[W : PPU[1] Thread (CPUThread)[0x00f95010]]: sys_fs warning: cellFsClose(fd=40)
[W : PPU[1] Thread (CPUThread)[0x00f95034]]: *** cellFsOpen(path="/dev_bdvd/PS3_GAME/USRDIR/data/common/materials/6e265f5534be8a87"): fd = 41
[W : PPU[1] Thread (CPUThread)[0x00f95010]]: sys_fs warning: cellFsClose(fd=41)
[W : PPU[1] Thread (CPUThread)[0x00f95034]]: *** cellFsOpen(path="/dev_bdvd/PS3_GAME/USRDIR/data/common/shaders/f032fb962884555"): fd = 42
[W : PPU[1] Thread (CPUThread)[0x00f95010]]: sys_fs warning: cellFsClose(fd=42)
[W : PPU[1] Thread (CPUThread)[0x00f95034]]: *** cellFsOpen(path="/dev_bdvd/PS3_GAME/USRDIR/data/common/shaders/f032fb962885555"): fd = 43
[W : PPU[1] Thread (CPUThread)[0x00f95010]]: sys_fs warning: cellFsClose(fd=43)
[W : PPU[1] Thread (CPUThread)[0x00f95034]]: *** cellFsOpen(path="/dev_bdvd/PS3_GAME/USRDIR/data/common/materials/333ea63ac19c6c27"): fd = 44
[W : PPU[1] Thread (CPUThread)[0x00f95010]]: sys_fs warning: cellFsClose(fd=44)
[W : PPU[1] Thread (CPUThread)[0x00f95034]]: *** cellFsOpen(path="/dev_bdvd/PS3_GAME/USRDIR/data/common/shaders/7502bb4c80a0efbf"): fd = 45
[W : PPU[1] Thread (CPUThread)[0x00f95010]]: sys_fs warning: cellFsClose(fd=45)
[W : PPU[1] Thread (CPUThread)[0x00f95034]]: *** cellFsOpen(path="/dev_bdvd/PS3_GAME/USRDIR/data/common/shaders/7502bb4c80a0ffbf"): fd = 46
[W : PPU[1] Thread (CPUThread)[0x00f95010]]: sys_fs warning: cellFsClose(fd=46)
[W : PPU[1] Thread (CPUThread)[0x00f95034]]: *** cellFsOpen(path="/dev_bdvd/PS3_GAME/USRDIR/data/common/materials/4bb7edfecbf27935"): fd = 47
[W : PPU[1] Thread (CPUThread)[0x00f95010]]: sys_fs warning: cellFsClose(fd=47)
[W : PPU[1] Thread (CPUThread)[0x00f95034]]: *** cellFsOpen(path="/dev_bdvd/PS3_GAME/USRDIR/data/common/shaders/4da67cc7209e7cdd"): fd = 48
[W : PPU[1] Thread (CPUThread)[0x00f95010]]: sys_fs warning: cellFsClose(fd=48)
[W : PPU[1] Thread (CPUThread)[0x00f95034]]: *** cellFsOpen(path="/dev_bdvd/PS3_GAME/USRDIR/data/common/shaders/4da67cc7209e6cdd"): fd = 49
[W : PPU[1] Thread (CPUThread)[0x00f95010]]: sys_fs warning: cellFsClose(fd=49)
[W : PPU[1] Thread (CPUThread)[0x00f95034]]: *** cellFsOpen(path="/dev_bdvd/PS3_GAME/USRDIR/data/common/materials/54b7edfecbf27935"): fd = 50
[W : PPU[1] Thread (CPUThread)[0x00f95010]]: sys_fs warning: cellFsClose(fd=50)
[W : PPU[1] Thread (CPUThread)[0x00f95034]]: *** cellFsOpen(path="/dev_bdvd/PS3_GAME/USRDIR/data/common/shaders/b54cef9cef896fdd"): fd = 51
[W : PPU[1] Thread (CPUThread)[0x00f95010]]: sys_fs warning: cellFsClose(fd=51)
[W : PPU[1] Thread (CPUThread)[0x00f95034]]: *** cellFsOpen(path="/dev_bdvd/PS3_GAME/USRDIR/data/common/shaders/b54cef9cef897fdd"): fd = 52
[W : PPU[1] Thread (CPUThread)[0x00f95010]]: sys_fs warning: cellFsClose(fd=52)
[W : PPU[1] Thread (CPUThread)[0x00f95034]]: *** cellFsOpen(path="/dev_bdvd/PS3_GAME/USRDIR/data/common/materials/7d430902272e4384"): fd = 53
[W : PPU[1] Thread (CPUThread)[0x00f95010]]: sys_fs warning: cellFsClose(fd=53)
[W : PPU[1] Thread (CPUThread)[0x00f95034]]: *** cellFsOpen(path="/dev_bdvd/PS3_GAME/USRDIR/data/common/shaders/676caa0555de811d"): fd = 54
[W : PPU[1] Thread (CPUThread)[0x00f95010]]: sys_fs warning: cellFsClose(fd=54)
[W : PPU[1] Thread (CPUThread)[0x00f95034]]: *** cellFsOpen(path="/dev_bdvd/PS3_GAME/USRDIR/data/common/shaders/676caa0555de911d"): fd = 55
[W : PPU[1] Thread (CPUThread)[0x00f95010]]: sys_fs warning: cellFsClose(fd=55)
[W : PPU[1] Thread (CPUThread)[0x00f95034]]: *** cellFsOpen(path="/dev_bdvd/PS3_GAME/USRDIR/data/gos/packfiles/English/game.bin"): fd = 57
[W : PPU[1] Thread (CPUThread)[0x00f95010]]: sys_fs warning: cellFsClose(fd=57)
[W : PPU[1] Thread (CPUThread)[0x00f95034]]: *** cellFsOpen(path="/dev_bdvd/PS3_GAME/USRDIR/data/gos/packfiles/English/game.bin"): fd = 58
[W : PPU[1] Thread (CPUThread)[0x00f95010]]: sys_fs warning: cellFsClose(fd=58)
[W : PPU[1] Thread (CPUThread)[0x00f99010]]: cellSysmodule warning: cellSysmoduleLoadModule(CELL_SYSMODULE_AUDIO)
[W : PPU[1] Thread (CPUThread)[0x00f99010]]: cellSysmodule warning: cellSysmoduleLoadModule(CELL_SYSMODULE_FS)
[E : PPU[1] Thread (CPUThread)[0x00f93040]]: TODO: cellSpursGetInfo
[W : PPU[1] Thread (CPUThread)[0x00f99010]]: cellSysmodule warning: cellSysmoduleLoadModule(CELL_SYSMODULE_AUDIO)
[! : RSXThread]: RSX thread exit...
[W : PPU[1] Thread (CPUThread)[0x00fa7004]]: (hack) sys_lwmutex_t::(try)lock aborted (waiting for recursive attribute, attr=0x0)
[!]: Closing memory...
