[!]: Loading 'D:\Emulateur\Rpcs3\dev_hdd0\game\BCES00006-[MotorStorm_]\PS3_GAME\USRDIR\BOOT.BIN'...
[!]: Mount info:
[!]: / -> D:\Emulateur\Rpcs3\dev_hdd0\game\BCES00006-[MotorStorm_]\PS3_GAME\
[!]: /dev_usb/ -> D:\Emulateur\Rpcs3\dev_usb000\
[!]: /dev_hdd1/ -> D:\Emulateur\Rpcs3\dev_hdd1\
[!]: /dev_hdd0/ -> D:\Emulateur\Rpcs3\dev_hdd0\
[!]: /app_home/ -> D:\Emulateur\Rpcs3\dev_hdd0\game\BCES00006-[MotorStorm_]\PS3_GAME\
[!]: /dev_bdvd/ -> D:\Emulateur\Rpcs3\dev_hdd0\game\BCES00006-[MotorStorm_]\PS3_GAME\\..\
[!]: /dev_flash/ -> D:\Emulateur\Rpcs3\dev_flash\
[!]: /host_root/ -> 
[!]: /dev_usb000/ -> D:\Emulateur\Rpcs3\dev_usb000\
[!]: Initing memory...
[!]: Memory initialized.
[W]: Unknown function 0x52cc6c82 in 'cellSpurs' module
[E]: TODO: cellSpursCreateTaskset
[W]: Unknown function 0x9f72add3 in 'cellSpurs' module
[E]: TODO: cellSpursJoinTaskset
[W]: Unknown function 0xa789e631 in 'cellSpurs' module
[E]: TODO: cellSpursShutdownTaskset
[W]: Unknown function 0xbeb600ac in 'cellSpurs' module
[E]: TODO: cellSpursCreateTask
[W]: Unknown function 0xca4c4600 in 'cellSpurs' module
[E]: TODO: cellSpursFinalize
[W]: Unknown function 0x182d9890 in 'cellSpurs' module
[E]: TODO: cellSpursRequestIdleSpu
[W]: Unknown function 0x1f402f8f in 'cellSpurs' module
[E]: TODO: cellSpursGetInfo
[W]: Unknown function 0x22aab31d in 'cellSpurs' module
[E]: TODO: cellSpursEventFlagDetachLv2EventQueue
[W]: Unknown function 0x373523d4 in 'cellSpurs' module
[E]: TODO: cellSpursEventFlagWait
[W]: Unknown function 0x4a5eab63 in 'cellSpurs' module
[E]: TODO: cellSpursWorkloadAttributeSetName
[W]: Unknown function 0x4e66d483 in 'cellSpurs' module
[E]: TODO: cellSpursDetachLv2EventQueue
[W]: Unknown function 0x57e4dec3 in 'cellSpurs' module
[E]: TODO: cellSpursRemoveWorkload
[W]: Unknown function 0x5ef96465 in 'cellSpurs' module
[E]: TODO: _cellSpursEventFlagInitialize
[W]: Unknown function 0x5fd43fe4 in 'cellSpurs' module
[E]: TODO: cellSpursWaitForWorkloadShutdown
[W]: Unknown function 0x80a29e27 in 'cellSpurs' module
[E]: TODO: cellSpursSetPriorities
[W]: Unknown function 0x87630976 in 'cellSpurs' module
[E]: TODO: cellSpursEventFlagAttachLv2EventQueue
[W]: Unknown function 0x98d5b343 in 'cellSpurs' module
[E]: TODO: cellSpursShutdownWorkload
[W]: Unknown function 0xacfc8dbc in 'cellSpurs' module
[E]: TODO: cellSpursInitialize
[W]: Unknown function 0xb9bc6207 in 'cellSpurs' module
[E]: TODO: cellSpursAttachLv2EventQueue
[W]: Unknown function 0xc0158d8b in 'cellSpurs' module
[E]: TODO: cellSpursAddWorkloadWithAttribute
[W]: Unknown function 0xd2e23fa9 in 'cellSpurs' module
[E]: TODO: cellSpursSetExceptionEventHandler
[W]: Unknown function 0xe0a6dbe4 in 'cellSpurs' module
[E]: TODO: _cellSpursSendSignal
[W]: Unknown function 0xefeb2679 in 'cellSpurs' module
[E]: TODO: _cellSpursWorkloadAttributeInitialize
[W]: Unknown function 0xf843818d in 'cellSpurs' module
[E]: TODO: cellSpursReadyCountStore
[W]: Unknown function 0x3d1e1931 in 'cellSysutil' module
[E]: TODO: cellOskDialogUnloadAsync
[W]: Unknown function 0x62b0f803 in 'cellSysutil' module
[E]: TODO: cellMsgDialogAbort
[W]: Unknown function 0x7fcfc915 in 'cellSysutil' module
[E]: TODO: cellOskDialogLoadAsync
[W]: Unknown function 0x8b7ed64b in 'cellSysutil' module
[E]: TODO: cellSaveDataAutoSave2
[W]: Unknown function 0xedadd797 in 'cellSysutil' module
[E]: TODO: cellSaveDataDelete2
[W]: Unknown function 0xf81eca25 in 'cellSysutil' module
[E]: TODO: cellMsgDialogOpen
[W]: Unknown function 0xfbd5c856 in 'cellSysutil' module
[E]: TODO: cellSaveDataAutoLoad2
[W]: Unknown function 0xb6d84526 in 'cellSysutil' module
[E]: TODO: cellOskDialogAbort
[W]: Unknown function 0xb72bc4e6 in 'cellSysutil' module
[E]: TODO: cellDiscGameGetBootDiscInfo
[W]: Unknown function 0xc9645c41 in 'cellSysutil' module
[E]: TODO: cellGameDataCheckCreate2
[W]: Unknown function 0x0968aa36 in 'sceNp' module
[E]: TODO: sceNpManagerGetTicket
[W]: Unknown function 0x168a3117 in 'sceNp' module
[E]: TODO: sceNpBasicAddPlayersHistory
[W]: Unknown function 0x1a2704f7 in 'sceNp' module
[E]: TODO: sceNpScoreWaitAsync
[W]: Unknown function 0x21206642 in 'sceNp' module
[E]: TODO: sceNpScoreGetRankingByRangeAsync
[W]: Unknown function 0x259113b8 in 'sceNp' module
[E]: TODO: sceNpScoreDestroyTitleCtx
[W]: Unknown function 0x27c69eba in 'sceNp' module
[E]: TODO: sceNpBasicAddFriend
[W]: Unknown function 0x32cf311f in 'sceNp' module
[E]: TODO: sceNpScoreInit
[W]: Unknown function 0x3db7914d in 'sceNp' module
[E]: TODO: sceNpScoreGetRankingByNpIdAsync
[W]: Unknown function 0x3f0808aa in 'sceNp' module
[E]: TODO: sceNpBasicSetPresence
[W]: Unknown function 0x43b989f5 in 'sceNp' module
[E]: TODO: sceNpBasicSendMessageAttachment
[W]: Unknown function 0x4885aa18 in 'sceNp' module
[E]: TODO: sceNpTerm
[W]: Unknown function 0x52a6b523 in 'sceNp' module
[E]: TODO: sceNpManagerUnregisterCallback
[W]: Unknown function 0x6ee62ed2 in 'sceNp' module
[E]: TODO: sceNpManagerGetContentRatingFlag
[W]: Unknown function 0x6f5e8143 in 'sceNp' module
[E]: TODO: sceNpScoreCreateTransactionCtx
[W]: Unknown function 0x73931bd0 in 'sceNp' module
[E]: TODO: sceNpBasicGetBlockListEntryCount
[W]: Unknown function 0x7e2fef28 in 'sceNp' module
[E]: TODO: sceNpManagerRequestTicket
[W]: Unknown function 0x9851f805 in 'sceNp' module
[E]: TODO: sceNpScoreTerm
[W]: Unknown function 0xa7a090e5 in 'sceNp' module
[E]: TODO: sceNpScorePollAsync
[W]: Unknown function 0xa7bff757 in 'sceNp' module
[E]: TODO: sceNpManagerGetStatus
[W]: Unknown function 0xacb9ee8e in 'sceNp' module
[E]: TODO: sceNpBasicUnregisterHandler
[W]: Unknown function 0xad218faf in 'sceNp' module
[E]: TODO: sceNpDrmIsAvailable
[W]: Unknown function 0xb5cb2d56 in 'sceNp' module
[E]: TODO: sceNpBasicRecvMessageAttachment
[W]: Unknown function 0xb9f93bbb in 'sceNp' module
[E]: TODO: sceNpScoreCreateTitleCtx
[W]: Unknown function 0xbcc09fe7 in 'sceNp' module
[E]: TODO: sceNpBasicRegisterHandler
[W]: Unknown function 0xbd28fdbf in 'sceNp' module
[E]: TODO: sceNpInit
[W]: Unknown function 0xc5f4cf82 in 'sceNp' module
[E]: TODO: sceNpScoreDestroyTransactionCtx
[W]: Unknown function 0xd208f91d in 'sceNp' module
[E]: TODO: sceNpUtilCmpNpId
[W]: Unknown function 0xdb2e4dc2 in 'sceNp' module
[E]: TODO: sceNpScoreGetGameDataAsync
[W]: Unknown function 0xe035f7d6 in 'sceNp' module
[E]: TODO: sceNpBasicGetEvent
[W]: Unknown function 0xe7dcd3b4 in 'sceNp' module
[E]: TODO: sceNpManagerRegisterCallback
[W]: Unknown function 0xeb7a3d84 in 'sceNp' module
[E]: TODO: sceNpManagerGetChatRestrictionFlag
[W]: Unknown function 0xec0a1fbf in 'sceNp' module
[E]: TODO: sceNpBasicSendMessage
[W]: Unknown function 0xee5b20d9 in 'sceNp' module
[E]: TODO: sceNpScoreAbortTransaction
[W]: Unknown function 0xf0b1e399 in 'sceNp' module
[E]: TODO: sceNpScoreRecordScoreAsync
[W]: Unknown function 0xf2b3338a in 'sceNp' module
[E]: TODO: sceNpBasicGetBlockListEntry
[W]: Unknown function 0xf76847c2 in 'sceNp' module
[E]: TODO: sceNpScoreRecordGameDataAsync
[W]: Unknown function 0xfe37a7f4 in 'sceNp' module
[E]: TODO: sceNpManagerGetNpId
[W]: Unknown function 0x16698e83 in 'libvdec' module
[E]: TODO: cellVdecClose
[W]: Unknown function 0x17c702b9 in 'libvdec' module
[E]: TODO: cellVdecGetPicItem
[W]: Unknown function 0x2bf4ddd2 in 'libvdec' module
[E]: TODO: cellVdecDecodeAu
[W]: Unknown function 0x807c861a in 'libvdec' module
[E]: TODO: cellVdecGetPicture
[W]: Unknown function 0x824433f0 in 'libvdec' module
[E]: TODO: cellVdecEndSeq
[W]: Unknown function 0xb6bbcd5d in 'libvdec' module
[E]: TODO: cellVdecOpen
[W]: Unknown function 0xc757c2aa in 'libvdec' module
[E]: TODO: cellVdecStartSeq
[W]: Unknown function 0xff6f6ebe in 'libvdec' module
[E]: TODO: cellVdecQueryAttr
[W]: Unknown function 0x04459230 in 'cellNetCtl' module
[E]: TODO: cellNetCtlNetStartDialogLoadAsync
[W]: Unknown function 0x0f1f13d3 in 'cellNetCtl' module
[E]: TODO: cellNetCtlNetStartDialogUnloadAsync
[W]: Unknown function 0x105ee2cb in 'cellNetCtl' module
[E]: TODO: cellNetCtlTerm
[W]: Unknown function 0x1e585b5d in 'cellNetCtl' module
[E]: TODO: cellNetCtlGetInfo
[W]: Unknown function 0x8b3eba69 in 'cellNetCtl' module
[E]: TODO: cellNetCtlGetState
[W]: Unknown function 0xbd5a59fc in 'cellNetCtl' module
[E]: TODO: cellNetCtlInit
[W]: Unknown function 0x051ee3ee in 'sys_net' module
[E]: TODO: socketpoll
[W]: Unknown function 0x139a9e9b in 'sys_net' module
[E]: TODO: sys_net_initialize_network_ex
[W]: Unknown function 0x13efe7f5 in 'sys_net' module
[E]: TODO: getsockname
[W]: Unknown function 0x1f953b9f in 'sys_net' module
[E]: TODO: recvfrom
[W]: Unknown function 0x28e208bb in 'sys_net' module
[E]: TODO: listen
[W]: Unknown function 0x3f09e20a in 'sys_net' module
[E]: TODO: socketselect
[W]: Unknown function 0x5a045bd1 in 'sys_net' module
[E]: TODO: getsockopt
[W]: Unknown function 0x6005cde1 in 'sys_net' module
[E]: TODO: _sys_net_errno_loc
[W]: Unknown function 0x64f66d35 in 'sys_net' module
[E]: TODO: connect
[W]: Unknown function 0x6db6e8cd in 'sys_net' module
[E]: TODO: socketclose
[W]: Unknown function 0x71f4c717 in 'sys_net' module
[E]: TODO: gethostbyname
[W]: Unknown function 0x858a930b in 'sys_net' module
[E]: TODO: inet_ntoa
[W]: Unknown function 0x88f03575 in 'sys_net' module
[E]: TODO: setsockopt
[W]: Unknown function 0x9647570b in 'sys_net' module
[E]: TODO: sendto
[W]: Unknown function 0x9c056962 in 'sys_net' module
[E]: TODO: socket
[W]: Unknown function 0xa50777c6 in 'sys_net' module
[E]: TODO: shutdown
[W]: Unknown function 0xa9a079e0 in 'sys_net' module
[E]: TODO: inet_aton
[W]: Unknown function 0xb0a59804 in 'sys_net' module
[E]: TODO: bind
[W]: Unknown function 0xb48636c4 in 'sys_net' module
[E]: TODO: sys_net_show_ifconfig
[W]: Unknown function 0xb68d5625 in 'sys_net' module
[E]: TODO: sys_net_finalize_network
[W]: Unknown function 0xc94f6939 in 'sys_net' module
[E]: TODO: accept
[W]: Unknown function 0xdabbc2c0 in 'sys_net' module
[E]: TODO: inet_addr
[W]: Unknown function 0xdc751b40 in 'sys_net' module
[E]: TODO: send
[W]: Unknown function 0xfba04f37 in 'sys_net' module
[E]: TODO: recv
[W]: Unknown function 0xfdb8f926 in 'sys_net' module
[E]: TODO: sys_net_free_thread_context
[W]: Unknown function 0xdbf4c59c in 'sys_io' module
[E]: Unknown func id: 0xdbf4c59c
[W]: Unknown function 0xbe5be3ba in 'sys_io' module
[E]: TODO: cellPadSetSensorMode
[W]: Unknown function 0xf83f8182 in 'sys_io' module
[E]: TODO: cellPadSetPressMode
[W]: Unknown function 0x0a862772 in 'cellGcmSys' module
[E]: TODO: cellGcmSetQueueHandler
[W]: Unknown function 0x25b40ab4 in 'cellGcmSys' module
[E]: TODO: cellGcmSortRemapEaIoAddress
[W]: Unknown function 0xacee8542 in 'cellGcmSys' module
[E]: TODO: cellGcmSetFlipImmediate
[W]: Unknown function 0xbd6d60d9 in 'cellGcmSys' module
[E]: TODO: cellGcmSetInvalidateTile
[W]: Unknown function 0xd01b570d in 'cellGcmSys' module
[E]: TODO: cellGcmSetGraphicsHandler
[W]: Unknown function 0x2ad091c6 in 'cellL10n' module
[E]: TODO: UCS2stoUTF8s
[W]: Unknown function 0xa9a76fb8 in 'cellL10n' module
[E]: TODO: UCS2toUTF8
[W]: Unknown function 0xfdbf6ac5 in 'cellL10n' module
[E]: TODO: UTF8stoUCS2s
[W]: Unknown function 0x07e1b12c in 'cellMic' module
[E]: TODO: cellMicRead
[W]: Unknown function 0x323deb41 in 'cellMic' module
[E]: TODO: cellMicSetSignalAttr
[W]: Unknown function 0x7903400e in 'cellMic' module
[E]: TODO: cellMicSetNotifyEventQueue
[W]: Unknown function 0x8325e02d in 'cellMic' module
[E]: TODO: cellMicInit
[W]: Unknown function 0x8d229f8e in 'cellMic' module
[E]: TODO: cellMicClose
[W]: Unknown function 0xc6328caa in 'cellMic' module
[E]: TODO: cellMicEnd
[W]: Unknown function 0xdd1b59f0 in 'cellMic' module
[E]: TODO: cellMicOpen
[W]: Unknown function 0xdd724314 in 'cellMic' module
[E]: TODO: cellMicStart
[W]: Unknown function 0x14bf2dc1 in 'cellKey2char' module
[E]: TODO: cellKey2CharClose
[W]: Unknown function 0x56776c0d in 'cellKey2char' module
[E]: TODO: cellKey2CharGetChar
[W]: Unknown function 0xabf629c1 in 'cellKey2char' module
[E]: TODO: cellKey2CharOpen
[W]: Unknown function 0xbfc03768 in 'cellKey2char' module
[E]: TODO: cellKey2CharSetMode
[W]: Unknown function 0x8a561d92 in 'sysPrxForUser' module
[E]: TODO: _sys_heap_free
[W]: Unknown function 0xaede4b03 in 'sysPrxForUser' module
[E]: TODO: _sys_heap_delete_heap
[! : PPU[1] Thread (CPUThread)[0x00013f70]]: PPU[1] Thread (CPUThread) enter
[W : PPU[1] Thread (CPUThread)[0x00f5301c]]: cellSysmodule warning: cellSysmoduleIsLoaded(CELL_SYSMODULE_IO)
[W : PPU[1] Thread (CPUThread)[0x00f53010]]: cellSysmodule warning: cellSysmoduleLoadModule(CELL_SYSMODULE_IO)
[W : PPU[1] Thread (CPUThread)[0x00f5301c]]: cellSysmodule warning: cellSysmoduleIsLoaded(CELL_SYSMODULE_GCM_SYS)
[W : PPU[1] Thread (CPUThread)[0x00f53010]]: cellSysmodule warning: cellSysmoduleLoadModule(CELL_SYSMODULE_GCM_SYS)
[W : PPU[1] Thread (CPUThread)[0x00f5301c]]: cellSysmodule warning: cellSysmoduleIsLoaded(CELL_SYSMODULE_FS)
[W : PPU[1] Thread (CPUThread)[0x00f53010]]: cellSysmodule warning: cellSysmoduleLoadModule(CELL_SYSMODULE_FS)
[W : PPU[1] Thread (CPUThread)[0x00f5301c]]: cellSysmodule warning: cellSysmoduleIsLoaded(CELL_SYSMODULE_RTC)
[W : PPU[1] Thread (CPUThread)[0x00f53010]]: cellSysmodule warning: cellSysmoduleLoadModule(CELL_SYSMODULE_RTC)
[W : PPU[1] Thread (CPUThread)[0x00f5301c]]: cellSysmodule warning: cellSysmoduleIsLoaded(CELL_SYSMODULE_SYSUTIL_NP)
[W : PPU[1] Thread (CPUThread)[0x00f53010]]: cellSysmodule warning: cellSysmoduleLoadModule(CELL_SYSMODULE_SYSUTIL_NP)
[W : PPU[1] Thread (CPUThread)[0x00f5301c]]: cellSysmodule warning: cellSysmoduleIsLoaded(CELL_SYSMODULE_VDEC)
[W : PPU[1] Thread (CPUThread)[0x00f53010]]: cellSysmodule warning: cellSysmoduleLoadModule(CELL_SYSMODULE_VDEC)
[W : PPU[1] Thread (CPUThread)[0x00f5301c]]: cellSysmodule warning: cellSysmoduleIsLoaded(CELL_SYSMODULE_NETCTL)
[W : PPU[1] Thread (CPUThread)[0x00f53010]]: cellSysmodule warning: cellSysmoduleLoadModule(CELL_SYSMODULE_NETCTL)
[W : PPU[1] Thread (CPUThread)[0x00f5301c]]: cellSysmodule warning: cellSysmoduleIsLoaded(CELL_SYSMODULE_NET)
[W : PPU[1] Thread (CPUThread)[0x00f53010]]: cellSysmodule warning: cellSysmoduleLoadModule(CELL_SYSMODULE_NET)
[W : PPU[1] Thread (CPUThread)[0x00f5301c]]: cellSysmodule warning: cellSysmoduleIsLoaded(CELL_SYSMODULE_HTTP)
[W : PPU[1] Thread (CPUThread)[0x00f53010]]: cellSysmodule warning: cellSysmoduleLoadModule(CELL_SYSMODULE_HTTP)
[W : PPU[1] Thread (CPUThread)[0x00f5301c]]: cellSysmodule warning: cellSysmoduleIsLoaded(CELL_SYSMODULE_USBD)
[W : PPU[1] Thread (CPUThread)[0x00f53010]]: cellSysmodule warning: cellSysmoduleLoadModule(CELL_SYSMODULE_USBD)
[W : PPU[1] Thread (CPUThread)[0x00f5301c]]: cellSysmodule warning: cellSysmoduleIsLoaded(CELL_SYSMODULE_ADEC)
[W : PPU[1] Thread (CPUThread)[0x00f53010]]: cellSysmodule warning: cellSysmoduleLoadModule(CELL_SYSMODULE_ADEC)
[W : PPU[1] Thread (CPUThread)[0x00f5301c]]: cellSysmodule warning: cellSysmoduleIsLoaded(CELL_SYSMODULE_L10N)
[W : PPU[1] Thread (CPUThread)[0x00f53010]]: cellSysmodule warning: cellSysmoduleLoadModule(CELL_SYSMODULE_L10N)
[W : PPU[1] Thread (CPUThread)[0x00f5301c]]: cellSysmodule warning: cellSysmoduleIsLoaded(CELL_SYSMODULE_AUDIO)
[W : PPU[1] Thread (CPUThread)[0x00f53010]]: cellSysmodule warning: cellSysmoduleLoadModule(CELL_SYSMODULE_AUDIO)
[W : PPU[1] Thread (CPUThread)[0x00f5301c]]: cellSysmodule warning: cellSysmoduleIsLoaded(CELL_SYSMODULE_MIC)
[W : PPU[1] Thread (CPUThread)[0x00f53010]]: cellSysmodule warning: cellSysmoduleLoadModule(CELL_SYSMODULE_MIC)
[W : PPU[1] Thread (CPUThread)[0x006f6218]]: sys_spu warning: sys_spu_initialize(max_usable_spu=6, max_raw_spu=0)
[W : PPU[1] Thread (CPUThread)[0x00d188d8]]: sys_mutex warning: sys_mutex_create(mutex_id_addr=0x102c6a10, attr_addr=0xd0020900)
[W : PPU[1] Thread (CPUThread)[0x00f53010]]: cellSysmodule warning: cellSysmoduleLoadModule(CELL_SYSMODULE_FS)
[E : PPU[1] Thread (CPUThread)[0x00ede0d0]]: TODO: cellSpursInitialize
[E : PPU[1] Thread (CPUThread)[0x00ede04c]]: TODO: cellSpursGetInfo
[E : PPU[1] Thread (CPUThread)[0x00ede10c]]: TODO: _cellSpursWorkloadAttributeInitialize
[E : PPU[1] Thread (CPUThread)[0x00ede070]]: TODO: cellSpursWorkloadAttributeSetName
[E : PPU[1] Thread (CPUThread)[0x00ede0e8]]: TODO: cellSpursAddWorkloadWithAttribute
[E : PPU[1] Thread (CPUThread)[0x00ede040]]: TODO: cellSpursRequestIdleSpu
[E : PPU[1] Thread (CPUThread)[0x00ede0f4]]: TODO: cellSpursSetExceptionEventHandler
[E : PPU[1] Thread (CPUThread)[0x00ede04c]]: TODO: cellSpursGetInfo
[E : PPU[1] Thread (CPUThread)[0x00ede10c]]: TODO: _cellSpursWorkloadAttributeInitialize
[E : PPU[1] Thread (CPUThread)[0x00ede070]]: TODO: cellSpursWorkloadAttributeSetName
[E : PPU[1] Thread (CPUThread)[0x00ede0e8]]: TODO: cellSpursAddWorkloadWithAttribute
[E : PPU[1] Thread (CPUThread)[0x00ede040]]: TODO: cellSpursRequestIdleSpu
[E : PPU[1] Thread (CPUThread)[0x00ede0f4]]: TODO: cellSpursSetExceptionEventHandler
[E : PPU[1] Thread (CPUThread)[0x00ede04c]]: TODO: cellSpursGetInfo
[E : PPU[1] Thread (CPUThread)[0x00ede10c]]: TODO: _cellSpursWorkloadAttributeInitialize
[E : PPU[1] Thread (CPUThread)[0x00ede070]]: TODO: cellSpursWorkloadAttributeSetName
[E : PPU[1] Thread (CPUThread)[0x00ede0e8]]: TODO: cellSpursAddWorkloadWithAttribute
[E : PPU[1] Thread (CPUThread)[0x00ede040]]: TODO: cellSpursRequestIdleSpu
[E : PPU[1] Thread (CPUThread)[0x00ede0f4]]: TODO: cellSpursSetExceptionEventHandler
[E : PPU[1] Thread (CPUThread)[0x00ede04c]]: TODO: cellSpursGetInfo
[E : PPU[1] Thread (CPUThread)[0x00ede10c]]: TODO: _cellSpursWorkloadAttributeInitialize
[E : PPU[1] Thread (CPUThread)[0x00ede070]]: TODO: cellSpursWorkloadAttributeSetName
[E : PPU[1] Thread (CPUThread)[0x00ede0e8]]: TODO: cellSpursAddWorkloadWithAttribute
[E : PPU[1] Thread (CPUThread)[0x00ede040]]: TODO: cellSpursRequestIdleSpu
[E : PPU[1] Thread (CPUThread)[0x00ede0f4]]: TODO: cellSpursSetExceptionEventHandler
[W : PPU[1] Thread (CPUThread)[0x00f3d0c4]]: cellSysutil warning: cellVideoOutGetNumberOfDevice(videoOut=0)
[W : PPU[1] Thread (CPUThread)[0x00f3d0ac]]: cellSysutil warning: cellVideoOutGetDeviceInfo(videoOut=0, deviceIndex=0, info_addr=0x101dee28)
[W : PPU[1] Thread (CPUThread)[0x00f3d0e8]]: cellSysutil warning: cellVideoOutGetResolutionAvailability(videoOut=0, resolutionId=0x2, option_addr=0x2, aspect=0x0, option=0x6ea05a70)
[W : PPU[1] Thread (CPUThread)[0x00f3d13c]]: cellSysutil warning: cellAudioOutGetNumberOfDevice(videoOut=0)
[W : PPU[1] Thread (CPUThread)[0x00f3d148]]: cellSysutil warning: cellAudioOutGetState(audioOut=0x0,deviceIndex=0x0,state_addr=0xd00207a0)
[E : PPU[1] Thread (CPUThread)[0x00f3d0d0]]: cellSysutil error: Unimplemented function: cellAudioOutGetDeviceInfo(audioOut=0, deviceIndex=0, info_addr=0xd00207b4)
[W : PPU[1] Thread (CPUThread)[0x00f3d10c]]: cellSysutil warning: cellAudioOutGetSoundAvailability(audioOut=0,type=0,fs=4,option=0)
[W : PPU[1] Thread (CPUThread)[0x00f3d10c]]: cellSysutil warning: cellAudioOutGetSoundAvailability(audioOut=0,type=1,fs=4,option=0)
[W : PPU[1] Thread (CPUThread)[0x00f3d13c]]: cellSysutil warning: cellAudioOutGetNumberOfDevice(videoOut=0)
[W : PPU[1] Thread (CPUThread)[0x00f3d148]]: cellSysutil warning: cellAudioOutGetState(audioOut=0x0,deviceIndex=0x0,state_addr=0xd0020870)
[E : PPU[1] Thread (CPUThread)[0x00f3d0d0]]: cellSysutil error: Unimplemented function: cellAudioOutGetDeviceInfo(audioOut=0, deviceIndex=0, info_addr=0xd0020884)
[W : PPU[1] Thread (CPUThread)[0x00f3d0b8]]: cellSysutil warning: cellAudioOutConfigure(audioOut=0, config_addr=0xd0020860, option_addr=0xd0020850, waitForEvent=0x0)
[W : PPU[1] Thread (CPUThread)[0x00f3d148]]: cellSysutil warning: cellAudioOutGetState(audioOut=0x0,deviceIndex=0x0,state_addr=0x101deffc)
[W : PPU[1] Thread (CPUThread)[0x00f3d0c4]]: cellSysutil warning: cellVideoOutGetNumberOfDevice(videoOut=0)
[W : PPU[1] Thread (CPUThread)[0x00f3d0ac]]: cellSysutil warning: cellVideoOutGetDeviceInfo(videoOut=0, deviceIndex=0, info_addr=0x101dee28)
[W : PPU[1] Thread (CPUThread)[0x00f3d0e8]]: cellSysutil warning: cellVideoOutGetResolutionAvailability(videoOut=0, resolutionId=0x2, option_addr=0x2, aspect=0x0, option=0x6ea06b70)
[W : PPU[1] Thread (CPUThread)[0x00f3d13c]]: cellSysutil warning: cellAudioOutGetNumberOfDevice(videoOut=0)
[W : PPU[1] Thread (CPUThread)[0x00f3d148]]: cellSysutil warning: cellAudioOutGetState(audioOut=0x0,deviceIndex=0x0,state_addr=0xd00207a0)
[E : PPU[1] Thread (CPUThread)[0x00f3d0d0]]: cellSysutil error: Unimplemented function: cellAudioOutGetDeviceInfo(audioOut=0, deviceIndex=0, info_addr=0xd00207b4)
[W : PPU[1] Thread (CPUThread)[0x00f3d10c]]: cellSysutil warning: cellAudioOutGetSoundAvailability(audioOut=0,type=0,fs=4,option=0)
[W : PPU[1] Thread (CPUThread)[0x00f3d10c]]: cellSysutil warning: cellAudioOutGetSoundAvailability(audioOut=0,type=1,fs=4,option=0)
[W : PPU[1] Thread (CPUThread)[0x00f3d13c]]: cellSysutil warning: cellAudioOutGetNumberOfDevice(videoOut=0)
[W : PPU[1] Thread (CPUThread)[0x00f3d148]]: cellSysutil warning: cellAudioOutGetState(audioOut=0x0,deviceIndex=0x0,state_addr=0x101deffc)
[E : PPU[1] Thread (CPUThread)[0x1026e264]]: Unknown/Illegal opcode! (0x1026e25c : 0x4 : 0x25c) #pc: 0x1026e264
[! : PPU[1] Thread (CPUThread)[0x1026e264]]: r0 = 0x1026e264
[! : PPU[1] Thread (CPUThread)[0x1026e264]]: r1 = 0xd0020920
[! : PPU[1] Thread (CPUThread)[0x1026e264]]: r2 = 0x1026e264
[! : PPU[1] Thread (CPUThread)[0x1026e264]]: r3 = 0x3025c440
[! : PPU[1] Thread (CPUThread)[0x1026e264]]: r4 = 0x0
[! : PPU[1] Thread (CPUThread)[0x1026e264]]: r5 = 0x0
[! : PPU[1] Thread (CPUThread)[0x1026e264]]: r6 = 0x1
[! : PPU[1] Thread (CPUThread)[0x1026e264]]: r7 = 0x0
[! : PPU[1] Thread (CPUThread)[0x1026e264]]: r8 = 0x1026e418
[! : PPU[1] Thread (CPUThread)[0x1026e264]]: r9 = 0x1026e274
[! : PPU[1] Thread (CPUThread)[0x1026e264]]: r10 = 0x1026e410
[! : PPU[1] Thread (CPUThread)[0x1026e264]]: r11 = 0x1026e26c
[! : PPU[1] Thread (CPUThread)[0x1026e264]]: r12 = 0xf58008
[! : PPU[1] Thread (CPUThread)[0x1026e264]]: r13 = 0x30007060
[! : PPU[1] Thread (CPUThread)[0x1026e264]]: r14 = 0x0
[! : PPU[1] Thread (CPUThread)[0x1026e264]]: r15 = 0x0
[! : PPU[1] Thread (CPUThread)[0x1026e264]]: r16 = 0x0
[! : PPU[1] Thread (CPUThread)[0x1026e264]]: r17 = 0x0
[! : PPU[1] Thread (CPUThread)[0x1026e264]]: r18 = 0x0
[! : PPU[1] Thread (CPUThread)[0x1026e264]]: r19 = 0x100e0300
[! : PPU[1] Thread (CPUThread)[0x1026e264]]: r20 = 0x1013a4f0
[! : PPU[1] Thread (CPUThread)[0x1026e264]]: r21 = 0x102c79f4
[! : PPU[1] Thread (CPUThread)[0x1026e264]]: r22 = 0x102c7a58
[! : PPU[1] Thread (CPUThread)[0x1026e264]]: r23 = 0x100e02ac
[! : PPU[1] Thread (CPUThread)[0x1026e264]]: r24 = 0x302502e0
[! : PPU[1] Thread (CPUThread)[0x1026e264]]: r25 = 0x100e02c0
[! : PPU[1] Thread (CPUThread)[0x1026e264]]: r26 = 0x0
[! : PPU[1] Thread (CPUThread)[0x1026e264]]: r27 = 0x1
[! : PPU[1] Thread (CPUThread)[0x1026e264]]: r28 = 0x102c78a4
[! : PPU[1] Thread (CPUThread)[0x1026e264]]: r29 = 0x3025c440
[! : PPU[1] Thread (CPUThread)[0x1026e264]]: r30 = 0x30254360
[! : PPU[1] Thread (CPUThread)[0x1026e264]]: r31 = 0x3025c440
[! : PPU[1] Thread (CPUThread)[0x1026e264]]: f0 = 0.000000
[! : PPU[1] Thread (CPUThread)[0x1026e264]]: f1 = 0.000000
[! : PPU[1] Thread (CPUThread)[0x1026e264]]: f2 = 0.000000
[! : PPU[1] Thread (CPUThread)[0x1026e264]]: f3 = 0.000000
[! : PPU[1] Thread (CPUThread)[0x1026e264]]: f4 = 0.000000
[! : PPU[1] Thread (CPUThread)[0x1026e264]]: f5 = 0.000000
[! : PPU[1] Thread (CPUThread)[0x1026e264]]: f6 = 0.000000
[! : PPU[1] Thread (CPUThread)[0x1026e264]]: f7 = 0.000000
[! : PPU[1] Thread (CPUThread)[0x1026e264]]: f8 = 0.000000
[! : PPU[1] Thread (CPUThread)[0x1026e264]]: f9 = 0.000000
[! : PPU[1] Thread (CPUThread)[0x1026e264]]: f10 = 0.000000
[! : PPU[1] Thread (CPUThread)[0x1026e264]]: f11 = 0.000000
[! : PPU[1] Thread (CPUThread)[0x1026e264]]: f12 = 0.000000
[! : PPU[1] Thread (CPUThread)[0x1026e264]]: f13 = 0.000000
[! : PPU[1] Thread (CPUThread)[0x1026e264]]: f14 = 0.000000
[! : PPU[1] Thread (CPUThread)[0x1026e264]]: f15 = 0.000000
[! : PPU[1] Thread (CPUThread)[0x1026e264]]: f16 = 0.000000
[! : PPU[1] Thread (CPUThread)[0x1026e264]]: f17 = 0.000000
[! : PPU[1] Thread (CPUThread)[0x1026e264]]: f18 = 0.000000
[! : PPU[1] Thread (CPUThread)[0x1026e264]]: f19 = 0.000000
[! : PPU[1] Thread (CPUThread)[0x1026e264]]: f20 = 0.000000
[! : PPU[1] Thread (CPUThread)[0x1026e264]]: f21 = 0.000000
[! : PPU[1] Thread (CPUThread)[0x1026e264]]: f22 = 0.000000
[! : PPU[1] Thread (CPUThread)[0x1026e264]]: f23 = 0.000000
[! : PPU[1] Thread (CPUThread)[0x1026e264]]: f24 = 0.000000
[! : PPU[1] Thread (CPUThread)[0x1026e264]]: f25 = 0.000000
[! : PPU[1] Thread (CPUThread)[0x1026e264]]: f26 = 0.000000
[! : PPU[1] Thread (CPUThread)[0x1026e264]]: f27 = 0.000000
[! : PPU[1] Thread (CPUThread)[0x1026e264]]: f28 = 0.000000
[! : PPU[1] Thread (CPUThread)[0x1026e264]]: f29 = 0.000000
[! : PPU[1] Thread (CPUThread)[0x1026e264]]: f30 = 0.000000
[! : PPU[1] Thread (CPUThread)[0x1026e264]]: f31 = 0.000000
[! : PPU[1] Thread (CPUThread)[0x1026e264]]: v0 = 0x00000000000000000000000000000000 [x: 0 y: 0 z: 0 w: 0]
[! : PPU[1] Thread (CPUThread)[0x1026e264]]: v1 = 0x00000000000000000000000000000000 [x: 0 y: 0 z: 0 w: 0]
[! : PPU[1] Thread (CPUThread)[0x1026e264]]: v2 = 0x00000000000000000000000000000000 [x: 0 y: 0 z: 0 w: 0]
[! : PPU[1] Thread (CPUThread)[0x1026e264]]: v3 = 0x00000000000000000000000000000000 [x: 0 y: 0 z: 0 w: 0]
[! : PPU[1] Thread (CPUThread)[0x1026e264]]: v4 = 0x00000000000000000000000000000000 [x: 0 y: 0 z: 0 w: 0]
[! : PPU[1] Thread (CPUThread)[0x1026e264]]: v5 = 0x00000000000000000000000000000000 [x: 0 y: 0 z: 0 w: 0]
[! : PPU[1] Thread (CPUThread)[0x1026e264]]: v6 = 0x00000000000000000000000000000000 [x: 0 y: 0 z: 0 w: 0]
[! : PPU[1] Thread (CPUThread)[0x1026e264]]: v7 = 0x00000000000000000000000000000000 [x: 0 y: 0 z: 0 w: 0]
[! : PPU[1] Thread (CPUThread)[0x1026e264]]: v8 = 0x00000000000000000000000000000000 [x: 0 y: 0 z: 0 w: 0]
[! : PPU[1] Thread (CPUThread)[0x1026e264]]: v9 = 0x00000000000000000000000000000000 [x: 0 y: 0 z: 0 w: 0]
[! : PPU[1] Thread (CPUThread)[0x1026e264]]: v10 = 0x00000000000000000000000000000000 [x: 0 y: 0 z: 0 w: 0]
[! : PPU[1] Thread (CPUThread)[0x1026e264]]: v11 = 0x00000000000000000000000000000000 [x: 0 y: 0 z: 0 w: 0]
[! : PPU[1] Thread (CPUThread)[0x1026e264]]: v12 = 0x00000000000000000000000000000000 [x: 0 y: 0 z: 0 w: 0]
[! : PPU[1] Thread (CPUThread)[0x1026e264]]: v13 = 0x00000000000000000000000000000000 [x: 0 y: 0 z: 0 w: 0]
[! : PPU[1] Thread (CPUThread)[0x1026e264]]: v14 = 0x00000000000000000000000000000000 [x: 0 y: 0 z: 0 w: 0]
[! : PPU[1] Thread (CPUThread)[0x1026e264]]: v15 = 0x00000000000000000000000000000000 [x: 0 y: 0 z: 0 w: 0]
[! : PPU[1] Thread (CPUThread)[0x1026e264]]: v16 = 0x00000000000000000000000000000000 [x: 0 y: 0 z: 0 w: 0]
[! : PPU[1] Thread (CPUThread)[0x1026e264]]: v17 = 0x00000000000000000000000000000000 [x: 0 y: 0 z: 0 w: 0]
[! : PPU[1] Thread (CPUThread)[0x1026e264]]: v18 = 0x00000000000000000000000000000000 [x: 0 y: 0 z: 0 w: 0]
[! : PPU[1] Thread (CPUThread)[0x1026e264]]: v19 = 0x00000000000000000000000000000000 [x: 0 y: 0 z: 0 w: 0]
[! : PPU[1] Thread (CPUThread)[0x1026e264]]: v20 = 0x00000000000000000000000000000000 [x: 0 y: 0 z: 0 w: 0]
[! : PPU[1] Thread (CPUThread)[0x1026e264]]: v21 = 0x00000000000000000000000000000000 [x: 0 y: 0 z: 0 w: 0]
[! : PPU[1] Thread (CPUThread)[0x1026e264]]: v22 = 0x00000000000000000000000000000000 [x: 0 y: 0 z: 0 w: 0]
[! : PPU[1] Thread (CPUThread)[0x1026e264]]: v23 = 0x00000000000000000000000000000000 [x: 0 y: 0 z: 0 w: 0]
[! : PPU[1] Thread (CPUThread)[0x1026e264]]: v24 = 0x00000000000000000000000000000000 [x: 0 y: 0 z: 0 w: 0]
[! : PPU[1] Thread (CPUThread)[0x1026e264]]: v25 = 0x00000000000000000000000000000000 [x: 0 y: 0 z: 0 w: 0]
[! : PPU[1] Thread (CPUThread)[0x1026e264]]: v26 = 0x00000000000000000000000000000000 [x: 0 y: 0 z: 0 w: 0]
[! : PPU[1] Thread (CPUThread)[0x1026e264]]: v27 = 0x00000000000000000000000000000000 [x: 0 y: 0 z: 0 w: 0]
[! : PPU[1] Thread (CPUThread)[0x1026e264]]: v28 = 0x00000000000000000000000000000000 [x: 0 y: 0 z: 0 w: 0]
[! : PPU[1] Thread (CPUThread)[0x1026e264]]: v29 = 0x00000000000000000000000000000000 [x: 0 y: 0 z: 0 w: 0]
[! : PPU[1] Thread (CPUThread)[0x1026e264]]: v30 = 0x00000000000000000000000000000000 [x: 0 y: 0 z: 0 w: 0]
[! : PPU[1] Thread (CPUThread)[0x1026e264]]: v31 = 0x00000000000000000000000000000000 [x: 0 y: 0 z: 0 w: 0]
[! : PPU[1] Thread (CPUThread)[0x1026e264]]: CR = 0x28000044
[! : PPU[1] Thread (CPUThread)[0x1026e264]]: LR = 0x12903c
[! : PPU[1] Thread (CPUThread)[0x1026e264]]: CTR = 0x1026e264
[! : PPU[1] Thread (CPUThread)[0x1026e264]]: XER = 0x0 [CA=0 | OV=0 | SO=0]
[! : PPU[1] Thread (CPUThread)[0x1026e264]]: FPSCR = 0x4000 [RN=0 | NI=0 | XE=0 | ZE=0 | UE=0 | OE=0 | VE=0 | VXCVI=0 | VXSQRT=0 | VXSOFT=0 | FPRF=4 | FI=0 | FR=0 | VXVC=0 | VXIMZ=0 | VXZDZ=0 | VXIDI=0 | VXISI=0 | VXSNAN=0 | XX=0 | ZX=0 | UX=0 | OX=0 | VX=0 | FEX=0 | FX=0]
[! : PPU[1] Thread (CPUThread)[0x1026e268]]: PPU[1] Thread (CPUThread) leave
[!]: Closing memory...
