[!]: path: /dev_hdd0/game/
[!]: Loading 'D:\Emulateurs\Rpcs3\dev_hdd0\game\BCES00726-[Ratchet & Clank A Crack in Time]/PS3_GAME/USRDIR/BOOT.BIN'...
[!]: Mount info:
[!]: /dev_hdd0/ -> D:\Emulateurs\Rpcs3/dev_hdd0/
[!]: /dev_hdd1/ -> D:\Emulateurs\Rpcs3/dev_hdd1/
[!]: /dev_flash/ -> D:\Emulateurs\Rpcs3/dev_flash/
[!]: /dev_usb000/ -> D:\Emulateurs\Rpcs3/dev_usb000/
[!]: /dev_usb/ -> D:\Emulateurs\Rpcs3/dev_usb000/
[!]: /app_home/ -> D:\Emulateurs\Rpcs3\dev_hdd0\game\BCES00726-[Ratchet & Clank A Crack in Time]/PS3_GAME/
[!]: /dev_bdvd/ -> D:\Emulateurs\Rpcs3\dev_hdd0\game\BCES00726-[Ratchet & Clank A Crack in Time]/PS3_GAME//../
[!]: /host_root/ -> 
[!]: / -> D:\Emulateurs\Rpcs3\dev_hdd0\game\BCES00726-[Ratchet & Clank A Crack in Time]/PS3_GAME//USRDIR/
[!]: Initing memory...
[!]: Memory initialized.
[W]: Unknown module 'cellHttp'
[W]: Unknown function 0x32faaf58 in 'cellHttpUtil' module
[E]: TODO: cellHttpUtilParseUri
[W]: Unknown function 0x9003b1f2 in 'cellHttpUtil' module
[E]: TODO: cellHttpUtilEscapeUri
[W]: Unknown function 0x006c4900 in 'cellSsl' module
[E]: TODO: cellSslCertGetNameEntryInfo
[W]: Unknown function 0x033c4905 in 'cellSsl' module
[E]: TODO: cellSslCertGetRsaPublicKeyExponent
[W]: Unknown function 0x1650aea4 in 'cellSsl' module
[E]: TODO: cellSslEnd
[W]: Unknown function 0x32c61bdf in 'cellSsl' module
[E]: TODO: cellSslCertGetSubjectName
[W]: Unknown function 0x571afaca in 'cellSsl' module
[E]: TODO: cellSslCertificateLoader
[W]: Unknown function 0x766d3ca1 in 'cellSsl' module
[E]: TODO: cellSslCertGetNameEntryCount
[W]: Unknown function 0x7b689ebc in 'cellSsl' module
[E]: TODO: cellSslCertGetSerialNumber
[W]: Unknown function 0x8e505175 in 'cellSsl' module
[E]: TODO: cellSslCertGetRsaPublicKeyModulus
[W]: Unknown function 0xae6eb491 in 'cellSsl' module
[E]: TODO: cellSslCertGetIssuerName
[W]: Unknown function 0xf8206492 in 'cellSsl' module
[E]: TODO: cellSslCertGetPublicKey
[W]: Unknown function 0xfb02c9d2 in 'cellSsl' module
[E]: TODO: cellSslInit
[W]: Unknown function 0x0e091c36 in 'cellSysutil' module
[E]: TODO: cellSaveDataUserListAutoSave
[W]: Unknown function 0x0f03cfb0 in 'cellSysutil' module
[E]: TODO: cellSaveDataUserListSave
[W]: Unknown function 0x1dfbfdd6 in 'cellSysutil' module
[E]: TODO: cellSaveDataListLoad2
[W]: Unknown function 0x21425307 in 'cellSysutil' module
[E]: TODO: cellSaveDataListAutoLoad
[W]: Unknown function 0x248bd1d8 in 'cellSysutil' module
[E]: TODO: cellSaveDataUserListAutoLoad
[W]: Unknown function 0x2de0d663 in 'cellSysutil' module
[E]: TODO: cellSaveDataListSave2
[W]: Unknown function 0x39dd8425 in 'cellSysutil' module
[E]: TODO: cellSaveDataUserListLoad
[W]: Unknown function 0x3d1e1931 in 'cellSysutil' module
[E]: TODO: cellOskDialogUnloadAsync
[W]: Unknown function 0x4dd03a4e in 'cellSysutil' module
[E]: TODO: cellSaveDataListAutoSave
[W]: Unknown function 0x62b0f803 in 'cellSysutil' module
[E]: TODO: cellMsgDialogAbort
[W]: Unknown function 0x7fcfc915 in 'cellSysutil' module
[E]: TODO: cellOskDialogLoadAsync
[W]: Unknown function 0x9949bf82 in 'cellSysutil' module
[E]: TODO: cellGameDataExitBroken
[W]: Unknown function 0xb53c54fa in 'cellSysutil' module
[E]: TODO: cellOskDialogSetKeyLayoutOption
[W]: Unknown function 0xb6d84526 in 'cellSysutil' module
[E]: TODO: cellOskDialogAbort
[W]: Unknown function 0xb72bc4e6 in 'cellSysutil' module
[E]: TODO: cellDiscGameGetBootDiscInfo
[W]: Unknown function 0xc9645c41 in 'cellSysutil' module
[E]: TODO: cellGameDataCheckCreate2
[W]: Unknown function 0xedadd797 in 'cellSysutil' module
[E]: TODO: cellSaveDataDelete2
[W]: Unknown function 0x10dae56d in 'cellNetCtl' module
[E]: TODO: cellGameUpdateTerm
[W]: Unknown function 0x99ab1a26 in 'cellNetCtl' module
[E]: TODO: cellGameUpdateInit
[W]: Unknown function 0xa5e1fa60 in 'cellNetCtl' module
[E]: TODO: cellGameUpdateCheckStartWithoutDialogAsync
[W]: Unknown function 0xd0a5d727 in 'cellNetCtl' module
[E]: TODO: cellGameUpdateCheckStartAsync
[W]: Unknown function 0xffa3d791 in 'cellNetCtl' module
[E]: TODO: cellGameUpdateCheckFinishAsync
[W]: Unknown function 0x0968aa36 in 'sceNp' module
[E]: TODO: sceNpManagerGetTicket
[W]: Unknown function 0x32c78a6a in 'sceNp' module
[E]: TODO: sceNpBasicGetFriendPresenceByIndex
[W]: Unknown function 0x36d0c2c5 in 'sceNp' module
[E]: TODO: sceNpManagerGetAvatarUrl
[W]: Unknown function 0x4026eac5 in 'sceNp' module
[E]: TODO: sceNpBasicRegisterContextSensitiveHandler
[W]: Unknown function 0x52a6b523 in 'sceNp' module
[E]: TODO: sceNpManagerUnregisterCallback
[W]: Unknown function 0x58fa4fcd in 'sceNp' module
[E]: TODO: sceNpManagerGetTicketParam
[W]: Unknown function 0x5f2d9257 in 'sceNp' module
[E]: TODO: sceNpLookupInit
[W]: Unknown function 0x7e2fef28 in 'sceNp' module
[E]: TODO: sceNpManagerRequestTicket
[W]: Unknown function 0x8440537c in 'sceNp' module
[E]: TODO: sceNpLookupTerm
[W]: Unknown function 0xacb9ee8e in 'sceNp' module
[E]: TODO: sceNpBasicUnregisterHandler
[W]: Unknown function 0xafef640d in 'sceNp' module
[E]: TODO: sceNpBasicGetFriendListEntryCount
[W]: Unknown function 0xe035f7d6 in 'sceNp' module
[E]: TODO: sceNpBasicGetEvent
[W]: Unknown function 0xe7dcd3b4 in 'sceNp' module
[E]: TODO: sceNpManagerRegisterCallback
[W]: Unknown function 0xf042b14f in 'sceNp' module
[E]: TODO: sceNpDrmIsAvailable2
[W]: Unknown function 0xfe37a7f4 in 'sceNp' module
[E]: TODO: sceNpManagerGetNpId
[W]: Unknown function 0x26090058 in 'sysPrxForUser' module
[E]: TODO: sys_prx_load_module
[W]: Unknown function 0xaa6d9bff in 'sysPrxForUser' module
[E]: TODO: sys_prx_load_module_on_memcontainer
[W]: Unknown function 0x71f4c717 in 'sys_net' module
[E]: TODO: gethostbyname
[W]: Unknown function 0x858a930b in 'sys_net' module
[E]: TODO: inet_ntoa
[W]: Unknown function 0x967a162b in 'sys_fs' module
[E]: TODO: cellFsFsync
[W]: Unknown function 0x16394a4e in 'cellSpurs' module
[E]: TODO: _cellSpursTasksetAttributeInitialize
[W]: Unknown function 0x22aab31d in 'cellSpurs' module
[E]: TODO: cellSpursEventFlagDetachLv2EventQueue
[W]: Unknown function 0x373523d4 in 'cellSpurs' module
[E]: TODO: cellSpursEventFlagWait
[W]: Unknown function 0x4a5eab63 in 'cellSpurs' module
[E]: TODO: cellSpursWorkloadAttributeSetName
[W]: Unknown function 0x4ac7bae4 in 'cellSpurs' module
[E]: TODO: cellSpursEventFlagClear
[W]: Unknown function 0x5ef96465 in 'cellSpurs' module
[E]: TODO: _cellSpursEventFlagInitialize
[W]: Unknown function 0x652b70e2 in 'cellSpurs' module
[E]: TODO: cellSpursTasksetAttributeSetName
[W]: Unknown function 0x7e4ea023 in 'cellSpurs' module
[E]: TODO: cellSpursWakeUp
[W]: Unknown function 0x87630976 in 'cellSpurs' module
[E]: TODO: cellSpursEventFlagAttachLv2EventQueue
[W]: Unknown function 0x9f72add3 in 'cellSpurs' module
[E]: TODO: cellSpursJoinTaskset
[W]: Unknown function 0xa789e631 in 'cellSpurs' module
[E]: TODO: cellSpursShutdownTaskset
[W]: Unknown function 0xaa6269a8 in 'cellSpurs' module
[E]: TODO: cellSpursInitializeWithAttribute
[W]: Unknown function 0xc0158d8b in 'cellSpurs' module
[E]: TODO: cellSpursAddWorkloadWithAttribute
[W]: Unknown function 0xc10931cb in 'cellSpurs' module
[E]: TODO: cellSpursCreateTasksetWithAttribute
[W]: Unknown function 0xefeb2679 in 'cellSpurs' module
[E]: TODO: _cellSpursWorkloadAttributeInitialize
[W]: Unknown function 0xf843818d in 'cellSpurs' module
[E]: TODO: cellSpursReadyCountStore
[W]: Unknown function 0x011ee38b in 'cellSpurs' module
[E]: TODO: _cellSpursLFQueueInitialize
[W]: Unknown function 0x1656d49f in 'cellSpurs' module
[E]: TODO: cellSpursLFQueueAttachLv2EventQueue
[W]: Unknown function 0x182d9890 in 'cellSpurs' module
[E]: TODO: cellSpursRequestIdleSpu
[W]: Unknown function 0x4e153e3e in 'cellSpurs' module
[E]: TODO: cellSpursGetWorkloadInfo
[W]: Unknown function 0x57e4dec3 in 'cellSpurs' module
[E]: TODO: cellSpursRemoveWorkload
[W]: Unknown function 0x5fd43fe4 in 'cellSpurs' module
[E]: TODO: cellSpursWaitForWorkloadShutdown
[W]: Unknown function 0x73e06f91 in 'cellSpurs' module
[E]: TODO: cellSpursLFQueueDetachLv2EventQueue
[W]: Unknown function 0x8a85674d in 'cellSpurs' module
[E]: TODO: _cellSpursLFQueuePushBody
[W]: Unknown function 0x98d5b343 in 'cellSpurs' module
[E]: TODO: cellSpursShutdownWorkload
[W]: Unknown function 0xbeb600ac in 'cellSpurs' module
[E]: TODO: cellSpursCreateTask
[W]: Unknown function 0xd2e23fa9 in 'cellSpurs' module
[E]: TODO: cellSpursSetExceptionEventHandler
[W : PPU[1] Thread (CPUThread)[0x01141034]]: sys_lwmutex warning: *** lwmutex created [_lc_mtx] (attribute=0x12): sq_id = 3
[W : PPU[1] Thread (CPUThread)[0x00911468]]: memory warning: sys_memory_get_user_memory_size(mem_info_addr=0xd0020c04)
[W : PPU[1] Thread (CPUThread)[0x01141034]]: sys_lwmutex warning: *** lwmutex created [_lc_mtx] (attribute=0x12): sq_id = 4
[W : PPU[1] Thread (CPUThread)[0x01141034]]: sys_lwmutex warning: *** lwmutex created [_lc_mtx] (attribute=0x12): sq_id = 5
[W : PPU[1] Thread (CPUThread)[0x01141034]]: sys_lwmutex warning: *** lwmutex created [_lc_mtx] (attribute=0x12): sq_id = 6
[W : PPU[1] Thread (CPUThread)[0x01141034]]: sys_lwmutex warning: *** lwmutex created [_lc_mtx] (attribute=0x12): sq_id = 7
[W : PPU[1] Thread (CPUThread)[0x01141034]]: sys_lwmutex warning: *** lwmutex created [_lc_mtx] (attribute=0x12): sq_id = 8
[W : PPU[1] Thread (CPUThread)[0x01141034]]: sys_lwmutex warning: *** lwmutex created [_lc_mtx] (attribute=0x12): sq_id = 9
[W : PPU[1] Thread (CPUThread)[0x01141034]]: sys_lwmutex warning: *** lwmutex created [_lc_mtx] (attribute=0x12): sq_id = 10
[W : PPU[1] Thread (CPUThread)[0x01141034]]: sys_lwmutex warning: *** lwmutex created [_lc_mtx] (attribute=0x12): sq_id = 11
[W : PPU[1] Thread (CPUThread)[0x01141034]]: sys_lwmutex warning: *** lwmutex created [_lc_mtx] (attribute=0x12): sq_id = 12
[W : PPU[1] Thread (CPUThread)[0x01141034]]: sys_lwmutex warning: *** lwmutex created [] (attribute=0x22): sq_id = 13
[W : PPU[1] Thread (CPUThread)[0x01141034]]: sys_lwmutex warning: *** lwmutex created [] (attribute=0x22): sq_id = 14
[W : PPU[1] Thread (CPUThread)[0x01141034]]: sys_lwmutex warning: *** lwmutex created [] (attribute=0x22): sq_id = 15
[W : PPU[1] Thread (CPUThread)[0x01141034]]: sys_lwmutex warning: *** lwmutex created [] (attribute=0x22): sq_id = 16
[W : PPU[1] Thread (CPUThread)[0x01141034]]: sys_lwmutex warning: *** lwmutex created [] (attribute=0x12): sq_id = 17
[W : PPU[1] Thread (CPUThread)[0x01141034]]: sys_lwmutex warning: *** lwmutex created [] (attribute=0x12): sq_id = 18
[W : PPU[1] Thread (CPUThread)[0x00900ad4]]: cellSysutil warning: cellSysutilGetSystemParamInt: CELL_SYSUTIL_SYSTEMPARAM_ID_TIMEZONE
[W : PPU[1] Thread (CPUThread)[0x00900ad4]]: cellSysutil warning: cellSysutilGetSystemParamInt: CELL_SYSUTIL_SYSTEMPARAM_ID_SUMMERTIME
[W : PPU[1] Thread (CPUThread)[0x00907dac]]: cellSysutil warning: cellSysutilGetSystemParamInt: CELL_SYSUTIL_SYSTEMPARAM_ID_TIMEZONE
[W : PPU[1] Thread (CPUThread)[0x00907dac]]: cellSysutil warning: cellSysutilGetSystemParamInt: CELL_SYSUTIL_SYSTEMPARAM_ID_SUMMERTIME
[W : PPU[1] Thread (CPUThread)[0x0090255c]]: cellSysutil warning: cellSysutilGetSystemParamInt: CELL_SYSUTIL_SYSTEMPARAM_ID_TIMEZONE
[W : PPU[1] Thread (CPUThread)[0x0090255c]]: cellSysutil warning: cellSysutilGetSystemParamInt: CELL_SYSUTIL_SYSTEMPARAM_ID_SUMMERTIME
[W : PPU[1] Thread (CPUThread)[0x00907dac]]: cellSysutil warning: cellSysutilGetSystemParamInt: CELL_SYSUTIL_SYSTEMPARAM_ID_TIMEZONE
[W : PPU[1] Thread (CPUThread)[0x00907dac]]: cellSysutil warning: cellSysutilGetSystemParamInt: CELL_SYSUTIL_SYSTEMPARAM_ID_SUMMERTIME
[W : PPU[1] Thread (CPUThread)[0x00900a78]]: cellSysutil warning: cellSysutilGetSystemParamInt: CELL_SYSUTIL_SYSTEMPARAM_ID_TIMEZONE
[W : PPU[1] Thread (CPUThread)[0x00900a78]]: cellSysutil warning: cellSysutilGetSystemParamInt: CELL_SYSUTIL_SYSTEMPARAM_ID_SUMMERTIME
[W : PPU[1] Thread (CPUThread)[0x0090255c]]: cellSysutil warning: cellSysutilGetSystemParamInt: CELL_SYSUTIL_SYSTEMPARAM_ID_TIMEZONE
[W : PPU[1] Thread (CPUThread)[0x0090255c]]: cellSysutil warning: cellSysutilGetSystemParamInt: CELL_SYSUTIL_SYSTEMPARAM_ID_SUMMERTIME
[W : PPU[1] Thread (CPUThread)[0x01141034]]: sys_lwmutex warning: *** lwmutex created [ps3HDDL] (attribute=0x12): sq_id = 19
[W : PPU[1] Thread (CPUThread)[0x0114d010]]: cellSysmodule warning: cellSysmoduleLoadModule(CELL_SYSMODULE_NET)
[W : PPU[1] Thread (CPUThread)[0x0114d010]]: cellSysmodule warning: cellSysmoduleLoadModule(CELL_SYSMODULE_SSL)
[W : PPU[1] Thread (CPUThread)[0x0114d010]]: cellSysmodule warning: cellSysmoduleLoadModule(CELL_SYSMODULE_HTTP)
[W : PPU[1] Thread (CPUThread)[0x0114d010]]: cellSysmodule warning: cellSysmoduleLoadModule(CELL_SYSMODULE_HTTP_UTIL)
[W : PPU[1] Thread (CPUThread)[0x0114d010]]: cellSysmodule warning: cellSysmoduleLoadModule(CELL_SYSMODULE_HTTPS)
[W : PPU[1] Thread (CPUThread)[0x0114d010]]: cellSysmodule warning: cellSysmoduleLoadModule(CELL_SYSMODULE_SYSUTIL)
[W : PPU[1] Thread (CPUThread)[0x0114d010]]: cellSysmodule warning: cellSysmoduleLoadModule(CELL_SYSMODULE_SYSUTIL_USERINFO)
[W : PPU[1] Thread (CPUThread)[0x0114d010]]: cellSysmodule warning: cellSysmoduleLoadModule(CELL_SYSMODULE_MIC)
[W : PPU[1] Thread (CPUThread)[0x0114d010]]: cellSysmodule warning: cellSysmoduleLoadModule(CELL_SYSMODULE_FS)
[W : PPU[1] Thread (CPUThread)[0x0114d010]]: cellSysmodule warning: cellSysmoduleLoadModule(CELL_SYSMODULE_NETCTL)
[W : PPU[1] Thread (CPUThread)[0x0114d010]]: cellSysmodule warning: cellSysmoduleLoadModule(CELL_SYSMODULE_SYSUTIL_NP)
[W : PPU[1] Thread (CPUThread)[0x0114d010]]: cellSysmodule warning: cellSysmoduleLoadModule(CELL_SYSMODULE_RTC)
[W : PPU[1] Thread (CPUThread)[0x0114d010]]: cellSysmodule warning: cellSysmoduleLoadModule(CELL_SYSMODULE_SYSUTIL_NP_TROPHY)
[W : PPU[1] Thread (CPUThread)[0x01139100]]: cellSysutil warning: cellSysutilRegisterCallback(slot=0, func_addr=0xce2998, userdata=0x0)
[E : PPU[1] Thread (CPUThread)[0x01139130]]: TODO: cellDiscGameGetBootDiscInfo
[E : PPU[1] Thread (CPUThread)[0x01139130]]: TODO: cellDiscGameGetBootDiscInfo
[E : PPU[1] Thread (CPUThread)[0x01139130]]: TODO: cellDiscGameGetBootDiscInfo
[E : PPU[1] Thread (CPUThread)[0x01139130]]: TODO: cellDiscGameGetBootDiscInfo
[E : PPU[1] Thread (CPUThread)[0x01139130]]: TODO: cellDiscGameGetBootDiscInfo
[E : PPU[1] Thread (CPUThread)[0x01139130]]: TODO: cellDiscGameGetBootDiscInfo
[E : PPU[1] Thread (CPUThread)[0x01139130]]: TODO: cellDiscGameGetBootDiscInfo
[E : PPU[1] Thread (CPUThread)[0x01139130]]: TODO: cellDiscGameGetBootDiscInfo
[E : PPU[1] Thread (CPUThread)[0x01139130]]: TODO: cellDiscGameGetBootDiscInfo
[E : PPU[1] Thread (CPUThread)[0x01139130]]: TODO: cellDiscGameGetBootDiscInfo
[E : PPU[1] Thread (CPUThread)[0x01139130]]: TODO: cellDiscGameGetBootDiscInfo
[E : PPU[1] Thread (CPUThread)[0x01139130]]: TODO: cellDiscGameGetBootDiscInfo
[E : PPU[1] Thread (CPUThread)[0x01139130]]: TODO: cellDiscGameGetBootDiscInfo
[E : PPU[1] Thread (CPUThread)[0x01139130]]: TODO: cellDiscGameGetBootDiscInfo
[E : PPU[1] Thread (CPUThread)[0x01139130]]: TODO: cellDiscGameGetBootDiscInfo
[E : PPU[1] Thread (CPUThread)[0x01139130]]: TODO: cellDiscGameGetBootDiscInfo
[E : PPU[1] Thread (CPUThread)[0x01139130]]: TODO: cellDiscGameGetBootDiscInfo
[E : PPU[1] Thread (CPUThread)[0x01139130]]: TODO: cellDiscGameGetBootDiscInfo
[E : PPU[1] Thread (CPUThread)[0x01139130]]: TODO: cellDiscGameGetBootDiscInfo
[E : PPU[1] Thread (CPUThread)[0x01139130]]: TODO: cellDiscGameGetBootDiscInfo
[E : PPU[1] Thread (CPUThread)[0x01139130]]: TODO: cellDiscGameGetBootDiscInfo
[E : PPU[1] Thread (CPUThread)[0x01139130]]: TODO: cellDiscGameGetBootDiscInfo
[E : PPU[1] Thread (CPUThread)[0x01139130]]: TODO: cellDiscGameGetBootDiscInfo
[E : PPU[1] Thread (CPUThread)[0x01139130]]: TODO: cellDiscGameGetBootDiscInfo
[E : PPU[1] Thread (CPUThread)[0x01139130]]: TODO: cellDiscGameGetBootDiscInfo
[E : PPU[1] Thread (CPUThread)[0x01139130]]: TODO: cellDiscGameGetBootDiscInfo
[E : PPU[1] Thread (CPUThread)[0x01139130]]: TODO: cellDiscGameGetBootDiscInfo
[E : PPU[1] Thread (CPUThread)[0x01139130]]: TODO: cellDiscGameGetBootDiscInfo
[E : PPU[1] Thread (CPUThread)[0x01139130]]: TODO: cellDiscGameGetBootDiscInfo
[E : PPU[1] Thread (CPUThread)[0x01139130]]: TODO: cellDiscGameGetBootDiscInfo
[E : PPU[1] Thread (CPUThread)[0x01139130]]: TODO: cellDiscGameGetBootDiscInfo
[E : PPU[1] Thread (CPUThread)[0x01139130]]: TODO: cellDiscGameGetBootDiscInfo
[E : PPU[1] Thread (CPUThread)[0x01139130]]: TODO: cellDiscGameGetBootDiscInfo
[E : PPU[1] Thread (CPUThread)[0x01139130]]: TODO: cellDiscGameGetBootDiscInfo
[E : PPU[1] Thread (CPUThread)[0x01139130]]: TODO: cellDiscGameGetBootDiscInfo
[E : PPU[1] Thread (CPUThread)[0x01139130]]: TODO: cellDiscGameGetBootDiscInfo
[E : PPU[1] Thread (CPUThread)[0x01139130]]: TODO: cellDiscGameGetBootDiscInfo
[E : PPU[1] Thread (CPUThread)[0x01139130]]: TODO: cellDiscGameGetBootDiscInfo
[E : PPU[1] Thread (CPUThread)[0x01139130]]: TODO: cellDiscGameGetBootDiscInfo
[E : PPU[1] Thread (CPUThread)[0x01139130]]: TODO: cellDiscGameGetBootDiscInfo
[E : PPU[1] Thread (CPUThread)[0x01139130]]: TODO: cellDiscGameGetBootDiscInfo
[E : PPU[1] Thread (CPUThread)[0x01139130]]: TODO: cellDiscGameGetBootDiscInfo
[E : PPU[1] Thread (CPUThread)[0x01139130]]: TODO: cellDiscGameGetBootDiscInfo
[E : PPU[1] Thread (CPUThread)[0x01139130]]: TODO: cellDiscGameGetBootDiscInfo
[E : PPU[1] Thread (CPUThread)[0x01139130]]: TODO: cellDiscGameGetBootDiscInfo
[E : PPU[1] Thread (CPUThread)[0x01139130]]: TODO: cellDiscGameGetBootDiscInfo
[E : PPU[1] Thread (CPUThread)[0x01139130]]: TODO: cellDiscGameGetBootDiscInfo
[E : PPU[1] Thread (CPUThread)[0x01139130]]: TODO: cellDiscGameGetBootDiscInfo
[E : PPU[1] Thread (CPUThread)[0x01139130]]: TODO: cellDiscGameGetBootDiscInfo
[E : PPU[1] Thread (CPUThread)[0x01139130]]: TODO: cellDiscGameGetBootDiscInfo
[E : PPU[1] Thread (CPUThread)[0x01139130]]: TODO: cellDiscGameGetBootDiscInfo
[E : PPU[1] Thread (CPUThread)[0x01139130]]: TODO: cellDiscGameGetBootDiscInfo
[E : PPU[1] Thread (CPUThread)[0x01139130]]: TODO: cellDiscGameGetBootDiscInfo
[E : PPU[1] Thread (CPUThread)[0x01139130]]: TODO: cellDiscGameGetBootDiscInfo
[E : PPU[1] Thread (CPUThread)[0x01139130]]: TODO: cellDiscGameGetBootDiscInfo
[E : PPU[1] Thread (CPUThread)[0x01139130]]: TODO: cellDiscGameGetBootDiscInfo
[E : PPU[1] Thread (CPUThread)[0x01139130]]: TODO: cellDiscGameGetBootDiscInfo
[E : PPU[1] Thread (CPUThread)[0x01139130]]: TODO: cellDiscGameGetBootDiscInfo
[E : PPU[1] Thread (CPUThread)[0x01139130]]: TODO: cellDiscGameGetBootDiscInfo
[E : PPU[1] Thread (CPUThread)[0x01139130]]: TODO: cellDiscGameGetBootDiscInfo
[E : PPU[1] Thread (CPUThread)[0x01139130]]: TODO: cellDiscGameGetBootDiscInfo
[E : PPU[1] Thread (CPUThread)[0x01139130]]: TODO: cellDiscGameGetBootDiscInfo
[E : PPU[1] Thread (CPUThread)[0x01139130]]: TODO: cellDiscGameGetBootDiscInfo
[E : PPU[1] Thread (CPUThread)[0x01139130]]: TODO: cellDiscGameGetBootDiscInfo
[E : PPU[1] Thread (CPUThread)[0x01139130]]: TODO: cellDiscGameGetBootDiscInfo
[E : PPU[1] Thread (CPUThread)[0x01139130]]: TODO: cellDiscGameGetBootDiscInfo
[E : PPU[1] Thread (CPUThread)[0x01139130]]: TODO: cellDiscGameGetBootDiscInfo
[E : PPU[1] Thread (CPUThread)[0x01139130]]: TODO: cellDiscGameGetBootDiscInfo
[E : PPU[1] Thread (CPUThread)[0x01139130]]: TODO: cellDiscGameGetBootDiscInfo
[E : PPU[1] Thread (CPUThread)[0x01139130]]: TODO: cellDiscGameGetBootDiscInfo
[E : PPU[1] Thread (CPUThread)[0x01139130]]: TODO: cellDiscGameGetBootDiscInfo
[E : PPU[1] Thread (CPUThread)[0x01139130]]: TODO: cellDiscGameGetBootDiscInfo
[E : PPU[1] Thread (CPUThread)[0x01139130]]: TODO: cellDiscGameGetBootDiscInfo
[E : PPU[1] Thread (CPUThread)[0x01139130]]: TODO: cellDiscGameGetBootDiscInfo
[E : PPU[1] Thread (CPUThread)[0x01139130]]: TODO: cellDiscGameGetBootDiscInfo
[E : PPU[1] Thread (CPUThread)[0x01139130]]: TODO: cellDiscGameGetBootDiscInfo
[E : PPU[1] Thread (CPUThread)[0x01139130]]: TODO: cellDiscGameGetBootDiscInfo
[E : PPU[1] Thread (CPUThread)[0x01139130]]: TODO: cellDiscGameGetBootDiscInfo
[E : PPU[1] Thread (CPUThread)[0x01139130]]: TODO: cellDiscGameGetBootDiscInfo
[E : PPU[1] Thread (CPUThread)[0x01139130]]: TODO: cellDiscGameGetBootDiscInfo
[E : PPU[1] Thread (CPUThread)[0x01139130]]: TODO: cellDiscGameGetBootDiscInfo
[E : PPU[1] Thread (CPUThread)[0x01139130]]: TODO: cellDiscGameGetBootDiscInfo
[E : PPU[1] Thread (CPUThread)[0x01139130]]: TODO: cellDiscGameGetBootDiscInfo
[E : PPU[1] Thread (CPUThread)[0x01139130]]: TODO: cellDiscGameGetBootDiscInfo
[E : PPU[1] Thread (CPUThread)[0x01139130]]: TODO: cellDiscGameGetBootDiscInfo
[E : PPU[1] Thread (CPUThread)[0x01139130]]: TODO: cellDiscGameGetBootDiscInfo
[!]: Closing memory...
