[!]: Loading 'D:\Emulateur\Rpcs3\dev_hdd0\game\BCES00664-[WipEout_ HD Fury]\PS3_GAME\USRDIR\BOOT.BIN'...
[!]: Mount info:
[!]: /dev_hdd0/ -> D:\Emulateur\Rpcs3\dev_hdd0\
[!]: /dev_hdd1/ -> D:\Emulateur\Rpcs3\dev_hdd1\
[!]: /dev_flash/ -> D:\Emulateur\Rpcs3\dev_flash\
[!]: /dev_usb000/ -> D:\Emulateur\Rpcs3\dev_usb000\
[!]: /dev_usb/ -> D:\Emulateur\Rpcs3\dev_usb000\
[!]: /app_home/ -> D:\Emulateur\Rpcs3\dev_hdd0\game\BCES00664-[WipEout_ HD Fury]\PS3_GAME\
[!]: /dev_bdvd/ -> D:\Emulateur\Rpcs3\dev_hdd0\game\BCES00664-[WipEout_ HD Fury]\PS3_GAME\\..\
[!]: /host_root/ -> 
[!]: / -> D:\Emulateur\Rpcs3\dev_hdd0\game\BCES00664-[WipEout_ HD Fury]\PS3_GAME\
[!]: Initing memory...
[!]: Memory initialized.
[W]: Unknown function 0xaa3b4bcd in 'sys_fs' module
[E]: TODO: cellFsGetFreeSize
[W]: Unknown function 0x967a162b in 'sys_fs' module
[E]: TODO: cellFsFsync
[W]: Unknown function 0x26090058 in 'sysPrxForUser' module
[E]: TODO: sys_prx_load_module
[W]: Unknown function 0x409ad939 in 'sysPrxForUser' module
[E]: TODO: sys_mmapper_free_memory
[W]: Unknown function 0x4643ba6e in 'sysPrxForUser' module
[E]: TODO: sys_mmapper_unmap_memory
[W]: Unknown function 0x70258515 in 'sysPrxForUser' module
[E]: TODO: sys_mmapper_allocate_memory_from_container
[W]: Unknown function 0x80fb0c19 in 'sysPrxForUser' module
[E]: TODO: sys_prx_stop_module
[W]: Unknown function 0x9f18429d in 'sysPrxForUser' module
[E]: TODO: sys_prx_start_module
[W]: Unknown function 0xd0ea47a7 in 'sysPrxForUser' module
[E]: TODO: sys_prx_unregister_library
[W]: Unknown function 0xf0aece0d in 'sysPrxForUser' module
[E]: TODO: sys_prx_unload_module
[W]: Unknown function 0xdd3b27ac in 'sysPrxForUser' module
[E]: TODO: _sys_spu_printf_finalize
[W]: Unknown function 0x1529e506 in 'cellAdec' module
[E]: TODO: cellAdecDecodeAu
[W]: Unknown function 0x487b613e in 'cellAdec' module
[E]: TODO: cellAdecStartSeq
[W]: Unknown function 0x7e4a4a49 in 'cellAdec' module
[E]: TODO: cellAdecQueryAttr
[W]: Unknown function 0x847d2380 in 'cellAdec' module
[E]: TODO: cellAdecClose
[W]: Unknown function 0x8b5551a4 in 'cellAdec' module
[E]: TODO: cellAdecOpenEx
[W]: Unknown function 0x97ff2af1 in 'cellAdec' module
[E]: TODO: cellAdecGetPcm
[W]: Unknown function 0xbd75f78b in 'cellAdec' module
[E]: TODO: cellAdecGetPcmItem
[W]: Unknown function 0x07529113 in 'cellSpurs' module
[E]: TODO: cellSpursAttributeSetNamePrefix
[W]: Unknown function 0x16394a4e in 'cellSpurs' module
[E]: TODO: _cellSpursTasksetAttributeInitialize
[W]: Unknown function 0x22aab31d in 'cellSpurs' module
[E]: TODO: cellSpursEventFlagDetachLv2EventQueue
[W]: Unknown function 0x373523d4 in 'cellSpurs' module
[E]: TODO: cellSpursEventFlagWait
[W]: Unknown function 0x4ac7bae4 in 'cellSpurs' module
[E]: TODO: cellSpursEventFlagClear
[W]: Unknown function 0x5ef96465 in 'cellSpurs' module
[E]: TODO: _cellSpursEventFlagInitialize
[W]: Unknown function 0x652b70e2 in 'cellSpurs' module
[E]: TODO: cellSpursTasksetAttributeSetName
[W]: Unknown function 0x87630976 in 'cellSpurs' module
[E]: TODO: cellSpursEventFlagAttachLv2EventQueue
[W]: Unknown function 0x95180230 in 'cellSpurs' module
[E]: TODO: _cellSpursAttributeInitialize
[W]: Unknown function 0x9f72add3 in 'cellSpurs' module
[E]: TODO: cellSpursJoinTaskset
[W]: Unknown function 0xa789e631 in 'cellSpurs' module
[E]: TODO: cellSpursShutdownTaskset
[W]: Unknown function 0xa839a4d9 in 'cellSpurs' module
[E]: TODO: cellSpursAttributeSetSpuThreadGroupType
[W]: Unknown function 0xaa6269a8 in 'cellSpurs' module
[E]: TODO: cellSpursInitializeWithAttribute
[W]: Unknown function 0xc10931cb in 'cellSpurs' module
[E]: TODO: cellSpursCreateTasksetWithAttribute
[W]: Unknown function 0xca4c4600 in 'cellSpurs' module
[E]: TODO: cellSpursFinalize
[W]: Unknown function 0x011ee38b in 'cellSpurs' module
[E]: TODO: _cellSpursLFQueueInitialize
[W]: Unknown function 0x1656d49f in 'cellSpurs' module
[E]: TODO: cellSpursLFQueueAttachLv2EventQueue
[W]: Unknown function 0x182d9890 in 'cellSpurs' module
[E]: TODO: cellSpursRequestIdleSpu
[W]: Unknown function 0x1f402f8f in 'cellSpurs' module
[E]: TODO: cellSpursGetInfo
[W]: Unknown function 0x4a5eab63 in 'cellSpurs' module
[E]: TODO: cellSpursWorkloadAttributeSetName
[W]: Unknown function 0x4e153e3e in 'cellSpurs' module
[E]: TODO: cellSpursGetWorkloadInfo
[W]: Unknown function 0x4e66d483 in 'cellSpurs' module
[E]: TODO: cellSpursDetachLv2EventQueue
[W]: Unknown function 0x52cc6c82 in 'cellSpurs' module
[E]: TODO: cellSpursCreateTaskset
[W]: Unknown function 0x57e4dec3 in 'cellSpurs' module
[E]: TODO: cellSpursRemoveWorkload
[W]: Unknown function 0x5fd43fe4 in 'cellSpurs' module
[E]: TODO: cellSpursWaitForWorkloadShutdown
[W]: Unknown function 0x73e06f91 in 'cellSpurs' module
[E]: TODO: cellSpursLFQueueDetachLv2EventQueue
[W]: Unknown function 0x80a29e27 in 'cellSpurs' module
[E]: TODO: cellSpursSetPriorities
[W]: Unknown function 0x8a85674d in 'cellSpurs' module
[E]: TODO: _cellSpursLFQueuePushBody
[W]: Unknown function 0x98d5b343 in 'cellSpurs' module
[E]: TODO: cellSpursShutdownWorkload
[W]: Unknown function 0xacfc8dbc in 'cellSpurs' module
[E]: TODO: cellSpursInitialize
[W]: Unknown function 0xb9bc6207 in 'cellSpurs' module
[E]: TODO: cellSpursAttachLv2EventQueue
[W]: Unknown function 0xbeb600ac in 'cellSpurs' module
[E]: TODO: cellSpursCreateTask
[W]: Unknown function 0xc0158d8b in 'cellSpurs' module
[E]: TODO: cellSpursAddWorkloadWithAttribute
[W]: Unknown function 0xd2e23fa9 in 'cellSpurs' module
[E]: TODO: cellSpursSetExceptionEventHandler
[W]: Unknown function 0xe0a6dbe4 in 'cellSpurs' module
[E]: TODO: _cellSpursSendSignal
[W]: Unknown function 0xefeb2679 in 'cellSpurs' module
[E]: TODO: _cellSpursWorkloadAttributeInitialize
[W]: Unknown function 0xf843818d in 'cellSpurs' module
[E]: TODO: cellSpursReadyCountStore
[W]: Unknown module 'cellPhotoUtility'
[W]: Unknown function 0x20543730 in 'cellSysutil' module
[E]: TODO: cellMsgDialogClose
[W]: Unknown function 0x8b7ed64b in 'cellSysutil' module
[E]: TODO: cellSaveDataAutoSave2
[W]: Unknown function 0x94862702 in 'cellSysutil' module
[E]: TODO: cellMsgDialogProgressBarInc
[W]: Unknown function 0x9d6af72a in 'cellSysutil' module
[E]: TODO: cellMsgDialogProgressBarSetMsg
[W]: Unknown function 0xcfdd8e87 in 'cellSysutil' module
[E]: TODO: cellSysutilDisableBgmPlayback
[W]: Unknown function 0xfbd5c856 in 'cellSysutil' module
[E]: TODO: cellSaveDataAutoLoad2
[W]: Unknown function 0x35beade0 in 'cellSysutil' module
[E]: TODO: cellOskDialogGetSize
[W]: Unknown function 0x3d1e1931 in 'cellSysutil' module
[E]: TODO: cellOskDialogUnloadAsync
[W]: Unknown function 0x7f21c918 in 'cellSysutil' module
[E]: TODO: cellOskDialogAddSupportLanguage
[W]: Unknown function 0x7fcfc915 in 'cellSysutil' module
[E]: TODO: cellOskDialogLoadAsync
[W]: Unknown function 0xb53c54fa in 'cellSysutil' module
[E]: TODO: cellOskDialogSetKeyLayoutOption
[W]: Unknown function 0xb6d84526 in 'cellSysutil' module
[E]: TODO: cellOskDialogAbort
[W]: Unknown function 0xf0ec3ccc in 'cellSysutil' module
[E]: TODO: cellOskDialogSetLayoutMode
[W]: Unknown function 0x139a9e9b in 'sys_net' module
[E]: TODO: sys_net_initialize_network_ex
[W]: Unknown function 0x27fb339d in 'sys_net' module
[E]: TODO: sys_net_if_ctl
[W]: Unknown function 0xb68d5625 in 'sys_net' module
[E]: TODO: sys_net_finalize_network
[W]: Unknown function 0xfdb8f926 in 'sys_net' module
[E]: TODO: sys_net_free_thread_context
[W]: Unknown function 0x051ee3ee in 'sys_net' module
[E]: TODO: socketpoll
[W]: Unknown function 0x13efe7f5 in 'sys_net' module
[E]: TODO: getsockname
[W]: Unknown function 0x1f953b9f in 'sys_net' module
[E]: TODO: recvfrom
[W]: Unknown function 0x28e208bb in 'sys_net' module
[E]: TODO: listen
[W]: Unknown function 0x3f09e20a in 'sys_net' module
[E]: TODO: socketselect
[W]: Unknown function 0x5a045bd1 in 'sys_net' module
[E]: TODO: getsockopt
[W]: Unknown function 0x6005cde1 in 'sys_net' module
[E]: TODO: _sys_net_errno_loc
[W]: Unknown function 0x64f66d35 in 'sys_net' module
[E]: TODO: connect
[W]: Unknown function 0x6db6e8cd in 'sys_net' module
[E]: TODO: socketclose
[W]: Unknown function 0x71f4c717 in 'sys_net' module
[E]: TODO: gethostbyname
[W]: Unknown function 0x88f03575 in 'sys_net' module
[E]: TODO: setsockopt
[W]: Unknown function 0x9647570b in 'sys_net' module
[E]: TODO: sendto
[W]: Unknown function 0x9c056962 in 'sys_net' module
[E]: TODO: socket
[W]: Unknown function 0xa50777c6 in 'sys_net' module
[E]: TODO: shutdown
[W]: Unknown function 0xa9a079e0 in 'sys_net' module
[E]: TODO: inet_aton
[W]: Unknown function 0xb0a59804 in 'sys_net' module
[E]: TODO: bind
[W]: Unknown function 0xc94f6939 in 'sys_net' module
[E]: TODO: accept
[W]: Unknown function 0xdc751b40 in 'sys_net' module
[E]: TODO: send
[W]: Unknown function 0xfba04f37 in 'sys_net' module
[E]: TODO: recv
[W]: Unknown function 0x01fbbc9b in 'sceNp' module
[E]: TODO: sceNpBasicSendMessageGui
[W]: Unknown function 0x3f0808aa in 'sceNp' module
[E]: TODO: sceNpBasicSetPresence
[W]: Unknown function 0x481ce0e8 in 'sceNp' module
[E]: TODO: sceNpBasicAbortGui
[W]: Unknown function 0x4885aa18 in 'sceNp' module
[E]: TODO: sceNpTerm
[W]: Unknown function 0x52a6b523 in 'sceNp' module
[E]: TODO: sceNpManagerUnregisterCallback
[W]: Unknown function 0x64a704cc in 'sceNp' module
[E]: TODO: sceNpBasicRecvMessageAttachmentLoad
[W]: Unknown function 0x806960ab in 'sceNp' module
[E]: TODO: sceNpBasicRecvMessageCustom
[W]: Unknown function 0x8297f1ec in 'sceNp' module
[E]: TODO: sceNpManagerRequestTicket2
[W]: Unknown function 0xa1709abd in 'sceNp' module
[E]: TODO: sceNpManagerGetEntitlementById
[W]: Unknown function 0xa7bff757 in 'sceNp' module
[E]: TODO: sceNpManagerGetStatus
[W]: Unknown function 0xad218faf in 'sceNp' module
[E]: TODO: sceNpDrmIsAvailable
[W]: Unknown function 0xb1e0718b in 'sceNp' module
[E]: TODO: sceNpManagerGetAccountRegion
[W]: Unknown function 0xbd28fdbf in 'sceNp' module
[E]: TODO: sceNpInit
[W]: Unknown function 0xbe07c708 in 'sceNp' module
[E]: TODO: sceNpManagerGetOnlineId
[W]: Unknown function 0xbe81c71c in 'sceNp' module
[E]: TODO: sceNpBasicSetPresenceDetails
[W]: Unknown function 0xe7dcd3b4 in 'sceNp' module
[E]: TODO: sceNpManagerRegisterCallback
[W]: Unknown function 0xeb7a3d84 in 'sceNp' module
[E]: TODO: sceNpManagerGetChatRestrictionFlag
[W]: Unknown function 0xec0a1fbf in 'sceNp' module
[E]: TODO: sceNpBasicSendMessage
[W]: Unknown function 0xf42c0df8 in 'sceNp' module
[E]: TODO: sceNpManagerGetOnlineName
[W]: Unknown function 0xfe37a7f4 in 'sceNp' module
[E]: TODO: sceNpManagerGetNpId
[W]: Unknown function 0x0968aa36 in 'sceNp' module
[E]: TODO: sceNpManagerGetTicket
[W]: Unknown function 0x27c69eba in 'sceNp' module
[E]: TODO: sceNpBasicAddFriend
[W]: Unknown function 0x58fa4fcd in 'sceNp' module
[E]: TODO: sceNpManagerGetTicketParam
[W]: Unknown function 0x73931bd0 in 'sceNp' module
[E]: TODO: sceNpBasicGetBlockListEntryCount
[W]: Unknown function 0xacb9ee8e in 'sceNp' module
[E]: TODO: sceNpBasicUnregisterHandler
[W]: Unknown function 0xb66d1c46 in 'sceNp' module
[E]: TODO: sceNpManagerGetEntitlementIdList
[W]: Unknown function 0xbcc09fe7 in 'sceNp' module
[E]: TODO: sceNpBasicRegisterHandler
[W]: Unknown function 0xbcdbb2ab in 'sceNp' module
[E]: TODO: sceNpBasicAddPlayersHistoryAsync
[W]: Unknown function 0xbdc07fd5 in 'sceNp' module
[E]: TODO: sceNpManagerGetNetworkTime
[W]: Unknown function 0xd208f91d in 'sceNp' module
[E]: TODO: sceNpUtilCmpNpId
[W]: Unknown function 0xe035f7d6 in 'sceNp' module
[E]: TODO: sceNpBasicGetEvent
[W]: Unknown function 0xf2b3338a in 'sceNp' module
[E]: TODO: sceNpBasicGetBlockListEntry
[W]: Unknown function 0x1b42101b in 'cellMic' module
[E]: TODO: cellMicIsAttached
[W]: Unknown function 0x07e1b12c in 'cellMic' module
[E]: TODO: cellMicRead
[W]: Unknown function 0x65336418 in 'cellMic' module
[E]: TODO: cellMicRemoveNotifyEventQueue
[W]: Unknown function 0x6bc46aab in 'cellMic' module
[E]: TODO: cellMicReset
[W]: Unknown function 0x7903400e in 'cellMic' module
[E]: TODO: cellMicSetNotifyEventQueue
[W]: Unknown function 0x8325e02d in 'cellMic' module
[E]: TODO: cellMicInit
[W]: Unknown function 0x8d229f8e in 'cellMic' module
[E]: TODO: cellMicClose
[W]: Unknown function 0xc6328caa in 'cellMic' module
[E]: TODO: cellMicEnd
[W]: Unknown function 0xdd1b59f0 in 'cellMic' module
[E]: TODO: cellMicOpen
[W]: Unknown function 0xdd724314 in 'cellMic' module
[E]: TODO: cellMicStart
[W]: Unknown function 0xfcfaf246 in 'cellMic' module
[E]: TODO: cellMicStop
[W]: Unknown module 'sceNpCommerce2'
[W]: Unknown module 'cellHttp'
[W]: Unknown function 0x1650aea4 in 'cellSsl' module
[E]: TODO: cellSslEnd
[W]: Unknown function 0x571afaca in 'cellSsl' module
[E]: TODO: cellSslCertificateLoader
[W]: Unknown function 0xfb02c9d2 in 'cellSsl' module
[E]: TODO: cellSslInit
[W]: Unknown module 'cellSaveData'
[W]: Unknown module 'cellSearchUtility'
[W]: Unknown module 'DFEngine'
[W]: Unknown function 0x94e9f81d in 'cellGameExec' module
[E]: TODO: cellGameGetHomeLaunchOptionPath
[W]: Unknown function 0xf6acd0bc in 'cellGameExec' module
[E]: TODO: cellGameGetBootGameInfo
[W]: Unknown function 0x14bf2dc1 in 'cellKey2char' module
[E]: TODO: cellKey2CharClose
[W]: Unknown function 0x56776c0d in 'cellKey2char' module
[E]: TODO: cellKey2CharGetChar
[W]: Unknown function 0xabf629c1 in 'cellKey2char' module
[E]: TODO: cellKey2CharOpen
[W]: Unknown function 0xbfc03768 in 'cellKey2char' module
[E]: TODO: cellKey2CharSetMode
[W]: Unknown function 0x0a862772 in 'cellGcmSys' module
[E]: TODO: cellGcmSetQueueHandler
[W]: Unknown function 0x25b40ab4 in 'cellGcmSys' module
[E]: TODO: cellGcmSortRemapEaIoAddress
[W]: Unknown function 0xacee8542 in 'cellGcmSys' module
[E]: TODO: cellGcmSetFlipImmediate
[W]: Unknown function 0xd01b570d in 'cellGcmSys' module
[E]: TODO: cellGcmSetGraphicsHandler
[W]: Unknown function 0x04459230 in 'cellNetCtl' module
[E]: TODO: cellNetCtlNetStartDialogLoadAsync
[W]: Unknown function 0x0ce13c6b in 'cellNetCtl' module
[E]: TODO: cellNetCtlAddHandler
[W]: Unknown function 0x0f1f13d3 in 'cellNetCtl' module
[E]: TODO: cellNetCtlNetStartDialogUnloadAsync
[W]: Unknown function 0x105ee2cb in 'cellNetCtl' module
[E]: TODO: cellNetCtlTerm
[W]: Unknown function 0x1e585b5d in 'cellNetCtl' module
[E]: TODO: cellNetCtlGetInfo
[W]: Unknown function 0x8b3eba69 in 'cellNetCtl' module
[E]: TODO: cellNetCtlGetState
[W]: Unknown function 0x901815c3 in 'cellNetCtl' module
[E]: TODO: cellNetCtlDelHandler
[W]: Unknown function 0xbd5a59fc in 'cellNetCtl' module
[E]: TODO: cellNetCtlInit
[W]: Unknown function 0xe6f5711b in 'cellL10n' module
[E]: TODO: UTF16stoUTF8s
[W]: Unknown function 0xf7681b9a in 'cellL10n' module
[E]: TODO: UTF8stoUTF16s
[! : PPU[1] Thread (CPUThread)[0x00010230]]: PPU[1] Thread (CPUThread) enter
[W : PPU[1] Thread (CPUThread)[0x00462ec0]]: memory warning: sys_memory_get_user_memory_size(mem_info_addr=0xd0020c04)
[W : PPU[1] Thread (CPUThread)[0x0039135c]]: memory warning: sys_memory_get_user_memory_size(mem_info_addr=0xd00209a0)
[W : PPU[1] Thread (CPUThread)[0x00391420]]: memory warning: sys_memory_get_user_memory_size(mem_info_addr=0xd00209a0)
[W : PPU[1] Thread (CPUThread)[0x0043929c]]: cellSysutil warning: cellSysutilGetSystemParamInt: CELL_SYSUTIL_SYSTEMPARAM_ID_TIMEZONE
[W : PPU[1] Thread (CPUThread)[0x0043929c]]: cellSysutil warning: cellSysutilGetSystemParamInt: CELL_SYSUTIL_SYSTEMPARAM_ID_SUMMERTIME
[W : PPU[1] Thread (CPUThread)[0x0044de98]]: cellSysutil warning: cellSysutilGetSystemParamInt: CELL_SYSUTIL_SYSTEMPARAM_ID_TIMEZONE
[W : PPU[1] Thread (CPUThread)[0x0044de98]]: cellSysutil warning: cellSysutilGetSystemParamInt: CELL_SYSUTIL_SYSTEMPARAM_ID_SUMMERTIME
[W : PPU[1] Thread (CPUThread)[0x0043b14c]]: cellSysutil warning: cellSysutilGetSystemParamInt: CELL_SYSUTIL_SYSTEMPARAM_ID_TIMEZONE
[W : PPU[1] Thread (CPUThread)[0x0043b14c]]: cellSysutil warning: cellSysutilGetSystemParamInt: CELL_SYSUTIL_SYSTEMPARAM_ID_SUMMERTIME
[W : PPU[1] Thread (CPUThread)[0x0044de98]]: cellSysutil warning: cellSysutilGetSystemParamInt: CELL_SYSUTIL_SYSTEMPARAM_ID_TIMEZONE
[W : PPU[1] Thread (CPUThread)[0x0044de98]]: cellSysutil warning: cellSysutilGetSystemParamInt: CELL_SYSUTIL_SYSTEMPARAM_ID_SUMMERTIME
[W : PPU[1] Thread (CPUThread)[0x00438b30]]: cellSysutil warning: cellSysutilGetSystemParamInt: CELL_SYSUTIL_SYSTEMPARAM_ID_TIMEZONE
[W : PPU[1] Thread (CPUThread)[0x00438b30]]: cellSysutil warning: cellSysutilGetSystemParamInt: CELL_SYSUTIL_SYSTEMPARAM_ID_SUMMERTIME
[W : PPU[1] Thread (CPUThread)[0x0043b14c]]: cellSysutil warning: cellSysutilGetSystemParamInt: CELL_SYSUTIL_SYSTEMPARAM_ID_TIMEZONE
[W : PPU[1] Thread (CPUThread)[0x0043b14c]]: cellSysutil warning: cellSysutilGetSystemParamInt: CELL_SYSUTIL_SYSTEMPARAM_ID_SUMMERTIME
[E : PPU[1] Thread (CPUThread)[0x0085c064]]: sysPrxForUser error: sys_prx_register_library(lib_addr=0x7652dc)
[E : PPU[1] Thread (CPUThread)[0x0085c064]]: sysPrxForUser error: sys_prx_register_library(lib_addr=0x7652f8)
[W : PPU[1] Thread (CPUThread)[0x01448094]]: cellSysutil warning: cellSysutilRegisterCallback(slot=0, func_addr=0x870a60, userdata=0x0)
[W : PPU[1] Thread (CPUThread)[0x01444010]]: cellSysmodule warning: cellSysmoduleLoadModule(CELL_SYSMODULE_AUDIO)
[W : PPU[1] Thread (CPUThread)[0x01444010]]: cellSysmodule warning: cellSysmoduleLoadModule(CELL_SYSMODULE_ADEC_M4AAC)
[W : PPU[1] Thread (CPUThread)[0x01444010]]: cellSysmodule warning: cellSysmoduleLoadModule(CELL_SYSMODULE_ADEC_MP3)
[W : PPU[1] Thread (CPUThread)[0x01444010]]: cellSysmodule warning: cellSysmoduleLoadModule(CELL_SYSMODULE_SYSUTIL_SEARCH)
[W : PPU[1] Thread (CPUThread)[0x01444010]]: cellSysmodule warning: cellSysmoduleLoadModule(CELL_SYSMODULE_FS)
[W : PPU[1] Thread (CPUThread)[0x003c0678]]: sys_spu warning: sys_spu_initialize(max_usable_spu=6, max_raw_spu=0)
[W : PPU[1] Thread (CPUThread)[0x01444010]]: cellSysmodule warning: cellSysmoduleLoadModule(CELL_SYSMODULE_NET)
[E : PPU[1] Thread (CPUThread)[0x0144a004]]: TODO: sys_net_initialize_network_ex
[E : PPU[1] Thread (CPUThread)[0x01442064]]: TODO: _cellSpursAttributeInitialize
[E : PPU[1] Thread (CPUThread)[0x01442004]]: TODO: cellSpursAttributeSetNamePrefix
[E : PPU[1] Thread (CPUThread)[0x01442088]]: TODO: cellSpursAttributeSetSpuThreadGroupType
[E : PPU[1] Thread (CPUThread)[0x01442094]]: TODO: cellSpursInitializeWithAttribute
[E : PPU[1] Thread (CPUThread)[0x01442064]]: TODO: _cellSpursAttributeInitialize
[E : PPU[1] Thread (CPUThread)[0x01442004]]: TODO: cellSpursAttributeSetNamePrefix
[E : PPU[1] Thread (CPUThread)[0x01442094]]: TODO: cellSpursInitializeWithAttribute
[W : PPU[1] Thread (CPUThread)[0x00465940]]: sys_event warning: sys_event_queue_create(equeue_id_addr=0xc73880, attr_addr=0xd00204b4, event_queue_key=0x0, size=127)
[W : PPU[1] Thread (CPUThread)[0x00465940]]: sys_event warning: *** event_queue created [] (protocol=0x2, type=0x1): id = 137
[! : PPU[138] Thread (Job Manager Event Handler)[0x00465758]]: PPU[138] Thread (Job Manager Event Handler) enter
[W : PPU[1] Thread (CPUThread)[0x00465984]]: sys_event warning: sys_event_port_create(eport_id_addr=0xc73894, port_type=0x1, name=0xd0a77)
[W : PPU[1] Thread (CPUThread)[0x00465984]]: sys_event warning: *** sys_event_port created: id = 139
[W : PPU[138] Thread (Job Manager Event Handler)[0x004657a8]]: sys_event warning: sys_event_queue_receive(equeue_id=137, event_addr=0xd0030ca0, timeout=0)
[W : PPU[1] Thread (CPUThread)[0x00465994]]: sys_event warning: sys_event_port_connect_local(eport_id=139, equeue_id=137)
[E : PPU[1] Thread (CPUThread)[0x0144216c]]: TODO: cellSpursAttachLv2EventQueue
[W : PPU[1] Thread (CPUThread)[0x00465940]]: sys_event warning: sys_event_queue_create(equeue_id_addr=0xc738a8, attr_addr=0xd00204b4, event_queue_key=0x0, size=127)
[W : PPU[1] Thread (CPUThread)[0x00465940]]: sys_event warning: *** event_queue created [] (protocol=0x2, type=0x1): id = 140
[W : PPU[1] Thread (CPUThread)[0x00465984]]: sys_event warning: sys_event_port_create(eport_id_addr=0xc738bc, port_type=0x1, name=0xd0a77)
[! : PPU[141] Thread (Job Manager Event Handler)[0x00465758]]: PPU[141] Thread (Job Manager Event Handler) enter
[W : PPU[1] Thread (CPUThread)[0x00465984]]: sys_event warning: *** sys_event_port created: id = 142
[W : PPU[1] Thread (CPUThread)[0x00465994]]: sys_event warning: sys_event_port_connect_local(eport_id=142, equeue_id=140)
[W : PPU[141] Thread (Job Manager Event Handler)[0x004657a8]]: sys_event warning: sys_event_queue_receive(equeue_id=140, event_addr=0xd0040ca0, timeout=0)
[E : PPU[1] Thread (CPUThread)[0x0144216c]]: TODO: cellSpursAttachLv2EventQueue
[W : PPU[1] Thread (CPUThread)[0x003e1384]]: sys_mutex warning: sys_mutex_create(mutex_id_addr=0xc81db0, attr_addr=0xd00203d8)
[W : PPU[1] Thread (CPUThread)[0x005a2d84]]: sys_mutex warning: sys_mutex_create(mutex_id_addr=0xf735a4, attr_addr=0xd00202a0)
[W : PPU[1] Thread (CPUThread)[0x0144801c]]: vfsLocalFile::Create('D:\Emulateur\Rpcs3\dev_hdd1\cache\')
[W : PPU[1] Thread (CPUThread)[0x003e1540]]: memory warning: sys_mmapper_allocate_address(size=0x10000000, flags=0x400, alignment=0x0, alloc_addr=0xc81e14)
[W : PPU[1] Thread (CPUThread)[0x0085c0dc]]: memory warning: sys_mmapper_allocate_memory(size=0x4b00000, flags=0x400, mem_id_addr=0xc81e18)
[W : PPU[1] Thread (CPUThread)[0x0085c100]]: memory warning: sys_mmapper_map_memory(start_addr=0x0, mem_id=0x91, flags=0x40000)
[W : PPU[1] Thread (CPUThread)[0x0085c100]]: memory mapped 0x3ac00000 to 0x0 size=0x4b00000
[W : PPU[1] Thread (CPUThread)[0x003e157c]]: memory warning: sys_memory_container_create(cid_addr=0xc81e20, yield_size=0xa00000)
[E : PPU[1] Thread (CPUThread)[0x0085c07c]]: TODO: sys_mmapper_allocate_memory_from_container
[W : PPU[1] Thread (CPUThread)[0x0085c100]]: memory warning: sys_mmapper_map_memory(start_addr=0x4b00000, mem_id=0x0, flags=0x40000)
[W : PPU[1] Thread (CPUThread)[0x0146a01c]]: cellGcmSys warning: cellGcmInit(context_addr=0x13be314,cmdSize=0x10000,ioSize=0x5500000,ioAddress=0x31f00000)
[W : PPU[1] Thread (CPUThread)[0x0146a01c]]: cellGcmSys warning: *** local memory(addr=0xc0000000, size=0xf900000)
[W : PPU[1] Thread (CPUThread)[0x0146a01c]]: cellGcmSys warning: cellGcmMapEaIoAddress(ea=0x31f00000, io=0x0, size=0x5500000)
[! : RSXThread]: RSX thread entry
[W : PPU[1] Thread (CPUThread)[0x01448130]]: cellSysutil warning: cellVideoOutGetResolutionAvailability(videoOut=0, resolutionId=0x2, option_addr=0x0, aspect=0x0, option=0x2b048b80)
[W : PPU[1] Thread (CPUThread)[0x014480dc]]: cellSysutil warning: cellVideoOutConfigure(videoOut=0, config_addr=0xd001feec, option_addr=0x0, waitForEvent=0x0)
[W : PPU[1] Thread (CPUThread)[0x0146a070]]: cellGcmSys warning: cellGcmSetFlipMode(mode=2)
[W : PPU[1] Thread (CPUThread)[0x0146a0e8]]: cellGcmSys warning: cellGcmSetTileInfo(index=0, location=0, offset=65536, size=7536640, pitch=5120, comp=7, base=1, bank=0)
[E : PPU[1] Thread (CPUThread)[0x0146a0e8]]: cellGcmSys error: cellGcmSetTileInfo: bad comp! (7)
[W : PPU[1] Thread (CPUThread)[0x0146a064]]: cellGcmSys warning: cellGcmBindTile(index=0)
[W : PPU[1] Thread (CPUThread)[0x0146a0ac]]: cellGcmSys warning: cellGcmSetDisplayBuffer(id=0x0,offset=0x10000,pitch=4,width=1280,height=720)
[W : PPU[1] Thread (CPUThread)[0x0146a0ac]]: cellGcmSys warning: cellGcmSetDisplayBuffer(id=0x1,offset=0x394000,pitch=4,width=1280,height=720)
[W : PPU[1] Thread (CPUThread)[0x0146a070]]: cellGcmSys warning: cellGcmSetFlipMode(mode=2)
[W : PPU[1] Thread (CPUThread)[0x0146a004]]: cellGcmSys warning: cellGcmSetUserHandler(handler=0x8a0970)
[E : PPU[1] Thread (CPUThread)[0x0146a0d0]]: cellGcmSys error: Unimplemented function: cellGcmSetVBlankHandler
[W : PPU[1] Thread (CPUThread)[0x0146a070]]: cellGcmSys warning: cellGcmSetFlipMode(mode=1)
[W : PPU[1] Thread (CPUThread)[0x005b9bd0]]: sys_event warning: sys_event_port_create(eport_id_addr=0x31ee9e08, port_type=0x1, name=0x0)
[W : PPU[1] Thread (CPUThread)[0x005b9bd0]]: sys_event warning: *** sys_event_port created: id = 148
[W : PPU[1] Thread (CPUThread)[0x005b9bec]]: sys_event warning: sys_event_queue_create(equeue_id_addr=0x31ee9e0c, attr_addr=0xd0020110, event_queue_key=0x0, size=8)
[W : PPU[1] Thread (CPUThread)[0x005b9bec]]: sys_event warning: *** event_queue created [] (protocol=0x2, type=0x1): id = 149
[W : PPU[1] Thread (CPUThread)[0x005b9bfc]]: sys_event warning: sys_event_port_connect_local(eport_id=148, equeue_id=149)
[! : PPU[150] Thread (FpPadThread)[0x005b9570]]: PPU[150] Thread (FpPadThread) enter
[W : PPU[1] Thread (CPUThread)[0x01444010]]: cellSysmodule warning: cellSysmoduleLoadModule(CELL_SYSMODULE_KEY2CHAR)
[E : PPU[150] Thread (FpPadThread)[0x005b9798]]: sys_event error: sys_event_queue_tryreceive(equeue_id=149, event_array_addr=0xd0050cc8, size=8, number_addr=0xd0050cc0)
[W : RSXThread]: NV4097_SET_COLOR_MASK_MRT: fff0
[E : RSXThread]: TODO: cellGcmSetFrontFace(0x901)
[E : RSXThread]: TODO: unknown/illegal method [0x00001fcc](0x6f)
[E : RSXThread]: TODO: cellGcmSetContextDmaReport(0xfeed0001)
[E : RSXThread]: TODO: unknown/illegal method [0x00001450](0x80004)
[E : PPU[150] Thread (FpPadThread)[0x005b9798]]: sys_event error: sys_event_queue_tryreceive(equeue_id=149, event_array_addr=0xd0050cc8, size=8, number_addr=0xd0050cc0)
[E : PPU[1] Thread (CPUThread)[0x014420dc]]: TODO: cellSpursGetInfo
[E : PPU[1] Thread (CPUThread)[0x014421a8]]: TODO: _cellSpursWorkloadAttributeInitialize
[E : PPU[1] Thread (CPUThread)[0x014420e8]]: TODO: cellSpursWorkloadAttributeSetName
[E : PPU[1] Thread (CPUThread)[0x01442184]]: TODO: cellSpursAddWorkloadWithAttribute
[E : PPU[1] Thread (CPUThread)[0x014420d0]]: TODO: cellSpursRequestIdleSpu
[E : PPU[1] Thread (CPUThread)[0x01442190]]: TODO: cellSpursSetExceptionEventHandler
[E : PPU[1] Thread (CPUThread)[0x014420dc]]: TODO: cellSpursGetInfo
[E : PPU[1] Thread (CPUThread)[0x014421a8]]: TODO: _cellSpursWorkloadAttributeInitialize
[E : PPU[1] Thread (CPUThread)[0x014420e8]]: TODO: cellSpursWorkloadAttributeSetName
[E : PPU[1] Thread (CPUThread)[0x01442184]]: TODO: cellSpursAddWorkloadWithAttribute
[E : PPU[1] Thread (CPUThread)[0x014420d0]]: TODO: cellSpursRequestIdleSpu
[E : PPU[1] Thread (CPUThread)[0x01442190]]: TODO: cellSpursSetExceptionEventHandler
[E : PPU[150] Thread (FpPadThread)[0x005b9798]]: sys_event error: sys_event_queue_tryreceive(equeue_id=149, event_array_addr=0xd0050cc8, size=8, number_addr=0xd0050cc0)
[E : PPU[150] Thread (FpPadThread)[0x005b9798]]: sys_event error: sys_event_queue_tryreceive(equeue_id=149, event_array_addr=0xd0050cc8, size=8, number_addr=0xd0050cc0)
[E : PPU[150] Thread (FpPadThread)[0x005b9798]]: sys_event error: sys_event_queue_tryreceive(equeue_id=149, event_array_addr=0xd0050cc8, size=8, number_addr=0xd0050cc0)
[E : PPU[150] Thread (FpPadThread)[0x005b9798]]: sys_event error: sys_event_queue_tryreceive(equeue_id=149, event_array_addr=0xd0050cc8, size=8, number_addr=0xd0050cc0)
[E : PPU[150] Thread (FpPadThread)[0x005b9798]]: sys_event error: sys_event_queue_tryreceive(equeue_id=149, event_array_addr=0xd0050cc8, size=8, number_addr=0xd0050cc0)
[E : PPU[150] Thread (FpPadThread)[0x005b9798]]: sys_event error: sys_event_queue_tryreceive(equeue_id=149, event_array_addr=0xd0050cc8, size=8, number_addr=0xd0050cc0)
[E : PPU[150] Thread (FpPadThread)[0x005b9798]]: sys_event error: sys_event_queue_tryreceive(equeue_id=149, event_array_addr=0xd0050cc8, size=8, number_addr=0xd0050cc0)
[E : PPU[150] Thread (FpPadThread)[0x005b9798]]: sys_event error: sys_event_queue_tryreceive(equeue_id=149, event_array_addr=0xd0050cc8, size=8, number_addr=0xd0050cc0)
[E : PPU[150] Thread (FpPadThread)[0x005b9798]]: sys_event error: sys_event_queue_tryreceive(equeue_id=149, event_array_addr=0xd0050cc8, size=8, number_addr=0xd0050cc0)
[E : PPU[150] Thread (FpPadThread)[0x005b9798]]: sys_event error: sys_event_queue_tryreceive(equeue_id=149, event_array_addr=0xd0050cc8, size=8, number_addr=0xd0050cc0)
[E : PPU[150] Thread (FpPadThread)[0x005b9798]]: sys_event error: sys_event_queue_tryreceive(equeue_id=149, event_array_addr=0xd0050cc8, size=8, number_addr=0xd0050cc0)
[E : PPU[150] Thread (FpPadThread)[0x005b9798]]: sys_event error: sys_event_queue_tryreceive(equeue_id=149, event_array_addr=0xd0050cc8, size=8, number_addr=0xd0050cc0)
[E : PPU[150] Thread (FpPadThread)[0x005b9798]]: sys_event error: sys_event_queue_tryreceive(equeue_id=149, event_array_addr=0xd0050cc8, size=8, number_addr=0xd0050cc0)
[E : PPU[150] Thread (FpPadThread)[0x005b9798]]: sys_event error: sys_event_queue_tryreceive(equeue_id=149, event_array_addr=0xd0050cc8, size=8, number_addr=0xd0050cc0)
[E : PPU[150] Thread (FpPadThread)[0x005b9798]]: sys_event error: sys_event_queue_tryreceive(equeue_id=149, event_array_addr=0xd0050cc8, size=8, number_addr=0xd0050cc0)
[E : PPU[150] Thread (FpPadThread)[0x005b9798]]: sys_event error: sys_event_queue_tryreceive(equeue_id=149, event_array_addr=0xd0050cc8, size=8, number_addr=0xd0050cc0)
[E : PPU[150] Thread (FpPadThread)[0x005b9798]]: sys_event error: sys_event_queue_tryreceive(equeue_id=149, event_array_addr=0xd0050cc8, size=8, number_addr=0xd0050cc0)
[E : PPU[150] Thread (FpPadThread)[0x005b9798]]: sys_event error: sys_event_queue_tryreceive(equeue_id=149, event_array_addr=0xd0050cc8, size=8, number_addr=0xd0050cc0)
[E : PPU[150] Thread (FpPadThread)[0x005b9798]]: sys_event error: sys_event_queue_tryreceive(equeue_id=149, event_array_addr=0xd0050cc8, size=8, number_addr=0xd0050cc0)
[E : PPU[150] Thread (FpPadThread)[0x005b9798]]: sys_event error: sys_event_queue_tryreceive(equeue_id=149, event_array_addr=0xd0050cc8, size=8, number_addr=0xd0050cc0)
[E : PPU[150] Thread (FpPadThread)[0x005b9798]]: sys_event error: sys_event_queue_tryreceive(equeue_id=149, event_array_addr=0xd0050cc8, size=8, number_addr=0xd0050cc0)
[E : PPU[150] Thread (FpPadThread)[0x005b9798]]: sys_event error: sys_event_queue_tryreceive(equeue_id=149, event_array_addr=0xd0050cc8, size=8, number_addr=0xd0050cc0)
[E : PPU[150] Thread (FpPadThread)[0x005b9798]]: sys_event error: sys_event_queue_tryreceive(equeue_id=149, event_array_addr=0xd0050cc8, size=8, number_addr=0xd0050cc0)
[E : PPU[150] Thread (FpPadThread)[0x005b9798]]: sys_event error: sys_event_queue_tryreceive(equeue_id=149, event_array_addr=0xd0050cc8, size=8, number_addr=0xd0050cc0)
[E : PPU[150] Thread (FpPadThread)[0x005b9798]]: sys_event error: sys_event_queue_tryreceive(equeue_id=149, event_array_addr=0xd0050cc8, size=8, number_addr=0xd0050cc0)
[E : PPU[150] Thread (FpPadThread)[0x005b9798]]: sys_event error: sys_event_queue_tryreceive(equeue_id=149, event_array_addr=0xd0050cc8, size=8, number_addr=0xd0050cc0)
[E : PPU[150] Thread (FpPadThread)[0x005b9798]]: sys_event error: sys_event_queue_tryreceive(equeue_id=149, event_array_addr=0xd0050cc8, size=8, number_addr=0xd0050cc0)
[E : PPU[150] Thread (FpPadThread)[0x005b9798]]: sys_event error: sys_event_queue_tryreceive(equeue_id=149, event_array_addr=0xd0050cc8, size=8, number_addr=0xd0050cc0)
[E : PPU[150] Thread (FpPadThread)[0x005b9798]]: sys_event error: sys_event_queue_tryreceive(equeue_id=149, event_array_addr=0xd0050cc8, size=8, number_addr=0xd0050cc0)
[E : PPU[150] Thread (FpPadThread)[0x005b9798]]: sys_event error: sys_event_queue_tryreceive(equeue_id=149, event_array_addr=0xd0050cc8, size=8, number_addr=0xd0050cc0)
[E : PPU[150] Thread (FpPadThread)[0x005b9798]]: sys_event error: sys_event_queue_tryreceive(equeue_id=149, event_array_addr=0xd0050cc8, size=8, number_addr=0xd0050cc0)
[E : PPU[150] Thread (FpPadThread)[0x005b9798]]: sys_event error: sys_event_queue_tryreceive(equeue_id=149, event_array_addr=0xd0050cc8, size=8, number_addr=0xd0050cc0)
[E : PPU[150] Thread (FpPadThread)[0x005b9798]]: sys_event error: sys_event_queue_tryreceive(equeue_id=149, event_array_addr=0xd0050cc8, size=8, number_addr=0xd0050cc0)
[E : PPU[150] Thread (FpPadThread)[0x005b9798]]: sys_event error: sys_event_queue_tryreceive(equeue_id=149, event_array_addr=0xd0050cc8, size=8, number_addr=0xd0050cc0)
[E : PPU[150] Thread (FpPadThread)[0x005b9798]]: sys_event error: sys_event_queue_tryreceive(equeue_id=149, event_array_addr=0xd0050cc8, size=8, number_addr=0xd0050cc0)
[E : PPU[150] Thread (FpPadThread)[0x005b9798]]: sys_event error: sys_event_queue_tryreceive(equeue_id=149, event_array_addr=0xd0050cc8, size=8, number_addr=0xd0050cc0)
[E : PPU[150] Thread (FpPadThread)[0x005b9798]]: sys_event error: sys_event_queue_tryreceive(equeue_id=149, event_array_addr=0xd0050cc8, size=8, number_addr=0xd0050cc0)
[E : PPU[150] Thread (FpPadThread)[0x005b9798]]: sys_event error: sys_event_queue_tryreceive(equeue_id=149, event_array_addr=0xd0050cc8, size=8, number_addr=0xd0050cc0)
[E : PPU[150] Thread (FpPadThread)[0x005b9798]]: sys_event error: sys_event_queue_tryreceive(equeue_id=149, event_array_addr=0xd0050cc8, size=8, number_addr=0xd0050cc0)
[E : PPU[150] Thread (FpPadThread)[0x005b9798]]: sys_event error: sys_event_queue_tryreceive(equeue_id=149, event_array_addr=0xd0050cc8, size=8, number_addr=0xd0050cc0)
[E : PPU[150] Thread (FpPadThread)[0x005b9798]]: sys_event error: sys_event_queue_tryreceive(equeue_id=149, event_array_addr=0xd0050cc8, size=8, number_addr=0xd0050cc0)
[E : PPU[150] Thread (FpPadThread)[0x005b9798]]: sys_event error: sys_event_queue_tryreceive(equeue_id=149, event_array_addr=0xd0050cc8, size=8, number_addr=0xd0050cc0)
[E : PPU[150] Thread (FpPadThread)[0x005b9798]]: sys_event error: sys_event_queue_tryreceive(equeue_id=149, event_array_addr=0xd0050cc8, size=8, number_addr=0xd0050cc0)
[E : PPU[150] Thread (FpPadThread)[0x005b9798]]: sys_event error: sys_event_queue_tryreceive(equeue_id=149, event_array_addr=0xd0050cc8, size=8, number_addr=0xd0050cc0)
[E : PPU[1] Thread (CPUThread)[0x014420dc]]: TODO: cellSpursGetInfo
[E : PPU[1] Thread (CPUThread)[0x014421a8]]: TODO: _cellSpursWorkloadAttributeInitialize
[E : PPU[1] Thread (CPUThread)[0x014420e8]]: TODO: cellSpursWorkloadAttributeSetName
[E : PPU[1] Thread (CPUThread)[0x01442184]]: TODO: cellSpursAddWorkloadWithAttribute
[E : PPU[1] Thread (CPUThread)[0x014420d0]]: TODO: cellSpursRequestIdleSpu
[E : PPU[1] Thread (CPUThread)[0x01442190]]: TODO: cellSpursSetExceptionEventHandler
[E : PPU[1] Thread (CPUThread)[0x014420dc]]: TODO: cellSpursGetInfo
[E : PPU[1] Thread (CPUThread)[0x014421a8]]: TODO: _cellSpursWorkloadAttributeInitialize
[E : PPU[1] Thread (CPUThread)[0x014420e8]]: TODO: cellSpursWorkloadAttributeSetName
[E : PPU[1] Thread (CPUThread)[0x01442184]]: TODO: cellSpursAddWorkloadWithAttribute
[E : PPU[1] Thread (CPUThread)[0x014420d0]]: TODO: cellSpursRequestIdleSpu
[E : PPU[1] Thread (CPUThread)[0x01442190]]: TODO: cellSpursSetExceptionEventHandler
[E : PPU[150] Thread (FpPadThread)[0x005b9798]]: sys_event error: sys_event_queue_tryreceive(equeue_id=149, event_array_addr=0xd0050cc8, size=8, number_addr=0xd0050cc0)
[E : PPU[150] Thread (FpPadThread)[0x005b9798]]: sys_event error: sys_event_queue_tryreceive(equeue_id=149, event_array_addr=0xd0050cc8, size=8, number_addr=0xd0050cc0)
[E : PPU[150] Thread (FpPadThread)[0x005b9798]]: sys_event error: sys_event_queue_tryreceive(equeue_id=149, event_array_addr=0xd0050cc8, size=8, number_addr=0xd0050cc0)
[E : PPU[150] Thread (FpPadThread)[0x005b9798]]: sys_event error: sys_event_queue_tryreceive(equeue_id=149, event_array_addr=0xd0050cc8, size=8, number_addr=0xd0050cc0)
[E : PPU[150] Thread (FpPadThread)[0x005b9798]]: sys_event error: sys_event_queue_tryreceive(equeue_id=149, event_array_addr=0xd0050cc8, size=8, number_addr=0xd0050cc0)
[E : PPU[150] Thread (FpPadThread)[0x005b9798]]: sys_event error: sys_event_queue_tryreceive(equeue_id=149, event_array_addr=0xd0050cc8, size=8, number_addr=0xd0050cc0)
[E : PPU[150] Thread (FpPadThread)[0x005b9798]]: sys_event error: sys_event_queue_tryreceive(equeue_id=149, event_array_addr=0xd0050cc8, size=8, number_addr=0xd0050cc0)
[E : PPU[150] Thread (FpPadThread)[0x005b9798]]: sys_event error: sys_event_queue_tryreceive(equeue_id=149, event_array_addr=0xd0050cc8, size=8, number_addr=0xd0050cc0)
[E : PPU[150] Thread (FpPadThread)[0x005b9798]]: sys_event error: sys_event_queue_tryreceive(equeue_id=149, event_array_addr=0xd0050cc8, size=8, number_addr=0xd0050cc0)
[E : PPU[150] Thread (FpPadThread)[0x005b9798]]: sys_event error: sys_event_queue_tryreceive(equeue_id=149, event_array_addr=0xd0050cc8, size=8, number_addr=0xd0050cc0)
[E : PPU[150] Thread (FpPadThread)[0x005b9798]]: sys_event error: sys_event_queue_tryreceive(equeue_id=149, event_array_addr=0xd0050cc8, size=8, number_addr=0xd0050cc0)
[E : PPU[150] Thread (FpPadThread)[0x005b9798]]: sys_event error: sys_event_queue_tryreceive(equeue_id=149, event_array_addr=0xd0050cc8, size=8, number_addr=0xd0050cc0)
[E : PPU[150] Thread (FpPadThread)[0x005b9798]]: sys_event error: sys_event_queue_tryreceive(equeue_id=149, event_array_addr=0xd0050cc8, size=8, number_addr=0xd0050cc0)
[E : PPU[150] Thread (FpPadThread)[0x005b9798]]: sys_event error: sys_event_queue_tryreceive(equeue_id=149, event_array_addr=0xd0050cc8, size=8, number_addr=0xd0050cc0)
[E : PPU[150] Thread (FpPadThread)[0x005b9798]]: sys_event error: sys_event_queue_tryreceive(equeue_id=149, event_array_addr=0xd0050cc8, size=8, number_addr=0xd0050cc0)
[E : PPU[150] Thread (FpPadThread)[0x005b9798]]: sys_event error: sys_event_queue_tryreceive(equeue_id=149, event_array_addr=0xd0050cc8, size=8, number_addr=0xd0050cc0)
[E : PPU[150] Thread (FpPadThread)[0x005b9798]]: sys_event error: sys_event_queue_tryreceive(equeue_id=149, event_array_addr=0xd0050cc8, size=8, number_addr=0xd0050cc0)
[E : PPU[150] Thread (FpPadThread)[0x005b9798]]: sys_event error: sys_event_queue_tryreceive(equeue_id=149, event_array_addr=0xd0050cc8, size=8, number_addr=0xd0050cc0)
[E : PPU[150] Thread (FpPadThread)[0x005b9798]]: sys_event error: sys_event_queue_tryreceive(equeue_id=149, event_array_addr=0xd0050cc8, size=8, number_addr=0xd0050cc0)
[E : PPU[150] Thread (FpPadThread)[0x005b9798]]: sys_event error: sys_event_queue_tryreceive(equeue_id=149, event_array_addr=0xd0050cc8, size=8, number_addr=0xd0050cc0)
[E : PPU[150] Thread (FpPadThread)[0x005b9798]]: sys_event error: sys_event_queue_tryreceive(equeue_id=149, event_array_addr=0xd0050cc8, size=8, number_addr=0xd0050cc0)
[E : PPU[150] Thread (FpPadThread)[0x005b9798]]: sys_event error: sys_event_queue_tryreceive(equeue_id=149, event_array_addr=0xd0050cc8, size=8, number_addr=0xd0050cc0)
[E : PPU[150] Thread (FpPadThread)[0x005b9798]]: sys_event error: sys_event_queue_tryreceive(equeue_id=149, event_array_addr=0xd0050cc8, size=8, number_addr=0xd0050cc0)
[E : PPU[150] Thread (FpPadThread)[0x005b9798]]: sys_event error: sys_event_queue_tryreceive(equeue_id=149, event_array_addr=0xd0050cc8, size=8, number_addr=0xd0050cc0)
[E : PPU[150] Thread (FpPadThread)[0x005b9798]]: sys_event error: sys_event_queue_tryreceive(equeue_id=149, event_array_addr=0xd0050cc8, size=8, number_addr=0xd0050cc0)
[E : PPU[150] Thread (FpPadThread)[0x005b9798]]: sys_event error: sys_event_queue_tryreceive(equeue_id=149, event_array_addr=0xd0050cc8, size=8, number_addr=0xd0050cc0)
[E : PPU[150] Thread (FpPadThread)[0x005b9798]]: sys_event error: sys_event_queue_tryreceive(equeue_id=149, event_array_addr=0xd0050cc8, size=8, number_addr=0xd0050cc0)
[E : PPU[150] Thread (FpPadThread)[0x005b9798]]: sys_event error: sys_event_queue_tryreceive(equeue_id=149, event_array_addr=0xd0050cc8, size=8, number_addr=0xd0050cc0)
[E : PPU[150] Thread (FpPadThread)[0x005b9798]]: sys_event error: sys_event_queue_tryreceive(equeue_id=149, event_array_addr=0xd0050cc8, size=8, number_addr=0xd0050cc0)
[E : PPU[150] Thread (FpPadThread)[0x005b9798]]: sys_event error: sys_event_queue_tryreceive(equeue_id=149, event_array_addr=0xd0050cc8, size=8, number_addr=0xd0050cc0)
[E : PPU[150] Thread (FpPadThread)[0x005b9798]]: sys_event error: sys_event_queue_tryreceive(equeue_id=149, event_array_addr=0xd0050cc8, size=8, number_addr=0xd0050cc0)
[E : PPU[150] Thread (FpPadThread)[0x005b9798]]: sys_event error: sys_event_queue_tryreceive(equeue_id=149, event_array_addr=0xd0050cc8, size=8, number_addr=0xd0050cc0)
[E : PPU[150] Thread (FpPadThread)[0x005b9798]]: sys_event error: sys_event_queue_tryreceive(equeue_id=149, event_array_addr=0xd0050cc8, size=8, number_addr=0xd0050cc0)
[E : PPU[150] Thread (FpPadThread)[0x005b9798]]: sys_event error: sys_event_queue_tryreceive(equeue_id=149, event_array_addr=0xd0050cc8, size=8, number_addr=0xd0050cc0)
[E : PPU[150] Thread (FpPadThread)[0x005b9798]]: sys_event error: sys_event_queue_tryreceive(equeue_id=149, event_array_addr=0xd0050cc8, size=8, number_addr=0xd0050cc0)
[E : PPU[150] Thread (FpPadThread)[0x005b9798]]: sys_event error: sys_event_queue_tryreceive(equeue_id=149, event_array_addr=0xd0050cc8, size=8, number_addr=0xd0050cc0)
[E : PPU[150] Thread (FpPadThread)[0x005b9798]]: sys_event error: sys_event_queue_tryreceive(equeue_id=149, event_array_addr=0xd0050cc8, size=8, number_addr=0xd0050cc0)
[E : PPU[150] Thread (FpPadThread)[0x005b9798]]: sys_event error: sys_event_queue_tryreceive(equeue_id=149, event_array_addr=0xd0050cc8, size=8, number_addr=0xd0050cc0)
[E : PPU[150] Thread (FpPadThread)[0x005b9798]]: sys_event error: sys_event_queue_tryreceive(equeue_id=149, event_array_addr=0xd0050cc8, size=8, number_addr=0xd0050cc0)
[E : PPU[150] Thread (FpPadThread)[0x005b9798]]: sys_event error: sys_event_queue_tryreceive(equeue_id=149, event_array_addr=0xd0050cc8, size=8, number_addr=0xd0050cc0)
[E : PPU[150] Thread (FpPadThread)[0x005b9798]]: sys_event error: sys_event_queue_tryreceive(equeue_id=149, event_array_addr=0xd0050cc8, size=8, number_addr=0xd0050cc0)
[E : PPU[150] Thread (FpPadThread)[0x005b9798]]: sys_event error: sys_event_queue_tryreceive(equeue_id=149, event_array_addr=0xd0050cc8, size=8, number_addr=0xd0050cc0)
[E : PPU[150] Thread (FpPadThread)[0x005b9798]]: sys_event error: sys_event_queue_tryreceive(equeue_id=149, event_array_addr=0xd0050cc8, size=8, number_addr=0xd0050cc0)
[E : PPU[150] Thread (FpPadThread)[0x005b9798]]: sys_event error: sys_event_queue_tryreceive(equeue_id=149, event_array_addr=0xd0050cc8, size=8, number_addr=0xd0050cc0)
[E : PPU[150] Thread (FpPadThread)[0x005b9798]]: sys_event error: sys_event_queue_tryreceive(equeue_id=149, event_array_addr=0xd0050cc8, size=8, number_addr=0xd0050cc0)
[E : PPU[150] Thread (FpPadThread)[0x005b9798]]: sys_event error: sys_event_queue_tryreceive(equeue_id=149, event_array_addr=0xd0050cc8, size=8, number_addr=0xd0050cc0)
[E : PPU[150] Thread (FpPadThread)[0x005b9798]]: sys_event error: sys_event_queue_tryreceive(equeue_id=149, event_array_addr=0xd0050cc8, size=8, number_addr=0xd0050cc0)
[E : PPU[150] Thread (FpPadThread)[0x005b9798]]: sys_event error: sys_event_queue_tryreceive(equeue_id=149, event_array_addr=0xd0050cc8, size=8, number_addr=0xd0050cc0)
[E : PPU[150] Thread (FpPadThread)[0x005b9798]]: sys_event error: sys_event_queue_tryreceive(equeue_id=149, event_array_addr=0xd0050cc8, size=8, number_addr=0xd0050cc0)
[E : PPU[150] Thread (FpPadThread)[0x005b9798]]: sys_event error: sys_event_queue_tryreceive(equeue_id=149, event_array_addr=0xd0050cc8, size=8, number_addr=0xd0050cc0)
[E : PPU[150] Thread (FpPadThread)[0x005b9798]]: sys_event error: sys_event_queue_tryreceive(equeue_id=149, event_array_addr=0xd0050cc8, size=8, number_addr=0xd0050cc0)
[E : PPU[150] Thread (FpPadThread)[0x005b9798]]: sys_event error: sys_event_queue_tryreceive(equeue_id=149, event_array_addr=0xd0050cc8, size=8, number_addr=0xd0050cc0)
[E : PPU[150] Thread (FpPadThread)[0x005b9798]]: sys_event error: sys_event_queue_tryreceive(equeue_id=149, event_array_addr=0xd0050cc8, size=8, number_addr=0xd0050cc0)
[E : PPU[150] Thread (FpPadThread)[0x005b9798]]: sys_event error: sys_event_queue_tryreceive(equeue_id=149, event_array_addr=0xd0050cc8, size=8, number_addr=0xd0050cc0)
[E : PPU[150] Thread (FpPadThread)[0x005b9798]]: sys_event error: sys_event_queue_tryreceive(equeue_id=149, event_array_addr=0xd0050cc8, size=8, number_addr=0xd0050cc0)
[E : PPU[150] Thread (FpPadThread)[0x005b9798]]: sys_event error: sys_event_queue_tryreceive(equeue_id=149, event_array_addr=0xd0050cc8, size=8, number_addr=0xd0050cc0)
[E : PPU[150] Thread (FpPadThread)[0x005b9798]]: sys_event error: sys_event_queue_tryreceive(equeue_id=149, event_array_addr=0xd0050cc8, size=8, number_addr=0xd0050cc0)
[E : PPU[150] Thread (FpPadThread)[0x005b9798]]: sys_event error: sys_event_queue_tryreceive(equeue_id=149, event_array_addr=0xd0050cc8, size=8, number_addr=0xd0050cc0)
[E : PPU[150] Thread (FpPadThread)[0x005b9798]]: sys_event error: sys_event_queue_tryreceive(equeue_id=149, event_array_addr=0xd0050cc8, size=8, number_addr=0xd0050cc0)
[E : PPU[150] Thread (FpPadThread)[0x005b9798]]: sys_event error: sys_event_queue_tryreceive(equeue_id=149, event_array_addr=0xd0050cc8, size=8, number_addr=0xd0050cc0)
[E : PPU[150] Thread (FpPadThread)[0x005b9798]]: sys_event error: sys_event_queue_tryreceive(equeue_id=149, event_array_addr=0xd0050cc8, size=8, number_addr=0xd0050cc0)
[E : PPU[150] Thread (FpPadThread)[0x005b9798]]: sys_event error: sys_event_queue_tryreceive(equeue_id=149, event_array_addr=0xd0050cc8, size=8, number_addr=0xd0050cc0)
[E : PPU[150] Thread (FpPadThread)[0x005b9798]]: sys_event error: sys_event_queue_tryreceive(equeue_id=149, event_array_addr=0xd0050cc8, size=8, number_addr=0xd0050cc0)
[E : PPU[150] Thread (FpPadThread)[0x005b9798]]: sys_event error: sys_event_queue_tryreceive(equeue_id=149, event_array_addr=0xd0050cc8, size=8, number_addr=0xd0050cc0)
[E : PPU[150] Thread (FpPadThread)[0x005b9798]]: sys_event error: sys_event_queue_tryreceive(equeue_id=149, event_array_addr=0xd0050cc8, size=8, number_addr=0xd0050cc0)
[E : PPU[150] Thread (FpPadThread)[0x005b9798]]: sys_event error: sys_event_queue_tryreceive(equeue_id=149, event_array_addr=0xd0050cc8, size=8, number_addr=0xd0050cc0)
[E : PPU[150] Thread (FpPadThread)[0x005b9798]]: sys_event error: sys_event_queue_tryreceive(equeue_id=149, event_array_addr=0xd0050cc8, size=8, number_addr=0xd0050cc0)
[E : PPU[150] Thread (FpPadThread)[0x005b9798]]: sys_event error: sys_event_queue_tryreceive(equeue_id=149, event_array_addr=0xd0050cc8, size=8, number_addr=0xd0050cc0)
[E : PPU[150] Thread (FpPadThread)[0x005b9798]]: sys_event error: sys_event_queue_tryreceive(equeue_id=149, event_array_addr=0xd0050cc8, size=8, number_addr=0xd0050cc0)
[E : PPU[150] Thread (FpPadThread)[0x005b9798]]: sys_event error: sys_event_queue_tryreceive(equeue_id=149, event_array_addr=0xd0050cc8, size=8, number_addr=0xd0050cc0)
[E : PPU[150] Thread (FpPadThread)[0x005b9798]]: sys_event error: sys_event_queue_tryreceive(equeue_id=149, event_array_addr=0xd0050cc8, size=8, number_addr=0xd0050cc0)
[E : PPU[150] Thread (FpPadThread)[0x005b9798]]: sys_event error: sys_event_queue_tryreceive(equeue_id=149, event_array_addr=0xd0050cc8, size=8, number_addr=0xd0050cc0)
[E : PPU[150] Thread (FpPadThread)[0x005b9798]]: sys_event error: sys_event_queue_tryreceive(equeue_id=149, event_array_addr=0xd0050cc8, size=8, number_addr=0xd0050cc0)
[E : PPU[150] Thread (FpPadThread)[0x005b9798]]: sys_event error: sys_event_queue_tryreceive(equeue_id=149, event_array_addr=0xd0050cc8, size=8, number_addr=0xd0050cc0)
[E : PPU[150] Thread (FpPadThread)[0x005b9798]]: sys_event error: sys_event_queue_tryreceive(equeue_id=149, event_array_addr=0xd0050cc8, size=8, number_addr=0xd0050cc0)
[E : PPU[150] Thread (FpPadThread)[0x005b9798]]: sys_event error: sys_event_queue_tryreceive(equeue_id=149, event_array_addr=0xd0050cc8, size=8, number_addr=0xd0050cc0)
[E : PPU[150] Thread (FpPadThread)[0x005b9798]]: sys_event error: sys_event_queue_tryreceive(equeue_id=149, event_array_addr=0xd0050cc8, size=8, number_addr=0xd0050cc0)
[W : PPU[1] Thread (CPUThread)[0x0146a0e8]]: cellGcmSys warning: cellGcmSetTileInfo(index=1, location=0, offset=16056320, size=7864320, pitch=10240, comp=7, base=116, bank=0)
[E : PPU[1] Thread (CPUThread)[0x0146a0e8]]: cellGcmSys error: cellGcmSetTileInfo: bad comp! (7)
[W : PPU[1] Thread (CPUThread)[0x0146a064]]: cellGcmSys warning: cellGcmBindTile(index=1)
[W : PPU[1] Thread (CPUThread)[0x0146a0e8]]: cellGcmSys warning: cellGcmSetTileInfo(index=2, location=0, offset=23920640, size=7864320, pitch=10240, comp=11, base=236, bank=1)
[E : PPU[1] Thread (CPUThread)[0x0146a0e8]]: cellGcmSys error: cellGcmSetTileInfo: bad comp! (11)
[W : PPU[1] Thread (CPUThread)[0x0146a064]]: cellGcmSys warning: cellGcmBindTile(index=2)
[W : PPU[1] Thread (CPUThread)[0x0146a088]]: cellGcmSys warning: TODO: cellGcmBindZcull(index=0)
[W : PPU[1] Thread (CPUThread)[0x0146a0e8]]: cellGcmSys warning: cellGcmSetTileInfo(index=3, location=1, offset=13369344, size=3932160, pitch=5120, comp=0, base=0, bank=0)
[W : PPU[1] Thread (CPUThread)[0x0146a064]]: cellGcmSys warning: cellGcmBindTile(index=3)
[W : PPU[1] Thread (CPUThread)[0x0146a0e8]]: cellGcmSys warning: cellGcmSetTileInfo(index=4, location=1, offset=17301504, size=3932160, pitch=5120, comp=0, base=0, bank=0)
[W : PPU[1] Thread (CPUThread)[0x0146a064]]: cellGcmSys warning: cellGcmBindTile(index=4)
[E : PPU[150] Thread (FpPadThread)[0x005b9798]]: sys_event error: sys_event_queue_tryreceive(equeue_id=149, event_array_addr=0xd0050cc8, size=8, number_addr=0xd0050cc0)
[E : PPU[150] Thread (FpPadThread)[0x005b9798]]: sys_event error: sys_event_queue_tryreceive(equeue_id=149, event_array_addr=0xd0050cc8, size=8, number_addr=0xd0050cc0)
[E : PPU[150] Thread (FpPadThread)[0x005b9798]]: sys_event error: sys_event_queue_tryreceive(equeue_id=149, event_array_addr=0xd0050cc8, size=8, number_addr=0xd0050cc0)
[W : PPU[1] Thread (CPUThread)[0x0146a0e8]]: cellGcmSys warning: cellGcmSetTileInfo(index=5, location=0, offset=31784960, size=524288, pitch=1280, comp=0, base=0, bank=0)
[W : PPU[1] Thread (CPUThread)[0x0146a064]]: cellGcmSys warning: cellGcmBindTile(index=5)
[W : PPU[1] Thread (CPUThread)[0x0146a0e8]]: cellGcmSys warning: cellGcmSetTileInfo(index=6, location=0, offset=32309248, size=524288, pitch=1280, comp=0, base=0, bank=1)
[W : PPU[1] Thread (CPUThread)[0x0146a064]]: cellGcmSys warning: cellGcmBindTile(index=6)
[W : PPU[1] Thread (CPUThread)[0x0146a088]]: cellGcmSys warning: TODO: cellGcmBindZcull(index=1)
[W : PPU[1] Thread (CPUThread)[0x0146a0e8]]: cellGcmSys warning: cellGcmSetTileInfo(index=7, location=0, offset=32833536, size=524288, pitch=1024, comp=0, base=0, bank=1)
[W : PPU[1] Thread (CPUThread)[0x0146a064]]: cellGcmSys warning: cellGcmBindTile(index=7)
[W : PPU[1] Thread (CPUThread)[0x0146a088]]: cellGcmSys warning: TODO: cellGcmBindZcull(index=2)
[W : PPU[1] Thread (CPUThread)[0x0146a0e8]]: cellGcmSys warning: cellGcmSetTileInfo(index=8, location=0, offset=33357824, size=131072, pitch=512, comp=0, base=0, bank=0)
[W : PPU[1] Thread (CPUThread)[0x0146a064]]: cellGcmSys warning: cellGcmBindTile(index=8)
[W : PPU[1] Thread (CPUThread)[0x0146a0e8]]: cellGcmSys warning: cellGcmSetTileInfo(index=9, location=0, offset=33488896, size=524288, pitch=1024, comp=0, base=0, bank=1)
[W : PPU[1] Thread (CPUThread)[0x0146a064]]: cellGcmSys warning: cellGcmBindTile(index=9)
[W : PPU[1] Thread (CPUThread)[0x0146a088]]: cellGcmSys warning: TODO: cellGcmBindZcull(index=3)
[W : PPU[1] Thread (CPUThread)[0x0146a0e8]]: cellGcmSys warning: cellGcmSetTileInfo(index=10, location=0, offset=34013184, size=65536, pitch=512, comp=0, base=0, bank=0)
[W : PPU[1] Thread (CPUThread)[0x0146a064]]: cellGcmSys warning: cellGcmBindTile(index=10)
[W : PPU[1] Thread (CPUThread)[0x0146a0e8]]: cellGcmSys warning: cellGcmSetTileInfo(index=11, location=0, offset=34078720, size=131072, pitch=512, comp=0, base=0, bank=1)
[W : PPU[1] Thread (CPUThread)[0x0146a064]]: cellGcmSys warning: cellGcmBindTile(index=11)
[W : PPU[1] Thread (CPUThread)[0x0146a088]]: cellGcmSys warning: TODO: cellGcmBindZcull(index=4)
[E : PPU[150] Thread (FpPadThread)[0x005b9798]]: sys_event error: sys_event_queue_tryreceive(equeue_id=149, event_array_addr=0xd0050cc8, size=8, number_addr=0xd0050cc0)
[W : PPU[1] Thread (CPUThread)[0x0146a0e8]]: cellGcmSys warning: cellGcmSetTileInfo(index=12, location=0, offset=34209792, size=65536, pitch=512, comp=0, base=0, bank=0)
[W : PPU[1] Thread (CPUThread)[0x0146a064]]: cellGcmSys warning: cellGcmBindTile(index=12)
[W : PPU[1] Thread (CPUThread)[0x0146a0e8]]: cellGcmSys warning: cellGcmSetTileInfo(index=13, location=0, offset=34275328, size=65536, pitch=512, comp=0, base=0, bank=1)
[W : PPU[1] Thread (CPUThread)[0x0146a064]]: cellGcmSys warning: cellGcmBindTile(index=13)
[W : PPU[1] Thread (CPUThread)[0x0146a088]]: cellGcmSys warning: TODO: cellGcmBindZcull(index=5)
[W : PPU[1] Thread (CPUThread)[0x0146a0e8]]: cellGcmSys warning: cellGcmSetTileInfo(index=14, location=0, offset=34340864, size=65536, pitch=512, comp=0, base=0, bank=0)
[W : PPU[1] Thread (CPUThread)[0x0146a064]]: cellGcmSys warning: cellGcmBindTile(index=14)
[W : PPU[1] Thread (CPUThread)[0x0146a088]]: cellGcmSys warning: TODO: cellGcmBindZcull(index=6)
[W : PPU[1] Thread (CPUThread)[0x0146a088]]: cellGcmSys warning: TODO: cellGcmBindZcull(index=7)
[E : PPU[150] Thread (FpPadThread)[0x005b9798]]: sys_event error: sys_event_queue_tryreceive(equeue_id=149, event_array_addr=0xd0050cc8, size=8, number_addr=0xd0050cc0)
[E : PPU[150] Thread (FpPadThread)[0x005b9798]]: sys_event error: sys_event_queue_tryreceive(equeue_id=149, event_array_addr=0xd0050cc8, size=8, number_addr=0xd0050cc0)
[E : PPU[150] Thread (FpPadThread)[0x005b9798]]: sys_event error: sys_event_queue_tryreceive(equeue_id=149, event_array_addr=0xd0050cc8, size=8, number_addr=0xd0050cc0)
[E : PPU[150] Thread (FpPadThread)[0x005b9798]]: sys_event error: sys_event_queue_tryreceive(equeue_id=149, event_array_addr=0xd0050cc8, size=8, number_addr=0xd0050cc0)
[E : PPU[150] Thread (FpPadThread)[0x005b9798]]: sys_event error: sys_event_queue_tryreceive(equeue_id=149, event_array_addr=0xd0050cc8, size=8, number_addr=0xd0050cc0)
[E : PPU[150] Thread (FpPadThread)[0x005b9798]]: sys_event error: sys_event_queue_tryreceive(equeue_id=149, event_array_addr=0xd0050cc8, size=8, number_addr=0xd0050cc0)
[E : PPU[150] Thread (FpPadThread)[0x005b9798]]: sys_event error: sys_event_queue_tryreceive(equeue_id=149, event_array_addr=0xd0050cc8, size=8, number_addr=0xd0050cc0)
[E : PPU[150] Thread (FpPadThread)[0x005b9798]]: sys_event error: sys_event_queue_tryreceive(equeue_id=149, event_array_addr=0xd0050cc8, size=8, number_addr=0xd0050cc0)
[E : PPU[150] Thread (FpPadThread)[0x005b9798]]: sys_event error: sys_event_queue_tryreceive(equeue_id=149, event_array_addr=0xd0050cc8, size=8, number_addr=0xd0050cc0)
[E : PPU[150] Thread (FpPadThread)[0x005b9798]]: sys_event error: sys_event_queue_tryreceive(equeue_id=149, event_array_addr=0xd0050cc8, size=8, number_addr=0xd0050cc0)
[E : PPU[150] Thread (FpPadThread)[0x005b9798]]: sys_event error: sys_event_queue_tryreceive(equeue_id=149, event_array_addr=0xd0050cc8, size=8, number_addr=0xd0050cc0)
[E : PPU[150] Thread (FpPadThread)[0x005b9798]]: sys_event error: sys_event_queue_tryreceive(equeue_id=149, event_array_addr=0xd0050cc8, size=8, number_addr=0xd0050cc0)
[E : PPU[150] Thread (FpPadThread)[0x005b9798]]: sys_event error: sys_event_queue_tryreceive(equeue_id=149, event_array_addr=0xd0050cc8, size=8, number_addr=0xd0050cc0)
[E : PPU[150] Thread (FpPadThread)[0x005b9798]]: sys_event error: sys_event_queue_tryreceive(equeue_id=149, event_array_addr=0xd0050cc8, size=8, number_addr=0xd0050cc0)
[E : PPU[150] Thread (FpPadThread)[0x005b9798]]: sys_event error: sys_event_queue_tryreceive(equeue_id=149, event_array_addr=0xd0050cc8, size=8, number_addr=0xd0050cc0)
[E : PPU[150] Thread (FpPadThread)[0x005b9798]]: sys_event error: sys_event_queue_tryreceive(equeue_id=149, event_array_addr=0xd0050cc8, size=8, number_addr=0xd0050cc0)
[E : PPU[150] Thread (FpPadThread)[0x005b9798]]: sys_event error: sys_event_queue_tryreceive(equeue_id=149, event_array_addr=0xd0050cc8, size=8, number_addr=0xd0050cc0)
[E : PPU[150] Thread (FpPadThread)[0x005b9798]]: sys_event error: sys_event_queue_tryreceive(equeue_id=149, event_array_addr=0xd0050cc8, size=8, number_addr=0xd0050cc0)
[E : PPU[150] Thread (FpPadThread)[0x005b9798]]: sys_event error: sys_event_queue_tryreceive(equeue_id=149, event_array_addr=0xd0050cc8, size=8, number_addr=0xd0050cc0)
[E : PPU[150] Thread (FpPadThread)[0x005b9798]]: sys_event error: sys_event_queue_tryreceive(equeue_id=149, event_array_addr=0xd0050cc8, size=8, number_addr=0xd0050cc0)
[E : PPU[150] Thread (FpPadThread)[0x005b9798]]: sys_event error: sys_event_queue_tryreceive(equeue_id=149, event_array_addr=0xd0050cc8, size=8, number_addr=0xd0050cc0)
[E : PPU[150] Thread (FpPadThread)[0x005b9798]]: sys_event error: sys_event_queue_tryreceive(equeue_id=149, event_array_addr=0xd0050cc8, size=8, number_addr=0xd0050cc0)
[E : PPU[150] Thread (FpPadThread)[0x005b9798]]: sys_event error: sys_event_queue_tryreceive(equeue_id=149, event_array_addr=0xd0050cc8, size=8, number_addr=0xd0050cc0)
[E : PPU[150] Thread (FpPadThread)[0x005b9798]]: sys_event error: sys_event_queue_tryreceive(equeue_id=149, event_array_addr=0xd0050cc8, size=8, number_addr=0xd0050cc0)
[E : PPU[150] Thread (FpPadThread)[0x005b9798]]: sys_event error: sys_event_queue_tryreceive(equeue_id=149, event_array_addr=0xd0050cc8, size=8, number_addr=0xd0050cc0)
[E : PPU[150] Thread (FpPadThread)[0x005b9798]]: sys_event error: sys_event_queue_tryreceive(equeue_id=149, event_array_addr=0xd0050cc8, size=8, number_addr=0xd0050cc0)
[E : PPU[150] Thread (FpPadThread)[0x005b9798]]: sys_event error: sys_event_queue_tryreceive(equeue_id=149, event_array_addr=0xd0050cc8, size=8, number_addr=0xd0050cc0)
[E : PPU[150] Thread (FpPadThread)[0x005b9798]]: sys_event error: sys_event_queue_tryreceive(equeue_id=149, event_array_addr=0xd0050cc8, size=8, number_addr=0xd0050cc0)
[E : PPU[150] Thread (FpPadThread)[0x005b9798]]: sys_event error: sys_event_queue_tryreceive(equeue_id=149, event_array_addr=0xd0050cc8, size=8, number_addr=0xd0050cc0)
[E : PPU[150] Thread (FpPadThread)[0x005b9798]]: sys_event error: sys_event_queue_tryreceive(equeue_id=149, event_array_addr=0xd0050cc8, size=8, number_addr=0xd0050cc0)
[E : PPU[150] Thread (FpPadThread)[0x005b9798]]: sys_event error: sys_event_queue_tryreceive(equeue_id=149, event_array_addr=0xd0050cc8, size=8, number_addr=0xd0050cc0)
[E : PPU[150] Thread (FpPadThread)[0x005b9798]]: sys_event error: sys_event_queue_tryreceive(equeue_id=149, event_array_addr=0xd0050cc8, size=8, number_addr=0xd0050cc0)
[E : PPU[150] Thread (FpPadThread)[0x005b9798]]: sys_event error: sys_event_queue_tryreceive(equeue_id=149, event_array_addr=0xd0050cc8, size=8, number_addr=0xd0050cc0)
[E : PPU[150] Thread (FpPadThread)[0x005b9798]]: sys_event error: sys_event_queue_tryreceive(equeue_id=149, event_array_addr=0xd0050cc8, size=8, number_addr=0xd0050cc0)
[W : PPU[1] Thread (CPUThread)[0x00463a5c]]: sys_mutex warning: sys_mutex_create(mutex_id_addr=0xd00201f0, attr_addr=0xd00201f8)
[W : PPU[1] Thread (CPUThread)[0x00463a5c]]: sys_mutex warning: sys_mutex_create(mutex_id_addr=0xd00201d0, attr_addr=0xd00201d8)
[W : PPU[1] Thread (CPUThread)[0x00463a5c]]: sys_mutex warning: sys_mutex_create(mutex_id_addr=0xd00201d0, attr_addr=0xd00201d8)
[W : PPU[1] Thread (CPUThread)[0x00463a5c]]: sys_mutex warning: sys_mutex_create(mutex_id_addr=0xd00201d0, attr_addr=0xd00201d8)
[W : PPU[1] Thread (CPUThread)[0x00463a5c]]: sys_mutex warning: sys_mutex_create(mutex_id_addr=0xd00201d0, attr_addr=0xd00201d8)
[W : PPU[1] Thread (CPUThread)[0x00463a5c]]: sys_mutex warning: sys_mutex_create(mutex_id_addr=0xd00201d0, attr_addr=0xd00201d8)
[W : PPU[1] Thread (CPUThread)[0x00463a5c]]: sys_mutex warning: sys_mutex_create(mutex_id_addr=0xd00201d0, attr_addr=0xd00201d8)
[W : PPU[1] Thread (CPUThread)[0x00463a5c]]: sys_mutex warning: sys_mutex_create(mutex_id_addr=0xd00201d0, attr_addr=0xd00201d8)
[W : PPU[1] Thread (CPUThread)[0x00463a5c]]: sys_mutex warning: sys_mutex_create(mutex_id_addr=0xd00201d0, attr_addr=0xd00201d8)
[W : PPU[1] Thread (CPUThread)[0x00463a5c]]: sys_mutex warning: sys_mutex_create(mutex_id_addr=0xd00201d0, attr_addr=0xd00201d8)
[W : PPU[1] Thread (CPUThread)[0x00463a5c]]: sys_mutex warning: sys_mutex_create(mutex_id_addr=0xd00201d0, attr_addr=0xd00201d8)
[W : PPU[1] Thread (CPUThread)[0x00463a5c]]: sys_mutex warning: sys_mutex_create(mutex_id_addr=0xd00201d0, attr_addr=0xd00201d8)
[W : PPU[1] Thread (CPUThread)[0x00463a5c]]: sys_mutex warning: sys_mutex_create(mutex_id_addr=0xd00201d0, attr_addr=0xd00201d8)
[W : PPU[1] Thread (CPUThread)[0x00463a5c]]: sys_mutex warning: sys_mutex_create(mutex_id_addr=0xd00201d0, attr_addr=0xd00201d8)
[W : PPU[1] Thread (CPUThread)[0x00463a5c]]: sys_mutex warning: sys_mutex_create(mutex_id_addr=0xd00201d0, attr_addr=0xd00201d8)
[W : PPU[1] Thread (CPUThread)[0x00463a5c]]: sys_mutex warning: sys_mutex_create(mutex_id_addr=0xd00201d0, attr_addr=0xd00201d8)
[W : PPU[1] Thread (CPUThread)[0x00463a5c]]: sys_mutex warning: sys_mutex_create(mutex_id_addr=0xd00201d0, attr_addr=0xd00201d8)
[W : PPU[1] Thread (CPUThread)[0x00463a5c]]: sys_mutex warning: sys_mutex_create(mutex_id_addr=0xd00201d0, attr_addr=0xd00201d8)
[W : PPU[1] Thread (CPUThread)[0x00463a5c]]: sys_mutex warning: sys_mutex_create(mutex_id_addr=0xd00201d0, attr_addr=0xd00201d8)
[W : PPU[1] Thread (CPUThread)[0x00463a5c]]: sys_mutex warning: sys_mutex_create(mutex_id_addr=0xd00201d0, attr_addr=0xd00201d8)
[W : PPU[1] Thread (CPUThread)[0x00463a5c]]: sys_mutex warning: sys_mutex_create(mutex_id_addr=0xd00201d0, attr_addr=0xd00201d8)
[W : PPU[1] Thread (CPUThread)[0x00463a5c]]: sys_mutex warning: sys_mutex_create(mutex_id_addr=0xd00201d0, attr_addr=0xd00201d8)
[W : PPU[1] Thread (CPUThread)[0x00463a5c]]: sys_mutex warning: sys_mutex_create(mutex_id_addr=0xd00201d0, attr_addr=0xd00201d8)
[W : PPU[1] Thread (CPUThread)[0x00463a5c]]: sys_mutex warning: sys_mutex_create(mutex_id_addr=0xd00201d0, attr_addr=0xd00201d8)
[W : PPU[1] Thread (CPUThread)[0x00463a5c]]: sys_mutex warning: sys_mutex_create(mutex_id_addr=0xd00201d0, attr_addr=0xd00201d8)
[W : PPU[1] Thread (CPUThread)[0x00463a5c]]: sys_mutex warning: sys_mutex_create(mutex_id_addr=0xd00201d0, attr_addr=0xd00201d8)
[W : PPU[1] Thread (CPUThread)[0x00463a5c]]: sys_mutex warning: sys_mutex_create(mutex_id_addr=0xd00201d0, attr_addr=0xd00201d8)
[W : PPU[1] Thread (CPUThread)[0x00463a5c]]: sys_mutex warning: sys_mutex_create(mutex_id_addr=0xd00201d0, attr_addr=0xd00201d8)
[W : PPU[1] Thread (CPUThread)[0x00463a5c]]: sys_mutex warning: sys_mutex_create(mutex_id_addr=0xd00201d0, attr_addr=0xd00201d8)
[W : PPU[1] Thread (CPUThread)[0x00463a5c]]: sys_mutex warning: sys_mutex_create(mutex_id_addr=0xd00201d0, attr_addr=0xd00201d8)
[W : PPU[1] Thread (CPUThread)[0x00463a5c]]: sys_mutex warning: sys_mutex_create(mutex_id_addr=0xd00201d0, attr_addr=0xd00201d8)
[W : PPU[1] Thread (CPUThread)[0x00463a5c]]: sys_mutex warning: sys_mutex_create(mutex_id_addr=0xd00201d0, attr_addr=0xd00201d8)
[W : PPU[1] Thread (CPUThread)[0x00463a5c]]: sys_mutex warning: sys_mutex_create(mutex_id_addr=0xd00201d0, attr_addr=0xd00201d8)
[W : PPU[1] Thread (CPUThread)[0x00463a5c]]: sys_mutex warning: sys_mutex_create(mutex_id_addr=0xd00201d0, attr_addr=0xd00201d8)
[W : PPU[1] Thread (CPUThread)[0x00463a5c]]: sys_mutex warning: sys_mutex_create(mutex_id_addr=0xd00201d0, attr_addr=0xd00201d8)
[W : PPU[1] Thread (CPUThread)[0x00463a5c]]: sys_mutex warning: sys_mutex_create(mutex_id_addr=0xd00201d0, attr_addr=0xd00201d8)
[W : PPU[1] Thread (CPUThread)[0x00463a5c]]: sys_mutex warning: sys_mutex_create(mutex_id_addr=0xd00201d0, attr_addr=0xd00201d8)
[W : PPU[1] Thread (CPUThread)[0x00463a5c]]: sys_mutex warning: sys_mutex_create(mutex_id_addr=0xd00201d0, attr_addr=0xd00201d8)
[W : PPU[1] Thread (CPUThread)[0x00463a5c]]: sys_mutex warning: sys_mutex_create(mutex_id_addr=0xd00201d0, attr_addr=0xd00201d8)
[W : PPU[1] Thread (CPUThread)[0x00463a5c]]: sys_mutex warning: sys_mutex_create(mutex_id_addr=0xd00201d0, attr_addr=0xd00201d8)
[W : PPU[1] Thread (CPUThread)[0x00463a5c]]: sys_mutex warning: sys_mutex_create(mutex_id_addr=0xd00201d0, attr_addr=0xd00201d8)
[W : PPU[1] Thread (CPUThread)[0x00463a5c]]: sys_mutex warning: sys_mutex_create(mutex_id_addr=0xd00201d0, attr_addr=0xd00201d8)
[W : PPU[1] Thread (CPUThread)[0x00463a5c]]: sys_mutex warning: sys_mutex_create(mutex_id_addr=0xd00201d0, attr_addr=0xd00201d8)
[W : PPU[1] Thread (CPUThread)[0x00463a5c]]: sys_mutex warning: sys_mutex_create(mutex_id_addr=0xd00201d0, attr_addr=0xd00201d8)
[W : PPU[1] Thread (CPUThread)[0x00463a5c]]: sys_mutex warning: sys_mutex_create(mutex_id_addr=0xd00201d0, attr_addr=0xd00201d8)
[W : PPU[1] Thread (CPUThread)[0x00463a5c]]: sys_mutex warning: sys_mutex_create(mutex_id_addr=0xd00201d0, attr_addr=0xd00201d8)
[W : PPU[1] Thread (CPUThread)[0x00463a5c]]: sys_mutex warning: sys_mutex_create(mutex_id_addr=0xd00201d0, attr_addr=0xd00201d8)
[W : PPU[1] Thread (CPUThread)[0x00463a5c]]: sys_mutex warning: sys_mutex_create(mutex_id_addr=0xd00201d0, attr_addr=0xd00201d8)
[W : PPU[1] Thread (CPUThread)[0x00463a5c]]: sys_mutex warning: sys_mutex_create(mutex_id_addr=0xd00201d0, attr_addr=0xd00201d8)
[W : PPU[1] Thread (CPUThread)[0x00463a5c]]: sys_mutex warning: sys_mutex_create(mutex_id_addr=0xd00201d0, attr_addr=0xd00201d8)
[W : PPU[1] Thread (CPUThread)[0x00463a5c]]: sys_mutex warning: sys_mutex_create(mutex_id_addr=0xd00201d0, attr_addr=0xd00201d8)
[W : PPU[1] Thread (CPUThread)[0x00463a5c]]: sys_mutex warning: sys_mutex_create(mutex_id_addr=0xd00201d0, attr_addr=0xd00201d8)
[W : PPU[1] Thread (CPUThread)[0x00463a5c]]: sys_mutex warning: sys_mutex_create(mutex_id_addr=0xd00201d0, attr_addr=0xd00201d8)
[W : PPU[1] Thread (CPUThread)[0x00463a5c]]: sys_mutex warning: sys_mutex_create(mutex_id_addr=0xd00201d0, attr_addr=0xd00201d8)
[W : PPU[1] Thread (CPUThread)[0x00463a5c]]: sys_mutex warning: sys_mutex_create(mutex_id_addr=0xd00201d0, attr_addr=0xd00201d8)
[W : PPU[1] Thread (CPUThread)[0x00463a5c]]: sys_mutex warning: sys_mutex_create(mutex_id_addr=0xd00201d0, attr_addr=0xd00201d8)
[W : PPU[1] Thread (CPUThread)[0x00463a5c]]: sys_mutex warning: sys_mutex_create(mutex_id_addr=0xd00201d0, attr_addr=0xd00201d8)
[W : PPU[1] Thread (CPUThread)[0x00463a5c]]: sys_mutex warning: sys_mutex_create(mutex_id_addr=0xd00201d0, attr_addr=0xd00201d8)
[W : PPU[1] Thread (CPUThread)[0x00463a5c]]: sys_mutex warning: sys_mutex_create(mutex_id_addr=0xd00201d0, attr_addr=0xd00201d8)
[W : PPU[1] Thread (CPUThread)[0x00463a5c]]: sys_mutex warning: sys_mutex_create(mutex_id_addr=0xd00201d0, attr_addr=0xd00201d8)
[W : PPU[1] Thread (CPUThread)[0x00463a5c]]: sys_mutex warning: sys_mutex_create(mutex_id_addr=0xd00201d0, attr_addr=0xd00201d8)
[W : PPU[1] Thread (CPUThread)[0x00463a5c]]: sys_mutex warning: sys_mutex_create(mutex_id_addr=0xd00201d0, attr_addr=0xd00201d8)
[W : PPU[1] Thread (CPUThread)[0x00463a5c]]: sys_mutex warning: sys_mutex_create(mutex_id_addr=0xd00201d0, attr_addr=0xd00201d8)
[W : PPU[1] Thread (CPUThread)[0x00463a5c]]: sys_mutex warning: sys_mutex_create(mutex_id_addr=0xd00201d0, attr_addr=0xd00201d8)
[W : PPU[1] Thread (CPUThread)[0x00463a5c]]: sys_mutex warning: sys_mutex_create(mutex_id_addr=0xd00201d0, attr_addr=0xd00201d8)
[W : PPU[1] Thread (CPUThread)[0x00463a5c]]: sys_mutex warning: sys_mutex_create(mutex_id_addr=0xd00201d0, attr_addr=0xd00201d8)
[W : PPU[1] Thread (CPUThread)[0x00463a5c]]: sys_mutex warning: sys_mutex_create(mutex_id_addr=0xd00201d0, attr_addr=0xd00201d8)
[! : PPU[219] Thread (3a9206b0)[0x00650fc0]]: PPU[219] Thread (3a9206b0) enter
[W : PPU[219] Thread (3a9206b0)[0x00463488]]: sys_cond warning: sys_cond_create(cond_id_addr=0xd0060c30, mutex_id=153, attr_addr=-804910008)
[W : PPU[219] Thread (3a9206b0)[0x00463488]]: sys_cond warning: *** condition created []: id = 222
[W : PPU[219] Thread (3a9206b0)[0x00463620]]: sys_cond warning: sys_cond_wait(cond_id=222, timeout=0)
[! : PPU[221] Thread (3a920740)[0x00650fc0]]: PPU[221] Thread (3a920740) enter
[W : PPU[221] Thread (3a920740)[0x00463620]]: sys_cond warning: sys_cond_wait(cond_id=222, timeout=0)
[W : PPU[1] Thread (CPUThread)[0x014480a0]]: cellSysutil warning: cellAudioOutGetSoundAvailability(audioOut=0,type=0,fs=4,option=0)
[W : PPU[1] Thread (CPUThread)[0x014480a0]]: cellSysutil warning: cellAudioOutGetSoundAvailability(audioOut=0,type=1,fs=4,option=0)
[W : PPU[1] Thread (CPUThread)[0x014480a0]]: cellSysutil warning: cellAudioOutGetSoundAvailability(audioOut=0,type=6,fs=4,option=0)
[W : PPU[1] Thread (CPUThread)[0x0144804c]]: cellSysutil warning: cellAudioOutConfigure(audioOut=0, config_addr=0xb6cd78, option_addr=0x0, waitForEvent=0x0)
[W : PPU[1] Thread (CPUThread)[0x014480c4]]: cellSysutil warning: cellAudioOutGetState(audioOut=0x0,deviceIndex=0x0,state_addr=0xd00203c0)
[E : PPU[150] Thread (FpPadThread)[0x005b9798]]: sys_event error: sys_event_queue_tryreceive(equeue_id=149, event_array_addr=0xd0050cc8, size=8, number_addr=0xd0050cc0)
[W : PPU[1] Thread (CPUThread)[0x014480ac]]: cellSysutil warning: cellAudioOutSetCopyControl(audioOut=0,control=2)
[W : PPU[1] Thread (CPUThread)[0x0085e004]]: cellAudio warning: cellAudioInit()
[W : PPU[1] Thread (CPUThread)[0x0085e040]]: cellAudio warning: cellAudioPortOpen(audioParam_addr=0xb6dc38, portNum_addr=0xb6dc78)
[W : PPU[1] Thread (CPUThread)[0x0085e040]]: cellAudio warning: *** audio port opened(nChannel=8, nBlock=0x8, attr=0x0, level=0.000000): port = 0
[W : PPU[1] Thread (CPUThread)[0x0085e01c]]: cellAudio warning: cellAudioGetPortConfig(portNum=0x0, portConfig_addr=0xb6dc58)
[W : PPU[1] Thread (CPUThread)[0x0085e028]]: cellAudio warning: cellAudioPortStart(portNum=0x0)
[E : PPU[150] Thread (FpPadThread)[0x005b9798]]: sys_event error: sys_event_queue_tryreceive(equeue_id=149, event_array_addr=0xd0050cc8, size=8, number_addr=0xd0050cc0)
[E : PPU[150] Thread (FpPadThread)[0x005b9798]]: sys_event error: sys_event_queue_tryreceive(equeue_id=149, event_array_addr=0xd0050cc8, size=8, number_addr=0xd0050cc0)
[E : PPU[150] Thread (FpPadThread)[0x005b9798]]: sys_event error: sys_event_queue_tryreceive(equeue_id=149, event_array_addr=0xd0050cc8, size=8, number_addr=0xd0050cc0)
[E : PPU[150] Thread (FpPadThread)[0x005b9798]]: sys_event error: sys_event_queue_tryreceive(equeue_id=149, event_array_addr=0xd0050cc8, size=8, number_addr=0xd0050cc0)
[E : PPU[150] Thread (FpPadThread)[0x005b9798]]: sys_event error: sys_event_queue_tryreceive(equeue_id=149, event_array_addr=0xd0050cc8, size=8, number_addr=0xd0050cc0)
[E : PPU[150] Thread (FpPadThread)[0x005b9798]]: sys_event error: sys_event_queue_tryreceive(equeue_id=149, event_array_addr=0xd0050cc8, size=8, number_addr=0xd0050cc0)
[E : PPU[150] Thread (FpPadThread)[0x005b9798]]: sys_event error: sys_event_queue_tryreceive(equeue_id=149, event_array_addr=0xd0050cc8, size=8, number_addr=0xd0050cc0)
[E : PPU[150] Thread (FpPadThread)[0x005b9798]]: sys_event error: sys_event_queue_tryreceive(equeue_id=149, event_array_addr=0xd0050cc8, size=8, number_addr=0xd0050cc0)
[E : PPU[1] Thread (CPUThread)[0x0144210c]]: TODO: cellSpursCreateTaskset
[E : PPU[1] Thread (CPUThread)[0x01442040]]: TODO: _cellSpursEventFlagInitialize
[E : PPU[1] Thread (CPUThread)[0x01442058]]: TODO: cellSpursEventFlagAttachLv2EventQueue
[E : PPU[1] Thread (CPUThread)[0x01442040]]: TODO: _cellSpursEventFlagInitialize
[E : PPU[1] Thread (CPUThread)[0x01442178]]: TODO: cellSpursCreateTask
[E : PPU[150] Thread (FpPadThread)[0x005b9798]]: sys_event error: sys_event_queue_tryreceive(equeue_id=149, event_array_addr=0xd0050cc8, size=8, number_addr=0xd0050cc0)
[E : PPU[150] Thread (FpPadThread)[0x005b9798]]: sys_event error: sys_event_queue_tryreceive(equeue_id=149, event_array_addr=0xd0050cc8, size=8, number_addr=0xd0050cc0)
[E : PPU[150] Thread (FpPadThread)[0x005b9798]]: sys_event error: sys_event_queue_tryreceive(equeue_id=149, event_array_addr=0xd0050cc8, size=8, number_addr=0xd0050cc0)
[E : PPU[150] Thread (FpPadThread)[0x005b9798]]: sys_event error: sys_event_queue_tryreceive(equeue_id=149, event_array_addr=0xd0050cc8, size=8, number_addr=0xd0050cc0)
[E : PPU[150] Thread (FpPadThread)[0x005b9798]]: sys_event error: sys_event_queue_tryreceive(equeue_id=149, event_array_addr=0xd0050cc8, size=8, number_addr=0xd0050cc0)
[E : PPU[150] Thread (FpPadThread)[0x005b9798]]: sys_event error: sys_event_queue_tryreceive(equeue_id=149, event_array_addr=0xd0050cc8, size=8, number_addr=0xd0050cc0)
[E : PPU[150] Thread (FpPadThread)[0x005b9798]]: sys_event error: sys_event_queue_tryreceive(equeue_id=149, event_array_addr=0xd0050cc8, size=8, number_addr=0xd0050cc0)
[E : PPU[150] Thread (FpPadThread)[0x005b9798]]: sys_event error: sys_event_queue_tryreceive(equeue_id=149, event_array_addr=0xd0050cc8, size=8, number_addr=0xd0050cc0)
[E : PPU[150] Thread (FpPadThread)[0x005b9798]]: sys_event error: sys_event_queue_tryreceive(equeue_id=149, event_array_addr=0xd0050cc8, size=8, number_addr=0xd0050cc0)
[E : PPU[150] Thread (FpPadThread)[0x005b9798]]: sys_event error: sys_event_queue_tryreceive(equeue_id=149, event_array_addr=0xd0050cc8, size=8, number_addr=0xd0050cc0)
[E : PPU[150] Thread (FpPadThread)[0x005b9798]]: sys_event error: sys_event_queue_tryreceive(equeue_id=149, event_array_addr=0xd0050cc8, size=8, number_addr=0xd0050cc0)
[E : PPU[150] Thread (FpPadThread)[0x005b9798]]: sys_event error: sys_event_queue_tryreceive(equeue_id=149, event_array_addr=0xd0050cc8, size=8, number_addr=0xd0050cc0)
[E : PPU[150] Thread (FpPadThread)[0x005b9798]]: sys_event error: sys_event_queue_tryreceive(equeue_id=149, event_array_addr=0xd0050cc8, size=8, number_addr=0xd0050cc0)
[E : PPU[150] Thread (FpPadThread)[0x005b9798]]: sys_event error: sys_event_queue_tryreceive(equeue_id=149, event_array_addr=0xd0050cc8, size=8, number_addr=0xd0050cc0)
[E : PPU[150] Thread (FpPadThread)[0x005b9798]]: sys_event error: sys_event_queue_tryreceive(equeue_id=149, event_array_addr=0xd0050cc8, size=8, number_addr=0xd0050cc0)
[E : PPU[150] Thread (FpPadThread)[0x005b9798]]: sys_event error: sys_event_queue_tryreceive(equeue_id=149, event_array_addr=0xd0050cc8, size=8, number_addr=0xd0050cc0)
[E : PPU[150] Thread (FpPadThread)[0x005b9798]]: sys_event error: sys_event_queue_tryreceive(equeue_id=149, event_array_addr=0xd0050cc8, size=8, number_addr=0xd0050cc0)
[E : PPU[150] Thread (FpPadThread)[0x005b9798]]: sys_event error: sys_event_queue_tryreceive(equeue_id=149, event_array_addr=0xd0050cc8, size=8, number_addr=0xd0050cc0)
[E : PPU[150] Thread (FpPadThread)[0x005b9798]]: sys_event error: sys_event_queue_tryreceive(equeue_id=149, event_array_addr=0xd0050cc8, size=8, number_addr=0xd0050cc0)
[E : PPU[150] Thread (FpPadThread)[0x005b9798]]: sys_event error: sys_event_queue_tryreceive(equeue_id=149, event_array_addr=0xd0050cc8, size=8, number_addr=0xd0050cc0)
[E : PPU[150] Thread (FpPadThread)[0x005b9798]]: sys_event error: sys_event_queue_tryreceive(equeue_id=149, event_array_addr=0xd0050cc8, size=8, number_addr=0xd0050cc0)
[E : PPU[150] Thread (FpPadThread)[0x005b9798]]: sys_event error: sys_event_queue_tryreceive(equeue_id=149, event_array_addr=0xd0050cc8, size=8, number_addr=0xd0050cc0)
[E : PPU[150] Thread (FpPadThread)[0x005b9798]]: sys_event error: sys_event_queue_tryreceive(equeue_id=149, event_array_addr=0xd0050cc8, size=8, number_addr=0xd0050cc0)
[E : PPU[150] Thread (FpPadThread)[0x005b9798]]: sys_event error: sys_event_queue_tryreceive(equeue_id=149, event_array_addr=0xd0050cc8, size=8, number_addr=0xd0050cc0)
[E : PPU[150] Thread (FpPadThread)[0x005b9798]]: sys_event error: sys_event_queue_tryreceive(equeue_id=149, event_array_addr=0xd0050cc8, size=8, number_addr=0xd0050cc0)
[E : PPU[150] Thread (FpPadThread)[0x005b9798]]: sys_event error: sys_event_queue_tryreceive(equeue_id=149, event_array_addr=0xd0050cc8, size=8, number_addr=0xd0050cc0)
[E : PPU[150] Thread (FpPadThread)[0x005b9798]]: sys_event error: sys_event_queue_tryreceive(equeue_id=149, event_array_addr=0xd0050cc8, size=8, number_addr=0xd0050cc0)
[E : PPU[150] Thread (FpPadThread)[0x005b9798]]: sys_event error: sys_event_queue_tryreceive(equeue_id=149, event_array_addr=0xd0050cc8, size=8, number_addr=0xd0050cc0)
[E : PPU[150] Thread (FpPadThread)[0x005b9798]]: sys_event error: sys_event_queue_tryreceive(equeue_id=149, event_array_addr=0xd0050cc8, size=8, number_addr=0xd0050cc0)
[E : PPU[150] Thread (FpPadThread)[0x005b9798]]: sys_event error: sys_event_queue_tryreceive(equeue_id=149, event_array_addr=0xd0050cc8, size=8, number_addr=0xd0050cc0)
[E : PPU[150] Thread (FpPadThread)[0x005b9798]]: sys_event error: sys_event_queue_tryreceive(equeue_id=149, event_array_addr=0xd0050cc8, size=8, number_addr=0xd0050cc0)
[E : PPU[150] Thread (FpPadThread)[0x005b9798]]: sys_event error: sys_event_queue_tryreceive(equeue_id=149, event_array_addr=0xd0050cc8, size=8, number_addr=0xd0050cc0)
[E : PPU[150] Thread (FpPadThread)[0x005b9798]]: sys_event error: sys_event_queue_tryreceive(equeue_id=149, event_array_addr=0xd0050cc8, size=8, number_addr=0xd0050cc0)
[E : PPU[150] Thread (FpPadThread)[0x005b9798]]: sys_event error: sys_event_queue_tryreceive(equeue_id=149, event_array_addr=0xd0050cc8, size=8, number_addr=0xd0050cc0)
[E : PPU[150] Thread (FpPadThread)[0x005b9798]]: sys_event error: sys_event_queue_tryreceive(equeue_id=149, event_array_addr=0xd0050cc8, size=8, number_addr=0xd0050cc0)
[E : PPU[150] Thread (FpPadThread)[0x005b9798]]: sys_event error: sys_event_queue_tryreceive(equeue_id=149, event_array_addr=0xd0050cc8, size=8, number_addr=0xd0050cc0)
[E : PPU[150] Thread (FpPadThread)[0x005b9798]]: sys_event error: sys_event_queue_tryreceive(equeue_id=149, event_array_addr=0xd0050cc8, size=8, number_addr=0xd0050cc0)
[E : PPU[150] Thread (FpPadThread)[0x005b9798]]: sys_event error: sys_event_queue_tryreceive(equeue_id=149, event_array_addr=0xd0050cc8, size=8, number_addr=0xd0050cc0)
[E : PPU[150] Thread (FpPadThread)[0x005b9798]]: sys_event error: sys_event_queue_tryreceive(equeue_id=149, event_array_addr=0xd0050cc8, size=8, number_addr=0xd0050cc0)
[E : PPU[150] Thread (FpPadThread)[0x005b9798]]: sys_event error: sys_event_queue_tryreceive(equeue_id=149, event_array_addr=0xd0050cc8, size=8, number_addr=0xd0050cc0)
[E : PPU[150] Thread (FpPadThread)[0x005b9798]]: sys_event error: sys_event_queue_tryreceive(equeue_id=149, event_array_addr=0xd0050cc8, size=8, number_addr=0xd0050cc0)
[E : PPU[150] Thread (FpPadThread)[0x005b9798]]: sys_event error: sys_event_queue_tryreceive(equeue_id=149, event_array_addr=0xd0050cc8, size=8, number_addr=0xd0050cc0)
[E : PPU[1] Thread (CPUThread)[0x014420dc]]: TODO: cellSpursGetInfo
[E : PPU[1] Thread (CPUThread)[0x014421a8]]: TODO: _cellSpursWorkloadAttributeInitialize
[E : PPU[1] Thread (CPUThread)[0x014420e8]]: TODO: cellSpursWorkloadAttributeSetName
[E : PPU[1] Thread (CPUThread)[0x01442184]]: TODO: cellSpursAddWorkloadWithAttribute
[E : PPU[1] Thread (CPUThread)[0x014420d0]]: TODO: cellSpursRequestIdleSpu
[E : PPU[1] Thread (CPUThread)[0x01442190]]: TODO: cellSpursSetExceptionEventHandler
[E : PPU[150] Thread (FpPadThread)[0x005b9798]]: sys_event error: sys_event_queue_tryreceive(equeue_id=149, event_array_addr=0xd0050cc8, size=8, number_addr=0xd0050cc0)
[! : PPU[227] Thread (Audio MS Update Thread)[0x00309230]]: PPU[227] Thread (Audio MS Update Thread) enter
[E : PPU[1] Thread (CPUThread)[0x014480b8]]: TODO: cellSysutilDisableBgmPlayback
[E : PPU[150] Thread (FpPadThread)[0x005b9798]]: sys_event error: sys_event_queue_tryreceive(equeue_id=149, event_array_addr=0xd0050cc8, size=8, number_addr=0xd0050cc0)
[E : PPU[150] Thread (FpPadThread)[0x005b9798]]: sys_event error: sys_event_queue_tryreceive(equeue_id=149, event_array_addr=0xd0050cc8, size=8, number_addr=0xd0050cc0)
[E : PPU[150] Thread (FpPadThread)[0x005b9798]]: sys_event error: sys_event_queue_tryreceive(equeue_id=149, event_array_addr=0xd0050cc8, size=8, number_addr=0xd0050cc0)
[E : PPU[1] Thread (CPUThread)[0x014420f4]]: TODO: cellSpursGetWorkloadInfo
[E : PPU[1] Thread (CPUThread)[0x014420f4]]: TODO: cellSpursGetWorkloadInfo
[E : PPU[1] Thread (CPUThread)[0x014421b4]]: TODO: cellSpursReadyCountStore
[E : PPU[150] Thread (FpPadThread)[0x005b9798]]: sys_event error: sys_event_queue_tryreceive(equeue_id=149, event_array_addr=0xd0050cc8, size=8, number_addr=0xd0050cc0)
[! : PPU[228] Thread (LoadingScreenThread)[0x002b7ab8]]: PPU[228] Thread (LoadingScreenThread) enter
[W : PPU[1] Thread (CPUThread)[0x01444010]]: cellSysmodule warning: cellSysmoduleLoadModule(CELL_SYSMODULE_SYSUTIL_GAME)
[W : PPU[1] Thread (CPUThread)[0x0145e04c]]: cellGame warning: cellGameBootCheck(type_addr=0xd0020624, attributes_addr=0xd0020620, size_addr=0xd0020660, dirName_addr=0x0)
[W : PPU[228] Thread (LoadingScreenThread)[0x00463340]]: sys_cond warning: sys_cond_signal(cond_id=222)
[E : PPU[1] Thread (CPUThread)[0x0145e04c]]: Memory::WriteString error: bad address (0x0)
[W : PPU[228] Thread (LoadingScreenThread)[0x00463488]]: sys_cond warning: sys_cond_create(cond_id_addr=0xd0090bb0, mutex_id=154, attr_addr=-804713528)
[W : PPU[228] Thread (LoadingScreenThread)[0x00463488]]: sys_cond warning: *** condition created []: id = 229
[W : PPU[228] Thread (LoadingScreenThread)[0x00463620]]: sys_cond warning: sys_cond_wait(cond_id=229, timeout=0)
[W : PPU[1] Thread (CPUThread)[0x0145e004]]: cellGame warning: cellGameGetParamString(id=100, buf_addr=0xd0020670, bufsize=64)
[W : PPU[219] Thread (3a9206b0)[0x00463308]]: sys_cond warning: sys_cond_signal_all(cond_id=229)
[W : PPU[219] Thread (3a9206b0)[0x00463620]]: sys_cond warning: sys_cond_wait(cond_id=222, timeout=0)
[W : PPU[1] Thread (CPUThread)[0x0145e01c]]: cellGame warning: cellGameContentPermit(contentInfoPath_addr=0xd00206b0, usrdirPath_addr=0xd0020730)
[W : PPU[1] Thread (CPUThread)[0x01448040]]: cellSysutil warning: cellSysutilGetSystemParamInt: CELL_SYSUTIL_SYSTEMPARAM_ID_LANG
[E : PPU[1] Thread (CPUThread)[0x0145e034]]: cellGame error: Unimplemented function: cellGameDataCheck
[W : PPU[1] Thread (CPUThread)[0x0145e01c]]: cellGame warning: cellGameContentPermit(contentInfoPath_addr=0x306682a0, usrdirPath_addr=0x30668320)
[W : PPU[1] Thread (CPUThread)[0x01444004]]: cellSysmodule warning: cellSysmoduleUnloadModule(CELL_SYSMODULE_SYSUTIL_GAME)
[E : PPU[1] Thread (CPUThread)[0x01442010]]: TODO: _cellSpursTasksetAttributeInitialize
[E : PPU[1] Thread (CPUThread)[0x0144204c]]: TODO: cellSpursTasksetAttributeSetName
[E : PPU[1] Thread (CPUThread)[0x014420a0]]: TODO: cellSpursCreateTasksetWithAttribute
[E : PPU[1] Thread (CPUThread)[0x01442040]]: TODO: _cellSpursEventFlagInitialize
[E : PPU[1] Thread (CPUThread)[0x01442058]]: TODO: cellSpursEventFlagAttachLv2EventQueue
[E : PPU[1] Thread (CPUThread)[0x014420b8]]: TODO: _cellSpursLFQueueInitialize
[E : PPU[1] Thread (CPUThread)[0x014420c4]]: TODO: cellSpursLFQueueAttachLv2EventQueue
[E : PPU[1] Thread (CPUThread)[0x01442178]]: TODO: cellSpursCreateTask
[W : PPU[1] Thread (CPUThread)[0x01444010]]: cellSysmodule warning: cellSysmoduleLoadModule(CELL_SYSMODULE_IO)
[W : PPU[1] Thread (CPUThread)[0x01444010]]: cellSysmodule warning: cellSysmoduleLoadModule(CELL_SYSMODULE_FS)
[E : PPU[150] Thread (FpPadThread)[0x005b9798]]: sys_event error: sys_event_queue_tryreceive(equeue_id=149, event_array_addr=0xd0050cc8, size=8, number_addr=0xd0050cc0)
[E : PPU[228] Thread (LoadingScreenThread)[0x014420f4]]: TODO: cellSpursGetWorkloadInfo
[E : PPU[228] Thread (LoadingScreenThread)[0x014420f4]]: TODO: cellSpursGetWorkloadInfo
[E : PPU[228] Thread (LoadingScreenThread)[0x014420f4]]: TODO: cellSpursGetWorkloadInfo
[E : PPU[228] Thread (LoadingScreenThread)[0x014420f4]]: TODO: cellSpursGetWorkloadInfo
[W : RSXThread]: null cmd: addr=0x52000000, put=0x11070, get=0x2000000
[E : PPU[150] Thread (FpPadThread)[0x005b9798]]: sys_event error: sys_event_queue_tryreceive(equeue_id=149, event_array_addr=0xd0050cc8, size=8, number_addr=0xd0050cc0)
[W : PPU[221] Thread (3a920740)[0x00463620]]: sys_cond_wait(cond_id=222, ...) aborted
[! : PPU[221] Thread (3a920740)[0x00463624]]: PPU[221] Thread (3a920740) leave
[W : PPU[219] Thread (3a9206b0)[0x00463620]]: sys_cond_wait(cond_id=222, ...) aborted
[! : PPU[219] Thread (3a9206b0)[0x00463624]]: PPU[219] Thread (3a9206b0) leave
[! : RSXThread]: RSX thread exit...
[W : PPU[141] Thread (Job Manager Event Handler)[0x004657a8]]: sys_event_queue_receive(equeue=140) aborted
[! : PPU[228] Thread (LoadingScreenThread)[0x005f9cf0]]: PPU[228] Thread (LoadingScreenThread) leave
[! : PPU[150] Thread (FpPadThread)[0x005b979c]]: PPU[150] Thread (FpPadThread) leave
[W : PPU[138] Thread (Job Manager Event Handler)[0x004657a8]]: sys_event_queue_receive(equeue=137) aborted
[! : PPU[227] Thread (Audio MS Update Thread)[0x006032c4]]: PPU[227] Thread (Audio MS Update Thread) leave
[! : PPU[1] Thread (CPUThread)[0x006bb740]]: PPU[1] Thread (CPUThread) leave
[! : PPU[141] Thread (Job Manager Event Handler)[0x004657ac]]: PPU[141] Thread (Job Manager Event Handler) leave
[! : PPU[138] Thread (Job Manager Event Handler)[0x004657ac]]: PPU[138] Thread (Job Manager Event Handler) leave
[!]: Closing memory...
