[!]: path: /dev_hdd0/game/
[!]: Loading 'D:\Emulateurs\Rpcs3\dev_hdd0\game\BCES00009-[RIDGE RACER 7]/PS3_GAME/USRDIR/BOOT.BIN'...
[!]: Mount info:
[!]: /dev_hdd0/ -> D:\Emulateurs\Rpcs3/dev_hdd0/
[!]: /dev_hdd1/ -> D:\Emulateurs\Rpcs3/dev_hdd1/
[!]: /dev_flash/ -> D:\Emulateurs\Rpcs3/dev_flash/
[!]: /dev_usb000/ -> D:\Emulateurs\Rpcs3/dev_usb000/
[!]: /dev_usb/ -> D:\Emulateurs\Rpcs3/dev_usb000/
[!]: /app_home/ -> D:\Emulateurs\Rpcs3\dev_hdd0\game\BCES00009-[RIDGE RACER 7]/PS3_GAME/
[!]: /dev_bdvd/ -> D:\Emulateurs\Rpcs3\dev_hdd0\game\BCES00009-[RIDGE RACER 7]/PS3_GAME//../
[!]: /host_root/ -> 
[!]: / -> D:\Emulateurs\Rpcs3\dev_hdd0\game\BCES00009-[RIDGE RACER 7]/PS3_GAME//USRDIR/
[!]: Initing memory...
[!]: Memory initialized.
[W]: Unknown function 0xbd6d60d9 in 'cellGcmSys' module
[E]: TODO: cellGcmSetInvalidateTile
[W]: Unknown function 0xd3758645 in 'cellResc' module
[E]: TODO: cellRescSetVBlankHandler
[W]: Unknown module 'sceNpMatchingInt'
[W]: Unknown function 0x03c741a7 in 'sceNp' module
[E]: TODO: sceNpMatchingGetResult
[W]: Unknown function 0x04ca5e6a in 'sceNp' module
[E]: TODO: sceNpScoreRecordGameData
[W]: Unknown function 0x05d65dff in 'sceNp' module
[E]: TODO: sceNpScoreGetRankingByNpId
[W]: Unknown function 0x155de760 in 'sceNp' module
[E]: TODO: sceNpSignalingGetConnectionInfo
[W]: Unknown function 0x1672170e in 'sceNp' module
[E]: TODO: sceNpScoreRecordScore
[W]: Unknown function 0x168a3117 in 'sceNp' module
[E]: TODO: sceNpBasicAddPlayersHistory
[W]: Unknown function 0x259113b8 in 'sceNp' module
[E]: TODO: sceNpScoreDestroyTitleCtx
[W]: Unknown function 0x26b3bc94 in 'sceNp' module
[E]: TODO: sceNpMatchingGetResultGUI
[W]: Unknown function 0x27c69eba in 'sceNp' module
[E]: TODO: sceNpBasicAddFriend
[W]: Unknown function 0x2ad7837d in 'sceNp' module
[E]: TODO: sceNpMatchingAcceptInvitationGUI
[W]: Unknown function 0x2e1c5068 in 'sceNp' module
[E]: TODO: sceNpMatchingDestroyCtx
[W]: Unknown function 0x32cf311f in 'sceNp' module
[E]: TODO: sceNpScoreInit
[W]: Unknown function 0x32febb4c in 'sceNp' module
[E]: TODO: sceNpMatchingSearchJoinRoomGUI
[W]: Unknown function 0x3b02418d in 'sceNp' module
[E]: TODO: sceNpScoreGetGameData
[W]: Unknown function 0x3cc8588a in 'sceNp' module
[E]: TODO: sceNpMatchingCreateRoomGUI
[W]: Unknown function 0x3f0808aa in 'sceNp' module
[E]: TODO: sceNpBasicSetPresence
[W]: Unknown function 0x43b989f5 in 'sceNp' module
[E]: TODO: sceNpBasicSendMessageAttachment
[W]: Unknown function 0x60897c38 in 'sceNp' module
[E]: TODO: sceNpSignalingActivateConnection
[W]: Unknown function 0x6356082e in 'sceNp' module
[E]: TODO: sceNpSignalingCreateCtx
[W]: Unknown function 0x64a704cc in 'sceNp' module
[E]: TODO: sceNpBasicRecvMessageAttachmentLoad
[W]: Unknown function 0x6f5e8143 in 'sceNp' module
[E]: TODO: sceNpScoreCreateTransactionCtx
[W]: Unknown function 0x8b7bbd73 in 'sceNp' module
[E]: TODO: sceNpMatchingSendInvitationGUI
[W]: Unknown function 0x9851f805 in 'sceNp' module
[E]: TODO: sceNpScoreTerm
[W]: Unknown function 0xa284bd1d in 'sceNp' module
[E]: TODO: sceNpMatchingSetRoomSearchFlag
[W]: Unknown function 0xa8cf8451 in 'sceNp' module
[E]: TODO: sceNpSignalingDestroyCtx
[W]: Unknown function 0xac66568c in 'sceNp' module
[E]: TODO: sceNpMatchingCreateCtx
[W]: Unknown function 0xacb9ee8e in 'sceNp' module
[E]: TODO: sceNpBasicUnregisterHandler
[W]: Unknown function 0xb5cb2d56 in 'sceNp' module
[E]: TODO: sceNpBasicRecvMessageAttachment
[W]: Unknown function 0xb9f93bbb in 'sceNp' module
[E]: TODO: sceNpScoreCreateTitleCtx
[W]: Unknown function 0xbcc09fe7 in 'sceNp' module
[E]: TODO: sceNpBasicRegisterHandler
[W]: Unknown function 0xbdc07fd5 in 'sceNp' module
[E]: TODO: sceNpManagerGetNetworkTime
[W]: Unknown function 0xc5f4cf82 in 'sceNp' module
[E]: TODO: sceNpScoreDestroyTransactionCtx
[W]: Unknown function 0xca0a2d04 in 'sceNp' module
[E]: TODO: sceNpSignalingGetConnectionStatus
[W]: Unknown function 0xd208f91d in 'sceNp' module
[E]: TODO: sceNpUtilCmpNpId
[W]: Unknown function 0xd20d7798 in 'sceNp' module
[E]: TODO: sceNpMatchingKickRoomMemberWithOpt
[W]: Unknown function 0xe035f7d6 in 'sceNp' module
[E]: TODO: sceNpBasicGetEvent
[W]: Unknown function 0xee5b20d9 in 'sceNp' module
[E]: TODO: sceNpScoreAbortTransaction
[W]: Unknown function 0xf42c0df8 in 'sceNp' module
[E]: TODO: sceNpManagerGetOnlineName
[W]: Unknown function 0xf806c54c in 'sceNp' module
[E]: TODO: sceNpMatchingLeaveRoom
[W]: Unknown function 0xfbc82301 in 'sceNp' module
[E]: TODO: sceNpScoreGetRankingByRange
[W]: Unknown function 0xfd0eb5ae in 'sceNp' module
[E]: TODO: sceNpSignalingDeactivateConnection
[W]: Unknown function 0xfe37a7f4 in 'sceNp' module
[E]: TODO: sceNpManagerGetNpId
[W]: Unknown function 0x2ad091c6 in 'cellL10n' module
[E]: TODO: UCS2stoUTF8s
[W]: Unknown function 0x317ab7c2 in 'cellL10n' module
[E]: TODO: UTF16toUTF8
[W]: Unknown function 0x0f411262 in 'cellUsbd' module
[E]: TODO: cellUsbdInterruptTransfer
[W]: Unknown function 0x254289ac in 'cellUsbd' module
[E]: TODO: cellUsbdOpenPipe
[W]: Unknown function 0x2fb08e1e in 'cellUsbd' module
[E]: TODO: cellUsbdScanStaticDescriptor
[W]: Unknown function 0x5de3af36 in 'cellUsbd' module
[E]: TODO: cellUsbdGetPrivateData
[W]: Unknown function 0x63bfdb97 in 'cellUsbd' module
[E]: TODO: cellUsbdSetPrivateData
[W]: Unknown function 0x7fe92c54 in 'cellUsbd' module
[E]: TODO: cellUsbdRegisterExtraLdd
[W]: Unknown function 0x90460081 in 'cellUsbd' module
[E]: TODO: cellUsbdUnregisterExtraLdd
[W]: Unknown function 0x9763e962 in 'cellUsbd' module
[E]: TODO: cellUsbdClosePipe
[W]: Unknown function 0x97cf128e in 'cellUsbd' module
[E]: TODO: cellUsbdControlTransfer
[W]: Unknown function 0xd0e766fe in 'cellUsbd' module
[E]: TODO: cellUsbdInit
[W]: Unknown function 0xdb819e03 in 'cellUsbd' module
[E]: TODO: cellUsbdGetDeviceLocation
[W]: Unknown function 0xbe5be3ba in 'sys_io' module
[E]: TODO: cellPadSetSensorMode
[W]: Unknown function 0xf83f8182 in 'sys_io' module
[E]: TODO: cellPadSetPressMode
[W]: Unknown function 0x22aab31d in 'cellSpurs' module
[E]: TODO: cellSpursEventFlagDetachLv2EventQueue
[W]: Unknown function 0x373523d4 in 'cellSpurs' module
[E]: TODO: cellSpursEventFlagWait
[W]: Unknown function 0x52cc6c82 in 'cellSpurs' module
[E]: TODO: cellSpursCreateTaskset
[W]: Unknown function 0x5ef96465 in 'cellSpurs' module
[E]: TODO: _cellSpursEventFlagInitialize
[W]: Unknown function 0x87630976 in 'cellSpurs' module
[E]: TODO: cellSpursEventFlagAttachLv2EventQueue
[W]: Unknown function 0x9f72add3 in 'cellSpurs' module
[E]: TODO: cellSpursJoinTaskset
[W]: Unknown function 0xa789e631 in 'cellSpurs' module
[E]: TODO: cellSpursShutdownTaskset
[W]: Unknown function 0xacfc8dbc in 'cellSpurs' module
[E]: TODO: cellSpursInitialize
[W]: Unknown function 0xbeb600ac in 'cellSpurs' module
[E]: TODO: cellSpursCreateTask
[W]: Unknown function 0xf5507729 in 'cellSpurs' module
[E]: TODO: cellSpursEventFlagSet
[W]: Unknown function 0x3d1e1931 in 'cellSysutil' module
[E]: TODO: cellOskDialogUnloadAsync
[W]: Unknown function 0x3dbd2314 in 'cellSysutil' module
[E]: TODO: cellSaveDataListSave
[W]: Unknown function 0x41bc2ca1 in 'cellSysutil' module
[E]: TODO: cellSaveDataFixedSave
[W]: Unknown function 0x62b0f803 in 'cellSysutil' module
[E]: TODO: cellMsgDialogAbort
[W]: Unknown function 0x7fcfc915 in 'cellSysutil' module
[E]: TODO: cellOskDialogLoadAsync
[W]: Unknown function 0xa4ed7dfe in 'cellSysutil' module
[E]: TODO: cellSaveDataDelete
[W]: Unknown function 0xb72bc4e6 in 'cellSysutil' module
[E]: TODO: cellDiscGameGetBootDiscInfo
[W]: Unknown function 0xc22c79b5 in 'cellSysutil' module
[E]: TODO: cellSaveDataAutoLoad
[W]: Unknown function 0xc9645c41 in 'cellSysutil' module
[E]: TODO: cellGameDataCheckCreate2
[W]: Unknown function 0xef5a353d in 'cellSysutil' module
[E]: TODO: cellSaveDataListLoad
[W]: Unknown function 0xf81eca25 in 'cellSysutil' module
[E]: TODO: cellMsgDialogOpen
[W]: Unknown function 0xf8a175ec in 'cellSysutil' module
[E]: TODO: cellSaveDataAutoSave
[W]: Unknown function 0x06ddb53e in 'cellAtrac' module
[E]: TODO: cellAtracSetSecondBuffer
[W]: Unknown function 0x0f9667b6 in 'cellAtrac' module
[E]: TODO: cellAtracGetChannel
[W]: Unknown function 0x2bfff084 in 'cellAtrac' module
[E]: TODO: cellAtracGetStreamDataInfo
[W]: Unknown function 0x46cfc013 in 'cellAtrac' module
[E]: TODO: cellAtracAddStreamData
[W]: Unknown function 0x5f62d546 in 'cellAtrac' module
[E]: TODO: cellAtracGetMaxSample
[W]: Unknown function 0x66afc68e in 'cellAtrac' module
[E]: TODO: cellAtracSetDataAndGetMemSize
[W]: Unknown function 0x761cb9be in 'cellAtrac' module
[E]: TODO: cellAtracDeleteDecoder
[W]: Unknown function 0x78ba5c41 in 'cellAtrac' module
[E]: TODO: cellAtracSetLoopNum
[W]: Unknown function 0x8eb0e65f in 'cellAtrac' module
[E]: TODO: cellAtracDecode
[W]: Unknown function 0x99efe171 in 'cellAtrac' module
[E]: TODO: cellAtracIsSecondBufferNeeded
[W]: Unknown function 0xab6b6dbf in 'cellAtrac' module
[E]: TODO: cellAtracGetLoopInfo
[W]: Unknown function 0xb5c11938 in 'cellAtrac' module
[E]: TODO: cellAtracGetInternalErrorInfo
[W]: Unknown function 0xbe07f05e in 'cellAtrac' module
[E]: TODO: cellAtracGetSecondBufferInfo
[W]: Unknown function 0xfa293e88 in 'cellAtrac' module
[E]: TODO: cellAtracCreateDecoder
[W]: Unknown function 0x05c65656 in 'sysPrxForUser' module
[E]: TODO: sys_mempool_try_allocate_block
[W]: Unknown function 0x608212fc in 'sysPrxForUser' module
[E]: TODO: sys_mempool_free_block
[W]: Unknown function 0x9d3c0f81 in 'sysPrxForUser' module
[E]: TODO: sys_mempool_destroy
[W]: Unknown function 0xca9a60bf in 'sysPrxForUser' module
[E]: TODO: sys_mempool_create
[W : PPU[1] Thread (CPUThread)[0x00509034]]: sys_lwmutex warning: *** lwmutex created [] (attribute=0x12): sq_id = 3
[W : PPU[1] Thread (CPUThread)[0x00509034]]: sys_lwmutex warning: *** lwmutex created [] (attribute=0x12): sq_id = 4
[W : PPU[1] Thread (CPUThread)[0x00509034]]: sys_lwmutex warning: *** lwmutex created [] (attribute=0x12): sq_id = 5
[W : PPU[1] Thread (CPUThread)[0x00509034]]: sys_lwmutex warning: *** lwmutex created [] (attribute=0x12): sq_id = 6
[W : PPU[1] Thread (CPUThread)[0x00509034]]: sys_lwmutex warning: *** lwmutex created [] (attribute=0x12): sq_id = 7
[W : PPU[1] Thread (CPUThread)[0x00509034]]: sys_lwmutex warning: *** lwmutex created [] (attribute=0x12): sq_id = 8
[W : PPU[1] Thread (CPUThread)[0x00509034]]: sys_lwmutex warning: *** lwmutex created [] (attribute=0x12): sq_id = 9
[W : PPU[1] Thread (CPUThread)[0x00509034]]: sys_lwmutex warning: *** lwmutex created [] (attribute=0x12): sq_id = 10
[W : PPU[1] Thread (CPUThread)[0x00509034]]: sys_lwmutex warning: *** lwmutex created [] (attribute=0x12): sq_id = 11
[W : PPU[1] Thread (CPUThread)[0x00509034]]: sys_lwmutex warning: *** lwmutex created [] (attribute=0x12): sq_id = 12
[W : PPU[1] Thread (CPUThread)[0x00509034]]: sys_lwmutex warning: *** lwmutex created [] (attribute=0x12): sq_id = 13
[W : PPU[1] Thread (CPUThread)[0x00509034]]: sys_lwmutex warning: *** lwmutex created [] (attribute=0x12): sq_id = 14
[W : PPU[1] Thread (CPUThread)[0x00509034]]: sys_lwmutex warning: *** lwmutex created [] (attribute=0x12): sq_id = 15
[W : PPU[1] Thread (CPUThread)[0x00509034]]: sys_lwmutex warning: *** lwmutex created [] (attribute=0x12): sq_id = 16
[W : PPU[1] Thread (CPUThread)[0x00509034]]: sys_lwmutex warning: *** lwmutex created [] (attribute=0x12): sq_id = 17
[W : PPU[1] Thread (CPUThread)[0x00509034]]: sys_lwmutex warning: *** lwmutex created [] (attribute=0x12): sq_id = 18
[W : PPU[1] Thread (CPUThread)[0x00509034]]: sys_lwmutex warning: *** lwmutex created [] (attribute=0x12): sq_id = 19
[W : PPU[1] Thread (CPUThread)[0x00509034]]: sys_lwmutex warning: *** lwmutex created [] (attribute=0x12): sq_id = 20
[W : PPU[1] Thread (CPUThread)[0x00509034]]: sys_lwmutex warning: *** lwmutex created [] (attribute=0x12): sq_id = 21
[W : PPU[1] Thread (CPUThread)[0x00509034]]: sys_lwmutex warning: *** lwmutex created [] (attribute=0x12): sq_id = 22
[W : PPU[1] Thread (CPUThread)[0x00509034]]: sys_lwmutex warning: *** lwmutex created [] (attribute=0x12): sq_id = 23
[W : PPU[1] Thread (CPUThread)[0x00509034]]: sys_lwmutex warning: *** lwmutex created [] (attribute=0x12): sq_id = 24
[W : PPU[1] Thread (CPUThread)[0x0038bb68]]: sys_mutex warning: *** mutex created [] (protocol=0x2, recursive=false): id = 25
[W : PPU[1] Thread (CPUThread)[0x00393d8c]]: sys_cond warning: *** condition created [] (mutex_id=25): id = 26
[W : PPU[1] Thread (CPUThread)[0x0038bb68]]: sys_mutex warning: *** mutex created [] (protocol=0x2, recursive=false): id = 27
[W : PPU[1] Thread (CPUThread)[0x00393d8c]]: sys_cond warning: *** condition created [] (mutex_id=27): id = 28
[W : PPU[1] Thread (CPUThread)[0x0038bb68]]: sys_mutex warning: *** mutex created [] (protocol=0x2, recursive=false): id = 29
[W : PPU[1] Thread (CPUThread)[0x00393d8c]]: sys_cond warning: *** condition created [] (mutex_id=29): id = 30
[W : PPU[1] Thread (CPUThread)[0x0038bb68]]: sys_mutex warning: *** mutex created [] (protocol=0x2, recursive=false): id = 31
[W : PPU[1] Thread (CPUThread)[0x00393d8c]]: sys_cond warning: *** condition created [] (mutex_id=31): id = 32
[W : PPU[1] Thread (CPUThread)[0x0038bb68]]: sys_mutex warning: *** mutex created [] (protocol=0x2, recursive=false): id = 33
[W : PPU[1] Thread (CPUThread)[0x00393d8c]]: sys_cond warning: *** condition created [] (mutex_id=33): id = 34
[W : PPU[1] Thread (CPUThread)[0x0038bb68]]: sys_mutex warning: *** mutex created [] (protocol=0x2, recursive=false): id = 35
[W : PPU[1] Thread (CPUThread)[0x00393d8c]]: sys_cond warning: *** condition created [] (mutex_id=35): id = 36
[W : PPU[1] Thread (CPUThread)[0x0038bb68]]: sys_mutex warning: *** mutex created [] (protocol=0x2, recursive=false): id = 37
[W : PPU[1] Thread (CPUThread)[0x00393d8c]]: sys_cond warning: *** condition created [] (mutex_id=37): id = 38
[W : PPU[1] Thread (CPUThread)[0x0038bb68]]: sys_mutex warning: *** mutex created [] (protocol=0x2, recursive=false): id = 39
[W : PPU[1] Thread (CPUThread)[0x00393d8c]]: sys_cond warning: *** condition created [] (mutex_id=39): id = 40
[W : PPU[1] Thread (CPUThread)[0x0038bb68]]: sys_mutex warning: *** mutex created [] (protocol=0x2, recursive=false): id = 41
[W : PPU[1] Thread (CPUThread)[0x0038bb68]]: sys_mutex warning: *** mutex created [] (protocol=0x2, recursive=false): id = 42
[W : PPU[1] Thread (CPUThread)[0x0038bb68]]: sys_mutex warning: *** mutex created [] (protocol=0x2, recursive=false): id = 43
[W : PPU[1] Thread (CPUThread)[0x0038bb68]]: sys_mutex warning: *** mutex created [] (protocol=0x2, recursive=false): id = 44
[W : PPU[1] Thread (CPUThread)[0x0038bb68]]: sys_mutex warning: *** mutex created [] (protocol=0x2, recursive=false): id = 45
[W : PPU[1] Thread (CPUThread)[0x0038bb68]]: sys_mutex warning: *** mutex created [] (protocol=0x2, recursive=false): id = 46
[W : PPU[1] Thread (CPUThread)[0x0038bb68]]: sys_mutex warning: *** mutex created [] (protocol=0x2, recursive=false): id = 47
[W : PPU[1] Thread (CPUThread)[0x0038bb68]]: sys_mutex warning: *** mutex created [] (protocol=0x2, recursive=false): id = 48
[W : PPU[1] Thread (CPUThread)[0x004f70ac]]: cellSysutil warning: cellSysutilGetSystemParamString: CELL_SYSUTIL_SYSTEMPARAM_ID_CURRENT_USERNAME
[W : PPU[1] Thread (CPUThread)[0x00037eb0]]: sys_mutex warning: *** mutex created [] (protocol=0x2, recursive=false): id = 49
[W : PPU[1] Thread (CPUThread)[0x00507010]]: cellSysmodule warning: cellSysmoduleLoadModule(CELL_SYSMODULE_L10N)
[W : PPU[1] Thread (CPUThread)[0x00507010]]: cellSysmodule warning: cellSysmoduleLoadModule(CELL_SYSMODULE_FONT)
[W : PPU[1] Thread (CPUThread)[0x00507010]]: cellSysmodule warning: cellSysmoduleLoadModule(CELL_SYSMODULE_FREETYPE)
[W : PPU[1] Thread (CPUThread)[0x00507010]]: cellSysmodule warning: cellSysmoduleLoadModule(CELL_SYSMODULE_FONTFT)
[W : PPU[1] Thread (CPUThread)[0x00507010]]: cellSysmodule warning: cellSysmoduleLoadModule(CELL_SYSMODULE_USBD)
[W : PPU[1] Thread (CPUThread)[0x00507010]]: cellSysmodule warning: cellSysmoduleLoadModule(CELL_SYSMODULE_RTC)
[W : PPU[1] Thread (CPUThread)[0x00507010]]: cellSysmodule warning: cellSysmoduleLoadModule(CELL_SYSMODULE_NET)
[W : PPU[1] Thread (CPUThread)[0x00507010]]: cellSysmodule warning: cellSysmoduleLoadModule(CELL_SYSMODULE_SYSUTIL_NP)
[W : PPU[1] Thread (CPUThread)[0x00507010]]: cellSysmodule warning: cellSysmoduleLoadModule(CELL_SYSMODULE_RESC)
[E : PPU[1] Thread (CPUThread)[0x004f70dc]]: TODO: cellDiscGameGetBootDiscInfo
[E : PPU[1] Thread (CPUThread)[0x004eb070]]: TODO: cellUsbdInit
[E : PPU[1] Thread (CPUThread)[0x005090a0]]: TODO: sys_mempool_create
[E : PPU[1] Thread (CPUThread)[0x005090a0]]: TODO: sys_mempool_create
[E : PPU[1] Thread (CPUThread)[0x005090a0]]: TODO: sys_mempool_create
[E : PPU[1] Thread (CPUThread)[0x005090a0]]: TODO: sys_mempool_create
[W : PPU[1] Thread (CPUThread)[0x003a0504]]: sys_semaphore warning: sys_semaphore_create(sem_addr=0x1065a5a4, attr_addr=0xd00203d0, initial_count=1, max_count=1)
[W : PPU[1] Thread (CPUThread)[0x003a056c]]: sys_semaphore warning: sys_semaphore_create(sem_addr=0x1065a5a8, attr_addr=0xd00203d0, initial_count=1, max_count=1)
[W : PPU[1] Thread (CPUThread)[0x003a060c]]: sys_semaphore warning: sys_semaphore_create(sem_addr=0x1065a5c4, attr_addr=0xd00203d0, initial_count=1, max_count=1)
[W : PPU[1] Thread (CPUThread)[0x003a0640]]: sys_event warning: sys_event_queue_create(equeue_id_addr=0x1065a59c, attr_addr=0xd00203c0, event_queue_key=0x0, size=40)
[W : PPU[1] Thread (CPUThread)[0x003a0640]]: sys_event warning: *** event_queue created [] (protocol=0x2, type=0x1): id = 53
[W : PPU[1] Thread (CPUThread)[0x003a0664]]: sys_event warning: sys_event_port_create(eport_id_addr=0x1065a5a0, port_type=0x1, name=0x4c444556)
[W : PPU[1] Thread (CPUThread)[0x003a0664]]: sys_event warning: *** sys_event_port created: id = 54
[W : PPU[1] Thread (CPUThread)[0x003a0684]]: sys_event warning: sys_event_port_connect_local(eport_id=54, equeue_id=53)
[W : PPU[1] Thread (CPUThread)[0x003a069c]]: sys_timer warning: sys_timer_create(timer_id_addr=0x1065a598)
[W : PPU[1] Thread (CPUThread)[0x003a06c4]]: sys_timer warning: sys_timer_connect_event_queue(timer_id=55, queue_id=53, name=0, data1=5, data2=8000)
[W : PPU[1] Thread (CPUThread)[0x003a02bc]]: sys_timer warning: TODO: sys_timer_stop()
[W : PPU[1] Thread (CPUThread)[0x003a02c8]]: sys_timer warning: TODO: sys_timer_disconnect_event_queue(timer_id=55)
[W : PPU[1] Thread (CPUThread)[0x003a02e0]]: sys_timer warning: TODO: sys_timer_destroy(timer_id=55)
[W : PPU[1] Thread (CPUThread)[0x003a0328]]: sys_event warning: sys_event_port_disconnect(eport_id=54)
[W : PPU[1] Thread (CPUThread)[0x003a0334]]: sys_event warning: sys_event_port_destroy(eport_id=54)
[E : PPU[1] Thread (CPUThread)[0x003a0358]]: sys_event error: sys_event_queue_destroy(equeue_id=53, mode=0x0)
[W : PPU[1] Thread (CPUThread)[0x00493010]]: cellGcmSys warning: cellGcmInit(context_addr=0x10655120,cmdSize=0x10000,ioSize=0x3100000,ioAddress=0x30200000)
[W : PPU[1] Thread (CPUThread)[0x00493010]]: cellGcmSys warning: *** local memory(addr=0xc0000000, size=0xf900000)
[W : PPU[1] Thread (CPUThread)[0x00493010]]: cellGcmSys warning: cellGcmMapEaIoAddress(ea=0x30200000, io=0x0, size=0x3100000)
[! : RSXThread]: RSX thread entry
[W : PPU[1] Thread (CPUThread)[0x004f7088]]: cellSysutil warning: cellVideoOutGetNumberOfDevice(videoOut=0)
[W : PPU[1] Thread (CPUThread)[0x004f7028]]: cellSysutil warning: cellVideoOutGetDeviceInfo(videoOut=0, deviceIndex=0, info_addr=0xd0020150)
[W : PPU[1] Thread (CPUThread)[0x00493004]]: cellGcmSys warning: cellGcmGetTiledPitchSize(size=7680)
[W : PPU[1] Thread (CPUThread)[0x00493004]]: cellGcmSys warning: cellGcmGetTiledPitchSize(size=7680)
[W : PPU[1] Thread (CPUThread)[0x00493004]]: cellGcmSys warning: cellGcmGetTiledPitchSize(size=5120)
[W : PPU[1] Thread (CPUThread)[0x004f70c4]]: cellSysutil warning: cellVideoOutGetResolutionAvailability(videoOut=0, resolutionId=0x4, option_addr=0x1, aspect=0x0, option=0xe813af80)
[W : PPU[1] Thread (CPUThread)[0x004f7010]]: cellSysutil warning: cellVideoOutConfigure(videoOut=0, config_addr=0xd00201d4, option_addr=0x0, waitForEvent=0x0)
[W : PPU[1] Thread (CPUThread)[0x00493034]]: cellGcmSys warning: cellGcmSetFlipMode(mode=2)
[W : PPU[1] Thread (CPUThread)[0x00493004]]: cellGcmSys warning: cellGcmGetTiledPitchSize(size=7680)
[W : PPU[1] Thread (CPUThread)[0x0049307c]]: cellGcmSys warning: cellGcmSetTile(index=1, location=0, offset=0, size=8388608, pitch=7680, comp=0, base=0, bank=1)
[W : PPU[1] Thread (CPUThread)[0x0049304c]]: cellGcmSys warning: cellGcmSetDisplayBuffer(id=0x0,offset=0x0,pitch=4,width=1920,height=1080)
[W : PPU[1] Thread (CPUThread)[0x00493004]]: cellGcmSys warning: cellGcmGetTiledPitchSize(size=7680)
[W : PPU[1] Thread (CPUThread)[0x0049307c]]: cellGcmSys warning: cellGcmSetTile(index=2, location=1, offset=65536, size=8388608, pitch=7680, comp=0, base=128, bank=1)
[W : PPU[1] Thread (CPUThread)[0x00493004]]: cellGcmSys warning: cellGcmGetTiledPitchSize(size=7680)
[W : PPU[1] Thread (CPUThread)[0x0049307c]]: cellGcmSys warning: cellGcmSetTile(index=3, location=0, offset=8388608, size=8388608, pitch=7680, comp=0, base=256, bank=1)
[W : PPU[1] Thread (CPUThread)[0x0049304c]]: cellGcmSys warning: cellGcmSetDisplayBuffer(id=0x2,offset=0x800000,pitch=4,width=1920,height=1080)
[W : PPU[1] Thread (CPUThread)[0x00493004]]: cellGcmSys warning: cellGcmGetTiledPitchSize(size=0)
[W : PPU[1] Thread (CPUThread)[0x0049307c]]: cellGcmSys warning: cellGcmSetTile(index=0, location=0, offset=16777216, size=0, pitch=0, comp=10, base=384, bank=0)
[E : PPU[1] Thread (CPUThread)[0x0049307c]]: cellGcmSys error: cellGcmSetTile: bad comp! (10)
[W : PPU[1] Thread (CPUThread)[0x00493004]]: cellGcmSys warning: cellGcmGetTiledPitchSize(size=1024)
[W : PPU[1] Thread (CPUThread)[0x0049307c]]: cellGcmSys warning: cellGcmSetTile(index=5, location=0, offset=16842752, size=131072, pitch=1024, comp=0, base=384, bank=1)
[W : PPU[1] Thread (CPUThread)[0x00493004]]: cellGcmSys warning: cellGcmGetTiledPitchSize(size=2048)
[W : PPU[1] Thread (CPUThread)[0x0049307c]]: cellGcmSys warning: cellGcmSetTile(index=6, location=0, offset=17039360, size=262144, pitch=2048, comp=0, base=386, bank=1)
[W : PPU[1] Thread (CPUThread)[0x00493004]]: cellGcmSys warning: cellGcmGetTiledPitchSize(size=2048)
[W : PPU[1] Thread (CPUThread)[0x0049307c]]: cellGcmSys warning: cellGcmSetTile(index=7, location=0, offset=17301504, size=262144, pitch=2048, comp=0, base=390, bank=1)
[W : PPU[1] Thread (CPUThread)[0x00493004]]: cellGcmSys warning: cellGcmGetTiledPitchSize(size=256)
[W : PPU[1] Thread (CPUThread)[0x0049307c]]: cellGcmSys warning: cellGcmSetTile(index=8, location=0, offset=17563648, size=65536, pitch=256, comp=0, base=394, bank=1)
[W : PPU[1] Thread (CPUThread)[0x00493004]]: cellGcmSys warning: cellGcmGetTiledPitchSize(size=1024)
[W : PPU[1] Thread (CPUThread)[0x0049307c]]: cellGcmSys warning: cellGcmSetTile(index=9, location=0, offset=17629184, size=1572864, pitch=1024, comp=0, base=395, bank=1)
[W : PPU[1] Thread (CPUThread)[0x00493088]]: cellGcmSys warning: TODO: cellGcmSetZcull(index=0, offset=0x1000000, width=1920, height=1088, cullStart=0x0, zFormat=0x2, aaFormat=0x0, zCullDir=0x0, zCullFormat=0x1, sFunc=0x0, sRef=0x80, sMask=0xff)
[W : PPU[1] Thread (CPUThread)[0x000c1a5c]]: sys_mutex warning: *** mutex created [] (protocol=0x2, recursive=false): id = 56
[W : PPU[1] Thread (CPUThread)[0x0049d0c4]]: cellFont warning: cellFontInitializeWithRevision(revisionFlags=0x5, config=0xd0020218)
[W : PPU[1] Thread (CPUThread)[0x0049f004]]: cellFontFT warning: cellFontInitLibraryFreeTypeWithRevision(revisionFlags=0x5, config_addr=0xd0020240, lib_addr_addr=0x1055da50
[W : PPU[1] Thread (CPUThread)[0x0049d004]]: cellFont warning: cellFontCreateRenderer(library_addr=0x30016000, config_addr=0xd002022c, Renderer_addr=0x1055d950)
[W : PPU[1] Thread (CPUThread)[0x002d215c]]: sys_semaphore warning: sys_semaphore_create(sem_addr=0x1055d948, attr_addr=0xd0020258, initial_count=0, max_count=1)
[W : PPU[1] Thread (CPUThread)[0x0049d094]]: cellFont warning: cellFontOpenFontset: fontType->type = 16842752 not supported yet. RD-R-LATIN.TTF will be used instead.
[W : PPU[1] Thread (CPUThread)[0x0049d094]]: cellFont warning: cellFontOpenFontFile(library_addr=0x30016000, fontPath="/dev_flash/data/font/SCE-PS3-RD-R-LATIN.TTF", subNum=0, uniqueId=0, font_addr=0x1055da54)
[W : PPU[1] Thread (CPUThread)[0x0049d094]]: cellFont warning: cellFontOpenFontMemory(library_addr=0x30016000, fontAddr=0x30018000, fontSize=38388, subNum=0, uniqueId=0, font_addr=0x1055da54)
[W : PPU[1] Thread (CPUThread)[0x0049d04c]]: cellFont warning: cellFontBindRenderer(font_addr=0x1055da54, renderer_addr=0x1055d950)
[W : PPU[1] Thread (CPUThread)[0x000bdd50]]: sys_semaphore warning: sys_semaphore_create(sem_addr=0x104a0cf0, attr_addr=0xd00203b0, initial_count=0, max_count=1)
[W : PPU[1] Thread (CPUThread)[0x000bdd6c]]: sys_semaphore warning: sys_semaphore_create(sem_addr=0x104a0cec, attr_addr=0xd00203b0, initial_count=0, max_count=1)
[W : PPU[1] Thread (CPUThread)[0x000bddb8]]: sys_semaphore warning: sys_semaphore_create(sem_addr=0x104a0cf4, attr_addr=0xd00203b0, initial_count=0, max_count=1)
[E : PPU[1] Thread (CPUThread)[0x00493064]]: cellGcmSys error: Unimplemented function: cellGcmSetVBlankHandler
[! : RSXThread]: RSX thread exit...
