[!]: path: /dev_hdd0/game/
[!]: Loading 'D:\Emulateurs\Rpcs3\dev_hdd0\game\BCES01741-[God of War Ascension_]/PS3_GAME/USRDIR/BOOT.BIN'...
[!]: Mount info:
[!]: /dev_hdd0/ -> D:\Emulateurs\Rpcs3\dev_hdd0\
[!]: /dev_hdd1/ -> D:\Emulateurs\Rpcs3\dev_hdd1\
[!]: /dev_flash/ -> D:\Emulateurs\Rpcs3\dev_flash\
[!]: /dev_usb000/ -> D:\Emulateurs\Rpcs3\dev_usb000\
[!]: /dev_usb/ -> D:\Emulateurs\Rpcs3\dev_usb000\
[!]: /app_home/ -> D:\Emulateurs\Rpcs3\dev_hdd0\game\BCES01741-[God of War Ascension_]/PS3_GAME/
[!]: /dev_bdvd/ -> D:\Emulateurs\Rpcs3\dev_hdd0\game\BCES01741-[God of War Ascension_]/PS3_GAME/\..\
[!]: /host_root/ -> 
[!]: / -> D:\Emulateurs\Rpcs3\dev_hdd0\game\BCES01741-[God of War Ascension_]/PS3_GAME/\USRDIR\
[!]: Initing memory...
[!]: Memory initialized.
[W]: Unknown function 0xe6c8f3f9 in 'sceNp' module
[E]: TODO: sceNpDrmProcessExitSpawn2
[W]: Unknown function 0x41251f74 in 'sceNp2' module
[E]: TODO: sceNp2Init
[W : PPU[1] Thread (CPUThread)[0x0004a028]]: sys_lwmutex warning: *** lwmutex created [_lc_mtx] (attribute=0x12): sq_id = 3
[W : PPU[1] Thread (CPUThread)[0x000197b0]]: memory warning: sys_memory_get_user_memory_size(mem_info_addr=0xd0020c04)
[W : PPU[1] Thread (CPUThread)[0x0004a028]]: sys_lwmutex warning: *** lwmutex created [_lc_mtx] (attribute=0x12): sq_id = 4
[W : PPU[1] Thread (CPUThread)[0x0004a028]]: sys_lwmutex warning: *** lwmutex created [_lc_mtx] (attribute=0x12): sq_id = 5
[W : PPU[1] Thread (CPUThread)[0x0004a028]]: sys_lwmutex warning: *** lwmutex created [_lc_mtx] (attribute=0x12): sq_id = 6
[W : PPU[1] Thread (CPUThread)[0x0004a028]]: sys_lwmutex warning: *** lwmutex created [_lc_mtx] (attribute=0x12): sq_id = 7
[W : PPU[1] Thread (CPUThread)[0x0004a028]]: sys_lwmutex warning: *** lwmutex created [_lc_mtx] (attribute=0x12): sq_id = 8
[W : PPU[1] Thread (CPUThread)[0x0004a028]]: sys_lwmutex warning: *** lwmutex created [_lc_mtx] (attribute=0x12): sq_id = 9
[W : PPU[1] Thread (CPUThread)[0x0004a028]]: sys_lwmutex warning: *** lwmutex created [_lc_mtx] (attribute=0x12): sq_id = 10
[W : PPU[1] Thread (CPUThread)[0x0004a028]]: sys_lwmutex warning: *** lwmutex created [_lc_mtx] (attribute=0x12): sq_id = 11
[W : PPU[1] Thread (CPUThread)[0x0004a028]]: sys_lwmutex warning: *** lwmutex created [_lc_mtx] (attribute=0x12): sq_id = 12
[W : PPU[1] Thread (CPUThread)[0x00048004]]: cellSysmodule warning: cellSysmoduleLoadModule(CELL_SYSMODULE_SYSUTIL)
[W : PPU[1] Thread (CPUThread)[0x00048004]]: cellSysmodule warning: cellSysmoduleLoadModule(CELL_SYSMODULE_SYSUTIL_GAME)
[W : PPU[1] Thread (CPUThread)[0x00048004]]: cellSysmodule warning: cellSysmoduleLoadModule(CELL_SYSMODULE_SYSUTIL_NP2)
[E : PPU[1] Thread (CPUThread)[0x00046004]]: TODO: sceNp2Init
[W : PPU[1] Thread (CPUThread)[0x00042034]]: cellGame warning: cellGameBootCheck(type_addr=0xd0020950, attributes_addr=0xd0020954, size_addr=0xd0020964, dirName_addr=0x0)
[W : PPU[1] Thread (CPUThread)[0x00042034]]: cellGame warning: cellGameBootCheck returns CELL_GAME_ERROR_PARAM. As a result size->hddFreeSizeKB may be 0.
[W : PPU[1] Thread (CPUThread)[0x00010de4]]: SysCall 988! r3: 0x1, r4: 0x0, pc: 0x10de4
[W : PPU[1] Thread (CPUThread)[0x00011874]]: SysCall 988! r3: 0x1, r4: 0x0, pc: 0x11874
[W : PPU[1] Thread (CPUThread)[0x0004a088]]: sys_lwmutex warning: sys_lwmutex_destroy(lwmutex_addr=0x40cc8)
[W : PPU[1] Thread (CPUThread)[0x0004a088]]: sys_lwmutex warning: sys_lwmutex_destroy(lwmutex_addr=0x40cf0)
[W : PPU[1] Thread (CPUThread)[0x0004a088]]: sys_lwmutex warning: sys_lwmutex_destroy(lwmutex_addr=0x40d18)
[W : PPU[1] Thread (CPUThread)[0x0004a088]]: sys_lwmutex warning: sys_lwmutex_destroy(lwmutex_addr=0x40c00)
[W : PPU[1] Thread (CPUThread)[0x0004a088]]: sys_lwmutex warning: sys_lwmutex_destroy(lwmutex_addr=0x40c28)
[W : PPU[1] Thread (CPUThread)[0x0004a088]]: sys_lwmutex warning: sys_lwmutex_destroy(lwmutex_addr=0x40c50)
[W : PPU[1] Thread (CPUThread)[0x0004a088]]: sys_lwmutex warning: sys_lwmutex_destroy(lwmutex_addr=0x40c78)
[W : PPU[1] Thread (CPUThread)[0x0004a088]]: sys_lwmutex warning: sys_lwmutex_destroy(lwmutex_addr=0x40ca0)
[W : PPU[1] Thread (CPUThread)[0x0004a088]]: sys_lwmutex warning: sys_lwmutex_destroy(lwmutex_addr=0x41538)
[W : PPU[1] Thread (CPUThread)[0x0004a088]]: sys_lwmutex warning: sys_lwmutex_destroy(lwmutex_addr=0x41738)
[W : PPU[1] Thread (CPUThread)[0x0004a094]]: Process warning: sys_process_exit(-1)
[S : PPU[1] Thread (CPUThread)[0x0004a094]]: Process finished
[!]: Closing memory...
