[!]: path: /dev_hdd0/game/
[!]: Loading 'D:\Emulateur\Rpcs3\dev_hdd0\game\BCES00510-[God of War III]\PS3_GAME\USRDIR\BOOT.BIN'...
[!]: Mount info:
[!]: /dev_hdd0/ -> D:\Emulateur\Rpcs3\dev_hdd0\
[!]: /dev_hdd1/ -> D:\Emulateur\Rpcs3\dev_hdd1\
[!]: /dev_flash/ -> D:\Emulateur\Rpcs3\dev_flash\
[!]: /dev_usb000/ -> D:\Emulateur\Rpcs3\dev_usb000\
[!]: /dev_usb/ -> D:\Emulateur\Rpcs3\dev_usb000\
[!]: /app_home/ -> D:\Emulateur\Rpcs3\dev_hdd0\game\BCES00510-[God of War III]\PS3_GAME\
[!]: /dev_bdvd/ -> D:\Emulateur\Rpcs3\dev_hdd0\game\BCES00510-[God of War III]\PS3_GAME\\..\
[!]: /host_root/ -> 
[!]: / -> D:\Emulateur\Rpcs3\dev_hdd0\game\BCES00510-[God of War III]\PS3_GAME\
[!]: Initing memory...
[!]: Memory initialized.
[W]: Unknown function 0x6d3bb15b in 'sys_fs' module
[E]: TODO: cellFsSdataOpenByFd
[W]: Unknown function 0x967a162b in 'sys_fs' module
[E]: TODO: cellFsFsync
[W]: Unknown function 0x07529113 in 'cellSpurs' module
[E]: TODO: cellSpursAttributeSetNamePrefix
[W]: Unknown function 0x16394a4e in 'cellSpurs' module
[E]: TODO: _cellSpursTasksetAttributeInitialize
[W]: Unknown function 0x182d9890 in 'cellSpurs' module
[E]: TODO: cellSpursRequestIdleSpu
[W]: Unknown function 0x1ebcf459 in 'cellSpurs' module
[E]: TODO: cellSpursDestroyTaskset2
[W]: Unknown function 0x1f402f8f in 'cellSpurs' module
[E]: TODO: cellSpursGetInfo
[W]: Unknown function 0x22aab31d in 'cellSpurs' module
[E]: TODO: cellSpursEventFlagDetachLv2EventQueue
[W]: Unknown function 0x373523d4 in 'cellSpurs' module
[E]: TODO: cellSpursEventFlagWait
[W]: Unknown function 0x4a5eab63 in 'cellSpurs' module
[E]: TODO: cellSpursWorkloadAttributeSetName
[W]: Unknown function 0x4a6465e3 in 'cellSpurs' module
[E]: TODO: cellSpursCreateTaskset2
[W]: Unknown function 0x4ac7bae4 in 'cellSpurs' module
[E]: TODO: cellSpursEventFlagClear
[W]: Unknown function 0x4e153e3e in 'cellSpurs' module
[E]: TODO: cellSpursGetWorkloadInfo
[W]: Unknown function 0x57e4dec3 in 'cellSpurs' module
[E]: TODO: cellSpursRemoveWorkload
[W]: Unknown function 0x58d58fcf in 'cellSpurs' module
[E]: TODO: cellSpursTasksetGetSpursAddress
[W]: Unknown function 0x5ef96465 in 'cellSpurs' module
[E]: TODO: _cellSpursEventFlagInitialize
[W]: Unknown function 0x5fd43fe4 in 'cellSpurs' module
[E]: TODO: cellSpursWaitForWorkloadShutdown
[W]: Unknown function 0x652b70e2 in 'cellSpurs' module
[E]: TODO: cellSpursTasksetAttributeSetName
[W]: Unknown function 0x7fdf4fef in 'cellSpurs' module
[E]: TODO: cellSpursBarrierInitialize
[W]: Unknown function 0x80a29e27 in 'cellSpurs' module
[E]: TODO: cellSpursSetPriorities
[W]: Unknown function 0x838fa4f0 in 'cellSpurs' module
[E]: TODO: cellSpursTryJoinTask2
[W]: Unknown function 0x87630976 in 'cellSpurs' module
[E]: TODO: cellSpursEventFlagAttachLv2EventQueue
[W]: Unknown function 0x8adadf65 in 'cellSpurs' module
[E]: TODO: _cellSpursTaskAttribute2Initialize
[W]: Unknown function 0x9034e538 in 'cellSpurs' module
[E]: TODO: cellSpursTaskGetContextSaveAreaSize
[W]: Unknown function 0x95180230 in 'cellSpurs' module
[E]: TODO: _cellSpursAttributeInitialize
[W]: Unknown function 0x98d5b343 in 'cellSpurs' module
[E]: TODO: cellSpursShutdownWorkload
[W]: Unknown function 0x9f72add3 in 'cellSpurs' module
[E]: TODO: cellSpursJoinTaskset
[W]: Unknown function 0x9fcb567b in 'cellSpurs' module
[E]: TODO: cellSpursGetTasksetInfo
[W]: Unknown function 0xa73bf47e in 'cellSpurs' module
[E]: TODO: _cellSpursWorkloadFlagReceiver
[W]: Unknown function 0xa789e631 in 'cellSpurs' module
[E]: TODO: cellSpursShutdownTaskset
[W]: Unknown function 0xa7a94892 in 'cellSpurs' module
[E]: TODO: cellSpursJoinTask2
[W]: Unknown function 0xaa6269a8 in 'cellSpurs' module
[E]: TODO: cellSpursInitializeWithAttribute
[W]: Unknown function 0xc0158d8b in 'cellSpurs' module
[E]: TODO: cellSpursAddWorkloadWithAttribute
[W]: Unknown function 0xc10931cb in 'cellSpurs' module
[E]: TODO: cellSpursCreateTasksetWithAttribute
[W]: Unknown function 0xc2acdf43 in 'cellSpurs' module
[E]: TODO: _cellSpursTasksetAttribute2Initialize
[W]: Unknown function 0xc765b995 in 'cellSpurs' module
[E]: TODO: cellSpursGetWorkloadFlag
[W]: Unknown function 0xca4c4600 in 'cellSpurs' module
[E]: TODO: cellSpursFinalize
[W]: Unknown function 0xd2e23fa9 in 'cellSpurs' module
[E]: TODO: cellSpursSetExceptionEventHandler
[W]: Unknown function 0xe14ca62d in 'cellSpurs' module
[E]: TODO: cellSpursCreateTask2
[W]: Unknown function 0xefeb2679 in 'cellSpurs' module
[E]: TODO: _cellSpursWorkloadAttributeInitialize
[W]: Unknown function 0xf843818d in 'cellSpurs' module
[E]: TODO: cellSpursReadyCountStore
[W]: Unknown function 0x011ee38b in 'cellSpurs' module
[E]: TODO: _cellSpursLFQueueInitialize
[W]: Unknown function 0x1656d49f in 'cellSpurs' module
[E]: TODO: cellSpursLFQueueAttachLv2EventQueue
[W]: Unknown function 0x73e06f91 in 'cellSpurs' module
[E]: TODO: cellSpursLFQueueDetachLv2EventQueue
[W]: Unknown function 0x8a85674d in 'cellSpurs' module
[E]: TODO: _cellSpursLFQueuePushBody
[W]: Unknown function 0xbeb600ac in 'cellSpurs' module
[E]: TODO: cellSpursCreateTask
[W]: Unknown function 0x0a862772 in 'cellGcmSys' module
[E]: TODO: cellGcmSetQueueHandler
[W]: Unknown function 0x25b40ab4 in 'cellGcmSys' module
[E]: TODO: cellGcmSortRemapEaIoAddress
[W]: Unknown function 0x626e8518 in 'cellGcmSys' module
[E]: TODO: cellGcmMapEaIoAddressWithFlags
[W]: Unknown function 0xacee8542 in 'cellGcmSys' module
[E]: TODO: cellGcmSetFlipImmediate
[W]: Unknown function 0xbd6d60d9 in 'cellGcmSys' module
[E]: TODO: cellGcmSetInvalidateTile
[W]: Unknown function 0xd01b570d in 'cellGcmSys' module
[E]: TODO: cellGcmSetGraphicsHandler
[W]: Unknown function 0x1dfbfdd6 in 'cellSysutil' module
[E]: TODO: cellSaveDataListLoad2
[W]: Unknown function 0x21425307 in 'cellSysutil' module
[E]: TODO: cellSaveDataListAutoLoad
[W]: Unknown function 0x2de0d663 in 'cellSysutil' module
[E]: TODO: cellSaveDataListSave2
[W]: Unknown function 0x8b7ed64b in 'cellSysutil' module
[E]: TODO: cellSaveDataAutoSave2
[W]: Unknown function 0xedadd797 in 'cellSysutil' module
[E]: TODO: cellSaveDataDelete2
[W]: Unknown function 0xfbd5c856 in 'cellSysutil' module
[E]: TODO: cellSaveDataAutoLoad2
[W]: Unknown function 0x4885aa18 in 'sceNp' module
[E]: TODO: sceNpTerm
[W]: Unknown function 0xad218faf in 'sceNp' module
[E]: TODO: sceNpDrmIsAvailable
[W]: Unknown function 0xbd28fdbf in 'sceNp' module
[E]: TODO: sceNpInit
[W]: Unknown function 0xf042b14f in 'sceNp' module
[E]: TODO: sceNpDrmIsAvailable2
[W]: Unknown module 'cellSysutilAvconfExt'
[W]: Unknown function 0x26090058 in 'sysPrxForUser' module
[E]: TODO: sys_prx_load_module
[W]: Unknown function 0x4643ba6e in 'sysPrxForUser' module
[E]: TODO: sys_mmapper_unmap_memory
[W]: Unknown function 0xa330ad84 in 'sysPrxForUser' module
[E]: TODO: sys_prx_load_module_on_memcontainer_by_fd
[W]: Unknown function 0xaa6d9bff in 'sysPrxForUser' module
[E]: TODO: sys_prx_load_module_on_memcontainer
[W]: Unknown function 0xef68c17c in 'sysPrxForUser' module
[E]: TODO: sys_prx_load_module_by_fd
[W : PPU[1] Thread (CPUThread)[0x006a1058]]: sys_lwmutex warning: *** lwmutex created [_lc_mtx] (attribute=0x12): sq_id = 3
[W : PPU[1] Thread (CPUThread)[0x0033aeec]]: memory warning: sys_memory_get_user_memory_size(mem_info_addr=0xd0020c04)
[W : PPU[1] Thread (CPUThread)[0x006a1058]]: sys_lwmutex warning: *** lwmutex created [_lc_mtx] (attribute=0x12): sq_id = 4
[W : PPU[1] Thread (CPUThread)[0x006a1058]]: sys_lwmutex warning: *** lwmutex created [_lc_mtx] (attribute=0x12): sq_id = 5
[W : PPU[1] Thread (CPUThread)[0x006a1058]]: sys_lwmutex warning: *** lwmutex created [_lc_mtx] (attribute=0x12): sq_id = 6
[W : PPU[1] Thread (CPUThread)[0x006a1058]]: sys_lwmutex warning: *** lwmutex created [_lc_mtx] (attribute=0x12): sq_id = 7
[W : PPU[1] Thread (CPUThread)[0x006a1058]]: sys_lwmutex warning: *** lwmutex created [_lc_mtx] (attribute=0x12): sq_id = 8
[W : PPU[1] Thread (CPUThread)[0x006a1058]]: sys_lwmutex warning: *** lwmutex created [_lc_mtx] (attribute=0x12): sq_id = 9
[W : PPU[1] Thread (CPUThread)[0x006a1058]]: sys_lwmutex warning: *** lwmutex created [_lc_mtx] (attribute=0x12): sq_id = 10
[W : PPU[1] Thread (CPUThread)[0x006a1058]]: sys_lwmutex warning: *** lwmutex created [_lc_mtx] (attribute=0x12): sq_id = 11
[W : PPU[1] Thread (CPUThread)[0x006a1058]]: sys_lwmutex warning: *** lwmutex created [_lc_mtx] (attribute=0x12): sq_id = 12
[W : PPU[1] Thread (CPUThread)[0x001f0cd4]]: memory warning: sys_memory_get_user_memory_size(mem_info_addr=0xd00209a0)
[W : PPU[1] Thread (CPUThread)[0x00697010]]: cellSysmodule warning: cellSysmoduleLoadModule(CELL_SYSMODULE_SYSUTIL)
[W : PPU[1] Thread (CPUThread)[0x00697010]]: cellSysmodule warning: cellSysmoduleLoadModule(CELL_SYSMODULE_IO)
[W : PPU[1] Thread (CPUThread)[0x00697010]]: cellSysmodule warning: cellSysmoduleLoadModule(CELL_SYSMODULE_AUDIO)
[W : PPU[1] Thread (CPUThread)[0x00697010]]: cellSysmodule warning: cellSysmoduleLoadModule(CELL_SYSMODULE_GCM_SYS)
[W : PPU[1] Thread (CPUThread)[0x00697010]]: cellSysmodule warning: cellSysmoduleLoadModule(CELL_SYSMODULE_SPURS)
[W : PPU[1] Thread (CPUThread)[0x00697010]]: cellSysmodule warning: cellSysmoduleLoadModule(CELL_SYSMODULE_FS)
[W : PPU[1] Thread (CPUThread)[0x00697010]]: cellSysmodule warning: cellSysmoduleLoadModule(CELL_SYSMODULE_SYSUTIL_NP)
[W : PPU[1] Thread (CPUThread)[0x00697010]]: cellSysmodule warning: cellSysmoduleLoadModule(CELL_SYSMODULE_SYSUTIL_NP_TROPHY)
[W : PPU[1] Thread (CPUThread)[0x00697010]]: cellSysmodule warning: cellSysmoduleLoadModule(CELL_SYSMODULE_SYSUTIL_GAME)
[W : PPU[1] Thread (CPUThread)[0x00697010]]: cellSysmodule warning: cellSysmoduleLoadModule(CELL_SYSMODULE_VDEC_MPEG2)
[W : PPU[1] Thread (CPUThread)[0x00697010]]: cellSysmodule warning: cellSysmoduleLoadModule(CELL_SYSMODULE_AVCONF_EXT)
[W : PPU[1] Thread (CPUThread)[0x001f0dbc]]: memory warning: sys_mmapper_allocate_address(size=0x20000000, flags=0x400, alignment=0x0, alloc_addr=0x58a920)
[W : PPU[1] Thread (CPUThread)[0x006a110c]]: memory warning: sys_mmapper_allocate_memory(size=0x100000, flags=0x400, mem_id_addr=0x58b954)
[W : PPU[1] Thread (CPUThread)[0x006a110c]]: memory warning: sys_mmapper_allocate_memory(size=0x100000, flags=0x400, mem_id_addr=0x58b958)
[W : PPU[1] Thread (CPUThread)[0x006a110c]]: memory warning: sys_mmapper_allocate_memory(size=0x100000, flags=0x400, mem_id_addr=0x58b95c)
[W : PPU[1] Thread (CPUThread)[0x006a110c]]: memory warning: sys_mmapper_allocate_memory(size=0x100000, flags=0x400, mem_id_addr=0x58b960)
[W : PPU[1] Thread (CPUThread)[0x006a110c]]: memory warning: sys_mmapper_allocate_memory(size=0x100000, flags=0x400, mem_id_addr=0x58b964)
[W : PPU[1] Thread (CPUThread)[0x006a110c]]: memory warning: sys_mmapper_allocate_memory(size=0x100000, flags=0x400, mem_id_addr=0x58b968)
[W : PPU[1] Thread (CPUThread)[0x006a110c]]: memory warning: sys_mmapper_allocate_memory(size=0x100000, flags=0x400, mem_id_addr=0x58b96c)
[W : PPU[1] Thread (CPUThread)[0x006a110c]]: memory warning: sys_mmapper_allocate_memory(size=0x100000, flags=0x400, mem_id_addr=0x58b970)
[W : PPU[1] Thread (CPUThread)[0x006a110c]]: memory warning: sys_mmapper_allocate_memory(size=0x100000, flags=0x400, mem_id_addr=0x58b974)
[W : PPU[1] Thread (CPUThread)[0x006a110c]]: memory warning: sys_mmapper_allocate_memory(size=0x100000, flags=0x400, mem_id_addr=0x58b978)
[W : PPU[1] Thread (CPUThread)[0x006a110c]]: memory warning: sys_mmapper_allocate_memory(size=0x100000, flags=0x400, mem_id_addr=0x58b97c)
[W : PPU[1] Thread (CPUThread)[0x006a110c]]: memory warning: sys_mmapper_allocate_memory(size=0x100000, flags=0x400, mem_id_addr=0x58b980)
[W : PPU[1] Thread (CPUThread)[0x006a110c]]: memory warning: sys_mmapper_allocate_memory(size=0x100000, flags=0x400, mem_id_addr=0x58b984)
[W : PPU[1] Thread (CPUThread)[0x006a110c]]: memory warning: sys_mmapper_allocate_memory(size=0x100000, flags=0x400, mem_id_addr=0x58b988)
[W : PPU[1] Thread (CPUThread)[0x006a110c]]: memory warning: sys_mmapper_allocate_memory(size=0x100000, flags=0x400, mem_id_addr=0x58b98c)
[W : PPU[1] Thread (CPUThread)[0x006a110c]]: memory warning: sys_mmapper_allocate_memory(size=0x100000, flags=0x400, mem_id_addr=0x58b990)
[W : PPU[1] Thread (CPUThread)[0x006a110c]]: memory warning: sys_mmapper_allocate_memory(size=0x100000, flags=0x400, mem_id_addr=0x58b994)
[W : PPU[1] Thread (CPUThread)[0x006a110c]]: memory warning: sys_mmapper_allocate_memory(size=0x100000, flags=0x400, mem_id_addr=0x58b998)
[W : PPU[1] Thread (CPUThread)[0x006a110c]]: memory warning: sys_mmapper_allocate_memory(size=0x100000, flags=0x400, mem_id_addr=0x58b99c)
[W : PPU[1] Thread (CPUThread)[0x006a110c]]: memory warning: sys_mmapper_allocate_memory(size=0x100000, flags=0x400, mem_id_addr=0x58b9a0)
[W : PPU[1] Thread (CPUThread)[0x006a110c]]: memory warning: sys_mmapper_allocate_memory(size=0x100000, flags=0x400, mem_id_addr=0x58b9a4)
[W : PPU[1] Thread (CPUThread)[0x006a110c]]: memory warning: sys_mmapper_allocate_memory(size=0x100000, flags=0x400, mem_id_addr=0x58b9a8)
[W : PPU[1] Thread (CPUThread)[0x006a110c]]: memory warning: sys_mmapper_allocate_memory(size=0x100000, flags=0x400, mem_id_addr=0x58b9ac)
[W : PPU[1] Thread (CPUThread)[0x006a110c]]: memory warning: sys_mmapper_allocate_memory(size=0x100000, flags=0x400, mem_id_addr=0x58b9b0)
[W : PPU[1] Thread (CPUThread)[0x006a110c]]: memory warning: sys_mmapper_allocate_memory(size=0x100000, flags=0x400, mem_id_addr=0x58b9b4)
[W : PPU[1] Thread (CPUThread)[0x006a110c]]: memory warning: sys_mmapper_allocate_memory(size=0x100000, flags=0x400, mem_id_addr=0x58b9b8)
[W : PPU[1] Thread (CPUThread)[0x006a110c]]: memory warning: sys_mmapper_allocate_memory(size=0x100000, flags=0x400, mem_id_addr=0x58b9bc)
[W : PPU[1] Thread (CPUThread)[0x006a110c]]: memory warning: sys_mmapper_allocate_memory(size=0x100000, flags=0x400, mem_id_addr=0x58b9c0)
[W : PPU[1] Thread (CPUThread)[0x006a110c]]: memory warning: sys_mmapper_allocate_memory(size=0x100000, flags=0x400, mem_id_addr=0x58b9c4)
[W : PPU[1] Thread (CPUThread)[0x006a110c]]: memory warning: sys_mmapper_allocate_memory(size=0x100000, flags=0x400, mem_id_addr=0x58b9c8)
[W : PPU[1] Thread (CPUThread)[0x006a110c]]: memory warning: sys_mmapper_allocate_memory(size=0x100000, flags=0x400, mem_id_addr=0x58b9cc)
[W : PPU[1] Thread (CPUThread)[0x006a110c]]: memory warning: sys_mmapper_allocate_memory(size=0x100000, flags=0x400, mem_id_addr=0x58b9d0)
[W : PPU[1] Thread (CPUThread)[0x006a110c]]: memory warning: sys_mmapper_allocate_memory(size=0x100000, flags=0x400, mem_id_addr=0x58b9d4)
[W : PPU[1] Thread (CPUThread)[0x006a110c]]: memory warning: sys_mmapper_allocate_memory(size=0x100000, flags=0x400, mem_id_addr=0x58b9d8)
[W : PPU[1] Thread (CPUThread)[0x006a110c]]: memory warning: sys_mmapper_allocate_memory(size=0x100000, flags=0x400, mem_id_addr=0x58b9dc)
[W : PPU[1] Thread (CPUThread)[0x006a110c]]: memory warning: sys_mmapper_allocate_memory(size=0x100000, flags=0x400, mem_id_addr=0x58b9e0)
[W : PPU[1] Thread (CPUThread)[0x006a110c]]: memory warning: sys_mmapper_allocate_memory(size=0x100000, flags=0x400, mem_id_addr=0x58b9e4)
[W : PPU[1] Thread (CPUThread)[0x006a110c]]: memory warning: sys_mmapper_allocate_memory(size=0x100000, flags=0x400, mem_id_addr=0x58b9e8)
[W : PPU[1] Thread (CPUThread)[0x006a110c]]: memory warning: sys_mmapper_allocate_memory(size=0x100000, flags=0x400, mem_id_addr=0x58b9ec)
[W : PPU[1] Thread (CPUThread)[0x006a110c]]: memory warning: sys_mmapper_allocate_memory(size=0x100000, flags=0x400, mem_id_addr=0x58b9f0)
[W : PPU[1] Thread (CPUThread)[0x006a110c]]: memory warning: sys_mmapper_allocate_memory(size=0x100000, flags=0x400, mem_id_addr=0x58b9f4)
[W : PPU[1] Thread (CPUThread)[0x006a110c]]: memory warning: sys_mmapper_allocate_memory(size=0x100000, flags=0x400, mem_id_addr=0x58b9f8)
[W : PPU[1] Thread (CPUThread)[0x006a110c]]: memory warning: sys_mmapper_allocate_memory(size=0x100000, flags=0x400, mem_id_addr=0x58b9fc)
[W : PPU[1] Thread (CPUThread)[0x006a110c]]: memory warning: sys_mmapper_allocate_memory(size=0x100000, flags=0x400, mem_id_addr=0x58ba00)
[W : PPU[1] Thread (CPUThread)[0x006a110c]]: memory warning: sys_mmapper_allocate_memory(size=0x100000, flags=0x400, mem_id_addr=0x58ba04)
[W : PPU[1] Thread (CPUThread)[0x006a110c]]: memory warning: sys_mmapper_allocate_memory(size=0x100000, flags=0x400, mem_id_addr=0x58ba08)
[W : PPU[1] Thread (CPUThread)[0x006a110c]]: memory warning: sys_mmapper_allocate_memory(size=0x100000, flags=0x400, mem_id_addr=0x58ba0c)
[W : PPU[1] Thread (CPUThread)[0x006a110c]]: memory warning: sys_mmapper_allocate_memory(size=0x100000, flags=0x400, mem_id_addr=0x58ba10)
[W : PPU[1] Thread (CPUThread)[0x006a110c]]: memory warning: sys_mmapper_allocate_memory(size=0x100000, flags=0x400, mem_id_addr=0x58ba14)
[W : PPU[1] Thread (CPUThread)[0x006a110c]]: memory warning: sys_mmapper_allocate_memory(size=0x100000, flags=0x400, mem_id_addr=0x58ba18)
[W : PPU[1] Thread (CPUThread)[0x006a110c]]: memory warning: sys_mmapper_allocate_memory(size=0x100000, flags=0x400, mem_id_addr=0x58ba1c)
[W : PPU[1] Thread (CPUThread)[0x006a110c]]: memory warning: sys_mmapper_allocate_memory(size=0x100000, flags=0x400, mem_id_addr=0x58ba20)
[W : PPU[1] Thread (CPUThread)[0x006a110c]]: memory warning: sys_mmapper_allocate_memory(size=0x100000, flags=0x400, mem_id_addr=0x58ba24)
[W : PPU[1] Thread (CPUThread)[0x006a110c]]: memory warning: sys_mmapper_allocate_memory(size=0x100000, flags=0x400, mem_id_addr=0x58ba28)
[W : PPU[1] Thread (CPUThread)[0x006a110c]]: memory warning: sys_mmapper_allocate_memory(size=0x100000, flags=0x400, mem_id_addr=0x58ba2c)
[W : PPU[1] Thread (CPUThread)[0x006a110c]]: memory warning: sys_mmapper_allocate_memory(size=0x100000, flags=0x400, mem_id_addr=0x58ba30)
[W : PPU[1] Thread (CPUThread)[0x006a110c]]: memory warning: sys_mmapper_allocate_memory(size=0x100000, flags=0x400, mem_id_addr=0x58ba34)
[W : PPU[1] Thread (CPUThread)[0x006a110c]]: memory warning: sys_mmapper_allocate_memory(size=0x100000, flags=0x400, mem_id_addr=0x58ba38)
[W : PPU[1] Thread (CPUThread)[0x006a110c]]: memory warning: sys_mmapper_allocate_memory(size=0x100000, flags=0x400, mem_id_addr=0x58ba3c)
[W : PPU[1] Thread (CPUThread)[0x006a110c]]: memory warning: sys_mmapper_allocate_memory(size=0x100000, flags=0x400, mem_id_addr=0x58ba40)
[W : PPU[1] Thread (CPUThread)[0x006a110c]]: memory warning: sys_mmapper_allocate_memory(size=0x100000, flags=0x400, mem_id_addr=0x58ba44)
[W : PPU[1] Thread (CPUThread)[0x006a110c]]: memory warning: sys_mmapper_allocate_memory(size=0x100000, flags=0x400, mem_id_addr=0x58ba48)
[W : PPU[1] Thread (CPUThread)[0x006a110c]]: memory warning: sys_mmapper_allocate_memory(size=0x100000, flags=0x400, mem_id_addr=0x58ba4c)
[W : PPU[1] Thread (CPUThread)[0x006a110c]]: memory warning: sys_mmapper_allocate_memory(size=0x100000, flags=0x400, mem_id_addr=0x58ba50)
[W : PPU[1] Thread (CPUThread)[0x006a110c]]: memory warning: sys_mmapper_allocate_memory(size=0x100000, flags=0x400, mem_id_addr=0x58ba54)
[W : PPU[1] Thread (CPUThread)[0x006a110c]]: memory warning: sys_mmapper_allocate_memory(size=0x100000, flags=0x400, mem_id_addr=0x58ba58)
[W : PPU[1] Thread (CPUThread)[0x006a110c]]: memory warning: sys_mmapper_allocate_memory(size=0x100000, flags=0x400, mem_id_addr=0x58ba5c)
[W : PPU[1] Thread (CPUThread)[0x006a110c]]: memory warning: sys_mmapper_allocate_memory(size=0x100000, flags=0x400, mem_id_addr=0x58ba60)
[W : PPU[1] Thread (CPUThread)[0x006a110c]]: memory warning: sys_mmapper_allocate_memory(size=0x100000, flags=0x400, mem_id_addr=0x58ba64)
[W : PPU[1] Thread (CPUThread)[0x006a110c]]: memory warning: sys_mmapper_allocate_memory(size=0x100000, flags=0x400, mem_id_addr=0x58ba68)
[W : PPU[1] Thread (CPUThread)[0x006a110c]]: memory warning: sys_mmapper_allocate_memory(size=0x100000, flags=0x400, mem_id_addr=0x58ba6c)
[W : PPU[1] Thread (CPUThread)[0x006a110c]]: memory warning: sys_mmapper_allocate_memory(size=0x100000, flags=0x400, mem_id_addr=0x58ba70)
[W : PPU[1] Thread (CPUThread)[0x006a110c]]: memory warning: sys_mmapper_allocate_memory(size=0x100000, flags=0x400, mem_id_addr=0x58ba74)
[W : PPU[1] Thread (CPUThread)[0x006a110c]]: memory warning: sys_mmapper_allocate_memory(size=0x100000, flags=0x400, mem_id_addr=0x58ba78)
[W : PPU[1] Thread (CPUThread)[0x006a110c]]: memory warning: sys_mmapper_allocate_memory(size=0x100000, flags=0x400, mem_id_addr=0x58ba7c)
[W : PPU[1] Thread (CPUThread)[0x006a110c]]: memory warning: sys_mmapper_allocate_memory(size=0x100000, flags=0x400, mem_id_addr=0x58ba80)
[W : PPU[1] Thread (CPUThread)[0x006a110c]]: memory warning: sys_mmapper_allocate_memory(size=0x100000, flags=0x400, mem_id_addr=0x58ba84)
[W : PPU[1] Thread (CPUThread)[0x006a110c]]: memory warning: sys_mmapper_allocate_memory(size=0x100000, flags=0x400, mem_id_addr=0x58ba88)
[W : PPU[1] Thread (CPUThread)[0x006a110c]]: memory warning: sys_mmapper_allocate_memory(size=0x100000, flags=0x400, mem_id_addr=0x58ba8c)
[W : PPU[1] Thread (CPUThread)[0x006a110c]]: memory warning: sys_mmapper_allocate_memory(size=0x100000, flags=0x400, mem_id_addr=0x58ba90)
[W : PPU[1] Thread (CPUThread)[0x006a110c]]: memory warning: sys_mmapper_allocate_memory(size=0x100000, flags=0x400, mem_id_addr=0x58ba94)
[W : PPU[1] Thread (CPUThread)[0x006a110c]]: memory warning: sys_mmapper_allocate_memory(size=0x100000, flags=0x400, mem_id_addr=0x58ba98)
[W : PPU[1] Thread (CPUThread)[0x006a110c]]: memory warning: sys_mmapper_allocate_memory(size=0x100000, flags=0x400, mem_id_addr=0x58ba9c)
[W : PPU[1] Thread (CPUThread)[0x006a110c]]: memory warning: sys_mmapper_allocate_memory(size=0x100000, flags=0x400, mem_id_addr=0x58baa0)
[W : PPU[1] Thread (CPUThread)[0x006a110c]]: memory warning: sys_mmapper_allocate_memory(size=0x100000, flags=0x400, mem_id_addr=0x58baa4)
[W : PPU[1] Thread (CPUThread)[0x006a110c]]: memory warning: sys_mmapper_allocate_memory(size=0x100000, flags=0x400, mem_id_addr=0x58baa8)
[W : PPU[1] Thread (CPUThread)[0x006a110c]]: memory warning: sys_mmapper_allocate_memory(size=0x100000, flags=0x400, mem_id_addr=0x58baac)
[W : PPU[1] Thread (CPUThread)[0x006a110c]]: memory warning: sys_mmapper_allocate_memory(size=0x100000, flags=0x400, mem_id_addr=0x58bab0)
[W : PPU[1] Thread (CPUThread)[0x006a110c]]: memory warning: sys_mmapper_allocate_memory(size=0x100000, flags=0x400, mem_id_addr=0x58bab4)
[W : PPU[1] Thread (CPUThread)[0x006a110c]]: memory warning: sys_mmapper_allocate_memory(size=0x100000, flags=0x400, mem_id_addr=0x58bab8)
[W : PPU[1] Thread (CPUThread)[0x006a110c]]: memory warning: sys_mmapper_allocate_memory(size=0x100000, flags=0x400, mem_id_addr=0x58babc)
[W : PPU[1] Thread (CPUThread)[0x006a110c]]: memory warning: sys_mmapper_allocate_memory(size=0x100000, flags=0x400, mem_id_addr=0x58bac0)
[W : PPU[1] Thread (CPUThread)[0x006a110c]]: memory warning: sys_mmapper_allocate_memory(size=0x100000, flags=0x400, mem_id_addr=0x58bac4)
[W : PPU[1] Thread (CPUThread)[0x006a110c]]: memory warning: sys_mmapper_allocate_memory(size=0x100000, flags=0x400, mem_id_addr=0x58bac8)
[W : PPU[1] Thread (CPUThread)[0x006a110c]]: memory warning: sys_mmapper_allocate_memory(size=0x100000, flags=0x400, mem_id_addr=0x58bacc)
[W : PPU[1] Thread (CPUThread)[0x006a110c]]: memory warning: sys_mmapper_allocate_memory(size=0x100000, flags=0x400, mem_id_addr=0x58bad0)
[W : PPU[1] Thread (CPUThread)[0x006a110c]]: memory warning: sys_mmapper_allocate_memory(size=0x100000, flags=0x400, mem_id_addr=0x58bad4)
[W : PPU[1] Thread (CPUThread)[0x006a110c]]: memory warning: sys_mmapper_allocate_memory(size=0x100000, flags=0x400, mem_id_addr=0x58bad8)
[W : PPU[1] Thread (CPUThread)[0x006a110c]]: memory warning: sys_mmapper_allocate_memory(size=0x100000, flags=0x400, mem_id_addr=0x58badc)
[W : PPU[1] Thread (CPUThread)[0x006a110c]]: memory warning: sys_mmapper_allocate_memory(size=0x100000, flags=0x400, mem_id_addr=0x58bae0)
[W : PPU[1] Thread (CPUThread)[0x006a110c]]: memory warning: sys_mmapper_allocate_memory(size=0x100000, flags=0x400, mem_id_addr=0x58bae4)
[W : PPU[1] Thread (CPUThread)[0x006a110c]]: memory warning: sys_mmapper_allocate_memory(size=0x100000, flags=0x400, mem_id_addr=0x58bae8)
[W : PPU[1] Thread (CPUThread)[0x006a110c]]: memory warning: sys_mmapper_allocate_memory(size=0x100000, flags=0x400, mem_id_addr=0x58baec)
[W : PPU[1] Thread (CPUThread)[0x006a110c]]: memory warning: sys_mmapper_allocate_memory(size=0x100000, flags=0x400, mem_id_addr=0x58baf0)
[W : PPU[1] Thread (CPUThread)[0x006a110c]]: memory warning: sys_mmapper_allocate_memory(size=0x100000, flags=0x400, mem_id_addr=0x58baf4)
[W : PPU[1] Thread (CPUThread)[0x006a110c]]: memory warning: sys_mmapper_allocate_memory(size=0x100000, flags=0x400, mem_id_addr=0x58baf8)
[W : PPU[1] Thread (CPUThread)[0x006a110c]]: memory warning: sys_mmapper_allocate_memory(size=0x100000, flags=0x400, mem_id_addr=0x58bafc)
[W : PPU[1] Thread (CPUThread)[0x006a110c]]: memory warning: sys_mmapper_allocate_memory(size=0x100000, flags=0x400, mem_id_addr=0x58bb00)
[W : PPU[1] Thread (CPUThread)[0x006a110c]]: memory warning: sys_mmapper_allocate_memory(size=0x100000, flags=0x400, mem_id_addr=0x58bb04)
[W : PPU[1] Thread (CPUThread)[0x006a110c]]: memory warning: sys_mmapper_allocate_memory(size=0x100000, flags=0x400, mem_id_addr=0x58bb08)
[W : PPU[1] Thread (CPUThread)[0x006a110c]]: memory warning: sys_mmapper_allocate_memory(size=0x100000, flags=0x400, mem_id_addr=0x58bb0c)
[W : PPU[1] Thread (CPUThread)[0x006a110c]]: memory warning: sys_mmapper_allocate_memory(size=0x100000, flags=0x400, mem_id_addr=0x58bb10)
[W : PPU[1] Thread (CPUThread)[0x006a110c]]: memory warning: sys_mmapper_allocate_memory(size=0x100000, flags=0x400, mem_id_addr=0x58bb14)
[W : PPU[1] Thread (CPUThread)[0x006a110c]]: memory warning: sys_mmapper_allocate_memory(size=0x100000, flags=0x400, mem_id_addr=0x58bb18)
[W : PPU[1] Thread (CPUThread)[0x006a110c]]: memory warning: sys_mmapper_allocate_memory(size=0x100000, flags=0x400, mem_id_addr=0x58bb1c)
[W : PPU[1] Thread (CPUThread)[0x006a110c]]: memory warning: sys_mmapper_allocate_memory(size=0x100000, flags=0x400, mem_id_addr=0x58bb20)
[W : PPU[1] Thread (CPUThread)[0x006a110c]]: memory warning: sys_mmapper_allocate_memory(size=0x100000, flags=0x400, mem_id_addr=0x58bb24)
[W : PPU[1] Thread (CPUThread)[0x006a110c]]: memory warning: sys_mmapper_allocate_memory(size=0x100000, flags=0x400, mem_id_addr=0x58bb28)
[W : PPU[1] Thread (CPUThread)[0x006a110c]]: memory warning: sys_mmapper_allocate_memory(size=0x100000, flags=0x400, mem_id_addr=0x58bb2c)
[W : PPU[1] Thread (CPUThread)[0x006a110c]]: memory warning: sys_mmapper_allocate_memory(size=0x100000, flags=0x400, mem_id_addr=0x58bb30)
[W : PPU[1] Thread (CPUThread)[0x006a110c]]: memory warning: sys_mmapper_allocate_memory(size=0x100000, flags=0x400, mem_id_addr=0x58bb34)
[W : PPU[1] Thread (CPUThread)[0x006a110c]]: memory warning: sys_mmapper_allocate_memory(size=0x100000, flags=0x400, mem_id_addr=0x58bb38)
[W : PPU[1] Thread (CPUThread)[0x006a110c]]: memory warning: sys_mmapper_allocate_memory(size=0x100000, flags=0x400, mem_id_addr=0x58bb3c)
[W : PPU[1] Thread (CPUThread)[0x006a110c]]: memory warning: sys_mmapper_allocate_memory(size=0x100000, flags=0x400, mem_id_addr=0x58bb40)
[W : PPU[1] Thread (CPUThread)[0x006a110c]]: memory warning: sys_mmapper_allocate_memory(size=0x100000, flags=0x400, mem_id_addr=0x58bb44)
[W : PPU[1] Thread (CPUThread)[0x006a110c]]: memory warning: sys_mmapper_allocate_memory(size=0x100000, flags=0x400, mem_id_addr=0x58bb48)
[W : PPU[1] Thread (CPUThread)[0x006a110c]]: memory warning: sys_mmapper_allocate_memory(size=0x100000, flags=0x400, mem_id_addr=0x58bb4c)
[W : PPU[1] Thread (CPUThread)[0x006a110c]]: memory warning: sys_mmapper_allocate_memory(size=0x100000, flags=0x400, mem_id_addr=0x58bb50)
[W : PPU[1] Thread (CPUThread)[0x006a110c]]: memory warning: sys_mmapper_allocate_memory(size=0x100000, flags=0x400, mem_id_addr=0x58bb54)
[W : PPU[1] Thread (CPUThread)[0x006a110c]]: memory warning: sys_mmapper_allocate_memory(size=0x100000, flags=0x400, mem_id_addr=0x58bb58)
[W : PPU[1] Thread (CPUThread)[0x006a110c]]: memory warning: sys_mmapper_allocate_memory(size=0x100000, flags=0x400, mem_id_addr=0x58bb5c)
[W : PPU[1] Thread (CPUThread)[0x006a110c]]: memory warning: sys_mmapper_allocate_memory(size=0x100000, flags=0x400, mem_id_addr=0x58bb60)
[W : PPU[1] Thread (CPUThread)[0x006a110c]]: memory warning: sys_mmapper_allocate_memory(size=0x100000, flags=0x400, mem_id_addr=0x58bb64)
[W : PPU[1] Thread (CPUThread)[0x006a110c]]: memory warning: sys_mmapper_allocate_memory(size=0x100000, flags=0x400, mem_id_addr=0x58bb68)
[W : PPU[1] Thread (CPUThread)[0x006a110c]]: memory warning: sys_mmapper_allocate_memory(size=0x100000, flags=0x400, mem_id_addr=0x58bb6c)
[W : PPU[1] Thread (CPUThread)[0x006a110c]]: memory warning: sys_mmapper_allocate_memory(size=0x100000, flags=0x400, mem_id_addr=0x58bb70)
[W : PPU[1] Thread (CPUThread)[0x006a110c]]: memory warning: sys_mmapper_allocate_memory(size=0x100000, flags=0x400, mem_id_addr=0x58bb74)
[W : PPU[1] Thread (CPUThread)[0x006a110c]]: memory warning: sys_mmapper_allocate_memory(size=0x100000, flags=0x400, mem_id_addr=0x58bb78)
[W : PPU[1] Thread (CPUThread)[0x006a110c]]: memory warning: sys_mmapper_allocate_memory(size=0x100000, flags=0x400, mem_id_addr=0x58bb7c)
[W : PPU[1] Thread (CPUThread)[0x006a110c]]: memory warning: sys_mmapper_allocate_memory(size=0x100000, flags=0x400, mem_id_addr=0x58bb80)
[W : PPU[1] Thread (CPUThread)[0x006a110c]]: memory warning: sys_mmapper_allocate_memory(size=0x100000, flags=0x400, mem_id_addr=0x58bb84)
[W : PPU[1] Thread (CPUThread)[0x006a110c]]: memory warning: sys_mmapper_allocate_memory(size=0x100000, flags=0x400, mem_id_addr=0x58bb88)
[W : PPU[1] Thread (CPUThread)[0x006a110c]]: memory warning: sys_mmapper_allocate_memory(size=0x100000, flags=0x400, mem_id_addr=0x58bb8c)
[W : PPU[1] Thread (CPUThread)[0x006a110c]]: memory warning: sys_mmapper_allocate_memory(size=0x100000, flags=0x400, mem_id_addr=0x58bb90)
[W : PPU[1] Thread (CPUThread)[0x006a110c]]: memory warning: sys_mmapper_allocate_memory(size=0x100000, flags=0x400, mem_id_addr=0x58bb94)
[W : PPU[1] Thread (CPUThread)[0x006a110c]]: memory warning: sys_mmapper_allocate_memory(size=0x100000, flags=0x400, mem_id_addr=0x58bb98)
[W : PPU[1] Thread (CPUThread)[0x006a110c]]: memory warning: sys_mmapper_allocate_memory(size=0x100000, flags=0x400, mem_id_addr=0x58bb9c)
[W : PPU[1] Thread (CPUThread)[0x006a110c]]: memory warning: sys_mmapper_allocate_memory(size=0x100000, flags=0x400, mem_id_addr=0x58bba0)
[W : PPU[1] Thread (CPUThread)[0x006a110c]]: memory warning: sys_mmapper_allocate_memory(size=0x100000, flags=0x400, mem_id_addr=0x58bba4)
[W : PPU[1] Thread (CPUThread)[0x006a110c]]: memory warning: sys_mmapper_allocate_memory(size=0x100000, flags=0x400, mem_id_addr=0x58bba8)
[W : PPU[1] Thread (CPUThread)[0x006a110c]]: memory warning: sys_mmapper_allocate_memory(size=0x100000, flags=0x400, mem_id_addr=0x58bbac)
[W : PPU[1] Thread (CPUThread)[0x006a110c]]: memory warning: sys_mmapper_allocate_memory(size=0x100000, flags=0x400, mem_id_addr=0x58bbb0)
[W : PPU[1] Thread (CPUThread)[0x006a110c]]: memory warning: sys_mmapper_allocate_memory(size=0x100000, flags=0x400, mem_id_addr=0x58bbb4)
[W : PPU[1] Thread (CPUThread)[0x006a110c]]: memory warning: sys_mmapper_allocate_memory(size=0x100000, flags=0x400, mem_id_addr=0x58bbb8)
[W : PPU[1] Thread (CPUThread)[0x006a110c]]: memory warning: sys_mmapper_allocate_memory(size=0x100000, flags=0x400, mem_id_addr=0x58bbbc)
[W : PPU[1] Thread (CPUThread)[0x006a110c]]: memory warning: sys_mmapper_allocate_memory(size=0x100000, flags=0x400, mem_id_addr=0x58bbc0)
[W : PPU[1] Thread (CPUThread)[0x006a110c]]: memory warning: sys_mmapper_allocate_memory(size=0x100000, flags=0x400, mem_id_addr=0x58bbc4)
[W : PPU[1] Thread (CPUThread)[0x006a110c]]: memory warning: sys_mmapper_allocate_memory(size=0x100000, flags=0x400, mem_id_addr=0x58bbc8)
[W : PPU[1] Thread (CPUThread)[0x006a110c]]: memory warning: sys_mmapper_allocate_memory(size=0x100000, flags=0x400, mem_id_addr=0x58bbcc)
[W : PPU[1] Thread (CPUThread)[0x006a110c]]: memory warning: sys_mmapper_allocate_memory(size=0x100000, flags=0x400, mem_id_addr=0x58bbd0)
[W : PPU[1] Thread (CPUThread)[0x006a110c]]: memory warning: sys_mmapper_allocate_memory(size=0x100000, flags=0x400, mem_id_addr=0x58bbd4)
[W : PPU[1] Thread (CPUThread)[0x006a110c]]: memory warning: sys_mmapper_allocate_memory(size=0x100000, flags=0x400, mem_id_addr=0x58bbd8)
[W : PPU[1] Thread (CPUThread)[0x006a110c]]: memory warning: sys_mmapper_allocate_memory(size=0x100000, flags=0x400, mem_id_addr=0x58bbdc)
[W : PPU[1] Thread (CPUThread)[0x006a110c]]: memory warning: sys_mmapper_allocate_memory(size=0x100000, flags=0x400, mem_id_addr=0x58bbe0)
[W : PPU[1] Thread (CPUThread)[0x006a110c]]: memory warning: sys_mmapper_allocate_memory(size=0x100000, flags=0x400, mem_id_addr=0x58bbe4)
[W : PPU[1] Thread (CPUThread)[0x006a110c]]: memory warning: sys_mmapper_allocate_memory(size=0x100000, flags=0x400, mem_id_addr=0x58bbe8)
[W : PPU[1] Thread (CPUThread)[0x006a110c]]: memory warning: sys_mmapper_allocate_memory(size=0x100000, flags=0x400, mem_id_addr=0x58bbec)
[W : PPU[1] Thread (CPUThread)[0x006a110c]]: memory warning: sys_mmapper_allocate_memory(size=0x100000, flags=0x400, mem_id_addr=0x58bbf0)
[W : PPU[1] Thread (CPUThread)[0x006a110c]]: memory warning: sys_mmapper_allocate_memory(size=0x100000, flags=0x400, mem_id_addr=0x58bbf4)
[W : PPU[1] Thread (CPUThread)[0x006a110c]]: memory warning: sys_mmapper_allocate_memory(size=0x100000, flags=0x400, mem_id_addr=0x58bbf8)
[W : PPU[1] Thread (CPUThread)[0x006a110c]]: memory warning: sys_mmapper_allocate_memory(size=0x100000, flags=0x400, mem_id_addr=0x58bbfc)
[W : PPU[1] Thread (CPUThread)[0x006a110c]]: memory warning: sys_mmapper_allocate_memory(size=0x100000, flags=0x400, mem_id_addr=0x58bc00)
[W : PPU[1] Thread (CPUThread)[0x006a110c]]: memory warning: sys_mmapper_allocate_memory(size=0x100000, flags=0x400, mem_id_addr=0x58bc04)
[W : PPU[1] Thread (CPUThread)[0x006a110c]]: memory warning: sys_mmapper_allocate_memory(size=0x100000, flags=0x400, mem_id_addr=0x58bc08)
[W : PPU[1] Thread (CPUThread)[0x006a110c]]: memory warning: sys_mmapper_allocate_memory(size=0x100000, flags=0x400, mem_id_addr=0x58bc0c)
[W : PPU[1] Thread (CPUThread)[0x006a110c]]: memory warning: sys_mmapper_allocate_memory(size=0x100000, flags=0x400, mem_id_addr=0x58bc10)
[W : PPU[1] Thread (CPUThread)[0x006a110c]]: memory warning: sys_mmapper_allocate_memory(size=0x100000, flags=0x400, mem_id_addr=0x58bc14)
[W : PPU[1] Thread (CPUThread)[0x006a110c]]: memory warning: sys_mmapper_allocate_memory(size=0x100000, flags=0x400, mem_id_addr=0x58bc18)
[W : PPU[1] Thread (CPUThread)[0x006a110c]]: memory warning: sys_mmapper_allocate_memory(size=0x100000, flags=0x400, mem_id_addr=0x58bc1c)
[W : PPU[1] Thread (CPUThread)[0x006a110c]]: memory warning: sys_mmapper_allocate_memory(size=0x100000, flags=0x400, mem_id_addr=0x58bc20)
[W : PPU[1] Thread (CPUThread)[0x006a110c]]: memory warning: sys_mmapper_allocate_memory(size=0x100000, flags=0x400, mem_id_addr=0x58bc24)
[W : PPU[1] Thread (CPUThread)[0x006a110c]]: memory warning: sys_mmapper_allocate_memory(size=0x100000, flags=0x400, mem_id_addr=0x58bc28)
[W : PPU[1] Thread (CPUThread)[0x006a110c]]: memory warning: sys_mmapper_allocate_memory(size=0x100000, flags=0x400, mem_id_addr=0x58bc2c)
[W : PPU[1] Thread (CPUThread)[0x006a110c]]: memory warning: sys_mmapper_allocate_memory(size=0x100000, flags=0x400, mem_id_addr=0x58bc30)
[W : PPU[1] Thread (CPUThread)[0x006a110c]]: memory warning: sys_mmapper_allocate_memory(size=0x100000, flags=0x400, mem_id_addr=0x58bc34)
[W : PPU[1] Thread (CPUThread)[0x006a110c]]: memory warning: sys_mmapper_allocate_memory(size=0x100000, flags=0x400, mem_id_addr=0x58bc38)
[W : PPU[1] Thread (CPUThread)[0x006a110c]]: memory warning: sys_mmapper_allocate_memory(size=0x100000, flags=0x400, mem_id_addr=0x58bc3c)
[W : PPU[1] Thread (CPUThread)[0x006a110c]]: memory warning: sys_mmapper_allocate_memory(size=0x100000, flags=0x400, mem_id_addr=0x58bc40)
[W : PPU[1] Thread (CPUThread)[0x006a110c]]: memory warning: sys_mmapper_allocate_memory(size=0x100000, flags=0x400, mem_id_addr=0x58bc44)
[W : PPU[1] Thread (CPUThread)[0x006a110c]]: memory warning: sys_mmapper_allocate_memory(size=0x100000, flags=0x400, mem_id_addr=0x58bc48)
[W : PPU[1] Thread (CPUThread)[0x006a110c]]: memory warning: sys_mmapper_allocate_memory(size=0x100000, flags=0x400, mem_id_addr=0x58bc4c)
[W : PPU[1] Thread (CPUThread)[0x006a110c]]: memory warning: sys_mmapper_allocate_memory(size=0x100000, flags=0x400, mem_id_addr=0x58bc50)
[W : PPU[1] Thread (CPUThread)[0x006a110c]]: memory warning: sys_mmapper_allocate_memory(size=0x100000, flags=0x400, mem_id_addr=0x58bc54)
[W : PPU[1] Thread (CPUThread)[0x006a110c]]: memory warning: sys_mmapper_allocate_memory(size=0x100000, flags=0x400, mem_id_addr=0x58bc58)
[W : PPU[1] Thread (CPUThread)[0x006a110c]]: memory warning: sys_mmapper_allocate_memory(size=0x100000, flags=0x400, mem_id_addr=0x58bc5c)
[W : PPU[1] Thread (CPUThread)[0x006a110c]]: memory warning: sys_mmapper_allocate_memory(size=0x100000, flags=0x400, mem_id_addr=0x58bc60)
[W : PPU[1] Thread (CPUThread)[0x006a110c]]: memory warning: sys_mmapper_allocate_memory(size=0x100000, flags=0x400, mem_id_addr=0x58bc64)
[W : PPU[1] Thread (CPUThread)[0x006a110c]]: memory warning: sys_mmapper_allocate_memory(size=0x100000, flags=0x400, mem_id_addr=0x58bc68)
[W : PPU[1] Thread (CPUThread)[0x006a110c]]: memory warning: sys_mmapper_allocate_memory(size=0x100000, flags=0x400, mem_id_addr=0x58bc6c)
[W : PPU[1] Thread (CPUThread)[0x006a110c]]: memory warning: sys_mmapper_allocate_memory(size=0x100000, flags=0x400, mem_id_addr=0x58bc70)
[W : PPU[1] Thread (CPUThread)[0x006a1130]]: memory warning: sys_mmapper_map_memory(start_addr=0x0, mem_id=0xd, flags=0x40000)
[W : PPU[1] Thread (CPUThread)[0x006a1130]]: memory mapped 0x30100000 to 0x0 size=0x100000
[W : PPU[1] Thread (CPUThread)[0x006a1130]]: memory warning: sys_mmapper_map_memory(start_addr=0x100000, mem_id=0xe, flags=0x40000)
[E : PPU[1] Thread (CPUThread)[0x006a1130]]: memory error: sys_mmapper_map_memory failed!
[W : PPU[1] Thread (CPUThread)[0x006a1130]]: memory warning: sys_mmapper_map_memory(start_addr=0x200000, mem_id=0xf, flags=0x40000)
[E : PPU[1] Thread (CPUThread)[0x006a1130]]: memory error: sys_mmapper_map_memory failed!
[W : PPU[1] Thread (CPUThread)[0x006a1130]]: memory warning: sys_mmapper_map_memory(start_addr=0x300000, mem_id=0x10, flags=0x40000)
[E : PPU[1] Thread (CPUThread)[0x006a1130]]: memory error: sys_mmapper_map_memory failed!
[W : PPU[1] Thread (CPUThread)[0x006a1130]]: memory warning: sys_mmapper_map_memory(start_addr=0x400000, mem_id=0x11, flags=0x40000)
[E : PPU[1] Thread (CPUThread)[0x006a1130]]: memory error: sys_mmapper_map_memory failed!
[W : PPU[1] Thread (CPUThread)[0x006a1130]]: memory warning: sys_mmapper_map_memory(start_addr=0x500000, mem_id=0x12, flags=0x40000)
[E : PPU[1] Thread (CPUThread)[0x006a1130]]: memory error: sys_mmapper_map_memory failed!
[W : PPU[1] Thread (CPUThread)[0x006a1130]]: memory warning: sys_mmapper_map_memory(start_addr=0x600000, mem_id=0x13, flags=0x40000)
[E : PPU[1] Thread (CPUThread)[0x006a1130]]: memory error: sys_mmapper_map_memory failed!
[W : PPU[1] Thread (CPUThread)[0x006a1130]]: memory warning: sys_mmapper_map_memory(start_addr=0x700000, mem_id=0x14, flags=0x40000)
[W : PPU[1] Thread (CPUThread)[0x006a1130]]: memory mapped 0x30800000 to 0x700000 size=0x100000
[W : PPU[1] Thread (CPUThread)[0x006a1130]]: memory warning: sys_mmapper_map_memory(start_addr=0x800000, mem_id=0x15, flags=0x40000)
[W : PPU[1] Thread (CPUThread)[0x006a1130]]: memory mapped 0x30900000 to 0x800000 size=0x100000
[W : PPU[1] Thread (CPUThread)[0x006a1130]]: memory warning: sys_mmapper_map_memory(start_addr=0x900000, mem_id=0x16, flags=0x40000)
[W : PPU[1] Thread (CPUThread)[0x006a1130]]: memory mapped 0x30a00000 to 0x900000 size=0x100000
[W : PPU[1] Thread (CPUThread)[0x006a1130]]: memory warning: sys_mmapper_map_memory(start_addr=0xa00000, mem_id=0x17, flags=0x40000)
[W : PPU[1] Thread (CPUThread)[0x006a1130]]: memory mapped 0x30b00000 to 0xa00000 size=0x100000
[W : PPU[1] Thread (CPUThread)[0x006a1130]]: memory warning: sys_mmapper_map_memory(start_addr=0xb00000, mem_id=0x18, flags=0x40000)
[W : PPU[1] Thread (CPUThread)[0x006a1130]]: memory mapped 0x30c00000 to 0xb00000 size=0x100000
[W : PPU[1] Thread (CPUThread)[0x006a1130]]: memory warning: sys_mmapper_map_memory(start_addr=0xc00000, mem_id=0x19, flags=0x40000)
[W : PPU[1] Thread (CPUThread)[0x006a1130]]: memory mapped 0x30d00000 to 0xc00000 size=0x100000
[W : PPU[1] Thread (CPUThread)[0x006a1130]]: memory warning: sys_mmapper_map_memory(start_addr=0xd00000, mem_id=0x1a, flags=0x40000)
[W : PPU[1] Thread (CPUThread)[0x006a1130]]: memory mapped 0x30e00000 to 0xd00000 size=0x100000
[W : PPU[1] Thread (CPUThread)[0x006a1130]]: memory warning: sys_mmapper_map_memory(start_addr=0xe00000, mem_id=0x1b, flags=0x40000)
[W : PPU[1] Thread (CPUThread)[0x006a1130]]: memory mapped 0x30f00000 to 0xe00000 size=0x100000
[W : PPU[1] Thread (CPUThread)[0x006a1130]]: memory warning: sys_mmapper_map_memory(start_addr=0xf00000, mem_id=0x1c, flags=0x40000)
[W : PPU[1] Thread (CPUThread)[0x006a1130]]: memory mapped 0x31000000 to 0xf00000 size=0x100000
[W : PPU[1] Thread (CPUThread)[0x006a1130]]: memory warning: sys_mmapper_map_memory(start_addr=0x1000000, mem_id=0x1d, flags=0x40000)
[W : PPU[1] Thread (CPUThread)[0x006a1130]]: memory mapped 0x31100000 to 0x1000000 size=0x100000
[W : PPU[1] Thread (CPUThread)[0x006a1130]]: memory warning: sys_mmapper_map_memory(start_addr=0x1100000, mem_id=0x1e, flags=0x40000)
[W : PPU[1] Thread (CPUThread)[0x006a1130]]: memory mapped 0x31200000 to 0x1100000 size=0x100000
[W : PPU[1] Thread (CPUThread)[0x006a1130]]: memory warning: sys_mmapper_map_memory(start_addr=0x1200000, mem_id=0x1f, flags=0x40000)
[W : PPU[1] Thread (CPUThread)[0x006a1130]]: memory mapped 0x31300000 to 0x1200000 size=0x100000
[W : PPU[1] Thread (CPUThread)[0x006a1130]]: memory warning: sys_mmapper_map_memory(start_addr=0x1300000, mem_id=0x20, flags=0x40000)
[W : PPU[1] Thread (CPUThread)[0x006a1130]]: memory mapped 0x31400000 to 0x1300000 size=0x100000
[W : PPU[1] Thread (CPUThread)[0x006a1130]]: memory warning: sys_mmapper_map_memory(start_addr=0x1400000, mem_id=0x21, flags=0x40000)
[W : PPU[1] Thread (CPUThread)[0x006a1130]]: memory mapped 0x31500000 to 0x1400000 size=0x100000
[W : PPU[1] Thread (CPUThread)[0x006a1130]]: memory warning: sys_mmapper_map_memory(start_addr=0x1500000, mem_id=0x22, flags=0x40000)
[W : PPU[1] Thread (CPUThread)[0x006a1130]]: memory mapped 0x31600000 to 0x1500000 size=0x100000
[W : PPU[1] Thread (CPUThread)[0x006a1130]]: memory warning: sys_mmapper_map_memory(start_addr=0x1600000, mem_id=0x23, flags=0x40000)
[W : PPU[1] Thread (CPUThread)[0x006a1130]]: memory mapped 0x31700000 to 0x1600000 size=0x100000
[W : PPU[1] Thread (CPUThread)[0x006a1130]]: memory warning: sys_mmapper_map_memory(start_addr=0x1700000, mem_id=0x24, flags=0x40000)
[W : PPU[1] Thread (CPUThread)[0x006a1130]]: memory mapped 0x31800000 to 0x1700000 size=0x100000
[W : PPU[1] Thread (CPUThread)[0x006a1130]]: memory warning: sys_mmapper_map_memory(start_addr=0x1800000, mem_id=0x25, flags=0x40000)
[W : PPU[1] Thread (CPUThread)[0x006a1130]]: memory mapped 0x31900000 to 0x1800000 size=0x100000
[W : PPU[1] Thread (CPUThread)[0x006a1130]]: memory warning: sys_mmapper_map_memory(start_addr=0x1900000, mem_id=0x26, flags=0x40000)
[W : PPU[1] Thread (CPUThread)[0x006a1130]]: memory mapped 0x31a00000 to 0x1900000 size=0x100000
[W : PPU[1] Thread (CPUThread)[0x006a1130]]: memory warning: sys_mmapper_map_memory(start_addr=0x1a00000, mem_id=0x27, flags=0x40000)
[W : PPU[1] Thread (CPUThread)[0x006a1130]]: memory mapped 0x31b00000 to 0x1a00000 size=0x100000
[W : PPU[1] Thread (CPUThread)[0x006a1130]]: memory warning: sys_mmapper_map_memory(start_addr=0x1b00000, mem_id=0x28, flags=0x40000)
[W : PPU[1] Thread (CPUThread)[0x006a1130]]: memory mapped 0x31c00000 to 0x1b00000 size=0x100000
[W : PPU[1] Thread (CPUThread)[0x006a1130]]: memory warning: sys_mmapper_map_memory(start_addr=0x1c00000, mem_id=0x29, flags=0x40000)
[W : PPU[1] Thread (CPUThread)[0x006a1130]]: memory mapped 0x31d00000 to 0x1c00000 size=0x100000
[W : PPU[1] Thread (CPUThread)[0x006a1130]]: memory warning: sys_mmapper_map_memory(start_addr=0x1d00000, mem_id=0x2a, flags=0x40000)
[W : PPU[1] Thread (CPUThread)[0x006a1130]]: memory mapped 0x31e00000 to 0x1d00000 size=0x100000
[W : PPU[1] Thread (CPUThread)[0x006a1130]]: memory warning: sys_mmapper_map_memory(start_addr=0x1e00000, mem_id=0x2b, flags=0x40000)
[W : PPU[1] Thread (CPUThread)[0x006a1130]]: memory mapped 0x31f00000 to 0x1e00000 size=0x100000
[W : PPU[1] Thread (CPUThread)[0x006a1130]]: memory warning: sys_mmapper_map_memory(start_addr=0x1f00000, mem_id=0x2c, flags=0x40000)
[W : PPU[1] Thread (CPUThread)[0x006a1130]]: memory mapped 0x32000000 to 0x1f00000 size=0x100000
[W : PPU[1] Thread (CPUThread)[0x006a1130]]: memory warning: sys_mmapper_map_memory(start_addr=0x2000000, mem_id=0x2d, flags=0x40000)
[W : PPU[1] Thread (CPUThread)[0x006a1130]]: memory mapped 0x32100000 to 0x2000000 size=0x100000
[W : PPU[1] Thread (CPUThread)[0x006a1130]]: memory warning: sys_mmapper_map_memory(start_addr=0x2100000, mem_id=0x2e, flags=0x40000)
[W : PPU[1] Thread (CPUThread)[0x006a1130]]: memory mapped 0x32200000 to 0x2100000 size=0x100000
[W : PPU[1] Thread (CPUThread)[0x006a1130]]: memory warning: sys_mmapper_map_memory(start_addr=0x2200000, mem_id=0x2f, flags=0x40000)
[W : PPU[1] Thread (CPUThread)[0x006a1130]]: memory mapped 0x32300000 to 0x2200000 size=0x100000
[W : PPU[1] Thread (CPUThread)[0x006a1130]]: memory warning: sys_mmapper_map_memory(start_addr=0x2300000, mem_id=0x30, flags=0x40000)
[W : PPU[1] Thread (CPUThread)[0x006a1130]]: memory mapped 0x32400000 to 0x2300000 size=0x100000
[W : PPU[1] Thread (CPUThread)[0x006a1130]]: memory warning: sys_mmapper_map_memory(start_addr=0x2400000, mem_id=0x31, flags=0x40000)
[W : PPU[1] Thread (CPUThread)[0x006a1130]]: memory mapped 0x32500000 to 0x2400000 size=0x100000
[W : PPU[1] Thread (CPUThread)[0x006a1130]]: memory warning: sys_mmapper_map_memory(start_addr=0x2500000, mem_id=0x32, flags=0x40000)
[W : PPU[1] Thread (CPUThread)[0x006a1130]]: memory mapped 0x32600000 to 0x2500000 size=0x100000
[W : PPU[1] Thread (CPUThread)[0x006a1130]]: memory warning: sys_mmapper_map_memory(start_addr=0x2600000, mem_id=0x33, flags=0x40000)
[W : PPU[1] Thread (CPUThread)[0x006a1130]]: memory mapped 0x32700000 to 0x2600000 size=0x100000
[W : PPU[1] Thread (CPUThread)[0x006a1130]]: memory warning: sys_mmapper_map_memory(start_addr=0x2700000, mem_id=0x34, flags=0x40000)
[W : PPU[1] Thread (CPUThread)[0x006a1130]]: memory mapped 0x32800000 to 0x2700000 size=0x100000
[W : PPU[1] Thread (CPUThread)[0x006a1130]]: memory warning: sys_mmapper_map_memory(start_addr=0x2800000, mem_id=0x35, flags=0x40000)
[W : PPU[1] Thread (CPUThread)[0x006a1130]]: memory mapped 0x32900000 to 0x2800000 size=0x100000
[W : PPU[1] Thread (CPUThread)[0x006a1130]]: memory warning: sys_mmapper_map_memory(start_addr=0x2900000, mem_id=0x36, flags=0x40000)
[W : PPU[1] Thread (CPUThread)[0x006a1130]]: memory mapped 0x32a00000 to 0x2900000 size=0x100000
[W : PPU[1] Thread (CPUThread)[0x006a1130]]: memory warning: sys_mmapper_map_memory(start_addr=0x2a00000, mem_id=0x37, flags=0x40000)
[W : PPU[1] Thread (CPUThread)[0x006a1130]]: memory mapped 0x32b00000 to 0x2a00000 size=0x100000
[W : PPU[1] Thread (CPUThread)[0x006a1130]]: memory warning: sys_mmapper_map_memory(start_addr=0x2b00000, mem_id=0x38, flags=0x40000)
[W : PPU[1] Thread (CPUThread)[0x006a1130]]: memory mapped 0x32c00000 to 0x2b00000 size=0x100000
[W : PPU[1] Thread (CPUThread)[0x006a1130]]: memory warning: sys_mmapper_map_memory(start_addr=0x2c00000, mem_id=0x39, flags=0x40000)
[W : PPU[1] Thread (CPUThread)[0x006a1130]]: memory mapped 0x32d00000 to 0x2c00000 size=0x100000
[W : PPU[1] Thread (CPUThread)[0x006a1130]]: memory warning: sys_mmapper_map_memory(start_addr=0x2d00000, mem_id=0x3a, flags=0x40000)
[W : PPU[1] Thread (CPUThread)[0x006a1130]]: memory mapped 0x32e00000 to 0x2d00000 size=0x100000
[W : PPU[1] Thread (CPUThread)[0x006a1130]]: memory warning: sys_mmapper_map_memory(start_addr=0x2e00000, mem_id=0x3b, flags=0x40000)
[W : PPU[1] Thread (CPUThread)[0x006a1130]]: memory mapped 0x32f00000 to 0x2e00000 size=0x100000
[W : PPU[1] Thread (CPUThread)[0x006a1130]]: memory warning: sys_mmapper_map_memory(start_addr=0x2f00000, mem_id=0x3c, flags=0x40000)
[W : PPU[1] Thread (CPUThread)[0x006a1130]]: memory mapped 0x33000000 to 0x2f00000 size=0x100000
[W : PPU[1] Thread (CPUThread)[0x006a1130]]: memory warning: sys_mmapper_map_memory(start_addr=0x3000000, mem_id=0x3d, flags=0x40000)
[W : PPU[1] Thread (CPUThread)[0x006a1130]]: memory mapped 0x33100000 to 0x3000000 size=0x100000
[W : PPU[1] Thread (CPUThread)[0x006a1130]]: memory warning: sys_mmapper_map_memory(start_addr=0x3100000, mem_id=0x3e, flags=0x40000)
[W : PPU[1] Thread (CPUThread)[0x006a1130]]: memory mapped 0x33200000 to 0x3100000 size=0x100000
[W : PPU[1] Thread (CPUThread)[0x006a1130]]: memory warning: sys_mmapper_map_memory(start_addr=0x3200000, mem_id=0x3f, flags=0x40000)
[W : PPU[1] Thread (CPUThread)[0x006a1130]]: memory mapped 0x33300000 to 0x3200000 size=0x100000
[W : PPU[1] Thread (CPUThread)[0x006a1130]]: memory warning: sys_mmapper_map_memory(start_addr=0x3300000, mem_id=0x40, flags=0x40000)
[W : PPU[1] Thread (CPUThread)[0x006a1130]]: memory mapped 0x33400000 to 0x3300000 size=0x100000
[W : PPU[1] Thread (CPUThread)[0x006a1130]]: memory warning: sys_mmapper_map_memory(start_addr=0x3400000, mem_id=0x41, flags=0x40000)
[W : PPU[1] Thread (CPUThread)[0x006a1130]]: memory mapped 0x33500000 to 0x3400000 size=0x100000
[W : PPU[1] Thread (CPUThread)[0x006a1130]]: memory warning: sys_mmapper_map_memory(start_addr=0x3500000, mem_id=0x42, flags=0x40000)
[W : PPU[1] Thread (CPUThread)[0x006a1130]]: memory mapped 0x33600000 to 0x3500000 size=0x100000
[W : PPU[1] Thread (CPUThread)[0x006a1130]]: memory warning: sys_mmapper_map_memory(start_addr=0x3600000, mem_id=0x43, flags=0x40000)
[W : PPU[1] Thread (CPUThread)[0x006a1130]]: memory mapped 0x33700000 to 0x3600000 size=0x100000
[W : PPU[1] Thread (CPUThread)[0x006a1130]]: memory warning: sys_mmapper_map_memory(start_addr=0x3700000, mem_id=0x44, flags=0x40000)
[W : PPU[1] Thread (CPUThread)[0x006a1130]]: memory mapped 0x33800000 to 0x3700000 size=0x100000
[W : PPU[1] Thread (CPUThread)[0x006a1130]]: memory warning: sys_mmapper_map_memory(start_addr=0x3800000, mem_id=0x45, flags=0x40000)
[W : PPU[1] Thread (CPUThread)[0x006a1130]]: memory mapped 0x33900000 to 0x3800000 size=0x100000
[W : PPU[1] Thread (CPUThread)[0x006a1130]]: memory warning: sys_mmapper_map_memory(start_addr=0x3900000, mem_id=0x46, flags=0x40000)
[W : PPU[1] Thread (CPUThread)[0x006a1130]]: memory mapped 0x33a00000 to 0x3900000 size=0x100000
[W : PPU[1] Thread (CPUThread)[0x006a1130]]: memory warning: sys_mmapper_map_memory(start_addr=0x3a00000, mem_id=0x47, flags=0x40000)
[W : PPU[1] Thread (CPUThread)[0x006a1130]]: memory mapped 0x33b00000 to 0x3a00000 size=0x100000
[W : PPU[1] Thread (CPUThread)[0x006a1130]]: memory warning: sys_mmapper_map_memory(start_addr=0x3b00000, mem_id=0x48, flags=0x40000)
[W : PPU[1] Thread (CPUThread)[0x006a1130]]: memory mapped 0x33c00000 to 0x3b00000 size=0x100000
[W : PPU[1] Thread (CPUThread)[0x006a1130]]: memory warning: sys_mmapper_map_memory(start_addr=0x3c00000, mem_id=0x49, flags=0x40000)
[W : PPU[1] Thread (CPUThread)[0x006a1130]]: memory mapped 0x33d00000 to 0x3c00000 size=0x100000
[W : PPU[1] Thread (CPUThread)[0x006a1130]]: memory warning: sys_mmapper_map_memory(start_addr=0x3d00000, mem_id=0x4a, flags=0x40000)
[W : PPU[1] Thread (CPUThread)[0x006a1130]]: memory mapped 0x33e00000 to 0x3d00000 size=0x100000
[W : PPU[1] Thread (CPUThread)[0x006a1130]]: memory warning: sys_mmapper_map_memory(start_addr=0x3e00000, mem_id=0x4b, flags=0x40000)
[W : PPU[1] Thread (CPUThread)[0x006a1130]]: memory mapped 0x33f00000 to 0x3e00000 size=0x100000
[W : PPU[1] Thread (CPUThread)[0x006a1130]]: memory warning: sys_mmapper_map_memory(start_addr=0x3f00000, mem_id=0x4c, flags=0x40000)
[W : PPU[1] Thread (CPUThread)[0x006a1130]]: memory mapped 0x34000000 to 0x3f00000 size=0x100000
[W : PPU[1] Thread (CPUThread)[0x006a1130]]: memory warning: sys_mmapper_map_memory(start_addr=0x4000000, mem_id=0x4d, flags=0x40000)
[W : PPU[1] Thread (CPUThread)[0x006a1130]]: memory mapped 0x34100000 to 0x4000000 size=0x100000
[W : PPU[1] Thread (CPUThread)[0x006a1130]]: memory warning: sys_mmapper_map_memory(start_addr=0x4100000, mem_id=0x4e, flags=0x40000)
[W : PPU[1] Thread (CPUThread)[0x006a1130]]: memory mapped 0x34200000 to 0x4100000 size=0x100000
[W : PPU[1] Thread (CPUThread)[0x006a1130]]: memory warning: sys_mmapper_map_memory(start_addr=0x4200000, mem_id=0x4f, flags=0x40000)
[W : PPU[1] Thread (CPUThread)[0x006a1130]]: memory mapped 0x34300000 to 0x4200000 size=0x100000
[W : PPU[1] Thread (CPUThread)[0x006a1130]]: memory warning: sys_mmapper_map_memory(start_addr=0x4300000, mem_id=0x50, flags=0x40000)
[W : PPU[1] Thread (CPUThread)[0x006a1130]]: memory mapped 0x34400000 to 0x4300000 size=0x100000
[W : PPU[1] Thread (CPUThread)[0x006a1130]]: memory warning: sys_mmapper_map_memory(start_addr=0x4400000, mem_id=0x51, flags=0x40000)
[W : PPU[1] Thread (CPUThread)[0x006a1130]]: memory mapped 0x34500000 to 0x4400000 size=0x100000
[W : PPU[1] Thread (CPUThread)[0x006a1130]]: memory warning: sys_mmapper_map_memory(start_addr=0x4500000, mem_id=0x52, flags=0x40000)
[W : PPU[1] Thread (CPUThread)[0x006a1130]]: memory mapped 0x34600000 to 0x4500000 size=0x100000
[W : PPU[1] Thread (CPUThread)[0x006a1130]]: memory warning: sys_mmapper_map_memory(start_addr=0x4600000, mem_id=0x53, flags=0x40000)
[W : PPU[1] Thread (CPUThread)[0x006a1130]]: memory mapped 0x34700000 to 0x4600000 size=0x100000
[W : PPU[1] Thread (CPUThread)[0x006a1130]]: memory warning: sys_mmapper_map_memory(start_addr=0x4700000, mem_id=0x54, flags=0x40000)
[W : PPU[1] Thread (CPUThread)[0x006a1130]]: memory mapped 0x34800000 to 0x4700000 size=0x100000
[W : PPU[1] Thread (CPUThread)[0x006a1130]]: memory warning: sys_mmapper_map_memory(start_addr=0x4800000, mem_id=0x55, flags=0x40000)
[W : PPU[1] Thread (CPUThread)[0x006a1130]]: memory mapped 0x34900000 to 0x4800000 size=0x100000
[W : PPU[1] Thread (CPUThread)[0x006a1130]]: memory warning: sys_mmapper_map_memory(start_addr=0x4900000, mem_id=0x56, flags=0x40000)
[W : PPU[1] Thread (CPUThread)[0x006a1130]]: memory mapped 0x34a00000 to 0x4900000 size=0x100000
[W : PPU[1] Thread (CPUThread)[0x006a1130]]: memory warning: sys_mmapper_map_memory(start_addr=0x4a00000, mem_id=0x57, flags=0x40000)
[W : PPU[1] Thread (CPUThread)[0x006a1130]]: memory mapped 0x34b00000 to 0x4a00000 size=0x100000
[W : PPU[1] Thread (CPUThread)[0x006a1130]]: memory warning: sys_mmapper_map_memory(start_addr=0x4b00000, mem_id=0x58, flags=0x40000)
[W : PPU[1] Thread (CPUThread)[0x006a1130]]: memory mapped 0x34c00000 to 0x4b00000 size=0x100000
[W : PPU[1] Thread (CPUThread)[0x006a1130]]: memory warning: sys_mmapper_map_memory(start_addr=0x4c00000, mem_id=0x59, flags=0x40000)
[W : PPU[1] Thread (CPUThread)[0x006a1130]]: memory mapped 0x34d00000 to 0x4c00000 size=0x100000
[W : PPU[1] Thread (CPUThread)[0x006a1130]]: memory warning: sys_mmapper_map_memory(start_addr=0x4d00000, mem_id=0x5a, flags=0x40000)
[W : PPU[1] Thread (CPUThread)[0x006a1130]]: memory mapped 0x34e00000 to 0x4d00000 size=0x100000
[W : PPU[1] Thread (CPUThread)[0x006a1130]]: memory warning: sys_mmapper_map_memory(start_addr=0x4e00000, mem_id=0x5b, flags=0x40000)
[W : PPU[1] Thread (CPUThread)[0x006a1130]]: memory mapped 0x34f00000 to 0x4e00000 size=0x100000
[W : PPU[1] Thread (CPUThread)[0x006a1130]]: memory warning: sys_mmapper_map_memory(start_addr=0x4f00000, mem_id=0x5c, flags=0x40000)
[W : PPU[1] Thread (CPUThread)[0x006a1130]]: memory mapped 0x35000000 to 0x4f00000 size=0x100000
[W : PPU[1] Thread (CPUThread)[0x006a1130]]: memory warning: sys_mmapper_map_memory(start_addr=0x5000000, mem_id=0x5d, flags=0x40000)
[W : PPU[1] Thread (CPUThread)[0x006a1130]]: memory mapped 0x35100000 to 0x5000000 size=0x100000
[W : PPU[1] Thread (CPUThread)[0x006a1130]]: memory warning: sys_mmapper_map_memory(start_addr=0x5100000, mem_id=0x5e, flags=0x40000)
[W : PPU[1] Thread (CPUThread)[0x006a1130]]: memory mapped 0x35200000 to 0x5100000 size=0x100000
[W : PPU[1] Thread (CPUThread)[0x006a1130]]: memory warning: sys_mmapper_map_memory(start_addr=0x5200000, mem_id=0x5f, flags=0x40000)
[W : PPU[1] Thread (CPUThread)[0x006a1130]]: memory mapped 0x35300000 to 0x5200000 size=0x100000
[W : PPU[1] Thread (CPUThread)[0x006a1130]]: memory warning: sys_mmapper_map_memory(start_addr=0x5300000, mem_id=0x60, flags=0x40000)
[W : PPU[1] Thread (CPUThread)[0x006a1130]]: memory mapped 0x35400000 to 0x5300000 size=0x100000
[W : PPU[1] Thread (CPUThread)[0x006a1130]]: memory warning: sys_mmapper_map_memory(start_addr=0x5400000, mem_id=0x61, flags=0x40000)
[W : PPU[1] Thread (CPUThread)[0x006a1130]]: memory mapped 0x35500000 to 0x5400000 size=0x100000
[W : PPU[1] Thread (CPUThread)[0x006a1130]]: memory warning: sys_mmapper_map_memory(start_addr=0x5500000, mem_id=0x62, flags=0x40000)
[W : PPU[1] Thread (CPUThread)[0x006a1130]]: memory mapped 0x35600000 to 0x5500000 size=0x100000
[W : PPU[1] Thread (CPUThread)[0x006a1130]]: memory warning: sys_mmapper_map_memory(start_addr=0x5600000, mem_id=0x63, flags=0x40000)
[W : PPU[1] Thread (CPUThread)[0x006a1130]]: memory mapped 0x35700000 to 0x5600000 size=0x100000
[W : PPU[1] Thread (CPUThread)[0x006a1130]]: memory warning: sys_mmapper_map_memory(start_addr=0x5700000, mem_id=0x64, flags=0x40000)
[W : PPU[1] Thread (CPUThread)[0x006a1130]]: memory mapped 0x35800000 to 0x5700000 size=0x100000
[W : PPU[1] Thread (CPUThread)[0x006a1130]]: memory warning: sys_mmapper_map_memory(start_addr=0x5800000, mem_id=0x65, flags=0x40000)
[W : PPU[1] Thread (CPUThread)[0x006a1130]]: memory mapped 0x35900000 to 0x5800000 size=0x100000
[W : PPU[1] Thread (CPUThread)[0x006a1130]]: memory warning: sys_mmapper_map_memory(start_addr=0x5900000, mem_id=0x66, flags=0x40000)
[W : PPU[1] Thread (CPUThread)[0x006a1130]]: memory mapped 0x35a00000 to 0x5900000 size=0x100000
[W : PPU[1] Thread (CPUThread)[0x006a1130]]: memory warning: sys_mmapper_map_memory(start_addr=0x5a00000, mem_id=0x67, flags=0x40000)
[W : PPU[1] Thread (CPUThread)[0x006a1130]]: memory mapped 0x35b00000 to 0x5a00000 size=0x100000
[W : PPU[1] Thread (CPUThread)[0x006a1130]]: memory warning: sys_mmapper_map_memory(start_addr=0x5b00000, mem_id=0x68, flags=0x40000)
[W : PPU[1] Thread (CPUThread)[0x006a1130]]: memory mapped 0x35c00000 to 0x5b00000 size=0x100000
[W : PPU[1] Thread (CPUThread)[0x006a1130]]: memory warning: sys_mmapper_map_memory(start_addr=0x5c00000, mem_id=0x69, flags=0x40000)
[W : PPU[1] Thread (CPUThread)[0x006a1130]]: memory mapped 0x35d00000 to 0x5c00000 size=0x100000
[W : PPU[1] Thread (CPUThread)[0x006a1130]]: memory warning: sys_mmapper_map_memory(start_addr=0x5d00000, mem_id=0x6a, flags=0x40000)
[W : PPU[1] Thread (CPUThread)[0x006a1130]]: memory mapped 0x35e00000 to 0x5d00000 size=0x100000
[W : PPU[1] Thread (CPUThread)[0x006a1130]]: memory warning: sys_mmapper_map_memory(start_addr=0x5e00000, mem_id=0x6b, flags=0x40000)
[W : PPU[1] Thread (CPUThread)[0x006a1130]]: memory mapped 0x35f00000 to 0x5e00000 size=0x100000
[W : PPU[1] Thread (CPUThread)[0x006a1130]]: memory warning: sys_mmapper_map_memory(start_addr=0x5f00000, mem_id=0x6c, flags=0x40000)
[W : PPU[1] Thread (CPUThread)[0x006a1130]]: memory mapped 0x36000000 to 0x5f00000 size=0x100000
[W : PPU[1] Thread (CPUThread)[0x006a1130]]: memory warning: sys_mmapper_map_memory(start_addr=0x6000000, mem_id=0x6d, flags=0x40000)
[W : PPU[1] Thread (CPUThread)[0x006a1130]]: memory mapped 0x36100000 to 0x6000000 size=0x100000
[W : PPU[1] Thread (CPUThread)[0x006a1130]]: memory warning: sys_mmapper_map_memory(start_addr=0x6100000, mem_id=0x6e, flags=0x40000)
[W : PPU[1] Thread (CPUThread)[0x006a1130]]: memory mapped 0x36200000 to 0x6100000 size=0x100000
[W : PPU[1] Thread (CPUThread)[0x006a1130]]: memory warning: sys_mmapper_map_memory(start_addr=0x6200000, mem_id=0x6f, flags=0x40000)
[W : PPU[1] Thread (CPUThread)[0x006a1130]]: memory mapped 0x36300000 to 0x6200000 size=0x100000
[W : PPU[1] Thread (CPUThread)[0x006a1130]]: memory warning: sys_mmapper_map_memory(start_addr=0x6300000, mem_id=0x70, flags=0x40000)
[W : PPU[1] Thread (CPUThread)[0x006a1130]]: memory mapped 0x36400000 to 0x6300000 size=0x100000
[W : PPU[1] Thread (CPUThread)[0x006a1130]]: memory warning: sys_mmapper_map_memory(start_addr=0x6400000, mem_id=0x71, flags=0x40000)
[W : PPU[1] Thread (CPUThread)[0x006a1130]]: memory mapped 0x36500000 to 0x6400000 size=0x100000
[W : PPU[1] Thread (CPUThread)[0x006a1130]]: memory warning: sys_mmapper_map_memory(start_addr=0x6500000, mem_id=0x72, flags=0x40000)
[W : PPU[1] Thread (CPUThread)[0x006a1130]]: memory mapped 0x36600000 to 0x6500000 size=0x100000
[W : PPU[1] Thread (CPUThread)[0x006a1130]]: memory warning: sys_mmapper_map_memory(start_addr=0x6600000, mem_id=0x73, flags=0x40000)
[W : PPU[1] Thread (CPUThread)[0x006a1130]]: memory mapped 0x36700000 to 0x6600000 size=0x100000
[W : PPU[1] Thread (CPUThread)[0x006a1130]]: memory warning: sys_mmapper_map_memory(start_addr=0x6700000, mem_id=0x74, flags=0x40000)
[W : PPU[1] Thread (CPUThread)[0x006a1130]]: memory mapped 0x36800000 to 0x6700000 size=0x100000
[W : PPU[1] Thread (CPUThread)[0x006a1130]]: memory warning: sys_mmapper_map_memory(start_addr=0x6800000, mem_id=0x75, flags=0x40000)
[W : PPU[1] Thread (CPUThread)[0x006a1130]]: memory mapped 0x36900000 to 0x6800000 size=0x100000
[W : PPU[1] Thread (CPUThread)[0x006a1130]]: memory warning: sys_mmapper_map_memory(start_addr=0x6900000, mem_id=0x76, flags=0x40000)
[W : PPU[1] Thread (CPUThread)[0x006a1130]]: memory mapped 0x36a00000 to 0x6900000 size=0x100000
[W : PPU[1] Thread (CPUThread)[0x006a1130]]: memory warning: sys_mmapper_map_memory(start_addr=0x6a00000, mem_id=0x77, flags=0x40000)
[W : PPU[1] Thread (CPUThread)[0x006a1130]]: memory mapped 0x36b00000 to 0x6a00000 size=0x100000
[W : PPU[1] Thread (CPUThread)[0x006a1130]]: memory warning: sys_mmapper_map_memory(start_addr=0x6b00000, mem_id=0x78, flags=0x40000)
[W : PPU[1] Thread (CPUThread)[0x006a1130]]: memory mapped 0x36c00000 to 0x6b00000 size=0x100000
[W : PPU[1] Thread (CPUThread)[0x006a1130]]: memory warning: sys_mmapper_map_memory(start_addr=0x6c00000, mem_id=0x79, flags=0x40000)
[W : PPU[1] Thread (CPUThread)[0x006a1130]]: memory mapped 0x36d00000 to 0x6c00000 size=0x100000
[W : PPU[1] Thread (CPUThread)[0x006a1130]]: memory warning: sys_mmapper_map_memory(start_addr=0x6d00000, mem_id=0x7a, flags=0x40000)
[W : PPU[1] Thread (CPUThread)[0x006a1130]]: memory mapped 0x36e00000 to 0x6d00000 size=0x100000
[W : PPU[1] Thread (CPUThread)[0x006a1130]]: memory warning: sys_mmapper_map_memory(start_addr=0x6e00000, mem_id=0x7b, flags=0x40000)
[W : PPU[1] Thread (CPUThread)[0x006a1130]]: memory mapped 0x36f00000 to 0x6e00000 size=0x100000
[W : PPU[1] Thread (CPUThread)[0x006a1130]]: memory warning: sys_mmapper_map_memory(start_addr=0x6f00000, mem_id=0x7c, flags=0x40000)
[W : PPU[1] Thread (CPUThread)[0x006a1130]]: memory mapped 0x37000000 to 0x6f00000 size=0x100000
[W : PPU[1] Thread (CPUThread)[0x006a1130]]: memory warning: sys_mmapper_map_memory(start_addr=0x7000000, mem_id=0x7d, flags=0x40000)
[W : PPU[1] Thread (CPUThread)[0x006a1130]]: memory mapped 0x37100000 to 0x7000000 size=0x100000
[W : PPU[1] Thread (CPUThread)[0x006a1130]]: memory warning: sys_mmapper_map_memory(start_addr=0x7100000, mem_id=0x7e, flags=0x40000)
[W : PPU[1] Thread (CPUThread)[0x006a1130]]: memory mapped 0x37200000 to 0x7100000 size=0x100000
[W : PPU[1] Thread (CPUThread)[0x006a1130]]: memory warning: sys_mmapper_map_memory(start_addr=0x7200000, mem_id=0x7f, flags=0x40000)
[W : PPU[1] Thread (CPUThread)[0x006a1130]]: memory mapped 0x37300000 to 0x7200000 size=0x100000
[W : PPU[1] Thread (CPUThread)[0x006a1130]]: memory warning: sys_mmapper_map_memory(start_addr=0x7300000, mem_id=0x80, flags=0x40000)
[W : PPU[1] Thread (CPUThread)[0x006a1130]]: memory mapped 0x37400000 to 0x7300000 size=0x100000
[W : PPU[1] Thread (CPUThread)[0x006a1130]]: memory warning: sys_mmapper_map_memory(start_addr=0x7400000, mem_id=0x81, flags=0x40000)
[W : PPU[1] Thread (CPUThread)[0x006a1130]]: memory mapped 0x37500000 to 0x7400000 size=0x100000
[W : PPU[1] Thread (CPUThread)[0x006a1130]]: memory warning: sys_mmapper_map_memory(start_addr=0x7500000, mem_id=0x82, flags=0x40000)
[W : PPU[1] Thread (CPUThread)[0x006a1130]]: memory mapped 0x37600000 to 0x7500000 size=0x100000
[W : PPU[1] Thread (CPUThread)[0x006a1130]]: memory warning: sys_mmapper_map_memory(start_addr=0x7600000, mem_id=0x83, flags=0x40000)
[W : PPU[1] Thread (CPUThread)[0x006a1130]]: memory mapped 0x37700000 to 0x7600000 size=0x100000
[W : PPU[1] Thread (CPUThread)[0x006a1130]]: memory warning: sys_mmapper_map_memory(start_addr=0x7700000, mem_id=0x84, flags=0x40000)
[W : PPU[1] Thread (CPUThread)[0x006a1130]]: memory mapped 0x37800000 to 0x7700000 size=0x100000
[W : PPU[1] Thread (CPUThread)[0x006a1130]]: memory warning: sys_mmapper_map_memory(start_addr=0x7800000, mem_id=0x85, flags=0x40000)
[W : PPU[1] Thread (CPUThread)[0x006a1130]]: memory mapped 0x37900000 to 0x7800000 size=0x100000
[W : PPU[1] Thread (CPUThread)[0x006a1130]]: memory warning: sys_mmapper_map_memory(start_addr=0x7900000, mem_id=0x86, flags=0x40000)
[W : PPU[1] Thread (CPUThread)[0x006a1130]]: memory mapped 0x37a00000 to 0x7900000 size=0x100000
[W : PPU[1] Thread (CPUThread)[0x006a1130]]: memory warning: sys_mmapper_map_memory(start_addr=0x7a00000, mem_id=0x87, flags=0x40000)
[W : PPU[1] Thread (CPUThread)[0x006a1130]]: memory mapped 0x37b00000 to 0x7a00000 size=0x100000
[W : PPU[1] Thread (CPUThread)[0x006a1130]]: memory warning: sys_mmapper_map_memory(start_addr=0x7b00000, mem_id=0x88, flags=0x40000)
[W : PPU[1] Thread (CPUThread)[0x006a1130]]: memory mapped 0x37c00000 to 0x7b00000 size=0x100000
[W : PPU[1] Thread (CPUThread)[0x006a1130]]: memory warning: sys_mmapper_map_memory(start_addr=0x7c00000, mem_id=0x89, flags=0x40000)
[W : PPU[1] Thread (CPUThread)[0x006a1130]]: memory mapped 0x37d00000 to 0x7c00000 size=0x100000
[W : PPU[1] Thread (CPUThread)[0x006a1130]]: memory warning: sys_mmapper_map_memory(start_addr=0x7d00000, mem_id=0x8a, flags=0x40000)
[W : PPU[1] Thread (CPUThread)[0x006a1130]]: memory mapped 0x37e00000 to 0x7d00000 size=0x100000
[W : PPU[1] Thread (CPUThread)[0x006a1130]]: memory warning: sys_mmapper_map_memory(start_addr=0x7e00000, mem_id=0x8b, flags=0x40000)
[W : PPU[1] Thread (CPUThread)[0x006a1130]]: memory mapped 0x37f00000 to 0x7e00000 size=0x100000
[W : PPU[1] Thread (CPUThread)[0x006a1130]]: memory warning: sys_mmapper_map_memory(start_addr=0x7f00000, mem_id=0x8c, flags=0x40000)
[W : PPU[1] Thread (CPUThread)[0x006a1130]]: memory mapped 0x38000000 to 0x7f00000 size=0x100000
[W : PPU[1] Thread (CPUThread)[0x006a1130]]: memory warning: sys_mmapper_map_memory(start_addr=0x8000000, mem_id=0x8d, flags=0x40000)
[W : PPU[1] Thread (CPUThread)[0x006a1130]]: memory mapped 0x38100000 to 0x8000000 size=0x100000
[W : PPU[1] Thread (CPUThread)[0x006a1130]]: memory warning: sys_mmapper_map_memory(start_addr=0x8100000, mem_id=0x8e, flags=0x40000)
[W : PPU[1] Thread (CPUThread)[0x006a1130]]: memory mapped 0x38200000 to 0x8100000 size=0x100000
[W : PPU[1] Thread (CPUThread)[0x006a1130]]: memory warning: sys_mmapper_map_memory(start_addr=0x8200000, mem_id=0x8f, flags=0x40000)
[W : PPU[1] Thread (CPUThread)[0x006a1130]]: memory mapped 0x38300000 to 0x8200000 size=0x100000
[W : PPU[1] Thread (CPUThread)[0x006a1130]]: memory warning: sys_mmapper_map_memory(start_addr=0x8300000, mem_id=0x90, flags=0x40000)
[W : PPU[1] Thread (CPUThread)[0x006a1130]]: memory mapped 0x38400000 to 0x8300000 size=0x100000
[W : PPU[1] Thread (CPUThread)[0x006a1130]]: memory warning: sys_mmapper_map_memory(start_addr=0x8400000, mem_id=0x91, flags=0x40000)
[W : PPU[1] Thread (CPUThread)[0x006a1130]]: memory mapped 0x38500000 to 0x8400000 size=0x100000
[W : PPU[1] Thread (CPUThread)[0x006a1130]]: memory warning: sys_mmapper_map_memory(start_addr=0x8500000, mem_id=0x92, flags=0x40000)
[W : PPU[1] Thread (CPUThread)[0x006a1130]]: memory mapped 0x38600000 to 0x8500000 size=0x100000
[W : PPU[1] Thread (CPUThread)[0x006a1130]]: memory warning: sys_mmapper_map_memory(start_addr=0x8600000, mem_id=0x93, flags=0x40000)
[W : PPU[1] Thread (CPUThread)[0x006a1130]]: memory mapped 0x38700000 to 0x8600000 size=0x100000
[W : PPU[1] Thread (CPUThread)[0x006a1130]]: memory warning: sys_mmapper_map_memory(start_addr=0x8700000, mem_id=0x94, flags=0x40000)
[W : PPU[1] Thread (CPUThread)[0x006a1130]]: memory mapped 0x38800000 to 0x8700000 size=0x100000
[W : PPU[1] Thread (CPUThread)[0x006a1130]]: memory warning: sys_mmapper_map_memory(start_addr=0x8800000, mem_id=0x95, flags=0x40000)
[W : PPU[1] Thread (CPUThread)[0x006a1130]]: memory mapped 0x38900000 to 0x8800000 size=0x100000
[W : PPU[1] Thread (CPUThread)[0x006a1130]]: memory warning: sys_mmapper_map_memory(start_addr=0x8900000, mem_id=0x96, flags=0x40000)
[W : PPU[1] Thread (CPUThread)[0x006a1130]]: memory mapped 0x38a00000 to 0x8900000 size=0x100000
[W : PPU[1] Thread (CPUThread)[0x006a1130]]: memory warning: sys_mmapper_map_memory(start_addr=0x8a00000, mem_id=0x97, flags=0x40000)
[W : PPU[1] Thread (CPUThread)[0x006a1130]]: memory mapped 0x38b00000 to 0x8a00000 size=0x100000
[W : PPU[1] Thread (CPUThread)[0x006a1130]]: memory warning: sys_mmapper_map_memory(start_addr=0x8b00000, mem_id=0x98, flags=0x40000)
[W : PPU[1] Thread (CPUThread)[0x006a1130]]: memory mapped 0x38c00000 to 0x8b00000 size=0x100000
[W : PPU[1] Thread (CPUThread)[0x006a1130]]: memory warning: sys_mmapper_map_memory(start_addr=0x8c00000, mem_id=0x99, flags=0x40000)
[W : PPU[1] Thread (CPUThread)[0x006a1130]]: memory mapped 0x38d00000 to 0x8c00000 size=0x100000
[W : PPU[1] Thread (CPUThread)[0x006a1130]]: memory warning: sys_mmapper_map_memory(start_addr=0x8d00000, mem_id=0x9a, flags=0x40000)
[W : PPU[1] Thread (CPUThread)[0x006a1130]]: memory mapped 0x38e00000 to 0x8d00000 size=0x100000
[W : PPU[1] Thread (CPUThread)[0x006a1130]]: memory warning: sys_mmapper_map_memory(start_addr=0x8e00000, mem_id=0x9b, flags=0x40000)
[W : PPU[1] Thread (CPUThread)[0x006a1130]]: memory mapped 0x38f00000 to 0x8e00000 size=0x100000
[W : PPU[1] Thread (CPUThread)[0x006a1130]]: memory warning: sys_mmapper_map_memory(start_addr=0x8f00000, mem_id=0x9c, flags=0x40000)
[W : PPU[1] Thread (CPUThread)[0x006a1130]]: memory mapped 0x39000000 to 0x8f00000 size=0x100000
[W : PPU[1] Thread (CPUThread)[0x006a1130]]: memory warning: sys_mmapper_map_memory(start_addr=0x9000000, mem_id=0x9d, flags=0x40000)
[W : PPU[1] Thread (CPUThread)[0x006a1130]]: memory mapped 0x39100000 to 0x9000000 size=0x100000
[W : PPU[1] Thread (CPUThread)[0x006a1130]]: memory warning: sys_mmapper_map_memory(start_addr=0x9100000, mem_id=0x9e, flags=0x40000)
[W : PPU[1] Thread (CPUThread)[0x006a1130]]: memory mapped 0x39200000 to 0x9100000 size=0x100000
[W : PPU[1] Thread (CPUThread)[0x006a1130]]: memory warning: sys_mmapper_map_memory(start_addr=0x9200000, mem_id=0x9f, flags=0x40000)
[W : PPU[1] Thread (CPUThread)[0x006a1130]]: memory mapped 0x39300000 to 0x9200000 size=0x100000
[W : PPU[1] Thread (CPUThread)[0x006a1130]]: memory warning: sys_mmapper_map_memory(start_addr=0x9300000, mem_id=0xa0, flags=0x40000)
[W : PPU[1] Thread (CPUThread)[0x006a1130]]: memory mapped 0x39400000 to 0x9300000 size=0x100000
[W : PPU[1] Thread (CPUThread)[0x006a1130]]: memory warning: sys_mmapper_map_memory(start_addr=0x9400000, mem_id=0xa1, flags=0x40000)
[W : PPU[1] Thread (CPUThread)[0x006a1130]]: memory mapped 0x39500000 to 0x9400000 size=0x100000
[W : PPU[1] Thread (CPUThread)[0x006a1130]]: memory warning: sys_mmapper_map_memory(start_addr=0x9500000, mem_id=0xa2, flags=0x40000)
[W : PPU[1] Thread (CPUThread)[0x006a1130]]: memory mapped 0x39600000 to 0x9500000 size=0x100000
[W : PPU[1] Thread (CPUThread)[0x006a1130]]: memory warning: sys_mmapper_map_memory(start_addr=0x9600000, mem_id=0xa3, flags=0x40000)
[W : PPU[1] Thread (CPUThread)[0x006a1130]]: memory mapped 0x39700000 to 0x9600000 size=0x100000
[W : PPU[1] Thread (CPUThread)[0x006a1130]]: memory warning: sys_mmapper_map_memory(start_addr=0x9700000, mem_id=0xa4, flags=0x40000)
[W : PPU[1] Thread (CPUThread)[0x006a1130]]: memory mapped 0x39800000 to 0x9700000 size=0x100000
[W : PPU[1] Thread (CPUThread)[0x006a1130]]: memory warning: sys_mmapper_map_memory(start_addr=0x9800000, mem_id=0xa5, flags=0x40000)
[W : PPU[1] Thread (CPUThread)[0x006a1130]]: memory mapped 0x39900000 to 0x9800000 size=0x100000
[W : PPU[1] Thread (CPUThread)[0x006a1130]]: memory warning: sys_mmapper_map_memory(start_addr=0x9900000, mem_id=0xa6, flags=0x40000)
[W : PPU[1] Thread (CPUThread)[0x006a1130]]: memory mapped 0x39a00000 to 0x9900000 size=0x100000
[W : PPU[1] Thread (CPUThread)[0x006a1130]]: memory warning: sys_mmapper_map_memory(start_addr=0x9a00000, mem_id=0xa7, flags=0x40000)
[W : PPU[1] Thread (CPUThread)[0x006a1130]]: memory mapped 0x39b00000 to 0x9a00000 size=0x100000
[W : PPU[1] Thread (CPUThread)[0x006a1130]]: memory warning: sys_mmapper_map_memory(start_addr=0x9b00000, mem_id=0xa8, flags=0x40000)
[W : PPU[1] Thread (CPUThread)[0x006a1130]]: memory mapped 0x39c00000 to 0x9b00000 size=0x100000
[W : PPU[1] Thread (CPUThread)[0x006a1130]]: memory warning: sys_mmapper_map_memory(start_addr=0x9c00000, mem_id=0xa9, flags=0x40000)
[W : PPU[1] Thread (CPUThread)[0x006a1130]]: memory mapped 0x39d00000 to 0x9c00000 size=0x100000
[W : PPU[1] Thread (CPUThread)[0x006a1130]]: memory warning: sys_mmapper_map_memory(start_addr=0x9d00000, mem_id=0xaa, flags=0x40000)
[W : PPU[1] Thread (CPUThread)[0x006a1130]]: memory mapped 0x39e00000 to 0x9d00000 size=0x100000
[W : PPU[1] Thread (CPUThread)[0x006a1130]]: memory warning: sys_mmapper_map_memory(start_addr=0x9e00000, mem_id=0xab, flags=0x40000)
[W : PPU[1] Thread (CPUThread)[0x006a1130]]: memory mapped 0x39f00000 to 0x9e00000 size=0x100000
[W : PPU[1] Thread (CPUThread)[0x006a1130]]: memory warning: sys_mmapper_map_memory(start_addr=0x9f00000, mem_id=0xac, flags=0x40000)
[W : PPU[1] Thread (CPUThread)[0x006a1130]]: memory mapped 0x3a000000 to 0x9f00000 size=0x100000
[W : PPU[1] Thread (CPUThread)[0x006a1130]]: memory warning: sys_mmapper_map_memory(start_addr=0xa000000, mem_id=0xad, flags=0x40000)
[W : PPU[1] Thread (CPUThread)[0x006a1130]]: memory mapped 0x3a100000 to 0xa000000 size=0x100000
[W : PPU[1] Thread (CPUThread)[0x006a1130]]: memory warning: sys_mmapper_map_memory(start_addr=0xa100000, mem_id=0xae, flags=0x40000)
[W : PPU[1] Thread (CPUThread)[0x006a1130]]: memory mapped 0x3a200000 to 0xa100000 size=0x100000
[W : PPU[1] Thread (CPUThread)[0x006a1130]]: memory warning: sys_mmapper_map_memory(start_addr=0xa200000, mem_id=0xaf, flags=0x40000)
[W : PPU[1] Thread (CPUThread)[0x006a1130]]: memory mapped 0x3a300000 to 0xa200000 size=0x100000
[W : PPU[1] Thread (CPUThread)[0x006a1130]]: memory warning: sys_mmapper_map_memory(start_addr=0xa300000, mem_id=0xb0, flags=0x40000)
[W : PPU[1] Thread (CPUThread)[0x006a1130]]: memory mapped 0x3a400000 to 0xa300000 size=0x100000
[W : PPU[1] Thread (CPUThread)[0x006a1130]]: memory warning: sys_mmapper_map_memory(start_addr=0xa400000, mem_id=0xb1, flags=0x40000)
[W : PPU[1] Thread (CPUThread)[0x006a1130]]: memory mapped 0x3a500000 to 0xa400000 size=0x100000
[W : PPU[1] Thread (CPUThread)[0x006a1130]]: memory warning: sys_mmapper_map_memory(start_addr=0xa500000, mem_id=0xb2, flags=0x40000)
[W : PPU[1] Thread (CPUThread)[0x006a1130]]: memory mapped 0x3a600000 to 0xa500000 size=0x100000
[W : PPU[1] Thread (CPUThread)[0x006a1130]]: memory warning: sys_mmapper_map_memory(start_addr=0xa600000, mem_id=0xb3, flags=0x40000)
[W : PPU[1] Thread (CPUThread)[0x006a1130]]: memory mapped 0x3a700000 to 0xa600000 size=0x100000
[W : PPU[1] Thread (CPUThread)[0x006a1130]]: memory warning: sys_mmapper_map_memory(start_addr=0xa700000, mem_id=0xb4, flags=0x40000)
[W : PPU[1] Thread (CPUThread)[0x006a1130]]: memory mapped 0x3a800000 to 0xa700000 size=0x100000
[W : PPU[1] Thread (CPUThread)[0x006a1130]]: memory warning: sys_mmapper_map_memory(start_addr=0xa800000, mem_id=0xb5, flags=0x40000)
[W : PPU[1] Thread (CPUThread)[0x006a1130]]: memory mapped 0x3a900000 to 0xa800000 size=0x100000
[W : PPU[1] Thread (CPUThread)[0x006a1130]]: memory warning: sys_mmapper_map_memory(start_addr=0xa900000, mem_id=0xb6, flags=0x40000)
[W : PPU[1] Thread (CPUThread)[0x006a1130]]: memory mapped 0x3aa00000 to 0xa900000 size=0x100000
[W : PPU[1] Thread (CPUThread)[0x006a1130]]: memory warning: sys_mmapper_map_memory(start_addr=0xaa00000, mem_id=0xb7, flags=0x40000)
[W : PPU[1] Thread (CPUThread)[0x006a1130]]: memory mapped 0x3ab00000 to 0xaa00000 size=0x100000
[W : PPU[1] Thread (CPUThread)[0x006a1130]]: memory warning: sys_mmapper_map_memory(start_addr=0xab00000, mem_id=0xb8, flags=0x40000)
[W : PPU[1] Thread (CPUThread)[0x006a1130]]: memory mapped 0x3ac00000 to 0xab00000 size=0x100000
[W : PPU[1] Thread (CPUThread)[0x006a1130]]: memory warning: sys_mmapper_map_memory(start_addr=0xac00000, mem_id=0xb9, flags=0x40000)
[W : PPU[1] Thread (CPUThread)[0x006a1130]]: memory mapped 0x3ad00000 to 0xac00000 size=0x100000
[W : PPU[1] Thread (CPUThread)[0x006a1130]]: memory warning: sys_mmapper_map_memory(start_addr=0xad00000, mem_id=0xba, flags=0x40000)
[W : PPU[1] Thread (CPUThread)[0x006a1130]]: memory mapped 0x3ae00000 to 0xad00000 size=0x100000
[W : PPU[1] Thread (CPUThread)[0x006a1130]]: memory warning: sys_mmapper_map_memory(start_addr=0xae00000, mem_id=0xbb, flags=0x40000)
[W : PPU[1] Thread (CPUThread)[0x006a1130]]: memory mapped 0x3af00000 to 0xae00000 size=0x100000
[W : PPU[1] Thread (CPUThread)[0x006a1130]]: memory warning: sys_mmapper_map_memory(start_addr=0xaf00000, mem_id=0xbc, flags=0x40000)
[W : PPU[1] Thread (CPUThread)[0x006a1130]]: memory mapped 0x3b000000 to 0xaf00000 size=0x100000
[W : PPU[1] Thread (CPUThread)[0x006a1130]]: memory warning: sys_mmapper_map_memory(start_addr=0xb000000, mem_id=0xbd, flags=0x40000)
[W : PPU[1] Thread (CPUThread)[0x006a1130]]: memory mapped 0x3b100000 to 0xb000000 size=0x100000
[W : PPU[1] Thread (CPUThread)[0x006a1130]]: memory warning: sys_mmapper_map_memory(start_addr=0xb100000, mem_id=0xbe, flags=0x40000)
[W : PPU[1] Thread (CPUThread)[0x006a1130]]: memory mapped 0x3b200000 to 0xb100000 size=0x100000
[W : PPU[1] Thread (CPUThread)[0x006a1130]]: memory warning: sys_mmapper_map_memory(start_addr=0xb200000, mem_id=0xbf, flags=0x40000)
[W : PPU[1] Thread (CPUThread)[0x006a1130]]: memory mapped 0x3b300000 to 0xb200000 size=0x100000
[W : PPU[1] Thread (CPUThread)[0x006a1130]]: memory warning: sys_mmapper_map_memory(start_addr=0xb300000, mem_id=0xc0, flags=0x40000)
[W : PPU[1] Thread (CPUThread)[0x006a1130]]: memory mapped 0x3b400000 to 0xb300000 size=0x100000
[W : PPU[1] Thread (CPUThread)[0x006a1130]]: memory warning: sys_mmapper_map_memory(start_addr=0xb400000, mem_id=0xc1, flags=0x40000)
[W : PPU[1] Thread (CPUThread)[0x006a1130]]: memory mapped 0x3b500000 to 0xb400000 size=0x100000
[W : PPU[1] Thread (CPUThread)[0x006a1130]]: memory warning: sys_mmapper_map_memory(start_addr=0xb500000, mem_id=0xc2, flags=0x40000)
[W : PPU[1] Thread (CPUThread)[0x006a1130]]: memory mapped 0x3b600000 to 0xb500000 size=0x100000
[W : PPU[1] Thread (CPUThread)[0x006a1130]]: memory warning: sys_mmapper_map_memory(start_addr=0xb600000, mem_id=0xc3, flags=0x40000)
[W : PPU[1] Thread (CPUThread)[0x006a1130]]: memory mapped 0x3b700000 to 0xb600000 size=0x100000
[W : PPU[1] Thread (CPUThread)[0x006a1130]]: memory warning: sys_mmapper_map_memory(start_addr=0xb700000, mem_id=0xc4, flags=0x40000)
[W : PPU[1] Thread (CPUThread)[0x006a1130]]: memory mapped 0x3b800000 to 0xb700000 size=0x100000
[W : PPU[1] Thread (CPUThread)[0x006a1130]]: memory warning: sys_mmapper_map_memory(start_addr=0xb800000, mem_id=0xc5, flags=0x40000)
[W : PPU[1] Thread (CPUThread)[0x006a1130]]: memory mapped 0x3b900000 to 0xb800000 size=0x100000
[W : PPU[1] Thread (CPUThread)[0x006a1130]]: memory warning: sys_mmapper_map_memory(start_addr=0xb900000, mem_id=0xc6, flags=0x40000)
[W : PPU[1] Thread (CPUThread)[0x006a1130]]: memory mapped 0x3ba00000 to 0xb900000 size=0x100000
[W : PPU[1] Thread (CPUThread)[0x006a1130]]: memory warning: sys_mmapper_map_memory(start_addr=0xba00000, mem_id=0xc7, flags=0x40000)
[W : PPU[1] Thread (CPUThread)[0x006a1130]]: memory mapped 0x3bb00000 to 0xba00000 size=0x100000
[W : PPU[1] Thread (CPUThread)[0x006a1130]]: memory warning: sys_mmapper_map_memory(start_addr=0xbb00000, mem_id=0xc8, flags=0x40000)
[W : PPU[1] Thread (CPUThread)[0x006a1130]]: memory mapped 0x3bc00000 to 0xbb00000 size=0x100000
[W : PPU[1] Thread (CPUThread)[0x006a1130]]: memory warning: sys_mmapper_map_memory(start_addr=0xbc00000, mem_id=0xc9, flags=0x40000)
[W : PPU[1] Thread (CPUThread)[0x006a1130]]: memory mapped 0x3bd00000 to 0xbc00000 size=0x100000
[W : PPU[1] Thread (CPUThread)[0x006a1130]]: memory warning: sys_mmapper_map_memory(start_addr=0xbd00000, mem_id=0xca, flags=0x40000)
[W : PPU[1] Thread (CPUThread)[0x006a1130]]: memory mapped 0x3be00000 to 0xbd00000 size=0x100000
[W : PPU[1] Thread (CPUThread)[0x006a1130]]: memory warning: sys_mmapper_map_memory(start_addr=0xbe00000, mem_id=0xcb, flags=0x40000)
[W : PPU[1] Thread (CPUThread)[0x006a1130]]: memory mapped 0x3bf00000 to 0xbe00000 size=0x100000
[W : PPU[1] Thread (CPUThread)[0x006a1130]]: memory warning: sys_mmapper_map_memory(start_addr=0xbf00000, mem_id=0xcc, flags=0x40000)
[W : PPU[1] Thread (CPUThread)[0x006a1130]]: memory mapped 0x3c000000 to 0xbf00000 size=0x100000
[W : PPU[1] Thread (CPUThread)[0x006a1130]]: memory warning: sys_mmapper_map_memory(start_addr=0xc000000, mem_id=0xcd, flags=0x40000)
[W : PPU[1] Thread (CPUThread)[0x006a1130]]: memory mapped 0x3c100000 to 0xc000000 size=0x100000
[W : PPU[1] Thread (CPUThread)[0x006a1130]]: memory warning: sys_mmapper_map_memory(start_addr=0xc100000, mem_id=0xce, flags=0x40000)
[W : PPU[1] Thread (CPUThread)[0x006a1130]]: memory mapped 0x3c200000 to 0xc100000 size=0x100000
[W : PPU[1] Thread (CPUThread)[0x006a1130]]: memory warning: sys_mmapper_map_memory(start_addr=0xc200000, mem_id=0xcf, flags=0x40000)
[W : PPU[1] Thread (CPUThread)[0x006a1130]]: memory mapped 0x3c300000 to 0xc200000 size=0x100000
[W : PPU[1] Thread (CPUThread)[0x006a1130]]: memory warning: sys_mmapper_map_memory(start_addr=0xc300000, mem_id=0xd0, flags=0x40000)
[W : PPU[1] Thread (CPUThread)[0x006a1130]]: memory mapped 0x3c400000 to 0xc300000 size=0x100000
[W : PPU[1] Thread (CPUThread)[0x006a1130]]: memory warning: sys_mmapper_map_memory(start_addr=0xc400000, mem_id=0xd1, flags=0x40000)
[W : PPU[1] Thread (CPUThread)[0x006a1130]]: memory mapped 0x3c500000 to 0xc400000 size=0x100000
[W : PPU[1] Thread (CPUThread)[0x006a1130]]: memory warning: sys_mmapper_map_memory(start_addr=0xc500000, mem_id=0xd2, flags=0x40000)
[W : PPU[1] Thread (CPUThread)[0x006a1130]]: memory mapped 0x3c600000 to 0xc500000 size=0x100000
[W : PPU[1] Thread (CPUThread)[0x006a1130]]: memory warning: sys_mmapper_map_memory(start_addr=0xc600000, mem_id=0xd3, flags=0x40000)
[W : PPU[1] Thread (CPUThread)[0x006a1130]]: memory mapped 0x3c700000 to 0xc600000 size=0x100000
[W : PPU[1] Thread (CPUThread)[0x006a1130]]: memory warning: sys_mmapper_map_memory(start_addr=0xc700000, mem_id=0xd4, flags=0x40000)
[W : PPU[1] Thread (CPUThread)[0x006a1130]]: memory mapped 0x3c800000 to 0xc700000 size=0x100000
[E : PPU[1] Thread (CPUThread)[0x00336338]]: Unknown/Illegal opcode! (0x00000000 : 0x0 : 0x0) #pc: 0x336338
[! : PPU[1] Thread (CPUThread)[0x00336338]]: r0 = 0x0
[! : PPU[1] Thread (CPUThread)[0x00336338]]: r1 = 0xd0020a40
[! : PPU[1] Thread (CPUThread)[0x00336338]]: r2 = 0x52d6c8
[! : PPU[1] Thread (CPUThread)[0x00336338]]: r3 = 0x0
[! : PPU[1] Thread (CPUThread)[0x00336338]]: r4 = 0x0
[! : PPU[1] Thread (CPUThread)[0x00336338]]: r5 = 0xc800000
[! : PPU[1] Thread (CPUThread)[0x00336338]]: r6 = 0x336340
[! : PPU[1] Thread (CPUThread)[0x00336338]]: r7 = 0xc7fffc0
[! : PPU[1] Thread (CPUThread)[0x00336338]]: r8 = 0x336300
[! : PPU[1] Thread (CPUThread)[0x00336338]]: r9 = 0x0
[! : PPU[1] Thread (CPUThread)[0x00336338]]: r10 = 0x0
[! : PPU[1] Thread (CPUThread)[0x00336338]]: r11 = 0x0
[! : PPU[1] Thread (CPUThread)[0x00336338]]: r12 = 0xc800000
[! : PPU[1] Thread (CPUThread)[0x00336338]]: r13 = 0x30007060
[! : PPU[1] Thread (CPUThread)[0x00336338]]: r14 = 0x0
[! : PPU[1] Thread (CPUThread)[0x00336338]]: r15 = 0x0
[! : PPU[1] Thread (CPUThread)[0x00336338]]: r16 = 0x0
[! : PPU[1] Thread (CPUThread)[0x00336338]]: r17 = 0x0
[! : PPU[1] Thread (CPUThread)[0x00336338]]: r18 = 0x0
[! : PPU[1] Thread (CPUThread)[0x00336338]]: r19 = 0x0
[! : PPU[1] Thread (CPUThread)[0x00336338]]: r20 = 0x0
[! : PPU[1] Thread (CPUThread)[0x00336338]]: r21 = 0x0
[! : PPU[1] Thread (CPUThread)[0x00336338]]: r22 = 0x0
[! : PPU[1] Thread (CPUThread)[0x00336338]]: r23 = 0x0
[! : PPU[1] Thread (CPUThread)[0x00336338]]: r24 = 0x0
[! : PPU[1] Thread (CPUThread)[0x00336338]]: r25 = 0x0
[! : PPU[1] Thread (CPUThread)[0x00336338]]: r26 = 0xd0020e00
[! : PPU[1] Thread (CPUThread)[0x00336338]]: r27 = 0x58b954
[! : PPU[1] Thread (CPUThread)[0x00336338]]: r28 = 0x58a920
[! : PPU[1] Thread (CPUThread)[0x00336338]]: r29 = 0xc8
[! : PPU[1] Thread (CPUThread)[0x00336338]]: r30 = 0x58a920
[! : PPU[1] Thread (CPUThread)[0x00336338]]: r31 = 0x58bc74
[! : PPU[1] Thread (CPUThread)[0x00336338]]: f0 = 0.000000
[! : PPU[1] Thread (CPUThread)[0x00336338]]: f1 = 0.000000
[! : PPU[1] Thread (CPUThread)[0x00336338]]: f2 = 0.000000
[! : PPU[1] Thread (CPUThread)[0x00336338]]: f3 = 0.000000
[! : PPU[1] Thread (CPUThread)[0x00336338]]: f4 = 0.000000
[! : PPU[1] Thread (CPUThread)[0x00336338]]: f5 = 0.000000
[! : PPU[1] Thread (CPUThread)[0x00336338]]: f6 = 0.000000
[! : PPU[1] Thread (CPUThread)[0x00336338]]: f7 = 0.000000
[! : PPU[1] Thread (CPUThread)[0x00336338]]: f8 = 0.000000
[! : PPU[1] Thread (CPUThread)[0x00336338]]: f9 = 0.000000
[! : PPU[1] Thread (CPUThread)[0x00336338]]: f10 = 0.000000
[! : PPU[1] Thread (CPUThread)[0x00336338]]: f11 = 0.000000
[! : PPU[1] Thread (CPUThread)[0x00336338]]: f12 = 0.000000
[! : PPU[1] Thread (CPUThread)[0x00336338]]: f13 = 0.000000
[! : PPU[1] Thread (CPUThread)[0x00336338]]: f14 = 0.000000
[! : PPU[1] Thread (CPUThread)[0x00336338]]: f15 = 0.000000
[! : PPU[1] Thread (CPUThread)[0x00336338]]: f16 = 0.000000
[! : PPU[1] Thread (CPUThread)[0x00336338]]: f17 = 0.000000
[! : PPU[1] Thread (CPUThread)[0x00336338]]: f18 = 0.000000
[! : PPU[1] Thread (CPUThread)[0x00336338]]: f19 = 0.000000
[! : PPU[1] Thread (CPUThread)[0x00336338]]: f20 = 0.000000
[! : PPU[1] Thread (CPUThread)[0x00336338]]: f21 = 0.000000
[! : PPU[1] Thread (CPUThread)[0x00336338]]: f22 = 0.000000
[! : PPU[1] Thread (CPUThread)[0x00336338]]: f23 = 0.000000
[! : PPU[1] Thread (CPUThread)[0x00336338]]: f24 = 0.000000
[! : PPU[1] Thread (CPUThread)[0x00336338]]: f25 = 0.000000
[! : PPU[1] Thread (CPUThread)[0x00336338]]: f26 = 0.000000
[! : PPU[1] Thread (CPUThread)[0x00336338]]: f27 = 0.000000
[! : PPU[1] Thread (CPUThread)[0x00336338]]: f28 = 0.000000
[! : PPU[1] Thread (CPUThread)[0x00336338]]: f29 = 0.000000
[! : PPU[1] Thread (CPUThread)[0x00336338]]: f30 = 0.000000
[! : PPU[1] Thread (CPUThread)[0x00336338]]: f31 = 0.000000
[! : PPU[1] Thread (CPUThread)[0x00336338]]: v0 = 0x00000000000000000000000000000000 [x: 0 y: 0 z: 0 w: 0]
[! : PPU[1] Thread (CPUThread)[0x00336338]]: v1 = 0x00000000000000000000000000000000 [x: 0 y: 0 z: 0 w: 0]
[! : PPU[1] Thread (CPUThread)[0x00336338]]: v2 = 0x00000000000000000000000000000000 [x: 0 y: 0 z: 0 w: 0]
[! : PPU[1] Thread (CPUThread)[0x00336338]]: v3 = 0x00000000000000000000000000000000 [x: 0 y: 0 z: 0 w: 0]
[! : PPU[1] Thread (CPUThread)[0x00336338]]: v4 = 0x00000000000000000000000000000000 [x: 0 y: 0 z: 0 w: 0]
[! : PPU[1] Thread (CPUThread)[0x00336338]]: v5 = 0x00000000000000000000000000000000 [x: 0 y: 0 z: 0 w: 0]
[! : PPU[1] Thread (CPUThread)[0x00336338]]: v6 = 0x00000000000000000000000000000000 [x: 0 y: 0 z: 0 w: 0]
[! : PPU[1] Thread (CPUThread)[0x00336338]]: v7 = 0x00000000000000000000000000000000 [x: 0 y: 0 z: 0 w: 0]
[! : PPU[1] Thread (CPUThread)[0x00336338]]: v8 = 0x00000000000000000000000000000000 [x: 0 y: 0 z: 0 w: 0]
[! : PPU[1] Thread (CPUThread)[0x00336338]]: v9 = 0x00000000000000000000000000000000 [x: 0 y: 0 z: 0 w: 0]
[! : PPU[1] Thread (CPUThread)[0x00336338]]: v10 = 0x00000000000000000000000000000000 [x: 0 y: 0 z: 0 w: 0]
[! : PPU[1] Thread (CPUThread)[0x00336338]]: v11 = 0x00000000000000000000000000000000 [x: 0 y: 0 z: 0 w: 0]
[! : PPU[1] Thread (CPUThread)[0x00336338]]: v12 = 0x00000000000000000000000000000000 [x: 0 y: 0 z: 0 w: 0]
[! : PPU[1] Thread (CPUThread)[0x00336338]]: v13 = 0x00000000000000000000000000000000 [x: 0 y: 0 z: 0 w: 0]
[! : PPU[1] Thread (CPUThread)[0x00336338]]: v14 = 0x00000000000000000000000000000000 [x: 0 y: 0 z: 0 w: 0]
[! : PPU[1] Thread (CPUThread)[0x00336338]]: v15 = 0x00000000000000000000000000000000 [x: 0 y: 0 z: 0 w: 0]
[! : PPU[1] Thread (CPUThread)[0x00336338]]: v16 = 0x00000000000000000000000000000000 [x: 0 y: 0 z: 0 w: 0]
[! : PPU[1] Thread (CPUThread)[0x00336338]]: v17 = 0x00000000000000000000000000000000 [x: 0 y: 0 z: 0 w: 0]
[! : PPU[1] Thread (CPUThread)[0x00336338]]: v18 = 0x00000000000000000000000000000000 [x: 0 y: 0 z: 0 w: 0]
[! : PPU[1] Thread (CPUThread)[0x00336338]]: v19 = 0x00000000000000000000000000000000 [x: 0 y: 0 z: 0 w: 0]
[! : PPU[1] Thread (CPUThread)[0x00336338]]: v20 = 0x00000000000000000000000000000000 [x: 0 y: 0 z: 0 w: 0]
[! : PPU[1] Thread (CPUThread)[0x00336338]]: v21 = 0x00000000000000000000000000000000 [x: 0 y: 0 z: 0 w: 0]
[! : PPU[1] Thread (CPUThread)[0x00336338]]: v22 = 0x00000000000000000000000000000000 [x: 0 y: 0 z: 0 w: 0]
[! : PPU[1] Thread (CPUThread)[0x00336338]]: v23 = 0x00000000000000000000000000000000 [x: 0 y: 0 z: 0 w: 0]
[! : PPU[1] Thread (CPUThread)[0x00336338]]: v24 = 0x00000000000000000000000000000000 [x: 0 y: 0 z: 0 w: 0]
[! : PPU[1] Thread (CPUThread)[0x00336338]]: v25 = 0x00000000000000000000000000000000 [x: 0 y: 0 z: 0 w: 0]
[! : PPU[1] Thread (CPUThread)[0x00336338]]: v26 = 0x00000000000000000000000000000000 [x: 0 y: 0 z: 0 w: 0]
[! : PPU[1] Thread (CPUThread)[0x00336338]]: v27 = 0x00000000000000000000000000000000 [x: 0 y: 0 z: 0 w: 0]
[! : PPU[1] Thread (CPUThread)[0x00336338]]: v28 = 0x00000000000000000000000000000000 [x: 0 y: 0 z: 0 w: 0]
[! : PPU[1] Thread (CPUThread)[0x00336338]]: v29 = 0x00000000000000000000000000000000 [x: 0 y: 0 z: 0 w: 0]
[! : PPU[1] Thread (CPUThread)[0x00336338]]: v30 = 0x00000000000000000000000000000000 [x: 0 y: 0 z: 0 w: 0]
[! : PPU[1] Thread (CPUThread)[0x00336338]]: v31 = 0x00000000000000000000000000000000 [x: 0 y: 0 z: 0 w: 0]
[! : PPU[1] Thread (CPUThread)[0x00336338]]: CR = 0x88002084
[! : PPU[1] Thread (CPUThread)[0x00336338]]: LR = 0x1f0e8c
[! : PPU[1] Thread (CPUThread)[0x00336338]]: CTR = 0x6a112c
[! : PPU[1] Thread (CPUThread)[0x00336338]]: XER = 0x0 [CA=0 | OV=0 | SO=0]
[! : PPU[1] Thread (CPUThread)[0x00336338]]: FPSCR = 0x0 [RN=0 | NI=0 | XE=0 | ZE=0 | UE=0 | OE=0 | VE=0 | VXCVI=0 | VXSQRT=0 | VXSOFT=0 | FPRF=0 | FI=0 | FR=0 | VXVC=0 | VXIMZ=0 | VXZDZ=0 | VXIDI=0 | VXISI=0 | VXSNAN=0 | XX=0 | ZX=0 | UX=0 | OX=0 | VX=0 | FEX=0 | FX=0]
[!]: Closing memory...
