[!]: path: /dev_hdd0/game/
[!]: Loading 'D:\Emulateur\Rpcs3\dev_hdd0\game\BCES00220-[inFamous]\PS3_GAME\USRDIR\BOOT.BIN'...
[!]: Mount info:
[!]: /dev_hdd0/ -> D:\Emulateur\Rpcs3\dev_hdd0\
[!]: /dev_hdd1/ -> D:\Emulateur\Rpcs3\dev_hdd1\
[!]: /dev_flash/ -> D:\Emulateur\Rpcs3\dev_flash\
[!]: /dev_usb000/ -> D:\Emulateur\Rpcs3\dev_usb000\
[!]: /dev_usb/ -> D:\Emulateur\Rpcs3\dev_usb000\
[!]: /app_home/ -> D:\Emulateur\Rpcs3\dev_hdd0\game\BCES00220-[inFamous]\PS3_GAME\
[!]: /dev_bdvd/ -> D:\Emulateur\Rpcs3\dev_hdd0\game\BCES00220-[inFamous]\PS3_GAME\\..\
[!]: /host_root/ -> 
[!]: / -> D:\Emulateur\Rpcs3\dev_hdd0\game\BCES00220-[inFamous]\PS3_GAME\
[!]: Initing memory...
[!]: Memory initialized.
[W]: Unknown function 0x16394a4e in 'cellSpurs' module
[E]: TODO: _cellSpursTasksetAttributeInitialize
[W]: Unknown function 0x182d9890 in 'cellSpurs' module
[E]: TODO: cellSpursRequestIdleSpu
[W]: Unknown function 0x1f402f8f in 'cellSpurs' module
[E]: TODO: cellSpursGetInfo
[W]: Unknown function 0x22aab31d in 'cellSpurs' module
[E]: TODO: cellSpursEventFlagDetachLv2EventQueue
[W]: Unknown function 0x373523d4 in 'cellSpurs' module
[E]: TODO: cellSpursEventFlagWait
[W]: Unknown function 0x4a5eab63 in 'cellSpurs' module
[E]: TODO: cellSpursWorkloadAttributeSetName
[W]: Unknown function 0x4ac7bae4 in 'cellSpurs' module
[E]: TODO: cellSpursEventFlagClear
[W]: Unknown function 0x4e153e3e in 'cellSpurs' module
[E]: TODO: cellSpursGetWorkloadInfo
[W]: Unknown function 0x4e66d483 in 'cellSpurs' module
[E]: TODO: cellSpursDetachLv2EventQueue
[W]: Unknown function 0x57e4dec3 in 'cellSpurs' module
[E]: TODO: cellSpursRemoveWorkload
[W]: Unknown function 0x5ef96465 in 'cellSpurs' module
[E]: TODO: _cellSpursEventFlagInitialize
[W]: Unknown function 0x5fd43fe4 in 'cellSpurs' module
[E]: TODO: cellSpursWaitForWorkloadShutdown
[W]: Unknown function 0x652b70e2 in 'cellSpurs' module
[E]: TODO: cellSpursTasksetAttributeSetName
[W]: Unknown function 0x80a29e27 in 'cellSpurs' module
[E]: TODO: cellSpursSetPriorities
[W]: Unknown function 0x87630976 in 'cellSpurs' module
[E]: TODO: cellSpursEventFlagAttachLv2EventQueue
[W]: Unknown function 0x95180230 in 'cellSpurs' module
[E]: TODO: _cellSpursAttributeInitialize
[W]: Unknown function 0x98d5b343 in 'cellSpurs' module
[E]: TODO: cellSpursShutdownWorkload
[W]: Unknown function 0x9f72add3 in 'cellSpurs' module
[E]: TODO: cellSpursJoinTaskset
[W]: Unknown function 0xa789e631 in 'cellSpurs' module
[E]: TODO: cellSpursShutdownTaskset
[W]: Unknown function 0xaa6269a8 in 'cellSpurs' module
[E]: TODO: cellSpursInitializeWithAttribute
[W]: Unknown function 0xb9bc6207 in 'cellSpurs' module
[E]: TODO: cellSpursAttachLv2EventQueue
[W]: Unknown function 0xc0158d8b in 'cellSpurs' module
[E]: TODO: cellSpursAddWorkloadWithAttribute
[W]: Unknown function 0xc10931cb in 'cellSpurs' module
[E]: TODO: cellSpursCreateTasksetWithAttribute
[W]: Unknown function 0xca4c4600 in 'cellSpurs' module
[E]: TODO: cellSpursFinalize
[W]: Unknown function 0xd2e23fa9 in 'cellSpurs' module
[E]: TODO: cellSpursSetExceptionEventHandler
[W]: Unknown function 0xefeb2679 in 'cellSpurs' module
[E]: TODO: _cellSpursWorkloadAttributeInitialize
[W]: Unknown function 0xf843818d in 'cellSpurs' module
[E]: TODO: cellSpursReadyCountStore
[W]: Unknown function 0x011ee38b in 'cellSpurs' module
[E]: TODO: _cellSpursLFQueueInitialize
[W]: Unknown function 0x1656d49f in 'cellSpurs' module
[E]: TODO: cellSpursLFQueueAttachLv2EventQueue
[W]: Unknown function 0x73e06f91 in 'cellSpurs' module
[E]: TODO: cellSpursLFQueueDetachLv2EventQueue
[W]: Unknown function 0x8a85674d in 'cellSpurs' module
[E]: TODO: _cellSpursLFQueuePushBody
[W]: Unknown function 0xbeb600ac in 'cellSpurs' module
[E]: TODO: cellSpursCreateTask
[W]: Unknown function 0x967a162b in 'sys_fs' module
[E]: TODO: cellFsFsync
[W]: Unknown function 0xbef554a4 in 'sys_fs' module
[E]: TODO: cellFsUtime
[W]: Unknown function 0x139a9e9b in 'sys_net' module
[E]: TODO: sys_net_initialize_network_ex
[W]: Unknown function 0x1f953b9f in 'sys_net' module
[E]: TODO: recvfrom
[W]: Unknown function 0x28e208bb in 'sys_net' module
[E]: TODO: listen
[W]: Unknown function 0x3f09e20a in 'sys_net' module
[E]: TODO: socketselect
[W]: Unknown function 0x44328aa2 in 'sys_net' module
[E]: TODO: sys_net_close_dump
[W]: Unknown function 0x5a045bd1 in 'sys_net' module
[E]: TODO: getsockopt
[W]: Unknown function 0x6005cde1 in 'sys_net' module
[E]: TODO: _sys_net_errno_loc
[W]: Unknown function 0x64f66d35 in 'sys_net' module
[E]: TODO: connect
[W]: Unknown function 0x6db6e8cd in 'sys_net' module
[E]: TODO: socketclose
[W]: Unknown function 0x858a930b in 'sys_net' module
[E]: TODO: inet_ntoa
[W]: Unknown function 0x88f03575 in 'sys_net' module
[E]: TODO: setsockopt
[W]: Unknown function 0x89c9917c in 'sys_net' module
[E]: TODO: sys_net_read_dump
[W]: Unknown function 0x9647570b in 'sys_net' module
[E]: TODO: sendto
[W]: Unknown function 0x9c056962 in 'sys_net' module
[E]: TODO: socket
[W]: Unknown function 0xa50777c6 in 'sys_net' module
[E]: TODO: shutdown
[W]: Unknown function 0xab447704 in 'sys_net' module
[E]: TODO: sys_net_open_dump
[W]: Unknown function 0xb0a59804 in 'sys_net' module
[E]: TODO: bind
[W]: Unknown function 0xb48636c4 in 'sys_net' module
[E]: TODO: sys_net_show_ifconfig
[W]: Unknown function 0xb68d5625 in 'sys_net' module
[E]: TODO: sys_net_finalize_network
[W]: Unknown function 0xc94f6939 in 'sys_net' module
[E]: TODO: accept
[W]: Unknown function 0xdabbc2c0 in 'sys_net' module
[E]: TODO: inet_addr
[W]: Unknown function 0xdc751b40 in 'sys_net' module
[E]: TODO: send
[W]: Unknown function 0xfba04f37 in 'sys_net' module
[E]: TODO: recv
[W]: Unknown function 0x1dfbfdd6 in 'cellSysutil' module
[E]: TODO: cellSaveDataListLoad2
[W]: Unknown function 0x20543730 in 'cellSysutil' module
[E]: TODO: cellMsgDialogClose
[W]: Unknown function 0x21425307 in 'cellSysutil' module
[E]: TODO: cellSaveDataListAutoLoad
[W]: Unknown function 0x2de0d663 in 'cellSysutil' module
[E]: TODO: cellSaveDataListSave2
[W]: Unknown function 0x62b0f803 in 'cellSysutil' module
[E]: TODO: cellMsgDialogAbort
[W]: Unknown function 0x8b7ed64b in 'cellSysutil' module
[E]: TODO: cellSaveDataAutoSave2
[W]: Unknown function 0xa9b0c1d9 in 'cellSysutil' module
[E]: TODO: cellGameDataGetSizeKB
[W]: Unknown function 0xb72bc4e6 in 'cellSysutil' module
[E]: TODO: cellDiscGameGetBootDiscInfo
[W]: Unknown function 0xc9645c41 in 'cellSysutil' module
[E]: TODO: cellGameDataCheckCreate2
[W]: Unknown function 0xdfdd302e in 'cellSysutil' module
[E]: TODO: cellDiscGameRegisterDiscChangeCallback
[W]: Unknown function 0xedc34e1a in 'cellSysutil' module
[E]: TODO: cellDiscGameUnregisterDiscChangeCallback
[W]: Unknown function 0x4885aa18 in 'sceNp' module
[E]: TODO: sceNpTerm
[W]: Unknown function 0xad218faf in 'sceNp' module
[E]: TODO: sceNpDrmIsAvailable
[W]: Unknown function 0xbd28fdbf in 'sceNp' module
[E]: TODO: sceNpInit
[W]: Unknown function 0x0a862772 in 'cellGcmSys' module
[E]: TODO: cellGcmSetQueueHandler
[W]: Unknown function 0x25b40ab4 in 'cellGcmSys' module
[E]: TODO: cellGcmSortRemapEaIoAddress
[W]: Unknown function 0xacee8542 in 'cellGcmSys' module
[E]: TODO: cellGcmSetFlipImmediate
[W]: Unknown function 0xd01b570d in 'cellGcmSys' module
[E]: TODO: cellGcmSetGraphicsHandler
[W : PPU[1] Thread (CPUThread)[0x009ff04c]]: sys_lwmutex warning: *** lwmutex created [_lc_mtx] (attribute=0x12): sq_id = 3
[W : PPU[1] Thread (CPUThread)[0x004562d0]]: memory warning: sys_memory_get_user_memory_size(mem_info_addr=0xd0020c04)
[W : PPU[1] Thread (CPUThread)[0x009ff04c]]: sys_lwmutex warning: *** lwmutex created [_lc_mtx] (attribute=0x12): sq_id = 4
[W : PPU[1] Thread (CPUThread)[0x009ff04c]]: sys_lwmutex warning: *** lwmutex created [_lc_mtx] (attribute=0x12): sq_id = 5
[W : PPU[1] Thread (CPUThread)[0x009ff04c]]: sys_lwmutex warning: *** lwmutex created [_lc_mtx] (attribute=0x12): sq_id = 6
[W : PPU[1] Thread (CPUThread)[0x009ff04c]]: sys_lwmutex warning: *** lwmutex created [_lc_mtx] (attribute=0x12): sq_id = 7
[W : PPU[1] Thread (CPUThread)[0x009ff04c]]: sys_lwmutex warning: *** lwmutex created [_lc_mtx] (attribute=0x12): sq_id = 8
[W : PPU[1] Thread (CPUThread)[0x009ff04c]]: sys_lwmutex warning: *** lwmutex created [_lc_mtx] (attribute=0x12): sq_id = 9
[W : PPU[1] Thread (CPUThread)[0x009ff04c]]: sys_lwmutex warning: *** lwmutex created [_lc_mtx] (attribute=0x12): sq_id = 10
[W : PPU[1] Thread (CPUThread)[0x009ff04c]]: sys_lwmutex warning: *** lwmutex created [_lc_mtx] (attribute=0x12): sq_id = 11
[W : PPU[1] Thread (CPUThread)[0x009ff04c]]: sys_lwmutex warning: *** lwmutex created [_lc_mtx] (attribute=0x12): sq_id = 12
[W : PPU[1] Thread (CPUThread)[0x009ff04c]]: sys_lwmutex warning: *** lwmutex created [_lgcmtx] (attribute=0x12): sq_id = 13
[W : PPU[1] Thread (CPUThread)[0x009ff04c]]: sys_lwmutex warning: *** lwmutex created [_lgcmtx] (attribute=0x12): sq_id = 14
[W : PPU[1] Thread (CPUThread)[0x009ff04c]]: sys_lwmutex warning: *** lwmutex created [_lc_mtx] (attribute=0x12): sq_id = 15
[W : PPU[1] Thread (CPUThread)[0x009ff04c]]: sys_lwmutex warning: *** lwmutex created [_lc_mtx] (attribute=0x12): sq_id = 16
[W : PPU[1] Thread (CPUThread)[0x009ff04c]]: sys_lwmutex warning: *** lwmutex created [_lc_mtx] (attribute=0x12): sq_id = 17
[W : PPU[1] Thread (CPUThread)[0x009ff04c]]: sys_lwmutex warning: *** lwmutex created [_lc_mtx] (attribute=0x12): sq_id = 18
[W : PPU[1] Thread (CPUThread)[0x009ff04c]]: sys_lwmutex warning: *** lwmutex created [_lc_mtx] (attribute=0x12): sq_id = 19
[W : PPU[1] Thread (CPUThread)[0x009ff04c]]: sys_lwmutex warning: *** lwmutex created [_lc_mtx] (attribute=0x12): sq_id = 20
[W : PPU[1] Thread (CPUThread)[0x009ff04c]]: sys_lwmutex warning: *** lwmutex created [_lc_mtx] (attribute=0x12): sq_id = 21
[W : PPU[1] Thread (CPUThread)[0x009ff04c]]: sys_lwmutex warning: *** lwmutex created [_lc_mtx] (attribute=0x12): sq_id = 22
[W : PPU[1] Thread (CPUThread)[0x009ff04c]]: sys_lwmutex warning: *** lwmutex created [_lc_mtx] (attribute=0x12): sq_id = 23
[W : PPU[1] Thread (CPUThread)[0x009ff04c]]: sys_lwmutex warning: *** lwmutex created [_lc_mtx] (attribute=0x12): sq_id = 24
[W : PPU[1] Thread (CPUThread)[0x009ff04c]]: sys_lwmutex warning: *** lwmutex created [_lc_mtx] (attribute=0x12): sq_id = 25
[W : PPU[1] Thread (CPUThread)[0x009ff04c]]: sys_lwmutex warning: *** lwmutex created [_lc_mtx] (attribute=0x12): sq_id = 26
[W : PPU[1] Thread (CPUThread)[0x00447b44]]: cellSysutil warning: cellSysutilGetSystemParamInt: CELL_SYSUTIL_SYSTEMPARAM_ID_TIMEZONE
[W : PPU[1] Thread (CPUThread)[0x00447b44]]: cellSysutil warning: cellSysutilGetSystemParamInt: CELL_SYSUTIL_SYSTEMPARAM_ID_SUMMERTIME
[W : PPU[1] Thread (CPUThread)[0x0044f330]]: cellSysutil warning: cellSysutilGetSystemParamInt: CELL_SYSUTIL_SYSTEMPARAM_ID_TIMEZONE
[W : PPU[1] Thread (CPUThread)[0x0044f330]]: cellSysutil warning: cellSysutilGetSystemParamInt: CELL_SYSUTIL_SYSTEMPARAM_ID_SUMMERTIME
[W : PPU[1] Thread (CPUThread)[0x0044962c]]: cellSysutil warning: cellSysutilGetSystemParamInt: CELL_SYSUTIL_SYSTEMPARAM_ID_TIMEZONE
[W : PPU[1] Thread (CPUThread)[0x0044962c]]: cellSysutil warning: cellSysutilGetSystemParamInt: CELL_SYSUTIL_SYSTEMPARAM_ID_SUMMERTIME
[W : PPU[1] Thread (CPUThread)[0x0044f330]]: cellSysutil warning: cellSysutilGetSystemParamInt: CELL_SYSUTIL_SYSTEMPARAM_ID_TIMEZONE
[W : PPU[1] Thread (CPUThread)[0x0044f330]]: cellSysutil warning: cellSysutilGetSystemParamInt: CELL_SYSUTIL_SYSTEMPARAM_ID_SUMMERTIME
[W : PPU[1] Thread (CPUThread)[0x00447ae8]]: cellSysutil warning: cellSysutilGetSystemParamInt: CELL_SYSUTIL_SYSTEMPARAM_ID_TIMEZONE
[W : PPU[1] Thread (CPUThread)[0x00447ae8]]: cellSysutil warning: cellSysutilGetSystemParamInt: CELL_SYSUTIL_SYSTEMPARAM_ID_SUMMERTIME
[W : PPU[1] Thread (CPUThread)[0x0044962c]]: cellSysutil warning: cellSysutilGetSystemParamInt: CELL_SYSUTIL_SYSTEMPARAM_ID_TIMEZONE
[W : PPU[1] Thread (CPUThread)[0x0044962c]]: cellSysutil warning: cellSysutilGetSystemParamInt: CELL_SYSUTIL_SYSTEMPARAM_ID_SUMMERTIME
[W : PPU[1] Thread (CPUThread)[0x009ff04c]]: sys_lwmutex warning: *** lwmutex created [] (attribute=0x12): sq_id = 27
[W : PPU[1] Thread (CPUThread)[0x009ff04c]]: sys_lwmutex warning: *** lwmutex created [] (attribute=0x12): sq_id = 28
[W : PPU[1] Thread (CPUThread)[0x009ff04c]]: sys_lwmutex warning: *** lwmutex created [] (attribute=0x12): sq_id = 29
[W : PPU[1] Thread (CPUThread)[0x009ff04c]]: sys_lwmutex warning: *** lwmutex created [] (attribute=0x12): sq_id = 30
[W : PPU[1] Thread (CPUThread)[0x009ff0d0]]: sys_lwcond warning: Recursive lwmutex(sq=30)
[W : PPU[1] Thread (CPUThread)[0x009ff0d0]]: sys_lwcond warning: *** lwcond created [] (lwmutex_addr=0x8eb1e0): id = 31
[W : PPU[1] Thread (CPUThread)[0x009ff0d0]]: sys_lwcond warning: Recursive lwmutex(sq=30)
[W : PPU[1] Thread (CPUThread)[0x009ff0d0]]: sys_lwcond warning: *** lwcond created [] (lwmutex_addr=0x8eb1e0): id = 32
[W : PPU[1] Thread (CPUThread)[0x009ff0d0]]: sys_lwcond warning: Recursive lwmutex(sq=30)
[W : PPU[1] Thread (CPUThread)[0x009ff0d0]]: sys_lwcond warning: *** lwcond created [] (lwmutex_addr=0x8eb1e0): id = 33
[W : PPU[1] Thread (CPUThread)[0x009ff0d0]]: sys_lwcond warning: Recursive lwmutex(sq=30)
[W : PPU[1] Thread (CPUThread)[0x009ff0d0]]: sys_lwcond warning: *** lwcond created [] (lwmutex_addr=0x8eb1e0): id = 34
[W : PPU[1] Thread (CPUThread)[0x009ff04c]]: sys_lwmutex warning: *** lwmutex created [G] (attribute=0x12): sq_id = 35
[W : PPU[1] Thread (CPUThread)[0x009ff0d0]]: sys_lwcond warning: Recursive lwmutex(sq=35)
[W : PPU[1] Thread (CPUThread)[0x009ff0d0]]: sys_lwcond warning: *** lwcond created [] (lwmutex_addr=0x8eb290): id = 36
[W : PPU[1] Thread (CPUThread)[0x009ff04c]]: sys_lwmutex warning: *** lwmutex created [ÿÿÿÿÿÿ] (attribute=0x12): sq_id = 37
[W : PPU[1] Thread (CPUThread)[0x009ff0d0]]: sys_lwcond warning: Recursive lwmutex(sq=37)
[W : PPU[1] Thread (CPUThread)[0x009ff0d0]]: sys_lwcond warning: *** lwcond created [] (lwmutex_addr=0x7d5d60): id = 38
[W : PPU[1] Thread (CPUThread)[0x009ff04c]]: sys_lwmutex warning: *** lwmutex created [] (attribute=0x12): sq_id = 39
[W : PPU[1] Thread (CPUThread)[0x009ff0d0]]: sys_lwcond warning: Recursive lwmutex(sq=39)
[W : PPU[1] Thread (CPUThread)[0x009ff0d0]]: sys_lwcond warning: *** lwcond created [] (lwmutex_addr=0x7d28d8): id = 40
[W : PPU[1] Thread (CPUThread)[0x0071c010]]: cellSysmodule warning: cellSysmoduleLoadModule(CELL_SYSMODULE_FS)
[W : PPU[1] Thread (CPUThread)[0x0071c010]]: cellSysmodule warning: cellSysmoduleLoadModule(CELL_SYSMODULE_SPURS)
[W : PPU[1] Thread (CPUThread)[0x0071c010]]: cellSysmodule warning: cellSysmoduleLoadModule(CELL_SYSMODULE_IO)
[W : PPU[1] Thread (CPUThread)[0x0071c010]]: cellSysmodule warning: cellSysmoduleLoadModule(CELL_SYSMODULE_RTC)
[W : PPU[1] Thread (CPUThread)[0x0071c010]]: cellSysmodule warning: cellSysmoduleLoadModule(CELL_SYSMODULE_NET)
[W : PPU[1] Thread (CPUThread)[0x0071c010]]: cellSysmodule warning: cellSysmoduleLoadModule(CELL_SYSMODULE_NETCTL)
[W : PPU[1] Thread (CPUThread)[0x0071c010]]: cellSysmodule warning: cellSysmoduleLoadModule(CELL_SYSMODULE_AUDIO)
[W : PPU[1] Thread (CPUThread)[0x0071c010]]: cellSysmodule warning: cellSysmoduleLoadModule(CELL_SYSMODULE_SYSUTIL)
[W : PPU[1] Thread (CPUThread)[0x0071c010]]: cellSysmodule warning: cellSysmoduleLoadModule(CELL_SYSMODULE_SYSUTIL_SAVEDATA)
[W : PPU[1] Thread (CPUThread)[0x0071c010]]: cellSysmodule warning: cellSysmoduleLoadModule(CELL_SYSMODULE_GCM_SYS)
[W : PPU[1] Thread (CPUThread)[0x0071c010]]: cellSysmodule warning: cellSysmoduleLoadModule(CELL_SYSMODULE_USBD)
[W : PPU[1] Thread (CPUThread)[0x0071c010]]: cellSysmodule warning: cellSysmoduleLoadModule(CELL_SYSMODULE_SYSUTIL_NP_TROPHY)
[W : PPU[1] Thread (CPUThread)[0x0071c010]]: cellSysmodule warning: cellSysmoduleLoadModule(CELL_SYSMODULE_SYSUTIL_NP)
[W : PPU[1] Thread (CPUThread)[0x009f70c4]]: cellSysutil warning: cellSysutilRegisterCallback(slot=0, func_addr=0x7765e8, userdata=0x0)
[W : PPU[1] Thread (CPUThread)[0x002cfecc]]: sys_spu warning: sys_spu_initialize(max_usable_spu=6, max_raw_spu=0)
[E : PPU[1] Thread (CPUThread)[0x0071a0b8]]: TODO: _cellSpursAttributeInitialize
[E : PPU[1] Thread (CPUThread)[0x0071a0e8]]: TODO: cellSpursInitializeWithAttribute
[W : PPU[1] Thread (CPUThread)[0x0041ccb0]]: sys_event warning: sys_event_queue_create(equeue_id_addr=0x7d0200, attr_addr=0xd00206c4, event_queue_key=0x0, size=127)
[W : PPU[1] Thread (CPUThread)[0x0041ccb0]]: sys_event warning: *** event_queue created [] (protocol=0x2, type=0x1): id = 41
[W : PPU[1] Thread (CPUThread)[0x0041ccf4]]: sys_event warning: sys_event_port_create(eport_id_addr=0x7d0214, port_type=0x1, name=0xd0a77)
[W : PPU[1] Thread (CPUThread)[0x0041ccf4]]: sys_event warning: *** sys_event_port created: id = 43
[W : PPU[1] Thread (CPUThread)[0x0041cd04]]: sys_event warning: sys_event_port_connect_local(eport_id=43, equeue_id=41)
[E : PPU[1] Thread (CPUThread)[0x0071a0f4]]: TODO: cellSpursAttachLv2EventQueue
[E : PPU[1] Thread (CPUThread)[0x0071a0b8]]: TODO: _cellSpursAttributeInitialize
[E : PPU[1] Thread (CPUThread)[0x0071a0e8]]: TODO: cellSpursInitializeWithAttribute
[W : PPU[1] Thread (CPUThread)[0x0041ccb0]]: sys_event warning: sys_event_queue_create(equeue_id_addr=0x7d0228, attr_addr=0xd00206c4, event_queue_key=0x0, size=127)
[W : PPU[1] Thread (CPUThread)[0x0041ccb0]]: sys_event warning: *** event_queue created [] (protocol=0x2, type=0x1): id = 44
[W : PPU[1] Thread (CPUThread)[0x0041ccf4]]: sys_event warning: sys_event_port_create(eport_id_addr=0x7d023c, port_type=0x1, name=0xd0a77)
[W : PPU[1] Thread (CPUThread)[0x0041ccf4]]: sys_event warning: *** sys_event_port created: id = 46
[W : PPU[1] Thread (CPUThread)[0x0041cd04]]: sys_event warning: sys_event_port_connect_local(eport_id=46, equeue_id=44)
[E : PPU[1] Thread (CPUThread)[0x0071a0f4]]: TODO: cellSpursAttachLv2EventQueue
[E : PPU[1] Thread (CPUThread)[0x0071a01c]]: TODO: cellSpursGetInfo
[E : PPU[1] Thread (CPUThread)[0x0071a130]]: TODO: _cellSpursWorkloadAttributeInitialize
[E : PPU[1] Thread (CPUThread)[0x0071a040]]: TODO: cellSpursWorkloadAttributeSetName
[E : PPU[1] Thread (CPUThread)[0x0071a100]]: TODO: cellSpursAddWorkloadWithAttribute
[E : PPU[1] Thread (CPUThread)[0x0071a010]]: TODO: cellSpursRequestIdleSpu
[E : PPU[1] Thread (CPUThread)[0x0071a124]]: TODO: cellSpursSetExceptionEventHandler
[E : PPU[1] Thread (CPUThread)[0x0071a13c]]: TODO: cellSpursReadyCountStore
[E : PPU[1] Thread (CPUThread)[0x0071a058]]: TODO: cellSpursGetWorkloadInfo
[E : PPU[1] Thread (CPUThread)[0x0071a058]]: TODO: cellSpursGetWorkloadInfo
[E : PPU[1] Thread (CPUThread)[0x009f70e8]]: TODO: cellDiscGameGetBootDiscInfo
[W : PPU[1] Thread (CPUThread)[0x009f7064]]: cellSysutil warning: cellSysutilGetSystemParamInt: CELL_SYSUTIL_SYSTEMPARAM_ID_LANG
[W : PPU[1] Thread (CPUThread)[0x009f7064]]: cellSysutil warning: cellSysutilGetSystemParamInt: CELL_SYSUTIL_SYSTEMPARAM_ID_ENTER_BUTTON_ASSIGN
[W : PPU[1] Thread (CPUThread)[0x009f7064]]: cellSysutil warning: cellSysutilGetSystemParamInt: CELL_SYSUTIL_SYSTEMPARAM_ID_DATE_FORMAT
[W : PPU[1] Thread (CPUThread)[0x009f7064]]: cellSysutil warning: cellSysutilGetSystemParamInt: CELL_SYSUTIL_SYSTEMPARAM_ID_TIME_FORMAT
[W : PPU[1] Thread (CPUThread)[0x009f7064]]: cellSysutil warning: cellSysutilGetSystemParamInt: CELL_SYSUTIL_SYSTEMPARAM_ID_GAME_PARENTAL_LEVEL
[W : PPU[1] Thread (CPUThread)[0x009f70b8]]: cellSysutil warning: cellSysutilGetSystemParamString: CELL_SYSUTIL_SYSTEMPARAM_ID_CURRENT_USERNAME
[W : PPU[1] Thread (CPUThread)[0x009f70b8]]: cellSysutil warning: cellSysutilGetSystemParamString: CELL_SYSUTIL_SYSTEMPARAM_ID_NICKNAME
[E : PPU[1] Thread (CPUThread)[0x009f710c]]: TODO: cellDiscGameRegisterDiscChangeCallback
[W : PPU[1] Thread (CPUThread)[0x009f7088]]: cellSysutil warning: cellVideoOutGetNumberOfDevice(videoOut=0)
[W : PPU[1] Thread (CPUThread)[0x009f7034]]: cellSysutil warning: cellVideoOutGetDeviceInfo(videoOut=0, deviceIndex=0, info_addr=0xd00207d8)
[W : PPU[1] Thread (CPUThread)[0x009f70d0]]: cellSysutil warning: cellVideoOutGetResolutionAvailability(videoOut=0, resolutionId=0x1, option_addr=0x0, aspect=0x0, option=0x59e96910)
[E : PPU[1] Thread (CPUThread)[0x00115964]]: Read8 from null block: [00000000]
[W : PPU[45] Thread (Job Manager Event Handler)[0x0041cb18]]: sys_event_queue_receive(equeue=44) aborted
[W : PPU[42] Thread (Job Manager Event Handler)[0x0041cb18]]: sys_event_queue_receive(equeue=41) aborted
[!]: Closing memory...
