[!]: path: /dev_hdd0/game/
[!]: Loading 'D:\Emulateur\Rpcs3\dev_hdd0\game\BCES00509-[Uncharted 2 Among Thieves]\PS3_GAME\USRDIR\BOOT.BIN'...
[!]: Mount info:
[!]: /dev_hdd0/ -> D:\Emulateur\Rpcs3\dev_hdd0\
[!]: /dev_hdd1/ -> D:\Emulateur\Rpcs3\dev_hdd1\
[!]: /dev_flash/ -> D:\Emulateur\Rpcs3\dev_flash\
[!]: /dev_usb000/ -> D:\Emulateur\Rpcs3\dev_usb000\
[!]: /dev_usb/ -> D:\Emulateur\Rpcs3\dev_usb000\
[!]: /app_home/ -> D:\Emulateur\Rpcs3\dev_hdd0\game\BCES00509-[Uncharted 2 Among Thieves]\PS3_GAME\
[!]: /dev_bdvd/ -> D:\Emulateur\Rpcs3\dev_hdd0\game\BCES00509-[Uncharted 2 Among Thieves]\PS3_GAME\\..\
[!]: /host_root/ -> 
[!]: / -> D:\Emulateur\Rpcs3\dev_hdd0\game\BCES00509-[Uncharted 2 Among Thieves]\PS3_GAME\
[!]: Initing memory...
[!]: Memory initialized.
[W]: Unknown function 0x32faaf58 in 'cellHttpUtil' module
[E]: TODO: cellHttpUtilParseUri
[W]: Unknown function 0x83faa354 in 'cellHttpUtil' module
[E]: TODO: cellHttpUtilBase64Encoder
[W]: Unknown function 0x9003b1f2 in 'cellHttpUtil' module
[E]: TODO: cellHttpUtilEscapeUri
[W]: Unknown module 'cellHttp'
[W]: Unknown function 0x006c4900 in 'cellSsl' module
[E]: TODO: cellSslCertGetNameEntryInfo
[W]: Unknown function 0x033c4905 in 'cellSsl' module
[E]: TODO: cellSslCertGetRsaPublicKeyExponent
[W]: Unknown function 0x1650aea4 in 'cellSsl' module
[E]: TODO: cellSslEnd
[W]: Unknown function 0x218b64da in 'cellSsl' module
[E]: TODO: cellSslCertGetNotAfter
[W]: Unknown function 0x31d9ba8d in 'cellSsl' module
[E]: TODO: cellSslCertGetNotBefore
[W]: Unknown function 0x32c61bdf in 'cellSsl' module
[E]: TODO: cellSslCertGetSubjectName
[W]: Unknown function 0x5e9253ca in 'cellSsl' module
[E]: TODO: cellSslCertGetMd5Fingerprint
[W]: Unknown function 0x766d3ca1 in 'cellSsl' module
[E]: TODO: cellSslCertGetNameEntryCount
[W]: Unknown function 0x7b689ebc in 'cellSsl' module
[E]: TODO: cellSslCertGetSerialNumber
[W]: Unknown function 0x8e505175 in 'cellSsl' module
[E]: TODO: cellSslCertGetRsaPublicKeyModulus
[W]: Unknown function 0xae6eb491 in 'cellSsl' module
[E]: TODO: cellSslCertGetIssuerName
[W]: Unknown function 0xf8206492 in 'cellSsl' module
[E]: TODO: cellSslCertGetPublicKey
[W]: Unknown function 0xfb02c9d2 in 'cellSsl' module
[E]: TODO: cellSslInit
[W]: Unknown function 0x011ee38b in 'cellSpurs' module
[E]: TODO: _cellSpursLFQueueInitialize
[W]: Unknown function 0x07529113 in 'cellSpurs' module
[E]: TODO: cellSpursAttributeSetNamePrefix
[W]: Unknown function 0x16394a4e in 'cellSpurs' module
[E]: TODO: _cellSpursTasksetAttributeInitialize
[W]: Unknown function 0x1656d49f in 'cellSpurs' module
[E]: TODO: cellSpursLFQueueAttachLv2EventQueue
[W]: Unknown function 0x182d9890 in 'cellSpurs' module
[E]: TODO: cellSpursRequestIdleSpu
[W]: Unknown function 0x1d46fedf in 'cellSpurs' module
[E]: TODO: cellSpursCreateTaskWithAttribute
[W]: Unknown function 0x1f402f8f in 'cellSpurs' module
[E]: TODO: cellSpursGetInfo
[W]: Unknown function 0x22aab31d in 'cellSpurs' module
[E]: TODO: cellSpursEventFlagDetachLv2EventQueue
[W]: Unknown function 0x34552fa6 in 'cellSpurs' module
[E]: TODO: cellSpursTaskExitCodeInitialize
[W]: Unknown function 0x373523d4 in 'cellSpurs' module
[E]: TODO: cellSpursEventFlagWait
[W]: Unknown function 0x4a5eab63 in 'cellSpurs' module
[E]: TODO: cellSpursWorkloadAttributeSetName
[W]: Unknown function 0x4ac7bae4 in 'cellSpurs' module
[E]: TODO: cellSpursEventFlagClear
[W]: Unknown function 0x4e153e3e in 'cellSpurs' module
[E]: TODO: cellSpursGetWorkloadInfo
[W]: Unknown function 0x4e66d483 in 'cellSpurs' module
[E]: TODO: cellSpursDetachLv2EventQueue
[W]: Unknown function 0x569674e3 in 'cellSpurs' module
[E]: TODO: cellSpursTraceInitialize
[W]: Unknown function 0x57e4dec3 in 'cellSpurs' module
[E]: TODO: cellSpursRemoveWorkload
[W]: Unknown function 0x5ef96465 in 'cellSpurs' module
[E]: TODO: _cellSpursEventFlagInitialize
[W]: Unknown function 0x5fd43fe4 in 'cellSpurs' module
[E]: TODO: cellSpursWaitForWorkloadShutdown
[W]: Unknown function 0x652b70e2 in 'cellSpurs' module
[E]: TODO: cellSpursTasksetAttributeSetName
[W]: Unknown function 0x73e06f91 in 'cellSpurs' module
[E]: TODO: cellSpursLFQueueDetachLv2EventQueue
[W]: Unknown function 0x80a29e27 in 'cellSpurs' module
[E]: TODO: cellSpursSetPriorities
[W]: Unknown function 0x87630976 in 'cellSpurs' module
[E]: TODO: cellSpursEventFlagAttachLv2EventQueue
[W]: Unknown function 0x8a85674d in 'cellSpurs' module
[E]: TODO: _cellSpursLFQueuePushBody
[W]: Unknown function 0x8f122ef8 in 'cellSpurs' module
[E]: TODO: cellSpursTasksetAttributeSetTasksetSize
[W]: Unknown function 0x95180230 in 'cellSpurs' module
[E]: TODO: _cellSpursAttributeInitialize
[W]: Unknown function 0x98d5b343 in 'cellSpurs' module
[E]: TODO: cellSpursShutdownWorkload
[W]: Unknown function 0x9dcbcb5d in 'cellSpurs' module
[E]: TODO: cellSpursAttributeEnableSystemWorkload
[W]: Unknown function 0x9f72add3 in 'cellSpurs' module
[E]: TODO: cellSpursJoinTaskset
[W]: Unknown function 0xa121a224 in 'cellSpurs' module
[E]: TODO: cellSpursTaskAttributeSetExitCodeContainer
[W]: Unknown function 0xa73bf47e in 'cellSpurs' module
[E]: TODO: _cellSpursWorkloadFlagReceiver
[W]: Unknown function 0xa789e631 in 'cellSpurs' module
[E]: TODO: cellSpursShutdownTaskset
[W]: Unknown function 0xaa6269a8 in 'cellSpurs' module
[E]: TODO: cellSpursInitializeWithAttribute
[W]: Unknown function 0xb8474eff in 'cellSpurs' module
[E]: TODO: _cellSpursTaskAttributeInitialize
[W]: Unknown function 0xb9bc6207 in 'cellSpurs' module
[E]: TODO: cellSpursAttachLv2EventQueue
[W]: Unknown function 0xbeb600ac in 'cellSpurs' module
[E]: TODO: cellSpursCreateTask
[W]: Unknown function 0xc0158d8b in 'cellSpurs' module
[E]: TODO: cellSpursAddWorkloadWithAttribute
[W]: Unknown function 0xc10931cb in 'cellSpurs' module
[E]: TODO: cellSpursCreateTasksetWithAttribute
[W]: Unknown function 0xc765b995 in 'cellSpurs' module
[E]: TODO: cellSpursGetWorkloadFlag
[W]: Unknown function 0xca4c4600 in 'cellSpurs' module
[E]: TODO: cellSpursFinalize
[W]: Unknown function 0xce853fbf in 'cellSpurs' module
[E]: TODO: cellSpursTraceStart
[W]: Unknown function 0xd2e23fa9 in 'cellSpurs' module
[E]: TODO: cellSpursSetExceptionEventHandler
[W]: Unknown function 0xefeb2679 in 'cellSpurs' module
[E]: TODO: _cellSpursWorkloadAttributeInitialize
[W]: Unknown function 0xf843818d in 'cellSpurs' module
[E]: TODO: cellSpursReadyCountStore
[W]: Unknown function 0x0a862772 in 'cellGcmSys' module
[E]: TODO: cellGcmSetQueueHandler
[W]: Unknown function 0x25b40ab4 in 'cellGcmSys' module
[E]: TODO: cellGcmSortRemapEaIoAddress
[W]: Unknown function 0x626e8518 in 'cellGcmSys' module
[E]: TODO: cellGcmMapEaIoAddressWithFlags
[W]: Unknown function 0xd01b570d in 'cellGcmSys' module
[E]: TODO: cellGcmSetGraphicsHandler
[W]: Unknown function 0xfce9e764 in 'cellGcmSys' module
[E]: TODO: cellGcmInitSystemMode
[W]: Unknown function 0x139a9e9b in 'sys_net' module
[E]: TODO: sys_net_initialize_network_ex
[W]: Unknown function 0x1f953b9f in 'sys_net' module
[E]: TODO: recvfrom
[W]: Unknown function 0x28e208bb in 'sys_net' module
[E]: TODO: listen
[W]: Unknown function 0x3f09e20a in 'sys_net' module
[E]: TODO: socketselect
[W]: Unknown function 0x5a045bd1 in 'sys_net' module
[E]: TODO: getsockopt
[W]: Unknown function 0x6005cde1 in 'sys_net' module
[E]: TODO: _sys_net_errno_loc
[W]: Unknown function 0x64f66d35 in 'sys_net' module
[E]: TODO: connect
[W]: Unknown function 0x6db6e8cd in 'sys_net' module
[E]: TODO: socketclose
[W]: Unknown function 0x71f4c717 in 'sys_net' module
[E]: TODO: gethostbyname
[W]: Unknown function 0x858a930b in 'sys_net' module
[E]: TODO: inet_ntoa
[W]: Unknown function 0x88f03575 in 'sys_net' module
[E]: TODO: setsockopt
[W]: Unknown function 0x9647570b in 'sys_net' module
[E]: TODO: sendto
[W]: Unknown function 0x9c056962 in 'sys_net' module
[E]: TODO: socket
[W]: Unknown function 0xb0a59804 in 'sys_net' module
[E]: TODO: bind
[W]: Unknown function 0xb48636c4 in 'sys_net' module
[E]: TODO: sys_net_show_ifconfig
[W]: Unknown function 0xb68d5625 in 'sys_net' module
[E]: TODO: sys_net_finalize_network
[W]: Unknown function 0xc94f6939 in 'sys_net' module
[E]: TODO: accept
[W]: Unknown function 0xdabbc2c0 in 'sys_net' module
[E]: TODO: inet_addr
[W]: Unknown function 0xdc751b40 in 'sys_net' module
[E]: TODO: send
[W]: Unknown function 0xf7ac8941 in 'sys_net' module
[E]: TODO: gethostbyaddr
[W]: Unknown function 0xf9ec2db6 in 'sys_net' module
[E]: TODO: getpeername
[W]: Unknown function 0xfba04f37 in 'sys_net' module
[E]: TODO: recv
[W]: Unknown function 0xfdb8f926 in 'sys_net' module
[E]: TODO: sys_net_free_thread_context
[W]: Unknown function 0x1d99c3ee in 'cellSysutil' module
[E]: TODO: cellOskDialogGetInputText
[W]: Unknown function 0x1dfbfdd6 in 'cellSysutil' module
[E]: TODO: cellSaveDataListLoad2
[W]: Unknown function 0x21425307 in 'cellSysutil' module
[E]: TODO: cellSaveDataListAutoLoad
[W]: Unknown function 0x21fc0c71 in 'cellSysutil' module
[E]: TODO: cellGameUnregisterDiscChangeCallback
[W]: Unknown function 0x2de0d663 in 'cellSysutil' module
[E]: TODO: cellSaveDataListSave2
[W]: Unknown function 0x35beade0 in 'cellSysutil' module
[E]: TODO: cellOskDialogGetSize
[W]: Unknown function 0x3d1e1931 in 'cellSysutil' module
[E]: TODO: cellOskDialogUnloadAsync
[W]: Unknown function 0x4dd03a4e in 'cellSysutil' module
[E]: TODO: cellSaveDataListAutoSave
[W]: Unknown function 0x62b0f803 in 'cellSysutil' module
[E]: TODO: cellMsgDialogAbort
[W]: Unknown function 0x7f21c918 in 'cellSysutil' module
[E]: TODO: cellOskDialogAddSupportLanguage
[W]: Unknown function 0x7fcfc915 in 'cellSysutil' module
[E]: TODO: cellOskDialogLoadAsync
[W]: Unknown function 0xb53c54fa in 'cellSysutil' module
[E]: TODO: cellOskDialogSetKeyLayoutOption
[W]: Unknown function 0xb6d84526 in 'cellSysutil' module
[E]: TODO: cellOskDialogAbort
[W]: Unknown function 0xc427890c in 'cellSysutil' module
[E]: TODO: cellOskDialogSetInitialKeyLayout
[W]: Unknown function 0xf0ec3ccc in 'cellSysutil' module
[E]: TODO: cellOskDialogSetLayoutMode
[W]: Unknown function 0x0a563878 in 'cellVoice' module
[E]: TODO: cellVoiceStart
[W]: Unknown function 0x2de54871 in 'cellVoice' module
[E]: TODO: cellVoiceCreatePort
[W]: Unknown function 0x36472c57 in 'cellVoice' module
[E]: TODO: cellVoiceReadFromOPort
[W]: Unknown function 0x3dad26e7 in 'cellVoice' module
[E]: TODO: cellVoiceWriteToIPort
[W]: Unknown function 0x474609e2 in 'cellVoice' module
[E]: TODO: cellVoiceGetMuteFlag
[W]: Unknown function 0x54ac3519 in 'cellVoice' module
[E]: TODO: cellVoiceGetPortInfo
[W]: Unknown function 0x762dc193 in 'cellVoice' module
[E]: TODO: cellVoiceGetVolume
[W]: Unknown function 0x9d0f4af1 in 'cellVoice' module
[E]: TODO: cellVoiceSetPortAttr
[W]: Unknown function 0x9f70c475 in 'cellVoice' module
[E]: TODO: cellVoiceDeletePort
[W]: Unknown function 0xae6a21d5 in 'cellVoice' module
[E]: TODO: cellVoiceConnectIPortToOPort
[W]: Unknown function 0xc7cf1182 in 'cellVoice' module
[E]: TODO: cellVoiceInit
[W]: Unknown function 0xd3a84be1 in 'cellVoice' module
[E]: TODO: cellVoiceStop
[W]: Unknown function 0xd4d80ea5 in 'cellVoice' module
[E]: TODO: cellVoiceSetMuteFlagAll
[W]: Unknown function 0xd5ae37d8 in 'cellVoice' module
[E]: TODO: cellVoiceSetVolume
[W]: Unknown function 0xdde35a0c in 'cellVoice' module
[E]: TODO: cellVoiceSetMuteFlag
[W]: Unknown function 0xe0e1ae12 in 'cellVoice' module
[E]: TODO: cellVoiceEnd
[W]: Unknown function 0xf629ed67 in 'cellVoice' module
[E]: TODO: cellVoiceGetPortAttr
[W]: Unknown function 0x0f411262 in 'cellUsbd' module
[E]: TODO: cellUsbdInterruptTransfer
[W]: Unknown function 0x254289ac in 'cellUsbd' module
[E]: TODO: cellUsbdOpenPipe
[W]: Unknown function 0x2fb08e1e in 'cellUsbd' module
[E]: TODO: cellUsbdScanStaticDescriptor
[W]: Unknown function 0x35f22ac3 in 'cellUsbd' module
[E]: TODO: cellUsbdEnd
[W]: Unknown function 0x5c832bd7 in 'cellUsbd' module
[E]: TODO: cellUsbdSetThreadPriority2
[W]: Unknown function 0x5de3af36 in 'cellUsbd' module
[E]: TODO: cellUsbdGetPrivateData
[W]: Unknown function 0x63bfdb97 in 'cellUsbd' module
[E]: TODO: cellUsbdSetPrivateData
[W]: Unknown function 0x7fe92c54 in 'cellUsbd' module
[E]: TODO: cellUsbdRegisterExtraLdd
[W]: Unknown function 0x90460081 in 'cellUsbd' module
[E]: TODO: cellUsbdUnregisterExtraLdd
[W]: Unknown function 0x97cf128e in 'cellUsbd' module
[E]: TODO: cellUsbdControlTransfer
[W]: Unknown function 0xd0e766fe in 'cellUsbd' module
[E]: TODO: cellUsbdInit
[W]: Unknown function 0x0d5b4a14 in 'sys_fs' module
[E]: TODO: cellFsReadWithOffset
[W]: Unknown function 0x8cb722d5 in 'sys_fs' module
[E]: TODO: cellFsWriteWithOffset
[W]: Unknown function 0x967a162b in 'sys_fs' module
[E]: TODO: cellFsFsync
[W]: Unknown function 0x99406d0b in 'sys_fs' module
[E]: TODO: cellFsChmod
[W]: Unknown function 0xbef554a4 in 'sys_fs' module
[E]: TODO: cellFsUtime
[W]: Unknown function 0x01fbbc9b in 'sceNp' module
[E]: TODO: sceNpBasicSendMessageGui
[W]: Unknown function 0x04372385 in 'sceNp' module
[E]: TODO: sceNpBasicGetFriendListEntry
[W]: Unknown function 0x0968aa36 in 'sceNp' module
[E]: TODO: sceNpManagerGetTicket
[W]: Unknown function 0x155de760 in 'sceNp' module
[E]: TODO: sceNpSignalingGetConnectionInfo
[W]: Unknown function 0x27c69eba in 'sceNp' module
[E]: TODO: sceNpBasicAddFriend
[W]: Unknown function 0x32200389 in 'sceNp' module
[E]: TODO: sceNpManagerGetMyLanguages
[W]: Unknown function 0x32c78a6a in 'sceNp' module
[E]: TODO: sceNpBasicGetFriendPresenceByIndex
[W]: Unknown function 0x36d0c2c5 in 'sceNp' module
[E]: TODO: sceNpManagerGetAvatarUrl
[W]: Unknown function 0x481ce0e8 in 'sceNp' module
[E]: TODO: sceNpBasicAbortGui
[W]: Unknown function 0x4885aa18 in 'sceNp' module
[E]: TODO: sceNpTerm
[W]: Unknown function 0x50b86d94 in 'sceNp' module
[E]: TODO: sceNpSignalingAddExtendedHandler
[W]: Unknown function 0x58fa4fcd in 'sceNp' module
[E]: TODO: sceNpManagerGetTicketParam
[W]: Unknown function 0x5de61626 in 'sceNp' module
[E]: TODO: sceNpLookupDestroyTitleCtx
[W]: Unknown function 0x5f2d9257 in 'sceNp' module
[E]: TODO: sceNpLookupInit
[W]: Unknown function 0x60897c38 in 'sceNp' module
[E]: TODO: sceNpSignalingActivateConnection
[W]: Unknown function 0x6356082e in 'sceNp' module
[E]: TODO: sceNpSignalingCreateCtx
[W]: Unknown function 0x64a704cc in 'sceNp' module
[E]: TODO: sceNpBasicRecvMessageAttachmentLoad
[W]: Unknown function 0x6ee62ed2 in 'sceNp' module
[E]: TODO: sceNpManagerGetContentRatingFlag
[W]: Unknown function 0x7508112e in 'sceNp' module
[E]: TODO: sceNpLookupPollAsync
[W]: Unknown function 0x75eb50cb in 'sceNp' module
[E]: TODO: sceNpSignalingGetPeerNetInfo
[W]: Unknown function 0x806960ab in 'sceNp' module
[E]: TODO: sceNpBasicRecvMessageCustom
[W]: Unknown function 0x8297f1ec in 'sceNp' module
[E]: TODO: sceNpManagerRequestTicket2
[W]: Unknown function 0x8440537c in 'sceNp' module
[E]: TODO: sceNpLookupTerm
[W]: Unknown function 0x860b1756 in 'sceNp' module
[E]: TODO: sceNpLookupTitleSmallStorageAsync
[W]: Unknown function 0x95c7bba3 in 'sceNp' module
[E]: TODO: sceNpSignalingTerminateConnection
[W]: Unknown function 0xa15f35fe in 'sceNp' module
[E]: TODO: sceNpBasicGetPlayersHistoryEntryCount
[W]: Unknown function 0xa8afa7d4 in 'sceNp' module
[E]: TODO: sceNpBasicGetCustomInvitationEntryCount
[W]: Unknown function 0xa8cf8451 in 'sceNp' module
[E]: TODO: sceNpSignalingDestroyCtx
[W]: Unknown function 0xacb9ee8e in 'sceNp' module
[E]: TODO: sceNpBasicUnregisterHandler
[W]: Unknown function 0xad218faf in 'sceNp' module
[E]: TODO: sceNpDrmIsAvailable
[W]: Unknown function 0xafef640d in 'sceNp' module
[E]: TODO: sceNpBasicGetFriendListEntryCount
[W]: Unknown function 0xb1e0718b in 'sceNp' module
[E]: TODO: sceNpManagerGetAccountRegion
[W]: Unknown function 0xbab91fc9 in 'sceNp' module
[E]: TODO: sceNpBasicGetPlayersHistoryEntry
[W]: Unknown function 0xbcc09fe7 in 'sceNp' module
[E]: TODO: sceNpBasicRegisterHandler
[W]: Unknown function 0xbcdbb2ab in 'sceNp' module
[E]: TODO: sceNpBasicAddPlayersHistoryAsync
[W]: Unknown function 0xbd28fdbf in 'sceNp' module
[E]: TODO: sceNpInit
[W]: Unknown function 0xbdc07fd5 in 'sceNp' module
[E]: TODO: sceNpManagerGetNetworkTime
[W]: Unknown function 0xbe81c71c in 'sceNp' module
[E]: TODO: sceNpBasicSetPresenceDetails
[W]: Unknown function 0xca0a2d04 in 'sceNp' module
[E]: TODO: sceNpSignalingGetConnectionStatus
[W]: Unknown function 0xce81c7f0 in 'sceNp' module
[E]: TODO: sceNpLookupCreateTitleCtx
[W]: Unknown function 0xceeebc7a in 'sceNp' module
[E]: TODO: sceNpProfileCallGui
[W]: Unknown function 0xd0958814 in 'sceNp' module
[E]: TODO: sceNpSignalingGetPeerNetInfoResult
[W]: Unknown function 0xd208f91d in 'sceNp' module
[E]: TODO: sceNpUtilCmpNpId
[W]: Unknown function 0xe035f7d6 in 'sceNp' module
[E]: TODO: sceNpBasicGetEvent
[W]: Unknown function 0xe7dcd3b4 in 'sceNp' module
[E]: TODO: sceNpManagerRegisterCallback
[W]: Unknown function 0xe853d388 in 'sceNp' module
[E]: TODO: sceNpSignalingGetConnectionFromNpId
[W]: Unknown function 0xea2e9ffc in 'sceNp' module
[E]: TODO: sceNpLookupCreateTransactionCtx
[W]: Unknown function 0xeb7a3d84 in 'sceNp' module
[E]: TODO: sceNpManagerGetChatRestrictionFlag
[W]: Unknown function 0xec0a1fbf in 'sceNp' module
[E]: TODO: sceNpBasicSendMessage
[W]: Unknown function 0xecd503de in 'sceNp' module
[E]: TODO: sceNpBasicGetMessageEntryCount
[W]: Unknown function 0xf042b14f in 'sceNp' module
[E]: TODO: sceNpDrmIsAvailable2
[W]: Unknown function 0xfb87cf5e in 'sceNp' module
[E]: TODO: sceNpLookupDestroyTransactionCtx
[W]: Unknown function 0xfd39ae13 in 'sceNp' module
[E]: TODO: sceNpBasicGetFriendPresenceByNpId
[W]: Unknown function 0xfe37a7f4 in 'sceNp' module
[E]: TODO: sceNpManagerGetNpId
[W]: Unknown function 0x01379fd7 in 'sceNp2' module
[E]: TODO: sceNpMatching2DestroyContext
[W]: Unknown function 0x05bf2fbd in 'sceNp2' module
[E]: TODO: sceNpMatching2GetWorldInfoList
[W]: Unknown function 0x0d22867f in 'sceNp2' module
[E]: TODO: sceNpMatching2SearchRoom
[W]: Unknown function 0x1f372697 in 'sceNp2' module
[E]: TODO: sceNpMatching2LeaveRoom
[W]: Unknown function 0x215b0d75 in 'sceNp2' module
[E]: TODO: sceNpMatching2SetRoomDataExternal
[W]: Unknown function 0x23009d07 in 'sceNp2' module
[E]: TODO: sceNpMatching2Term2
[W]: Unknown function 0x2c5b7fc9 in 'sceNp2' module
[E]: TODO: sceNpMatching2GetRoomMemberDataExternalList
[W]: Unknown function 0x3457c0db in 'sceNp2' module
[E]: TODO: sceNpMatching2GetServerInfo
[W]: Unknown function 0x3c00c9d4 in 'sceNp2' module
[E]: TODO: sceNpMatching2GetEventData
[W]: Unknown function 0x41251f74 in 'sceNp2' module
[E]: TODO: sceNp2Init
[W]: Unknown function 0x430ce063 in 'sceNp2' module
[E]: TODO: sceNpMatching2AbortContextStart
[W]: Unknown function 0x5721e711 in 'sceNp2' module
[E]: TODO: sceNpMatching2JoinRoom
[W]: Unknown function 0x66f19527 in 'sceNp2' module
[E]: TODO: sceNpMatching2KickoutRoomMember
[W]: Unknown function 0x6ba4c668 in 'sceNp2' module
[E]: TODO: sceNpMatching2ContextStartAsync
[W]: Unknown function 0x748029a2 in 'sceNp2' module
[E]: TODO: sceNpMatching2RegisterContextCallback
[W]: Unknown function 0x817d1090 in 'sceNp2' module
[E]: TODO: sceNpMatching2SetRoomDataInternal
[W]: Unknown function 0x8d3f8d49 in 'sceNp2' module
[E]: TODO: sceNpMatching2SignalingGetPingInfo
[W]: Unknown function 0x8e5cfe9f in 'sceNp2' module
[E]: TODO: sceNpMatching2GetServerIdListLocal
[W]: Unknown function 0x9344d41f in 'sceNp2' module
[E]: TODO: sceNpMatching2GrantRoomOwner
[W]: Unknown function 0x9cbce3f2 in 'sceNp2' module
[E]: TODO: sceNpMatching2CreateContext
[W]: Unknown function 0xaa6c2c43 in 'sceNp2' module
[E]: TODO: sceNpMatching2ClearEventData
[W]: Unknown function 0xaadb7c12 in 'sceNp2' module
[E]: TODO: sceNp2Term
[W]: Unknown function 0xb851aacf in 'sceNp2' module
[E]: TODO: sceNpMatching2SetRoomMemberDataInternal
[W]: Unknown function 0xdb87b088 in 'sceNp2' module
[E]: TODO: sceNpMatching2SetDefaultRequestOptParam
[W]: Unknown function 0xdcb6b27d in 'sceNp2' module
[E]: TODO: sceNpMatching2RegisterRoomEventCallback
[W]: Unknown function 0xe7a3bc7a in 'sceNp2' module
[E]: TODO: sceNpMatching2CreateJoinRoom
[W]: Unknown function 0xf43c647a in 'sceNp2' module
[E]: TODO: sceNpMatching2ContextStop
[W]: Unknown function 0xf4babd3f in 'sceNp2' module
[E]: TODO: sceNpMatching2Init2
[W]: Unknown function 0xfee11e72 in 'sceNp2' module
[E]: TODO: sceNpMatching2RegisterRoomMessageCallback
[W]: Unknown module 'cellRec'
[W]: Unknown module 'sceNpTus'
[W]: Unknown function 0x2ad091c6 in 'cellL10n' module
[E]: TODO: UCS2stoUTF8s
[W]: Unknown function 0xfdbf6ac5 in 'cellL10n' module
[E]: TODO: UTF8stoUCS2s
[W]: Unknown module 'cellPhotoUtility'
[W]: Unknown function 0x12d9b6c5 in 'cellJpgEnc' module
[E]: TODO: cellJpgEncQueryAttr
[W]: Unknown function 0x2ae79be8 in 'cellJpgEnc' module
[E]: TODO: cellJpgEncWaitForInput
[W]: Unknown function 0x4262e880 in 'cellJpgEnc' module
[E]: TODO: cellJpgEncGetStreamInfo
[W]: Unknown function 0x636dc89e in 'cellJpgEnc' module
[E]: TODO: cellJpgEncEncodePicture2
[W]: Unknown function 0x969fc5f7 in 'cellJpgEnc' module
[E]: TODO: cellJpgEncClose
[W]: Unknown function 0x9b4e3a74 in 'cellJpgEnc' module
[E]: TODO: cellJpgEncWaitForOutput
[W]: Unknown function 0xa4bfae51 in 'cellJpgEnc' module
[E]: TODO: cellJpgEncOpen
[W]: Unknown module 'cellSysutilNpEula'
[W]: Unknown module 'sceNpUtil'
[W]: Unknown function 0x26090058 in 'sysPrxForUser' module
[E]: TODO: sys_prx_load_module
[W]: Unknown function 0x4643ba6e in 'sysPrxForUser' module
[E]: TODO: sys_mmapper_unmap_memory
[W]: Unknown function 0x5267cb35 in 'sysPrxForUser' module
[E]: TODO: sys_spinlock_unlock
[W]: Unknown function 0x722a0254 in 'sysPrxForUser' module
[E]: TODO: sys_spinlock_trylock
[W]: Unknown function 0x84bb6774 in 'sysPrxForUser' module
[E]: TODO: sys_prx_get_module_info
[W]: Unknown function 0x8c2bb498 in 'sysPrxForUser' module
[E]: TODO: sys_spinlock_initialize
[W]: Unknown function 0xa5d06bf0 in 'sysPrxForUser' module
[E]: TODO: sys_prx_get_module_list
[W]: Unknown function 0xaa6d9bff in 'sysPrxForUser' module
[E]: TODO: sys_prx_load_module_on_memcontainer
[W : PPU[1] Thread (CPUThread)[0x0110a058]]: sys_lwmutex warning: *** lwmutex created [_lc_mtx] (attribute=0x12): sq_id = 3
[W : PPU[1] Thread (CPUThread)[0x00ace338]]: memory warning: sys_memory_get_user_memory_size(mem_info_addr=0xd0020c04)
[W : PPU[1] Thread (CPUThread)[0x0110a058]]: sys_lwmutex warning: *** lwmutex created [_lc_mtx] (attribute=0x12): sq_id = 4
[W : PPU[1] Thread (CPUThread)[0x0110a058]]: sys_lwmutex warning: *** lwmutex created [_lc_mtx] (attribute=0x12): sq_id = 5
[W : PPU[1] Thread (CPUThread)[0x0110a058]]: sys_lwmutex warning: *** lwmutex created [_lc_mtx] (attribute=0x12): sq_id = 6
[W : PPU[1] Thread (CPUThread)[0x0110a058]]: sys_lwmutex warning: *** lwmutex created [_lc_mtx] (attribute=0x12): sq_id = 7
[W : PPU[1] Thread (CPUThread)[0x0110a058]]: sys_lwmutex warning: *** lwmutex created [_lc_mtx] (attribute=0x12): sq_id = 8
[W : PPU[1] Thread (CPUThread)[0x0110a058]]: sys_lwmutex warning: *** lwmutex created [_lc_mtx] (attribute=0x12): sq_id = 9
[W : PPU[1] Thread (CPUThread)[0x0110a058]]: sys_lwmutex warning: *** lwmutex created [_lc_mtx] (attribute=0x12): sq_id = 10
[W : PPU[1] Thread (CPUThread)[0x0110a058]]: sys_lwmutex warning: *** lwmutex created [_lc_mtx] (attribute=0x12): sq_id = 11
[W : PPU[1] Thread (CPUThread)[0x0110a058]]: sys_lwmutex warning: *** lwmutex created [_lc_mtx] (attribute=0x12): sq_id = 12
[W : PPU[1] Thread (CPUThread)[0x0110a058]]: sys_lwmutex warning: *** lwmutex created [_lgcmtx] (attribute=0x12): sq_id = 13
[W : PPU[1] Thread (CPUThread)[0x0110a058]]: sys_lwmutex warning: *** lwmutex created [_lgcmtx] (attribute=0x12): sq_id = 14
[W : PPU[1] Thread (CPUThread)[0x0110a058]]: sys_lwmutex warning: *** lwmutex created [_lgcmtx] (attribute=0x22): sq_id = 15
[W : PPU[1] Thread (CPUThread)[0x0110a058]]: sys_lwmutex warning: *** lwmutex created [] (attribute=0x22): sq_id = 16
[W : PPU[1] Thread (CPUThread)[0x008fd750]]: sys_mutex warning: *** mutex created [FileSv] (protocol=0x1, recursive=false): id = 17
[W : PPU[1] Thread (CPUThread)[0x00abe318]]: cellSysutil warning: cellSysutilGetSystemParamInt: CELL_SYSUTIL_SYSTEMPARAM_ID_TIMEZONE
[W : PPU[1] Thread (CPUThread)[0x00abe318]]: cellSysutil warning: cellSysutilGetSystemParamInt: CELL_SYSUTIL_SYSTEMPARAM_ID_SUMMERTIME
[W : PPU[1] Thread (CPUThread)[0x00ac5084]]: cellSysutil warning: cellSysutilGetSystemParamInt: CELL_SYSUTIL_SYSTEMPARAM_ID_TIMEZONE
[W : PPU[1] Thread (CPUThread)[0x00ac5084]]: cellSysutil warning: cellSysutilGetSystemParamInt: CELL_SYSUTIL_SYSTEMPARAM_ID_SUMMERTIME
[W : PPU[1] Thread (CPUThread)[0x00abfd88]]: cellSysutil warning: cellSysutilGetSystemParamInt: CELL_SYSUTIL_SYSTEMPARAM_ID_TIMEZONE
[W : PPU[1] Thread (CPUThread)[0x00abfd88]]: cellSysutil warning: cellSysutilGetSystemParamInt: CELL_SYSUTIL_SYSTEMPARAM_ID_SUMMERTIME
[W : PPU[1] Thread (CPUThread)[0x00ac5084]]: cellSysutil warning: cellSysutilGetSystemParamInt: CELL_SYSUTIL_SYSTEMPARAM_ID_TIMEZONE
[W : PPU[1] Thread (CPUThread)[0x00ac5084]]: cellSysutil warning: cellSysutilGetSystemParamInt: CELL_SYSUTIL_SYSTEMPARAM_ID_SUMMERTIME
[W : PPU[1] Thread (CPUThread)[0x00abe2c4]]: cellSysutil warning: cellSysutilGetSystemParamInt: CELL_SYSUTIL_SYSTEMPARAM_ID_TIMEZONE
[W : PPU[1] Thread (CPUThread)[0x00abe2c4]]: cellSysutil warning: cellSysutilGetSystemParamInt: CELL_SYSUTIL_SYSTEMPARAM_ID_SUMMERTIME
[W : PPU[1] Thread (CPUThread)[0x00abfd88]]: cellSysutil warning: cellSysutilGetSystemParamInt: CELL_SYSUTIL_SYSTEMPARAM_ID_TIMEZONE
[W : PPU[1] Thread (CPUThread)[0x00abfd88]]: cellSysutil warning: cellSysutilGetSystemParamInt: CELL_SYSUTIL_SYSTEMPARAM_ID_SUMMERTIME
[W : PPU[1] Thread (CPUThread)[0x0110a058]]: sys_lwmutex warning: *** lwmutex created [ps3HDDL] (attribute=0x12): sq_id = 18
[E : PPU[1] Thread (CPUThread)[0x0110a0dc]]: TODO: sys_spinlock_initialize
[W : PPU[1] Thread (CPUThread)[0x004f0324]]: sys_event warning: sys_event_queue_create(equeue_id_addr=0xf3c054, attr_addr=0xd0020b40, event_queue_key=0x0, size=16)
[W : PPU[1] Thread (CPUThread)[0x004f0324]]: sys_event warning: *** event_queue created [TWITTER] (protocol=0x2, type=0x1): id = 19
[W : PPU[1] Thread (CPUThread)[0x004f0340]]: sys_event warning: sys_event_port_create(eport_id_addr=0xf3c058, port_type=0x1, name=0x76543210)
[W : PPU[1] Thread (CPUThread)[0x004f0340]]: sys_event warning: *** sys_event_port created: id = 20
[W : PPU[1] Thread (CPUThread)[0x004f0350]]: sys_event warning: sys_event_port_connect_local(eport_id=20, equeue_id=19)
[W : PPU[1] Thread (CPUThread)[0x001795a0]]: sys_event warning: sys_event_queue_create(equeue_id_addr=0xebc940, attr_addr=0xd0020bc0, event_queue_key=0x0, size=127)
[W : PPU[1] Thread (CPUThread)[0x001795a0]]: sys_event warning: *** event_queue created [] (protocol=0x1, type=0x1): id = 22
[W : PPU[1] Thread (CPUThread)[0x001795d4]]: sys_event warning: sys_event_port_create(eport_id_addr=0xebc944, port_type=0x1, name=0x0)
[W : PPU[1] Thread (CPUThread)[0x001795d4]]: sys_event warning: *** sys_event_port created: id = 23
[W : PPU[1] Thread (CPUThread)[0x001795fc]]: sys_event warning: sys_event_port_connect_local(eport_id=23, equeue_id=22)
[W : PPU[1] Thread (CPUThread)[0x00911228]]: memory warning: sys_memory_get_user_memory_size(mem_info_addr=0xd0020b30)
[W : PPU[1] Thread (CPUThread)[0x010ea010]]: cellSysmodule warning: cellSysmoduleLoadModule(CELL_SYSMODULE_SPURS)
[W : PPU[1] Thread (CPUThread)[0x009111ac]]: memory warning: sys_memory_get_user_memory_size(mem_info_addr=0xd0020b38)
[W : PPU[1] Thread (CPUThread)[0x00911228]]: memory warning: sys_memory_get_user_memory_size(mem_info_addr=0xd0020b30)
[W : PPU[1] Thread (CPUThread)[0x010ea010]]: cellSysmodule warning: cellSysmoduleLoadModule(CELL_SYSMODULE_IO)
[W : PPU[1] Thread (CPUThread)[0x009111ac]]: memory warning: sys_memory_get_user_memory_size(mem_info_addr=0xd0020b38)
[W : PPU[1] Thread (CPUThread)[0x00911228]]: memory warning: sys_memory_get_user_memory_size(mem_info_addr=0xd0020b30)
[W : PPU[1] Thread (CPUThread)[0x010ea010]]: cellSysmodule warning: cellSysmoduleLoadModule(CELL_SYSMODULE_SYNC)
[W : PPU[1] Thread (CPUThread)[0x009111ac]]: memory warning: sys_memory_get_user_memory_size(mem_info_addr=0xd0020b38)
[W : PPU[1] Thread (CPUThread)[0x00911228]]: memory warning: sys_memory_get_user_memory_size(mem_info_addr=0xd0020b30)
[W : PPU[1] Thread (CPUThread)[0x010ea010]]: cellSysmodule warning: cellSysmoduleLoadModule(CELL_SYSMODULE_AUDIO)
[W : PPU[1] Thread (CPUThread)[0x009111ac]]: memory warning: sys_memory_get_user_memory_size(mem_info_addr=0xd0020b38)
[W : PPU[1] Thread (CPUThread)[0x00911228]]: memory warning: sys_memory_get_user_memory_size(mem_info_addr=0xd0020b30)
[W : PPU[1] Thread (CPUThread)[0x010ea010]]: cellSysmodule warning: cellSysmoduleLoadModule(CELL_SYSMODULE_USBD)
[W : PPU[1] Thread (CPUThread)[0x009111ac]]: memory warning: sys_memory_get_user_memory_size(mem_info_addr=0xd0020b38)
[W : PPU[1] Thread (CPUThread)[0x00911228]]: memory warning: sys_memory_get_user_memory_size(mem_info_addr=0xd0020b30)
[W : PPU[1] Thread (CPUThread)[0x010ea010]]: cellSysmodule warning: cellSysmoduleLoadModule(CELL_SYSMODULE_FS)
[W : PPU[1] Thread (CPUThread)[0x009111ac]]: memory warning: sys_memory_get_user_memory_size(mem_info_addr=0xd0020b38)
[W : PPU[1] Thread (CPUThread)[0x00911228]]: memory warning: sys_memory_get_user_memory_size(mem_info_addr=0xd0020b30)
[W : PPU[1] Thread (CPUThread)[0x010ea010]]: cellSysmodule warning: cellSysmoduleLoadModule(CELL_SYSMODULE_NET)
[W : PPU[1] Thread (CPUThread)[0x009111ac]]: memory warning: sys_memory_get_user_memory_size(mem_info_addr=0xd0020b38)
[W : PPU[1] Thread (CPUThread)[0x00911228]]: memory warning: sys_memory_get_user_memory_size(mem_info_addr=0xd0020b30)
[W : PPU[1] Thread (CPUThread)[0x010ea010]]: cellSysmodule warning: cellSysmoduleLoadModule(CELL_SYSMODULE_NETCTL)
[W : PPU[1] Thread (CPUThread)[0x009111ac]]: memory warning: sys_memory_get_user_memory_size(mem_info_addr=0xd0020b38)
[W : PPU[1] Thread (CPUThread)[0x00911228]]: memory warning: sys_memory_get_user_memory_size(mem_info_addr=0xd0020b30)
[W : PPU[1] Thread (CPUThread)[0x010ea010]]: cellSysmodule warning: cellSysmoduleLoadModule(CELL_SYSMODULE_SYSUTIL)
[W : PPU[1] Thread (CPUThread)[0x009111ac]]: memory warning: sys_memory_get_user_memory_size(mem_info_addr=0xd0020b38)
[W : PPU[1] Thread (CPUThread)[0x00911228]]: memory warning: sys_memory_get_user_memory_size(mem_info_addr=0xd0020b30)
[W : PPU[1] Thread (CPUThread)[0x010ea010]]: cellSysmodule warning: cellSysmoduleLoadModule(CELL_SYSMODULE_RTC)
[W : PPU[1] Thread (CPUThread)[0x009111ac]]: memory warning: sys_memory_get_user_memory_size(mem_info_addr=0xd0020b38)
[W : PPU[1] Thread (CPUThread)[0x00911228]]: memory warning: sys_memory_get_user_memory_size(mem_info_addr=0xd0020b30)
[W : PPU[1] Thread (CPUThread)[0x010ea010]]: cellSysmodule warning: cellSysmoduleLoadModule(CELL_SYSMODULE_HTTP)
[W : PPU[1] Thread (CPUThread)[0x009111ac]]: memory warning: sys_memory_get_user_memory_size(mem_info_addr=0xd0020b38)
[W : PPU[1] Thread (CPUThread)[0x00911228]]: memory warning: sys_memory_get_user_memory_size(mem_info_addr=0xd0020b30)
[W : PPU[1] Thread (CPUThread)[0x010ea010]]: cellSysmodule warning: cellSysmoduleLoadModule(CELL_SYSMODULE_HTTP_UTIL)
[W : PPU[1] Thread (CPUThread)[0x009111ac]]: memory warning: sys_memory_get_user_memory_size(mem_info_addr=0xd0020b38)
[W : PPU[1] Thread (CPUThread)[0x00911228]]: memory warning: sys_memory_get_user_memory_size(mem_info_addr=0xd0020b30)
[W : PPU[1] Thread (CPUThread)[0x010ea010]]: cellSysmodule warning: cellSysmoduleLoadModule(CELL_SYSMODULE_HTTPS)
[W : PPU[1] Thread (CPUThread)[0x009111ac]]: memory warning: sys_memory_get_user_memory_size(mem_info_addr=0xd0020b38)
[W : PPU[1] Thread (CPUThread)[0x00911228]]: memory warning: sys_memory_get_user_memory_size(mem_info_addr=0xd0020b30)
[W : PPU[1] Thread (CPUThread)[0x010ea010]]: cellSysmodule warning: cellSysmoduleLoadModule(CELL_SYSMODULE_SYSUTIL_REC)
[W : PPU[1] Thread (CPUThread)[0x009111ac]]: memory warning: sys_memory_get_user_memory_size(mem_info_addr=0xd0020b38)
[W : PPU[1] Thread (CPUThread)[0x00911228]]: memory warning: sys_memory_get_user_memory_size(mem_info_addr=0xd0020b30)
[W : PPU[1] Thread (CPUThread)[0x010ea010]]: cellSysmodule warning: cellSysmoduleLoadModule(CELL_SYSMODULE_SYSUTIL_NP_TROPHY)
[W : PPU[1] Thread (CPUThread)[0x009111ac]]: memory warning: sys_memory_get_user_memory_size(mem_info_addr=0xd0020b38)
[W : PPU[1] Thread (CPUThread)[0x00911228]]: memory warning: sys_memory_get_user_memory_size(mem_info_addr=0xd0020b30)
[W : PPU[1] Thread (CPUThread)[0x010ea010]]: cellSysmodule warning: cellSysmoduleLoadModule(CELL_SYSMODULE_SYSUTIL_GAME)
[W : PPU[1] Thread (CPUThread)[0x009111ac]]: memory warning: sys_memory_get_user_memory_size(mem_info_addr=0xd0020b38)
[W : PPU[1] Thread (CPUThread)[0x00911228]]: memory warning: sys_memory_get_user_memory_size(mem_info_addr=0xd0020b30)
[W : PPU[1] Thread (CPUThread)[0x010ea010]]: cellSysmodule warning: cellSysmoduleLoadModule(CELL_SYSMODULE_VDEC_MPEG2)
[W : PPU[1] Thread (CPUThread)[0x009111ac]]: memory warning: sys_memory_get_user_memory_size(mem_info_addr=0xd0020b38)
[W : PPU[1] Thread (CPUThread)[0x00911228]]: memory warning: sys_memory_get_user_memory_size(mem_info_addr=0xd0020b30)
[W : PPU[1] Thread (CPUThread)[0x010ea010]]: cellSysmodule warning: cellSysmoduleLoadModule(CELL_SYSMODULE_VDEC_DIVX)
[W : PPU[1] Thread (CPUThread)[0x009111ac]]: memory warning: sys_memory_get_user_memory_size(mem_info_addr=0xd0020b38)
[W : PPU[1] Thread (CPUThread)[0x00911228]]: memory warning: sys_memory_get_user_memory_size(mem_info_addr=0xd0020b30)
[W : PPU[1] Thread (CPUThread)[0x010ea010]]: cellSysmodule warning: cellSysmoduleLoadModule(CELL_SYSMODULE_SYSUTIL_NP)
[W : PPU[1] Thread (CPUThread)[0x009111ac]]: memory warning: sys_memory_get_user_memory_size(mem_info_addr=0xd0020b38)
[W : PPU[1] Thread (CPUThread)[0x00911228]]: memory warning: sys_memory_get_user_memory_size(mem_info_addr=0xd0020b30)
[W : PPU[1] Thread (CPUThread)[0x010ea010]]: cellSysmodule warning: cellSysmoduleLoadModule(CELL_SYSMODULE_SYSUTIL_NP2)
[W : PPU[1] Thread (CPUThread)[0x009111ac]]: memory warning: sys_memory_get_user_memory_size(mem_info_addr=0xd0020b38)
[W : PPU[1] Thread (CPUThread)[0x00911228]]: memory warning: sys_memory_get_user_memory_size(mem_info_addr=0xd0020b30)
[W : PPU[1] Thread (CPUThread)[0x010ea010]]: cellSysmodule warning: cellSysmoduleLoadModule(CELL_SYSMODULE_SYSUTIL_NP_TUS)
[W : PPU[1] Thread (CPUThread)[0x009111ac]]: memory warning: sys_memory_get_user_memory_size(mem_info_addr=0xd0020b38)
[W : PPU[1] Thread (CPUThread)[0x010ea004]]: cellSysmodule warning: cellSysmoduleUnloadModule(CELL_SYSMODULE_SPURS)
[W : PPU[1] Thread (CPUThread)[0x010ea004]]: cellSysmodule warning: cellSysmoduleUnloadModule(CELL_SYSMODULE_IO)
[W : PPU[1] Thread (CPUThread)[0x010ea004]]: cellSysmodule warning: cellSysmoduleUnloadModule(CELL_SYSMODULE_SYNC)
[W : PPU[1] Thread (CPUThread)[0x010ea004]]: cellSysmodule warning: cellSysmoduleUnloadModule(CELL_SYSMODULE_AUDIO)
[W : PPU[1] Thread (CPUThread)[0x010ea004]]: cellSysmodule warning: cellSysmoduleUnloadModule(CELL_SYSMODULE_USBD)
[W : PPU[1] Thread (CPUThread)[0x010ea004]]: cellSysmodule warning: cellSysmoduleUnloadModule(CELL_SYSMODULE_FS)
[W : PPU[1] Thread (CPUThread)[0x010ea004]]: cellSysmodule warning: cellSysmoduleUnloadModule(CELL_SYSMODULE_NET)
[W : PPU[1] Thread (CPUThread)[0x010ea004]]: cellSysmodule warning: cellSysmoduleUnloadModule(CELL_SYSMODULE_NETCTL)
[W : PPU[1] Thread (CPUThread)[0x010ea004]]: cellSysmodule warning: cellSysmoduleUnloadModule(CELL_SYSMODULE_SYSUTIL)
[W : PPU[1] Thread (CPUThread)[0x010ea004]]: cellSysmodule warning: cellSysmoduleUnloadModule(CELL_SYSMODULE_RTC)
[W : PPU[1] Thread (CPUThread)[0x010ea004]]: cellSysmodule warning: cellSysmoduleUnloadModule(CELL_SYSMODULE_HTTP)
[W : PPU[1] Thread (CPUThread)[0x010ea004]]: cellSysmodule warning: cellSysmoduleUnloadModule(CELL_SYSMODULE_HTTP_UTIL)
[W : PPU[1] Thread (CPUThread)[0x010ea004]]: cellSysmodule warning: cellSysmoduleUnloadModule(CELL_SYSMODULE_HTTPS)
[W : PPU[1] Thread (CPUThread)[0x010ea004]]: cellSysmodule warning: cellSysmoduleUnloadModule(CELL_SYSMODULE_SYSUTIL_REC)
[W : PPU[1] Thread (CPUThread)[0x010ea004]]: cellSysmodule warning: cellSysmoduleUnloadModule(CELL_SYSMODULE_SYSUTIL_NP_TROPHY)
[W : PPU[1] Thread (CPUThread)[0x010ea004]]: cellSysmodule warning: cellSysmoduleUnloadModule(CELL_SYSMODULE_SYSUTIL_GAME)
[W : PPU[1] Thread (CPUThread)[0x010ea004]]: cellSysmodule warning: cellSysmoduleUnloadModule(CELL_SYSMODULE_VDEC_MPEG2)
[W : PPU[1] Thread (CPUThread)[0x010ea004]]: cellSysmodule warning: cellSysmoduleUnloadModule(CELL_SYSMODULE_VDEC_DIVX)
[W : PPU[1] Thread (CPUThread)[0x010ea004]]: cellSysmodule warning: cellSysmoduleUnloadModule(CELL_SYSMODULE_SYSUTIL_NP)
[W : PPU[1] Thread (CPUThread)[0x010ea004]]: cellSysmodule warning: cellSysmoduleUnloadModule(CELL_SYSMODULE_SYSUTIL_NP2)
[W : PPU[1] Thread (CPUThread)[0x010ea004]]: cellSysmodule warning: cellSysmoduleUnloadModule(CELL_SYSMODULE_SYSUTIL_NP_TUS)
[W : PPU[1] Thread (CPUThread)[0x00911228]]: memory warning: sys_memory_get_user_memory_size(mem_info_addr=0xd0020b30)
[W : PPU[1] Thread (CPUThread)[0x010ea010]]: cellSysmodule warning: cellSysmoduleLoadModule(CELL_SYSMODULE_SPURS)
[W : PPU[1] Thread (CPUThread)[0x009111ac]]: memory warning: sys_memory_get_user_memory_size(mem_info_addr=0xd0020b38)
[W : PPU[1] Thread (CPUThread)[0x00911228]]: memory warning: sys_memory_get_user_memory_size(mem_info_addr=0xd0020b30)
[W : PPU[1] Thread (CPUThread)[0x010ea010]]: cellSysmodule warning: cellSysmoduleLoadModule(CELL_SYSMODULE_IO)
[W : PPU[1] Thread (CPUThread)[0x009111ac]]: memory warning: sys_memory_get_user_memory_size(mem_info_addr=0xd0020b38)
[W : PPU[1] Thread (CPUThread)[0x00911228]]: memory warning: sys_memory_get_user_memory_size(mem_info_addr=0xd0020b30)
[W : PPU[1] Thread (CPUThread)[0x010ea010]]: cellSysmodule warning: cellSysmoduleLoadModule(CELL_SYSMODULE_SYNC)
[W : PPU[1] Thread (CPUThread)[0x009111ac]]: memory warning: sys_memory_get_user_memory_size(mem_info_addr=0xd0020b38)
[W : PPU[1] Thread (CPUThread)[0x00911228]]: memory warning: sys_memory_get_user_memory_size(mem_info_addr=0xd0020b30)
[W : PPU[1] Thread (CPUThread)[0x010ea010]]: cellSysmodule warning: cellSysmoduleLoadModule(CELL_SYSMODULE_AUDIO)
[W : PPU[1] Thread (CPUThread)[0x009111ac]]: memory warning: sys_memory_get_user_memory_size(mem_info_addr=0xd0020b38)
[W : PPU[1] Thread (CPUThread)[0x00911228]]: memory warning: sys_memory_get_user_memory_size(mem_info_addr=0xd0020b30)
[W : PPU[1] Thread (CPUThread)[0x010ea010]]: cellSysmodule warning: cellSysmoduleLoadModule(CELL_SYSMODULE_USBD)
[W : PPU[1] Thread (CPUThread)[0x009111ac]]: memory warning: sys_memory_get_user_memory_size(mem_info_addr=0xd0020b38)
[W : PPU[1] Thread (CPUThread)[0x00911228]]: memory warning: sys_memory_get_user_memory_size(mem_info_addr=0xd0020b30)
[W : PPU[1] Thread (CPUThread)[0x010ea010]]: cellSysmodule warning: cellSysmoduleLoadModule(CELL_SYSMODULE_FS)
[W : PPU[1] Thread (CPUThread)[0x009111ac]]: memory warning: sys_memory_get_user_memory_size(mem_info_addr=0xd0020b38)
[W : PPU[1] Thread (CPUThread)[0x00911228]]: memory warning: sys_memory_get_user_memory_size(mem_info_addr=0xd0020b30)
[W : PPU[1] Thread (CPUThread)[0x010ea010]]: cellSysmodule warning: cellSysmoduleLoadModule(CELL_SYSMODULE_NET)
[W : PPU[1] Thread (CPUThread)[0x009111ac]]: memory warning: sys_memory_get_user_memory_size(mem_info_addr=0xd0020b38)
[W : PPU[1] Thread (CPUThread)[0x00911228]]: memory warning: sys_memory_get_user_memory_size(mem_info_addr=0xd0020b30)
[W : PPU[1] Thread (CPUThread)[0x010ea010]]: cellSysmodule warning: cellSysmoduleLoadModule(CELL_SYSMODULE_NETCTL)
[W : PPU[1] Thread (CPUThread)[0x009111ac]]: memory warning: sys_memory_get_user_memory_size(mem_info_addr=0xd0020b38)
[W : PPU[1] Thread (CPUThread)[0x00911228]]: memory warning: sys_memory_get_user_memory_size(mem_info_addr=0xd0020b30)
[W : PPU[1] Thread (CPUThread)[0x010ea010]]: cellSysmodule warning: cellSysmoduleLoadModule(CELL_SYSMODULE_SYSUTIL)
[W : PPU[1] Thread (CPUThread)[0x009111ac]]: memory warning: sys_memory_get_user_memory_size(mem_info_addr=0xd0020b38)
[W : PPU[1] Thread (CPUThread)[0x00911228]]: memory warning: sys_memory_get_user_memory_size(mem_info_addr=0xd0020b30)
[W : PPU[1] Thread (CPUThread)[0x010ea010]]: cellSysmodule warning: cellSysmoduleLoadModule(CELL_SYSMODULE_RTC)
[W : PPU[1] Thread (CPUThread)[0x009111ac]]: memory warning: sys_memory_get_user_memory_size(mem_info_addr=0xd0020b38)
[W : PPU[1] Thread (CPUThread)[0x00911228]]: memory warning: sys_memory_get_user_memory_size(mem_info_addr=0xd0020b30)
[W : PPU[1] Thread (CPUThread)[0x010ea010]]: cellSysmodule warning: cellSysmoduleLoadModule(CELL_SYSMODULE_HTTP)
[W : PPU[1] Thread (CPUThread)[0x009111ac]]: memory warning: sys_memory_get_user_memory_size(mem_info_addr=0xd0020b38)
[W : PPU[1] Thread (CPUThread)[0x00911228]]: memory warning: sys_memory_get_user_memory_size(mem_info_addr=0xd0020b30)
[W : PPU[1] Thread (CPUThread)[0x010ea010]]: cellSysmodule warning: cellSysmoduleLoadModule(CELL_SYSMODULE_HTTP_UTIL)
[W : PPU[1] Thread (CPUThread)[0x009111ac]]: memory warning: sys_memory_get_user_memory_size(mem_info_addr=0xd0020b38)
[W : PPU[1] Thread (CPUThread)[0x00911228]]: memory warning: sys_memory_get_user_memory_size(mem_info_addr=0xd0020b30)
[W : PPU[1] Thread (CPUThread)[0x010ea010]]: cellSysmodule warning: cellSysmoduleLoadModule(CELL_SYSMODULE_HTTPS)
[W : PPU[1] Thread (CPUThread)[0x009111ac]]: memory warning: sys_memory_get_user_memory_size(mem_info_addr=0xd0020b38)
[W : PPU[1] Thread (CPUThread)[0x00911228]]: memory warning: sys_memory_get_user_memory_size(mem_info_addr=0xd0020b30)
[W : PPU[1] Thread (CPUThread)[0x010ea010]]: cellSysmodule warning: cellSysmoduleLoadModule(CELL_SYSMODULE_SYSUTIL_REC)
[W : PPU[1] Thread (CPUThread)[0x009111ac]]: memory warning: sys_memory_get_user_memory_size(mem_info_addr=0xd0020b38)
[W : PPU[1] Thread (CPUThread)[0x00911228]]: memory warning: sys_memory_get_user_memory_size(mem_info_addr=0xd0020b30)
[W : PPU[1] Thread (CPUThread)[0x010ea010]]: cellSysmodule warning: cellSysmoduleLoadModule(CELL_SYSMODULE_SYSUTIL_NP_TROPHY)
[W : PPU[1] Thread (CPUThread)[0x009111ac]]: memory warning: sys_memory_get_user_memory_size(mem_info_addr=0xd0020b38)
[W : PPU[1] Thread (CPUThread)[0x00911228]]: memory warning: sys_memory_get_user_memory_size(mem_info_addr=0xd0020b30)
[W : PPU[1] Thread (CPUThread)[0x010ea010]]: cellSysmodule warning: cellSysmoduleLoadModule(CELL_SYSMODULE_SYSUTIL_GAME)
[W : PPU[1] Thread (CPUThread)[0x009111ac]]: memory warning: sys_memory_get_user_memory_size(mem_info_addr=0xd0020b38)
[W : PPU[1] Thread (CPUThread)[0x00911228]]: memory warning: sys_memory_get_user_memory_size(mem_info_addr=0xd0020b30)
[W : PPU[1] Thread (CPUThread)[0x010ea010]]: cellSysmodule warning: cellSysmoduleLoadModule(CELL_SYSMODULE_SYSUTIL_NP)
[W : PPU[1] Thread (CPUThread)[0x009111ac]]: memory warning: sys_memory_get_user_memory_size(mem_info_addr=0xd0020b38)
[W : PPU[1] Thread (CPUThread)[0x00911228]]: memory warning: sys_memory_get_user_memory_size(mem_info_addr=0xd0020b30)
[W : PPU[1] Thread (CPUThread)[0x010ea010]]: cellSysmodule warning: cellSysmoduleLoadModule(CELL_SYSMODULE_SYSUTIL_NP2)
[W : PPU[1] Thread (CPUThread)[0x009111ac]]: memory warning: sys_memory_get_user_memory_size(mem_info_addr=0xd0020b38)
[W : PPU[1] Thread (CPUThread)[0x00911228]]: memory warning: sys_memory_get_user_memory_size(mem_info_addr=0xd0020b30)
[W : PPU[1] Thread (CPUThread)[0x010ea010]]: cellSysmodule warning: cellSysmoduleLoadModule(CELL_SYSMODULE_SYSUTIL_NP_TUS)
[W : PPU[1] Thread (CPUThread)[0x009111ac]]: memory warning: sys_memory_get_user_memory_size(mem_info_addr=0xd0020b38)
[W : PPU[1] Thread (CPUThread)[0x00911228]]: memory warning: sys_memory_get_user_memory_size(mem_info_addr=0xd0020b30)
[W : PPU[1] Thread (CPUThread)[0x010ea010]]: cellSysmodule warning: cellSysmoduleLoadModule(CELL_SYSMODULE_PNGDEC)
[W : PPU[1] Thread (CPUThread)[0x009111ac]]: memory warning: sys_memory_get_user_memory_size(mem_info_addr=0xd0020b38)
[W : PPU[1] Thread (CPUThread)[0x00911228]]: memory warning: sys_memory_get_user_memory_size(mem_info_addr=0xd0020b30)
[W : PPU[1] Thread (CPUThread)[0x010ea010]]: cellSysmodule warning: cellSysmoduleLoadModule(CELL_SYSMODULE_JPGDEC)
[W : PPU[1] Thread (CPUThread)[0x009111ac]]: memory warning: sys_memory_get_user_memory_size(mem_info_addr=0xd0020b38)
[W : PPU[1] Thread (CPUThread)[0x00911228]]: memory warning: sys_memory_get_user_memory_size(mem_info_addr=0xd0020b30)
[W : PPU[1] Thread (CPUThread)[0x010ea010]]: cellSysmodule warning: cellSysmoduleLoadModule(CELL_SYSMODULE_JPGENC)
[W : PPU[1] Thread (CPUThread)[0x009111ac]]: memory warning: sys_memory_get_user_memory_size(mem_info_addr=0xd0020b38)
[W : PPU[1] Thread (CPUThread)[0x00911228]]: memory warning: sys_memory_get_user_memory_size(mem_info_addr=0xd0020b30)
[W : PPU[1] Thread (CPUThread)[0x010ea010]]: cellSysmodule warning: cellSysmoduleLoadModule(CELL_SYSMODULE_PHOTO_EXPORT)
[W : PPU[1] Thread (CPUThread)[0x009111ac]]: memory warning: sys_memory_get_user_memory_size(mem_info_addr=0xd0020b38)
[W : PPU[1] Thread (CPUThread)[0x00911228]]: memory warning: sys_memory_get_user_memory_size(mem_info_addr=0xd0020b30)
[W : PPU[1] Thread (CPUThread)[0x010ea010]]: cellSysmodule warning: cellSysmoduleLoadModule(CELL_SYSMODULE_MIC)
[W : PPU[1] Thread (CPUThread)[0x009111ac]]: memory warning: sys_memory_get_user_memory_size(mem_info_addr=0xd0020b38)
[W : PPU[1] Thread (CPUThread)[0x00911228]]: memory warning: sys_memory_get_user_memory_size(mem_info_addr=0xd0020b30)
[W : PPU[1] Thread (CPUThread)[0x010ea010]]: cellSysmodule warning: cellSysmoduleLoadModule(CELL_SYSMODULE_VOICE)
[W : PPU[1] Thread (CPUThread)[0x009111ac]]: memory warning: sys_memory_get_user_memory_size(mem_info_addr=0xd0020b38)
[W : PPU[1] Thread (CPUThread)[0x00911228]]: memory warning: sys_memory_get_user_memory_size(mem_info_addr=0xd0020b30)
[W : PPU[1] Thread (CPUThread)[0x010ea010]]: cellSysmodule warning: cellSysmoduleLoadModule()
[E : PPU[1] Thread (CPUThread)[0x00911240]]: Trap! (tw 1f, r1, r1) #pc: 0x911240
[! : PPU[1] Thread (CPUThread)[0x00911240]]: r0 = 0x10ea00c
[! : PPU[1] Thread (CPUThread)[0x00911240]]: r1 = 0xd0020ac0
[! : PPU[1] Thread (CPUThread)[0x00911240]]: r2 = 0xe17d38
[! : PPU[1] Thread (CPUThread)[0x00911240]]: r3 = 0xffffffff80012002
[! : PPU[1] Thread (CPUThread)[0x00911240]]: r4 = 0xe1bfab
[! : PPU[1] Thread (CPUThread)[0x00911240]]: r5 = 0xffffffffffffffff
[! : PPU[1] Thread (CPUThread)[0x00911240]]: r6 = 0xd00206c0
[! : PPU[1] Thread (CPUThread)[0x00911240]]: r7 = 0x0
[! : PPU[1] Thread (CPUThread)[0x00911240]]: r8 = 0xe1bfab
[! : PPU[1] Thread (CPUThread)[0x00911240]]: r9 = 0xffff
[! : PPU[1] Thread (CPUThread)[0x00911240]]: r10 = 0x10cf660
[! : PPU[1] Thread (CPUThread)[0x00911240]]: r11 = 0x32267a31
[! : PPU[1] Thread (CPUThread)[0x00911240]]: r12 = 0x10e9008
[! : PPU[1] Thread (CPUThread)[0x00911240]]: r13 = 0x30007060
[! : PPU[1] Thread (CPUThread)[0x00911240]]: r14 = 0x0
[! : PPU[1] Thread (CPUThread)[0x00911240]]: r15 = 0x0
[! : PPU[1] Thread (CPUThread)[0x00911240]]: r16 = 0x0
[! : PPU[1] Thread (CPUThread)[0x00911240]]: r17 = 0x0
[! : PPU[1] Thread (CPUThread)[0x00911240]]: r18 = 0x0
[! : PPU[1] Thread (CPUThread)[0x00911240]]: r19 = 0x0
[! : PPU[1] Thread (CPUThread)[0x00911240]]: r20 = 0x0
[! : PPU[1] Thread (CPUThread)[0x00911240]]: r21 = 0x1095354
[! : PPU[1] Thread (CPUThread)[0x00911240]]: r22 = 0xafc7c8
[! : PPU[1] Thread (CPUThread)[0x00911240]]: r23 = 0xe13094
[! : PPU[1] Thread (CPUThread)[0x00911240]]: r24 = 0xe13094
[! : PPU[1] Thread (CPUThread)[0x00911240]]: r25 = 0xd0020b30
[! : PPU[1] Thread (CPUThread)[0x00911240]]: r26 = 0xd0020b38
[! : PPU[1] Thread (CPUThread)[0x00911240]]: r27 = 0xb35ea8
[! : PPU[1] Thread (CPUThread)[0x00911240]]: r28 = 0x0
[! : PPU[1] Thread (CPUThread)[0x00911240]]: r29 = 0x0
[! : PPU[1] Thread (CPUThread)[0x00911240]]: r30 = 0xddac28
[! : PPU[1] Thread (CPUThread)[0x00911240]]: r31 = 0xe131c0
[! : PPU[1] Thread (CPUThread)[0x00911240]]: f0 = 0.000000
[! : PPU[1] Thread (CPUThread)[0x00911240]]: f1 = 0.000000
[! : PPU[1] Thread (CPUThread)[0x00911240]]: f2 = 0.000000
[! : PPU[1] Thread (CPUThread)[0x00911240]]: f3 = 0.000000
[! : PPU[1] Thread (CPUThread)[0x00911240]]: f4 = 0.000000
[! : PPU[1] Thread (CPUThread)[0x00911240]]: f5 = 0.000000
[! : PPU[1] Thread (CPUThread)[0x00911240]]: f6 = 0.000000
[! : PPU[1] Thread (CPUThread)[0x00911240]]: f7 = 0.000000
[! : PPU[1] Thread (CPUThread)[0x00911240]]: f8 = 0.000000
[! : PPU[1] Thread (CPUThread)[0x00911240]]: f9 = 0.000000
[! : PPU[1] Thread (CPUThread)[0x00911240]]: f10 = 0.000000
[! : PPU[1] Thread (CPUThread)[0x00911240]]: f11 = 0.000000
[! : PPU[1] Thread (CPUThread)[0x00911240]]: f12 = 0.000000
[! : PPU[1] Thread (CPUThread)[0x00911240]]: f13 = 0.000000
[! : PPU[1] Thread (CPUThread)[0x00911240]]: f14 = 0.000000
[! : PPU[1] Thread (CPUThread)[0x00911240]]: f15 = 0.000000
[! : PPU[1] Thread (CPUThread)[0x00911240]]: f16 = 0.000000
[! : PPU[1] Thread (CPUThread)[0x00911240]]: f17 = 0.000000
[! : PPU[1] Thread (CPUThread)[0x00911240]]: f18 = 0.000000
[! : PPU[1] Thread (CPUThread)[0x00911240]]: f19 = 0.000000
[! : PPU[1] Thread (CPUThread)[0x00911240]]: f20 = 0.000000
[! : PPU[1] Thread (CPUThread)[0x00911240]]: f21 = 0.000000
[! : PPU[1] Thread (CPUThread)[0x00911240]]: f22 = 0.000000
[! : PPU[1] Thread (CPUThread)[0x00911240]]: f23 = 0.000000
[! : PPU[1] Thread (CPUThread)[0x00911240]]: f24 = 0.000000
[! : PPU[1] Thread (CPUThread)[0x00911240]]: f25 = 0.000000
[! : PPU[1] Thread (CPUThread)[0x00911240]]: f26 = 0.000000
[! : PPU[1] Thread (CPUThread)[0x00911240]]: f27 = 0.000000
[! : PPU[1] Thread (CPUThread)[0x00911240]]: f28 = 0.000000
[! : PPU[1] Thread (CPUThread)[0x00911240]]: f29 = 0.000000
[! : PPU[1] Thread (CPUThread)[0x00911240]]: f30 = 0.000000
[! : PPU[1] Thread (CPUThread)[0x00911240]]: f31 = 0.000000
[! : PPU[1] Thread (CPUThread)[0x00911240]]: v0 = 0x00000000000000000000000000000000 [x: 0 y: 0 z: 0 w: 0]
[! : PPU[1] Thread (CPUThread)[0x00911240]]: v1 = 0x00000001000000010000000100000001 [x: 1.4013e-045 y: 1.4013e-045 z: 1.4013e-045 w: 1.4013e-045]
[! : PPU[1] Thread (CPUThread)[0x00911240]]: v2 = 0x00000000000000000000000000000000 [x: 0 y: 0 z: 0 w: 0]
[! : PPU[1] Thread (CPUThread)[0x00911240]]: v3 = 0xc040000040400000c0000000bf800000 [x: -3 y: 3 z: -2 w: -1]
[! : PPU[1] Thread (CPUThread)[0x00911240]]: v4 = 0x00000000000000003f80000000000000 [x: 0 y: 0 z: 1 w: 0]
[! : PPU[1] Thread (CPUThread)[0x00911240]]: v5 = 0x3f800000000000000000000000000000 [x: 1 y: 0 z: 0 w: 0]
[! : PPU[1] Thread (CPUThread)[0x00911240]]: v6 = 0x00000000000000000000000000000000 [x: 0 y: 0 z: 0 w: 0]
[! : PPU[1] Thread (CPUThread)[0x00911240]]: v7 = 0x00000000000000000000000000000000 [x: 0 y: 0 z: 0 w: 0]
[! : PPU[1] Thread (CPUThread)[0x00911240]]: v8 = 0x00000000ffffffff0000000000000000 [x: 0 y: -1.#QNAN z: 0 w: 0]
[! : PPU[1] Thread (CPUThread)[0x00911240]]: v9 = 0xffffffff000000000000000000000000 [x: -1.#QNAN y: 0 z: 0 w: 0]
[! : PPU[1] Thread (CPUThread)[0x00911240]]: v10 = 0x3f800000000000000000000000000000 [x: 1 y: 0 z: 0 w: 0]
[! : PPU[1] Thread (CPUThread)[0x00911240]]: v11 = 0x40000000400000004000000040000000 [x: 2 y: 2 z: 2 w: 2]
[! : PPU[1] Thread (CPUThread)[0x00911240]]: v12 = 0x00000000ffffffff0000000000000000 [x: 0 y: -1.#QNAN z: 0 w: 0]
[! : PPU[1] Thread (CPUThread)[0x00911240]]: v13 = 0x00000000000000000000000000000000 [x: 0 y: 0 z: 0 w: 0]
[! : PPU[1] Thread (CPUThread)[0x00911240]]: v14 = 0x00000000000000000000000000000000 [x: 0 y: 0 z: 0 w: 0]
[! : PPU[1] Thread (CPUThread)[0x00911240]]: v15 = 0x00000000000000000000000000000000 [x: 0 y: 0 z: 0 w: 0]
[! : PPU[1] Thread (CPUThread)[0x00911240]]: v16 = 0x00000000000000000000000000000000 [x: 0 y: 0 z: 0 w: 0]
[! : PPU[1] Thread (CPUThread)[0x00911240]]: v17 = 0x00000000000000000000000000000000 [x: 0 y: 0 z: 0 w: 0]
[! : PPU[1] Thread (CPUThread)[0x00911240]]: v18 = 0x00000000000000000000000000000000 [x: 0 y: 0 z: 0 w: 0]
[! : PPU[1] Thread (CPUThread)[0x00911240]]: v19 = 0x00000000000000000000000000000000 [x: 0 y: 0 z: 0 w: 0]
[! : PPU[1] Thread (CPUThread)[0x00911240]]: v20 = 0x00000000000000000000000000000000 [x: 0 y: 0 z: 0 w: 0]
[! : PPU[1] Thread (CPUThread)[0x00911240]]: v21 = 0x00000000000000000000000000000000 [x: 0 y: 0 z: 0 w: 0]
[! : PPU[1] Thread (CPUThread)[0x00911240]]: v22 = 0x00000000000000000000000000000000 [x: 0 y: 0 z: 0 w: 0]
[! : PPU[1] Thread (CPUThread)[0x00911240]]: v23 = 0x00000000000000000000000000000000 [x: 0 y: 0 z: 0 w: 0]
[! : PPU[1] Thread (CPUThread)[0x00911240]]: v24 = 0x00000000000000000000000000000000 [x: 0 y: 0 z: 0 w: 0]
[! : PPU[1] Thread (CPUThread)[0x00911240]]: v25 = 0x00000000000000000000000000000000 [x: 0 y: 0 z: 0 w: 0]
[! : PPU[1] Thread (CPUThread)[0x00911240]]: v26 = 0x00000000000000000000000000000000 [x: 0 y: 0 z: 0 w: 0]
[! : PPU[1] Thread (CPUThread)[0x00911240]]: v27 = 0x00000000000000000000000000000000 [x: 0 y: 0 z: 0 w: 0]
[! : PPU[1] Thread (CPUThread)[0x00911240]]: v28 = 0x00000000000000000000000000000000 [x: 0 y: 0 z: 0 w: 0]
[! : PPU[1] Thread (CPUThread)[0x00911240]]: v29 = 0x00000000000000000000000000000000 [x: 0 y: 0 z: 0 w: 0]
[! : PPU[1] Thread (CPUThread)[0x00911240]]: v30 = 0x00000000000000000000000000000000 [x: 0 y: 0 z: 0 w: 0]
[! : PPU[1] Thread (CPUThread)[0x00911240]]: v31 = 0x00000000000000000000000000000000 [x: 0 y: 0 z: 0 w: 0]
[! : PPU[1] Thread (CPUThread)[0x00911240]]: CR = 0x48004088
[! : PPU[1] Thread (CPUThread)[0x00911240]]: LR = 0x911234
[! : PPU[1] Thread (CPUThread)[0x00911240]]: CTR = 0x10ea00c
[! : PPU[1] Thread (CPUThread)[0x00911240]]: XER = 0x0 [CA=0 | OV=0 | SO=0]
[! : PPU[1] Thread (CPUThread)[0x00911240]]: FPSCR = 0x82002000 [RN=0 | NI=0 | XE=0 | ZE=0 | UE=0 | OE=0 | VE=0 | VXCVI=0 | VXSQRT=0 | VXSOFT=0 | FPRF=2 | FI=0 | FR=0 | VXVC=0 | VXIMZ=0 | VXZDZ=0 | VXIDI=0 | VXISI=0 | VXSNAN=0 | XX=1 | ZX=0 | UX=0 | OX=0 | VX=0 | FEX=0 | FX=1]
[W : PPU[21] Thread (Twitter Thread)[0x004f1270]]: sys_event_queue_receive(equeue=19) aborted
[!]: Closing memory...
