[!]: Loading 'D:\Emulateur\Rpcs3\dev_hdd0\game\BCES01435-[PlayStation_ All-Stars Battle Royale]\PS3_GAME\USRDIR\BOOT.BIN'...
[!]: Mount info:
[!]: /dev_hdd0/ -> D:\Emulateur\Rpcs3\dev_hdd0\
[!]: /dev_hdd1/ -> D:\Emulateur\Rpcs3\dev_hdd1\
[!]: /dev_flash/ -> D:\Emulateur\Rpcs3\dev_flash\
[!]: /dev_usb000/ -> D:\Emulateur\Rpcs3\dev_usb000\
[!]: /dev_usb/ -> D:\Emulateur\Rpcs3\dev_usb000\
[!]: /app_home/ -> D:\Emulateur\Rpcs3\dev_hdd0\game\BCES01435-[PlayStation_ All-Stars Battle Royale]\PS3_GAME\
[!]: /dev_bdvd/ -> D:\Emulateur\Rpcs3\dev_hdd0\game\BCES01435-[PlayStation_ All-Stars Battle Royale]\PS3_GAME\\..\
[!]: /host_root/ -> 
[!]: / -> D:\Emulateur\Rpcs3\dev_hdd0\game\BCES01435-[PlayStation_ All-Stars Battle Royale]\PS3_GAME\
[!]: Initing memory...
[!]: Memory initialized.
[W]: Unknown function 0x9b882495 in 'sys_fs' module
[E]: TODO: cellFsGetDirectoryEntries
[W]: Unknown function 0x4cef342e in 'sys_fs' module
[E]: TODO: cellFsAioWrite
[W]: Unknown function 0x6d3bb15b in 'sys_fs' module
[E]: TODO: cellFsSdataOpenByFd
[W]: Unknown function 0x7f13fc8c in 'sys_fs' module
[E]: TODO: cellFsAioCancel
[W]: Unknown function 0x967a162b in 'sys_fs' module
[E]: TODO: cellFsFsync
[W]: Unknown function 0xaa3b4bcd in 'sys_fs' module
[E]: TODO: cellFsGetFreeSize
[W]: Unknown function 0x52aac4fa in 'cellSysutil' module
[E]: TODO: cellSaveDataUserAutoSave
[W]: Unknown function 0x62b0f803 in 'cellSysutil' module
[E]: TODO: cellMsgDialogAbort
[W]: Unknown function 0x8b7ed64b in 'cellSysutil' module
[E]: TODO: cellSaveDataAutoSave2
[W]: Unknown function 0xcdc6aefd in 'cellSysutil' module
[E]: TODO: cellSaveDataUserAutoLoad
[W]: Unknown function 0xf81eca25 in 'cellSysutil' module
[E]: TODO: cellMsgDialogOpen
[W]: Unknown function 0xfbd5c856 in 'cellSysutil' module
[E]: TODO: cellSaveDataAutoLoad2
[W]: Unknown module 'cellSysutilMisc'
[W]: Unknown function 0x0a563878 in 'cellVoice' module
[E]: TODO: cellVoiceStart
[W]: Unknown function 0x18d3df30 in 'cellVoice' module
[E]: TODO: cellVoiceDisconnectIPortFromOPort
[W]: Unknown function 0x2a01013e in 'cellVoice' module
[E]: TODO: cellVoiceCreateNotifyEventQueue
[W]: Unknown function 0x2de54871 in 'cellVoice' module
[E]: TODO: cellVoiceCreatePort
[W]: Unknown function 0x35d84910 in 'cellVoice' module
[E]: TODO: cellVoiceSetNotifyEventQueue
[W]: Unknown function 0x36472c57 in 'cellVoice' module
[E]: TODO: cellVoiceReadFromOPort
[W]: Unknown function 0x3dad26e7 in 'cellVoice' module
[E]: TODO: cellVoiceWriteToIPort
[W]: Unknown function 0x54ac3519 in 'cellVoice' module
[E]: TODO: cellVoiceGetPortInfo
[W]: Unknown function 0x9f70c475 in 'cellVoice' module
[E]: TODO: cellVoiceDeletePort
[W]: Unknown function 0xae6a21d5 in 'cellVoice' module
[E]: TODO: cellVoiceConnectIPortToOPort
[W]: Unknown function 0xc7cf1182 in 'cellVoice' module
[E]: TODO: cellVoiceInit
[W]: Unknown function 0xd3a84be1 in 'cellVoice' module
[E]: TODO: cellVoiceStop
[W]: Unknown function 0xdd000886 in 'cellVoice' module
[E]: TODO: cellVoiceRemoveNotifyEventQueue
[W]: Unknown function 0xe0e1ae12 in 'cellVoice' module
[E]: TODO: cellVoiceEnd
[W]: Unknown function 0xff0fa43a in 'cellVoice' module
[E]: TODO: cellVoiceResetPort
[W]: Unknown function 0x07529113 in 'cellSpurs' module
[E]: TODO: cellSpursAttributeSetNamePrefix
[W]: Unknown function 0x1051d134 in 'cellSpurs' module
[E]: TODO: cellSpursAttributeEnableSpuPrintfIfAvailable
[W]: Unknown function 0x16394a4e in 'cellSpurs' module
[E]: TODO: _cellSpursTasksetAttributeInitialize
[W]: Unknown function 0x22aab31d in 'cellSpurs' module
[E]: TODO: cellSpursEventFlagDetachLv2EventQueue
[W]: Unknown function 0x303c19cd in 'cellSpurs' module
[E]: TODO: cellSpursCreateJobChainWithAttribute
[W]: Unknown function 0x3548f483 in 'cellSpurs' module
[E]: TODO: _cellSpursJobChainAttributeInitialize
[W]: Unknown function 0x4ac7bae4 in 'cellSpurs' module
[E]: TODO: cellSpursEventFlagClear
[W]: Unknown function 0x52cc6c82 in 'cellSpurs' module
[E]: TODO: cellSpursCreateTaskset
[W]: Unknown function 0x5ef96465 in 'cellSpurs' module
[E]: TODO: _cellSpursEventFlagInitialize
[W]: Unknown function 0x652b70e2 in 'cellSpurs' module
[E]: TODO: cellSpursTasksetAttributeSetName
[W]: Unknown function 0x738e40e6 in 'cellSpurs' module
[E]: TODO: cellSpursShutdownJobChain
[W]: Unknown function 0x87630976 in 'cellSpurs' module
[E]: TODO: cellSpursEventFlagAttachLv2EventQueue
[W]: Unknown function 0x95180230 in 'cellSpurs' module
[E]: TODO: _cellSpursAttributeInitialize
[W]: Unknown function 0x9f72add3 in 'cellSpurs' module
[E]: TODO: cellSpursJoinTaskset
[W]: Unknown function 0xa789e631 in 'cellSpurs' module
[E]: TODO: cellSpursShutdownTaskset
[W]: Unknown function 0xa7c066de in 'cellSpurs' module
[E]: TODO: cellSpursJoinJobChain
[W]: Unknown function 0xa839a4d9 in 'cellSpurs' module
[E]: TODO: cellSpursAttributeSetSpuThreadGroupType
[W]: Unknown function 0xaa6269a8 in 'cellSpurs' module
[E]: TODO: cellSpursInitializeWithAttribute
[W]: Unknown function 0xbeb600ac in 'cellSpurs' module
[E]: TODO: cellSpursCreateTask
[W]: Unknown function 0xc10931cb in 'cellSpurs' module
[E]: TODO: cellSpursCreateTasksetWithAttribute
[W]: Unknown function 0xca4c4600 in 'cellSpurs' module
[E]: TODO: cellSpursFinalize
[W]: Unknown function 0xf31731bb in 'cellSpurs' module
[E]: TODO: cellSpursRunJobChain
[W]: Unknown function 0x011ee38b in 'cellSpurs' module
[E]: TODO: _cellSpursLFQueueInitialize
[W]: Unknown function 0x1656d49f in 'cellSpurs' module
[E]: TODO: cellSpursLFQueueAttachLv2EventQueue
[W]: Unknown function 0x1f402f8f in 'cellSpurs' module
[E]: TODO: cellSpursGetInfo
[W]: Unknown function 0x73e06f91 in 'cellSpurs' module
[E]: TODO: cellSpursLFQueueDetachLv2EventQueue
[W]: Unknown function 0x8a85674d in 'cellSpurs' module
[E]: TODO: _cellSpursLFQueuePushBody
[W]: Unknown function 0x8f122ef8 in 'cellSpurs' module
[E]: TODO: cellSpursTasksetAttributeSetTasksetSize
[W]: Unknown function 0x182d9890 in 'cellSpurs' module
[E]: TODO: cellSpursRequestIdleSpu
[W]: Unknown function 0x4a5eab63 in 'cellSpurs' module
[E]: TODO: cellSpursWorkloadAttributeSetName
[W]: Unknown function 0x4e153e3e in 'cellSpurs' module
[E]: TODO: cellSpursGetWorkloadInfo
[W]: Unknown function 0x57e4dec3 in 'cellSpurs' module
[E]: TODO: cellSpursRemoveWorkload
[W]: Unknown function 0x5fd43fe4 in 'cellSpurs' module
[E]: TODO: cellSpursWaitForWorkloadShutdown
[W]: Unknown function 0x80a29e27 in 'cellSpurs' module
[E]: TODO: cellSpursSetPriorities
[W]: Unknown function 0x98d5b343 in 'cellSpurs' module
[E]: TODO: cellSpursShutdownWorkload
[W]: Unknown function 0xc0158d8b in 'cellSpurs' module
[E]: TODO: cellSpursAddWorkloadWithAttribute
[W]: Unknown function 0xd2e23fa9 in 'cellSpurs' module
[E]: TODO: cellSpursSetExceptionEventHandler
[W]: Unknown function 0xefeb2679 in 'cellSpurs' module
[E]: TODO: _cellSpursWorkloadAttributeInitialize
[W]: Unknown function 0xf843818d in 'cellSpurs' module
[E]: TODO: cellSpursReadyCountStore
[W]: Unknown function 0x0582338a in 'cellSpursJq' module
[E]: TODO: cellSpursJobQueueAttributeSetDoBusyWaiting
[W]: Unknown function 0x0f03f712 in 'cellSpursJq' module
[E]: TODO: cellSpursJobQueueAttributeSetSubmitWithEntryLock
[W]: Unknown function 0x1686957e in 'cellSpursJq' module
[E]: TODO: cellSpursJobQueueAttributeSetMaxSizeJobDescriptor
[W]: Unknown function 0x43ddab4f in 'cellSpursJq' module
[E]: TODO: cellSpursJobQueueAttributeInitialize
[W]: Unknown function 0x742cec0d in 'cellSpursJq' module
[E]: TODO: cellSpursJobQueueAttributeSetIsJobTypeMemoryCheck
[W]: Unknown function 0x8c97a96c in 'cellSpursJq' module
[E]: TODO: cellSpursShutdownJobQueue
[W]: Unknown function 0x8ce4cffa in 'cellSpursJq' module
[E]: TODO: cellSpursJoinJobQueue
[W]: Unknown function 0xc485d207 in 'cellSpursJq' module
[E]: TODO: cellSpursJobQueuePort2Destroy
[W]: Unknown function 0xcf89f218 in 'cellSpursJq' module
[E]: TODO: _cellSpursJobQueuePort2PushJobBody
[W]: Unknown function 0xe70f874e in 'cellSpursJq' module
[E]: TODO: cellSpursJobQueueAttributeSetGrabParameters
[W]: Unknown function 0xf11fe0f1 in 'cellSpursJq' module
[E]: TODO: cellSpursJobQueuePort2Create
[W]: Unknown function 0xf244e799 in 'cellSpursJq' module
[E]: TODO: _cellSpursCreateJobQueue
[W]: Unknown function 0xfacb3ced in 'cellSpursJq' module
[E]: TODO: cellSpursJobQueuePort2Sync
[W]: Unknown function 0xff03cc79 in 'cellSpursJq' module
[E]: TODO: cellSpursJobQueueAttributeSetIsHaltOnError
[W]: Unknown function 0x01fbbc9b in 'sceNp' module
[E]: TODO: sceNpBasicSendMessageGui
[W]: Unknown function 0x04372385 in 'sceNp' module
[E]: TODO: sceNpBasicGetFriendListEntry
[W]: Unknown function 0x0968aa36 in 'sceNp' module
[E]: TODO: sceNpManagerGetTicket
[W]: Unknown function 0x21206642 in 'sceNp' module
[E]: TODO: sceNpScoreGetRankingByRangeAsync
[W]: Unknown function 0x259113b8 in 'sceNp' module
[E]: TODO: sceNpScoreDestroyTitleCtx
[W]: Unknown function 0x32cf311f in 'sceNp' module
[E]: TODO: sceNpScoreInit
[W]: Unknown function 0x3db7914d in 'sceNp' module
[E]: TODO: sceNpScoreGetRankingByNpIdAsync
[W]: Unknown function 0x3f0808aa in 'sceNp' module
[E]: TODO: sceNpBasicSetPresence
[W]: Unknown function 0x4026eac5 in 'sceNp' module
[E]: TODO: sceNpBasicRegisterContextSensitiveHandler
[W]: Unknown function 0x4885aa18 in 'sceNp' module
[E]: TODO: sceNpTerm
[W]: Unknown function 0x52a6b523 in 'sceNp' module
[E]: TODO: sceNpManagerUnregisterCallback
[W]: Unknown function 0x58fa4fcd in 'sceNp' module
[E]: TODO: sceNpManagerGetTicketParam
[W]: Unknown function 0x5de61626 in 'sceNp' module
[E]: TODO: sceNpLookupDestroyTitleCtx
[W]: Unknown function 0x5f2d9257 in 'sceNp' module
[E]: TODO: sceNpLookupInit
[W]: Unknown function 0x60897c38 in 'sceNp' module
[E]: TODO: sceNpSignalingActivateConnection
[W]: Unknown function 0x6356082e in 'sceNp' module
[E]: TODO: sceNpSignalingCreateCtx
[W]: Unknown function 0x64a704cc in 'sceNp' module
[E]: TODO: sceNpBasicRecvMessageAttachmentLoad
[W]: Unknown function 0x6ee62ed2 in 'sceNp' module
[E]: TODO: sceNpManagerGetContentRatingFlag
[W]: Unknown function 0x6f5e8143 in 'sceNp' module
[E]: TODO: sceNpScoreCreateTransactionCtx
[W]: Unknown function 0x7508112e in 'sceNp' module
[E]: TODO: sceNpLookupPollAsync
[W]: Unknown function 0x806960ab in 'sceNp' module
[E]: TODO: sceNpBasicRecvMessageCustom
[W]: Unknown function 0x8297f1ec in 'sceNp' module
[E]: TODO: sceNpManagerRequestTicket2
[W]: Unknown function 0x8440537c in 'sceNp' module
[E]: TODO: sceNpLookupTerm
[W]: Unknown function 0x860b1756 in 'sceNp' module
[E]: TODO: sceNpLookupTitleSmallStorageAsync
[W]: Unknown function 0x95c7bba3 in 'sceNp' module
[E]: TODO: sceNpSignalingTerminateConnection
[W]: Unknown function 0x9851f805 in 'sceNp' module
[E]: TODO: sceNpScoreTerm
[W]: Unknown function 0xa7a090e5 in 'sceNp' module
[E]: TODO: sceNpScorePollAsync
[W]: Unknown function 0xa7bff757 in 'sceNp' module
[E]: TODO: sceNpManagerGetStatus
[W]: Unknown function 0xa8cf8451 in 'sceNp' module
[E]: TODO: sceNpSignalingDestroyCtx
[W]: Unknown function 0xacb9ee8e in 'sceNp' module
[E]: TODO: sceNpBasicUnregisterHandler
[W]: Unknown function 0xad218faf in 'sceNp' module
[E]: TODO: sceNpDrmIsAvailable
[W]: Unknown function 0xafc62605 in 'sceNp' module
[E]: Unknown func id: 0xafc62605
[W]: Unknown function 0xafef640d in 'sceNp' module
[E]: TODO: sceNpBasicGetFriendListEntryCount
[W]: Unknown function 0xb1e0718b in 'sceNp' module
[E]: TODO: sceNpManagerGetAccountRegion
[W]: Unknown function 0xb9f93bbb in 'sceNp' module
[E]: TODO: sceNpScoreCreateTitleCtx
[W]: Unknown function 0xbcdbb2ab in 'sceNp' module
[E]: TODO: sceNpBasicAddPlayersHistoryAsync
[W]: Unknown function 0xbd28fdbf in 'sceNp' module
[E]: TODO: sceNpInit
[W]: Unknown function 0xbdc07fd5 in 'sceNp' module
[E]: TODO: sceNpManagerGetNetworkTime
[W]: Unknown function 0xbe81c71c in 'sceNp' module
[E]: TODO: sceNpBasicSetPresenceDetails
[W]: Unknown function 0xc5f4cf82 in 'sceNp' module
[E]: TODO: sceNpScoreDestroyTransactionCtx
[W]: Unknown function 0xc611029a in 'sceNp' module
[E]: Unknown func id: 0xc611029a
[W]: Unknown function 0xca0a2d04 in 'sceNp' module
[E]: TODO: sceNpSignalingGetConnectionStatus
[W]: Unknown function 0xce81c7f0 in 'sceNp' module
[E]: TODO: sceNpLookupCreateTitleCtx
[W]: Unknown function 0xd208f91d in 'sceNp' module
[E]: TODO: sceNpUtilCmpNpId
[W]: Unknown function 0xe035f7d6 in 'sceNp' module
[E]: TODO: sceNpBasicGetEvent
[W]: Unknown function 0xe7dcd3b4 in 'sceNp' module
[E]: TODO: sceNpManagerRegisterCallback
[W]: Unknown function 0xea2e9ffc in 'sceNp' module
[E]: TODO: sceNpLookupCreateTransactionCtx
[W]: Unknown function 0xec0a1fbf in 'sceNp' module
[E]: TODO: sceNpBasicSendMessage
[W]: Unknown function 0xee5b20d9 in 'sceNp' module
[E]: TODO: sceNpScoreAbortTransaction
[W]: Unknown function 0xf0b1e399 in 'sceNp' module
[E]: TODO: sceNpScoreRecordScoreAsync
[W]: Unknown function 0xf42c0df8 in 'sceNp' module
[E]: TODO: sceNpManagerGetOnlineName
[W]: Unknown function 0xfb87cf5e in 'sceNp' module
[E]: TODO: sceNpLookupDestroyTransactionCtx
[W]: Unknown function 0xfd39ae13 in 'sceNp' module
[E]: TODO: sceNpBasicGetFriendPresenceByNpId
[W]: Unknown function 0xfe37a7f4 in 'sceNp' module
[E]: TODO: sceNpManagerGetNpId
[W]: Unknown function 0xf042b14f in 'sceNp' module
[E]: TODO: sceNpDrmIsAvailable2
[W]: Unknown module 'cellUserInfo'
[W]: Unknown module 'sceNpTus'
[W]: Unknown function 0x04459230 in 'cellNetCtl' module
[E]: TODO: cellNetCtlNetStartDialogLoadAsync
[W]: Unknown function 0x0ce13c6b in 'cellNetCtl' module
[E]: TODO: cellNetCtlAddHandler
[W]: Unknown function 0x0f1f13d3 in 'cellNetCtl' module
[E]: TODO: cellNetCtlNetStartDialogUnloadAsync
[W]: Unknown function 0x105ee2cb in 'cellNetCtl' module
[E]: TODO: cellNetCtlTerm
[W]: Unknown function 0x1e585b5d in 'cellNetCtl' module
[E]: TODO: cellNetCtlGetInfo
[W]: Unknown function 0x71d53210 in 'cellNetCtl' module
[E]: TODO: cellNetCtlNetStartDialogAbortAsync
[W]: Unknown function 0x8b3eba69 in 'cellNetCtl' module
[E]: TODO: cellNetCtlGetState
[W]: Unknown function 0x901815c3 in 'cellNetCtl' module
[E]: TODO: cellNetCtlDelHandler
[W]: Unknown function 0xbd5a59fc in 'cellNetCtl' module
[E]: TODO: cellNetCtlInit
[W]: Unknown function 0x3a12865f in 'cellNetCtl' module
[E]: TODO: cellNetCtlGetNatInfo
[W]: Unknown function 0x139a9e9b in 'sys_net' module
[E]: TODO: sys_net_initialize_network_ex
[W]: Unknown function 0x1f953b9f in 'sys_net' module
[E]: TODO: recvfrom
[W]: Unknown function 0x6005cde1 in 'sys_net' module
[E]: TODO: _sys_net_errno_loc
[W]: Unknown function 0x6db6e8cd in 'sys_net' module
[E]: TODO: socketclose
[W]: Unknown function 0x88f03575 in 'sys_net' module
[E]: TODO: setsockopt
[W]: Unknown function 0x8d1b77fb in 'sys_net' module
[E]: TODO: sys_net_abort_socket
[W]: Unknown function 0x9647570b in 'sys_net' module
[E]: TODO: sendto
[W]: Unknown function 0x9c056962 in 'sys_net' module
[E]: TODO: socket
[W]: Unknown function 0xb0a59804 in 'sys_net' module
[E]: TODO: bind
[W]: Unknown function 0xb68d5625 in 'sys_net' module
[E]: TODO: sys_net_finalize_network
[W]: Unknown function 0x13efe7f5 in 'sys_net' module
[E]: TODO: getsockname
[W]: Unknown function 0x28e208bb in 'sys_net' module
[E]: TODO: listen
[W]: Unknown function 0x3f09e20a in 'sys_net' module
[E]: TODO: socketselect
[W]: Unknown function 0x5a045bd1 in 'sys_net' module
[E]: TODO: getsockopt
[W]: Unknown function 0x64f66d35 in 'sys_net' module
[E]: TODO: connect
[W]: Unknown function 0x71f4c717 in 'sys_net' module
[E]: TODO: gethostbyname
[W]: Unknown function 0x8ccf05ed in 'sys_net' module
[E]: TODO: sys_net_abort_resolver
[W]: Unknown function 0xa50777c6 in 'sys_net' module
[E]: TODO: shutdown
[W]: Unknown function 0xc94f6939 in 'sys_net' module
[E]: TODO: accept
[W]: Unknown function 0xc98a3146 in 'sys_net' module
[E]: TODO: inet_ntop
[W]: Unknown function 0xdabbc2c0 in 'sys_net' module
[E]: TODO: inet_addr
[W]: Unknown function 0xdc751b40 in 'sys_net' module
[E]: TODO: send
[W]: Unknown function 0xfba04f37 in 'sys_net' module
[E]: TODO: recv
[W]: Unknown function 0xa9a079e0 in 'sys_net' module
[E]: TODO: inet_aton
[W]: Unknown function 0x32faaf58 in 'cellHttpUtil' module
[E]: TODO: cellHttpUtilParseUri
[W]: Unknown module 'cellHttp'
[W]: Unknown function 0x63387071 in 'cellGcmSys' module
[E]: TODO: cellGcmGetLastFlipTime
[W]: Unknown function 0x0a862772 in 'cellGcmSys' module
[E]: TODO: cellGcmSetQueueHandler
[W]: Unknown function 0xacee8542 in 'cellGcmSys' module
[E]: TODO: cellGcmSetFlipImmediate
[W]: Unknown function 0x018281a8 in 'cellSail' module
[E]: TODO: cellSailGraphicsAdapterGetFrame2
[W]: Unknown function 0x0abb318b in 'cellSail' module
[E]: TODO: cellSailDescriptorCreateDatabase
[W]: Unknown function 0x0d0c2f0c in 'cellSail' module
[E]: TODO: cellSailDescriptorSetEs
[W]: Unknown function 0x1139a206 in 'cellSail' module
[E]: TODO: cellSailPlayerSetSoundAdapter
[W]: Unknown function 0x18b4629d in 'cellSail' module
[E]: TODO: cellSailPlayerFinalize
[W]: Unknown function 0x18bcd21b in 'cellSail' module
[E]: TODO: cellSailPlayerSetGraphicsAdapter
[W]: Unknown function 0x1c983864 in 'cellSail' module
[E]: TODO: cellSailGraphicsAdapterInitialize
[W]: Unknown function 0x23654375 in 'cellSail' module
[E]: TODO: cellSailPlayerInitialize2
[W]: Unknown function 0x28336e89 in 'cellSail' module
[E]: TODO: cellSailDescriptorDestroyDatabase
[W]: Unknown function 0x2e3ccb5e in 'cellSail' module
[E]: TODO: cellSailGraphicsAdapterSetPreferredFormat
[W]: Unknown function 0x346ebba3 in 'cellSail' module
[E]: TODO: cellSailMemAllocatorInitialize
[W]: Unknown function 0x34ecc1b9 in 'cellSail' module
[E]: TODO: cellSailPlayerOpenStream
[W]: Unknown function 0x3d0d3b72 in 'cellSail' module
[E]: TODO: cellSailSoundAdapterInitialize
[W]: Unknown function 0x44a20e79 in 'cellSail' module
[E]: TODO: cellSailGraphicsAdapterUpdateAvSync
[W]: Unknown function 0x5783a454 in 'cellSail' module
[E]: TODO: cellSailMp4MovieGetMovieInfo
[W]: Unknown function 0x5f7c7a6f in 'cellSail' module
[E]: TODO: cellSailPlayerSetParameter
[W]: Unknown function 0x6e83f5c0 in 'cellSail' module
[E]: TODO: cellSailAviMovieGetMovieInfo
[W]: Unknown function 0x76488bb1 in 'cellSail' module
[E]: TODO: cellSailGraphicsAdapterFinalize
[W]: Unknown function 0x76b1a425 in 'cellSail' module
[E]: TODO: cellSailDescriptorSetAutoSelection
[W]: Unknown function 0x7c8dff3b in 'cellSail' module
[E]: TODO: cellSailPlayerAddDescriptor
[W]: Unknown function 0x7eb8d6b5 in 'cellSail' module
[E]: TODO: cellSailSoundAdapterGetFrame
[W]: Unknown function 0x85beffcc in 'cellSail' module
[E]: TODO: cellSailPlayerCloseStream
[W]: Unknown function 0xbdf21b0f in 'cellSail' module
[E]: TODO: cellSailPlayerBoot
[W]: Unknown function 0xc044fab1 in 'cellSail' module
[E]: TODO: cellSailDescriptorOpen
[W]: Unknown function 0xc2d90ec9 in 'cellSail' module
[E]: TODO: cellSailMp4MovieGetTrackByTypeAndIndex
[W]: Unknown function 0xd1462438 in 'cellSail' module
[E]: TODO: cellSailSoundAdapterFinalize
[W]: Unknown function 0xd1d55a90 in 'cellSail' module
[E]: TODO: cellSailPlayerSetPaused
[W]: Unknown function 0xd7938b8d in 'cellSail' module
[E]: TODO: cellSailPlayerCreateDescriptor
[W]: Unknown function 0xddebd2a5 in 'cellSail' module
[E]: TODO: cellSailAviMovieGetStreamByTypeAndIndex
[W]: Unknown function 0xe535b0d3 in 'cellSail' module
[E]: TODO: cellSailPlayerStart
[W]: Unknown function 0xeba8d4ec in 'cellSail' module
[E]: TODO: cellSailPlayerStop
[W]: Unknown function 0xeec22809 in 'cellSail' module
[E]: TODO: cellSailSoundAdapterUpdateAvSync
[W]: Unknown function 0xf25f197d in 'cellSail' module
[E]: TODO: cellSailSoundAdapterGetFormat
[W]: Unknown function 0xfc5baf8a in 'cellSail' module
[E]: TODO: cellSailPlayerSetRepeatMode
[W]: Unknown function 0xfc839bd4 in 'cellSail' module
[E]: TODO: cellSailPlayerDestroyDescriptor
[W]: Unknown function 0xffd58aa4 in 'cellSail' module
[E]: TODO: cellSailGraphicsAdapterGetFormat
[W]: Unknown module 'cellSysutilNpEula'
[W]: Unknown function 0x167ea63e in 'cellSync' module
[E]: TODO: cellSyncLFQueueSize
[W]: Unknown function 0x26090058 in 'sysPrxForUser' module
[E]: TODO: sys_prx_load_module
[W]: Unknown function 0x8a561d92 in 'sysPrxForUser' module
[E]: TODO: _sys_heap_free
[W]: Unknown function 0xa330ad84 in 'sysPrxForUser' module
[E]: TODO: sys_prx_load_module_on_memcontainer_by_fd
[W]: Unknown function 0xaa6d9bff in 'sysPrxForUser' module
[E]: TODO: sys_prx_load_module_on_memcontainer
[W]: Unknown function 0xaede4b03 in 'sysPrxForUser' module
[E]: TODO: _sys_heap_delete_heap
[W]: Unknown function 0xdd3b27ac in 'sysPrxForUser' module
[E]: TODO: _sys_spu_printf_finalize
[W]: Unknown function 0xef68c17c in 'sysPrxForUser' module
[E]: TODO: sys_prx_load_module_by_fd
[! : PPU[1] Thread (CPUThread)[0x00010230]]: PPU[1] Thread (CPUThread) enter
[W : PPU[1] Thread (CPUThread)[0x009a40e4]]: memory warning: sys_memory_get_user_memory_size(mem_info_addr=0xd0020b94)
[! : PPU[1] Thread (CPUThread)[0x00011910]]: PPU[1] Thread (CPUThread) leave
[!]: Closing memory...
