[!]: path: /dev_hdd0/game/
[!]: Loading 'D:\Emulateur\Rpcs3\dev_hdd0\game\BCES00797-[Heavy Rain]/PS3_GAME/USRDIR/BOOT.BIN'...
[!]: Mount info:
[!]: /dev_hdd0/ -> D:\Emulateur\Rpcs3\dev_hdd0\
[!]: /dev_hdd1/ -> D:\Emulateur\Rpcs3\dev_hdd1\
[!]: /dev_flash/ -> D:\Emulateur\Rpcs3\dev_flash\
[!]: /dev_usb000/ -> D:\Emulateur\Rpcs3\dev_usb000\
[!]: /dev_usb/ -> D:\Emulateur\Rpcs3\dev_usb000\
[!]: /app_home/ -> D:\Emulateur\Rpcs3\dev_hdd0\game\BCES00797-[Heavy Rain]/PS3_GAME/
[!]: /dev_bdvd/ -> D:\Emulateur\Rpcs3\dev_hdd0\game\BCES00797-[Heavy Rain]/PS3_GAME/\..\
[!]: /host_root/ -> 
[!]: / -> D:\Emulateur\Rpcs3\dev_hdd0\game\BCES00797-[Heavy Rain]/PS3_GAME/\USRDIR\
[!]: Initing memory...
[!]: Memory initialized.
[W]: Unknown function 0x4cc9b68d in 'sys_io' module
[E]: TODO: cellPadPeriphGetInfo
[W]: Unknown function 0x28e208bb in 'sys_net' module
[E]: TODO: listen
[W]: Unknown function 0x3f09e20a in 'sys_net' module
[E]: TODO: socketselect
[W]: Unknown function 0xdabbc2c0 in 'sys_net' module
[E]: TODO: inet_addr
[W]: Unknown function 0x4cef342e in 'sys_fs' module
[E]: TODO: cellFsAioWrite
[W]: Unknown function 0x8cb722d5 in 'sys_fs' module
[E]: TODO: cellFsWriteWithOffset
[W]: Unknown function 0x967a162b in 'sys_fs' module
[E]: TODO: cellFsFsync
[W]: Unknown function 0x8b7ed64b in 'cellSysutil' module
[E]: TODO: cellSaveDataAutoSave2
[W]: Unknown function 0xfbd5c856 in 'cellSysutil' module
[E]: TODO: cellSaveDataAutoLoad2
[W]: Unknown function 0x00af2519 in 'cellSpurs' module
[E]: TODO: cellSpursJobGuardReset
[W]: Unknown function 0x011ee38b in 'cellSpurs' module
[E]: TODO: _cellSpursLFQueueInitialize
[W]: Unknown function 0x16394a4e in 'cellSpurs' module
[E]: TODO: _cellSpursTasksetAttributeInitialize
[W]: Unknown function 0x1656d49f in 'cellSpurs' module
[E]: TODO: cellSpursLFQueueAttachLv2EventQueue
[W]: Unknown function 0x1d46fedf in 'cellSpurs' module
[E]: TODO: cellSpursCreateTaskWithAttribute
[W]: Unknown function 0x22aab31d in 'cellSpurs' module
[E]: TODO: cellSpursEventFlagDetachLv2EventQueue
[W]: Unknown function 0x303c19cd in 'cellSpurs' module
[E]: TODO: cellSpursCreateJobChainWithAttribute
[W]: Unknown function 0x34552fa6 in 'cellSpurs' module
[E]: TODO: cellSpursTaskExitCodeInitialize
[W]: Unknown function 0x3548f483 in 'cellSpurs' module
[E]: TODO: _cellSpursJobChainAttributeInitialize
[W]: Unknown function 0x35dae22b in 'cellSpurs' module
[E]: TODO: _cellSpursLFQueuePopBody
[W]: Unknown function 0x373523d4 in 'cellSpurs' module
[E]: TODO: cellSpursEventFlagWait
[W]: Unknown function 0x4a6465e3 in 'cellSpurs' module
[E]: TODO: cellSpursCreateTaskset2
[W]: Unknown function 0x52cc6c82 in 'cellSpurs' module
[E]: TODO: cellSpursCreateTaskset
[W]: Unknown function 0x5ef96465 in 'cellSpurs' module
[E]: TODO: _cellSpursEventFlagInitialize
[W]: Unknown function 0x652b70e2 in 'cellSpurs' module
[E]: TODO: cellSpursTasksetAttributeSetName
[W]: Unknown function 0x68aaeba9 in 'cellSpurs' module
[E]: TODO: cellSpursJobGuardInitialize
[W]: Unknown function 0x738e40e6 in 'cellSpurs' module
[E]: TODO: cellSpursShutdownJobChain
[W]: Unknown function 0x87630976 in 'cellSpurs' module
[E]: TODO: cellSpursEventFlagAttachLv2EventQueue
[W]: Unknown function 0x8a85674d in 'cellSpurs' module
[E]: TODO: _cellSpursLFQueuePushBody
[W]: Unknown function 0x8f122ef8 in 'cellSpurs' module
[E]: TODO: cellSpursTasksetAttributeSetTasksetSize
[W]: Unknown function 0x9f72add3 in 'cellSpurs' module
[E]: TODO: cellSpursJoinTaskset
[W]: Unknown function 0xa121a224 in 'cellSpurs' module
[E]: TODO: cellSpursTaskAttributeSetExitCodeContainer
[W]: Unknown function 0xa789e631 in 'cellSpurs' module
[E]: TODO: cellSpursShutdownTaskset
[W]: Unknown function 0xa7c066de in 'cellSpurs' module
[E]: TODO: cellSpursJoinJobChain
[W]: Unknown function 0xaa6269a8 in 'cellSpurs' module
[E]: TODO: cellSpursInitializeWithAttribute
[W]: Unknown function 0xb8474eff in 'cellSpurs' module
[E]: TODO: _cellSpursTaskAttributeInitialize
[W]: Unknown function 0xbeb600ac in 'cellSpurs' module
[E]: TODO: cellSpursCreateTask
[W]: Unknown function 0xc10931cb in 'cellSpurs' module
[E]: TODO: cellSpursCreateTasksetWithAttribute
[W]: Unknown function 0xc2acdf43 in 'cellSpurs' module
[E]: TODO: _cellSpursTasksetAttribute2Initialize
[W]: Unknown function 0xd5d0b256 in 'cellSpurs' module
[E]: TODO: cellSpursJobGuardNotify
[W]: Unknown function 0xe0a6dbe4 in 'cellSpurs' module
[E]: TODO: _cellSpursSendSignal
[W]: Unknown function 0xe4944a1c in 'cellSpurs' module
[E]: TODO: cellSpursCreateTask2WithBinInfo
[W]: Unknown function 0xf31731bb in 'cellSpurs' module
[E]: TODO: cellSpursRunJobChain
[W]: Unknown function 0x73e06f91 in 'cellSpurs' module
[E]: TODO: cellSpursLFQueueDetachLv2EventQueue
[W]: Unknown function 0x99d397ac in 'cellGcmSys' module
[E]: TODO: cellGcmGetReport
[W]: Unknown function 0xbd6d60d9 in 'cellGcmSys' module
[E]: TODO: cellGcmSetInvalidateTile
[W]: Unknown function 0x0582338a in 'cellSpursJq' module
[E]: TODO: cellSpursJobQueueAttributeSetDoBusyWaiting
[W]: Unknown function 0x0f03f712 in 'cellSpursJq' module
[E]: TODO: cellSpursJobQueueAttributeSetSubmitWithEntryLock
[W]: Unknown function 0x1686957e in 'cellSpursJq' module
[E]: TODO: cellSpursJobQueueAttributeSetMaxSizeJobDescriptor
[W]: Unknown function 0x26fa81b4 in 'cellSpursJq' module
[E]: TODO: cellSpursJobQueuePortFinalize
[W]: Unknown function 0x3d1294fc in 'cellSpursJq' module
[E]: TODO: cellSpursJobQueuePortInitialize
[W]: Unknown function 0x43ddab4f in 'cellSpursJq' module
[E]: TODO: cellSpursJobQueueAttributeInitialize
[W]: Unknown function 0x4e1a17a6 in 'cellSpursJq' module
[E]: TODO: _cellSpursJobQueuePortPushBody
[W]: Unknown function 0x634b1502 in 'cellSpursJq' module
[E]: TODO: cellSpursJobQueuePortSync
[W]: Unknown function 0x742cec0d in 'cellSpursJq' module
[E]: TODO: cellSpursJobQueueAttributeSetIsJobTypeMemoryCheck
[W]: Unknown function 0x8c97a96c in 'cellSpursJq' module
[E]: TODO: cellSpursShutdownJobQueue
[W]: Unknown function 0x8ce4cffa in 'cellSpursJq' module
[E]: TODO: cellSpursJoinJobQueue
[W]: Unknown function 0xe70f874e in 'cellSpursJq' module
[E]: TODO: cellSpursJobQueueAttributeSetGrabParameters
[W]: Unknown function 0xf244e799 in 'cellSpursJq' module
[E]: TODO: _cellSpursCreateJobQueue
[W]: Unknown function 0xf5de6363 in 'cellSpursJq' module
[E]: TODO: cellSpursJobQueuePortInitializeWithDescriptorBuffer
[W]: Unknown function 0xff03cc79 in 'cellSpursJq' module
[E]: TODO: cellSpursJobQueueAttributeSetIsHaltOnError
[W]: Unknown module 'sceNpCommerce2'
[W]: Unknown function 0x4885aa18 in 'sceNp' module
[E]: TODO: sceNpTerm
[W]: Unknown function 0xad218faf in 'sceNp' module
[E]: TODO: sceNpDrmIsAvailable
[W]: Unknown function 0xbd28fdbf in 'sceNp' module
[E]: TODO: sceNpInit
[W]: Unknown module 'libgem'
[W]: Unknown function 0x21fc151f in 'cellCamera' module
[E]: TODO: cellCameraReadEx
[W]: Unknown function 0x379c5dd6 in 'cellCamera' module
[E]: TODO: cellCameraClose
[W]: Unknown function 0x456dc4aa in 'cellCamera' module
[E]: TODO: cellCameraStart
[W]: Unknown function 0x58bc5870 in 'cellCamera' module
[E]: TODO: cellCameraGetType
[W]: Unknown function 0x5ad46570 in 'cellCamera' module
[E]: TODO: cellCameraEnd
[W]: Unknown function 0x5d25f866 in 'cellCamera' module
[E]: TODO: cellCameraOpenEx
[W]: Unknown function 0x81f83db9 in 'cellCamera' module
[E]: TODO: cellCameraReset
[W]: Unknown function 0xbf47c5dd in 'cellCamera' module
[E]: TODO: cellCameraInit
[W]: Unknown function 0xd59aa307 in 'cellSync' module
[E]: TODO: cellSyncLFQueueGetDirection
[W : PPU[1] Thread (CPUThread)[0x01315034]]: sys_lwmutex warning: *** lwmutex created [_lc_mtx] (attribute=0x12): sq_id = 3
[W : PPU[1] Thread (CPUThread)[0x01315034]]: sys_lwmutex warning: *** lwmutex created [_lc_mtx] (attribute=0x12): sq_id = 4
[W : PPU[1] Thread (CPUThread)[0x01315034]]: sys_lwmutex warning: *** lwmutex created [_lc_mtx] (attribute=0x12): sq_id = 5
[W : PPU[1] Thread (CPUThread)[0x01315034]]: sys_lwmutex warning: *** lwmutex created [_lc_mtx] (attribute=0x12): sq_id = 6
[W : PPU[1] Thread (CPUThread)[0x01315034]]: sys_lwmutex warning: *** lwmutex created [_lc_mtx] (attribute=0x12): sq_id = 7
[W : PPU[1] Thread (CPUThread)[0x01315034]]: sys_lwmutex warning: *** lwmutex created [_lc_mtx] (attribute=0x12): sq_id = 8
[W : PPU[1] Thread (CPUThread)[0x01315034]]: sys_lwmutex warning: *** lwmutex created [_lc_mtx] (attribute=0x12): sq_id = 9
[W : PPU[1] Thread (CPUThread)[0x01315034]]: sys_lwmutex warning: *** lwmutex created [_lc_mtx] (attribute=0x12): sq_id = 10
[W : PPU[1] Thread (CPUThread)[0x01315034]]: sys_lwmutex warning: *** lwmutex created [_lc_mtx] (attribute=0x12): sq_id = 11
[W : PPU[1] Thread (CPUThread)[0x01315034]]: sys_lwmutex warning: *** lwmutex created [] (attribute=0x22): sq_id = 12
[W : PPU[1] Thread (CPUThread)[0x0056e3e0]]: memory warning: sys_memory_get_user_memory_size(mem_info_addr=0xd0020bc0)
[W : PPU[1] Thread (CPUThread)[0x0056e290]]: memory warning: sys_memory_get_user_memory_size(mem_info_addr=0xd0020af4)
[W : PPU[1] Thread (CPUThread)[0x01315034]]: sys_lwmutex warning: *** lwmutex created [] (attribute=0x22): sq_id = 13
[W : PPU[1] Thread (CPUThread)[0x01315034]]: sys_lwmutex warning: *** lwmutex created [] (attribute=0x22): sq_id = 14
[W : PPU[1] Thread (CPUThread)[0x01315034]]: sys_lwmutex warning: *** lwmutex created [] (attribute=0x22): sq_id = 15
[W : PPU[1] Thread (CPUThread)[0x01315034]]: sys_lwmutex warning: *** lwmutex created [] (attribute=0x22): sq_id = 16
[W : PPU[1] Thread (CPUThread)[0x01315034]]: sys_lwmutex warning: *** lwmutex created [] (attribute=0x22): sq_id = 17
[W : PPU[1] Thread (CPUThread)[0x01315034]]: sys_lwmutex warning: *** lwmutex created [] (attribute=0x22): sq_id = 18
[W : PPU[1] Thread (CPUThread)[0x0056fc88]]: sys_mutex warning: *** mutex created [] (protocol=0x2, recursive=false): id = 19
[W : PPU[1] Thread (CPUThread)[0x0056fcb0]]: sys_cond warning: *** condition created [] (mutex_id=19): id = 20
[W : PPU[1] Thread (CPUThread)[0x01315034]]: sys_lwmutex warning: *** lwmutex created [] (attribute=0x22): sq_id = 21
[W : PPU[1] Thread (CPUThread)[0x0056fc88]]: sys_mutex warning: *** mutex created [] (protocol=0x2, recursive=false): id = 22
[W : PPU[1] Thread (CPUThread)[0x0056fcb0]]: sys_cond warning: *** condition created [] (mutex_id=22): id = 23
[W : PPU[1] Thread (CPUThread)[0x01315034]]: sys_lwmutex warning: *** lwmutex created [] (attribute=0x22): sq_id = 24
[W : PPU[1] Thread (CPUThread)[0x01315034]]: sys_lwmutex warning: *** lwmutex created [] (attribute=0x22): sq_id = 25
[W : PPU[1] Thread (CPUThread)[0x01315034]]: sys_lwmutex warning: *** lwmutex created [] (attribute=0x22): sq_id = 26
[W : PPU[1] Thread (CPUThread)[0x00ced07c]]: cellSysutil warning: cellSysutilRegisterCallback(slot=0, func_addr=0xd3e6f0, userdata=0x0)
[W : PPU[1] Thread (CPUThread)[0x012fd010]]: cellSysmodule warning: cellSysmoduleLoadModule(CELL_SYSMODULE_SYSUTIL_GAME)
[W : PPU[1] Thread (CPUThread)[0x0130304c]]: cellGame warning: cellGameBootCheck(type_addr=0xd00206d0, attributes_addr=0xd00206d4, size_addr=0xd00206d8, dirName_addr=0xd00209f8)
[W : PPU[1] Thread (CPUThread)[0x01303004]]: cellGame warning: cellGameGetParamString(id=100, buf_addr=0xd00208f8, bufsize=256)
[W : PPU[1] Thread (CPUThread)[0x0130301c]]: cellGame warning: cellGameContentPermit(contentInfoPath_addr=0xd00206f8, usrdirPath_addr=0xd00207f8)
[W : PPU[1] Thread (CPUThread)[0x012fd010]]: cellSysmodule warning: cellSysmoduleLoadModule(CELL_SYSMODULE_FS)
[W : PPU[1] Thread (CPUThread)[0x00ceb058]]: sys_fs warning: cellFsStat: "/dev_hdd0/game/BCES00797/USRDIR/BOOT.ini" not found.
[W : PPU[1] Thread (CPUThread)[0x00ceb01c]]: sys_fs warning: cellFsOpendir(path="/dev_hdd0/game/BCES00797/USRDIR", fd_addr=0xd0020430)
[W : PPU[1] Thread (CPUThread)[0x00ceb058]]: sys_fs warning: cellFsStat: "/dev_hdd0/game/BCES00797/USRDIR/BOOT.ini" not found.
[W : PPU[1] Thread (CPUThread)[0x00ceb058]]: sys_fs warning: cellFsStat: "/dev_hdd0/game/BCES00797/USRDIR/runtime.ini" not found.
[W : PPU[1] Thread (CPUThread)[0x00ceb01c]]: sys_fs warning: cellFsOpendir(path="/dev_hdd0/game/BCES00797/USRDIR", fd_addr=0xd0020430)
[W : PPU[1] Thread (CPUThread)[0x00ceb058]]: sys_fs warning: cellFsStat: "/dev_hdd0/game/BCES00797/USRDIR/runtime.ini" not found.
[W : PPU[1] Thread (CPUThread)[0x00ceb058]]: sys_fs warning: cellFsStat: "/dev_hdd0/game/BCES00797/USRDIR/runtime.sdat" not found.
[W : PPU[1] Thread (CPUThread)[0x00ceb01c]]: sys_fs warning: cellFsOpendir(path="/dev_hdd0/game/BCES00797/USRDIR", fd_addr=0xd0020430)
[W : PPU[1] Thread (CPUThread)[0x00ceb058]]: sys_fs warning: cellFsStat: "/dev_hdd0/game/BCES00797/USRDIR/runtime.sdat" not found.
[W : PPU[1] Thread (CPUThread)[0x00ceb058]]: sys_fs warning: cellFsStat: "/dev_hdd0/game/BCES00797/USRDIR/SKU.sdat" not found.
[W : PPU[1] Thread (CPUThread)[0x00ceb01c]]: sys_fs warning: cellFsOpendir(path="/dev_hdd0/game/BCES00797/USRDIR", fd_addr=0xd0020430)
[W : PPU[1] Thread (CPUThread)[0x00ceb058]]: sys_fs warning: cellFsStat: "/dev_hdd0/game/BCES00797/USRDIR/SKU.sdat" not found.
[W : PPU[1] Thread (CPUThread)[0x00ceb058]]: sys_fs warning: cellFsStat: "/dev_hdd0/game/BCES00797/USRDIR/SKU.ini" not found.
[W : PPU[1] Thread (CPUThread)[0x00ceb01c]]: sys_fs warning: cellFsOpendir(path="/dev_hdd0/game/BCES00797/USRDIR", fd_addr=0xd0020430)
[W : PPU[1] Thread (CPUThread)[0x00ceb058]]: sys_fs warning: cellFsStat: "/dev_hdd0/game/BCES00797/USRDIR/SKU.ini" not found.
[W : PPU[1] Thread (CPUThread)[0x00570160]]: sys_spu warning: sys_spu_initialize(max_usable_spu=6, max_raw_spu=0)
[W : PPU[1] Thread (CPUThread)[0x012fd010]]: cellSysmodule warning: cellSysmoduleLoadModule(CELL_SYSMODULE_SPURS)
[W : PPU[1] Thread (CPUThread)[0x00cef10c]]: cellSpurs warning: cellSpursAttributeInitialize(attr_addr=0xd0020660, nSpus=2, spuPriority=3342336, ppuPriority=5, exitIfNoWork=249)
[W : PPU[1] Thread (CPUThread)[0x00cef148]]: cellSpurs warning: cellSpursAttributeSetSpuThreadGroupType(attr_addr=0xd0020660, type=24)
[W : PPU[1] Thread (CPUThread)[0x00cef01c]]: cellSpurs warning: cellSpursAttributeSetNamePrefix(attr_addr=0xd0020660, prefix_addr=0xb73640, size=0x7)
[E : PPU[1] Thread (CPUThread)[0x00cef154]]: TODO: cellSpursInitializeWithAttribute
[W : PPU[1] Thread (CPUThread)[0x00cef10c]]: cellSpurs warning: cellSpursAttributeInitialize(attr_addr=0xd0020900, nSpus=2, spuPriority=3342336, ppuPriority=1, exitIfNoWork=250)
[W : PPU[1] Thread (CPUThread)[0x00cef01c]]: cellSpurs warning: cellSpursAttributeSetNamePrefix(attr_addr=0xd0020900, prefix_addr=0xb73630, size=0x9)
[E : PPU[1] Thread (CPUThread)[0x00cef154]]: TODO: cellSpursInitializeWithAttribute
[W : PPU[1] Thread (CPUThread)[0x012fd010]]: cellSysmodule warning: cellSysmoduleLoadModule(CELL_SYSMODULE_SPURS_JQ)
[E : PPU[1] Thread (CPUThread)[0x01301040]]: TODO: cellSpursJobQueueAttributeInitialize
[E : PPU[1] Thread (CPUThread)[0x01301088]]: TODO: cellSpursJobQueueAttributeSetGrabParameters
[E : PPU[1] Thread (CPUThread)[0x0130101c]]: TODO: cellSpursJobQueueAttributeSetMaxSizeJobDescriptor
[E : PPU[1] Thread (CPUThread)[0x01301010]]: TODO: cellSpursJobQueueAttributeSetSubmitWithEntryLock
[E : PPU[1] Thread (CPUThread)[0x01301004]]: TODO: cellSpursJobQueueAttributeSetDoBusyWaiting
[E : PPU[1] Thread (CPUThread)[0x013010ac]]: TODO: cellSpursJobQueueAttributeSetIsHaltOnError
[E : PPU[1] Thread (CPUThread)[0x01301064]]: TODO: cellSpursJobQueueAttributeSetIsJobTypeMemoryCheck
[E : PPU[1] Thread (CPUThread)[0x01301094]]: TODO: _cellSpursCreateJobQueue
[E : PPU[1] Thread (CPUThread)[0x013010a0]]: TODO: cellSpursJobQueuePortInitializeWithDescriptorBuffer
[W : PPU[1] Thread (CPUThread)[0x012fd010]]: cellSysmodule warning: cellSysmoduleLoadModule(CELL_SYSMODULE_SPURS_JQ)
[E : PPU[1] Thread (CPUThread)[0x01301034]]: TODO: cellSpursJobQueuePortInitialize
[W : PPU[1] Thread (CPUThread)[0x012fd010]]: cellSysmodule warning: cellSysmoduleLoadModule(CELL_SYSMODULE_SYSUTIL_NP_TROPHY)
[W : PPU[1] Thread (CPUThread)[0x0130504c]]: sceNpTrophy warning: sceNpTrophyCreateContext(context_addr=0xddd228, commID_addr=0xd8f5a0, commSign_addr=0xb5c818, options=0x0)
[W : PPU[1] Thread (CPUThread)[0x01305010]]: sceNpTrophy warning: sceNpTrophyCreateHandle(handle_addr=0xddd22c)
[W : PPU[1] Thread (CPUThread)[0x0130501c]]: sceNpTrophy warning: sceNpTrophyGetRequiredDiskSpace(context=0, handle=0, reqspace_addr=0xd0020af0, options=0x0)
[W : PPU[1] Thread (CPUThread)[0x012ff10c]]: cellGcmSys warning: cellGcmInitDefaultFifoMode(mode=1)
[W : PPU[1] Thread (CPUThread)[0x012ff01c]]: cellGcmSys warning: cellGcmInit(context_addr=0xdb4888,cmdSize=0xff000,ioSize=0x100000,ioAddress=0x30100000)
[W : PPU[1] Thread (CPUThread)[0x012ff01c]]: cellGcmSys warning: *** local memory(addr=0xc0000000, size=0xf900000)
[W : PPU[1] Thread (CPUThread)[0x012ff01c]]: cellGcmSys warning: cellGcmMapEaIoAddress(ea=0x30100000, io=0x0, size=0x100000)
[! : RSXThread]: RSX thread entry
[W : PPU[1] Thread (CPUThread)[0x01315034]]: sys_lwmutex warning: *** lwmutex created [] (attribute=0x22): sq_id = 28
[W : PPU[1] Thread (CPUThread)[0x012ff088]]: cellGcmSys warning: cellGcmMapEaIoAddress(ea=0x30200000, io=0x100000, size=0x100000)
[W : PPU[1] Thread (CPUThread)[0x012ff088]]: cellGcmSys warning: cellGcmMapEaIoAddress(ea=0x30300000, io=0x200000, size=0x100000)
[W : PPU[1] Thread (CPUThread)[0x012ff088]]: cellGcmSys warning: cellGcmMapEaIoAddress(ea=0x30400000, io=0x300000, size=0x100000)
[W : PPU[1] Thread (CPUThread)[0x012ff088]]: cellGcmSys warning: cellGcmMapEaIoAddress(ea=0x30500000, io=0x400000, size=0x100000)
[W : PPU[1] Thread (CPUThread)[0x012ff088]]: cellGcmSys warning: cellGcmMapEaIoAddress(ea=0x30600000, io=0x500000, size=0x100000)
[W : PPU[1] Thread (CPUThread)[0x012ff088]]: cellGcmSys warning: cellGcmMapEaIoAddress(ea=0x30700000, io=0x600000, size=0x100000)
[W : PPU[1] Thread (CPUThread)[0x012ff088]]: cellGcmSys warning: cellGcmMapEaIoAddress(ea=0x30800000, io=0x700000, size=0x100000)
[W : PPU[1] Thread (CPUThread)[0x012ff088]]: cellGcmSys warning: cellGcmMapEaIoAddress(ea=0x30900000, io=0x800000, size=0x100000)
[W : PPU[1] Thread (CPUThread)[0x012ff088]]: cellGcmSys warning: cellGcmMapEaIoAddress(ea=0x30a00000, io=0x900000, size=0x100000)
[W : PPU[1] Thread (CPUThread)[0x012ff088]]: cellGcmSys warning: cellGcmMapEaIoAddress(ea=0x30b00000, io=0xa00000, size=0x100000)
[W : PPU[1] Thread (CPUThread)[0x012ff088]]: cellGcmSys warning: cellGcmMapEaIoAddress(ea=0x30c00000, io=0xb00000, size=0x100000)
[W : PPU[1] Thread (CPUThread)[0x012ff088]]: cellGcmSys warning: cellGcmMapEaIoAddress(ea=0x30d00000, io=0xc00000, size=0x100000)
[W : PPU[1] Thread (CPUThread)[0x012ff088]]: cellGcmSys warning: cellGcmMapEaIoAddress(ea=0x30e00000, io=0xd00000, size=0x100000)
[W : PPU[1] Thread (CPUThread)[0x012ff088]]: cellGcmSys warning: cellGcmMapEaIoAddress(ea=0x30f00000, io=0xe00000, size=0x100000)
[W : PPU[1] Thread (CPUThread)[0x012ff088]]: cellGcmSys warning: cellGcmMapEaIoAddress(ea=0x31000000, io=0xf00000, size=0x100000)
[W : PPU[1] Thread (CPUThread)[0x012ff088]]: cellGcmSys warning: cellGcmMapEaIoAddress(ea=0x31100000, io=0x1000000, size=0x100000)
[W : PPU[1] Thread (CPUThread)[0x012ff088]]: cellGcmSys warning: cellGcmMapEaIoAddress(ea=0x31200000, io=0x1100000, size=0x100000)
[W : PPU[1] Thread (CPUThread)[0x012ff088]]: cellGcmSys warning: cellGcmMapEaIoAddress(ea=0x31300000, io=0x1200000, size=0x100000)
[W : PPU[1] Thread (CPUThread)[0x012ff088]]: cellGcmSys warning: cellGcmMapEaIoAddress(ea=0x31400000, io=0x1300000, size=0x100000)
[W : PPU[1] Thread (CPUThread)[0x012ff088]]: cellGcmSys warning: cellGcmMapEaIoAddress(ea=0x31500000, io=0x1400000, size=0x100000)
[W : PPU[1] Thread (CPUThread)[0x012ff088]]: cellGcmSys warning: cellGcmMapEaIoAddress(ea=0x31600000, io=0x1500000, size=0x100000)
[W : PPU[1] Thread (CPUThread)[0x012ff088]]: cellGcmSys warning: cellGcmMapEaIoAddress(ea=0x31700000, io=0x1600000, size=0x100000)
[W : PPU[1] Thread (CPUThread)[0x012ff088]]: cellGcmSys warning: cellGcmMapEaIoAddress(ea=0x31800000, io=0x1700000, size=0x100000)
[W : PPU[1] Thread (CPUThread)[0x012ff088]]: cellGcmSys warning: cellGcmMapEaIoAddress(ea=0x31900000, io=0x1800000, size=0x100000)
[W : PPU[1] Thread (CPUThread)[0x012ff088]]: cellGcmSys warning: cellGcmMapEaIoAddress(ea=0x31a00000, io=0x1900000, size=0x100000)
[W : PPU[1] Thread (CPUThread)[0x012ff088]]: cellGcmSys warning: cellGcmMapEaIoAddress(ea=0x31b00000, io=0x1a00000, size=0x100000)
[W : PPU[1] Thread (CPUThread)[0x012ff088]]: cellGcmSys warning: cellGcmMapEaIoAddress(ea=0x31c00000, io=0x1b00000, size=0x100000)
[W : PPU[1] Thread (CPUThread)[0x012ff088]]: cellGcmSys warning: cellGcmMapEaIoAddress(ea=0x31d00000, io=0x1c00000, size=0x100000)
[W : PPU[1] Thread (CPUThread)[0x012ff088]]: cellGcmSys warning: cellGcmMapEaIoAddress(ea=0x31e00000, io=0x1d00000, size=0x100000)
[W : PPU[1] Thread (CPUThread)[0x012ff088]]: cellGcmSys warning: cellGcmMapEaIoAddress(ea=0x31f00000, io=0x1e00000, size=0x100000)
[W : PPU[1] Thread (CPUThread)[0x012ff088]]: cellGcmSys warning: cellGcmMapEaIoAddress(ea=0x32000000, io=0x1f00000, size=0x100000)
[W : PPU[1] Thread (CPUThread)[0x012ff088]]: cellGcmSys warning: cellGcmMapEaIoAddress(ea=0x32100000, io=0x2000000, size=0x100000)
[W : PPU[1] Thread (CPUThread)[0x012ff088]]: cellGcmSys warning: cellGcmMapEaIoAddress(ea=0x32200000, io=0x2100000, size=0x100000)
[W : PPU[1] Thread (CPUThread)[0x012ff088]]: cellGcmSys warning: cellGcmMapEaIoAddress(ea=0x32300000, io=0x2200000, size=0x100000)
[W : PPU[1] Thread (CPUThread)[0x012ff088]]: cellGcmSys warning: cellGcmMapEaIoAddress(ea=0x32400000, io=0x2300000, size=0x100000)
[W : PPU[1] Thread (CPUThread)[0x012ff088]]: cellGcmSys warning: cellGcmMapEaIoAddress(ea=0x32500000, io=0x2400000, size=0x100000)
[W : PPU[1] Thread (CPUThread)[0x012ff088]]: cellGcmSys warning: cellGcmMapEaIoAddress(ea=0x32600000, io=0x2500000, size=0x100000)
[W : PPU[1] Thread (CPUThread)[0x012ff088]]: cellGcmSys warning: cellGcmMapEaIoAddress(ea=0x32700000, io=0x2600000, size=0x100000)
[W : PPU[1] Thread (CPUThread)[0x012ff088]]: cellGcmSys warning: cellGcmMapEaIoAddress(ea=0x32800000, io=0x2700000, size=0x100000)
[W : PPU[1] Thread (CPUThread)[0x012ff088]]: cellGcmSys warning: cellGcmMapEaIoAddress(ea=0x32900000, io=0x2800000, size=0x100000)
[W : PPU[1] Thread (CPUThread)[0x012ff088]]: cellGcmSys warning: cellGcmMapEaIoAddress(ea=0x32a00000, io=0x2900000, size=0x100000)
[W : PPU[1] Thread (CPUThread)[0x012ff088]]: cellGcmSys warning: cellGcmMapEaIoAddress(ea=0x32b00000, io=0x2a00000, size=0x100000)
[W : PPU[1] Thread (CPUThread)[0x012ff088]]: cellGcmSys warning: cellGcmMapEaIoAddress(ea=0x32c00000, io=0x2b00000, size=0x100000)
[W : PPU[1] Thread (CPUThread)[0x012ff088]]: cellGcmSys warning: cellGcmMapEaIoAddress(ea=0x32d00000, io=0x2c00000, size=0x100000)
[W : PPU[1] Thread (CPUThread)[0x012ff088]]: cellGcmSys warning: cellGcmMapEaIoAddress(ea=0x32e00000, io=0x2d00000, size=0x100000)
[W : PPU[1] Thread (CPUThread)[0x012ff088]]: cellGcmSys warning: cellGcmMapEaIoAddress(ea=0x32f00000, io=0x2e00000, size=0x100000)
[W : PPU[1] Thread (CPUThread)[0x012ff088]]: cellGcmSys warning: cellGcmMapEaIoAddress(ea=0x33000000, io=0x2f00000, size=0x100000)
[W : PPU[1] Thread (CPUThread)[0x012ff088]]: cellGcmSys warning: cellGcmMapEaIoAddress(ea=0x33100000, io=0x3000000, size=0x100000)
[W : PPU[1] Thread (CPUThread)[0x012ff088]]: cellGcmSys warning: cellGcmMapEaIoAddress(ea=0x33200000, io=0x3100000, size=0x100000)
[W : PPU[1] Thread (CPUThread)[0x012ff088]]: cellGcmSys warning: cellGcmMapEaIoAddress(ea=0x33300000, io=0x3200000, size=0x100000)
[W : PPU[1] Thread (CPUThread)[0x012ff088]]: cellGcmSys warning: cellGcmMapEaIoAddress(ea=0x33400000, io=0x3300000, size=0x100000)
[W : PPU[1] Thread (CPUThread)[0x012ff088]]: cellGcmSys warning: cellGcmMapEaIoAddress(ea=0x33500000, io=0x3400000, size=0x100000)
[W : PPU[1] Thread (CPUThread)[0x012ff088]]: cellGcmSys warning: cellGcmMapEaIoAddress(ea=0x33600000, io=0x3500000, size=0x100000)
[W : PPU[1] Thread (CPUThread)[0x012ff088]]: cellGcmSys warning: cellGcmMapEaIoAddress(ea=0x33700000, io=0x3600000, size=0x100000)
[W : PPU[1] Thread (CPUThread)[0x012ff088]]: cellGcmSys warning: cellGcmMapEaIoAddress(ea=0x33800000, io=0x3700000, size=0x100000)
[W : PPU[1] Thread (CPUThread)[0x012ff088]]: cellGcmSys warning: cellGcmMapEaIoAddress(ea=0x33900000, io=0x3800000, size=0x100000)
[W : PPU[1] Thread (CPUThread)[0x012ff088]]: cellGcmSys warning: cellGcmMapEaIoAddress(ea=0x33a00000, io=0x3900000, size=0x100000)
[W : PPU[1] Thread (CPUThread)[0x012ff088]]: cellGcmSys warning: cellGcmMapEaIoAddress(ea=0x33b00000, io=0x3a00000, size=0x100000)
[W : PPU[1] Thread (CPUThread)[0x012ff088]]: cellGcmSys warning: cellGcmMapEaIoAddress(ea=0x33c00000, io=0x3b00000, size=0x100000)
[W : PPU[1] Thread (CPUThread)[0x012ff088]]: cellGcmSys warning: cellGcmMapEaIoAddress(ea=0x33d00000, io=0x3c00000, size=0x100000)
[W : PPU[1] Thread (CPUThread)[0x012ff088]]: cellGcmSys warning: cellGcmMapEaIoAddress(ea=0x33e00000, io=0x3d00000, size=0x100000)
[W : PPU[1] Thread (CPUThread)[0x012ff088]]: cellGcmSys warning: cellGcmMapEaIoAddress(ea=0x33f00000, io=0x3e00000, size=0x100000)
[W : PPU[1] Thread (CPUThread)[0x012ff088]]: cellGcmSys warning: cellGcmMapEaIoAddress(ea=0x34000000, io=0x3f00000, size=0x100000)
[W : PPU[1] Thread (CPUThread)[0x012ff088]]: cellGcmSys warning: cellGcmMapEaIoAddress(ea=0x34100000, io=0x4000000, size=0x100000)
[W : PPU[1] Thread (CPUThread)[0x012ff088]]: cellGcmSys warning: cellGcmMapEaIoAddress(ea=0x34200000, io=0x4100000, size=0x100000)
[W : PPU[1] Thread (CPUThread)[0x012ff088]]: cellGcmSys warning: cellGcmMapEaIoAddress(ea=0x34300000, io=0x4200000, size=0x100000)
[W : PPU[1] Thread (CPUThread)[0x012ff088]]: cellGcmSys warning: cellGcmMapEaIoAddress(ea=0x34400000, io=0x4300000, size=0x100000)
[W : PPU[1] Thread (CPUThread)[0x012ff088]]: cellGcmSys warning: cellGcmMapEaIoAddress(ea=0x34500000, io=0x4400000, size=0x100000)
[W : PPU[1] Thread (CPUThread)[0x012ff088]]: cellGcmSys warning: cellGcmMapEaIoAddress(ea=0x34600000, io=0x4500000, size=0x100000)
[W : PPU[1] Thread (CPUThread)[0x012ff088]]: cellGcmSys warning: cellGcmMapEaIoAddress(ea=0x34700000, io=0x4600000, size=0x100000)
[W : PPU[1] Thread (CPUThread)[0x012ff088]]: cellGcmSys warning: cellGcmMapEaIoAddress(ea=0x34800000, io=0x4700000, size=0x100000)
[W : PPU[1] Thread (CPUThread)[0x012ff088]]: cellGcmSys warning: cellGcmMapEaIoAddress(ea=0x34900000, io=0x4800000, size=0x100000)
[W : PPU[1] Thread (CPUThread)[0x012ff088]]: cellGcmSys warning: cellGcmMapEaIoAddress(ea=0x34a00000, io=0x4900000, size=0x100000)
[W : PPU[1] Thread (CPUThread)[0x012ff088]]: cellGcmSys warning: cellGcmMapEaIoAddress(ea=0x34b00000, io=0x4a00000, size=0x100000)
[W : PPU[1] Thread (CPUThread)[0x012ff088]]: cellGcmSys warning: cellGcmMapEaIoAddress(ea=0x34c00000, io=0x4b00000, size=0x100000)
[W : PPU[1] Thread (CPUThread)[0x012ff088]]: cellGcmSys warning: cellGcmMapEaIoAddress(ea=0x34d00000, io=0x4c00000, size=0x100000)
[W : PPU[1] Thread (CPUThread)[0x012ff088]]: cellGcmSys warning: cellGcmMapEaIoAddress(ea=0x34e00000, io=0x4d00000, size=0x100000)
[W : PPU[1] Thread (CPUThread)[0x012ff088]]: cellGcmSys warning: cellGcmMapEaIoAddress(ea=0x34f00000, io=0x4e00000, size=0x100000)
[W : PPU[1] Thread (CPUThread)[0x012ff088]]: cellGcmSys warning: cellGcmMapEaIoAddress(ea=0x35000000, io=0x4f00000, size=0x100000)
[W : PPU[1] Thread (CPUThread)[0x012ff088]]: cellGcmSys warning: cellGcmMapEaIoAddress(ea=0x35100000, io=0x5000000, size=0x100000)
[W : PPU[1] Thread (CPUThread)[0x012ff088]]: cellGcmSys warning: cellGcmMapEaIoAddress(ea=0x35200000, io=0x5100000, size=0x100000)
[W : PPU[1] Thread (CPUThread)[0x012ff088]]: cellGcmSys warning: cellGcmMapEaIoAddress(ea=0x35300000, io=0x5200000, size=0x100000)
[W : PPU[1] Thread (CPUThread)[0x012ff088]]: cellGcmSys warning: cellGcmMapEaIoAddress(ea=0x35400000, io=0x5300000, size=0x100000)
[W : PPU[1] Thread (CPUThread)[0x012ff088]]: cellGcmSys warning: cellGcmMapEaIoAddress(ea=0x35500000, io=0x5400000, size=0x100000)
[W : PPU[1] Thread (CPUThread)[0x012ff088]]: cellGcmSys warning: cellGcmMapEaIoAddress(ea=0x35600000, io=0x5500000, size=0x100000)
[W : PPU[1] Thread (CPUThread)[0x012ff088]]: cellGcmSys warning: cellGcmMapEaIoAddress(ea=0x35700000, io=0x5600000, size=0x100000)
[W : PPU[1] Thread (CPUThread)[0x012ff088]]: cellGcmSys warning: cellGcmMapEaIoAddress(ea=0x35800000, io=0x5700000, size=0x100000)
[W : PPU[1] Thread (CPUThread)[0x012ff088]]: cellGcmSys warning: cellGcmMapEaIoAddress(ea=0x35900000, io=0x5800000, size=0x100000)
[W : PPU[1] Thread (CPUThread)[0x012ff088]]: cellGcmSys warning: cellGcmMapEaIoAddress(ea=0x35a00000, io=0x5900000, size=0x100000)
[W : PPU[1] Thread (CPUThread)[0x012ff088]]: cellGcmSys warning: cellGcmMapEaIoAddress(ea=0x35b00000, io=0x5a00000, size=0x100000)
[W : PPU[1] Thread (CPUThread)[0x012ff088]]: cellGcmSys warning: cellGcmMapEaIoAddress(ea=0x35c00000, io=0x5b00000, size=0x100000)
[W : PPU[1] Thread (CPUThread)[0x012ff088]]: cellGcmSys warning: cellGcmMapEaIoAddress(ea=0x35d00000, io=0x5c00000, size=0x100000)
[W : PPU[1] Thread (CPUThread)[0x012ff088]]: cellGcmSys warning: cellGcmMapEaIoAddress(ea=0x35e00000, io=0x5d00000, size=0x100000)
[W : PPU[1] Thread (CPUThread)[0x012ff088]]: cellGcmSys warning: cellGcmMapEaIoAddress(ea=0x35f00000, io=0x5e00000, size=0x100000)
[W : PPU[1] Thread (CPUThread)[0x012ff088]]: cellGcmSys warning: cellGcmMapEaIoAddress(ea=0x36000000, io=0x5f00000, size=0x100000)
[W : PPU[1] Thread (CPUThread)[0x012ff088]]: cellGcmSys warning: cellGcmMapEaIoAddress(ea=0x36100000, io=0x6000000, size=0x100000)
[W : PPU[1] Thread (CPUThread)[0x012ff088]]: cellGcmSys warning: cellGcmMapEaIoAddress(ea=0x36200000, io=0x6100000, size=0x100000)
[W : PPU[1] Thread (CPUThread)[0x012ff088]]: cellGcmSys warning: cellGcmMapEaIoAddress(ea=0x36300000, io=0x6200000, size=0x100000)
[W : PPU[1] Thread (CPUThread)[0x012ff088]]: cellGcmSys warning: cellGcmMapEaIoAddress(ea=0x36400000, io=0x6300000, size=0x100000)
[W : PPU[1] Thread (CPUThread)[0x012ff088]]: cellGcmSys warning: cellGcmMapEaIoAddress(ea=0x36500000, io=0x6400000, size=0x100000)
[W : PPU[1] Thread (CPUThread)[0x012ff088]]: cellGcmSys warning: cellGcmMapEaIoAddress(ea=0x36600000, io=0x6500000, size=0x100000)
[W : PPU[1] Thread (CPUThread)[0x012ff088]]: cellGcmSys warning: cellGcmMapEaIoAddress(ea=0x36700000, io=0x6600000, size=0x100000)
[W : PPU[1] Thread (CPUThread)[0x012ff088]]: cellGcmSys warning: cellGcmMapEaIoAddress(ea=0x36800000, io=0x6700000, size=0x100000)
[W : PPU[1] Thread (CPUThread)[0x012ff088]]: cellGcmSys warning: cellGcmMapEaIoAddress(ea=0x36900000, io=0x6800000, size=0x100000)
[W : PPU[1] Thread (CPUThread)[0x012ff088]]: cellGcmSys warning: cellGcmMapEaIoAddress(ea=0x36a00000, io=0x6900000, size=0x100000)
[W : PPU[1] Thread (CPUThread)[0x012ff088]]: cellGcmSys warning: cellGcmMapEaIoAddress(ea=0x36b00000, io=0x6a00000, size=0x100000)
[W : PPU[1] Thread (CPUThread)[0x012ff088]]: cellGcmSys warning: cellGcmMapEaIoAddress(ea=0x36c00000, io=0x6b00000, size=0x100000)
[W : PPU[1] Thread (CPUThread)[0x012ff088]]: cellGcmSys warning: cellGcmMapEaIoAddress(ea=0x36d00000, io=0x6c00000, size=0x100000)
[W : PPU[1] Thread (CPUThread)[0x012ff088]]: cellGcmSys warning: cellGcmMapEaIoAddress(ea=0x36e00000, io=0x6d00000, size=0x100000)
[W : PPU[1] Thread (CPUThread)[0x012ff088]]: cellGcmSys warning: cellGcmMapEaIoAddress(ea=0x36f00000, io=0x6e00000, size=0x100000)
[W : PPU[1] Thread (CPUThread)[0x012ff088]]: cellGcmSys warning: cellGcmMapEaIoAddress(ea=0x37000000, io=0x6f00000, size=0x100000)
[W : PPU[1] Thread (CPUThread)[0x012ff088]]: cellGcmSys warning: cellGcmMapEaIoAddress(ea=0x37100000, io=0x7000000, size=0x100000)
[W : PPU[1] Thread (CPUThread)[0x012ff088]]: cellGcmSys warning: cellGcmMapEaIoAddress(ea=0x37200000, io=0x7100000, size=0x100000)
[W : PPU[1] Thread (CPUThread)[0x012ff088]]: cellGcmSys warning: cellGcmMapEaIoAddress(ea=0x37300000, io=0x7200000, size=0x100000)
[W : PPU[1] Thread (CPUThread)[0x012ff088]]: cellGcmSys warning: cellGcmMapEaIoAddress(ea=0x37400000, io=0x7300000, size=0x100000)
[W : PPU[1] Thread (CPUThread)[0x012ff088]]: cellGcmSys warning: cellGcmMapEaIoAddress(ea=0x37500000, io=0x7400000, size=0x100000)
[W : PPU[1] Thread (CPUThread)[0x012ff088]]: cellGcmSys warning: cellGcmMapEaIoAddress(ea=0x37600000, io=0x7500000, size=0x100000)
[W : PPU[1] Thread (CPUThread)[0x012ff088]]: cellGcmSys warning: cellGcmMapEaIoAddress(ea=0x37700000, io=0x7600000, size=0x100000)
[W : PPU[1] Thread (CPUThread)[0x012ff088]]: cellGcmSys warning: cellGcmMapEaIoAddress(ea=0x37800000, io=0x7700000, size=0x100000)
[W : PPU[1] Thread (CPUThread)[0x012ff088]]: cellGcmSys warning: cellGcmMapEaIoAddress(ea=0x37900000, io=0x7800000, size=0x100000)
[W : PPU[1] Thread (CPUThread)[0x012ff088]]: cellGcmSys warning: cellGcmMapEaIoAddress(ea=0x37a00000, io=0x7900000, size=0x100000)
[W : PPU[1] Thread (CPUThread)[0x012ff088]]: cellGcmSys warning: cellGcmMapEaIoAddress(ea=0x37b00000, io=0x7a00000, size=0x100000)
[W : PPU[1] Thread (CPUThread)[0x012ff088]]: cellGcmSys warning: cellGcmMapEaIoAddress(ea=0x37c00000, io=0x7b00000, size=0x100000)
[W : PPU[1] Thread (CPUThread)[0x012ff088]]: cellGcmSys warning: cellGcmMapEaIoAddress(ea=0x37d00000, io=0x7c00000, size=0x100000)
[W : PPU[1] Thread (CPUThread)[0x012ff088]]: cellGcmSys warning: cellGcmMapEaIoAddress(ea=0x37e00000, io=0x7d00000, size=0x100000)
[W : PPU[1] Thread (CPUThread)[0x012ff088]]: cellGcmSys warning: cellGcmMapEaIoAddress(ea=0x37f00000, io=0x7e00000, size=0x100000)
[W : PPU[1] Thread (CPUThread)[0x012ff088]]: cellGcmSys warning: cellGcmMapEaIoAddress(ea=0x38000000, io=0x7f00000, size=0x100000)
[W : PPU[1] Thread (CPUThread)[0x012ff088]]: cellGcmSys warning: cellGcmMapEaIoAddress(ea=0x38100000, io=0x8000000, size=0x100000)
[W : PPU[1] Thread (CPUThread)[0x012ff088]]: cellGcmSys warning: cellGcmMapEaIoAddress(ea=0x38200000, io=0x8100000, size=0x100000)
[W : PPU[1] Thread (CPUThread)[0x012ff088]]: cellGcmSys warning: cellGcmMapEaIoAddress(ea=0x38300000, io=0x8200000, size=0x100000)
[W : PPU[1] Thread (CPUThread)[0x012ff088]]: cellGcmSys warning: cellGcmMapEaIoAddress(ea=0x38400000, io=0x8300000, size=0x100000)
[W : PPU[1] Thread (CPUThread)[0x012ff088]]: cellGcmSys warning: cellGcmMapEaIoAddress(ea=0x38500000, io=0x8400000, size=0x100000)
[W : PPU[1] Thread (CPUThread)[0x012ff088]]: cellGcmSys warning: cellGcmMapEaIoAddress(ea=0x38600000, io=0x8500000, size=0x100000)
[W : PPU[1] Thread (CPUThread)[0x012ff088]]: cellGcmSys warning: cellGcmMapEaIoAddress(ea=0x38700000, io=0x8600000, size=0x100000)
[W : PPU[1] Thread (CPUThread)[0x012ff088]]: cellGcmSys warning: cellGcmMapEaIoAddress(ea=0x38800000, io=0x8700000, size=0x100000)
[W : PPU[1] Thread (CPUThread)[0x012ff088]]: cellGcmSys warning: cellGcmMapEaIoAddress(ea=0x38900000, io=0x8800000, size=0x100000)
[W : PPU[1] Thread (CPUThread)[0x012ff088]]: cellGcmSys warning: cellGcmMapEaIoAddress(ea=0x38a00000, io=0x8900000, size=0x100000)
[W : PPU[1] Thread (CPUThread)[0x012ff088]]: cellGcmSys warning: cellGcmMapEaIoAddress(ea=0x38b00000, io=0x8a00000, size=0x100000)
[W : PPU[1] Thread (CPUThread)[0x012ff088]]: cellGcmSys warning: cellGcmMapEaIoAddress(ea=0x38c00000, io=0x8b00000, size=0x100000)
[W : PPU[1] Thread (CPUThread)[0x012ff088]]: cellGcmSys warning: cellGcmMapEaIoAddress(ea=0x38d00000, io=0x8c00000, size=0x100000)
[W : PPU[1] Thread (CPUThread)[0x012ff088]]: cellGcmSys warning: cellGcmMapEaIoAddress(ea=0x38e00000, io=0x8d00000, size=0x100000)
[W : PPU[1] Thread (CPUThread)[0x012ff088]]: cellGcmSys warning: cellGcmMapEaIoAddress(ea=0x38f00000, io=0x8e00000, size=0x100000)
[W : PPU[1] Thread (CPUThread)[0x012ff088]]: cellGcmSys warning: cellGcmMapEaIoAddress(ea=0x39000000, io=0x8f00000, size=0x100000)
[W : PPU[1] Thread (CPUThread)[0x012ff088]]: cellGcmSys warning: cellGcmMapEaIoAddress(ea=0x39100000, io=0x9000000, size=0x100000)
[W : PPU[1] Thread (CPUThread)[0x012ff088]]: cellGcmSys warning: cellGcmMapEaIoAddress(ea=0x39200000, io=0x9100000, size=0x100000)
[W : PPU[1] Thread (CPUThread)[0x012ff088]]: cellGcmSys warning: cellGcmMapEaIoAddress(ea=0x39300000, io=0x9200000, size=0x100000)
[W : PPU[1] Thread (CPUThread)[0x012ff088]]: cellGcmSys warning: cellGcmMapEaIoAddress(ea=0x39400000, io=0x9300000, size=0x100000)
[W : PPU[1] Thread (CPUThread)[0x012ff088]]: cellGcmSys warning: cellGcmMapEaIoAddress(ea=0x39500000, io=0x9400000, size=0x100000)
[W : PPU[1] Thread (CPUThread)[0x012ff088]]: cellGcmSys warning: cellGcmMapEaIoAddress(ea=0x39600000, io=0x9500000, size=0x100000)
[W : PPU[1] Thread (CPUThread)[0x012ff088]]: cellGcmSys warning: cellGcmMapEaIoAddress(ea=0x39700000, io=0x9600000, size=0x100000)
[W : PPU[1] Thread (CPUThread)[0x012ff088]]: cellGcmSys warning: cellGcmMapEaIoAddress(ea=0x39800000, io=0x9700000, size=0x100000)
[W : PPU[1] Thread (CPUThread)[0x012ff088]]: cellGcmSys warning: cellGcmMapEaIoAddress(ea=0x39900000, io=0x9800000, size=0x100000)
[W : PPU[1] Thread (CPUThread)[0x012ff088]]: cellGcmSys warning: cellGcmMapEaIoAddress(ea=0x39a00000, io=0x9900000, size=0x100000)
[W : PPU[1] Thread (CPUThread)[0x012ff088]]: cellGcmSys warning: cellGcmMapEaIoAddress(ea=0x39b00000, io=0x9a00000, size=0x100000)
[W : PPU[1] Thread (CPUThread)[0x012ff088]]: cellGcmSys warning: cellGcmMapEaIoAddress(ea=0x39c00000, io=0x9b00000, size=0x100000)
[W : PPU[1] Thread (CPUThread)[0x012ff088]]: cellGcmSys warning: cellGcmMapEaIoAddress(ea=0x39d00000, io=0x9c00000, size=0x100000)
[W : PPU[1] Thread (CPUThread)[0x012ff088]]: cellGcmSys warning: cellGcmMapEaIoAddress(ea=0x39e00000, io=0x9d00000, size=0x100000)
[W : PPU[1] Thread (CPUThread)[0x012ff088]]: cellGcmSys warning: cellGcmMapEaIoAddress(ea=0x39f00000, io=0x9e00000, size=0x100000)
[W : PPU[1] Thread (CPUThread)[0x012ff088]]: cellGcmSys warning: cellGcmMapEaIoAddress(ea=0x3a000000, io=0x9f00000, size=0x100000)
[W : PPU[1] Thread (CPUThread)[0x012ff088]]: cellGcmSys warning: cellGcmMapEaIoAddress(ea=0x3a100000, io=0xa000000, size=0x100000)
[W : PPU[1] Thread (CPUThread)[0x012ff088]]: cellGcmSys warning: cellGcmMapEaIoAddress(ea=0x3a200000, io=0xa100000, size=0x100000)
[W : PPU[1] Thread (CPUThread)[0x012ff088]]: cellGcmSys warning: cellGcmMapEaIoAddress(ea=0x3a300000, io=0xa200000, size=0x100000)
[E : PPU[1] Thread (CPUThread)[0x00cef0b8]]: TODO: _cellSpursEventFlagInitialize
[E : PPU[1] Thread (CPUThread)[0x00cef0e8]]: TODO: cellSpursEventFlagAttachLv2EventQueue
[E : PPU[1] Thread (CPUThread)[0x00cef070]]: TODO: _cellSpursJobChainAttributeInitialize
[E : PPU[1] Thread (CPUThread)[0x00cef058]]: TODO: cellSpursCreateJobChainWithAttribute
[E : PPU[1] Thread (CPUThread)[0x00cef0d0]]: TODO: cellSpursJobGuardInitialize
[E : PPU[1] Thread (CPUThread)[0x00cef004]]: TODO: cellSpursJobGuardReset
[E : PPU[1] Thread (CPUThread)[0x00cef0d0]]: TODO: cellSpursJobGuardInitialize
[E : PPU[1] Thread (CPUThread)[0x00cef004]]: TODO: cellSpursJobGuardReset
[E : PPU[1] Thread (CPUThread)[0x00cef0d0]]: TODO: cellSpursJobGuardInitialize
[E : PPU[1] Thread (CPUThread)[0x00cef004]]: TODO: cellSpursJobGuardReset
[E : PPU[1] Thread (CPUThread)[0x00cef0d0]]: TODO: cellSpursJobGuardInitialize
[E : PPU[1] Thread (CPUThread)[0x00cef004]]: TODO: cellSpursJobGuardReset
[E : PPU[1] Thread (CPUThread)[0x00cef0d0]]: TODO: cellSpursJobGuardInitialize
[E : PPU[1] Thread (CPUThread)[0x00cef004]]: TODO: cellSpursJobGuardReset
[E : PPU[1] Thread (CPUThread)[0x00cef0d0]]: TODO: cellSpursJobGuardInitialize
[E : PPU[1] Thread (CPUThread)[0x00cef004]]: TODO: cellSpursJobGuardReset
[E : PPU[1] Thread (CPUThread)[0x00cef0d0]]: TODO: cellSpursJobGuardInitialize
[E : PPU[1] Thread (CPUThread)[0x00cef004]]: TODO: cellSpursJobGuardReset
[E : PPU[1] Thread (CPUThread)[0x00cef0d0]]: TODO: cellSpursJobGuardInitialize
[E : PPU[1] Thread (CPUThread)[0x00cef004]]: TODO: cellSpursJobGuardReset
[E : PPU[1] Thread (CPUThread)[0x00cef1cc]]: TODO: cellSpursRunJobChain
[W : PPU[1] Thread (CPUThread)[0x012ff004]]: cellGcmSys warning: cellGcmGetTiledPitchSize(size=5120)
[W : PPU[1] Thread (CPUThread)[0x00ced004]]: cellSysutil warning: cellVideoOutConfigure(videoOut=0, config_addr=0xd00205a4, option_addr=0x0, waitForEvent=0x0)
[W : PPU[1] Thread (CPUThread)[0x012ff064]]: cellGcmSys warning: cellGcmSetFlipMode(mode=1)
[W : PPU[1] Thread (CPUThread)[0x012ff004]]: cellGcmSys warning: cellGcmGetTiledPitchSize(size=5120)
[W : PPU[1] Thread (CPUThread)[0x012ff118]]: cellGcmSys warning: cellGcmSetTile(index=0, location=0, offset=0, size=3801088, pitch=5120, comp=0, base=0, bank=0)
[W : PPU[1] Thread (CPUThread)[0x012ff004]]: cellGcmSys warning: cellGcmGetTiledPitchSize(size=5120)
[W : PPU[1] Thread (CPUThread)[0x012ff118]]: cellGcmSys warning: cellGcmSetTile(index=1, location=0, offset=3801088, size=3801088, pitch=5120, comp=0, base=58, bank=0)
[W : PPU[1] Thread (CPUThread)[0x012ff0d0]]: cellGcmSys warning: cellGcmSetDisplayBuffer(id=0x0,offset=0x0,pitch=4,width=1280,height=720)
[W : PPU[1] Thread (CPUThread)[0x012ff0d0]]: cellGcmSys warning: cellGcmSetDisplayBuffer(id=0x1,offset=0x3a0000,pitch=4,width=1280,height=720)
[W : PPU[1] Thread (CPUThread)[0x012ff0c4]]: cellGcmSys warning: cellGcmSetFlipHandler(handler_addr=13977392)
[W : PPU[1] Thread (CPUThread)[0x012ff010]]: cellGcmSys warning: cellGcmSetUserHandler(handler=0xd54738)
[W : PPU[1] Thread (CPUThread)[0x012ff0f4]]: cellGcmSys warning: cellGcmSetDefaultCommandBuffer()
[E : PPU[1] Thread (CPUThread)[0x012ff0e8]]: cellGcmSys error: Unimplemented function: cellGcmSetVBlankHandler
[W : PPU[1] Thread (CPUThread)[0x0056fc88]]: sys_mutex warning: *** mutex created [] (protocol=0x2, recursive=false): id = 29
[W : PPU[1] Thread (CPUThread)[0x0056fcb0]]: sys_cond warning: *** condition created [] (mutex_id=29): id = 30
[W : PPU[1] Thread (CPUThread)[0x0056fc88]]: sys_mutex warning: *** mutex created [] (protocol=0x2, recursive=false): id = 31
[W : PPU[1] Thread (CPUThread)[0x0056fcb0]]: sys_cond warning: *** condition created [] (mutex_id=31): id = 32
[W : PPU[1] Thread (CPUThread)[0x0056fc88]]: sys_mutex warning: *** mutex created [] (protocol=0x2, recursive=false): id = 33
[W : PPU[1] Thread (CPUThread)[0x0056fcb0]]: sys_cond warning: *** condition created [] (mutex_id=33): id = 34
[W : PPU[1] Thread (CPUThread)[0x0056fc88]]: sys_mutex warning: *** mutex created [] (protocol=0x2, recursive=false): id = 35
[W : PPU[1] Thread (CPUThread)[0x0056fcb0]]: sys_cond warning: *** condition created [] (mutex_id=35): id = 36
[W : PPU[1] Thread (CPUThread)[0x0056fc88]]: sys_mutex warning: *** mutex created [] (protocol=0x2, recursive=false): id = 37
[W : PPU[1] Thread (CPUThread)[0x0056fcb0]]: sys_cond warning: *** condition created [] (mutex_id=37): id = 38
[W : PPU[1] Thread (CPUThread)[0x0056fc88]]: sys_mutex warning: *** mutex created [] (protocol=0x2, recursive=false): id = 39
[W : PPU[1] Thread (CPUThread)[0x0056fcb0]]: sys_cond warning: *** condition created [] (mutex_id=39): id = 40
[E : PPU[1] Thread (CPUThread)[0x00cef028]]: TODO: _cellSpursTasksetAttributeInitialize
[E : PPU[1] Thread (CPUThread)[0x00cef0c4]]: TODO: cellSpursTasksetAttributeSetName
[E : PPU[1] Thread (CPUThread)[0x00cef184]]: TODO: cellSpursCreateTasksetWithAttribute
[E : PPU[1] Thread (CPUThread)[0x00cef0b8]]: TODO: _cellSpursEventFlagInitialize
[E : PPU[1] Thread (CPUThread)[0x00cef0e8]]: TODO: cellSpursEventFlagAttachLv2EventQueue
[E : PPU[1] Thread (CPUThread)[0x00cef0b8]]: TODO: _cellSpursEventFlagInitialize
[E : PPU[1] Thread (CPUThread)[0x00cef0e8]]: TODO: cellSpursEventFlagAttachLv2EventQueue
[E : PPU[1] Thread (CPUThread)[0x00cef010]]: TODO: _cellSpursLFQueueInitialize
[E : PPU[1] Thread (CPUThread)[0x00cef034]]: TODO: cellSpursLFQueueAttachLv2EventQueue
[W : PPU[1] Thread (CPUThread)[0x000c71e0]]: sys_mutex warning: *** mutex created [] (protocol=0x1, recursive=false): id = 44
[W : PPU[1] Thread (CPUThread)[0x01315034]]: sys_lwmutex warning: *** lwmutex created [] (attribute=0x22): sq_id = 45
[E : PPU[1] Thread (CPUThread)[0x00cef178]]: TODO: cellSpursCreateTask
[W : PPU[1] Thread (CPUThread)[0x01315034]]: sys_lwmutex warning: *** lwmutex created [] (attribute=0x22): sq_id = 49
[W : PPU[1] Thread (CPUThread)[0x01315034]]: sys_lwmutex warning: *** lwmutex created [] (attribute=0x22): sq_id = 50
[W : PPU[1] Thread (CPUThread)[0x01315034]]: sys_lwmutex warning: *** lwmutex created [] (attribute=0x22): sq_id = 51
[W : PPU[1] Thread (CPUThread)[0x01315034]]: sys_lwmutex warning: *** lwmutex created [] (attribute=0x22): sq_id = 52
[W : PPU[1] Thread (CPUThread)[0x01315034]]: sys_lwmutex warning: *** lwmutex created [] (attribute=0x22): sq_id = 53
[W : PPU[1] Thread (CPUThread)[0x01315034]]: sys_lwmutex warning: *** lwmutex created [] (attribute=0x22): sq_id = 54
[W : PPU[1] Thread (CPUThread)[0x01315034]]: sys_lwmutex warning: *** lwmutex created [] (attribute=0x22): sq_id = 55
[W : PPU[1] Thread (CPUThread)[0x01315034]]: sys_lwmutex warning: *** lwmutex created [] (attribute=0x22): sq_id = 56
[W : PPU[1] Thread (CPUThread)[0x01315034]]: sys_lwmutex warning: *** lwmutex created [] (attribute=0x22): sq_id = 57
[W : PPU[1] Thread (CPUThread)[0x01315034]]: sys_lwmutex warning: *** lwmutex created [] (attribute=0x22): sq_id = 58
[W : PPU[1] Thread (CPUThread)[0x01315034]]: sys_lwmutex warning: *** lwmutex created [] (attribute=0x22): sq_id = 59
[W : PPU[1] Thread (CPUThread)[0x01315034]]: sys_lwmutex warning: *** lwmutex created [] (attribute=0x22): sq_id = 60
[W : PPU[1] Thread (CPUThread)[0x01315034]]: sys_lwmutex warning: *** lwmutex created [] (attribute=0x22): sq_id = 61
[W : PPU[1] Thread (CPUThread)[0x012fd010]]: cellSysmodule warning: cellSysmoduleLoadModule(CELL_SYSMODULE_IO)
[W : PPU[1] Thread (CPUThread)[0x012fd010]]: cellSysmodule warning: cellSysmoduleLoadModule(CELL_SYSMODULE_GEM)
[E : PPU[1] Thread (CPUThread)[0x0130d040]]: TODO: cellGemGetMemorySize
[E : PPU[1] Thread (CPUThread)[0x0130d010]]: TODO: cellGemInit
[W : PPU[1] Thread (CPUThread)[0x01315034]]: sys_lwmutex warning: *** lwmutex created [] (attribute=0x22): sq_id = 62
[W : PPU[1] Thread (CPUThread)[0x01315034]]: sys_lwmutex warning: *** lwmutex created [] (attribute=0x22): sq_id = 64
[W : PPU[1] Thread (CPUThread)[0x01315034]]: sys_lwmutex warning: *** lwmutex created [] (attribute=0x22): sq_id = 65
[W : PPU[1] Thread (CPUThread)[0x01315034]]: sys_lwmutex warning: *** lwmutex created [] (attribute=0x22): sq_id = 66
[E : PPU[1] Thread (CPUThread)[0x00cef190]]: TODO: _cellSpursTasksetAttribute2Initialize
[E : PPU[1] Thread (CPUThread)[0x00cef094]]: TODO: cellSpursCreateTaskset2
[E : PPU[1] Thread (CPUThread)[0x00cef010]]: TODO: _cellSpursLFQueueInitialize
[E : PPU[1] Thread (CPUThread)[0x00cef034]]: TODO: cellSpursLFQueueAttachLv2EventQueue
[E : PPU[1] Thread (CPUThread)[0x00cef010]]: TODO: _cellSpursLFQueueInitialize
[E : PPU[1] Thread (CPUThread)[0x00cef034]]: TODO: cellSpursLFQueueAttachLv2EventQueue
[E : PPU[1] Thread (CPUThread)[0x00cef1c0]]: TODO: cellSpursCreateTask2WithBinInfo
[E : PPU[1] Thread (CPUThread)[0x00cef010]]: TODO: _cellSpursLFQueueInitialize
[E : PPU[1] Thread (CPUThread)[0x00cef034]]: TODO: cellSpursLFQueueAttachLv2EventQueue
[E : PPU[1] Thread (CPUThread)[0x00cef010]]: TODO: _cellSpursLFQueueInitialize
[E : PPU[1] Thread (CPUThread)[0x00cef034]]: TODO: cellSpursLFQueueAttachLv2EventQueue
[E : PPU[1] Thread (CPUThread)[0x00cef1c0]]: TODO: cellSpursCreateTask2WithBinInfo
[E : PPU[1] Thread (CPUThread)[0x00cef010]]: TODO: _cellSpursLFQueueInitialize
[E : PPU[1] Thread (CPUThread)[0x00cef034]]: TODO: cellSpursLFQueueAttachLv2EventQueue
[E : PPU[1] Thread (CPUThread)[0x00cef010]]: TODO: _cellSpursLFQueueInitialize
[E : PPU[1] Thread (CPUThread)[0x00cef034]]: TODO: cellSpursLFQueueAttachLv2EventQueue
[E : PPU[1] Thread (CPUThread)[0x00cef1c0]]: TODO: cellSpursCreateTask2WithBinInfo
[W : PPU[1] Thread (CPUThread)[0x008192dc]]: sys_mutex warning: *** mutex created [] (protocol=0x2, recursive=false): id = 68
[W : PPU[1] Thread (CPUThread)[0x00819304]]: sys_cond warning: *** condition created [] (mutex_id=68): id = 69
[W : PPU[1] Thread (CPUThread)[0x012ff004]]: cellGcmSys warning: cellGcmGetTiledPitchSize(size=10240)
[W : PPU[1] Thread (CPUThread)[0x012ff118]]: cellGcmSys warning: cellGcmSetTile(index=2, location=0, offset=7602176, size=7536640, pitch=10240, comp=11, base=116, bank=1)
[E : PPU[1] Thread (CPUThread)[0x012ff118]]: cellGcmSys error: cellGcmSetTile: bad comp! (11)
[W : PPU[1] Thread (CPUThread)[0x012ff124]]: cellGcmSys warning: TODO: cellGcmSetZcull(index=0, offset=0x740000, width=1280, height=768, cullStart=0x0, zFormat=0x2, aaFormat=0x3, zCullDir=0x0, zCullFormat=0x1, sFunc=0x201, sRef=0x80, sMask=0xff)
[W : PPU[1] Thread (CPUThread)[0x012ff004]]: cellGcmSys warning: cellGcmGetTiledPitchSize(size=10240)
[W : PPU[1] Thread (CPUThread)[0x012ff118]]: cellGcmSys warning: cellGcmSetTile(index=3, location=0, offset=15138816, size=7536640, pitch=10240, comp=7, base=231, bank=0)
[E : PPU[1] Thread (CPUThread)[0x012ff118]]: cellGcmSys error: cellGcmSetTile: bad comp! (7)
[W : PPU[1] Thread (CPUThread)[0x012ff004]]: cellGcmSys warning: cellGcmGetTiledPitchSize(size=5120)
[W : PPU[1] Thread (CPUThread)[0x012ff118]]: cellGcmSys warning: cellGcmSetTile(index=4, location=0, offset=22675456, size=3801088, pitch=5120, comp=0, base=346, bank=0)
[W : PPU[1] Thread (CPUThread)[0x012ff004]]: cellGcmSys warning: cellGcmGetTiledPitchSize(size=2048)
[W : PPU[1] Thread (CPUThread)[0x012ff118]]: cellGcmSys warning: cellGcmSetTile(index=5, location=0, offset=26476544, size=1048576, pitch=2048, comp=0, base=404, bank=0)
[W : PPU[1] Thread (CPUThread)[0x012ff004]]: cellGcmSys warning: cellGcmGetTiledPitchSize(size=2048)
[W : PPU[1] Thread (CPUThread)[0x012ff118]]: cellGcmSys warning: cellGcmSetTile(index=6, location=0, offset=27525120, size=1048576, pitch=2048, comp=10, base=420, bank=1)
[E : PPU[1] Thread (CPUThread)[0x012ff118]]: cellGcmSys error: cellGcmSetTile: bad comp! (10)
[W : PPU[1] Thread (CPUThread)[0x012ff124]]: cellGcmSys warning: TODO: cellGcmSetZcull(index=1, offset=0x1a40000, width=512, height=512, cullStart=0xf0000, zFormat=0x2, aaFormat=0x0, zCullDir=0x0, zCullFormat=0x1, sFunc=0x201, sRef=0x80, sMask=0xff)
[W : PPU[1] Thread (CPUThread)[0x012ff004]]: cellGcmSys warning: cellGcmGetTiledPitchSize(size=672)
[W : PPU[1] Thread (CPUThread)[0x012ff118]]: cellGcmSys warning: cellGcmSetTile(index=7, location=0, offset=34144256, size=65536, pitch=672, comp=0, base=436, bank=0)
[W : PPU[1] Thread (CPUThread)[0x012ff004]]: cellGcmSys warning: cellGcmGetTiledPitchSize(size=4096)
[W : PPU[1] Thread (CPUThread)[0x012ff118]]: cellGcmSys warning: cellGcmSetTile(index=8, location=0, offset=35258368, size=8388608, pitch=4096, comp=0, base=437, bank=0)
[W : PPU[1] Thread (CPUThread)[0x012ff004]]: cellGcmSys warning: cellGcmGetTiledPitchSize(size=4096)
[W : PPU[1] Thread (CPUThread)[0x012ff118]]: cellGcmSys warning: cellGcmSetTile(index=9, location=0, offset=43646976, size=8388608, pitch=4096, comp=0, base=565, bank=0)
[W : PPU[1] Thread (CPUThread)[0x012ff004]]: cellGcmSys warning: cellGcmGetTiledPitchSize(size=4096)
[W : PPU[1] Thread (CPUThread)[0x012ff118]]: cellGcmSys warning: cellGcmSetTile(index=10, location=0, offset=52035584, size=8388608, pitch=4096, comp=0, base=693, bank=0)
[W : PPU[1] Thread (CPUThread)[0x012ff004]]: cellGcmSys warning: cellGcmGetTiledPitchSize(size=4096)
[W : PPU[1] Thread (CPUThread)[0x012ff118]]: cellGcmSys warning: cellGcmSetTile(index=11, location=0, offset=60424192, size=4194304, pitch=4096, comp=0, base=821, bank=0)
[W : PPU[1] Thread (CPUThread)[0x012ff004]]: cellGcmSys warning: cellGcmGetTiledPitchSize(size=2048)
[W : PPU[1] Thread (CPUThread)[0x012ff118]]: cellGcmSys warning: cellGcmSetTile(index=12, location=0, offset=64618496, size=1048576, pitch=2048, comp=0, base=885, bank=0)
[W : PPU[1] Thread (CPUThread)[0x008192dc]]: sys_mutex warning: *** mutex created [] (protocol=0x2, recursive=false): id = 70
[W : PPU[1] Thread (CPUThread)[0x00819304]]: sys_cond warning: *** condition created [] (mutex_id=70): id = 71
[W : PPU[1] Thread (CPUThread)[0x0056fc88]]: sys_mutex warning: *** mutex created [] (protocol=0x2, recursive=false): id = 72
[W : PPU[1] Thread (CPUThread)[0x0056fcb0]]: sys_cond warning: *** condition created [] (mutex_id=72): id = 73
[W : PPU[1] Thread (CPUThread)[0x012fd010]]: cellSysmodule warning: cellSysmoduleLoadModule(CELL_SYSMODULE_SYNC)
[W : PPU[1] Thread (CPUThread)[0x01315034]]: sys_lwmutex warning: *** lwmutex created [] (attribute=0x22): sq_id = 74
[W : PPU[1] Thread (CPUThread)[0x01315034]]: sys_lwmutex warning: *** lwmutex created [] (attribute=0x22): sq_id = 75
[W : PPU[1] Thread (CPUThread)[0x01315034]]: sys_lwmutex warning: *** lwmutex created [] (attribute=0x22): sq_id = 76
[W : PPU[1] Thread (CPUThread)[0x008f5b8c]]: sys_event warning: sys_event_queue_create(equeue_id_addr=0x3a411528, attr_addr=0xd002040c, event_queue_key=0x0, size=10)
[W : PPU[1] Thread (CPUThread)[0x008f5b8c]]: sys_event warning: *** event_queue created [memserv] (protocol=0x1, type=0x1): id = 77
[W : PPU[1] Thread (CPUThread)[0x00cef16c]]: cellSpurs warning: cellSpursAttachLv2EventQueue(spurs_addr=0xea0c00, queue=0x4d, port_addr=0xd0020410, isDynamic=1)
[W : PPU[1] Thread (CPUThread)[0x00903818]]: sys_event warning: sys_event_queue_create(equeue_id_addr=0xd0020334, attr_addr=0xd0020344, event_queue_key=0x0, size=50)
[W : PPU[1] Thread (CPUThread)[0x00903818]]: sys_event warning: *** event_queue created [hkSem] (protocol=0x1, type=0x1): id = 79
[W : PPU[1] Thread (CPUThread)[0x00903838]]: sys_event warning: sys_event_port_create(eport_id_addr=0x3a6e4658, port_type=0x1, name=0x0)
[W : PPU[1] Thread (CPUThread)[0x00903838]]: sys_event warning: *** sys_event_port created: id = 80
[W : PPU[1] Thread (CPUThread)[0x00903848]]: sys_event warning: sys_event_port_connect_local(eport_id=80, equeue_id=79)
[W : PPU[1] Thread (CPUThread)[0x00cef16c]]: cellSpurs warning: cellSpursAttachLv2EventQueue(spurs_addr=0xea0c00, queue=0x4f, port_addr=0xd0020330, isDynamic=1)
[E : PPU[1] Thread (CPUThread)[0x00cef028]]: TODO: _cellSpursTasksetAttributeInitialize
[E : PPU[1] Thread (CPUThread)[0x00cef0c4]]: TODO: cellSpursTasksetAttributeSetName
[E : PPU[1] Thread (CPUThread)[0x00cef100]]: TODO: cellSpursTasksetAttributeSetTasksetSize
[E : PPU[1] Thread (CPUThread)[0x00cef184]]: TODO: cellSpursCreateTasksetWithAttribute
[W : PPU[1] Thread (CPUThread)[0x01315034]]: sys_lwmutex warning: *** lwmutex created [] (attribute=0x22): sq_id = 81
[W : PPU[1] Thread (CPUThread)[0x00903818]]: sys_event warning: sys_event_queue_create(equeue_id_addr=0xd00202f4, attr_addr=0xd0020304, event_queue_key=0x0, size=50)
[W : PPU[1] Thread (CPUThread)[0x00903818]]: sys_event warning: *** event_queue created [hkSem] (protocol=0x1, type=0x1): id = 82
[W : PPU[1] Thread (CPUThread)[0x00903838]]: sys_event warning: sys_event_port_create(eport_id_addr=0x3a6e4688, port_type=0x1, name=0x0)
[W : PPU[1] Thread (CPUThread)[0x00903838]]: sys_event warning: *** sys_event_port created: id = 83
[W : PPU[1] Thread (CPUThread)[0x00903848]]: sys_event warning: sys_event_port_connect_local(eport_id=83, equeue_id=82)
[W : PPU[1] Thread (CPUThread)[0x00cef16c]]: cellSpurs warning: cellSpursAttachLv2EventQueue(spurs_addr=0xea0c00, queue=0x52, port_addr=0xd00202f0, isDynamic=1)
[W : PPU[1] Thread (CPUThread)[0x00903818]]: sys_event warning: sys_event_queue_create(equeue_id_addr=0xd00202f4, attr_addr=0xd0020304, event_queue_key=0x0, size=50)
[W : PPU[1] Thread (CPUThread)[0x00903818]]: sys_event warning: *** event_queue created [hkSem] (protocol=0x1, type=0x1): id = 84
[W : PPU[1] Thread (CPUThread)[0x00903838]]: sys_event warning: sys_event_port_create(eport_id_addr=0x3a6e46b8, port_type=0x1, name=0x0)
[W : PPU[1] Thread (CPUThread)[0x00903838]]: sys_event warning: *** sys_event_port created: id = 85
[W : PPU[1] Thread (CPUThread)[0x00903848]]: sys_event warning: sys_event_port_connect_local(eport_id=85, equeue_id=84)
[W : PPU[1] Thread (CPUThread)[0x00cef16c]]: cellSpurs warning: cellSpursAttachLv2EventQueue(spurs_addr=0xea0c00, queue=0x54, port_addr=0xd00202f0, isDynamic=1)
[W : PPU[1] Thread (CPUThread)[0x00903818]]: sys_event warning: sys_event_queue_create(equeue_id_addr=0xd00202f4, attr_addr=0xd0020304, event_queue_key=0x0, size=50)
[W : PPU[1] Thread (CPUThread)[0x00903818]]: sys_event warning: *** event_queue created [hkSem] (protocol=0x1, type=0x1): id = 86
[W : PPU[1] Thread (CPUThread)[0x00903838]]: sys_event warning: sys_event_port_create(eport_id_addr=0x3a6e46a8, port_type=0x1, name=0x0)
[W : PPU[1] Thread (CPUThread)[0x00903838]]: sys_event warning: *** sys_event_port created: id = 87
[W : PPU[1] Thread (CPUThread)[0x00903848]]: sys_event warning: sys_event_port_connect_local(eport_id=87, equeue_id=86)
[W : PPU[1] Thread (CPUThread)[0x00cef16c]]: cellSpurs warning: cellSpursAttachLv2EventQueue(spurs_addr=0xea0c00, queue=0x56, port_addr=0xd00202f0, isDynamic=1)
[W : PPU[1] Thread (CPUThread)[0x00903818]]: sys_event warning: sys_event_queue_create(equeue_id_addr=0xd00202f4, attr_addr=0xd0020304, event_queue_key=0x0, size=50)
[W : PPU[1] Thread (CPUThread)[0x00903818]]: sys_event warning: *** event_queue created [hkSem] (protocol=0x1, type=0x1): id = 88
[W : PPU[1] Thread (CPUThread)[0x00903838]]: sys_event warning: sys_event_port_create(eport_id_addr=0x3a6e4698, port_type=0x1, name=0x0)
[W : PPU[1] Thread (CPUThread)[0x00903838]]: sys_event warning: *** sys_event_port created: id = 89
[W : PPU[1] Thread (CPUThread)[0x00903848]]: sys_event warning: sys_event_port_connect_local(eport_id=89, equeue_id=88)
[W : PPU[1] Thread (CPUThread)[0x00cef16c]]: cellSpurs warning: cellSpursAttachLv2EventQueue(spurs_addr=0xea0c00, queue=0x58, port_addr=0xd00202f0, isDynamic=1)
[W : PPU[1] Thread (CPUThread)[0x00903818]]: sys_event warning: sys_event_queue_create(equeue_id_addr=0xd00202f4, attr_addr=0xd0020304, event_queue_key=0x0, size=50)
[W : PPU[1] Thread (CPUThread)[0x00903818]]: sys_event warning: *** event_queue created [hkSem] (protocol=0x1, type=0x1): id = 90
[W : PPU[1] Thread (CPUThread)[0x00903838]]: sys_event warning: sys_event_port_create(eport_id_addr=0x3a6e46c8, port_type=0x1, name=0x0)
[W : PPU[1] Thread (CPUThread)[0x00903838]]: sys_event warning: *** sys_event_port created: id = 91
[W : PPU[1] Thread (CPUThread)[0x00903848]]: sys_event warning: sys_event_port_connect_local(eport_id=91, equeue_id=90)
[W : PPU[1] Thread (CPUThread)[0x00cef16c]]: cellSpurs warning: cellSpursAttachLv2EventQueue(spurs_addr=0xea0c00, queue=0x5a, port_addr=0xd00202f0, isDynamic=1)
[W : PPU[1] Thread (CPUThread)[0x00903818]]: sys_event warning: sys_event_queue_create(equeue_id_addr=0xd00202f4, attr_addr=0xd0020304, event_queue_key=0x0, size=50)
[W : PPU[1] Thread (CPUThread)[0x00903818]]: sys_event warning: *** event_queue created [hkSem] (protocol=0x1, type=0x1): id = 92
[W : PPU[1] Thread (CPUThread)[0x00903838]]: sys_event warning: sys_event_port_create(eport_id_addr=0x3a6e46f8, port_type=0x1, name=0x0)
[W : PPU[1] Thread (CPUThread)[0x00903838]]: sys_event warning: *** sys_event_port created: id = 93
[W : PPU[1] Thread (CPUThread)[0x00903848]]: sys_event warning: sys_event_port_connect_local(eport_id=93, equeue_id=92)
[W : PPU[1] Thread (CPUThread)[0x00cef16c]]: cellSpurs warning: cellSpursAttachLv2EventQueue(spurs_addr=0xea0c00, queue=0x5c, port_addr=0xd00202f0, isDynamic=1)
[W : PPU[1] Thread (CPUThread)[0x00903818]]: sys_event warning: sys_event_queue_create(equeue_id_addr=0xd00202f4, attr_addr=0xd0020304, event_queue_key=0x0, size=50)
[W : PPU[1] Thread (CPUThread)[0x00903818]]: sys_event warning: *** event_queue created [hkSem] (protocol=0x1, type=0x1): id = 94
[W : PPU[1] Thread (CPUThread)[0x00903838]]: sys_event warning: sys_event_port_create(eport_id_addr=0x3a6e46e8, port_type=0x1, name=0x0)
[W : PPU[1] Thread (CPUThread)[0x00903838]]: sys_event warning: *** sys_event_port created: id = 95
[W : PPU[1] Thread (CPUThread)[0x00903848]]: sys_event warning: sys_event_port_connect_local(eport_id=95, equeue_id=94)
[W : PPU[1] Thread (CPUThread)[0x00cef16c]]: cellSpurs warning: cellSpursAttachLv2EventQueue(spurs_addr=0xea0c00, queue=0x5e, port_addr=0xd00202f0, isDynamic=1)
[W : PPU[1] Thread (CPUThread)[0x01315034]]: sys_lwmutex warning: *** lwmutex created [] (attribute=0x22): sq_id = 96
[E : PPU[1] Thread (CPUThread)[0x00cef028]]: TODO: _cellSpursTasksetAttributeInitialize
[E : PPU[1] Thread (CPUThread)[0x00cef0c4]]: TODO: cellSpursTasksetAttributeSetName
[E : PPU[1] Thread (CPUThread)[0x00cef100]]: TODO: cellSpursTasksetAttributeSetTasksetSize
[E : PPU[1] Thread (CPUThread)[0x00cef184]]: TODO: cellSpursCreateTasksetWithAttribute
[E : PPU[1] Thread (CPUThread)[0x00cef010]]: TODO: _cellSpursLFQueueInitialize
[E : PPU[1] Thread (CPUThread)[0x00cef034]]: TODO: cellSpursLFQueueAttachLv2EventQueue
[E : PPU[1] Thread (CPUThread)[0x00cef064]]: TODO: cellSpursTaskExitCodeInitialize
[E : PPU[1] Thread (CPUThread)[0x00cef160]]: TODO: _cellSpursTaskAttributeInitialize
[E : PPU[1] Thread (CPUThread)[0x00cef124]]: TODO: cellSpursTaskAttributeSetExitCodeContainer
[E : PPU[1] Thread (CPUThread)[0x00cef040]]: TODO: cellSpursCreateTaskWithAttribute
[E : PPU[1] Thread (CPUThread)[0x00cef0b8]]: TODO: _cellSpursEventFlagInitialize
[E : PPU[1] Thread (CPUThread)[0x00cef0e8]]: TODO: cellSpursEventFlagAttachLv2EventQueue
[E : PPU[1] Thread (CPUThread)[0x00cef0f4]]: TODO: _cellSpursLFQueuePushBody
[E : PPU[1] Thread (CPUThread)[0x00cef0f4]]: TODO: _cellSpursLFQueuePushBody
[E : PPU[1] Thread (CPUThread)[0x00cef0f4]]: TODO: _cellSpursLFQueuePushBody
[E : PPU[1] Thread (CPUThread)[0x00cef0f4]]: TODO: _cellSpursLFQueuePushBody
[E : PPU[1] Thread (CPUThread)[0x00cef0f4]]: TODO: _cellSpursLFQueuePushBody
[E : PPU[1] Thread (CPUThread)[0x00cef0f4]]: TODO: _cellSpursLFQueuePushBody
[E : PPU[1] Thread (CPUThread)[0x00cef0f4]]: TODO: _cellSpursLFQueuePushBody
[E : PPU[1] Thread (CPUThread)[0x00cef0f4]]: TODO: _cellSpursLFQueuePushBody
[E : PPU[1] Thread (CPUThread)[0x00cef0f4]]: TODO: _cellSpursLFQueuePushBody
[E : PPU[1] Thread (CPUThread)[0x00cef0f4]]: TODO: _cellSpursLFQueuePushBody
[E : PPU[1] Thread (CPUThread)[0x00cef0b8]]: TODO: _cellSpursEventFlagInitialize
[E : PPU[1] Thread (CPUThread)[0x00cef070]]: TODO: _cellSpursJobChainAttributeInitialize
[E : PPU[1] Thread (CPUThread)[0x00cef058]]: TODO: cellSpursCreateJobChainWithAttribute
[E : PPU[1] Thread (CPUThread)[0x00cef0d0]]: TODO: cellSpursJobGuardInitialize
[E : PPU[1] Thread (CPUThread)[0x00cef004]]: TODO: cellSpursJobGuardReset
[E : PPU[1] Thread (CPUThread)[0x00cef0d0]]: TODO: cellSpursJobGuardInitialize
[E : PPU[1] Thread (CPUThread)[0x00cef004]]: TODO: cellSpursJobGuardReset
[E : PPU[1] Thread (CPUThread)[0x00cef0d0]]: TODO: cellSpursJobGuardInitialize
[E : PPU[1] Thread (CPUThread)[0x00cef004]]: TODO: cellSpursJobGuardReset
[E : PPU[1] Thread (CPUThread)[0x00cef0d0]]: TODO: cellSpursJobGuardInitialize
[E : PPU[1] Thread (CPUThread)[0x00cef004]]: TODO: cellSpursJobGuardReset
[E : PPU[1] Thread (CPUThread)[0x00cef0d0]]: TODO: cellSpursJobGuardInitialize
[E : PPU[1] Thread (CPUThread)[0x00cef004]]: TODO: cellSpursJobGuardReset
[E : PPU[1] Thread (CPUThread)[0x00cef0d0]]: TODO: cellSpursJobGuardInitialize
[E : PPU[1] Thread (CPUThread)[0x00cef004]]: TODO: cellSpursJobGuardReset
[E : PPU[1] Thread (CPUThread)[0x00cef0d0]]: TODO: cellSpursJobGuardInitialize
[E : PPU[1] Thread (CPUThread)[0x00cef004]]: TODO: cellSpursJobGuardReset
[E : PPU[1] Thread (CPUThread)[0x00cef0d0]]: TODO: cellSpursJobGuardInitialize
[E : PPU[1] Thread (CPUThread)[0x00cef004]]: TODO: cellSpursJobGuardReset
[E : PPU[1] Thread (CPUThread)[0x00cef1cc]]: TODO: cellSpursRunJobChain
[E : PPU[1] Thread (CPUThread)[0x00cef0f4]]: TODO: _cellSpursLFQueuePushBody
[E : PPU[1] Thread (CPUThread)[0x00cef0f4]]: TODO: _cellSpursLFQueuePushBody
[E : PPU[1] Thread (CPUThread)[0x00cef0f4]]: TODO: _cellSpursLFQueuePushBody
[E : PPU[1] Thread (CPUThread)[0x00cef0f4]]: TODO: _cellSpursLFQueuePushBody
[E : PPU[1] Thread (CPUThread)[0x00cef0f4]]: TODO: _cellSpursLFQueuePushBody
[E : PPU[1] Thread (CPUThread)[0x00cef0f4]]: TODO: _cellSpursLFQueuePushBody
[E : PPU[1] Thread (CPUThread)[0x00cef0f4]]: TODO: _cellSpursLFQueuePushBody
[E : PPU[1] Thread (CPUThread)[0x00cef0f4]]: TODO: _cellSpursLFQueuePushBody
[E : PPU[1] Thread (CPUThread)[0x00cef0f4]]: TODO: _cellSpursLFQueuePushBody
[E : PPU[1] Thread (CPUThread)[0x00cef0f4]]: TODO: _cellSpursLFQueuePushBody
[E : PPU[1] Thread (CPUThread)[0x00cef0f4]]: TODO: _cellSpursLFQueuePushBody
[E : PPU[1] Thread (CPUThread)[0x00cef0f4]]: TODO: _cellSpursLFQueuePushBody
[E : PPU[1] Thread (CPUThread)[0x00cef0f4]]: TODO: _cellSpursLFQueuePushBody
[E : PPU[1] Thread (CPUThread)[0x00cef0f4]]: TODO: _cellSpursLFQueuePushBody
[E : PPU[1] Thread (CPUThread)[0x00cef0f4]]: TODO: _cellSpursLFQueuePushBody
[E : PPU[1] Thread (CPUThread)[0x00cef0f4]]: TODO: _cellSpursLFQueuePushBody
[E : PPU[1] Thread (CPUThread)[0x00cef0f4]]: TODO: _cellSpursLFQueuePushBody
[W : PPU[1] Thread (CPUThread)[0x012fd010]]: cellSysmodule warning: cellSysmoduleLoadModule(CELL_SYSMODULE_AUDIO)
[W : PPU[1] Thread (CPUThread)[0x00ced088]]: cellSysutil warning: cellAudioOutGetSoundAvailability(audioOut=0, type=0, fs=0x4, option=0)
[W : PPU[1] Thread (CPUThread)[0x00ced088]]: cellSysutil warning: cellAudioOutGetSoundAvailability(audioOut=0, type=1, fs=0x4, option=0)
[W : PPU[1] Thread (CPUThread)[0x00ced088]]: cellSysutil warning: cellAudioOutGetSoundAvailability(audioOut=0, type=6, fs=0x4, option=0)
[W : PPU[1] Thread (CPUThread)[0x00ced034]]: cellSysutil warning: cellAudioOutConfigure(audioOut=0, config_addr=0xd00206d8, option_addr=0x0, (!)waitForEvent=0)
[W : PPU[1] Thread (CPUThread)[0x00ce7004]]: cellAudio warning: cellAudioInit()
[! : Audio Thread]: Audio started
[W : PPU[1] Thread (CPUThread)[0x00ce704c]]: cellAudio warning: cellAudioPortOpen(audioParam_addr=0xd0020708, portNum_addr=0xddf1ec)
[W : PPU[1] Thread (CPUThread)[0x00ce704c]]: cellAudio warning: *** audio port opened(nChannel=8, nBlock=8, attr=0x0, level=0.000000): port = 0
[W : PPU[1] Thread (CPUThread)[0x00ce7028]]: cellAudio warning: cellAudioGetPortConfig(portNum=0x0, portConfig_addr=0xd00206e8)
[W : PPU[1] Thread (CPUThread)[0x01315034]]: sys_lwmutex warning: *** lwmutex created [] (attribute=0x22): sq_id = 97
[E : PPU[1] Thread (CPUThread)[0x00cef0ac]]: TODO: cellSpursCreateTaskset
[E : PPU[1] Thread (CPUThread)[0x00cef0b8]]: TODO: _cellSpursEventFlagInitialize
[E : PPU[1] Thread (CPUThread)[0x00cef0e8]]: TODO: cellSpursEventFlagAttachLv2EventQueue
[E : PPU[1] Thread (CPUThread)[0x00cef0b8]]: TODO: _cellSpursEventFlagInitialize
[E : PPU[1] Thread (CPUThread)[0x00cef178]]: TODO: cellSpursCreateTask
[W : PPU[98] Thread (Multistream PPU Thread)[0x00ce7034]]: cellAudio warning: cellAudioPortStart(portNum=0x0)
[W : PPU[1] Thread (CPUThread)[0x00ceb04c]]: *** cellFsOpen(path="/dev_flash/sys/external/flashMP3.pic"): fd = 99
[W : PPU[1] Thread (CPUThread)[0x00ceb010]]: sys_fs warning: cellFsClose(fd=99)
[W : PPU[1] Thread (CPUThread)[0x00ced094]]: cellSysutil warning: cellAudioOutSetCopyControl(audioOut=0,control=0)
[W : PPU[100] Thread (SplashScreenThread)[0x000cb86c]]: memory warning: sys_memory_container_create(cid_addr=0xdbba14, yield_size=0x100000)
[W : PPU[100] Thread (SplashScreenThread)[0x000cb86c]]: memory warning: *** memory_container created(addr=0x3bd00000): id = 101
[W : PPU[100] Thread (SplashScreenThread)[0x012fd01c]]: cellSysmodule warning: TODO: cellSysmoduleSetMemcontainer(ct_id=0x65)
[W : PPU[100] Thread (SplashScreenThread)[0x012fd010]]: cellSysmodule warning: cellSysmoduleLoadModule(CELL_SYSMODULE_JPGDEC)
[E : PPU[100] Thread (SplashScreenThread)[0x01309028]]: cellJpgDec error: Unimplemented function: cellJpgDecCreate
[W : PPU[100] Thread (SplashScreenThread)[0x00ceb058]]: sys_fs warning: cellFsStat: "/dev_hdd0/game/BCES00797/USRDIR/Misc/SplashScreens/boot.jpg" not found.
[W : PPU[100] Thread (SplashScreenThread)[0x00ceb01c]]: sys_fs warning: cellFsOpendir(path="/dev_hdd0/game/BCES00797/USRDIR/Misc/SplashScreens", fd_addr=0xd00e03f0)
[W : PPU[100] Thread (SplashScreenThread)[0x00ceb058]]: sys_fs warning: cellFsStat: "/dev_hdd0/game/BCES00797/USRDIR/Misc/SplashScreens/boot.jpg" not found.
[W : PPU[1] Thread (CPUThread)[0x00ceb058]]: sys_fs warning: cellFsStat: "/dev_hdd0/game/BCES00797/USRDIR/BigFile.d01" not found.
[W : PPU[1] Thread (CPUThread)[0x00ceb01c]]: sys_fs warning: cellFsOpendir(path="/dev_hdd0/game/BCES00797/USRDIR", fd_addr=0xd0020090)
[W : PPU[1] Thread (CPUThread)[0x00ceb058]]: sys_fs warning: cellFsStat: "/dev_hdd0/game/BCES00797/USRDIR/BigFile.d01" not found.
[W : PPU[1] Thread (CPUThread)[0x008192dc]]: sys_mutex warning: *** mutex created [] (protocol=0x2, recursive=false): id = 102
[W : PPU[1] Thread (CPUThread)[0x00819304]]: sys_cond warning: *** condition created [] (mutex_id=102): id = 103
[W : PPU[1] Thread (CPUThread)[0x00ceb058]]: sys_fs warning: cellFsStat: "/dev_hdd0/game/BCES00797/USRDIR/BigFile.idx" not found.
[W : PPU[1] Thread (CPUThread)[0x00ceb01c]]: sys_fs warning: cellFsOpendir(path="/dev_hdd0/game/BCES00797/USRDIR", fd_addr=0xd0020210)
[W : PPU[1] Thread (CPUThread)[0x00ceb058]]: sys_fs warning: cellFsStat: "/dev_hdd0/game/BCES00797/USRDIR/BigFile.idx" not found.
[W : PPU[1] Thread (CPUThread)[0x00ceb058]]: sys_fs warning: cellFsStat: "/dev_hdd0/game/BCES00797/USRDIR/BigFile.idm" not found.
[W : PPU[1] Thread (CPUThread)[0x00ceb01c]]: sys_fs warning: cellFsOpendir(path="/dev_hdd0/game/BCES00797/USRDIR", fd_addr=0xd0020210)
[W : PPU[1] Thread (CPUThread)[0x00ceb058]]: sys_fs warning: cellFsStat: "/dev_hdd0/game/BCES00797/USRDIR/BigFile.idm" not found.
[W : PPU[1] Thread (CPUThread)[0x00ceb058]]: sys_fs warning: cellFsStat: "/dev_hdd0/game/BCES00797/USRDIR/BigFile.sdat" not found.
[W : PPU[1] Thread (CPUThread)[0x00ceb01c]]: sys_fs warning: cellFsOpendir(path="/dev_hdd0/game/BCES00797/USRDIR", fd_addr=0xd0020210)
[W : PPU[1] Thread (CPUThread)[0x00ceb058]]: sys_fs warning: cellFsStat: "/dev_hdd0/game/BCES00797/USRDIR/BigFile.sdat" not found.
[W : PPU[1] Thread (CPUThread)[0x00ceb058]]: sys_fs warning: cellFsStat: "/dev_hdd0/game/BCES00797/USRDIR/BigFile.edat" not found.
[W : PPU[1] Thread (CPUThread)[0x00ceb01c]]: sys_fs warning: cellFsOpendir(path="/dev_hdd0/game/BCES00797/USRDIR", fd_addr=0xd0020210)
[E : PPU[98] Thread (Multistream PPU Thread)[0x00cef1b4]]: TODO: _cellSpursSendSignal
[E : PPU[98] Thread (Multistream PPU Thread)[0x00cef088]]: TODO: cellSpursEventFlagWait
[E : PPU[98] Thread (Multistream PPU Thread)[0x00cef1b4]]: TODO: _cellSpursSendSignal
[E : PPU[98] Thread (Multistream PPU Thread)[0x00cef088]]: TODO: cellSpursEventFlagWait
[E : PPU[98] Thread (Multistream PPU Thread)[0x00cef1b4]]: TODO: _cellSpursSendSignal
[E : PPU[98] Thread (Multistream PPU Thread)[0x00cef088]]: TODO: cellSpursEventFlagWait
[W : PPU[1] Thread (CPUThread)[0x00ceb058]]: sys_fs warning: cellFsStat: "/dev_hdd0/game/BCES00797/USRDIR/BigFile.edat" not found.
[W : PPU[1] Thread (CPUThread)[0x00ced028]]: cellSysutil warning: cellSysutilGetSystemParamInt: CELL_SYSUTIL_SYSTEMPARAM_ID_LANG
[E : PPU[98] Thread (Multistream PPU Thread)[0x00cef1b4]]: TODO: _cellSpursSendSignal
[E : PPU[98] Thread (Multistream PPU Thread)[0x00cef088]]: TODO: cellSpursEventFlagWait
[E : PPU[98] Thread (Multistream PPU Thread)[0x00cef1b4]]: TODO: _cellSpursSendSignal
[E : PPU[98] Thread (Multistream PPU Thread)[0x00cef088]]: TODO: cellSpursEventFlagWait
[E : PPU[104] Thread (LoadThread)[0x00ced0d0]]: TODO: cellSaveDataAutoLoad2
[E : PPU[98] Thread (Multistream PPU Thread)[0x00cef1b4]]: TODO: _cellSpursSendSignal
[E : PPU[98] Thread (Multistream PPU Thread)[0x00cef088]]: TODO: cellSpursEventFlagWait
[E : PPU[98] Thread (Multistream PPU Thread)[0x00cef1b4]]: TODO: _cellSpursSendSignal
[E : PPU[98] Thread (Multistream PPU Thread)[0x00cef088]]: TODO: cellSpursEventFlagWait
[E : PPU[98] Thread (Multistream PPU Thread)[0x00cef1b4]]: TODO: _cellSpursSendSignal
[E : PPU[98] Thread (Multistream PPU Thread)[0x00cef088]]: TODO: cellSpursEventFlagWait
[E : PPU[98] Thread (Multistream PPU Thread)[0x00cef1b4]]: TODO: _cellSpursSendSignal
[E : PPU[98] Thread (Multistream PPU Thread)[0x00cef088]]: TODO: cellSpursEventFlagWait
[E : PPU[98] Thread (Multistream PPU Thread)[0x00cef1b4]]: TODO: _cellSpursSendSignal
[E : PPU[98] Thread (Multistream PPU Thread)[0x00cef088]]: TODO: cellSpursEventFlagWait
[E : PPU[98] Thread (Multistream PPU Thread)[0x00cef1b4]]: TODO: _cellSpursSendSignal
[E : PPU[98] Thread (Multistream PPU Thread)[0x00cef088]]: TODO: cellSpursEventFlagWait
[E : PPU[98] Thread (Multistream PPU Thread)[0x00cef1b4]]: TODO: _cellSpursSendSignal
[E : PPU[98] Thread (Multistream PPU Thread)[0x00cef088]]: TODO: cellSpursEventFlagWait
[E : PPU[98] Thread (Multistream PPU Thread)[0x00cef1b4]]: TODO: _cellSpursSendSignal
[E : PPU[98] Thread (Multistream PPU Thread)[0x00cef088]]: TODO: cellSpursEventFlagWait
[E : PPU[98] Thread (Multistream PPU Thread)[0x00cef1b4]]: TODO: _cellSpursSendSignal
[E : PPU[98] Thread (Multistream PPU Thread)[0x00cef088]]: TODO: cellSpursEventFlagWait
[E : PPU[98] Thread (Multistream PPU Thread)[0x00cef1b4]]: TODO: _cellSpursSendSignal
[E : PPU[98] Thread (Multistream PPU Thread)[0x00cef088]]: TODO: cellSpursEventFlagWait
[E : PPU[98] Thread (Multistream PPU Thread)[0x00cef1b4]]: TODO: _cellSpursSendSignal
[E : PPU[98] Thread (Multistream PPU Thread)[0x00cef088]]: TODO: cellSpursEventFlagWait
[E : PPU[98] Thread (Multistream PPU Thread)[0x00cef1b4]]: TODO: _cellSpursSendSignal
[E : PPU[98] Thread (Multistream PPU Thread)[0x00cef088]]: TODO: cellSpursEventFlagWait
[E : PPU[98] Thread (Multistream PPU Thread)[0x00cef1b4]]: TODO: _cellSpursSendSignal
[E : PPU[98] Thread (Multistream PPU Thread)[0x00cef088]]: TODO: cellSpursEventFlagWait
[E : PPU[98] Thread (Multistream PPU Thread)[0x00cef1b4]]: TODO: _cellSpursSendSignal
[E : PPU[98] Thread (Multistream PPU Thread)[0x00cef088]]: TODO: cellSpursEventFlagWait
[E : PPU[98] Thread (Multistream PPU Thread)[0x00cef1b4]]: TODO: _cellSpursSendSignal
[E : PPU[98] Thread (Multistream PPU Thread)[0x00cef088]]: TODO: cellSpursEventFlagWait
[E : PPU[98] Thread (Multistream PPU Thread)[0x00cef1b4]]: TODO: _cellSpursSendSignal
[E : PPU[98] Thread (Multistream PPU Thread)[0x00cef088]]: TODO: cellSpursEventFlagWait
[W : PPU[100] Thread (SplashScreenThread)[0x012fd01c]]: cellSysmodule warning: TODO: cellSysmoduleSetMemcontainer(ct_id=0xffffffff)
[E : PPU[98] Thread (Multistream PPU Thread)[0x00cef1b4]]: TODO: _cellSpursSendSignal
[E : PPU[98] Thread (Multistream PPU Thread)[0x00cef088]]: TODO: cellSpursEventFlagWait
[E : PPU[98] Thread (Multistream PPU Thread)[0x00cef1b4]]: TODO: _cellSpursSendSignal
[E : PPU[98] Thread (Multistream PPU Thread)[0x00cef088]]: TODO: cellSpursEventFlagWait
[E : PPU[98] Thread (Multistream PPU Thread)[0x00cef1b4]]: TODO: _cellSpursSendSignal
[E : PPU[98] Thread (Multistream PPU Thread)[0x00cef088]]: TODO: cellSpursEventFlagWait
[E : PPU[98] Thread (Multistream PPU Thread)[0x00cef1b4]]: TODO: _cellSpursSendSignal
[E : PPU[98] Thread (Multistream PPU Thread)[0x00cef088]]: TODO: cellSpursEventFlagWait
[E : PPU[98] Thread (Multistream PPU Thread)[0x00cef1b4]]: TODO: _cellSpursSendSignal
[E : PPU[98] Thread (Multistream PPU Thread)[0x00cef088]]: TODO: cellSpursEventFlagWait
[E : PPU[98] Thread (Multistream PPU Thread)[0x00cef1b4]]: TODO: _cellSpursSendSignal
[E : PPU[98] Thread (Multistream PPU Thread)[0x00cef088]]: TODO: cellSpursEventFlagWait
[E : PPU[98] Thread (Multistream PPU Thread)[0x00cef1b4]]: TODO: _cellSpursSendSignal
[E : PPU[98] Thread (Multistream PPU Thread)[0x00cef088]]: TODO: cellSpursEventFlagWait
[E : PPU[98] Thread (Multistream PPU Thread)[0x00cef1b4]]: TODO: _cellSpursSendSignal
[E : PPU[98] Thread (Multistream PPU Thread)[0x00cef088]]: TODO: cellSpursEventFlagWait
[E : PPU[98] Thread (Multistream PPU Thread)[0x00cef1b4]]: TODO: _cellSpursSendSignal
[E : PPU[98] Thread (Multistream PPU Thread)[0x00cef088]]: TODO: cellSpursEventFlagWait
[E : PPU[98] Thread (Multistream PPU Thread)[0x00cef1b4]]: TODO: _cellSpursSendSignal
[E : PPU[98] Thread (Multistream PPU Thread)[0x00cef088]]: TODO: cellSpursEventFlagWait
[E : PPU[98] Thread (Multistream PPU Thread)[0x00cef1b4]]: TODO: _cellSpursSendSignal
[E : PPU[98] Thread (Multistream PPU Thread)[0x00cef088]]: TODO: cellSpursEventFlagWait
[E : PPU[98] Thread (Multistream PPU Thread)[0x00cef1b4]]: TODO: _cellSpursSendSignal
[E : PPU[98] Thread (Multistream PPU Thread)[0x00cef088]]: TODO: cellSpursEventFlagWait
[E : PPU[98] Thread (Multistream PPU Thread)[0x00cef1b4]]: TODO: _cellSpursSendSignal
[E : PPU[98] Thread (Multistream PPU Thread)[0x00cef088]]: TODO: cellSpursEventFlagWait
[E : PPU[98] Thread (Multistream PPU Thread)[0x00cef1b4]]: TODO: _cellSpursSendSignal
[E : PPU[98] Thread (Multistream PPU Thread)[0x00cef088]]: TODO: cellSpursEventFlagWait
[E : PPU[98] Thread (Multistream PPU Thread)[0x00cef1b4]]: TODO: _cellSpursSendSignal
[E : PPU[98] Thread (Multistream PPU Thread)[0x00cef088]]: TODO: cellSpursEventFlagWait
[W : PPU[1] Thread (CPUThread)[0x00ced01c]]: vfsLocalFile::Create('D:\Emulateur\Rpcs3\dev_hdd1\cache\BCES-00797\')
[! : PPU[1] Thread (CPUThread)[0x00ced01c]]: create dir: D:\Emulateur\Rpcs3\dev_hdd1\cache\BCES-00797
[W : PPU[1] Thread (CPUThread)[0x00ceb058]]: sys_fs warning: cellFsStat: "/dev_hdd1/cache/BCES-00797//corruption.qdf" not found.
[W : PPU[1] Thread (CPUThread)[0x00ceb01c]]: sys_fs warning: cellFsOpendir(path="/dev_hdd1/cache/BCES-00797/", fd_addr=0xd001fcf0)
[W : PPU[1] Thread (CPUThread)[0x00ceb058]]: sys_fs warning: cellFsStat: "/dev_hdd1/cache/BCES-00797//corruption.qdf" not found.
[W : PPU[1] Thread (CPUThread)[0x00ceb058]]: sys_fs warning: cellFsStat: "/dev_hdd1/cache/BCES-00797//CacheInfo.bin" not found.
[W : PPU[1] Thread (CPUThread)[0x00ceb01c]]: sys_fs warning: cellFsOpendir(path="/dev_hdd1/cache/BCES-00797/", fd_addr=0xd00201d0)
[W : PPU[1] Thread (CPUThread)[0x00ceb058]]: sys_fs warning: cellFsStat: "/dev_hdd1/cache/BCES-00797//CacheInfo.bin" not found.
[W : PPU[1] Thread (CPUThread)[0x00ceb01c]]: sys_fs warning: cellFsOpendir(path="/dev_hdd1/cache/BCES-00797/", fd_addr=0xd0020190)
[W : PPU[1] Thread (CPUThread)[0x00ceb04c]]: vfsLocalFile::Create('D:\Emulateur\Rpcs3\dev_hdd1\cache\BCES-00797\CacheInfo.bin')
[W : PPU[1] Thread (CPUThread)[0x00ceb04c]]: *** cellFsOpen(path="/dev_hdd1/cache/BCES-00797//CacheInfo.bin"): fd = 108
[W : PPU[1] Thread (CPUThread)[0x00ceb058]]: sys_fs warning: cellFsStat: "/dev_hdd1/cache/BCES-00797//BigFileCache.d01" not found.
[W : PPU[1] Thread (CPUThread)[0x00ceb01c]]: sys_fs warning: cellFsOpendir(path="/dev_hdd1/cache/BCES-00797/", fd_addr=0xd0020050)
[W : PPU[1] Thread (CPUThread)[0x00ceb058]]: sys_fs warning: cellFsStat: "/dev_hdd1/cache/BCES-00797//BigFileCache.d01" not found.
[W : PPU[1] Thread (CPUThread)[0x008192dc]]: sys_mutex warning: *** mutex created [] (protocol=0x2, recursive=false): id = 110
[W : PPU[1] Thread (CPUThread)[0x00819304]]: sys_cond warning: *** condition created [] (mutex_id=110): id = 111
[E : PPU[98] Thread (Multistream PPU Thread)[0x00cef1b4]]: TODO: _cellSpursSendSignal
[E : PPU[98] Thread (Multistream PPU Thread)[0x00cef088]]: TODO: cellSpursEventFlagWait
[E : PPU[98] Thread (Multistream PPU Thread)[0x00cef1b4]]: TODO: _cellSpursSendSignal
[E : PPU[98] Thread (Multistream PPU Thread)[0x00cef088]]: TODO: cellSpursEventFlagWait
[E : PPU[98] Thread (Multistream PPU Thread)[0x00cef1b4]]: TODO: _cellSpursSendSignal
[E : PPU[98] Thread (Multistream PPU Thread)[0x00cef088]]: TODO: cellSpursEventFlagWait
[E : PPU[98] Thread (Multistream PPU Thread)[0x00cef1b4]]: TODO: _cellSpursSendSignal
[E : PPU[98] Thread (Multistream PPU Thread)[0x00cef088]]: TODO: cellSpursEventFlagWait
[W : PPU[1] Thread (CPUThread)[0x00ceb058]]: sys_fs warning: cellFsStat: "/dev_hdd1/cache/BCES-00797//BigFileCache.idm" not found.
[E : PPU[98] Thread (Multistream PPU Thread)[0x00cef1b4]]: TODO: _cellSpursSendSignal
[E : PPU[98] Thread (Multistream PPU Thread)[0x00cef088]]: TODO: cellSpursEventFlagWait
[W : PPU[1] Thread (CPUThread)[0x00ceb01c]]: sys_fs warning: cellFsOpendir(path="/dev_hdd1/cache/BCES-00797/", fd_addr=0xd001ff70)
[E : PPU[98] Thread (Multistream PPU Thread)[0x00cef1b4]]: TODO: _cellSpursSendSignal
[E : PPU[98] Thread (Multistream PPU Thread)[0x00cef088]]: TODO: cellSpursEventFlagWait
[E : PPU[98] Thread (Multistream PPU Thread)[0x00cef1b4]]: TODO: _cellSpursSendSignal
[E : PPU[98] Thread (Multistream PPU Thread)[0x00cef088]]: TODO: cellSpursEventFlagWait
[E : PPU[98] Thread (Multistream PPU Thread)[0x00cef1b4]]: TODO: _cellSpursSendSignal
[E : PPU[98] Thread (Multistream PPU Thread)[0x00cef088]]: TODO: cellSpursEventFlagWait
[E : PPU[98] Thread (Multistream PPU Thread)[0x00cef1b4]]: TODO: _cellSpursSendSignal
[E : PPU[98] Thread (Multistream PPU Thread)[0x00cef088]]: TODO: cellSpursEventFlagWait
[W : PPU[1] Thread (CPUThread)[0x00ceb058]]: sys_fs warning: cellFsStat: "/dev_hdd1/cache/BCES-00797//BigFileCache.idm" not found.
[W : PPU[1] Thread (CPUThread)[0x00ceb058]]: sys_fs warning: cellFsStat: "/dev_hdd1/cache/BCES-00797//BigFileCache.sdat" not found.
[W : PPU[1] Thread (CPUThread)[0x00ceb01c]]: sys_fs warning: cellFsOpendir(path="/dev_hdd1/cache/BCES-00797/", fd_addr=0xd001ff70)
[W : PPU[1] Thread (CPUThread)[0x00ceb058]]: sys_fs warning: cellFsStat: "/dev_hdd1/cache/BCES-00797//BigFileCache.sdat" not found.
[W : PPU[1] Thread (CPUThread)[0x00ceb058]]: sys_fs warning: cellFsStat: "/dev_hdd1/cache/BCES-00797//BigFileCache.edat" not found.
[W : PPU[1] Thread (CPUThread)[0x00ceb01c]]: sys_fs warning: cellFsOpendir(path="/dev_hdd1/cache/BCES-00797/", fd_addr=0xd001ff70)
[W : PPU[1] Thread (CPUThread)[0x00ceb058]]: sys_fs warning: cellFsStat: "/dev_hdd1/cache/BCES-00797//BigFileCache.edat" not found.
[W : PPU[1] Thread (CPUThread)[0x00ceb058]]: sys_fs warning: cellFsStat: "/dev_hdd1/cache/BCES-00797//BigFileCache.idx" not found.
[W : PPU[1] Thread (CPUThread)[0x00ceb01c]]: sys_fs warning: cellFsOpendir(path="/dev_hdd1/cache/BCES-00797/", fd_addr=0xd001fd70)
[W : PPU[1] Thread (CPUThread)[0x00ceb058]]: sys_fs warning: cellFsStat: "/dev_hdd1/cache/BCES-00797//BigFileCache.idx" not found.
[W : PPU[1] Thread (CPUThread)[0x00ceb01c]]: sys_fs warning: cellFsOpendir(path="/dev_hdd1/cache/BCES-00797/", fd_addr=0xd001fc00)
[W : PPU[1] Thread (CPUThread)[0x00ceb04c]]: vfsLocalFile::Create('D:\Emulateur\Rpcs3\dev_hdd1\cache\BCES-00797\BigFileCache.idx')
[W : PPU[1] Thread (CPUThread)[0x00ceb04c]]: *** cellFsOpen(path="/dev_hdd1/cache/BCES-00797//BigFileCache.idx"): fd = 117
[W : PPU[1] Thread (CPUThread)[0x00ceb010]]: sys_fs warning: cellFsClose(fd=117)
[W : PPU[1] Thread (CPUThread)[0x00ceb01c]]: sys_fs warning: cellFsOpendir(path="/dev_hdd1/cache/BCES-00797/", fd_addr=0xd001fc00)
[W : PPU[1] Thread (CPUThread)[0x00ceb04c]]: *** cellFsOpen(path="/dev_hdd1/cache/BCES-00797//BigFileCache.idx"): fd = 119
[W : PPU[1] Thread (CPUThread)[0x00ceb010]]: sys_fs warning: cellFsClose(fd=119)
[W : PPU[1] Thread (CPUThread)[0x00ceb058]]: sys_fs warning: cellFsStat: "/dev_hdd1/cache/BCES-00797//BigFileCache.idm" not found.
[W : PPU[1] Thread (CPUThread)[0x00ceb01c]]: sys_fs warning: cellFsOpendir(path="/dev_hdd1/cache/BCES-00797/", fd_addr=0xd001ff50)
[W : PPU[1] Thread (CPUThread)[0x00ceb058]]: sys_fs warning: cellFsStat: "/dev_hdd1/cache/BCES-00797//BigFileCache.idm" not found.
[W : PPU[1] Thread (CPUThread)[0x00ceb058]]: sys_fs warning: cellFsStat: "/dev_hdd1/cache/BCES-00797//BigFileCache.sdat" not found.
[W : PPU[1] Thread (CPUThread)[0x00ceb01c]]: sys_fs warning: cellFsOpendir(path="/dev_hdd1/cache/BCES-00797/", fd_addr=0xd001ff50)
[E : PPU[98] Thread (Multistream PPU Thread)[0x00cef1b4]]: TODO: _cellSpursSendSignal
[E : PPU[98] Thread (Multistream PPU Thread)[0x00cef088]]: TODO: cellSpursEventFlagWait
[E : PPU[98] Thread (Multistream PPU Thread)[0x00cef1b4]]: TODO: _cellSpursSendSignal
[E : PPU[98] Thread (Multistream PPU Thread)[0x00cef088]]: TODO: cellSpursEventFlagWait
[E : PPU[98] Thread (Multistream PPU Thread)[0x00cef1b4]]: TODO: _cellSpursSendSignal
[E : PPU[98] Thread (Multistream PPU Thread)[0x00cef088]]: TODO: cellSpursEventFlagWait
[W : PPU[1] Thread (CPUThread)[0x00ceb058]]: sys_fs warning: cellFsStat: "/dev_hdd1/cache/BCES-00797//BigFileCache.sdat" not found.
[W : PPU[1] Thread (CPUThread)[0x00ceb058]]: sys_fs warning: cellFsStat: "/dev_hdd1/cache/BCES-00797//BigFileCache.edat" not found.
[W : PPU[1] Thread (CPUThread)[0x00ceb01c]]: sys_fs warning: cellFsOpendir(path="/dev_hdd1/cache/BCES-00797/", fd_addr=0xd001ff50)
[W : PPU[1] Thread (CPUThread)[0x00ceb058]]: sys_fs warning: cellFsStat: "/dev_hdd1/cache/BCES-00797//BigFileCache.edat" not found.
[W : PPU[1] Thread (CPUThread)[0x00ceb01c]]: sys_fs warning: cellFsOpendir(path="/dev_hdd1/cache/BCES-00797/", fd_addr=0xd001fbe0)
[W : PPU[1] Thread (CPUThread)[0x00ceb04c]]: *** cellFsOpen(path="/dev_hdd1/cache/BCES-00797//BigFileCache.idx"): fd = 124
[W : PPU[1] Thread (CPUThread)[0x00ceb058]]: sys_fs warning: cellFsStat: "/dev_hdd0/game/BCES00797/USRDIR/BigFileCache.dat" not found.
[W : PPU[1] Thread (CPUThread)[0x00ceb01c]]: sys_fs warning: cellFsOpendir(path="/dev_hdd0/game/BCES00797/USRDIR", fd_addr=0xd001fe50)
[W : PPU[1] Thread (CPUThread)[0x00ceb058]]: sys_fs warning: cellFsStat: "/dev_hdd0/game/BCES00797/USRDIR/BigFileCache.dat" not found.
[W : PPU[1] Thread (CPUThread)[0x00ceb01c]]: sys_fs warning: cellFsOpendir(path="/dev_hdd1/cache/BCES-00797/", fd_addr=0xd001fce0)
[W : PPU[1] Thread (CPUThread)[0x00ceb04c]]: vfsLocalFile::Create('D:\Emulateur\Rpcs3\dev_hdd1\cache\BCES-00797\BigFileCache.dat')
[W : PPU[1] Thread (CPUThread)[0x00ceb04c]]: *** cellFsOpen(path="/dev_hdd1/cache/BCES-00797//BigFileCache.dat"): fd = 126
[W : PPU[1] Thread (CPUThread)[0x00ceb010]]: sys_fs warning: cellFsClose(fd=126)
[W : PPU[1] Thread (CPUThread)[0x00ceb01c]]: sys_fs warning: cellFsOpendir(path="/dev_hdd1/cache/BCES-00797/", fd_addr=0xd001fce0)
[W : PPU[1] Thread (CPUThread)[0x00ceb04c]]: *** cellFsOpen(path="/dev_hdd1/cache/BCES-00797//BigFileCache.dat"): fd = 128
[W : PPU[1] Thread (CPUThread)[0x00ceb010]]: sys_fs warning: cellFsClose(fd=128)
[W : PPU[1] Thread (CPUThread)[0x00ceb01c]]: sys_fs warning: cellFsOpendir(path="/dev_hdd1/cache/BCES-00797/", fd_addr=0xd0020040)
[W : PPU[1] Thread (CPUThread)[0x00ceb04c]]: vfsLocalFile::Create('D:\Emulateur\Rpcs3\dev_hdd1\cache\BCES-00797\BigFileCache.dat')
[W : PPU[1] Thread (CPUThread)[0x00ceb04c]]: *** cellFsOpen(path="/dev_hdd1/cache/BCES-00797//BigFileCache.dat"): fd = 130
[W : PPU[1] Thread (CPUThread)[0x00ceb010]]: sys_fs warning: cellFsClose(fd=108)
[W : PPU[1] Thread (CPUThread)[0x00ceb058]]: sys_fs warning: cellFsStat: "/dev_hdd0/game/BCES00797/USRDIR/Languages" not found.
[W : PPU[1] Thread (CPUThread)[0x00ced028]]: cellSysutil warning: cellSysutilGetSystemParamInt: CELL_SYSUTIL_SYSTEMPARAM_ID_ENTER_BUTTON_ASSIGN
[W : PPU[1] Thread (CPUThread)[0x00ced028]]: cellSysutil warning: cellSysutilGetSystemParamInt: CELL_SYSUTIL_SYSTEMPARAM_ID_ENTER_BUTTON_ASSIGN
[E : PPU[98] Thread (Multistream PPU Thread)[0x00cef1b4]]: TODO: _cellSpursSendSignal
[E : PPU[98] Thread (Multistream PPU Thread)[0x00cef088]]: TODO: cellSpursEventFlagWait
[E : PPU[98] Thread (Multistream PPU Thread)[0x00cef1b4]]: TODO: _cellSpursSendSignal
[E : PPU[98] Thread (Multistream PPU Thread)[0x00cef088]]: TODO: cellSpursEventFlagWait
[E : PPU[98] Thread (Multistream PPU Thread)[0x00cef1b4]]: TODO: _cellSpursSendSignal
[E : PPU[98] Thread (Multistream PPU Thread)[0x00cef088]]: TODO: cellSpursEventFlagWait
[E : PPU[98] Thread (Multistream PPU Thread)[0x00cef1b4]]: TODO: _cellSpursSendSignal
[E : PPU[98] Thread (Multistream PPU Thread)[0x00cef088]]: TODO: cellSpursEventFlagWait
[E : PPU[98] Thread (Multistream PPU Thread)[0x00cef1b4]]: TODO: _cellSpursSendSignal
[E : PPU[98] Thread (Multistream PPU Thread)[0x00cef088]]: TODO: cellSpursEventFlagWait
[E : PPU[98] Thread (Multistream PPU Thread)[0x00cef1b4]]: TODO: _cellSpursSendSignal
[E : PPU[98] Thread (Multistream PPU Thread)[0x00cef088]]: TODO: cellSpursEventFlagWait
[E : PPU[98] Thread (Multistream PPU Thread)[0x00cef1b4]]: TODO: _cellSpursSendSignal
[E : PPU[98] Thread (Multistream PPU Thread)[0x00cef088]]: TODO: cellSpursEventFlagWait
[E : PPU[98] Thread (Multistream PPU Thread)[0x00cef1b4]]: TODO: _cellSpursSendSignal
[E : PPU[98] Thread (Multistream PPU Thread)[0x00cef088]]: TODO: cellSpursEventFlagWait
[E : PPU[98] Thread (Multistream PPU Thread)[0x00cef1b4]]: TODO: _cellSpursSendSignal
[E : PPU[98] Thread (Multistream PPU Thread)[0x00cef088]]: TODO: cellSpursEventFlagWait
[E : PPU[98] Thread (Multistream PPU Thread)[0x00cef1b4]]: TODO: _cellSpursSendSignal
[E : PPU[98] Thread (Multistream PPU Thread)[0x00cef088]]: TODO: cellSpursEventFlagWait
[E : PPU[98] Thread (Multistream PPU Thread)[0x00cef1b4]]: TODO: _cellSpursSendSignal
[E : PPU[98] Thread (Multistream PPU Thread)[0x00cef088]]: TODO: cellSpursEventFlagWait
[E : PPU[98] Thread (Multistream PPU Thread)[0x00cef1b4]]: TODO: _cellSpursSendSignal
[E : PPU[98] Thread (Multistream PPU Thread)[0x00cef088]]: TODO: cellSpursEventFlagWait
[E : PPU[98] Thread (Multistream PPU Thread)[0x00cef1b4]]: TODO: _cellSpursSendSignal
[E : PPU[98] Thread (Multistream PPU Thread)[0x00cef088]]: TODO: cellSpursEventFlagWait
[E : PPU[98] Thread (Multistream PPU Thread)[0x00cef1b4]]: TODO: _cellSpursSendSignal
[E : PPU[98] Thread (Multistream PPU Thread)[0x00cef088]]: TODO: cellSpursEventFlagWait
[E : PPU[98] Thread (Multistream PPU Thread)[0x00cef1b4]]: TODO: _cellSpursSendSignal
[E : PPU[98] Thread (Multistream PPU Thread)[0x00cef088]]: TODO: cellSpursEventFlagWait
[E : PPU[100] Thread (SplashScreenThread)[0x00cef1a8]]: TODO: cellSpursJobGuardNotify
[E : PPU[100] Thread (SplashScreenThread)[0x00cef0f4]]: TODO: _cellSpursLFQueuePushBody
[E : RSXThread]: TODO: cellGcmSetBackPolygonMode(0x1b02)
[E : PPU[100] Thread (SplashScreenThread)[0x00cef1cc]]: TODO: cellSpursRunJobChain
[W : RSXThread]: NV4097_SET_COLOR_MASK_MRT: fff0
[W : RSXThread]: NV4097_SET_COLOR_MASK_MRT: fff0
[W : RSXThread]: NV4097_SET_COLOR_MASK_MRT: fff0
[E : RSXThread]: TODO: cellGcmSetTexture_BorderColor(0xff000000)
[E : RSXThread]: TODO: cellGcmSetTexture_BorderColor(0xff000000)
[W : RSXThread]: null cmd: addr=0x5000245c, put=0xc4280000, get=0x245c
[! : RSXThread]: RSX thread exit...
[W : Audio Thread]: Audio aborted
[W : PPU[42] Thread (Aio Thread)[0x0056fbf4]]: sys_cond_wait(id=34) aborted
[W : PPU[48] Thread (Read Chunk Thread HDD)[0x0056fbf4]]: sys_cond_wait(id=38) aborted
[W : PPU[47] Thread (Aio Thread HDD)[0x0056fbf4]]: sys_cond_wait(id=40) aborted
[W : PPU[78] Thread (hkSpuUtil Helper)[0x008f4a58]]: sys_event_queue_receive(equeue=77) aborted
[W : PPU[41] Thread (Loading Thread)[0x0056fbf4]]: sys_cond_wait(id=30) aborted
[W : PPU[43] Thread (Read Chunk Thread)[0x0056fbf4]]: sys_cond_wait(id=32) aborted
[W : PPU[27] Thread (DeferredJobQueue PPU Thread)[0x0056fbf4]]: sys_cond_wait(id=23) aborted
[W : PPU[46] Thread (Loading Thread HDD)[0x0056fbf4]]: sys_cond_wait(id=36) aborted
