[!]: Loading 'D:\Emulateur\Rpcs3\dev_hdd0\game\BCES00935-[Puppeteer]\PS3_GAME\USRDIR\BOOT.BIN'...
[!]: Mount info:
[!]: / -> D:\Emulateur\Rpcs3\dev_hdd0\game\BCES00935-[Puppeteer]\PS3_GAME\
[!]: /dev_usb/ -> D:\Emulateur\Rpcs3\dev_usb000\
[!]: /dev_hdd1/ -> D:\Emulateur\Rpcs3\dev_hdd1\
[!]: /dev_hdd0/ -> D:\Emulateur\Rpcs3\dev_hdd0\
[!]: /app_home/ -> D:\Emulateur\Rpcs3\dev_hdd0\game\BCES00935-[Puppeteer]\PS3_GAME\
[!]: /dev_flash/ -> D:\Emulateur\Rpcs3\dev_flash\
[!]: /host_root/ -> 
[!]: /dev_usb000/ -> D:\Emulateur\Rpcs3\dev_usb000\
[!]: Initing memory...
[!]: Memory initialized.
[W]: Unknown function 0x4cef342e in 'sys_fs' module
[E]: TODO: cellFsAioWrite
[W]: Unknown function 0x7f13fc8c in 'sys_fs' module
[E]: TODO: cellFsAioCancel
[W]: Unknown function 0x967a162b in 'sys_fs' module
[E]: TODO: cellFsFsync
[W]: Unknown function 0x9f951810 in 'sys_fs' module
[E]: TODO: cellFsAioFinish
[W]: Unknown function 0xc1c507e7 in 'sys_fs' module
[E]: TODO: cellFsAioRead
[W]: Unknown function 0xdb869f20 in 'sys_fs' module
[E]: TODO: cellFsAioInit
[W]: Unknown function 0x011ee38b in 'cellSpurs' module
[E]: TODO: _cellSpursLFQueueInitialize
[W]: Unknown function 0x039d70b7 in 'cellSpurs' module
[E]: TODO: cellSpursQueueDetachLv2EventQueue
[W]: Unknown function 0x07529113 in 'cellSpurs' module
[E]: TODO: cellSpursAttributeSetNamePrefix
[W]: Unknown function 0x082bfb09 in 'cellSpurs' module
[E]: TODO: _cellSpursQueueInitialize
[W]: Unknown function 0x1051d134 in 'cellSpurs' module
[E]: TODO: cellSpursAttributeEnableSpuPrintfIfAvailable
[W]: Unknown function 0x16394a4e in 'cellSpurs' module
[E]: TODO: _cellSpursTasksetAttributeInitialize
[W]: Unknown function 0x1656d49f in 'cellSpurs' module
[E]: TODO: cellSpursLFQueueAttachLv2EventQueue
[W]: Unknown function 0x182d9890 in 'cellSpurs' module
[E]: TODO: cellSpursRequestIdleSpu
[W]: Unknown function 0x1ebcf459 in 'cellSpurs' module
[E]: TODO: cellSpursDestroyTaskset2
[W]: Unknown function 0x1f402f8f in 'cellSpurs' module
[E]: TODO: cellSpursGetInfo
[W]: Unknown function 0x303c19cd in 'cellSpurs' module
[E]: TODO: cellSpursCreateJobChainWithAttribute
[W]: Unknown function 0x30aa96c4 in 'cellSpurs' module
[E]: TODO: cellSpursInitializeWithAttribute2
[W]: Unknown function 0x3548f483 in 'cellSpurs' module
[E]: TODO: _cellSpursJobChainAttributeInitialize
[W]: Unknown function 0x373523d4 in 'cellSpurs' module
[E]: TODO: cellSpursEventFlagWait
[W]: Unknown function 0x4a5eab63 in 'cellSpurs' module
[E]: TODO: cellSpursWorkloadAttributeSetName
[W]: Unknown function 0x4a6465e3 in 'cellSpurs' module
[E]: TODO: cellSpursCreateTaskset2
[W]: Unknown function 0x4e153e3e in 'cellSpurs' module
[E]: TODO: cellSpursGetWorkloadInfo
[W]: Unknown function 0x4e66d483 in 'cellSpurs' module
[E]: TODO: cellSpursDetachLv2EventQueue
[W]: Unknown function 0x57e4dec3 in 'cellSpurs' module
[E]: TODO: cellSpursRemoveWorkload
[W]: Unknown function 0x5ef96465 in 'cellSpurs' module
[E]: TODO: _cellSpursEventFlagInitialize
[W]: Unknown function 0x5fd43fe4 in 'cellSpurs' module
[E]: TODO: cellSpursWaitForWorkloadShutdown
[W]: Unknown function 0x652b70e2 in 'cellSpurs' module
[E]: TODO: cellSpursTasksetAttributeSetName
[W]: Unknown function 0x738e40e6 in 'cellSpurs' module
[E]: TODO: cellSpursShutdownJobChain
[W]: Unknown function 0x73e06f91 in 'cellSpurs' module
[E]: TODO: cellSpursLFQueueDetachLv2EventQueue
[W]: Unknown function 0x7fdf4fef in 'cellSpurs' module
[E]: TODO: cellSpursBarrierInitialize
[W]: Unknown function 0x80a29e27 in 'cellSpurs' module
[E]: TODO: cellSpursSetPriorities
[W]: Unknown function 0x87630976 in 'cellSpurs' module
[E]: TODO: cellSpursEventFlagAttachLv2EventQueue
[W]: Unknown function 0x8a85674d in 'cellSpurs' module
[E]: TODO: _cellSpursLFQueuePushBody
[W]: Unknown function 0x8adadf65 in 'cellSpurs' module
[E]: TODO: _cellSpursTaskAttribute2Initialize
[W]: Unknown function 0x91066667 in 'cellSpurs' module
[E]: TODO: cellSpursQueuePopBody
[W]: Unknown function 0x92cff6ed in 'cellSpurs' module
[E]: TODO: cellSpursQueuePushBody
[W]: Unknown function 0x95180230 in 'cellSpurs' module
[E]: TODO: _cellSpursAttributeInitialize
[W]: Unknown function 0x98d5b343 in 'cellSpurs' module
[E]: TODO: cellSpursShutdownWorkload
[W]: Unknown function 0x9dcbcb5d in 'cellSpurs' module
[E]: TODO: cellSpursAttributeEnableSystemWorkload
[W]: Unknown function 0x9f72add3 in 'cellSpurs' module
[E]: TODO: cellSpursJoinTaskset
[W]: Unknown function 0x9fef70c2 in 'cellSpurs' module
[E]: TODO: cellSpursJobChainAttributeSetName
[W]: Unknown function 0xa789e631 in 'cellSpurs' module
[E]: TODO: cellSpursShutdownTaskset
[W]: Unknown function 0xa7a94892 in 'cellSpurs' module
[E]: TODO: cellSpursJoinTask2
[W]: Unknown function 0xa7c066de in 'cellSpurs' module
[E]: TODO: cellSpursJoinJobChain
[W]: Unknown function 0xb9bc6207 in 'cellSpurs' module
[E]: TODO: cellSpursAttachLv2EventQueue
[W]: Unknown function 0xbb68d76e in 'cellSpurs' module
[E]: TODO: cellSpursJobChainAttributeSetHaltOnError
[W]: Unknown function 0xbeb600ac in 'cellSpurs' module
[E]: TODO: cellSpursCreateTask
[W]: Unknown function 0xc0158d8b in 'cellSpurs' module
[E]: TODO: cellSpursAddWorkloadWithAttribute
[W]: Unknown function 0xc10931cb in 'cellSpurs' module
[E]: TODO: cellSpursCreateTasksetWithAttribute
[W]: Unknown function 0xc2acdf43 in 'cellSpurs' module
[E]: TODO: _cellSpursTasksetAttribute2Initialize
[W]: Unknown function 0xc56defb5 in 'cellSpurs' module
[E]: TODO: cellSpursGetNumSpuThread
[W]: Unknown function 0xca4c4600 in 'cellSpurs' module
[E]: TODO: cellSpursFinalize
[W]: Unknown function 0xd2e23fa9 in 'cellSpurs' module
[E]: TODO: cellSpursSetExceptionEventHandler
[W]: Unknown function 0xe0a6dbe4 in 'cellSpurs' module
[E]: TODO: _cellSpursSendSignal
[W]: Unknown function 0xe14ca62d in 'cellSpurs' module
[E]: TODO: cellSpursCreateTask2
[W]: Unknown function 0xe5443be7 in 'cellSpurs' module
[E]: TODO: cellSpursQueueAttachLv2EventQueue
[W]: Unknown function 0xefeb2679 in 'cellSpurs' module
[E]: TODO: _cellSpursWorkloadAttributeInitialize
[W]: Unknown function 0xf31731bb in 'cellSpurs' module
[E]: TODO: cellSpursRunJobChain
[W]: Unknown function 0xf843818d in 'cellSpurs' module
[E]: TODO: cellSpursReadyCountStore
[W]: Unknown function 0x1d46fedf in 'cellSpurs' module
[E]: TODO: cellSpursCreateTaskWithAttribute
[W]: Unknown function 0x68aaeba9 in 'cellSpurs' module
[E]: TODO: cellSpursJobGuardInitialize
[W]: Unknown function 0x9034e538 in 'cellSpurs' module
[E]: TODO: cellSpursTaskGetContextSaveAreaSize
[W]: Unknown function 0xaa6269a8 in 'cellSpurs' module
[E]: TODO: cellSpursInitializeWithAttribute
[W]: Unknown function 0xb8474eff in 'cellSpurs' module
[E]: TODO: _cellSpursTaskAttributeInitialize
[W]: Unknown function 0xd5d0b256 in 'cellSpurs' module
[E]: TODO: cellSpursJobGuardNotify
[W]: Unknown function 0x0582338a in 'cellSpursJq' module
[E]: TODO: cellSpursJobQueueAttributeSetDoBusyWaiting
[W]: Unknown function 0x0f03f712 in 'cellSpursJq' module
[E]: TODO: cellSpursJobQueueAttributeSetSubmitWithEntryLock
[W]: Unknown function 0x1686957e in 'cellSpursJq' module
[E]: TODO: cellSpursJobQueueAttributeSetMaxSizeJobDescriptor
[W]: Unknown function 0x29c2acc5 in 'cellSpursJq' module
[E]: TODO: cellSpursJobQueueClose
[W]: Unknown function 0x36d0a53c in 'cellSpursJq' module
[E]: TODO: _cellSpursJobQueuePushJob2Body
[W]: Unknown function 0x43ddab4f in 'cellSpursJq' module
[E]: TODO: cellSpursJobQueueAttributeInitialize
[W]: Unknown function 0x677027af in 'cellSpursJq' module
[E]: TODO: cellSpursJobQueueSemaphoreInitialize
[W]: Unknown function 0x6c93ea18 in 'cellSpursJq' module
[E]: TODO: cellSpursJobQueueSemaphoreAcquire
[W]: Unknown function 0x742cec0d in 'cellSpursJq' module
[E]: TODO: cellSpursJobQueueAttributeSetIsJobTypeMemoryCheck
[W]: Unknown function 0x8c97a96c in 'cellSpursJq' module
[E]: TODO: cellSpursShutdownJobQueue
[W]: Unknown function 0x8ce4cffa in 'cellSpursJq' module
[E]: TODO: cellSpursJoinJobQueue
[W]: Unknown function 0xc485d207 in 'cellSpursJq' module
[E]: TODO: cellSpursJobQueuePort2Destroy
[W]: Unknown function 0xcf89f218 in 'cellSpursJq' module
[E]: TODO: _cellSpursJobQueuePort2PushJobBody
[W]: Unknown function 0xe70f874e in 'cellSpursJq' module
[E]: TODO: cellSpursJobQueueAttributeSetGrabParameters
[W]: Unknown function 0xf11fe0f1 in 'cellSpursJq' module
[E]: TODO: cellSpursJobQueuePort2Create
[W]: Unknown function 0xf244e799 in 'cellSpursJq' module
[E]: TODO: _cellSpursCreateJobQueue
[W]: Unknown function 0xfacb3ced in 'cellSpursJq' module
[E]: TODO: cellSpursJobQueuePort2Sync
[W]: Unknown function 0xff03cc79 in 'cellSpursJq' module
[E]: TODO: cellSpursJobQueueAttributeSetIsHaltOnError
[W]: Unknown function 0xff7a7bd2 in 'cellSpursJq' module
[E]: TODO: cellSpursJobQueueOpen
[W]: Unknown function 0x1e7bff94 in 'cellSysutil' module
[E]: TODO: cellSysCacheMount
[W]: Unknown function 0x20543730 in 'cellSysutil' module
[E]: TODO: cellMsgDialogClose
[W]: Unknown function 0x62b0f803 in 'cellSysutil' module
[E]: TODO: cellMsgDialogAbort
[W]: Unknown function 0x744c1544 in 'cellSysutil' module
[E]: TODO: cellSysCacheClear
[W]: Unknown function 0x7bc2c8a8 in 'cellSysutil' module
[E]: TODO: cellMsgDialogProgressBarReset
[W]: Unknown function 0x8b7ed64b in 'cellSysutil' module
[E]: TODO: cellSaveDataAutoSave2
[W]: Unknown function 0x94862702 in 'cellSysutil' module
[E]: TODO: cellMsgDialogProgressBarInc
[W]: Unknown function 0x9d6af72a in 'cellSysutil' module
[E]: TODO: cellMsgDialogProgressBarSetMsg
[W]: Unknown function 0xedadd797 in 'cellSysutil' module
[E]: TODO: cellSaveDataDelete2
[W]: Unknown function 0xfbd5c856 in 'cellSysutil' module
[E]: TODO: cellSaveDataAutoLoad2
[W]: Unknown module 'cellSysutilAvconfExt'
[W]: Unknown function 0x2a6fba9c in 'cellGcmSys' module
[E]: TODO: cellGcmIoOffsetToAddress
[W]: Unknown function 0x63387071 in 'cellGcmSys' module
[E]: TODO: cellGcmGetLastFlipTime
[W]: Unknown function 0x99d397ac in 'cellGcmSys' module
[E]: TODO: cellGcmGetReport
[W]: Unknown function 0xdc494430 in 'cellGcmSys' module
[E]: TODO: cellGcmSetSecondVHandler
[W]: Unknown module 'cellSync'
[W]: Unknown function 0x1e7a247a in 'cellFiber' module
[E]: TODO: cellFiberPpuUtilWorkerControlRunFibers
[W]: Unknown function 0x3b417f82 in 'cellFiber' module
[E]: TODO: cellFiberPpuUtilWorkerControlJoinFiber
[W]: Unknown function 0x68ba4568 in 'cellFiber' module
[E]: TODO: _cellFiberPpuUtilWorkerControlAttributeInitialize
[W]: Unknown function 0xa27c95ca in 'cellFiber' module
[E]: TODO: cellFiberPpuUtilWorkerControlFinalize
[W]: Unknown function 0xbabf714b in 'cellFiber' module
[E]: TODO: cellFiberPpuUtilWorkerControlWakeup
[W]: Unknown function 0xbfca88d3 in 'cellFiber' module
[E]: TODO: cellFiberPpuUtilWorkerControlCreateFiber
[W]: Unknown function 0xc04e2438 in 'cellFiber' module
[E]: TODO: cellFiberPpuUtilWorkerControlShutdown
[W]: Unknown function 0xc11f8056 in 'cellFiber' module
[E]: TODO: _cellFiberPpuAttributeInitialize
[W]: Unknown function 0xf2ccad4f in 'cellFiber' module
[E]: TODO: cellFiberPpuUtilWorkerControlInitializeWithAttribute
[W]: Unknown function 0x55870804 in 'cellFiber' module
[E]: TODO: _cellFiberPpuInitialize
[W]: Unknown function 0x4885aa18 in 'sceNp' module
[E]: TODO: sceNpTerm
[W]: Unknown function 0xad218faf in 'sceNp' module
[E]: TODO: sceNpDrmIsAvailable
[W]: Unknown function 0xbd28fdbf in 'sceNp' module
[E]: TODO: sceNpInit
[W]: Unknown function 0x105ee2cb in 'cellNetCtl' module
[E]: TODO: cellNetCtlTerm
[W]: Unknown function 0xbd5a59fc in 'cellNetCtl' module
[E]: TODO: cellNetCtlInit
[W]: Unknown function 0x139a9e9b in 'sys_net' module
[E]: TODO: sys_net_initialize_network_ex
[W]: Unknown function 0xb68d5625 in 'sys_net' module
[E]: TODO: sys_net_finalize_network
[W]: Unknown function 0x1197b52c in 'sceNpTrophy' module
[E]: TODO: sceNpTrophyRegisterContext
[W]: Unknown function 0x1c25470d in 'sceNpTrophy' module
[E]: TODO: sceNpTrophyCreateHandle
[W]: Unknown function 0x27deda93 in 'sceNpTrophy' module
[E]: TODO: sceNpTrophySetSoundLevel
[W]: Unknown function 0x370136fe in 'sceNpTrophy' module
[E]: TODO: sceNpTrophyGetRequiredDiskSpace
[W]: Unknown function 0x39567781 in 'sceNpTrophy' module
[E]: TODO: sceNpTrophyInit
[W]: Unknown function 0x8ceedd21 in 'sceNpTrophy' module
[E]: TODO: sceNpTrophyUnlockTrophy
[W]: Unknown function 0xa7fabf4d in 'sceNpTrophy' module
[E]: TODO: sceNpTrophyTerm
[W]: Unknown function 0xb3ac3478 in 'sceNpTrophy' module
[E]: TODO: sceNpTrophyGetTrophyUnlockState
[W]: Unknown function 0xe3bf9a28 in 'sceNpTrophy' module
[E]: TODO: sceNpTrophyCreateContext
[W]: Unknown module 'libgem'
[W]: Unknown function 0x0e63c444 in 'cellCamera' module
[E]: TODO: cellCameraGetBufferInfoEx
[W]: Unknown function 0x21fc151f in 'cellCamera' module
[E]: TODO: cellCameraReadEx
[W]: Unknown function 0x379c5dd6 in 'cellCamera' module
[E]: TODO: cellCameraClose
[W]: Unknown function 0x44673f07 in 'cellCamera' module
[E]: TODO: cellCameraRemoveNotifyEventQueue2
[W]: Unknown function 0x456dc4aa in 'cellCamera' module
[E]: TODO: cellCameraStart
[W]: Unknown function 0x58bc5870 in 'cellCamera' module
[E]: TODO: cellCameraGetType
[W]: Unknown function 0x5ad46570 in 'cellCamera' module
[E]: TODO: cellCameraEnd
[W]: Unknown function 0x5d25f866 in 'cellCamera' module
[E]: TODO: cellCameraOpenEx
[W]: Unknown function 0x5eebf24e in 'cellCamera' module
[E]: TODO: cellCameraIsStarted
[W]: Unknown function 0x81f83db9 in 'cellCamera' module
[E]: TODO: cellCameraReset
[W]: Unknown function 0x8cd56eee in 'cellCamera' module
[E]: TODO: cellCameraSetAttribute
[W]: Unknown function 0xa7fd2f5b in 'cellCamera' module
[E]: TODO: cellCameraSetNotifyEventQueue2
[W]: Unknown function 0xbf47c5dd in 'cellCamera' module
[E]: TODO: cellCameraInit
[W]: Unknown function 0xfa160f24 in 'cellCamera' module
[E]: TODO: cellCameraIsOpen
[E : PPU[1] Thread (CPUThread)[0x00084168]]: Unknown syscall: 631 - 00000277
[W : PPU[1] Thread (CPUThread)[0x00762ba4]]: cellSysutil warning: cellSysutilRegisterCallback(slot=0, func_addr=0x780f88, userdata=0x0)
[W : PPU[1] Thread (CPUThread)[0x00762a04]]: cellSysmodule warning: cellSysmoduleLoadModule(CELL_SYSMODULE_SPURS_JQ)
[W : PPU[1] Thread (CPUThread)[0x00762a04]]: cellSysmodule warning: cellSysmoduleLoadModule(CELL_SYSMODULE_FIBER)
[W : PPU[1] Thread (CPUThread)[0x00762a04]]: cellSysmodule warning: cellSysmoduleLoadModule(CELL_SYSMODULE_NET)
[W : PPU[1] Thread (CPUThread)[0x00762a04]]: cellSysmodule warning: cellSysmoduleLoadModule(CELL_SYSMODULE_SYSUTIL_GAME)
[W : PPU[1] Thread (CPUThread)[0x00762a04]]: cellSysmodule warning: cellSysmoduleLoadModule(CELL_SYSMODULE_SYSUTIL_NP)
[W : PPU[1] Thread (CPUThread)[0x00762a04]]: cellSysmodule warning: cellSysmoduleLoadModule(CELL_SYSMODULE_CAMERA)
[W : PPU[1] Thread (CPUThread)[0x00762a04]]: cellSysmodule warning: cellSysmoduleLoadModule(CELL_SYSMODULE_GEM)
[W : PPU[1] Thread (CPUThread)[0x00762a04]]: cellSysmodule warning: cellSysmoduleLoadModule(CELL_SYSMODULE_AVCONF_EXT)
[W : PPU[1] Thread (CPUThread)[0x00762a04]]: cellSysmodule warning: cellSysmoduleLoadModule(CELL_SYSMODULE_SYSUTIL_NP_COMMERCE2)
[W : PPU[1] Thread (CPUThread)[0x003ed3dc]]: sys_spu warning: sys_spu_initialize(max_usable_spu=6, max_raw_spu=0)
[E : PPU[1] Thread (CPUThread)[0x00762708]]: TODO: _cellSpursAttributeInitialize
[E : PPU[1] Thread (CPUThread)[0x007625ac]]: TODO: cellSpursAttributeSetNamePrefix
[E : PPU[1] Thread (CPUThread)[0x007625c4]]: TODO: cellSpursAttributeEnableSpuPrintfIfAvailable
[E : PPU[1] Thread (CPUThread)[0x00762720]]: TODO: cellSpursAttributeEnableSystemWorkload
[E : PPU[1] Thread (CPUThread)[0x00762618]]: TODO: cellSpursInitializeWithAttribute2
[W : PPU[1] Thread (CPUThread)[0x00762a04]]: cellSysmodule warning: cellSysmoduleLoadModule(CELL_SYSMODULE_SPURS_JQ)
[W : PPU[1] Thread (CPUThread)[0x00762a04]]: cellSysmodule warning: cellSysmoduleLoadModule(CELL_SYSMODULE_FIBER)
[W : PPU[1] Thread (CPUThread)[0x00762b2c]]: cellSysutil warning: cellSysutilGetSystemParamInt: CELL_SYSUTIL_SYSTEMPARAM_ID_LANG
[W : PPU[1] Thread (CPUThread)[0x00762e48]]: cellGcmSys warning: cellGcmInitDefaultFifoMode(mode=1)
[W : PPU[1] Thread (CPUThread)[0x00762d34]]: cellGcmSys warning: cellGcmInit(context_addr=0x189ce88,cmdSize=0x200000,ioSize=0x2b00000,ioAddress=0x38010000)
[W : PPU[1] Thread (CPUThread)[0x00762d34]]: cellGcmSys warning: *** local memory(addr=0xc0000000, size=0xf900000)
[! : RSXThread]: RSX thread entry
[E : PPU[1] Thread (CPUThread)[0x00762678]]: TODO: _cellSpursEventFlagInitialize
[E : PPU[1] Thread (CPUThread)[0x007626cc]]: TODO: cellSpursEventFlagAttachLv2EventQueue
[E : PPU[1] Thread (CPUThread)[0x007627b0]]: TODO: cellSpursGetNumSpuThread
[E : PPU[1] Thread (CPUThread)[0x00762678]]: TODO: _cellSpursEventFlagInitialize
[E : PPU[1] Thread (CPUThread)[0x007626cc]]: TODO: cellSpursEventFlagAttachLv2EventQueue
[E : PPU[1] Thread (CPUThread)[0x007627b0]]: TODO: cellSpursGetNumSpuThread
[W : PPU[1] Thread (CPUThread)[0x00762d28]]: cellGcmSys warning: cellGcmSetUserHandler(handler=0x781318)
[W : PPU[1] Thread (CPUThread)[0x00762d1c]]: cellGcmSys warning: cellGcmGetTiledPitchSize(size=5120)
[W : PPU[1] Thread (CPUThread)[0x00762ae4]]: cellSysutil warning: cellVideoOutConfigure(videoOut=0, config_addr=0xd0010940, option_addr=0x0, waitForEvent=0x0)
[W : PPU[1] Thread (CPUThread)[0x00762d1c]]: cellGcmSys warning: cellGcmGetTiledPitchSize(size=5120)
[W : PPU[1] Thread (CPUThread)[0x00762e3c]]: cellGcmSys warning: cellGcmSetTileInfo(index=0, location=0, offset=65536, size=3801088, pitch=5120, comp=0, base=0, bank=0)
[W : PPU[1] Thread (CPUThread)[0x00762d70]]: cellGcmSys warning: cellGcmBindTile(index=0)
[W : PPU[1] Thread (CPUThread)[0x00762e00]]: cellGcmSys warning: cellGcmSetDisplayBuffer(id=0x0,offset=0x10000,pitch=4,width=1280,height=720)
[W : PPU[1] Thread (CPUThread)[0x00762d1c]]: cellGcmSys warning: cellGcmGetTiledPitchSize(size=5120)
[W : PPU[1] Thread (CPUThread)[0x00762e3c]]: cellGcmSys warning: cellGcmSetTileInfo(index=1, location=0, offset=3866624, size=3801088, pitch=5120, comp=0, base=0, bank=0)
[W : PPU[1] Thread (CPUThread)[0x00762d70]]: cellGcmSys warning: cellGcmBindTile(index=1)
[W : PPU[1] Thread (CPUThread)[0x00762e00]]: cellGcmSys warning: cellGcmSetDisplayBuffer(id=0x1,offset=0x3b0000,pitch=4,width=1280,height=720)
[W : PPU[1] Thread (CPUThread)[0x00762d7c]]: cellGcmSys warning: cellGcmSetFlipMode(mode=2)
[W : PPU[1] Thread (CPUThread)[0x00762d88]]: cellGcmSys warning: cellGcmSetSecondVFrequency(level=3)
[E : PPU[1] Thread (CPUThread)[0x00762e6c]]: TODO: cellGcmSetSecondVHandler
[E : PPU[1] Thread (CPUThread)[0x00762e24]]: cellGcmSys error: Unimplemented function: cellGcmSetVBlankHandler
[W : PPU[1] Thread (CPUThread)[0x00762df4]]: cellGcmSys warning: cellGcmSetFlipHandler(handler_addr=7869184)
[W : PPU[1] Thread (CPUThread)[0x00762d1c]]: cellGcmSys warning: cellGcmGetTiledPitchSize(size=5120)
[W : PPU[1] Thread (CPUThread)[0x00762e3c]]: cellGcmSys warning: cellGcmSetTileInfo(index=2, location=0, offset=7667712, size=3801088, pitch=5120, comp=0, base=0, bank=0)
[W : PPU[1] Thread (CPUThread)[0x00762d70]]: cellGcmSys warning: cellGcmBindTile(index=2)
[W : PPU[1] Thread (CPUThread)[0x00762d1c]]: cellGcmSys warning: cellGcmGetTiledPitchSize(size=5120)
[W : PPU[1] Thread (CPUThread)[0x00762e3c]]: cellGcmSys warning: cellGcmSetTileInfo(index=3, location=0, offset=11468800, size=3801088, pitch=5120, comp=0, base=0, bank=0)
[W : PPU[1] Thread (CPUThread)[0x00762d70]]: cellGcmSys warning: cellGcmBindTile(index=3)
[W : PPU[1] Thread (CPUThread)[0x00762d1c]]: cellGcmSys warning: cellGcmGetTiledPitchSize(size=5120)
[W : PPU[1] Thread (CPUThread)[0x00762e3c]]: cellGcmSys warning: cellGcmSetTileInfo(index=4, location=0, offset=15269888, size=3801088, pitch=5120, comp=0, base=0, bank=0)
[W : PPU[1] Thread (CPUThread)[0x00762d70]]: cellGcmSys warning: cellGcmBindTile(index=4)
[W : PPU[1] Thread (CPUThread)[0x00762d1c]]: cellGcmSys warning: cellGcmGetTiledPitchSize(size=5120)
[W : PPU[1] Thread (CPUThread)[0x00762e3c]]: cellGcmSys warning: cellGcmSetTileInfo(index=5, location=0, offset=19070976, size=3801088, pitch=5120, comp=0, base=0, bank=0)
[W : PPU[1] Thread (CPUThread)[0x00762d70]]: cellGcmSys warning: cellGcmBindTile(index=5)
[W : PPU[1] Thread (CPUThread)[0x00762d1c]]: cellGcmSys warning: cellGcmGetTiledPitchSize(size=2560)
[W : PPU[1] Thread (CPUThread)[0x00762e3c]]: cellGcmSys warning: cellGcmSetTileInfo(index=6, location=0, offset=22872064, size=1900544, pitch=2560, comp=0, base=0, bank=0)
[W : PPU[1] Thread (CPUThread)[0x00762d70]]: cellGcmSys warning: cellGcmBindTile(index=6)
[W : PPU[1] Thread (CPUThread)[0x00762d1c]]: cellGcmSys warning: cellGcmGetTiledPitchSize(size=5120)
[W : PPU[1] Thread (CPUThread)[0x00762e3c]]: cellGcmSys warning: cellGcmSetTileInfo(index=7, location=0, offset=24772608, size=3801088, pitch=5120, comp=10, base=0, bank=1)
[E : PPU[1] Thread (CPUThread)[0x00762e3c]]: cellGcmSys error: cellGcmSetTileInfo: bad comp! (10)
[W : PPU[1] Thread (CPUThread)[0x00762d70]]: cellGcmSys warning: cellGcmBindTile(index=7)
[W : PPU[1] Thread (CPUThread)[0x00762de8]]: cellGcmSys warning: TODO: cellGcmBindZcull(index=0)
[W : PPU[1] Thread (CPUThread)[0x00762d1c]]: cellGcmSys warning: cellGcmGetTiledPitchSize(size=5120)
[W : PPU[1] Thread (CPUThread)[0x00762e3c]]: cellGcmSys warning: cellGcmSetTileInfo(index=8, location=0, offset=28573696, size=3801088, pitch=5120, comp=0, base=0, bank=0)
[W : PPU[1] Thread (CPUThread)[0x00762d70]]: cellGcmSys warning: cellGcmBindTile(index=8)
[W : PPU[1] Thread (CPUThread)[0x00762d1c]]: cellGcmSys warning: cellGcmGetTiledPitchSize(size=2048)
[W : PPU[1] Thread (CPUThread)[0x00762e3c]]: cellGcmSys warning: cellGcmSetTileInfo(index=9, location=0, offset=32374784, size=2097152, pitch=2048, comp=0, base=0, bank=1)
[W : PPU[1] Thread (CPUThread)[0x00762d70]]: cellGcmSys warning: cellGcmBindTile(index=9)
[W : PPU[1] Thread (CPUThread)[0x00762de8]]: cellGcmSys warning: TODO: cellGcmBindZcull(index=1)
[W : PPU[1] Thread (CPUThread)[0x00762d1c]]: cellGcmSys warning: cellGcmGetTiledPitchSize(size=1792)
[W : PPU[1] Thread (CPUThread)[0x00762e3c]]: cellGcmSys warning: cellGcmSetTileInfo(index=10, location=0, offset=34471936, size=458752, pitch=1792, comp=0, base=0, bank=0)
[W : PPU[1] Thread (CPUThread)[0x00762d70]]: cellGcmSys warning: cellGcmBindTile(index=10)
[W : PPU[1] Thread (CPUThread)[0x00762d1c]]: cellGcmSys warning: cellGcmGetTiledPitchSize(size=1792)
[W : PPU[1] Thread (CPUThread)[0x00762e3c]]: cellGcmSys warning: cellGcmSetTileInfo(index=11, location=0, offset=34930688, size=458752, pitch=1792, comp=0, base=0, bank=0)
[W : PPU[1] Thread (CPUThread)[0x00762d70]]: cellGcmSys warning: cellGcmBindTile(index=11)
[E : PPU[1] Thread (CPUThread)[0x007625d0]]: TODO: _cellSpursTasksetAttributeInitialize
[E : PPU[1] Thread (CPUThread)[0x00762690]]: TODO: cellSpursTasksetAttributeSetName
[E : PPU[1] Thread (CPUThread)[0x00762798]]: TODO: cellSpursCreateTasksetWithAttribute
[E : PPU[1] Thread (CPUThread)[0x007626b4]]: TODO: cellSpursBarrierInitialize
[E : PPU[1] Thread (CPUThread)[0x00762834]]: TODO: cellSpursTaskGetContextSaveAreaSize
[E : PPU[1] Thread (CPUThread)[0x0076284c]]: TODO: _cellSpursTaskAttributeInitialize
[E : PPU[1] Thread (CPUThread)[0x0076281c]]: TODO: cellSpursCreateTaskWithAttribute
[E : PPU[1] Thread (CPUThread)[0x00762834]]: TODO: cellSpursTaskGetContextSaveAreaSize
[E : PPU[1] Thread (CPUThread)[0x0076284c]]: TODO: _cellSpursTaskAttributeInitialize
[E : PPU[1] Thread (CPUThread)[0x0076281c]]: TODO: cellSpursCreateTaskWithAttribute
[E : PPU[1] Thread (CPUThread)[0x00762834]]: TODO: cellSpursTaskGetContextSaveAreaSize
[E : PPU[1] Thread (CPUThread)[0x0076284c]]: TODO: _cellSpursTaskAttributeInitialize
[E : PPU[1] Thread (CPUThread)[0x0076281c]]: TODO: cellSpursCreateTaskWithAttribute
[E : PPU[1] Thread (CPUThread)[0x00762834]]: TODO: cellSpursTaskGetContextSaveAreaSize
[E : PPU[1] Thread (CPUThread)[0x0076284c]]: TODO: _cellSpursTaskAttributeInitialize
[E : PPU[1] Thread (CPUThread)[0x0076281c]]: TODO: cellSpursCreateTaskWithAttribute
[E : PPU[1] Thread (CPUThread)[0x00762834]]: TODO: cellSpursTaskGetContextSaveAreaSize
[E : PPU[1] Thread (CPUThread)[0x0076284c]]: TODO: _cellSpursTaskAttributeInitialize
[E : PPU[1] Thread (CPUThread)[0x0076281c]]: TODO: cellSpursCreateTaskWithAttribute
[E : PPU[1] Thread (CPUThread)[0x007627a4]]: TODO: _cellSpursTasksetAttribute2Initialize
[E : PPU[1] Thread (CPUThread)[0x00762648]]: TODO: cellSpursCreateTaskset2
[E : PPU[1] Thread (CPUThread)[0x007626e4]]: TODO: _cellSpursTaskAttribute2Initialize
[E : PPU[1] Thread (CPUThread)[0x007627e0]]: TODO: cellSpursCreateTask2
[E : PPU[1] Thread (CPUThread)[0x007626e4]]: TODO: _cellSpursTaskAttribute2Initialize
[E : PPU[1] Thread (CPUThread)[0x007627e0]]: TODO: cellSpursCreateTask2
[E : PPU[1] Thread (CPUThread)[0x007626e4]]: TODO: _cellSpursTaskAttribute2Initialize
[E : PPU[1] Thread (CPUThread)[0x007627e0]]: TODO: cellSpursCreateTask2
[E : PPU[1] Thread (CPUThread)[0x007626e4]]: TODO: _cellSpursTaskAttribute2Initialize
[E : PPU[1] Thread (CPUThread)[0x007627e0]]: TODO: cellSpursCreateTask2
[W : PPU[1] Thread (CPUThread)[0x00762d1c]]: cellGcmSys warning: cellGcmGetTiledPitchSize(size=1280)
[W : PPU[1] Thread (CPUThread)[0x00762e3c]]: cellGcmSys warning: cellGcmSetTileInfo(index=12, location=0, offset=36372480, size=262144, pitch=1280, comp=0, base=0, bank=0)
[W : PPU[1] Thread (CPUThread)[0x00762d70]]: cellGcmSys warning: cellGcmBindTile(index=12)
[W : PPU[1] Thread (CPUThread)[0x00762d1c]]: cellGcmSys warning: cellGcmGetTiledPitchSize(size=1280)
[W : PPU[1] Thread (CPUThread)[0x00762e3c]]: cellGcmSys warning: cellGcmSetTileInfo(index=13, location=0, offset=36634624, size=262144, pitch=1280, comp=0, base=0, bank=0)
[W : PPU[1] Thread (CPUThread)[0x00762d70]]: cellGcmSys warning: cellGcmBindTile(index=13)
[E : PPU[1] Thread (CPUThread)[0x007627a4]]: TODO: _cellSpursTasksetAttribute2Initialize
[E : PPU[1] Thread (CPUThread)[0x00762648]]: TODO: cellSpursCreateTaskset2
[W : PPU[1] Thread (CPUThread)[0x00762b2c]]: cellSysutil warning: cellSysutilGetSystemParamInt: CELL_SYSUTIL_SYSTEMPARAM_ID_ENTER_BUTTON_ASSIGN
[E : PPU[1] Thread (CPUThread)[0x007633a0]]: TODO: cellCameraInit
[W : PPU[1] Thread (CPUThread)[0x000280d0]]: sys_event warning: sys_event_queue_create(equeue_id_addr=0x865090, attr_addr=0xd0010ac0, event_queue_key=0x72110700, size=32)
[W : PPU[1] Thread (CPUThread)[0x000280d0]]: sys_event warning: name = 
[W : PPU[1] Thread (CPUThread)[0x000280d0]]: sys_event warning: type = 1
[E : PPU[1] Thread (CPUThread)[0x00763394]]: TODO: cellCameraSetNotifyEventQueue2
[W : PPU[1] Thread (CPUThread)[0x00028178]]: memory warning: sys_memory_container_create(cid_addr=0x795d84,yield_size=0x100000)
[W : PPU[5] Thread (McUpdateThread)[0x000283f0]]: sys_event warning: sys_event_queue_receive(equeue_id=0x3, event_addr=0xd0014d08, timeout=0x411a)
[E : PPU[1] Thread (CPUThread)[0x007631e0]]: TODO: cellGemGetMemorySize
[E : PPU[1] Thread (CPUThread)[0x007631c8]]: TODO: cellGemInit
[E : PPU[1] Thread (CPUThread)[0x00763240]]: TODO: cellGemPrepareCamera
[E : PPU[1] Thread (CPUThread)[0x00763258]]: TODO: cellGemPrepareVideoConvert
[E : PPU[1] Thread (CPUThread)[0x007625d0]]: TODO: _cellSpursTasksetAttributeInitialize
[E : PPU[1] Thread (CPUThread)[0x00762798]]: TODO: cellSpursCreateTasksetWithAttribute
[E : PPU[1] Thread (CPUThread)[0x007625b8]]: TODO: _cellSpursQueueInitialize
[E : PPU[1] Thread (CPUThread)[0x007625b8]]: TODO: _cellSpursQueueInitialize
[E : PPU[1] Thread (CPUThread)[0x007627ec]]: TODO: cellSpursQueueAttachLv2EventQueue
[E : PPU[1] Thread (CPUThread)[0x007627ec]]: TODO: cellSpursQueueAttachLv2EventQueue
[E : PPU[1] Thread (CPUThread)[0x007626b4]]: TODO: cellSpursBarrierInitialize
[E : PPU[1] Thread (CPUThread)[0x00762eb0]]: TODO: cellSyncBarrierInitialize
[E : PPU[8] Thread (PhysicsStep)[0x00762ebc]]: TODO: cellSyncBarrierTryNotify
[E : PPU[8] Thread (PhysicsStep)[0x00762ec8]]: TODO: cellSyncBarrierTryWait
[E : PPU[8] Thread (PhysicsStep)[0x00762780]]: TODO: cellSpursCreateTask
[E : PPU[8] Thread (PhysicsStep)[0x007626fc]]: TODO: cellSpursQueuePushBody
[E : PPU[8] Thread (PhysicsStep)[0x00762780]]: TODO: cellSpursCreateTask
[E : PPU[8] Thread (PhysicsStep)[0x007626fc]]: TODO: cellSpursQueuePushBody
[E : PPU[8] Thread (PhysicsStep)[0x00762780]]: TODO: cellSpursCreateTask
[E : PPU[8] Thread (PhysicsStep)[0x007626fc]]: TODO: cellSpursQueuePushBody
[E : PPU[8] Thread (PhysicsStep)[0x00762780]]: TODO: cellSpursCreateTask
[E : PPU[8] Thread (PhysicsStep)[0x007626fc]]: TODO: cellSpursQueuePushBody
[E : PPU[8] Thread (PhysicsStep)[0x00762780]]: TODO: cellSpursCreateTask
[E : PPU[8] Thread (PhysicsStep)[0x007626fc]]: TODO: cellSpursQueuePushBody
[E : PPU[8] Thread (PhysicsStep)[0x007626f0]]: TODO: cellSpursQueuePopBody
[E : PPU[8] Thread (PhysicsStep)[0x007626f0]]: TODO: cellSpursQueuePopBody
[E : PPU[8] Thread (PhysicsStep)[0x007626f0]]: TODO: cellSpursQueuePopBody
[E : PPU[8] Thread (PhysicsStep)[0x007626f0]]: TODO: cellSpursQueuePopBody
[E : PPU[8] Thread (PhysicsStep)[0x007626f0]]: TODO: cellSpursQueuePopBody
[E : PPU[8] Thread (PhysicsStep)[0x00762780]]: TODO: cellSpursCreateTask
[E : PPU[8] Thread (PhysicsStep)[0x007626fc]]: TODO: cellSpursQueuePushBody
[E : PPU[8] Thread (PhysicsStep)[0x00762780]]: TODO: cellSpursCreateTask
[E : PPU[8] Thread (PhysicsStep)[0x007626fc]]: TODO: cellSpursQueuePushBody
[E : PPU[8] Thread (PhysicsStep)[0x00762780]]: TODO: cellSpursCreateTask
[E : PPU[8] Thread (PhysicsStep)[0x007626fc]]: TODO: cellSpursQueuePushBody
[E : PPU[8] Thread (PhysicsStep)[0x00762780]]: TODO: cellSpursCreateTask
[E : PPU[8] Thread (PhysicsStep)[0x007626fc]]: TODO: cellSpursQueuePushBody
[E : PPU[8] Thread (PhysicsStep)[0x00762780]]: TODO: cellSpursCreateTask
[E : PPU[8] Thread (PhysicsStep)[0x007626fc]]: TODO: cellSpursQueuePushBody
[E : PPU[8] Thread (PhysicsStep)[0x007626f0]]: TODO: cellSpursQueuePopBody
[E : PPU[8] Thread (PhysicsStep)[0x007626f0]]: TODO: cellSpursQueuePopBody
[E : PPU[8] Thread (PhysicsStep)[0x007626f0]]: TODO: cellSpursQueuePopBody
[E : PPU[8] Thread (PhysicsStep)[0x007626f0]]: TODO: cellSpursQueuePopBody
[E : PPU[8] Thread (PhysicsStep)[0x007626f0]]: TODO: cellSpursQueuePopBody
[E : PPU[8] Thread (PhysicsStep)[0x00762780]]: TODO: cellSpursCreateTask
[E : PPU[8] Thread (PhysicsStep)[0x007626fc]]: TODO: cellSpursQueuePushBody
[E : PPU[8] Thread (PhysicsStep)[0x00762780]]: TODO: cellSpursCreateTask
[E : PPU[8] Thread (PhysicsStep)[0x007626fc]]: TODO: cellSpursQueuePushBody
[E : PPU[8] Thread (PhysicsStep)[0x00762780]]: TODO: cellSpursCreateTask
[E : PPU[8] Thread (PhysicsStep)[0x007626fc]]: TODO: cellSpursQueuePushBody
[E : PPU[8] Thread (PhysicsStep)[0x00762780]]: TODO: cellSpursCreateTask
[E : PPU[8] Thread (PhysicsStep)[0x007626fc]]: TODO: cellSpursQueuePushBody
[E : PPU[8] Thread (PhysicsStep)[0x00762780]]: TODO: cellSpursCreateTask
[E : PPU[8] Thread (PhysicsStep)[0x007626fc]]: TODO: cellSpursQueuePushBody
[E : PPU[8] Thread (PhysicsStep)[0x007626f0]]: TODO: cellSpursQueuePopBody
[E : PPU[8] Thread (PhysicsStep)[0x0045b518]]: Read32 from null block: [58dc8414]
[! : RSXThread]: RSX thread exit...
[!]: Closing memory...
