[!]: path: /dev_hdd0/game/
[!]: Loading 'D:\Emulateur\Rpcs3\dev_hdd0\game\BCES01118-[Resistance 3]/PS3_GAME/USRDIR/BOOT.BIN'...
[!]: Mount info:
[!]: /dev_hdd0/ -> D:\Emulateur\Rpcs3\dev_hdd0\
[!]: /dev_hdd1/ -> D:\Emulateur\Rpcs3\dev_hdd1\
[!]: /dev_flash/ -> D:\Emulateur\Rpcs3\dev_flash\
[!]: /dev_usb000/ -> D:\Emulateur\Rpcs3\dev_usb000\
[!]: /dev_usb/ -> D:\Emulateur\Rpcs3\dev_usb000\
[!]: /app_home/ -> D:\Emulateur\Rpcs3\dev_hdd0\game\BCES01118-[Resistance 3]/PS3_GAME/
[!]: /dev_bdvd/ -> D:\Emulateur\Rpcs3\dev_hdd0\game\BCES01118-[Resistance 3]/PS3_GAME/\..\
[!]: /host_root/ -> 
[!]: / -> D:\Emulateur\Rpcs3\dev_hdd0\game\BCES01118-[Resistance 3]/PS3_GAME/\USRDIR\
[!]: Initing memory...
[!]: Memory initialized.
[W]: Unknown module 'cellHttp'
[W]: Unknown function 0x32faaf58 in 'cellHttpUtil' module
[E]: TODO: cellHttpUtilParseUri
[W]: Unknown function 0x9003b1f2 in 'cellHttpUtil' module
[E]: TODO: cellHttpUtilEscapeUri
[W]: Unknown function 0x006c4900 in 'cellSsl' module
[E]: TODO: cellSslCertGetNameEntryInfo
[W]: Unknown function 0x033c4905 in 'cellSsl' module
[E]: TODO: cellSslCertGetRsaPublicKeyExponent
[W]: Unknown function 0x1650aea4 in 'cellSsl' module
[E]: TODO: cellSslEnd
[W]: Unknown function 0x32c61bdf in 'cellSsl' module
[E]: TODO: cellSslCertGetSubjectName
[W]: Unknown function 0x571afaca in 'cellSsl' module
[E]: TODO: cellSslCertificateLoader
[W]: Unknown function 0x766d3ca1 in 'cellSsl' module
[E]: TODO: cellSslCertGetNameEntryCount
[W]: Unknown function 0x7b689ebc in 'cellSsl' module
[E]: TODO: cellSslCertGetSerialNumber
[W]: Unknown function 0x8e505175 in 'cellSsl' module
[E]: TODO: cellSslCertGetRsaPublicKeyModulus
[W]: Unknown function 0xae6eb491 in 'cellSsl' module
[E]: TODO: cellSslCertGetIssuerName
[W]: Unknown function 0xf8206492 in 'cellSsl' module
[E]: TODO: cellSslCertGetPublicKey
[W]: Unknown function 0xfb02c9d2 in 'cellSsl' module
[E]: TODO: cellSslInit
[W]: Unknown function 0x051ee3ee in 'sys_net' module
[E]: TODO: socketpoll
[W]: Unknown function 0x28e208bb in 'sys_net' module
[E]: TODO: listen
[W]: Unknown function 0x3f09e20a in 'sys_net' module
[E]: TODO: socketselect
[W]: Unknown function 0x71f4c717 in 'sys_net' module
[E]: TODO: gethostbyname
[W]: Unknown function 0x858a930b in 'sys_net' module
[E]: TODO: inet_ntoa
[W]: Unknown function 0xa9a079e0 in 'sys_net' module
[E]: TODO: inet_aton
[W]: Unknown function 0xad09481b in 'sys_net' module
[E]: TODO: sendmsg
[W]: Unknown function 0xc9d09c34 in 'sys_net' module
[E]: TODO: recvmsg
[W]: Unknown function 0xf7ac8941 in 'sys_net' module
[E]: TODO: gethostbyaddr
[W]: Unknown function 0xc98a3146 in 'sys_net' module
[E]: TODO: inet_ntop
[W]: Unknown function 0xdabbc2c0 in 'sys_net' module
[E]: TODO: inet_addr
[W]: Unknown function 0x967a162b in 'sys_fs' module
[E]: TODO: cellFsFsync
[W]: Unknown function 0x626e8518 in 'cellGcmSys' module
[E]: TODO: cellGcmMapEaIoAddressWithFlags
[W]: Unknown function 0xbd6d60d9 in 'cellGcmSys' module
[E]: TODO: cellGcmSetInvalidateTile
[W]: Unknown function 0x16394a4e in 'cellSpurs' module
[E]: TODO: _cellSpursTasksetAttributeInitialize
[W]: Unknown function 0x22aab31d in 'cellSpurs' module
[E]: TODO: cellSpursEventFlagDetachLv2EventQueue
[W]: Unknown function 0x373523d4 in 'cellSpurs' module
[E]: TODO: cellSpursEventFlagWait
[W]: Unknown function 0x4a5eab63 in 'cellSpurs' module
[E]: TODO: cellSpursWorkloadAttributeSetName
[W]: Unknown function 0x4ac7bae4 in 'cellSpurs' module
[E]: TODO: cellSpursEventFlagClear
[W]: Unknown function 0x5ef96465 in 'cellSpurs' module
[E]: TODO: _cellSpursEventFlagInitialize
[W]: Unknown function 0x652b70e2 in 'cellSpurs' module
[E]: TODO: cellSpursTasksetAttributeSetName
[W]: Unknown function 0x7e4ea023 in 'cellSpurs' module
[E]: TODO: cellSpursWakeUp
[W]: Unknown function 0x87630976 in 'cellSpurs' module
[E]: TODO: cellSpursEventFlagAttachLv2EventQueue
[W]: Unknown function 0x9f72add3 in 'cellSpurs' module
[E]: TODO: cellSpursJoinTaskset
[W]: Unknown function 0xa789e631 in 'cellSpurs' module
[E]: TODO: cellSpursShutdownTaskset
[W]: Unknown function 0xaa6269a8 in 'cellSpurs' module
[E]: TODO: cellSpursInitializeWithAttribute
[W]: Unknown function 0xc0158d8b in 'cellSpurs' module
[E]: TODO: cellSpursAddWorkloadWithAttribute
[W]: Unknown function 0xc10931cb in 'cellSpurs' module
[E]: TODO: cellSpursCreateTasksetWithAttribute
[W]: Unknown function 0xefeb2679 in 'cellSpurs' module
[E]: TODO: _cellSpursWorkloadAttributeInitialize
[W]: Unknown function 0xf843818d in 'cellSpurs' module
[E]: TODO: cellSpursReadyCountStore
[W]: Unknown function 0x011ee38b in 'cellSpurs' module
[E]: TODO: _cellSpursLFQueueInitialize
[W]: Unknown function 0x1656d49f in 'cellSpurs' module
[E]: TODO: cellSpursLFQueueAttachLv2EventQueue
[W]: Unknown function 0x182d9890 in 'cellSpurs' module
[E]: TODO: cellSpursRequestIdleSpu
[W]: Unknown function 0x4e153e3e in 'cellSpurs' module
[E]: TODO: cellSpursGetWorkloadInfo
[W]: Unknown function 0x57e4dec3 in 'cellSpurs' module
[E]: TODO: cellSpursRemoveWorkload
[W]: Unknown function 0x5fd43fe4 in 'cellSpurs' module
[E]: TODO: cellSpursWaitForWorkloadShutdown
[W]: Unknown function 0x73e06f91 in 'cellSpurs' module
[E]: TODO: cellSpursLFQueueDetachLv2EventQueue
[W]: Unknown function 0x8a85674d in 'cellSpurs' module
[E]: TODO: _cellSpursLFQueuePushBody
[W]: Unknown function 0x98d5b343 in 'cellSpurs' module
[E]: TODO: cellSpursShutdownWorkload
[W]: Unknown function 0xbeb600ac in 'cellSpurs' module
[E]: TODO: cellSpursCreateTask
[W]: Unknown function 0xd2e23fa9 in 'cellSpurs' module
[E]: TODO: cellSpursSetExceptionEventHandler
[W]: Unknown function 0x07e1b12c in 'cellMic' module
[E]: TODO: cellMicRead
[W]: Unknown function 0x186cb1fb in 'cellMic' module
[E]: TODO: cellMicIsOpen
[W]: Unknown function 0x1b42101b in 'cellMic' module
[E]: TODO: cellMicIsAttached
[W]: Unknown function 0x65336418 in 'cellMic' module
[E]: TODO: cellMicRemoveNotifyEventQueue
[W]: Unknown function 0x6bc46aab in 'cellMic' module
[E]: TODO: cellMicReset
[W]: Unknown function 0x7903400e in 'cellMic' module
[E]: TODO: cellMicSetNotifyEventQueue
[W]: Unknown function 0x8325e02d in 'cellMic' module
[E]: TODO: cellMicInit
[W]: Unknown function 0x8d229f8e in 'cellMic' module
[E]: TODO: cellMicClose
[W]: Unknown function 0xa52d2ae4 in 'cellMic' module
[E]: TODO: cellMicGetType
[W]: Unknown function 0xb30780eb in 'cellMic' module
[E]: TODO: cellMicGetSignalState
[W]: Unknown function 0xc6328caa in 'cellMic' module
[E]: TODO: cellMicEnd
[W]: Unknown function 0xdd1b59f0 in 'cellMic' module
[E]: TODO: cellMicOpen
[W]: Unknown function 0xdd724314 in 'cellMic' module
[E]: TODO: cellMicStart
[W]: Unknown function 0xfcfaf246 in 'cellMic' module
[E]: TODO: cellMicStop
[W]: Unknown function 0x02f5ced0 in 'cellCamera' module
[E]: TODO: cellCameraStop
[W]: Unknown function 0x0e63c444 in 'cellCamera' module
[E]: TODO: cellCameraGetBufferInfoEx
[W]: Unknown function 0x21fc151f in 'cellCamera' module
[E]: TODO: cellCameraReadEx
[W]: Unknown function 0x379c5dd6 in 'cellCamera' module
[E]: TODO: cellCameraClose
[W]: Unknown function 0x3845d39b in 'cellCamera' module
[E]: TODO: cellCameraRead
[W]: Unknown function 0x44673f07 in 'cellCamera' module
[E]: TODO: cellCameraRemoveNotifyEventQueue2
[W]: Unknown function 0x456dc4aa in 'cellCamera' module
[E]: TODO: cellCameraStart
[W]: Unknown function 0x58bc5870 in 'cellCamera' module
[E]: TODO: cellCameraGetType
[W]: Unknown function 0x5ad46570 in 'cellCamera' module
[E]: TODO: cellCameraEnd
[W]: Unknown function 0x5d25f866 in 'cellCamera' module
[E]: TODO: cellCameraOpenEx
[W]: Unknown function 0x7dac520c in 'cellCamera' module
[E]: TODO: cellCameraGetBufferSize
[W]: Unknown function 0x81f83db9 in 'cellCamera' module
[E]: TODO: cellCameraReset
[W]: Unknown function 0x8cd56eee in 'cellCamera' module
[E]: TODO: cellCameraSetAttribute
[W]: Unknown function 0xa7fd2f5b in 'cellCamera' module
[E]: TODO: cellCameraSetNotifyEventQueue2
[W]: Unknown function 0xbf47c5dd in 'cellCamera' module
[E]: TODO: cellCameraInit
[W]: Unknown function 0xfa160f24 in 'cellCamera' module
[E]: TODO: cellCameraIsOpen
[W]: Unknown function 0x1a267f98 in 'cellSysmodule' module
[E]: Unknown func id: 0x1a267f98
[W]: Unknown function 0xfd0e1cac in 'cellSysmodule' module
[E]: Unknown func id: 0xfd0e1cac
[W]: Unknown function 0x10dae56d in 'cellNetCtl' module
[E]: TODO: cellGameUpdateTerm
[W]: Unknown function 0x99ab1a26 in 'cellNetCtl' module
[E]: TODO: cellGameUpdateInit
[W]: Unknown function 0xa5e1fa60 in 'cellNetCtl' module
[E]: TODO: cellGameUpdateCheckStartWithoutDialogAsync
[W]: Unknown function 0xd0a5d727 in 'cellNetCtl' module
[E]: TODO: cellGameUpdateCheckStartAsync
[W]: Unknown function 0xffa3d791 in 'cellNetCtl' module
[E]: TODO: cellGameUpdateCheckFinishAsync
[W]: Unknown function 0x000e53cc in 'sceNp' module
[E]: TODO: sceNpManagerSubSignout
[W]: Unknown function 0x01fbbc9b in 'sceNp' module
[E]: TODO: sceNpBasicSendMessageGui
[W]: Unknown function 0x0968aa36 in 'sceNp' module
[E]: TODO: sceNpManagerGetTicket
[W]: Unknown function 0x1ae8a549 in 'sceNp' module
[E]: TODO: sceNpBasicAddBlockListEntry
[W]: Unknown function 0x27c69eba in 'sceNp' module
[E]: TODO: sceNpBasicAddFriend
[W]: Unknown function 0x32c78a6a in 'sceNp' module
[E]: TODO: sceNpBasicGetFriendPresenceByIndex
[W]: Unknown function 0x36d0c2c5 in 'sceNp' module
[E]: TODO: sceNpManagerGetAvatarUrl
[W]: Unknown function 0x3f0808aa in 'sceNp' module
[E]: TODO: sceNpBasicSetPresence
[W]: Unknown function 0x4026eac5 in 'sceNp' module
[E]: TODO: sceNpBasicRegisterContextSensitiveHandler
[W]: Unknown function 0x442381f7 in 'sceNp' module
[E]: TODO: sceNpManagerSubSignin
[W]: Unknown function 0x481ce0e8 in 'sceNp' module
[E]: TODO: sceNpBasicAbortGui
[W]: Unknown function 0x4885aa18 in 'sceNp' module
[E]: TODO: sceNpTerm
[W]: Unknown function 0x52a6b523 in 'sceNp' module
[E]: TODO: sceNpManagerUnregisterCallback
[W]: Unknown function 0x58fa4fcd in 'sceNp' module
[E]: TODO: sceNpManagerGetTicketParam
[W]: Unknown function 0x5f2d9257 in 'sceNp' module
[E]: TODO: sceNpLookupInit
[W]: Unknown function 0x64a704cc in 'sceNp' module
[E]: TODO: sceNpBasicRecvMessageAttachmentLoad
[W]: Unknown function 0x73931bd0 in 'sceNp' module
[E]: TODO: sceNpBasicGetBlockListEntryCount
[W]: Unknown function 0x806960ab in 'sceNp' module
[E]: TODO: sceNpBasicRecvMessageCustom
[W]: Unknown function 0x8297f1ec in 'sceNp' module
[E]: TODO: sceNpManagerRequestTicket2
[W]: Unknown function 0x8440537c in 'sceNp' module
[E]: TODO: sceNpLookupTerm
[W]: Unknown function 0xacb9ee8e in 'sceNp' module
[E]: TODO: sceNpBasicUnregisterHandler
[W]: Unknown function 0xafef640d in 'sceNp' module
[E]: TODO: sceNpBasicGetFriendListEntryCount
[W]: Unknown function 0xbcdbb2ab in 'sceNp' module
[E]: TODO: sceNpBasicAddPlayersHistoryAsync
[W]: Unknown function 0xbd28fdbf in 'sceNp' module
[E]: TODO: sceNpInit
[W]: Unknown function 0xd208f91d in 'sceNp' module
[E]: TODO: sceNpUtilCmpNpId
[W]: Unknown function 0xe035f7d6 in 'sceNp' module
[E]: TODO: sceNpBasicGetEvent
[W]: Unknown function 0xe7dcd3b4 in 'sceNp' module
[E]: TODO: sceNpManagerRegisterCallback
[W]: Unknown function 0xec0a1fbf in 'sceNp' module
[E]: TODO: sceNpBasicSendMessage
[W]: Unknown function 0xecd503de in 'sceNp' module
[E]: TODO: sceNpBasicGetMessageEntryCount
[W]: Unknown function 0xf042b14f in 'sceNp' module
[E]: TODO: sceNpDrmIsAvailable2
[W]: Unknown function 0xf2b3338a in 'sceNp' module
[E]: TODO: sceNpBasicGetBlockListEntry
[W]: Unknown function 0xfe37a7f4 in 'sceNp' module
[E]: TODO: sceNpManagerGetNpId
[W]: Unknown function 0x0e091c36 in 'cellSysutil' module
[E]: TODO: cellSaveDataUserListAutoSave
[W]: Unknown function 0x0f03cfb0 in 'cellSysutil' module
[E]: TODO: cellSaveDataUserListSave
[W]: Unknown function 0x248bd1d8 in 'cellSysutil' module
[E]: TODO: cellSaveDataUserListAutoLoad
[W]: Unknown function 0x39dd8425 in 'cellSysutil' module
[E]: TODO: cellSaveDataUserListLoad
[W]: Unknown function 0x3d1e1931 in 'cellSysutil' module
[E]: TODO: cellOskDialogUnloadAsync
[W]: Unknown function 0x62b0f803 in 'cellSysutil' module
[E]: TODO: cellMsgDialogAbort
[W]: Unknown function 0x7fcfc915 in 'cellSysutil' module
[E]: TODO: cellOskDialogLoadAsync
[W]: Unknown function 0xb53c54fa in 'cellSysutil' module
[E]: TODO: cellOskDialogSetKeyLayoutOption
[W]: Unknown function 0xb6d84526 in 'cellSysutil' module
[E]: TODO: cellOskDialogAbort
[W]: Unknown function 0xedadd797 in 'cellSysutil' module
[E]: TODO: cellSaveDataDelete2
[W]: Unknown module 'sceNpClans'
[W]: Unknown function 0x94e9f81d in 'cellGameExec' module
[E]: TODO: cellGameGetHomeLaunchOptionPath
[W]: Unknown function 0xf6acd0bc in 'cellGameExec' module
[E]: TODO: cellGameGetBootGameInfo
[W]: Unknown module 'libgem'
[W]: Unknown module 'cellSysutilNpEula'
[W]: Unknown module 'cellSysutilAvconfExt'
[W]: Unknown function 0x26090058 in 'sysPrxForUser' module
[E]: TODO: sys_prx_load_module
[W]: Unknown function 0x4643ba6e in 'sysPrxForUser' module
[E]: TODO: sys_mmapper_unmap_memory
[W]: Unknown function 0xaa6d9bff in 'sysPrxForUser' module
[E]: TODO: sys_prx_load_module_on_memcontainer
[W : PPU[1] Thread (CPUThread)[0x015ef058]]: sys_lwmutex warning: *** lwmutex created [_lc_mtx] (attribute=0x12): sq_id = 3
[W : PPU[1] Thread (CPUThread)[0x00b8f4f0]]: memory warning: sys_memory_get_user_memory_size(mem_info_addr=0xd0020c04)
[W : PPU[1] Thread (CPUThread)[0x015ef058]]: sys_lwmutex warning: *** lwmutex created [_lc_mtx] (attribute=0x12): sq_id = 4
[W : PPU[1] Thread (CPUThread)[0x015ef058]]: sys_lwmutex warning: *** lwmutex created [_lc_mtx] (attribute=0x12): sq_id = 5
[W : PPU[1] Thread (CPUThread)[0x015ef058]]: sys_lwmutex warning: *** lwmutex created [_lc_mtx] (attribute=0x12): sq_id = 6
[W : PPU[1] Thread (CPUThread)[0x015ef058]]: sys_lwmutex warning: *** lwmutex created [_lc_mtx] (attribute=0x12): sq_id = 7
[W : PPU[1] Thread (CPUThread)[0x015ef058]]: sys_lwmutex warning: *** lwmutex created [_lc_mtx] (attribute=0x12): sq_id = 8
[W : PPU[1] Thread (CPUThread)[0x015ef058]]: sys_lwmutex warning: *** lwmutex created [_lc_mtx] (attribute=0x12): sq_id = 9
[W : PPU[1] Thread (CPUThread)[0x015ef058]]: sys_lwmutex warning: *** lwmutex created [_lc_mtx] (attribute=0x12): sq_id = 10
[W : PPU[1] Thread (CPUThread)[0x015ef058]]: sys_lwmutex warning: *** lwmutex created [_lc_mtx] (attribute=0x12): sq_id = 11
[W : PPU[1] Thread (CPUThread)[0x015ef058]]: sys_lwmutex warning: *** lwmutex created [_lc_mtx] (attribute=0x12): sq_id = 12
[W : PPU[1] Thread (CPUThread)[0x007f4090]]: memory warning: sys_memory_get_user_memory_size(mem_info_addr=0xd0020bc0)
[W : PPU[1] Thread (CPUThread)[0x007f4100]]: memory warning: sys_mmapper_allocate_address(size=0x10000000, flags=0xf, alignment=0x10000000, alloc_addr=0x101999c)
[W : PPU[1] Thread (CPUThread)[0x015ef0f4]]: memory warning: sys_mmapper_allocate_memory(size=0x100000, flags=0x400, mem_id_addr=0x101919c)
[W : PPU[1] Thread (CPUThread)[0x015ef118]]: memory warning: sys_mmapper_map_memory(start_addr=0x0, mem_id=0xd, flags=0x40000)
[W : PPU[1] Thread (CPUThread)[0x015ef118]]: memory mapped 0x30100000 to 0x0 size=0x100000
[W : PPU[1] Thread (CPUThread)[0x015ef058]]: sys_lwmutex warning: *** lwmutex created [_lgcmtx] (attribute=0x12): sq_id = 14
[W : PPU[1] Thread (CPUThread)[0x015ef058]]: sys_lwmutex warning: *** lwmutex created [_lgcmtx] (attribute=0x22): sq_id = 15
[W : PPU[1] Thread (CPUThread)[0x00b810e4]]: cellSysutil warning: cellSysutilGetSystemParamInt: CELL_SYSUTIL_SYSTEMPARAM_ID_TIMEZONE
[W : PPU[1] Thread (CPUThread)[0x00b810e4]]: cellSysutil warning: cellSysutilGetSystemParamInt: CELL_SYSUTIL_SYSTEMPARAM_ID_SUMMERTIME
[W : PPU[1] Thread (CPUThread)[0x00b8837c]]: cellSysutil warning: cellSysutilGetSystemParamInt: CELL_SYSUTIL_SYSTEMPARAM_ID_TIMEZONE
[W : PPU[1] Thread (CPUThread)[0x00b8837c]]: cellSysutil warning: cellSysutilGetSystemParamInt: CELL_SYSUTIL_SYSTEMPARAM_ID_SUMMERTIME
[W : PPU[1] Thread (CPUThread)[0x00b82b54]]: cellSysutil warning: cellSysutilGetSystemParamInt: CELL_SYSUTIL_SYSTEMPARAM_ID_TIMEZONE
[W : PPU[1] Thread (CPUThread)[0x00b82b54]]: cellSysutil warning: cellSysutilGetSystemParamInt: CELL_SYSUTIL_SYSTEMPARAM_ID_SUMMERTIME
[W : PPU[1] Thread (CPUThread)[0x00b8837c]]: cellSysutil warning: cellSysutilGetSystemParamInt: CELL_SYSUTIL_SYSTEMPARAM_ID_TIMEZONE
[W : PPU[1] Thread (CPUThread)[0x00b8837c]]: cellSysutil warning: cellSysutilGetSystemParamInt: CELL_SYSUTIL_SYSTEMPARAM_ID_SUMMERTIME
[W : PPU[1] Thread (CPUThread)[0x00b81088]]: cellSysutil warning: cellSysutilGetSystemParamInt: CELL_SYSUTIL_SYSTEMPARAM_ID_TIMEZONE
[W : PPU[1] Thread (CPUThread)[0x00b81088]]: cellSysutil warning: cellSysutilGetSystemParamInt: CELL_SYSUTIL_SYSTEMPARAM_ID_SUMMERTIME
[W : PPU[1] Thread (CPUThread)[0x00b82b54]]: cellSysutil warning: cellSysutilGetSystemParamInt: CELL_SYSUTIL_SYSTEMPARAM_ID_TIMEZONE
[W : PPU[1] Thread (CPUThread)[0x00b82b54]]: cellSysutil warning: cellSysutilGetSystemParamInt: CELL_SYSUTIL_SYSTEMPARAM_ID_SUMMERTIME
[W : PPU[1] Thread (CPUThread)[0x015ef058]]: sys_lwmutex warning: *** lwmutex created [ps3HDDL] (attribute=0x12): sq_id = 16
[W : PPU[1] Thread (CPUThread)[0x015ef058]]: sys_lwmutex warning: *** lwmutex created [] (attribute=0x22): sq_id = 17
[W : PPU[1] Thread (CPUThread)[0x015ef058]]: sys_lwmutex warning: *** lwmutex created [] (attribute=0x22): sq_id = 18
[W : PPU[1] Thread (CPUThread)[0x015ef058]]: sys_lwmutex warning: *** lwmutex created [] (attribute=0x22): sq_id = 19
[W : PPU[1] Thread (CPUThread)[0x015d5010]]: cellSysmodule warning: cellSysmoduleLoadModule(CELL_SYSMODULE_NET)
[W : PPU[1] Thread (CPUThread)[0x015d5010]]: cellSysmodule warning: cellSysmoduleLoadModule(CELL_SYSMODULE_SSL)
[W : PPU[1] Thread (CPUThread)[0x015d5010]]: cellSysmodule warning: cellSysmoduleLoadModule(CELL_SYSMODULE_HTTP)
[W : PPU[1] Thread (CPUThread)[0x015d5010]]: cellSysmodule warning: cellSysmoduleLoadModule(CELL_SYSMODULE_HTTP_UTIL)
[W : PPU[1] Thread (CPUThread)[0x015d5010]]: cellSysmodule warning: cellSysmoduleLoadModule(CELL_SYSMODULE_HTTPS)
[W : PPU[1] Thread (CPUThread)[0x015d5010]]: cellSysmodule warning: cellSysmoduleLoadModule(CELL_SYSMODULE_SYSUTIL)
[W : PPU[1] Thread (CPUThread)[0x015d5010]]: cellSysmodule warning: cellSysmoduleLoadModule(CELL_SYSMODULE_SYSUTIL_GAME)
[W : PPU[1] Thread (CPUThread)[0x015d5010]]: cellSysmodule warning: cellSysmoduleLoadModule(CELL_SYSMODULE_SYSUTIL_USERINFO)
[W : PPU[1] Thread (CPUThread)[0x015d5010]]: cellSysmodule warning: cellSysmoduleLoadModule(CELL_SYSMODULE_MIC)
[W : PPU[1] Thread (CPUThread)[0x015d5010]]: cellSysmodule warning: cellSysmoduleLoadModule(CELL_SYSMODULE_CAMERA)
[W : PPU[1] Thread (CPUThread)[0x015d5010]]: cellSysmodule warning: cellSysmoduleLoadModule(CELL_SYSMODULE_FS)
[W : PPU[1] Thread (CPUThread)[0x015d5010]]: cellSysmodule warning: cellSysmoduleLoadModule(CELL_SYSMODULE_NETCTL)
[W : PPU[1] Thread (CPUThread)[0x015d5010]]: cellSysmodule warning: cellSysmoduleLoadModule(CELL_SYSMODULE_SYSUTIL_NP)
[W : PPU[1] Thread (CPUThread)[0x015d5010]]: cellSysmodule warning: cellSysmoduleLoadModule(CELL_SYSMODULE_RTC)
[W : PPU[1] Thread (CPUThread)[0x015d5010]]: cellSysmodule warning: cellSysmoduleLoadModule(CELL_SYSMODULE_SYSUTIL_NP_TROPHY)
[W : PPU[1] Thread (CPUThread)[0x015d5010]]: cellSysmodule warning: cellSysmoduleLoadModule(CELL_SYSMODULE_GEM)
[W : PPU[1] Thread (CPUThread)[0x015d5010]]: cellSysmodule warning: cellSysmoduleLoadModule(CELL_SYSMODULE_AVCONF_EXT)
[E : PPU[1] Thread (CPUThread)[0x015d5034]]: Unknown func id: 0x1a267f98
[W : PPU[1] Thread (CPUThread)[0x015db0c4]]: cellSysutil warning: cellSysutilRegisterCallback(slot=0, func_addr=0xf16470, userdata=0x0)
[W : PPU[20] Thread (BootCheckThread())[0x015dd058]]: cellGame warning: cellGameBootCheck(type_addr=0x1319a2c, attributes_addr=0x1319a30, size_addr=0xd0030de4, dirName_addr=0x1319a58)
[W : PPU[20] Thread (BootCheckThread())[0x015dd034]]: cellGame warning: cellGameGetParamInt(id=102, value_addr=0xd0030de0)
[W : PPU[20] Thread (BootCheckThread())[0x015dd01c]]: cellGame warning: cellGameContentPermit(contentInfoPath_addr=0x1319ad8, usrdirPath_addr=0x1319b58)
[W : PPU[20] Thread (BootCheckThread())[0x015dd004]]: cellGame warning: cellGameGetParamString(id=100, buf_addr=0x1319bf4, bufsize=10)
[W : PPU[1] Thread (CPUThread)[0x0081a0ec]]: sysPrxForUser warning: sys_ppu_thread_join(thread_id=20, vptr_addr=0xd00207d0)
[W : PPU[1] Thread (CPUThread)[0x015db070]]: cellSysutil warning: cellSysutilGetSystemParamInt: CELL_SYSUTIL_SYSTEMPARAM_ID_LANG
[W : PPU[1] Thread (CPUThread)[0x00815ef8]]: sys_spu warning: sys_spu_initialize(max_usable_spu=6, max_raw_spu=0)
[W : PPU[1] Thread (CPUThread)[0x00815f14]]: memory warning: sys_memory_get_user_memory_size(mem_info_addr=0xd0020680)
[W : PPU[1] Thread (CPUThread)[0x015ef0f4]]: memory warning: sys_mmapper_allocate_memory(size=0x100000, flags=0x400, mem_id_addr=0x10191a0)
[W : PPU[1] Thread (CPUThread)[0x015ef118]]: memory warning: sys_mmapper_map_memory(start_addr=0x100000, mem_id=0x15, flags=0x40000)
[E : PPU[1] Thread (CPUThread)[0x015ef118]]: memory error: sys_mmapper_map_memory failed!
[W : PPU[1] Thread (CPUThread)[0x015ef0f4]]: memory warning: sys_mmapper_allocate_memory(size=0x100000, flags=0x400, mem_id_addr=0x10191a4)
[W : PPU[1] Thread (CPUThread)[0x015ef118]]: memory warning: sys_mmapper_map_memory(start_addr=0x200000, mem_id=0x16, flags=0x40000)
[E : PPU[1] Thread (CPUThread)[0x015ef118]]: memory error: sys_mmapper_map_memory failed!
[W : PPU[1] Thread (CPUThread)[0x015ef0f4]]: memory warning: sys_mmapper_allocate_memory(size=0x100000, flags=0x400, mem_id_addr=0x10191a8)
[W : PPU[1] Thread (CPUThread)[0x015ef118]]: memory warning: sys_mmapper_map_memory(start_addr=0x300000, mem_id=0x17, flags=0x40000)
[E : PPU[1] Thread (CPUThread)[0x015ef118]]: memory error: sys_mmapper_map_memory failed!
[W : PPU[1] Thread (CPUThread)[0x015ef0f4]]: memory warning: sys_mmapper_allocate_memory(size=0x100000, flags=0x400, mem_id_addr=0x10191ac)
[W : PPU[1] Thread (CPUThread)[0x015ef118]]: memory warning: sys_mmapper_map_memory(start_addr=0x400000, mem_id=0x18, flags=0x40000)
[E : PPU[1] Thread (CPUThread)[0x015ef118]]: memory error: sys_mmapper_map_memory failed!
[W : PPU[1] Thread (CPUThread)[0x015ef0f4]]: memory warning: sys_mmapper_allocate_memory(size=0x100000, flags=0x400, mem_id_addr=0x10191b0)
[W : PPU[1] Thread (CPUThread)[0x015ef118]]: memory warning: sys_mmapper_map_memory(start_addr=0x500000, mem_id=0x19, flags=0x40000)
[E : PPU[1] Thread (CPUThread)[0x015ef118]]: memory error: sys_mmapper_map_memory failed!
[W : PPU[1] Thread (CPUThread)[0x015ef0f4]]: memory warning: sys_mmapper_allocate_memory(size=0x100000, flags=0x400, mem_id_addr=0x10191b4)
[W : PPU[1] Thread (CPUThread)[0x015ef118]]: memory warning: sys_mmapper_map_memory(start_addr=0x600000, mem_id=0x1a, flags=0x40000)
[E : PPU[1] Thread (CPUThread)[0x015ef118]]: memory error: sys_mmapper_map_memory failed!
[W : PPU[1] Thread (CPUThread)[0x015ef0f4]]: memory warning: sys_mmapper_allocate_memory(size=0x100000, flags=0x400, mem_id_addr=0x10191b8)
[W : PPU[1] Thread (CPUThread)[0x015ef118]]: memory warning: sys_mmapper_map_memory(start_addr=0x700000, mem_id=0x1b, flags=0x40000)
[E : PPU[1] Thread (CPUThread)[0x015ef118]]: memory error: sys_mmapper_map_memory failed!
[W : PPU[1] Thread (CPUThread)[0x015ef0f4]]: memory warning: sys_mmapper_allocate_memory(size=0x100000, flags=0x400, mem_id_addr=0x10191bc)
[W : PPU[1] Thread (CPUThread)[0x015ef118]]: memory warning: sys_mmapper_map_memory(start_addr=0x800000, mem_id=0x1c, flags=0x40000)
[E : PPU[1] Thread (CPUThread)[0x015ef118]]: memory error: sys_mmapper_map_memory failed!
[W : PPU[1] Thread (CPUThread)[0x015ef0f4]]: memory warning: sys_mmapper_allocate_memory(size=0x100000, flags=0x400, mem_id_addr=0x10191c0)
[W : PPU[1] Thread (CPUThread)[0x015ef118]]: memory warning: sys_mmapper_map_memory(start_addr=0x900000, mem_id=0x1d, flags=0x40000)
[E : PPU[1] Thread (CPUThread)[0x015ef118]]: memory error: sys_mmapper_map_memory failed!
[W : PPU[1] Thread (CPUThread)[0x015ef0f4]]: memory warning: sys_mmapper_allocate_memory(size=0x100000, flags=0x400, mem_id_addr=0x10191c4)
[W : PPU[1] Thread (CPUThread)[0x015ef118]]: memory warning: sys_mmapper_map_memory(start_addr=0xa00000, mem_id=0x1e, flags=0x40000)
[E : PPU[1] Thread (CPUThread)[0x015ef118]]: memory error: sys_mmapper_map_memory failed!
[W : PPU[1] Thread (CPUThread)[0x015ef0f4]]: memory warning: sys_mmapper_allocate_memory(size=0x100000, flags=0x400, mem_id_addr=0x10191c8)
[W : PPU[1] Thread (CPUThread)[0x015ef118]]: memory warning: sys_mmapper_map_memory(start_addr=0xb00000, mem_id=0x1f, flags=0x40000)
[E : PPU[1] Thread (CPUThread)[0x015ef118]]: memory error: sys_mmapper_map_memory failed!
[W : PPU[1] Thread (CPUThread)[0x015ef0f4]]: memory warning: sys_mmapper_allocate_memory(size=0x100000, flags=0x400, mem_id_addr=0x10191cc)
[W : PPU[1] Thread (CPUThread)[0x015ef118]]: memory warning: sys_mmapper_map_memory(start_addr=0xc00000, mem_id=0x20, flags=0x40000)
[E : PPU[1] Thread (CPUThread)[0x015ef118]]: memory error: sys_mmapper_map_memory failed!
[W : PPU[1] Thread (CPUThread)[0x015ef0f4]]: memory warning: sys_mmapper_allocate_memory(size=0x100000, flags=0x400, mem_id_addr=0x10191d0)
[W : PPU[1] Thread (CPUThread)[0x015ef118]]: memory warning: sys_mmapper_map_memory(start_addr=0xd00000, mem_id=0x21, flags=0x40000)
[E : PPU[1] Thread (CPUThread)[0x015ef118]]: memory error: sys_mmapper_map_memory failed!
[W : PPU[1] Thread (CPUThread)[0x015ef0f4]]: memory warning: sys_mmapper_allocate_memory(size=0x100000, flags=0x400, mem_id_addr=0x10191d4)
[W : PPU[1] Thread (CPUThread)[0x015ef118]]: memory warning: sys_mmapper_map_memory(start_addr=0xe00000, mem_id=0x22, flags=0x40000)
[E : PPU[1] Thread (CPUThread)[0x015ef118]]: memory error: sys_mmapper_map_memory failed!
[W : PPU[1] Thread (CPUThread)[0x015ef0f4]]: memory warning: sys_mmapper_allocate_memory(size=0x100000, flags=0x400, mem_id_addr=0x10191d8)
[W : PPU[1] Thread (CPUThread)[0x015ef118]]: memory warning: sys_mmapper_map_memory(start_addr=0xf00000, mem_id=0x23, flags=0x40000)
[E : PPU[1] Thread (CPUThread)[0x015ef118]]: memory error: sys_mmapper_map_memory failed!
[W : PPU[1] Thread (CPUThread)[0x015ef0f4]]: memory warning: sys_mmapper_allocate_memory(size=0x100000, flags=0x400, mem_id_addr=0x10191dc)
[W : PPU[1] Thread (CPUThread)[0x015ef118]]: memory warning: sys_mmapper_map_memory(start_addr=0x1000000, mem_id=0x24, flags=0x40000)
[E : PPU[1] Thread (CPUThread)[0x015ef118]]: memory error: sys_mmapper_map_memory failed!
[W : PPU[1] Thread (CPUThread)[0x015ef0f4]]: memory warning: sys_mmapper_allocate_memory(size=0x100000, flags=0x400, mem_id_addr=0x10191e0)
[W : PPU[1] Thread (CPUThread)[0x015ef118]]: memory warning: sys_mmapper_map_memory(start_addr=0x1100000, mem_id=0x25, flags=0x40000)
[E : PPU[1] Thread (CPUThread)[0x015ef118]]: memory error: sys_mmapper_map_memory failed!
[W : PPU[1] Thread (CPUThread)[0x015ef0f4]]: memory warning: sys_mmapper_allocate_memory(size=0x100000, flags=0x400, mem_id_addr=0x10191e4)
[W : PPU[1] Thread (CPUThread)[0x015ef118]]: memory warning: sys_mmapper_map_memory(start_addr=0x1200000, mem_id=0x26, flags=0x40000)
[E : PPU[1] Thread (CPUThread)[0x015ef118]]: memory error: sys_mmapper_map_memory failed!
[W : PPU[1] Thread (CPUThread)[0x015ef0f4]]: memory warning: sys_mmapper_allocate_memory(size=0x100000, flags=0x400, mem_id_addr=0x10191e8)
[W : PPU[1] Thread (CPUThread)[0x015ef118]]: memory warning: sys_mmapper_map_memory(start_addr=0x1300000, mem_id=0x27, flags=0x40000)
[E : PPU[1] Thread (CPUThread)[0x015ef118]]: memory error: sys_mmapper_map_memory failed!
[W : PPU[1] Thread (CPUThread)[0x015ef0f4]]: memory warning: sys_mmapper_allocate_memory(size=0x100000, flags=0x400, mem_id_addr=0x10191ec)
[W : PPU[1] Thread (CPUThread)[0x015ef118]]: memory warning: sys_mmapper_map_memory(start_addr=0x1400000, mem_id=0x28, flags=0x40000)
[E : PPU[1] Thread (CPUThread)[0x015ef118]]: memory error: sys_mmapper_map_memory failed!
[W : PPU[1] Thread (CPUThread)[0x015ef0f4]]: memory warning: sys_mmapper_allocate_memory(size=0x100000, flags=0x400, mem_id_addr=0x10191f0)
[W : PPU[1] Thread (CPUThread)[0x015ef118]]: memory warning: sys_mmapper_map_memory(start_addr=0x1500000, mem_id=0x29, flags=0x40000)
[E : PPU[1] Thread (CPUThread)[0x015ef118]]: memory error: sys_mmapper_map_memory failed!
[W : PPU[1] Thread (CPUThread)[0x015ef0f4]]: memory warning: sys_mmapper_allocate_memory(size=0x100000, flags=0x400, mem_id_addr=0x10191f4)
[W : PPU[1] Thread (CPUThread)[0x015ef118]]: memory warning: sys_mmapper_map_memory(start_addr=0x1600000, mem_id=0x2a, flags=0x40000)
[W : PPU[1] Thread (CPUThread)[0x015ef118]]: memory mapped 0x31700000 to 0x1600000 size=0x100000
[W : PPU[1] Thread (CPUThread)[0x015ef0f4]]: memory warning: sys_mmapper_allocate_memory(size=0x100000, flags=0x400, mem_id_addr=0x10191f8)
[W : PPU[1] Thread (CPUThread)[0x015ef118]]: memory warning: sys_mmapper_map_memory(start_addr=0x1700000, mem_id=0x2b, flags=0x40000)
[W : PPU[1] Thread (CPUThread)[0x015ef118]]: memory mapped 0x31800000 to 0x1700000 size=0x100000
[W : PPU[1] Thread (CPUThread)[0x015ef0f4]]: memory warning: sys_mmapper_allocate_memory(size=0x100000, flags=0x400, mem_id_addr=0x10191fc)
[W : PPU[1] Thread (CPUThread)[0x015ef118]]: memory warning: sys_mmapper_map_memory(start_addr=0x1800000, mem_id=0x2c, flags=0x40000)
[W : PPU[1] Thread (CPUThread)[0x015ef118]]: memory mapped 0x31900000 to 0x1800000 size=0x100000
[W : PPU[1] Thread (CPUThread)[0x015ef0f4]]: memory warning: sys_mmapper_allocate_memory(size=0x100000, flags=0x400, mem_id_addr=0x1019200)
[W : PPU[1] Thread (CPUThread)[0x015ef118]]: memory warning: sys_mmapper_map_memory(start_addr=0x1900000, mem_id=0x2d, flags=0x40000)
[W : PPU[1] Thread (CPUThread)[0x015ef118]]: memory mapped 0x31a00000 to 0x1900000 size=0x100000
[W : PPU[1] Thread (CPUThread)[0x015ef0f4]]: memory warning: sys_mmapper_allocate_memory(size=0x100000, flags=0x400, mem_id_addr=0x1019204)
[W : PPU[1] Thread (CPUThread)[0x015ef118]]: memory warning: sys_mmapper_map_memory(start_addr=0x1a00000, mem_id=0x2e, flags=0x40000)
[W : PPU[1] Thread (CPUThread)[0x015ef118]]: memory mapped 0x31b00000 to 0x1a00000 size=0x100000
[W : PPU[1] Thread (CPUThread)[0x015ef0f4]]: memory warning: sys_mmapper_allocate_memory(size=0x100000, flags=0x400, mem_id_addr=0x1019208)
[W : PPU[1] Thread (CPUThread)[0x015ef118]]: memory warning: sys_mmapper_map_memory(start_addr=0x1b00000, mem_id=0x2f, flags=0x40000)
[W : PPU[1] Thread (CPUThread)[0x015ef118]]: memory mapped 0x31c00000 to 0x1b00000 size=0x100000
[W : PPU[1] Thread (CPUThread)[0x015ef0f4]]: memory warning: sys_mmapper_allocate_memory(size=0x100000, flags=0x400, mem_id_addr=0x101920c)
[W : PPU[1] Thread (CPUThread)[0x015ef118]]: memory warning: sys_mmapper_map_memory(start_addr=0x1c00000, mem_id=0x30, flags=0x40000)
[W : PPU[1] Thread (CPUThread)[0x015ef118]]: memory mapped 0x31d00000 to 0x1c00000 size=0x100000
[W : PPU[1] Thread (CPUThread)[0x015ef0f4]]: memory warning: sys_mmapper_allocate_memory(size=0x100000, flags=0x400, mem_id_addr=0x1019210)
[W : PPU[1] Thread (CPUThread)[0x015ef118]]: memory warning: sys_mmapper_map_memory(start_addr=0x1d00000, mem_id=0x31, flags=0x40000)
[W : PPU[1] Thread (CPUThread)[0x015ef118]]: memory mapped 0x31e00000 to 0x1d00000 size=0x100000
[W : PPU[1] Thread (CPUThread)[0x015ef0f4]]: memory warning: sys_mmapper_allocate_memory(size=0x100000, flags=0x400, mem_id_addr=0x1019214)
[W : PPU[1] Thread (CPUThread)[0x015ef118]]: memory warning: sys_mmapper_map_memory(start_addr=0x1e00000, mem_id=0x32, flags=0x40000)
[W : PPU[1] Thread (CPUThread)[0x015ef118]]: memory mapped 0x31f00000 to 0x1e00000 size=0x100000
[W : PPU[1] Thread (CPUThread)[0x015ef0f4]]: memory warning: sys_mmapper_allocate_memory(size=0x100000, flags=0x400, mem_id_addr=0x1019218)
[W : PPU[1] Thread (CPUThread)[0x015ef118]]: memory warning: sys_mmapper_map_memory(start_addr=0x1f00000, mem_id=0x33, flags=0x40000)
[W : PPU[1] Thread (CPUThread)[0x015ef118]]: memory mapped 0x32000000 to 0x1f00000 size=0x100000
[W : PPU[1] Thread (CPUThread)[0x015ef0f4]]: memory warning: sys_mmapper_allocate_memory(size=0x100000, flags=0x400, mem_id_addr=0x101921c)
[W : PPU[1] Thread (CPUThread)[0x015ef118]]: memory warning: sys_mmapper_map_memory(start_addr=0x2000000, mem_id=0x34, flags=0x40000)
[W : PPU[1] Thread (CPUThread)[0x015ef118]]: memory mapped 0x32100000 to 0x2000000 size=0x100000
[W : PPU[1] Thread (CPUThread)[0x015ef0f4]]: memory warning: sys_mmapper_allocate_memory(size=0x100000, flags=0x400, mem_id_addr=0x1019220)
[W : PPU[1] Thread (CPUThread)[0x015ef118]]: memory warning: sys_mmapper_map_memory(start_addr=0x2100000, mem_id=0x35, flags=0x40000)
[W : PPU[1] Thread (CPUThread)[0x015ef118]]: memory mapped 0x32200000 to 0x2100000 size=0x100000
[W : PPU[1] Thread (CPUThread)[0x015ef0f4]]: memory warning: sys_mmapper_allocate_memory(size=0x100000, flags=0x400, mem_id_addr=0x1019224)
[W : PPU[1] Thread (CPUThread)[0x015ef118]]: memory warning: sys_mmapper_map_memory(start_addr=0x2200000, mem_id=0x36, flags=0x40000)
[W : PPU[1] Thread (CPUThread)[0x015ef118]]: memory mapped 0x32300000 to 0x2200000 size=0x100000
[W : PPU[1] Thread (CPUThread)[0x015ef0f4]]: memory warning: sys_mmapper_allocate_memory(size=0x100000, flags=0x400, mem_id_addr=0x1019228)
[W : PPU[1] Thread (CPUThread)[0x015ef118]]: memory warning: sys_mmapper_map_memory(start_addr=0x2300000, mem_id=0x37, flags=0x40000)
[W : PPU[1] Thread (CPUThread)[0x015ef118]]: memory mapped 0x32400000 to 0x2300000 size=0x100000
[W : PPU[1] Thread (CPUThread)[0x015ef0f4]]: memory warning: sys_mmapper_allocate_memory(size=0x100000, flags=0x400, mem_id_addr=0x101922c)
[W : PPU[1] Thread (CPUThread)[0x015ef118]]: memory warning: sys_mmapper_map_memory(start_addr=0x2400000, mem_id=0x38, flags=0x40000)
[W : PPU[1] Thread (CPUThread)[0x015ef118]]: memory mapped 0x32500000 to 0x2400000 size=0x100000
[W : PPU[1] Thread (CPUThread)[0x015ef0f4]]: memory warning: sys_mmapper_allocate_memory(size=0x100000, flags=0x400, mem_id_addr=0x1019230)
[W : PPU[1] Thread (CPUThread)[0x015ef118]]: memory warning: sys_mmapper_map_memory(start_addr=0x2500000, mem_id=0x39, flags=0x40000)
[W : PPU[1] Thread (CPUThread)[0x015ef118]]: memory mapped 0x32600000 to 0x2500000 size=0x100000
[W : PPU[1] Thread (CPUThread)[0x015ef0f4]]: memory warning: sys_mmapper_allocate_memory(size=0x100000, flags=0x400, mem_id_addr=0x1019234)
[W : PPU[1] Thread (CPUThread)[0x015ef118]]: memory warning: sys_mmapper_map_memory(start_addr=0x2600000, mem_id=0x3a, flags=0x40000)
[W : PPU[1] Thread (CPUThread)[0x015ef118]]: memory mapped 0x32700000 to 0x2600000 size=0x100000
[W : PPU[1] Thread (CPUThread)[0x015ef0f4]]: memory warning: sys_mmapper_allocate_memory(size=0x100000, flags=0x400, mem_id_addr=0x1019238)
[W : PPU[1] Thread (CPUThread)[0x015ef118]]: memory warning: sys_mmapper_map_memory(start_addr=0x2700000, mem_id=0x3b, flags=0x40000)
[W : PPU[1] Thread (CPUThread)[0x015ef118]]: memory mapped 0x32800000 to 0x2700000 size=0x100000
[W : PPU[1] Thread (CPUThread)[0x015ef0f4]]: memory warning: sys_mmapper_allocate_memory(size=0x100000, flags=0x400, mem_id_addr=0x101923c)
[W : PPU[1] Thread (CPUThread)[0x015ef118]]: memory warning: sys_mmapper_map_memory(start_addr=0x2800000, mem_id=0x3c, flags=0x40000)
[W : PPU[1] Thread (CPUThread)[0x015ef118]]: memory mapped 0x32900000 to 0x2800000 size=0x100000
[W : PPU[1] Thread (CPUThread)[0x015ef0f4]]: memory warning: sys_mmapper_allocate_memory(size=0x100000, flags=0x400, mem_id_addr=0x1019240)
[W : PPU[1] Thread (CPUThread)[0x015ef118]]: memory warning: sys_mmapper_map_memory(start_addr=0x2900000, mem_id=0x3d, flags=0x40000)
[W : PPU[1] Thread (CPUThread)[0x015ef118]]: memory mapped 0x32a00000 to 0x2900000 size=0x100000
[W : PPU[1] Thread (CPUThread)[0x015ef0f4]]: memory warning: sys_mmapper_allocate_memory(size=0x100000, flags=0x400, mem_id_addr=0x1019244)
[W : PPU[1] Thread (CPUThread)[0x015ef118]]: memory warning: sys_mmapper_map_memory(start_addr=0x2a00000, mem_id=0x3e, flags=0x40000)
[W : PPU[1] Thread (CPUThread)[0x015ef118]]: memory mapped 0x32b00000 to 0x2a00000 size=0x100000
[W : PPU[1] Thread (CPUThread)[0x015ef0f4]]: memory warning: sys_mmapper_allocate_memory(size=0x100000, flags=0x400, mem_id_addr=0x1019248)
[W : PPU[1] Thread (CPUThread)[0x015ef118]]: memory warning: sys_mmapper_map_memory(start_addr=0x2b00000, mem_id=0x3f, flags=0x40000)
[W : PPU[1] Thread (CPUThread)[0x015ef118]]: memory mapped 0x32c00000 to 0x2b00000 size=0x100000
[W : PPU[1] Thread (CPUThread)[0x015ef0f4]]: memory warning: sys_mmapper_allocate_memory(size=0x100000, flags=0x400, mem_id_addr=0x101924c)
[W : PPU[1] Thread (CPUThread)[0x015ef118]]: memory warning: sys_mmapper_map_memory(start_addr=0x2c00000, mem_id=0x40, flags=0x40000)
[W : PPU[1] Thread (CPUThread)[0x015ef118]]: memory mapped 0x32d00000 to 0x2c00000 size=0x100000
[W : PPU[1] Thread (CPUThread)[0x015ef0f4]]: memory warning: sys_mmapper_allocate_memory(size=0x100000, flags=0x400, mem_id_addr=0x1019250)
[W : PPU[1] Thread (CPUThread)[0x015ef118]]: memory warning: sys_mmapper_map_memory(start_addr=0x2d00000, mem_id=0x41, flags=0x40000)
[W : PPU[1] Thread (CPUThread)[0x015ef118]]: memory mapped 0x32e00000 to 0x2d00000 size=0x100000
[W : PPU[1] Thread (CPUThread)[0x015ef0f4]]: memory warning: sys_mmapper_allocate_memory(size=0x100000, flags=0x400, mem_id_addr=0x1019254)
[W : PPU[1] Thread (CPUThread)[0x015ef118]]: memory warning: sys_mmapper_map_memory(start_addr=0x2e00000, mem_id=0x42, flags=0x40000)
[W : PPU[1] Thread (CPUThread)[0x015ef118]]: memory mapped 0x32f00000 to 0x2e00000 size=0x100000
[W : PPU[1] Thread (CPUThread)[0x015ef0f4]]: memory warning: sys_mmapper_allocate_memory(size=0x100000, flags=0x400, mem_id_addr=0x1019258)
[W : PPU[1] Thread (CPUThread)[0x015ef118]]: memory warning: sys_mmapper_map_memory(start_addr=0x2f00000, mem_id=0x43, flags=0x40000)
[W : PPU[1] Thread (CPUThread)[0x015ef118]]: memory mapped 0x33000000 to 0x2f00000 size=0x100000
[W : PPU[1] Thread (CPUThread)[0x015ef0f4]]: memory warning: sys_mmapper_allocate_memory(size=0x100000, flags=0x400, mem_id_addr=0x101925c)
[W : PPU[1] Thread (CPUThread)[0x015ef118]]: memory warning: sys_mmapper_map_memory(start_addr=0x3000000, mem_id=0x44, flags=0x40000)
[W : PPU[1] Thread (CPUThread)[0x015ef118]]: memory mapped 0x33100000 to 0x3000000 size=0x100000
[W : PPU[1] Thread (CPUThread)[0x015ef0f4]]: memory warning: sys_mmapper_allocate_memory(size=0x100000, flags=0x400, mem_id_addr=0x1019260)
[W : PPU[1] Thread (CPUThread)[0x015ef118]]: memory warning: sys_mmapper_map_memory(start_addr=0x3100000, mem_id=0x45, flags=0x40000)
[W : PPU[1] Thread (CPUThread)[0x015ef118]]: memory mapped 0x33200000 to 0x3100000 size=0x100000
[W : PPU[1] Thread (CPUThread)[0x015ef0f4]]: memory warning: sys_mmapper_allocate_memory(size=0x100000, flags=0x400, mem_id_addr=0x1019264)
[W : PPU[1] Thread (CPUThread)[0x015ef118]]: memory warning: sys_mmapper_map_memory(start_addr=0x3200000, mem_id=0x46, flags=0x40000)
[W : PPU[1] Thread (CPUThread)[0x015ef118]]: memory mapped 0x33300000 to 0x3200000 size=0x100000
[W : PPU[1] Thread (CPUThread)[0x015ef0f4]]: memory warning: sys_mmapper_allocate_memory(size=0x100000, flags=0x400, mem_id_addr=0x1019268)
[W : PPU[1] Thread (CPUThread)[0x015ef118]]: memory warning: sys_mmapper_map_memory(start_addr=0x3300000, mem_id=0x47, flags=0x40000)
[W : PPU[1] Thread (CPUThread)[0x015ef118]]: memory mapped 0x33400000 to 0x3300000 size=0x100000
[W : PPU[1] Thread (CPUThread)[0x015ef0f4]]: memory warning: sys_mmapper_allocate_memory(size=0x100000, flags=0x400, mem_id_addr=0x101926c)
[W : PPU[1] Thread (CPUThread)[0x015ef118]]: memory warning: sys_mmapper_map_memory(start_addr=0x3400000, mem_id=0x48, flags=0x40000)
[W : PPU[1] Thread (CPUThread)[0x015ef118]]: memory mapped 0x33500000 to 0x3400000 size=0x100000
[W : PPU[1] Thread (CPUThread)[0x015ef0f4]]: memory warning: sys_mmapper_allocate_memory(size=0x100000, flags=0x400, mem_id_addr=0x1019270)
[W : PPU[1] Thread (CPUThread)[0x015ef118]]: memory warning: sys_mmapper_map_memory(start_addr=0x3500000, mem_id=0x49, flags=0x40000)
[W : PPU[1] Thread (CPUThread)[0x015ef118]]: memory mapped 0x33600000 to 0x3500000 size=0x100000
[W : PPU[1] Thread (CPUThread)[0x015ef0f4]]: memory warning: sys_mmapper_allocate_memory(size=0x100000, flags=0x400, mem_id_addr=0x1019274)
[W : PPU[1] Thread (CPUThread)[0x015ef118]]: memory warning: sys_mmapper_map_memory(start_addr=0x3600000, mem_id=0x4a, flags=0x40000)
[W : PPU[1] Thread (CPUThread)[0x015ef118]]: memory mapped 0x33700000 to 0x3600000 size=0x100000
[W : PPU[1] Thread (CPUThread)[0x015ef0f4]]: memory warning: sys_mmapper_allocate_memory(size=0x100000, flags=0x400, mem_id_addr=0x1019278)
[W : PPU[1] Thread (CPUThread)[0x015ef118]]: memory warning: sys_mmapper_map_memory(start_addr=0x3700000, mem_id=0x4b, flags=0x40000)
[W : PPU[1] Thread (CPUThread)[0x015ef118]]: memory mapped 0x33800000 to 0x3700000 size=0x100000
[W : PPU[1] Thread (CPUThread)[0x015ef0f4]]: memory warning: sys_mmapper_allocate_memory(size=0x100000, flags=0x400, mem_id_addr=0x101927c)
[W : PPU[1] Thread (CPUThread)[0x015ef118]]: memory warning: sys_mmapper_map_memory(start_addr=0x3800000, mem_id=0x4c, flags=0x40000)
[W : PPU[1] Thread (CPUThread)[0x015ef118]]: memory mapped 0x33900000 to 0x3800000 size=0x100000
[W : PPU[1] Thread (CPUThread)[0x015ef0f4]]: memory warning: sys_mmapper_allocate_memory(size=0x100000, flags=0x400, mem_id_addr=0x1019280)
[W : PPU[1] Thread (CPUThread)[0x015ef118]]: memory warning: sys_mmapper_map_memory(start_addr=0x3900000, mem_id=0x4d, flags=0x40000)
[W : PPU[1] Thread (CPUThread)[0x015ef118]]: memory mapped 0x33a00000 to 0x3900000 size=0x100000
[W : PPU[1] Thread (CPUThread)[0x015ef0f4]]: memory warning: sys_mmapper_allocate_memory(size=0x100000, flags=0x400, mem_id_addr=0x1019284)
[W : PPU[1] Thread (CPUThread)[0x015ef118]]: memory warning: sys_mmapper_map_memory(start_addr=0x3a00000, mem_id=0x4e, flags=0x40000)
[W : PPU[1] Thread (CPUThread)[0x015ef118]]: memory mapped 0x33b00000 to 0x3a00000 size=0x100000
[W : PPU[1] Thread (CPUThread)[0x015ef0f4]]: memory warning: sys_mmapper_allocate_memory(size=0x100000, flags=0x400, mem_id_addr=0x1019288)
[W : PPU[1] Thread (CPUThread)[0x015ef118]]: memory warning: sys_mmapper_map_memory(start_addr=0x3b00000, mem_id=0x4f, flags=0x40000)
[W : PPU[1] Thread (CPUThread)[0x015ef118]]: memory mapped 0x33c00000 to 0x3b00000 size=0x100000
[W : PPU[1] Thread (CPUThread)[0x015ef0f4]]: memory warning: sys_mmapper_allocate_memory(size=0x100000, flags=0x400, mem_id_addr=0x101928c)
[W : PPU[1] Thread (CPUThread)[0x015ef118]]: memory warning: sys_mmapper_map_memory(start_addr=0x3c00000, mem_id=0x50, flags=0x40000)
[W : PPU[1] Thread (CPUThread)[0x015ef118]]: memory mapped 0x33d00000 to 0x3c00000 size=0x100000
[W : PPU[1] Thread (CPUThread)[0x015ef0f4]]: memory warning: sys_mmapper_allocate_memory(size=0x100000, flags=0x400, mem_id_addr=0x1019290)
[W : PPU[1] Thread (CPUThread)[0x015ef118]]: memory warning: sys_mmapper_map_memory(start_addr=0x3d00000, mem_id=0x51, flags=0x40000)
[W : PPU[1] Thread (CPUThread)[0x015ef118]]: memory mapped 0x33e00000 to 0x3d00000 size=0x100000
[W : PPU[1] Thread (CPUThread)[0x015ef0f4]]: memory warning: sys_mmapper_allocate_memory(size=0x100000, flags=0x400, mem_id_addr=0x1019294)
[W : PPU[1] Thread (CPUThread)[0x015ef118]]: memory warning: sys_mmapper_map_memory(start_addr=0x3e00000, mem_id=0x52, flags=0x40000)
[W : PPU[1] Thread (CPUThread)[0x015ef118]]: memory mapped 0x33f00000 to 0x3e00000 size=0x100000
[W : PPU[1] Thread (CPUThread)[0x015ef0f4]]: memory warning: sys_mmapper_allocate_memory(size=0x100000, flags=0x400, mem_id_addr=0x1019298)
[W : PPU[1] Thread (CPUThread)[0x015ef118]]: memory warning: sys_mmapper_map_memory(start_addr=0x3f00000, mem_id=0x53, flags=0x40000)
[W : PPU[1] Thread (CPUThread)[0x015ef118]]: memory mapped 0x34000000 to 0x3f00000 size=0x100000
[W : PPU[1] Thread (CPUThread)[0x015ef0f4]]: memory warning: sys_mmapper_allocate_memory(size=0x100000, flags=0x400, mem_id_addr=0x101929c)
[W : PPU[1] Thread (CPUThread)[0x015ef118]]: memory warning: sys_mmapper_map_memory(start_addr=0x4000000, mem_id=0x54, flags=0x40000)
[W : PPU[1] Thread (CPUThread)[0x015ef118]]: memory mapped 0x34100000 to 0x4000000 size=0x100000
[W : PPU[1] Thread (CPUThread)[0x015ef0f4]]: memory warning: sys_mmapper_allocate_memory(size=0x100000, flags=0x400, mem_id_addr=0x10192a0)
[W : PPU[1] Thread (CPUThread)[0x015ef118]]: memory warning: sys_mmapper_map_memory(start_addr=0x4100000, mem_id=0x55, flags=0x40000)
[W : PPU[1] Thread (CPUThread)[0x015ef118]]: memory mapped 0x34200000 to 0x4100000 size=0x100000
[W : PPU[1] Thread (CPUThread)[0x015ef0f4]]: memory warning: sys_mmapper_allocate_memory(size=0x100000, flags=0x400, mem_id_addr=0x10192a4)
[W : PPU[1] Thread (CPUThread)[0x015ef118]]: memory warning: sys_mmapper_map_memory(start_addr=0x4200000, mem_id=0x56, flags=0x40000)
[W : PPU[1] Thread (CPUThread)[0x015ef118]]: memory mapped 0x34300000 to 0x4200000 size=0x100000
[W : PPU[1] Thread (CPUThread)[0x015ef0f4]]: memory warning: sys_mmapper_allocate_memory(size=0x100000, flags=0x400, mem_id_addr=0x10192a8)
[W : PPU[1] Thread (CPUThread)[0x015ef118]]: memory warning: sys_mmapper_map_memory(start_addr=0x4300000, mem_id=0x57, flags=0x40000)
[W : PPU[1] Thread (CPUThread)[0x015ef118]]: memory mapped 0x34400000 to 0x4300000 size=0x100000
[W : PPU[1] Thread (CPUThread)[0x015ef0f4]]: memory warning: sys_mmapper_allocate_memory(size=0x100000, flags=0x400, mem_id_addr=0x10192ac)
[W : PPU[1] Thread (CPUThread)[0x015ef118]]: memory warning: sys_mmapper_map_memory(start_addr=0x4400000, mem_id=0x58, flags=0x40000)
[W : PPU[1] Thread (CPUThread)[0x015ef118]]: memory mapped 0x34500000 to 0x4400000 size=0x100000
[W : PPU[1] Thread (CPUThread)[0x015ef0f4]]: memory warning: sys_mmapper_allocate_memory(size=0x100000, flags=0x400, mem_id_addr=0x10192b0)
[W : PPU[1] Thread (CPUThread)[0x015ef118]]: memory warning: sys_mmapper_map_memory(start_addr=0x4500000, mem_id=0x59, flags=0x40000)
[W : PPU[1] Thread (CPUThread)[0x015ef118]]: memory mapped 0x34600000 to 0x4500000 size=0x100000
[W : PPU[1] Thread (CPUThread)[0x015ef0f4]]: memory warning: sys_mmapper_allocate_memory(size=0x100000, flags=0x400, mem_id_addr=0x10192b4)
[W : PPU[1] Thread (CPUThread)[0x015ef118]]: memory warning: sys_mmapper_map_memory(start_addr=0x4600000, mem_id=0x5a, flags=0x40000)
[W : PPU[1] Thread (CPUThread)[0x015ef118]]: memory mapped 0x34700000 to 0x4600000 size=0x100000
[W : PPU[1] Thread (CPUThread)[0x015ef0f4]]: memory warning: sys_mmapper_allocate_memory(size=0x100000, flags=0x400, mem_id_addr=0x10192b8)
[W : PPU[1] Thread (CPUThread)[0x015ef118]]: memory warning: sys_mmapper_map_memory(start_addr=0x4700000, mem_id=0x5b, flags=0x40000)
[W : PPU[1] Thread (CPUThread)[0x015ef118]]: memory mapped 0x34800000 to 0x4700000 size=0x100000
[W : PPU[1] Thread (CPUThread)[0x015ef0f4]]: memory warning: sys_mmapper_allocate_memory(size=0x100000, flags=0x400, mem_id_addr=0x10192bc)
[W : PPU[1] Thread (CPUThread)[0x015ef118]]: memory warning: sys_mmapper_map_memory(start_addr=0x4800000, mem_id=0x5c, flags=0x40000)
[W : PPU[1] Thread (CPUThread)[0x015ef118]]: memory mapped 0x34900000 to 0x4800000 size=0x100000
[W : PPU[1] Thread (CPUThread)[0x015ef0f4]]: memory warning: sys_mmapper_allocate_memory(size=0x100000, flags=0x400, mem_id_addr=0x10192c0)
[W : PPU[1] Thread (CPUThread)[0x015ef118]]: memory warning: sys_mmapper_map_memory(start_addr=0x4900000, mem_id=0x5d, flags=0x40000)
[W : PPU[1] Thread (CPUThread)[0x015ef118]]: memory mapped 0x34a00000 to 0x4900000 size=0x100000
[W : PPU[1] Thread (CPUThread)[0x015ef0f4]]: memory warning: sys_mmapper_allocate_memory(size=0x100000, flags=0x400, mem_id_addr=0x10192c4)
[W : PPU[1] Thread (CPUThread)[0x015ef118]]: memory warning: sys_mmapper_map_memory(start_addr=0x4a00000, mem_id=0x5e, flags=0x40000)
[W : PPU[1] Thread (CPUThread)[0x015ef118]]: memory mapped 0x34b00000 to 0x4a00000 size=0x100000
[W : PPU[1] Thread (CPUThread)[0x015ef0f4]]: memory warning: sys_mmapper_allocate_memory(size=0x100000, flags=0x400, mem_id_addr=0x10192c8)
[W : PPU[1] Thread (CPUThread)[0x015ef118]]: memory warning: sys_mmapper_map_memory(start_addr=0x4b00000, mem_id=0x5f, flags=0x40000)
[W : PPU[1] Thread (CPUThread)[0x015ef118]]: memory mapped 0x34c00000 to 0x4b00000 size=0x100000
[W : PPU[1] Thread (CPUThread)[0x015ef0f4]]: memory warning: sys_mmapper_allocate_memory(size=0x100000, flags=0x400, mem_id_addr=0x10192cc)
[W : PPU[1] Thread (CPUThread)[0x015ef118]]: memory warning: sys_mmapper_map_memory(start_addr=0x4c00000, mem_id=0x60, flags=0x40000)
[W : PPU[1] Thread (CPUThread)[0x015ef118]]: memory mapped 0x34d00000 to 0x4c00000 size=0x100000
[W : PPU[1] Thread (CPUThread)[0x015ef0f4]]: memory warning: sys_mmapper_allocate_memory(size=0x100000, flags=0x400, mem_id_addr=0x10192d0)
[W : PPU[1] Thread (CPUThread)[0x015ef118]]: memory warning: sys_mmapper_map_memory(start_addr=0x4d00000, mem_id=0x61, flags=0x40000)
[W : PPU[1] Thread (CPUThread)[0x015ef118]]: memory mapped 0x34e00000 to 0x4d00000 size=0x100000
[W : PPU[1] Thread (CPUThread)[0x015ef0f4]]: memory warning: sys_mmapper_allocate_memory(size=0x100000, flags=0x400, mem_id_addr=0x10192d4)
[W : PPU[1] Thread (CPUThread)[0x015ef118]]: memory warning: sys_mmapper_map_memory(start_addr=0x4e00000, mem_id=0x62, flags=0x40000)
[W : PPU[1] Thread (CPUThread)[0x015ef118]]: memory mapped 0x34f00000 to 0x4e00000 size=0x100000
[W : PPU[1] Thread (CPUThread)[0x015ef0f4]]: memory warning: sys_mmapper_allocate_memory(size=0x100000, flags=0x400, mem_id_addr=0x10192d8)
[W : PPU[1] Thread (CPUThread)[0x015ef118]]: memory warning: sys_mmapper_map_memory(start_addr=0x4f00000, mem_id=0x63, flags=0x40000)
[W : PPU[1] Thread (CPUThread)[0x015ef118]]: memory mapped 0x35000000 to 0x4f00000 size=0x100000
[W : PPU[1] Thread (CPUThread)[0x015ef0f4]]: memory warning: sys_mmapper_allocate_memory(size=0x100000, flags=0x400, mem_id_addr=0x10192dc)
[W : PPU[1] Thread (CPUThread)[0x015ef118]]: memory warning: sys_mmapper_map_memory(start_addr=0x5000000, mem_id=0x64, flags=0x40000)
[W : PPU[1] Thread (CPUThread)[0x015ef118]]: memory mapped 0x35100000 to 0x5000000 size=0x100000
[W : PPU[1] Thread (CPUThread)[0x015ef0f4]]: memory warning: sys_mmapper_allocate_memory(size=0x100000, flags=0x400, mem_id_addr=0x10192e0)
[W : PPU[1] Thread (CPUThread)[0x015ef118]]: memory warning: sys_mmapper_map_memory(start_addr=0x5100000, mem_id=0x65, flags=0x40000)
[W : PPU[1] Thread (CPUThread)[0x015ef118]]: memory mapped 0x35200000 to 0x5100000 size=0x100000
[W : PPU[1] Thread (CPUThread)[0x015ef0f4]]: memory warning: sys_mmapper_allocate_memory(size=0x100000, flags=0x400, mem_id_addr=0x10192e4)
[W : PPU[1] Thread (CPUThread)[0x015ef118]]: memory warning: sys_mmapper_map_memory(start_addr=0x5200000, mem_id=0x66, flags=0x40000)
[W : PPU[1] Thread (CPUThread)[0x015ef118]]: memory mapped 0x35300000 to 0x5200000 size=0x100000
[W : PPU[1] Thread (CPUThread)[0x015ef0f4]]: memory warning: sys_mmapper_allocate_memory(size=0x100000, flags=0x400, mem_id_addr=0x10192e8)
[W : PPU[1] Thread (CPUThread)[0x015ef118]]: memory warning: sys_mmapper_map_memory(start_addr=0x5300000, mem_id=0x67, flags=0x40000)
[W : PPU[1] Thread (CPUThread)[0x015ef118]]: memory mapped 0x35400000 to 0x5300000 size=0x100000
[W : PPU[1] Thread (CPUThread)[0x015ef0f4]]: memory warning: sys_mmapper_allocate_memory(size=0x100000, flags=0x400, mem_id_addr=0x10192ec)
[W : PPU[1] Thread (CPUThread)[0x015ef118]]: memory warning: sys_mmapper_map_memory(start_addr=0x5400000, mem_id=0x68, flags=0x40000)
[W : PPU[1] Thread (CPUThread)[0x015ef118]]: memory mapped 0x35500000 to 0x5400000 size=0x100000
[W : PPU[1] Thread (CPUThread)[0x015ef0f4]]: memory warning: sys_mmapper_allocate_memory(size=0x100000, flags=0x400, mem_id_addr=0x10192f0)
[W : PPU[1] Thread (CPUThread)[0x015ef118]]: memory warning: sys_mmapper_map_memory(start_addr=0x5500000, mem_id=0x69, flags=0x40000)
[W : PPU[1] Thread (CPUThread)[0x015ef118]]: memory mapped 0x35600000 to 0x5500000 size=0x100000
[W : PPU[1] Thread (CPUThread)[0x015ef0f4]]: memory warning: sys_mmapper_allocate_memory(size=0x100000, flags=0x400, mem_id_addr=0x10192f4)
[W : PPU[1] Thread (CPUThread)[0x015ef118]]: memory warning: sys_mmapper_map_memory(start_addr=0x5600000, mem_id=0x6a, flags=0x40000)
[W : PPU[1] Thread (CPUThread)[0x015ef118]]: memory mapped 0x35700000 to 0x5600000 size=0x100000
[W : PPU[1] Thread (CPUThread)[0x015ef0f4]]: memory warning: sys_mmapper_allocate_memory(size=0x100000, flags=0x400, mem_id_addr=0x10192f8)
[W : PPU[1] Thread (CPUThread)[0x015ef118]]: memory warning: sys_mmapper_map_memory(start_addr=0x5700000, mem_id=0x6b, flags=0x40000)
[W : PPU[1] Thread (CPUThread)[0x015ef118]]: memory mapped 0x35800000 to 0x5700000 size=0x100000
[W : PPU[1] Thread (CPUThread)[0x015ef0f4]]: memory warning: sys_mmapper_allocate_memory(size=0x100000, flags=0x400, mem_id_addr=0x10192fc)
[W : PPU[1] Thread (CPUThread)[0x015ef118]]: memory warning: sys_mmapper_map_memory(start_addr=0x5800000, mem_id=0x6c, flags=0x40000)
[W : PPU[1] Thread (CPUThread)[0x015ef118]]: memory mapped 0x35900000 to 0x5800000 size=0x100000
[W : PPU[1] Thread (CPUThread)[0x015ef0f4]]: memory warning: sys_mmapper_allocate_memory(size=0x100000, flags=0x400, mem_id_addr=0x1019300)
[W : PPU[1] Thread (CPUThread)[0x015ef118]]: memory warning: sys_mmapper_map_memory(start_addr=0x5900000, mem_id=0x6d, flags=0x40000)
[W : PPU[1] Thread (CPUThread)[0x015ef118]]: memory mapped 0x35a00000 to 0x5900000 size=0x100000
[W : PPU[1] Thread (CPUThread)[0x015ef0f4]]: memory warning: sys_mmapper_allocate_memory(size=0x100000, flags=0x400, mem_id_addr=0x1019304)
[W : PPU[1] Thread (CPUThread)[0x015ef118]]: memory warning: sys_mmapper_map_memory(start_addr=0x5a00000, mem_id=0x6e, flags=0x40000)
[W : PPU[1] Thread (CPUThread)[0x015ef118]]: memory mapped 0x35b00000 to 0x5a00000 size=0x100000
[W : PPU[1] Thread (CPUThread)[0x015ef0f4]]: memory warning: sys_mmapper_allocate_memory(size=0x100000, flags=0x400, mem_id_addr=0x1019308)
[W : PPU[1] Thread (CPUThread)[0x015ef118]]: memory warning: sys_mmapper_map_memory(start_addr=0x5b00000, mem_id=0x6f, flags=0x40000)
[W : PPU[1] Thread (CPUThread)[0x015ef118]]: memory mapped 0x35c00000 to 0x5b00000 size=0x100000
[W : PPU[1] Thread (CPUThread)[0x015ef0f4]]: memory warning: sys_mmapper_allocate_memory(size=0x100000, flags=0x400, mem_id_addr=0x101930c)
[W : PPU[1] Thread (CPUThread)[0x015ef118]]: memory warning: sys_mmapper_map_memory(start_addr=0x5c00000, mem_id=0x70, flags=0x40000)
[W : PPU[1] Thread (CPUThread)[0x015ef118]]: memory mapped 0x35d00000 to 0x5c00000 size=0x100000
[W : PPU[1] Thread (CPUThread)[0x015ef0f4]]: memory warning: sys_mmapper_allocate_memory(size=0x100000, flags=0x400, mem_id_addr=0x1019310)
[W : PPU[1] Thread (CPUThread)[0x015ef118]]: memory warning: sys_mmapper_map_memory(start_addr=0x5d00000, mem_id=0x71, flags=0x40000)
[W : PPU[1] Thread (CPUThread)[0x015ef118]]: memory mapped 0x35e00000 to 0x5d00000 size=0x100000
[W : PPU[1] Thread (CPUThread)[0x015ef0f4]]: memory warning: sys_mmapper_allocate_memory(size=0x100000, flags=0x400, mem_id_addr=0x1019314)
[W : PPU[1] Thread (CPUThread)[0x015ef118]]: memory warning: sys_mmapper_map_memory(start_addr=0x5e00000, mem_id=0x72, flags=0x40000)
[W : PPU[1] Thread (CPUThread)[0x015ef118]]: memory mapped 0x35f00000 to 0x5e00000 size=0x100000
[W : PPU[1] Thread (CPUThread)[0x015ef0f4]]: memory warning: sys_mmapper_allocate_memory(size=0x100000, flags=0x400, mem_id_addr=0x1019318)
[W : PPU[1] Thread (CPUThread)[0x015ef118]]: memory warning: sys_mmapper_map_memory(start_addr=0x5f00000, mem_id=0x73, flags=0x40000)
[W : PPU[1] Thread (CPUThread)[0x015ef118]]: memory mapped 0x36000000 to 0x5f00000 size=0x100000
[W : PPU[1] Thread (CPUThread)[0x015ef0f4]]: memory warning: sys_mmapper_allocate_memory(size=0x100000, flags=0x400, mem_id_addr=0x101931c)
[W : PPU[1] Thread (CPUThread)[0x015ef118]]: memory warning: sys_mmapper_map_memory(start_addr=0x6000000, mem_id=0x74, flags=0x40000)
[W : PPU[1] Thread (CPUThread)[0x015ef118]]: memory mapped 0x36100000 to 0x6000000 size=0x100000
[W : PPU[1] Thread (CPUThread)[0x015ef0f4]]: memory warning: sys_mmapper_allocate_memory(size=0x100000, flags=0x400, mem_id_addr=0x1019320)
[W : PPU[1] Thread (CPUThread)[0x015ef118]]: memory warning: sys_mmapper_map_memory(start_addr=0x6100000, mem_id=0x75, flags=0x40000)
[W : PPU[1] Thread (CPUThread)[0x015ef118]]: memory mapped 0x36200000 to 0x6100000 size=0x100000
[W : PPU[1] Thread (CPUThread)[0x015ef0f4]]: memory warning: sys_mmapper_allocate_memory(size=0x100000, flags=0x400, mem_id_addr=0x1019324)
[W : PPU[1] Thread (CPUThread)[0x015ef118]]: memory warning: sys_mmapper_map_memory(start_addr=0x6200000, mem_id=0x76, flags=0x40000)
[W : PPU[1] Thread (CPUThread)[0x015ef118]]: memory mapped 0x36300000 to 0x6200000 size=0x100000
[W : PPU[1] Thread (CPUThread)[0x015ef0f4]]: memory warning: sys_mmapper_allocate_memory(size=0x100000, flags=0x400, mem_id_addr=0x1019328)
[W : PPU[1] Thread (CPUThread)[0x015ef118]]: memory warning: sys_mmapper_map_memory(start_addr=0x6300000, mem_id=0x77, flags=0x40000)
[W : PPU[1] Thread (CPUThread)[0x015ef118]]: memory mapped 0x36400000 to 0x6300000 size=0x100000
[W : PPU[1] Thread (CPUThread)[0x015ef0f4]]: memory warning: sys_mmapper_allocate_memory(size=0x100000, flags=0x400, mem_id_addr=0x101932c)
[W : PPU[1] Thread (CPUThread)[0x015ef118]]: memory warning: sys_mmapper_map_memory(start_addr=0x6400000, mem_id=0x78, flags=0x40000)
[W : PPU[1] Thread (CPUThread)[0x015ef118]]: memory mapped 0x36500000 to 0x6400000 size=0x100000
[W : PPU[1] Thread (CPUThread)[0x015ef0f4]]: memory warning: sys_mmapper_allocate_memory(size=0x100000, flags=0x400, mem_id_addr=0x1019330)
[W : PPU[1] Thread (CPUThread)[0x015ef118]]: memory warning: sys_mmapper_map_memory(start_addr=0x6500000, mem_id=0x79, flags=0x40000)
[W : PPU[1] Thread (CPUThread)[0x015ef118]]: memory mapped 0x36600000 to 0x6500000 size=0x100000
[W : PPU[1] Thread (CPUThread)[0x015ef0f4]]: memory warning: sys_mmapper_allocate_memory(size=0x100000, flags=0x400, mem_id_addr=0x1019334)
[W : PPU[1] Thread (CPUThread)[0x015ef118]]: memory warning: sys_mmapper_map_memory(start_addr=0x6600000, mem_id=0x7a, flags=0x40000)
[W : PPU[1] Thread (CPUThread)[0x015ef118]]: memory mapped 0x36700000 to 0x6600000 size=0x100000
[W : PPU[1] Thread (CPUThread)[0x015ef0f4]]: memory warning: sys_mmapper_allocate_memory(size=0x100000, flags=0x400, mem_id_addr=0x1019338)
[W : PPU[1] Thread (CPUThread)[0x015ef118]]: memory warning: sys_mmapper_map_memory(start_addr=0x6700000, mem_id=0x7b, flags=0x40000)
[W : PPU[1] Thread (CPUThread)[0x015ef118]]: memory mapped 0x36800000 to 0x6700000 size=0x100000
[W : PPU[1] Thread (CPUThread)[0x015ef0f4]]: memory warning: sys_mmapper_allocate_memory(size=0x100000, flags=0x400, mem_id_addr=0x101933c)
[W : PPU[1] Thread (CPUThread)[0x015ef118]]: memory warning: sys_mmapper_map_memory(start_addr=0x6800000, mem_id=0x7c, flags=0x40000)
[W : PPU[1] Thread (CPUThread)[0x015ef118]]: memory mapped 0x36900000 to 0x6800000 size=0x100000
[W : PPU[1] Thread (CPUThread)[0x015ef0f4]]: memory warning: sys_mmapper_allocate_memory(size=0x100000, flags=0x400, mem_id_addr=0x1019340)
[W : PPU[1] Thread (CPUThread)[0x015ef118]]: memory warning: sys_mmapper_map_memory(start_addr=0x6900000, mem_id=0x7d, flags=0x40000)
[W : PPU[1] Thread (CPUThread)[0x015ef118]]: memory mapped 0x36a00000 to 0x6900000 size=0x100000
[W : PPU[1] Thread (CPUThread)[0x015ef0f4]]: memory warning: sys_mmapper_allocate_memory(size=0x100000, flags=0x400, mem_id_addr=0x1019344)
[W : PPU[1] Thread (CPUThread)[0x015ef118]]: memory warning: sys_mmapper_map_memory(start_addr=0x6a00000, mem_id=0x7e, flags=0x40000)
[W : PPU[1] Thread (CPUThread)[0x015ef118]]: memory mapped 0x36b00000 to 0x6a00000 size=0x100000
[W : PPU[1] Thread (CPUThread)[0x015ef0f4]]: memory warning: sys_mmapper_allocate_memory(size=0x100000, flags=0x400, mem_id_addr=0x1019348)
[W : PPU[1] Thread (CPUThread)[0x015ef118]]: memory warning: sys_mmapper_map_memory(start_addr=0x6b00000, mem_id=0x7f, flags=0x40000)
[W : PPU[1] Thread (CPUThread)[0x015ef118]]: memory mapped 0x36c00000 to 0x6b00000 size=0x100000
[W : PPU[1] Thread (CPUThread)[0x015ef0f4]]: memory warning: sys_mmapper_allocate_memory(size=0x100000, flags=0x400, mem_id_addr=0x101934c)
[W : PPU[1] Thread (CPUThread)[0x015ef118]]: memory warning: sys_mmapper_map_memory(start_addr=0x6c00000, mem_id=0x80, flags=0x40000)
[W : PPU[1] Thread (CPUThread)[0x015ef118]]: memory mapped 0x36d00000 to 0x6c00000 size=0x100000
[W : PPU[1] Thread (CPUThread)[0x015ef0f4]]: memory warning: sys_mmapper_allocate_memory(size=0x100000, flags=0x400, mem_id_addr=0x1019350)
[W : PPU[1] Thread (CPUThread)[0x015ef118]]: memory warning: sys_mmapper_map_memory(start_addr=0x6d00000, mem_id=0x81, flags=0x40000)
[W : PPU[1] Thread (CPUThread)[0x015ef118]]: memory mapped 0x36e00000 to 0x6d00000 size=0x100000
[W : PPU[1] Thread (CPUThread)[0x015ef0f4]]: memory warning: sys_mmapper_allocate_memory(size=0x100000, flags=0x400, mem_id_addr=0x1019354)
[W : PPU[1] Thread (CPUThread)[0x015ef118]]: memory warning: sys_mmapper_map_memory(start_addr=0x6e00000, mem_id=0x82, flags=0x40000)
[W : PPU[1] Thread (CPUThread)[0x015ef118]]: memory mapped 0x36f00000 to 0x6e00000 size=0x100000
[W : PPU[1] Thread (CPUThread)[0x015ef0f4]]: memory warning: sys_mmapper_allocate_memory(size=0x100000, flags=0x400, mem_id_addr=0x1019358)
[W : PPU[1] Thread (CPUThread)[0x015ef118]]: memory warning: sys_mmapper_map_memory(start_addr=0x6f00000, mem_id=0x83, flags=0x40000)
[W : PPU[1] Thread (CPUThread)[0x015ef118]]: memory mapped 0x37000000 to 0x6f00000 size=0x100000
[W : PPU[1] Thread (CPUThread)[0x015ef0f4]]: memory warning: sys_mmapper_allocate_memory(size=0x100000, flags=0x400, mem_id_addr=0x101935c)
[W : PPU[1] Thread (CPUThread)[0x015ef118]]: memory warning: sys_mmapper_map_memory(start_addr=0x7000000, mem_id=0x84, flags=0x40000)
[W : PPU[1] Thread (CPUThread)[0x015ef118]]: memory mapped 0x37100000 to 0x7000000 size=0x100000
[W : PPU[1] Thread (CPUThread)[0x015ef0f4]]: memory warning: sys_mmapper_allocate_memory(size=0x100000, flags=0x400, mem_id_addr=0x1019360)
[W : PPU[1] Thread (CPUThread)[0x015ef118]]: memory warning: sys_mmapper_map_memory(start_addr=0x7100000, mem_id=0x85, flags=0x40000)
[W : PPU[1] Thread (CPUThread)[0x015ef118]]: memory mapped 0x37200000 to 0x7100000 size=0x100000
[W : PPU[1] Thread (CPUThread)[0x015ef0f4]]: memory warning: sys_mmapper_allocate_memory(size=0x100000, flags=0x400, mem_id_addr=0x1019364)
[W : PPU[1] Thread (CPUThread)[0x015ef118]]: memory warning: sys_mmapper_map_memory(start_addr=0x7200000, mem_id=0x86, flags=0x40000)
[W : PPU[1] Thread (CPUThread)[0x015ef118]]: memory mapped 0x37300000 to 0x7200000 size=0x100000
[W : PPU[1] Thread (CPUThread)[0x015ef0f4]]: memory warning: sys_mmapper_allocate_memory(size=0x100000, flags=0x400, mem_id_addr=0x1019368)
[W : PPU[1] Thread (CPUThread)[0x015ef118]]: memory warning: sys_mmapper_map_memory(start_addr=0x7300000, mem_id=0x87, flags=0x40000)
[W : PPU[1] Thread (CPUThread)[0x015ef118]]: memory mapped 0x37400000 to 0x7300000 size=0x100000
[W : PPU[1] Thread (CPUThread)[0x015ef0f4]]: memory warning: sys_mmapper_allocate_memory(size=0x100000, flags=0x400, mem_id_addr=0x101936c)
[W : PPU[1] Thread (CPUThread)[0x015ef118]]: memory warning: sys_mmapper_map_memory(start_addr=0x7400000, mem_id=0x88, flags=0x40000)
[W : PPU[1] Thread (CPUThread)[0x015ef118]]: memory mapped 0x37500000 to 0x7400000 size=0x100000
[W : PPU[1] Thread (CPUThread)[0x015ef0f4]]: memory warning: sys_mmapper_allocate_memory(size=0x100000, flags=0x400, mem_id_addr=0x1019370)
[W : PPU[1] Thread (CPUThread)[0x015ef118]]: memory warning: sys_mmapper_map_memory(start_addr=0x7500000, mem_id=0x89, flags=0x40000)
[W : PPU[1] Thread (CPUThread)[0x015ef118]]: memory mapped 0x37600000 to 0x7500000 size=0x100000
[W : PPU[1] Thread (CPUThread)[0x015ef0f4]]: memory warning: sys_mmapper_allocate_memory(size=0x100000, flags=0x400, mem_id_addr=0x1019374)
[W : PPU[1] Thread (CPUThread)[0x015ef118]]: memory warning: sys_mmapper_map_memory(start_addr=0x7600000, mem_id=0x8a, flags=0x40000)
[W : PPU[1] Thread (CPUThread)[0x015ef118]]: memory mapped 0x37700000 to 0x7600000 size=0x100000
[W : PPU[1] Thread (CPUThread)[0x015ef0f4]]: memory warning: sys_mmapper_allocate_memory(size=0x100000, flags=0x400, mem_id_addr=0x1019378)
[W : PPU[1] Thread (CPUThread)[0x015ef118]]: memory warning: sys_mmapper_map_memory(start_addr=0x7700000, mem_id=0x8b, flags=0x40000)
[W : PPU[1] Thread (CPUThread)[0x015ef118]]: memory mapped 0x37800000 to 0x7700000 size=0x100000
[W : PPU[1] Thread (CPUThread)[0x015ef0f4]]: memory warning: sys_mmapper_allocate_memory(size=0x100000, flags=0x400, mem_id_addr=0x101937c)
[W : PPU[1] Thread (CPUThread)[0x015ef118]]: memory warning: sys_mmapper_map_memory(start_addr=0x7800000, mem_id=0x8c, flags=0x40000)
[W : PPU[1] Thread (CPUThread)[0x015ef118]]: memory mapped 0x37900000 to 0x7800000 size=0x100000
[W : PPU[1] Thread (CPUThread)[0x015ef0f4]]: memory warning: sys_mmapper_allocate_memory(size=0x100000, flags=0x400, mem_id_addr=0x1019380)
[W : PPU[1] Thread (CPUThread)[0x015ef118]]: memory warning: sys_mmapper_map_memory(start_addr=0x7900000, mem_id=0x8d, flags=0x40000)
[W : PPU[1] Thread (CPUThread)[0x015ef118]]: memory mapped 0x37a00000 to 0x7900000 size=0x100000
[W : PPU[1] Thread (CPUThread)[0x015ef0f4]]: memory warning: sys_mmapper_allocate_memory(size=0x100000, flags=0x400, mem_id_addr=0x1019384)
[W : PPU[1] Thread (CPUThread)[0x015ef118]]: memory warning: sys_mmapper_map_memory(start_addr=0x7a00000, mem_id=0x8e, flags=0x40000)
[W : PPU[1] Thread (CPUThread)[0x015ef118]]: memory mapped 0x37b00000 to 0x7a00000 size=0x100000
[W : PPU[1] Thread (CPUThread)[0x015ef0f4]]: memory warning: sys_mmapper_allocate_memory(size=0x100000, flags=0x400, mem_id_addr=0x1019388)
[W : PPU[1] Thread (CPUThread)[0x015ef118]]: memory warning: sys_mmapper_map_memory(start_addr=0x7b00000, mem_id=0x8f, flags=0x40000)
[W : PPU[1] Thread (CPUThread)[0x015ef118]]: memory mapped 0x37c00000 to 0x7b00000 size=0x100000
[W : PPU[1] Thread (CPUThread)[0x015ef0f4]]: memory warning: sys_mmapper_allocate_memory(size=0x100000, flags=0x400, mem_id_addr=0x101938c)
[W : PPU[1] Thread (CPUThread)[0x015ef118]]: memory warning: sys_mmapper_map_memory(start_addr=0x7c00000, mem_id=0x90, flags=0x40000)
[W : PPU[1] Thread (CPUThread)[0x015ef118]]: memory mapped 0x37d00000 to 0x7c00000 size=0x100000
[W : PPU[1] Thread (CPUThread)[0x015ef0f4]]: memory warning: sys_mmapper_allocate_memory(size=0x100000, flags=0x400, mem_id_addr=0x1019390)
[W : PPU[1] Thread (CPUThread)[0x015ef118]]: memory warning: sys_mmapper_map_memory(start_addr=0x7d00000, mem_id=0x91, flags=0x40000)
[W : PPU[1] Thread (CPUThread)[0x015ef118]]: memory mapped 0x37e00000 to 0x7d00000 size=0x100000
[W : PPU[1] Thread (CPUThread)[0x015ef0f4]]: memory warning: sys_mmapper_allocate_memory(size=0x100000, flags=0x400, mem_id_addr=0x1019394)
[W : PPU[1] Thread (CPUThread)[0x015ef118]]: memory warning: sys_mmapper_map_memory(start_addr=0x7e00000, mem_id=0x92, flags=0x40000)
[W : PPU[1] Thread (CPUThread)[0x015ef118]]: memory mapped 0x37f00000 to 0x7e00000 size=0x100000
[W : PPU[1] Thread (CPUThread)[0x015ef0f4]]: memory warning: sys_mmapper_allocate_memory(size=0x100000, flags=0x400, mem_id_addr=0x1019398)
[W : PPU[1] Thread (CPUThread)[0x015ef118]]: memory warning: sys_mmapper_map_memory(start_addr=0x7f00000, mem_id=0x93, flags=0x40000)
[W : PPU[1] Thread (CPUThread)[0x015ef118]]: memory mapped 0x38000000 to 0x7f00000 size=0x100000
[W : PPU[1] Thread (CPUThread)[0x015ef0f4]]: memory warning: sys_mmapper_allocate_memory(size=0x100000, flags=0x400, mem_id_addr=0x101939c)
[W : PPU[1] Thread (CPUThread)[0x015ef118]]: memory warning: sys_mmapper_map_memory(start_addr=0x8000000, mem_id=0x94, flags=0x40000)
[W : PPU[1] Thread (CPUThread)[0x015ef118]]: memory mapped 0x38100000 to 0x8000000 size=0x100000
[W : PPU[1] Thread (CPUThread)[0x015ef0f4]]: memory warning: sys_mmapper_allocate_memory(size=0x100000, flags=0x400, mem_id_addr=0x10193a0)
[W : PPU[1] Thread (CPUThread)[0x015ef118]]: memory warning: sys_mmapper_map_memory(start_addr=0x8100000, mem_id=0x95, flags=0x40000)
[W : PPU[1] Thread (CPUThread)[0x015ef118]]: memory mapped 0x38200000 to 0x8100000 size=0x100000
[W : PPU[1] Thread (CPUThread)[0x015ef0f4]]: memory warning: sys_mmapper_allocate_memory(size=0x100000, flags=0x400, mem_id_addr=0x10193a4)
[W : PPU[1] Thread (CPUThread)[0x015ef118]]: memory warning: sys_mmapper_map_memory(start_addr=0x8200000, mem_id=0x96, flags=0x40000)
[W : PPU[1] Thread (CPUThread)[0x015ef118]]: memory mapped 0x38300000 to 0x8200000 size=0x100000
[W : PPU[1] Thread (CPUThread)[0x015ef0f4]]: memory warning: sys_mmapper_allocate_memory(size=0x100000, flags=0x400, mem_id_addr=0x10193a8)
[W : PPU[1] Thread (CPUThread)[0x015ef118]]: memory warning: sys_mmapper_map_memory(start_addr=0x8300000, mem_id=0x97, flags=0x40000)
[W : PPU[1] Thread (CPUThread)[0x015ef118]]: memory mapped 0x38400000 to 0x8300000 size=0x100000
[W : PPU[1] Thread (CPUThread)[0x015ef0f4]]: memory warning: sys_mmapper_allocate_memory(size=0x100000, flags=0x400, mem_id_addr=0x10193ac)
[W : PPU[1] Thread (CPUThread)[0x015ef118]]: memory warning: sys_mmapper_map_memory(start_addr=0x8400000, mem_id=0x98, flags=0x40000)
[W : PPU[1] Thread (CPUThread)[0x015ef118]]: memory mapped 0x38500000 to 0x8400000 size=0x100000
[W : PPU[1] Thread (CPUThread)[0x015ef0f4]]: memory warning: sys_mmapper_allocate_memory(size=0x100000, flags=0x400, mem_id_addr=0x10193b0)
[W : PPU[1] Thread (CPUThread)[0x015ef118]]: memory warning: sys_mmapper_map_memory(start_addr=0x8500000, mem_id=0x99, flags=0x40000)
[W : PPU[1] Thread (CPUThread)[0x015ef118]]: memory mapped 0x38600000 to 0x8500000 size=0x100000
[W : PPU[1] Thread (CPUThread)[0x015ef0f4]]: memory warning: sys_mmapper_allocate_memory(size=0x100000, flags=0x400, mem_id_addr=0x10193b4)
[W : PPU[1] Thread (CPUThread)[0x015ef118]]: memory warning: sys_mmapper_map_memory(start_addr=0x8600000, mem_id=0x9a, flags=0x40000)
[W : PPU[1] Thread (CPUThread)[0x015ef118]]: memory mapped 0x38700000 to 0x8600000 size=0x100000
[W : PPU[1] Thread (CPUThread)[0x015ef0f4]]: memory warning: sys_mmapper_allocate_memory(size=0x100000, flags=0x400, mem_id_addr=0x10193b8)
[W : PPU[1] Thread (CPUThread)[0x015ef118]]: memory warning: sys_mmapper_map_memory(start_addr=0x8700000, mem_id=0x9b, flags=0x40000)
[W : PPU[1] Thread (CPUThread)[0x015ef118]]: memory mapped 0x38800000 to 0x8700000 size=0x100000
[W : PPU[1] Thread (CPUThread)[0x015ef0f4]]: memory warning: sys_mmapper_allocate_memory(size=0x100000, flags=0x400, mem_id_addr=0x10193bc)
[W : PPU[1] Thread (CPUThread)[0x015ef118]]: memory warning: sys_mmapper_map_memory(start_addr=0x8800000, mem_id=0x9c, flags=0x40000)
[W : PPU[1] Thread (CPUThread)[0x015ef118]]: memory mapped 0x38900000 to 0x8800000 size=0x100000
[W : PPU[1] Thread (CPUThread)[0x015ef0f4]]: memory warning: sys_mmapper_allocate_memory(size=0x100000, flags=0x400, mem_id_addr=0x10193c0)
[W : PPU[1] Thread (CPUThread)[0x015ef118]]: memory warning: sys_mmapper_map_memory(start_addr=0x8900000, mem_id=0x9d, flags=0x40000)
[W : PPU[1] Thread (CPUThread)[0x015ef118]]: memory mapped 0x38a00000 to 0x8900000 size=0x100000
[W : PPU[1] Thread (CPUThread)[0x015ef0f4]]: memory warning: sys_mmapper_allocate_memory(size=0x100000, flags=0x400, mem_id_addr=0x10193c4)
[W : PPU[1] Thread (CPUThread)[0x015ef118]]: memory warning: sys_mmapper_map_memory(start_addr=0x8a00000, mem_id=0x9e, flags=0x40000)
[W : PPU[1] Thread (CPUThread)[0x015ef118]]: memory mapped 0x38b00000 to 0x8a00000 size=0x100000
[W : PPU[1] Thread (CPUThread)[0x015ef0f4]]: memory warning: sys_mmapper_allocate_memory(size=0x100000, flags=0x400, mem_id_addr=0x10193c8)
[W : PPU[1] Thread (CPUThread)[0x015ef118]]: memory warning: sys_mmapper_map_memory(start_addr=0x8b00000, mem_id=0x9f, flags=0x40000)
[W : PPU[1] Thread (CPUThread)[0x015ef118]]: memory mapped 0x38c00000 to 0x8b00000 size=0x100000
[W : PPU[1] Thread (CPUThread)[0x015ef0f4]]: memory warning: sys_mmapper_allocate_memory(size=0x100000, flags=0x400, mem_id_addr=0x10193cc)
[W : PPU[1] Thread (CPUThread)[0x015ef118]]: memory warning: sys_mmapper_map_memory(start_addr=0x8c00000, mem_id=0xa0, flags=0x40000)
[W : PPU[1] Thread (CPUThread)[0x015ef118]]: memory mapped 0x38d00000 to 0x8c00000 size=0x100000
[W : PPU[1] Thread (CPUThread)[0x015ef0f4]]: memory warning: sys_mmapper_allocate_memory(size=0x100000, flags=0x400, mem_id_addr=0x10193d0)
[W : PPU[1] Thread (CPUThread)[0x015ef118]]: memory warning: sys_mmapper_map_memory(start_addr=0x8d00000, mem_id=0xa1, flags=0x40000)
[W : PPU[1] Thread (CPUThread)[0x015ef118]]: memory mapped 0x38e00000 to 0x8d00000 size=0x100000
[W : PPU[1] Thread (CPUThread)[0x015ef0f4]]: memory warning: sys_mmapper_allocate_memory(size=0x100000, flags=0x400, mem_id_addr=0x10193d4)
[W : PPU[1] Thread (CPUThread)[0x015ef118]]: memory warning: sys_mmapper_map_memory(start_addr=0x8e00000, mem_id=0xa2, flags=0x40000)
[W : PPU[1] Thread (CPUThread)[0x015ef118]]: memory mapped 0x38f00000 to 0x8e00000 size=0x100000
[W : PPU[1] Thread (CPUThread)[0x015ef0f4]]: memory warning: sys_mmapper_allocate_memory(size=0x100000, flags=0x400, mem_id_addr=0x10193d8)
[W : PPU[1] Thread (CPUThread)[0x015ef118]]: memory warning: sys_mmapper_map_memory(start_addr=0x8f00000, mem_id=0xa3, flags=0x40000)
[W : PPU[1] Thread (CPUThread)[0x015ef118]]: memory mapped 0x39000000 to 0x8f00000 size=0x100000
[W : PPU[1] Thread (CPUThread)[0x015ef0f4]]: memory warning: sys_mmapper_allocate_memory(size=0x100000, flags=0x400, mem_id_addr=0x10193dc)
[W : PPU[1] Thread (CPUThread)[0x015ef118]]: memory warning: sys_mmapper_map_memory(start_addr=0x9000000, mem_id=0xa4, flags=0x40000)
[W : PPU[1] Thread (CPUThread)[0x015ef118]]: memory mapped 0x39100000 to 0x9000000 size=0x100000
[W : PPU[1] Thread (CPUThread)[0x015ef0f4]]: memory warning: sys_mmapper_allocate_memory(size=0x100000, flags=0x400, mem_id_addr=0x10193e0)
[W : PPU[1] Thread (CPUThread)[0x015ef118]]: memory warning: sys_mmapper_map_memory(start_addr=0x9100000, mem_id=0xa5, flags=0x40000)
[W : PPU[1] Thread (CPUThread)[0x015ef118]]: memory mapped 0x39200000 to 0x9100000 size=0x100000
[W : PPU[1] Thread (CPUThread)[0x015ef0f4]]: memory warning: sys_mmapper_allocate_memory(size=0x100000, flags=0x400, mem_id_addr=0x10193e4)
[W : PPU[1] Thread (CPUThread)[0x015ef118]]: memory warning: sys_mmapper_map_memory(start_addr=0x9200000, mem_id=0xa6, flags=0x40000)
[W : PPU[1] Thread (CPUThread)[0x015ef118]]: memory mapped 0x39300000 to 0x9200000 size=0x100000
[W : PPU[1] Thread (CPUThread)[0x015ef0f4]]: memory warning: sys_mmapper_allocate_memory(size=0x100000, flags=0x400, mem_id_addr=0x10193e8)
[W : PPU[1] Thread (CPUThread)[0x015ef118]]: memory warning: sys_mmapper_map_memory(start_addr=0x9300000, mem_id=0xa7, flags=0x40000)
[W : PPU[1] Thread (CPUThread)[0x015ef118]]: memory mapped 0x39400000 to 0x9300000 size=0x100000
[W : PPU[1] Thread (CPUThread)[0x015ef0f4]]: memory warning: sys_mmapper_allocate_memory(size=0x100000, flags=0x400, mem_id_addr=0x10193ec)
[W : PPU[1] Thread (CPUThread)[0x015ef118]]: memory warning: sys_mmapper_map_memory(start_addr=0x9400000, mem_id=0xa8, flags=0x40000)
[W : PPU[1] Thread (CPUThread)[0x015ef118]]: memory mapped 0x39500000 to 0x9400000 size=0x100000
[W : PPU[1] Thread (CPUThread)[0x015ef0f4]]: memory warning: sys_mmapper_allocate_memory(size=0x100000, flags=0x400, mem_id_addr=0x10193f0)
[W : PPU[1] Thread (CPUThread)[0x015ef118]]: memory warning: sys_mmapper_map_memory(start_addr=0x9500000, mem_id=0xa9, flags=0x40000)
[W : PPU[1] Thread (CPUThread)[0x015ef118]]: memory mapped 0x39600000 to 0x9500000 size=0x100000
[W : PPU[1] Thread (CPUThread)[0x015ef0f4]]: memory warning: sys_mmapper_allocate_memory(size=0x100000, flags=0x400, mem_id_addr=0x10193f4)
[W : PPU[1] Thread (CPUThread)[0x015ef118]]: memory warning: sys_mmapper_map_memory(start_addr=0x9600000, mem_id=0xaa, flags=0x40000)
[W : PPU[1] Thread (CPUThread)[0x015ef118]]: memory mapped 0x39700000 to 0x9600000 size=0x100000
[W : PPU[1] Thread (CPUThread)[0x015ef0f4]]: memory warning: sys_mmapper_allocate_memory(size=0x100000, flags=0x400, mem_id_addr=0x10193f8)
[W : PPU[1] Thread (CPUThread)[0x015ef118]]: memory warning: sys_mmapper_map_memory(start_addr=0x9700000, mem_id=0xab, flags=0x40000)
[W : PPU[1] Thread (CPUThread)[0x015ef118]]: memory mapped 0x39800000 to 0x9700000 size=0x100000
[W : PPU[1] Thread (CPUThread)[0x015ef0f4]]: memory warning: sys_mmapper_allocate_memory(size=0x100000, flags=0x400, mem_id_addr=0x10193fc)
[W : PPU[1] Thread (CPUThread)[0x015ef118]]: memory warning: sys_mmapper_map_memory(start_addr=0x9800000, mem_id=0xac, flags=0x40000)
[W : PPU[1] Thread (CPUThread)[0x015ef118]]: memory mapped 0x39900000 to 0x9800000 size=0x100000
[W : PPU[1] Thread (CPUThread)[0x015ef0f4]]: memory warning: sys_mmapper_allocate_memory(size=0x100000, flags=0x400, mem_id_addr=0x1019400)
[W : PPU[1] Thread (CPUThread)[0x015ef118]]: memory warning: sys_mmapper_map_memory(start_addr=0x9900000, mem_id=0xad, flags=0x40000)
[W : PPU[1] Thread (CPUThread)[0x015ef118]]: memory mapped 0x39a00000 to 0x9900000 size=0x100000
[W : PPU[1] Thread (CPUThread)[0x015ef0f4]]: memory warning: sys_mmapper_allocate_memory(size=0x100000, flags=0x400, mem_id_addr=0x1019404)
[W : PPU[1] Thread (CPUThread)[0x015ef118]]: memory warning: sys_mmapper_map_memory(start_addr=0x9a00000, mem_id=0xae, flags=0x40000)
[W : PPU[1] Thread (CPUThread)[0x015ef118]]: memory mapped 0x39b00000 to 0x9a00000 size=0x100000
[W : PPU[1] Thread (CPUThread)[0x015ef0f4]]: memory warning: sys_mmapper_allocate_memory(size=0x100000, flags=0x400, mem_id_addr=0x1019408)
[W : PPU[1] Thread (CPUThread)[0x015ef118]]: memory warning: sys_mmapper_map_memory(start_addr=0x9b00000, mem_id=0xaf, flags=0x40000)
[W : PPU[1] Thread (CPUThread)[0x015ef118]]: memory mapped 0x39c00000 to 0x9b00000 size=0x100000
[W : PPU[1] Thread (CPUThread)[0x015ef0f4]]: memory warning: sys_mmapper_allocate_memory(size=0x100000, flags=0x400, mem_id_addr=0x101940c)
[W : PPU[1] Thread (CPUThread)[0x015ef118]]: memory warning: sys_mmapper_map_memory(start_addr=0x9c00000, mem_id=0xb0, flags=0x40000)
[W : PPU[1] Thread (CPUThread)[0x015ef118]]: memory mapped 0x39d00000 to 0x9c00000 size=0x100000
[W : PPU[1] Thread (CPUThread)[0x015ef0f4]]: memory warning: sys_mmapper_allocate_memory(size=0x100000, flags=0x400, mem_id_addr=0x1019410)
[W : PPU[1] Thread (CPUThread)[0x015ef118]]: memory warning: sys_mmapper_map_memory(start_addr=0x9d00000, mem_id=0xb1, flags=0x40000)
[W : PPU[1] Thread (CPUThread)[0x015ef118]]: memory mapped 0x39e00000 to 0x9d00000 size=0x100000
[W : PPU[1] Thread (CPUThread)[0x015ef0f4]]: memory warning: sys_mmapper_allocate_memory(size=0x100000, flags=0x400, mem_id_addr=0x1019414)
[W : PPU[1] Thread (CPUThread)[0x015ef118]]: memory warning: sys_mmapper_map_memory(start_addr=0x9e00000, mem_id=0xb2, flags=0x40000)
[W : PPU[1] Thread (CPUThread)[0x015ef118]]: memory mapped 0x39f00000 to 0x9e00000 size=0x100000
[W : PPU[1] Thread (CPUThread)[0x015ef0f4]]: memory warning: sys_mmapper_allocate_memory(size=0x100000, flags=0x400, mem_id_addr=0x1019418)
[W : PPU[1] Thread (CPUThread)[0x015ef118]]: memory warning: sys_mmapper_map_memory(start_addr=0x9f00000, mem_id=0xb3, flags=0x40000)
[W : PPU[1] Thread (CPUThread)[0x015ef118]]: memory mapped 0x3a000000 to 0x9f00000 size=0x100000
[W : PPU[1] Thread (CPUThread)[0x015ef0f4]]: memory warning: sys_mmapper_allocate_memory(size=0x100000, flags=0x400, mem_id_addr=0x101941c)
[W : PPU[1] Thread (CPUThread)[0x015ef118]]: memory warning: sys_mmapper_map_memory(start_addr=0xa000000, mem_id=0xb4, flags=0x40000)
[W : PPU[1] Thread (CPUThread)[0x015ef118]]: memory mapped 0x3a100000 to 0xa000000 size=0x100000
[W : PPU[1] Thread (CPUThread)[0x015ef0f4]]: memory warning: sys_mmapper_allocate_memory(size=0x100000, flags=0x400, mem_id_addr=0x1019420)
[W : PPU[1] Thread (CPUThread)[0x015ef118]]: memory warning: sys_mmapper_map_memory(start_addr=0xa100000, mem_id=0xb5, flags=0x40000)
[W : PPU[1] Thread (CPUThread)[0x015ef118]]: memory mapped 0x3a200000 to 0xa100000 size=0x100000
[W : PPU[1] Thread (CPUThread)[0x015ef0f4]]: memory warning: sys_mmapper_allocate_memory(size=0x100000, flags=0x400, mem_id_addr=0x1019424)
[W : PPU[1] Thread (CPUThread)[0x015ef118]]: memory warning: sys_mmapper_map_memory(start_addr=0xa200000, mem_id=0xb6, flags=0x40000)
[W : PPU[1] Thread (CPUThread)[0x015ef118]]: memory mapped 0x3a300000 to 0xa200000 size=0x100000
[W : PPU[1] Thread (CPUThread)[0x015ef0f4]]: memory warning: sys_mmapper_allocate_memory(size=0x100000, flags=0x400, mem_id_addr=0x1019428)
[W : PPU[1] Thread (CPUThread)[0x015ef118]]: memory warning: sys_mmapper_map_memory(start_addr=0xa300000, mem_id=0xb7, flags=0x40000)
[W : PPU[1] Thread (CPUThread)[0x015ef118]]: memory mapped 0x3a400000 to 0xa300000 size=0x100000
[W : PPU[1] Thread (CPUThread)[0x015ef0f4]]: memory warning: sys_mmapper_allocate_memory(size=0x100000, flags=0x400, mem_id_addr=0x101942c)
[W : PPU[1] Thread (CPUThread)[0x015ef118]]: memory warning: sys_mmapper_map_memory(start_addr=0xa400000, mem_id=0xb8, flags=0x40000)
[W : PPU[1] Thread (CPUThread)[0x015ef118]]: memory mapped 0x3a500000 to 0xa400000 size=0x100000
[W : PPU[1] Thread (CPUThread)[0x015ef0f4]]: memory warning: sys_mmapper_allocate_memory(size=0x100000, flags=0x400, mem_id_addr=0x1019430)
[W : PPU[1] Thread (CPUThread)[0x015ef118]]: memory warning: sys_mmapper_map_memory(start_addr=0xa500000, mem_id=0xb9, flags=0x40000)
[W : PPU[1] Thread (CPUThread)[0x015ef118]]: memory mapped 0x3a600000 to 0xa500000 size=0x100000
[W : PPU[1] Thread (CPUThread)[0x015ef0f4]]: memory warning: sys_mmapper_allocate_memory(size=0x100000, flags=0x400, mem_id_addr=0x1019434)
[W : PPU[1] Thread (CPUThread)[0x015ef118]]: memory warning: sys_mmapper_map_memory(start_addr=0xa600000, mem_id=0xba, flags=0x40000)
[W : PPU[1] Thread (CPUThread)[0x015ef118]]: memory mapped 0x3a700000 to 0xa600000 size=0x100000
[W : PPU[1] Thread (CPUThread)[0x015ef0f4]]: memory warning: sys_mmapper_allocate_memory(size=0x100000, flags=0x400, mem_id_addr=0x1019438)
[W : PPU[1] Thread (CPUThread)[0x015ef118]]: memory warning: sys_mmapper_map_memory(start_addr=0xa700000, mem_id=0xbb, flags=0x40000)
[W : PPU[1] Thread (CPUThread)[0x015ef118]]: memory mapped 0x3a800000 to 0xa700000 size=0x100000
[W : PPU[1] Thread (CPUThread)[0x015ef0f4]]: memory warning: sys_mmapper_allocate_memory(size=0x100000, flags=0x400, mem_id_addr=0x101943c)
[W : PPU[1] Thread (CPUThread)[0x015ef118]]: memory warning: sys_mmapper_map_memory(start_addr=0xa800000, mem_id=0xbc, flags=0x40000)
[W : PPU[1] Thread (CPUThread)[0x015ef118]]: memory mapped 0x3a900000 to 0xa800000 size=0x100000
[W : PPU[1] Thread (CPUThread)[0x015ef0f4]]: memory warning: sys_mmapper_allocate_memory(size=0x100000, flags=0x400, mem_id_addr=0x1019440)
[W : PPU[1] Thread (CPUThread)[0x015ef118]]: memory warning: sys_mmapper_map_memory(start_addr=0xa900000, mem_id=0xbd, flags=0x40000)
[W : PPU[1] Thread (CPUThread)[0x015ef118]]: memory mapped 0x3aa00000 to 0xa900000 size=0x100000
[W : PPU[1] Thread (CPUThread)[0x015ef0f4]]: memory warning: sys_mmapper_allocate_memory(size=0x100000, flags=0x400, mem_id_addr=0x1019444)
[W : PPU[1] Thread (CPUThread)[0x015ef118]]: memory warning: sys_mmapper_map_memory(start_addr=0xaa00000, mem_id=0xbe, flags=0x40000)
[W : PPU[1] Thread (CPUThread)[0x015ef118]]: memory mapped 0x3ab00000 to 0xaa00000 size=0x100000
[W : PPU[1] Thread (CPUThread)[0x015ef0f4]]: memory warning: sys_mmapper_allocate_memory(size=0x100000, flags=0x400, mem_id_addr=0x1019448)
[W : PPU[1] Thread (CPUThread)[0x015ef118]]: memory warning: sys_mmapper_map_memory(start_addr=0xab00000, mem_id=0xbf, flags=0x40000)
[W : PPU[1] Thread (CPUThread)[0x015ef118]]: memory mapped 0x3ac00000 to 0xab00000 size=0x100000
[W : PPU[1] Thread (CPUThread)[0x015ef0f4]]: memory warning: sys_mmapper_allocate_memory(size=0x100000, flags=0x400, mem_id_addr=0x101944c)
[W : PPU[1] Thread (CPUThread)[0x015ef118]]: memory warning: sys_mmapper_map_memory(start_addr=0xac00000, mem_id=0xc0, flags=0x40000)
[W : PPU[1] Thread (CPUThread)[0x015ef118]]: memory mapped 0x3ad00000 to 0xac00000 size=0x100000
[W : PPU[1] Thread (CPUThread)[0x015ef0f4]]: memory warning: sys_mmapper_allocate_memory(size=0x100000, flags=0x400, mem_id_addr=0x1019450)
[W : PPU[1] Thread (CPUThread)[0x015ef118]]: memory warning: sys_mmapper_map_memory(start_addr=0xad00000, mem_id=0xc1, flags=0x40000)
[W : PPU[1] Thread (CPUThread)[0x015ef118]]: memory mapped 0x3ae00000 to 0xad00000 size=0x100000
[W : PPU[1] Thread (CPUThread)[0x015ef0f4]]: memory warning: sys_mmapper_allocate_memory(size=0x100000, flags=0x400, mem_id_addr=0x1019454)
[W : PPU[1] Thread (CPUThread)[0x015ef118]]: memory warning: sys_mmapper_map_memory(start_addr=0xae00000, mem_id=0xc2, flags=0x40000)
[W : PPU[1] Thread (CPUThread)[0x015ef118]]: memory mapped 0x3af00000 to 0xae00000 size=0x100000
[W : PPU[1] Thread (CPUThread)[0x015ef0f4]]: memory warning: sys_mmapper_allocate_memory(size=0x100000, flags=0x400, mem_id_addr=0x1019458)
[W : PPU[1] Thread (CPUThread)[0x015ef118]]: memory warning: sys_mmapper_map_memory(start_addr=0xaf00000, mem_id=0xc3, flags=0x40000)
[W : PPU[1] Thread (CPUThread)[0x015ef118]]: memory mapped 0x3b000000 to 0xaf00000 size=0x100000
[W : PPU[1] Thread (CPUThread)[0x015ef0f4]]: memory warning: sys_mmapper_allocate_memory(size=0x100000, flags=0x400, mem_id_addr=0x101945c)
[W : PPU[1] Thread (CPUThread)[0x015ef118]]: memory warning: sys_mmapper_map_memory(start_addr=0xb000000, mem_id=0xc4, flags=0x40000)
[W : PPU[1] Thread (CPUThread)[0x015ef118]]: memory mapped 0x3b100000 to 0xb000000 size=0x100000
[W : PPU[1] Thread (CPUThread)[0x015ef0f4]]: memory warning: sys_mmapper_allocate_memory(size=0x100000, flags=0x400, mem_id_addr=0x1019460)
[W : PPU[1] Thread (CPUThread)[0x015ef118]]: memory warning: sys_mmapper_map_memory(start_addr=0xb100000, mem_id=0xc5, flags=0x40000)
[W : PPU[1] Thread (CPUThread)[0x015ef118]]: memory mapped 0x3b200000 to 0xb100000 size=0x100000
[W : PPU[1] Thread (CPUThread)[0x015ef0f4]]: memory warning: sys_mmapper_allocate_memory(size=0x100000, flags=0x400, mem_id_addr=0x1019464)
[W : PPU[1] Thread (CPUThread)[0x015ef118]]: memory warning: sys_mmapper_map_memory(start_addr=0xb200000, mem_id=0xc6, flags=0x40000)
[W : PPU[1] Thread (CPUThread)[0x015ef118]]: memory mapped 0x3b300000 to 0xb200000 size=0x100000
[W : PPU[1] Thread (CPUThread)[0x015ef0f4]]: memory warning: sys_mmapper_allocate_memory(size=0x100000, flags=0x400, mem_id_addr=0x1019468)
[W : PPU[1] Thread (CPUThread)[0x015ef118]]: memory warning: sys_mmapper_map_memory(start_addr=0xb300000, mem_id=0xc7, flags=0x40000)
[W : PPU[1] Thread (CPUThread)[0x015ef118]]: memory mapped 0x3b400000 to 0xb300000 size=0x100000
[W : PPU[1] Thread (CPUThread)[0x015ef0f4]]: memory warning: sys_mmapper_allocate_memory(size=0x100000, flags=0x400, mem_id_addr=0x101946c)
[W : PPU[1] Thread (CPUThread)[0x015ef118]]: memory warning: sys_mmapper_map_memory(start_addr=0xb400000, mem_id=0xc8, flags=0x40000)
[W : PPU[1] Thread (CPUThread)[0x015ef118]]: memory mapped 0x3b500000 to 0xb400000 size=0x100000
[W : PPU[1] Thread (CPUThread)[0x015ef0f4]]: memory warning: sys_mmapper_allocate_memory(size=0x100000, flags=0x400, mem_id_addr=0x1019470)
[W : PPU[1] Thread (CPUThread)[0x015ef118]]: memory warning: sys_mmapper_map_memory(start_addr=0xb500000, mem_id=0xc9, flags=0x40000)
[W : PPU[1] Thread (CPUThread)[0x015ef118]]: memory mapped 0x3b600000 to 0xb500000 size=0x100000
[W : PPU[1] Thread (CPUThread)[0x015ef0f4]]: memory warning: sys_mmapper_allocate_memory(size=0x100000, flags=0x400, mem_id_addr=0x1019474)
[W : PPU[1] Thread (CPUThread)[0x015ef118]]: memory warning: sys_mmapper_map_memory(start_addr=0xb600000, mem_id=0xca, flags=0x40000)
[W : PPU[1] Thread (CPUThread)[0x015ef118]]: memory mapped 0x3b700000 to 0xb600000 size=0x100000
[W : PPU[1] Thread (CPUThread)[0x015ef0f4]]: memory warning: sys_mmapper_allocate_memory(size=0x100000, flags=0x400, mem_id_addr=0x1019478)
[W : PPU[1] Thread (CPUThread)[0x015ef118]]: memory warning: sys_mmapper_map_memory(start_addr=0xb700000, mem_id=0xcb, flags=0x40000)
[W : PPU[1] Thread (CPUThread)[0x015ef118]]: memory mapped 0x3b800000 to 0xb700000 size=0x100000
[W : PPU[1] Thread (CPUThread)[0x00816000]]: memory warning: sys_memory_get_user_memory_size(mem_info_addr=0xd0020688)
[W : PPU[1] Thread (CPUThread)[0x015cd0a0]]: cellSpurs warning: cellSpursAttributeInitialize(attr_addr=0xd00203d0, nSpus=2, spuPriority=3342336, ppuPriority=1, exitIfNoWork=99)
[W : PPU[1] Thread (CPUThread)[0x015cd0c4]]: cellSpurs warning: cellSpursAttributeSetSpuThreadGroupType(attr_addr=0xd00203d0, type=0)
[E : PPU[1] Thread (CPUThread)[0x015cd0d0]]: TODO: cellSpursInitializeWithAttribute
[W : PPU[1] Thread (CPUThread)[0x015cd01c]]: cellSpurs warning: cellSpursGetInfo(spurs_addr=0x1314b00, info_addr=0xd0020220)
[E : PPU[1] Thread (CPUThread)[0x00930d4c]]: Trap! (tw 1f, r0, r0) #pc: 0x930d4c
[! : PPU[1] Thread (CPUThread)[0x00930d4c]]: r0 = 0x930d48
[! : PPU[1] Thread (CPUThread)[0x00930d4c]]: r1 = 0xd0020190
[! : PPU[1] Thread (CPUThread)[0x00930d4c]]: r2 = 0xf3a328
[! : PPU[1] Thread (CPUThread)[0x00930d4c]]: r3 = 0x81
[! : PPU[1] Thread (CPUThread)[0x00930d4c]]: r4 = 0x1055223
[! : PPU[1] Thread (CPUThread)[0x00930d4c]]: r5 = 0xffffffffffffffff
[! : PPU[1] Thread (CPUThread)[0x00930d4c]]: r6 = 0xd001fcf0
[! : PPU[1] Thread (CPUThread)[0x00930d4c]]: r7 = 0x9002
[! : PPU[1] Thread (CPUThread)[0x00930d4c]]: r8 = 0x1055223
[! : PPU[1] Thread (CPUThread)[0x00930d4c]]: r9 = 0x0
[! : PPU[1] Thread (CPUThread)[0x00930d4c]]: r10 = 0x1431da8
[! : PPU[1] Thread (CPUThread)[0x00930d4c]]: r11 = 0xd0020190
[! : PPU[1] Thread (CPUThread)[0x00930d4c]]: r12 = 0x15ee008
[! : PPU[1] Thread (CPUThread)[0x00930d4c]]: r13 = 0x30007060
[! : PPU[1] Thread (CPUThread)[0x00930d4c]]: r14 = 0x0
[! : PPU[1] Thread (CPUThread)[0x00930d4c]]: r15 = 0x0
[! : PPU[1] Thread (CPUThread)[0x00930d4c]]: r16 = 0x0
[! : PPU[1] Thread (CPUThread)[0x00930d4c]]: r17 = 0x0
[! : PPU[1] Thread (CPUThread)[0x00930d4c]]: r18 = 0x0
[! : PPU[1] Thread (CPUThread)[0x00930d4c]]: r19 = 0x0
[! : PPU[1] Thread (CPUThread)[0x00930d4c]]: r20 = 0x0
[! : PPU[1] Thread (CPUThread)[0x00930d4c]]: r21 = 0x0
[! : PPU[1] Thread (CPUThread)[0x00930d4c]]: r22 = 0x0
[! : PPU[1] Thread (CPUThread)[0x00930d4c]]: r23 = 0x0
[! : PPU[1] Thread (CPUThread)[0x00930d4c]]: r24 = 0x0
[! : PPU[1] Thread (CPUThread)[0x00930d4c]]: r25 = 0x0
[! : PPU[1] Thread (CPUThread)[0x00930d4c]]: r26 = 0x2dc
[! : PPU[1] Thread (CPUThread)[0x00930d4c]]: r27 = 0x1316500
[! : PPU[1] Thread (CPUThread)[0x00930d4c]]: r28 = 0x0
[! : PPU[1] Thread (CPUThread)[0x00930d4c]]: r29 = 0xd227e0
[! : PPU[1] Thread (CPUThread)[0x00930d4c]]: r30 = 0x0
[! : PPU[1] Thread (CPUThread)[0x00930d4c]]: r31 = 0xd0020190
[! : PPU[1] Thread (CPUThread)[0x00930d4c]]: f0 = 0.000000
[! : PPU[1] Thread (CPUThread)[0x00930d4c]]: f1 = 0.000000
[! : PPU[1] Thread (CPUThread)[0x00930d4c]]: f2 = 0.000000
[! : PPU[1] Thread (CPUThread)[0x00930d4c]]: f3 = 0.000000
[! : PPU[1] Thread (CPUThread)[0x00930d4c]]: f4 = 0.000000
[! : PPU[1] Thread (CPUThread)[0x00930d4c]]: f5 = 0.000000
[! : PPU[1] Thread (CPUThread)[0x00930d4c]]: f6 = 0.000000
[! : PPU[1] Thread (CPUThread)[0x00930d4c]]: f7 = 0.000000
[! : PPU[1] Thread (CPUThread)[0x00930d4c]]: f8 = 0.000000
[! : PPU[1] Thread (CPUThread)[0x00930d4c]]: f9 = 0.000000
[! : PPU[1] Thread (CPUThread)[0x00930d4c]]: f10 = 0.000000
[! : PPU[1] Thread (CPUThread)[0x00930d4c]]: f11 = 0.000000
[! : PPU[1] Thread (CPUThread)[0x00930d4c]]: f12 = 0.000000
[! : PPU[1] Thread (CPUThread)[0x00930d4c]]: f13 = 0.000000
[! : PPU[1] Thread (CPUThread)[0x00930d4c]]: f14 = 0.000000
[! : PPU[1] Thread (CPUThread)[0x00930d4c]]: f15 = 0.000000
[! : PPU[1] Thread (CPUThread)[0x00930d4c]]: f16 = 0.000000
[! : PPU[1] Thread (CPUThread)[0x00930d4c]]: f17 = 0.000000
[! : PPU[1] Thread (CPUThread)[0x00930d4c]]: f18 = 0.000000
[! : PPU[1] Thread (CPUThread)[0x00930d4c]]: f19 = 0.000000
[! : PPU[1] Thread (CPUThread)[0x00930d4c]]: f20 = 0.000000
[! : PPU[1] Thread (CPUThread)[0x00930d4c]]: f21 = 0.000000
[! : PPU[1] Thread (CPUThread)[0x00930d4c]]: f22 = 0.000000
[! : PPU[1] Thread (CPUThread)[0x00930d4c]]: f23 = 0.000000
[! : PPU[1] Thread (CPUThread)[0x00930d4c]]: f24 = 0.000000
[! : PPU[1] Thread (CPUThread)[0x00930d4c]]: f25 = 0.000000
[! : PPU[1] Thread (CPUThread)[0x00930d4c]]: f26 = 0.000000
[! : PPU[1] Thread (CPUThread)[0x00930d4c]]: f27 = 0.000000
[! : PPU[1] Thread (CPUThread)[0x00930d4c]]: f28 = 0.000000
[! : PPU[1] Thread (CPUThread)[0x00930d4c]]: f29 = 0.000000
[! : PPU[1] Thread (CPUThread)[0x00930d4c]]: f30 = 0.000000
[! : PPU[1] Thread (CPUThread)[0x00930d4c]]: f31 = 0.000000
[! : PPU[1] Thread (CPUThread)[0x00930d4c]]: v0 = 0x00000000000000000000000000000000 [x: 0 y: 0 z: 0 w: 0]
[! : PPU[1] Thread (CPUThread)[0x00930d4c]]: v1 = 0x00000000000000000000000000000000 [x: 0 y: 0 z: 0 w: 0]
[! : PPU[1] Thread (CPUThread)[0x00930d4c]]: v2 = 0x00000752000007520000075200000752 [x: 2.62603e-042 y: 2.62603e-042 z: 2.62603e-042 w: 2.62603e-042]
[! : PPU[1] Thread (CPUThread)[0x00930d4c]]: v3 = 0x41200000412000004120000041200000 [x: 10 y: 10 z: 10 w: 10]
[! : PPU[1] Thread (CPUThread)[0x00930d4c]]: v4 = 0x430555553dcccccd0000000000000000 [x: 133.333 y: 0.1 z: 0 w: 0]
[! : PPU[1] Thread (CPUThread)[0x00930d4c]]: v5 = 0x00000000000000000000000000000000 [x: 0 y: 0 z: 0 w: 0]
[! : PPU[1] Thread (CPUThread)[0x00930d4c]]: v6 = 0x00000000000000000000000000000000 [x: 0 y: 0 z: 0 w: 0]
[! : PPU[1] Thread (CPUThread)[0x00930d4c]]: v7 = 0x00000000000000000000000000000000 [x: 0 y: 0 z: 0 w: 0]
[! : PPU[1] Thread (CPUThread)[0x00930d4c]]: v8 = 0x00000000000000000000000000000000 [x: 0 y: 0 z: 0 w: 0]
[! : PPU[1] Thread (CPUThread)[0x00930d4c]]: v9 = 0x00000000000000000000000000000000 [x: 0 y: 0 z: 0 w: 0]
[! : PPU[1] Thread (CPUThread)[0x00930d4c]]: v10 = 0x00000000000000000000000000000000 [x: 0 y: 0 z: 0 w: 0]
[! : PPU[1] Thread (CPUThread)[0x00930d4c]]: v11 = 0x00000000000000000000000000000000 [x: 0 y: 0 z: 0 w: 0]
[! : PPU[1] Thread (CPUThread)[0x00930d4c]]: v12 = 0x00000000000000000000000000000000 [x: 0 y: 0 z: 0 w: 0]
[! : PPU[1] Thread (CPUThread)[0x00930d4c]]: v13 = 0x00000000000000000000000000000000 [x: 0 y: 0 z: 0 w: 0]
[! : PPU[1] Thread (CPUThread)[0x00930d4c]]: v14 = 0x00000000000000000000000000000000 [x: 0 y: 0 z: 0 w: 0]
[! : PPU[1] Thread (CPUThread)[0x00930d4c]]: v15 = 0x00000000000000000000000000000000 [x: 0 y: 0 z: 0 w: 0]
[! : PPU[1] Thread (CPUThread)[0x00930d4c]]: v16 = 0x00000000000000000000000000000000 [x: 0 y: 0 z: 0 w: 0]
[! : PPU[1] Thread (CPUThread)[0x00930d4c]]: v17 = 0x00000000000000000000000000000000 [x: 0 y: 0 z: 0 w: 0]
[! : PPU[1] Thread (CPUThread)[0x00930d4c]]: v18 = 0x00000000000000000000000000000000 [x: 0 y: 0 z: 0 w: 0]
[! : PPU[1] Thread (CPUThread)[0x00930d4c]]: v19 = 0x00000000000000000000000000000000 [x: 0 y: 0 z: 0 w: 0]
[! : PPU[1] Thread (CPUThread)[0x00930d4c]]: v20 = 0x00000000000000000000000000000000 [x: 0 y: 0 z: 0 w: 0]
[! : PPU[1] Thread (CPUThread)[0x00930d4c]]: v21 = 0x00000000000000000000000000000000 [x: 0 y: 0 z: 0 w: 0]
[! : PPU[1] Thread (CPUThread)[0x00930d4c]]: v22 = 0x00000000000000000000000000000000 [x: 0 y: 0 z: 0 w: 0]
[! : PPU[1] Thread (CPUThread)[0x00930d4c]]: v23 = 0x00000000000000000000000000000000 [x: 0 y: 0 z: 0 w: 0]
[! : PPU[1] Thread (CPUThread)[0x00930d4c]]: v24 = 0x00000000000000000000000000000000 [x: 0 y: 0 z: 0 w: 0]
[! : PPU[1] Thread (CPUThread)[0x00930d4c]]: v25 = 0x00000000000000000000000000000000 [x: 0 y: 0 z: 0 w: 0]
[! : PPU[1] Thread (CPUThread)[0x00930d4c]]: v26 = 0x00000000000000000000000000000000 [x: 0 y: 0 z: 0 w: 0]
[! : PPU[1] Thread (CPUThread)[0x00930d4c]]: v27 = 0x00000000000000000000000000000000 [x: 0 y: 0 z: 0 w: 0]
[! : PPU[1] Thread (CPUThread)[0x00930d4c]]: v28 = 0x00000000000000000000000000000000 [x: 0 y: 0 z: 0 w: 0]
[! : PPU[1] Thread (CPUThread)[0x00930d4c]]: v29 = 0x3f0000003f0000003f0000003f000000 [x: 0.5 y: 0.5 z: 0.5 w: 0.5]
[! : PPU[1] Thread (CPUThread)[0x00930d4c]]: v30 = 0x00000000000000000000000000000000 [x: 0 y: 0 z: 0 w: 0]
[! : PPU[1] Thread (CPUThread)[0x00930d4c]]: v31 = 0x00000000000000000000000000000000 [x: 0 y: 0 z: 0 w: 0]
[! : PPU[1] Thread (CPUThread)[0x00930d4c]]: CR = 0x48000082
[! : PPU[1] Thread (CPUThread)[0x00930d4c]]: LR = 0x930d48
[! : PPU[1] Thread (CPUThread)[0x00930d4c]]: CTR = 0x15ef00c
[! : PPU[1] Thread (CPUThread)[0x00930d4c]]: XER = 0x0 [CA=0 | OV=0 | SO=0]
[! : PPU[1] Thread (CPUThread)[0x00930d4c]]: FPSCR = 0x82002000 [RN=0 | NI=0 | XE=0 | ZE=0 | UE=0 | OE=0 | VE=0 | VXCVI=0 | VXSQRT=0 | VXSOFT=0 | FPRF=2 | FI=0 | FR=0 | VXVC=0 | VXIMZ=0 | VXZDZ=0 | VXIDI=0 | VXISI=0 | VXSNAN=0 | XX=1 | ZX=0 | UX=0 | OX=0 | VX=0 | FEX=0 | FX=1]
[!]: Closing memory...
