[!]: path: /dev_hdd0/game/
[!]: Loading 'D:\Emulateurs\Rpcs3\dev_hdd0\game\BCES00701-[ModNation Racers]/PS3_GAME/USRDIR/BOOT.BIN'...
[!]: Mount info:
[!]: /dev_hdd0/ -> D:\Emulateurs\Rpcs3/dev_hdd0/
[!]: /dev_hdd1/ -> D:\Emulateurs\Rpcs3/dev_hdd1/
[!]: /dev_flash/ -> D:\Emulateurs\Rpcs3/dev_flash/
[!]: /dev_usb000/ -> D:\Emulateurs\Rpcs3/dev_usb000/
[!]: /dev_usb/ -> D:\Emulateurs\Rpcs3/dev_usb000/
[!]: /app_home/ -> D:\Emulateurs\Rpcs3\dev_hdd0\game\BCES00701-[ModNation Racers]/PS3_GAME/
[!]: /dev_bdvd/ -> D:\Emulateurs\Rpcs3\dev_hdd0\game\BCES00701-[ModNation Racers]/PS3_GAME//../
[!]: /host_root/ -> 
[!]: / -> D:\Emulateurs\Rpcs3\dev_hdd0\game\BCES00701-[ModNation Racers]/PS3_GAME//USRDIR/
[!]: Initing memory...
[!]: Memory initialized.
[W]: Unknown function 0x12d9b6c5 in 'cellJpgEnc' module
[E]: TODO: cellJpgEncQueryAttr
[W]: Unknown function 0x2ae79be8 in 'cellJpgEnc' module
[E]: TODO: cellJpgEncWaitForInput
[W]: Unknown function 0x4262e880 in 'cellJpgEnc' module
[E]: TODO: cellJpgEncGetStreamInfo
[W]: Unknown function 0x636dc89e in 'cellJpgEnc' module
[E]: TODO: cellJpgEncEncodePicture2
[W]: Unknown function 0x969fc5f7 in 'cellJpgEnc' module
[E]: TODO: cellJpgEncClose
[W]: Unknown function 0x9b4e3a74 in 'cellJpgEnc' module
[E]: TODO: cellJpgEncWaitForOutput
[W]: Unknown function 0xa4bfae51 in 'cellJpgEnc' module
[E]: TODO: cellJpgEncOpen
[W]: Unknown function 0x117cd726 in 'cellPngEnc' module
[E]: TODO: cellPngEncClose
[W]: Unknown function 0x496cfcd0 in 'cellPngEnc' module
[E]: TODO: cellPngEncQueryAttr
[W]: Unknown function 0x585269bc in 'cellPngEnc' module
[E]: TODO: cellPngEncGetStreamInfo
[W]: Unknown function 0x5b546ca4 in 'cellPngEnc' module
[E]: TODO: cellPngEncEncodePicture
[W]: Unknown function 0x662bd637 in 'cellPngEnc' module
[E]: TODO: cellPngEncWaitForInput
[W]: Unknown function 0x90ef2963 in 'cellPngEnc' module
[E]: TODO: cellPngEncWaitForOutput
[W]: Unknown function 0xc82558ce in 'cellPngEnc' module
[E]: TODO: cellPngEncOpenEx
[W]: Unknown function 0x20543730 in 'cellSysutil' module
[E]: TODO: cellMsgDialogClose
[W]: Unknown function 0x3d1e1931 in 'cellSysutil' module
[E]: TODO: cellOskDialogUnloadAsync
[W]: Unknown function 0x52aac4fa in 'cellSysutil' module
[E]: TODO: cellSaveDataUserAutoSave
[W]: Unknown function 0x6cfd856f in 'cellSysutil' module
[E]: TODO: cellSysutilGetBgmPlaybackStatus2
[W]: Unknown function 0x7bc2c8a8 in 'cellSysutil' module
[E]: TODO: cellMsgDialogProgressBarReset
[W]: Unknown function 0x7f21c918 in 'cellSysutil' module
[E]: TODO: cellOskDialogAddSupportLanguage
[W]: Unknown function 0x7fcfc915 in 'cellSysutil' module
[E]: TODO: cellOskDialogLoadAsync
[W]: Unknown function 0x94862702 in 'cellSysutil' module
[E]: TODO: cellMsgDialogProgressBarInc
[W]: Unknown function 0xac58ad2b in 'cellSysutil' module
[E]: TODO: cellSysutilEnableBgmPlaybackEx
[W]: Unknown function 0xb53c54fa in 'cellSysutil' module
[E]: TODO: cellOskDialogSetKeyLayoutOption
[W]: Unknown function 0xb6d84526 in 'cellSysutil' module
[E]: TODO: cellOskDialogAbort
[W]: Unknown function 0xc427890c in 'cellSysutil' module
[E]: TODO: cellOskDialogSetInitialKeyLayout
[W]: Unknown function 0xcdc6aefd in 'cellSysutil' module
[E]: TODO: cellSaveDataUserAutoLoad
[W]: Unknown function 0xcfdd8e87 in 'cellSysutil' module
[E]: TODO: cellSysutilDisableBgmPlayback
[W]: Unknown function 0xd3790a86 in 'cellSysutil' module
[E]: TODO: cellOskDialogSetDeviceMask
[W]: Unknown function 0xf0ec3ccc in 'cellSysutil' module
[E]: TODO: cellOskDialogSetLayoutMode
[W]: Unknown function 0xa11552f6 in 'cellSysutil' module
[E]: TODO: cellSysutilGetBgmPlaybackStatus
[W]: Unknown function 0x8b7ed64b in 'cellSysutil' module
[E]: TODO: cellSaveDataAutoSave2
[W]: Unknown function 0xfbd5c856 in 'cellSysutil' module
[E]: TODO: cellSaveDataAutoLoad2
[W]: Unknown function 0xbef554a4 in 'sys_fs' module
[E]: TODO: cellFsUtime
[W]: Unknown function 0x71f4c717 in 'sys_net' module
[E]: TODO: gethostbyname
[W]: Unknown function 0xdabbc2c0 in 'sys_net' module
[E]: TODO: inet_addr
[W]: Unknown function 0x28e208bb in 'sys_net' module
[E]: TODO: listen
[W]: Unknown function 0x3f09e20a in 'sys_net' module
[E]: TODO: socketselect
[W]: Unknown function 0x858a930b in 'sys_net' module
[E]: TODO: inet_ntoa
[W]: Unknown function 0xa9a079e0 in 'sys_net' module
[E]: TODO: inet_aton
[W]: Unknown function 0x051ee3ee in 'sys_net' module
[E]: TODO: socketpoll
[W]: Unknown function 0xf9ec2db6 in 'sys_net' module
[E]: TODO: getpeername
[W]: Unknown function 0xfe37a7f4 in 'sceNp' module
[E]: TODO: sceNpManagerGetNpId
[W]: Unknown function 0x01fbbc9b in 'sceNp' module
[E]: TODO: sceNpBasicSendMessageGui
[W]: Unknown function 0x0968aa36 in 'sceNp' module
[E]: TODO: sceNpManagerGetTicket
[W]: Unknown function 0x1ae8a549 in 'sceNp' module
[E]: TODO: sceNpBasicAddBlockListEntry
[W]: Unknown function 0x27c69eba in 'sceNp' module
[E]: TODO: sceNpBasicAddFriend
[W]: Unknown function 0x32c78a6a in 'sceNp' module
[E]: TODO: sceNpBasicGetFriendPresenceByIndex
[W]: Unknown function 0x4026eac5 in 'sceNp' module
[E]: TODO: sceNpBasicRegisterContextSensitiveHandler
[W]: Unknown function 0x481ce0e8 in 'sceNp' module
[E]: TODO: sceNpBasicAbortGui
[W]: Unknown function 0x52a6b523 in 'sceNp' module
[E]: TODO: sceNpManagerUnregisterCallback
[W]: Unknown function 0x5de61626 in 'sceNp' module
[E]: TODO: sceNpLookupDestroyTitleCtx
[W]: Unknown function 0x5f2d9257 in 'sceNp' module
[E]: TODO: sceNpLookupInit
[W]: Unknown function 0x60897c38 in 'sceNp' module
[E]: TODO: sceNpSignalingActivateConnection
[W]: Unknown function 0x6356082e in 'sceNp' module
[E]: TODO: sceNpSignalingCreateCtx
[W]: Unknown function 0x64a704cc in 'sceNp' module
[E]: TODO: sceNpBasicRecvMessageAttachmentLoad
[W]: Unknown function 0x6ee62ed2 in 'sceNp' module
[E]: TODO: sceNpManagerGetContentRatingFlag
[W]: Unknown function 0x73931bd0 in 'sceNp' module
[E]: TODO: sceNpBasicGetBlockListEntryCount
[W]: Unknown function 0x7508112e in 'sceNp' module
[E]: TODO: sceNpLookupPollAsync
[W]: Unknown function 0x806960ab in 'sceNp' module
[E]: TODO: sceNpBasicRecvMessageCustom
[W]: Unknown function 0x8297f1ec in 'sceNp' module
[E]: TODO: sceNpManagerRequestTicket2
[W]: Unknown function 0x8440537c in 'sceNp' module
[E]: TODO: sceNpLookupTerm
[W]: Unknown function 0x95c7bba3 in 'sceNp' module
[E]: TODO: sceNpSignalingTerminateConnection
[W]: Unknown function 0xa15f35fe in 'sceNp' module
[E]: TODO: sceNpBasicGetPlayersHistoryEntryCount
[W]: Unknown function 0xa8cf8451 in 'sceNp' module
[E]: TODO: sceNpSignalingDestroyCtx
[W]: Unknown function 0xacb9ee8e in 'sceNp' module
[E]: TODO: sceNpBasicUnregisterHandler
[W]: Unknown function 0xafef640d in 'sceNp' module
[E]: TODO: sceNpBasicGetFriendListEntryCount
[W]: Unknown function 0xbab91fc9 in 'sceNp' module
[E]: TODO: sceNpBasicGetPlayersHistoryEntry
[W]: Unknown function 0xbcdbb2ab in 'sceNp' module
[E]: TODO: sceNpBasicAddPlayersHistoryAsync
[W]: Unknown function 0xbe81c71c in 'sceNp' module
[E]: TODO: sceNpBasicSetPresenceDetails
[W]: Unknown function 0xca0a2d04 in 'sceNp' module
[E]: TODO: sceNpSignalingGetConnectionStatus
[W]: Unknown function 0xce81c7f0 in 'sceNp' module
[E]: TODO: sceNpLookupCreateTitleCtx
[W]: Unknown function 0xd12e40ae in 'sceNp' module
[E]: TODO: sceNpLookupNpIdAsync
[W]: Unknown function 0xd208f91d in 'sceNp' module
[E]: TODO: sceNpUtilCmpNpId
[W]: Unknown function 0xe035f7d6 in 'sceNp' module
[E]: TODO: sceNpBasicGetEvent
[W]: Unknown function 0xe7dcd3b4 in 'sceNp' module
[E]: TODO: sceNpManagerRegisterCallback
[W]: Unknown function 0xea2e9ffc in 'sceNp' module
[E]: TODO: sceNpLookupCreateTransactionCtx
[W]: Unknown function 0xeb7a3d84 in 'sceNp' module
[E]: TODO: sceNpManagerGetChatRestrictionFlag
[W]: Unknown function 0xec0a1fbf in 'sceNp' module
[E]: TODO: sceNpBasicSendMessage
[W]: Unknown function 0xf0a9182b in 'sceNp' module
[E]: TODO: sceNpFriendlist
[W]: Unknown function 0xf2b3338a in 'sceNp' module
[E]: TODO: sceNpBasicGetBlockListEntry
[W]: Unknown function 0xf59e1da8 in 'sceNp' module
[E]: TODO: sceNpFriendlistAbortGui
[W]: Unknown function 0xfb87cf5e in 'sceNp' module
[E]: TODO: sceNpLookupDestroyTransactionCtx
[W]: Unknown function 0x36d0c2c5 in 'sceNp' module
[E]: TODO: sceNpManagerGetAvatarUrl
[W]: Unknown function 0x3f0808aa in 'sceNp' module
[E]: TODO: sceNpBasicSetPresence
[W]: Unknown function 0x7e2fef28 in 'sceNp' module
[E]: TODO: sceNpManagerRequestTicket
[W]: Unknown function 0xb1e0718b in 'sceNp' module
[E]: TODO: sceNpManagerGetAccountRegion
[W]: Unknown function 0xbcc09fe7 in 'sceNp' module
[E]: TODO: sceNpBasicRegisterHandler
[W]: Unknown function 0xbe07c708 in 'sceNp' module
[E]: TODO: sceNpManagerGetOnlineId
[W]: Unknown function 0x011ee38b in 'cellSpurs' module
[E]: TODO: _cellSpursLFQueueInitialize
[W]: Unknown function 0x16394a4e in 'cellSpurs' module
[E]: TODO: _cellSpursTasksetAttributeInitialize
[W]: Unknown function 0x1656d49f in 'cellSpurs' module
[E]: TODO: cellSpursLFQueueAttachLv2EventQueue
[W]: Unknown function 0x1d46fedf in 'cellSpurs' module
[E]: TODO: cellSpursCreateTaskWithAttribute
[W]: Unknown function 0x35dae22b in 'cellSpurs' module
[E]: TODO: _cellSpursLFQueuePopBody
[W]: Unknown function 0x652b70e2 in 'cellSpurs' module
[E]: TODO: cellSpursTasksetAttributeSetName
[W]: Unknown function 0x73e06f91 in 'cellSpurs' module
[E]: TODO: cellSpursLFQueueDetachLv2EventQueue
[W]: Unknown function 0x8a85674d in 'cellSpurs' module
[E]: TODO: _cellSpursLFQueuePushBody
[W]: Unknown function 0x8f122ef8 in 'cellSpurs' module
[E]: TODO: cellSpursTasksetAttributeSetTasksetSize
[W]: Unknown function 0x9f72add3 in 'cellSpurs' module
[E]: TODO: cellSpursJoinTaskset
[W]: Unknown function 0xa789e631 in 'cellSpurs' module
[E]: TODO: cellSpursShutdownTaskset
[W]: Unknown function 0xaa6269a8 in 'cellSpurs' module
[E]: TODO: cellSpursInitializeWithAttribute
[W]: Unknown function 0xb8474eff in 'cellSpurs' module
[E]: TODO: _cellSpursTaskAttributeInitialize
[W]: Unknown function 0xc10931cb in 'cellSpurs' module
[E]: TODO: cellSpursCreateTasksetWithAttribute
[W]: Unknown function 0x303c19cd in 'cellSpurs' module
[E]: TODO: cellSpursCreateJobChainWithAttribute
[W]: Unknown function 0x34552fa6 in 'cellSpurs' module
[E]: TODO: cellSpursTaskExitCodeInitialize
[W]: Unknown function 0x3548f483 in 'cellSpurs' module
[E]: TODO: _cellSpursJobChainAttributeInitialize
[W]: Unknown function 0x68aaeba9 in 'cellSpurs' module
[E]: TODO: cellSpursJobGuardInitialize
[W]: Unknown function 0x738e40e6 in 'cellSpurs' module
[E]: TODO: cellSpursShutdownJobChain
[W]: Unknown function 0xa121a224 in 'cellSpurs' module
[E]: TODO: cellSpursTaskAttributeSetExitCodeContainer
[W]: Unknown function 0xa7c066de in 'cellSpurs' module
[E]: TODO: cellSpursJoinJobChain
[W]: Unknown function 0xd5d0b256 in 'cellSpurs' module
[E]: TODO: cellSpursJobGuardNotify
[W]: Unknown function 0xf31731bb in 'cellSpurs' module
[E]: TODO: cellSpursRunJobChain
[W]: Unknown module 'cellPhotoUtility'
[W]: Unknown module 'sceNpCommerce2'
[W]: Unknown function 0x1650aea4 in 'cellSsl' module
[E]: TODO: cellSslEnd
[W]: Unknown function 0x571afaca in 'cellSsl' module
[E]: TODO: cellSslCertificateLoader
[W]: Unknown function 0xfb02c9d2 in 'cellSsl' module
[E]: TODO: cellSslInit
[W]: Unknown module 'cellHttp'
[W]: Unknown module 'cellOskExtUtility'
[W]: Unknown function 0x06be743d in 'cellFont' module
[E]: TODO: cellFontGetKerning
[W]: Unknown function 0xdd3b27ac in 'sysPrxForUser' module
[E]: TODO: _sys_spu_printf_finalize
[W]: Unknown function 0x0a563878 in 'cellVoice' module
[E]: TODO: cellVoiceStart
[W]: Unknown function 0x18d3df30 in 'cellVoice' module
[E]: TODO: cellVoiceDisconnectIPortFromOPort
[W]: Unknown function 0x2a01013e in 'cellVoice' module
[E]: TODO: cellVoiceCreateNotifyEventQueue
[W]: Unknown function 0x2de54871 in 'cellVoice' module
[E]: TODO: cellVoiceCreatePort
[W]: Unknown function 0x35d84910 in 'cellVoice' module
[E]: TODO: cellVoiceSetNotifyEventQueue
[W]: Unknown function 0x36472c57 in 'cellVoice' module
[E]: TODO: cellVoiceReadFromOPort
[W]: Unknown function 0x3dad26e7 in 'cellVoice' module
[E]: TODO: cellVoiceWriteToIPort
[W]: Unknown function 0x54ac3519 in 'cellVoice' module
[E]: TODO: cellVoiceGetPortInfo
[W]: Unknown function 0x762dc193 in 'cellVoice' module
[E]: TODO: cellVoiceGetVolume
[W]: Unknown function 0x9d0f4af1 in 'cellVoice' module
[E]: TODO: cellVoiceSetPortAttr
[W]: Unknown function 0x9f70c475 in 'cellVoice' module
[E]: TODO: cellVoiceDeletePort
[W]: Unknown function 0xae6a21d5 in 'cellVoice' module
[E]: TODO: cellVoiceConnectIPortToOPort
[W]: Unknown function 0xc7cf1182 in 'cellVoice' module
[E]: TODO: cellVoiceInit
[W]: Unknown function 0xd5ae37d8 in 'cellVoice' module
[E]: TODO: cellVoiceSetVolume
[W]: Unknown function 0xdd000886 in 'cellVoice' module
[E]: TODO: cellVoiceRemoveNotifyEventQueue
[W]: Unknown function 0xe0e1ae12 in 'cellVoice' module
[E]: TODO: cellVoiceEnd
[W : PPU[1] Thread (CPUThread)[0x0161b034]]: sys_lwmutex warning: *** lwmutex created [_lc_mtx] (attribute=0x12): sq_id = 3
[W : PPU[1] Thread (CPUThread)[0x0096f680]]: memory warning: sys_memory_get_user_memory_size(mem_info_addr=0xd0020c04)
[W : PPU[1] Thread (CPUThread)[0x0161b034]]: sys_lwmutex warning: *** lwmutex created [_lc_mtx] (attribute=0x12): sq_id = 4
[W : PPU[1] Thread (CPUThread)[0x0161b034]]: sys_lwmutex warning: *** lwmutex created [_lc_mtx] (attribute=0x12): sq_id = 5
[W : PPU[1] Thread (CPUThread)[0x0161b034]]: sys_lwmutex warning: *** lwmutex created [_lc_mtx] (attribute=0x12): sq_id = 6
[W : PPU[1] Thread (CPUThread)[0x0161b034]]: sys_lwmutex warning: *** lwmutex created [_lc_mtx] (attribute=0x12): sq_id = 7
[W : PPU[1] Thread (CPUThread)[0x0161b034]]: sys_lwmutex warning: *** lwmutex created [_lc_mtx] (attribute=0x12): sq_id = 8
[W : PPU[1] Thread (CPUThread)[0x0161b034]]: sys_lwmutex warning: *** lwmutex created [_lc_mtx] (attribute=0x12): sq_id = 9
[W : PPU[1] Thread (CPUThread)[0x0161b034]]: sys_lwmutex warning: *** lwmutex created [_lc_mtx] (attribute=0x12): sq_id = 10
[W : PPU[1] Thread (CPUThread)[0x0161b034]]: sys_lwmutex warning: *** lwmutex created [_lc_mtx] (attribute=0x12): sq_id = 11
[W : PPU[1] Thread (CPUThread)[0x0161b034]]: sys_lwmutex warning: *** lwmutex created [_lc_mtx] (attribute=0x12): sq_id = 12
[W : PPU[1] Thread (CPUThread)[0x0161b034]]: sys_lwmutex warning: *** lwmutex created [] (attribute=0x22): sq_id = 13
[W : PPU[1] Thread (CPUThread)[0x0161b034]]: sys_lwmutex warning: *** lwmutex created [] (attribute=0x22): sq_id = 14
[W : PPU[1] Thread (CPUThread)[0x0161b034]]: sys_lwmutex warning: *** lwmutex created [] (attribute=0x22): sq_id = 15
[W : PPU[1] Thread (CPUThread)[0x0161b034]]: sys_lwmutex warning: *** lwmutex created [] (attribute=0x22): sq_id = 16
[W : PPU[1] Thread (CPUThread)[0x0161b034]]: sys_lwmutex warning: *** lwmutex created [_lgcmtx] (attribute=0x12): sq_id = 17
[W : PPU[1] Thread (CPUThread)[0x0161b034]]: sys_lwmutex warning: *** lwmutex created [_lgcmtx] (attribute=0x22): sq_id = 18
[W : PPU[1] Thread (CPUThread)[0x00983bc8]]: sys_mutex warning: *** mutex created [] (protocol=0x1, recursive=false): id = 19
[W : PPU[1] Thread (CPUThread)[0x00983bc8]]: sys_mutex warning: *** mutex created [] (protocol=0x1, recursive=false): id = 20
[W : PPU[1] Thread (CPUThread)[0x0161b034]]: sys_lwmutex warning: *** lwmutex created [] (attribute=0x22): sq_id = 21
[W : PPU[1] Thread (CPUThread)[0x0161b034]]: sys_lwmutex warning: *** lwmutex created [] (attribute=0x11): sq_id = 22
[W : PPU[1] Thread (CPUThread)[0x0161b034]]: sys_lwmutex warning: *** lwmutex created [] (attribute=0x11): sq_id = 23
[W : PPU[1] Thread (CPUThread)[0x0161b034]]: sys_lwmutex warning: *** lwmutex created [] (attribute=0x11): sq_id = 24
[W : PPU[1] Thread (CPUThread)[0x0161b034]]: sys_lwmutex warning: *** lwmutex created [] (attribute=0x11): sq_id = 25
[W : PPU[1] Thread (CPUThread)[0x0161b034]]: sys_lwmutex warning: *** lwmutex created [] (attribute=0x11): sq_id = 26
[W : PPU[1] Thread (CPUThread)[0x0161b034]]: sys_lwmutex warning: *** lwmutex created [] (attribute=0x11): sq_id = 27
[W : PPU[1] Thread (CPUThread)[0x0161b034]]: sys_lwmutex warning: *** lwmutex created [] (attribute=0x11): sq_id = 28
[W : PPU[1] Thread (CPUThread)[0x007c8b10]]: memory warning: sys_memory_get_user_memory_size(mem_info_addr=0xd00209d0)
[W : PPU[1] Thread (CPUThread)[0x0161b034]]: sys_lwmutex warning: *** lwmutex created [] (attribute=0x22): sq_id = 29
[W : PPU[1] Thread (CPUThread)[0x0161b034]]: sys_lwmutex warning: *** lwmutex created [] (attribute=0x22): sq_id = 30
[W : PPU[1] Thread (CPUThread)[0x0161b034]]: sys_lwmutex warning: *** lwmutex created [] (attribute=0x22): sq_id = 31
[W : PPU[1] Thread (CPUThread)[0x0161b034]]: sys_lwmutex warning: *** lwmutex created [] (attribute=0x22): sq_id = 32
[W : PPU[1] Thread (CPUThread)[0x0161b034]]: sys_lwmutex warning: *** lwmutex created [] (attribute=0x22): sq_id = 33
[W : PPU[1] Thread (CPUThread)[0x0161b034]]: sys_lwmutex warning: *** lwmutex created [] (attribute=0x22): sq_id = 34
[W : PPU[1] Thread (CPUThread)[0x0161b034]]: sys_lwmutex warning: *** lwmutex created [] (attribute=0x22): sq_id = 35
[W : PPU[1] Thread (CPUThread)[0x0161b034]]: sys_lwmutex warning: *** lwmutex created [] (attribute=0x22): sq_id = 36
[W : PPU[1] Thread (CPUThread)[0x0161b034]]: sys_lwmutex warning: *** lwmutex created [] (attribute=0x22): sq_id = 37
[W : PPU[1] Thread (CPUThread)[0x0161b034]]: sys_lwmutex warning: *** lwmutex created [] (attribute=0x22): sq_id = 38
[W : PPU[1] Thread (CPUThread)[0x0161b034]]: sys_lwmutex warning: *** lwmutex created [] (attribute=0x22): sq_id = 39
[W : PPU[1] Thread (CPUThread)[0x0161b034]]: sys_lwmutex warning: *** lwmutex created [] (attribute=0x22): sq_id = 40
[W : PPU[1] Thread (CPUThread)[0x0161b034]]: sys_lwmutex warning: *** lwmutex created [] (attribute=0x22): sq_id = 41
[W : PPU[1] Thread (CPUThread)[0x0161b034]]: sys_lwmutex warning: *** lwmutex created [] (attribute=0x22): sq_id = 42
[W : PPU[1] Thread (CPUThread)[0x0161b034]]: sys_lwmutex warning: *** lwmutex created [] (attribute=0x22): sq_id = 43
[W : PPU[1] Thread (CPUThread)[0x0161b034]]: sys_lwmutex warning: *** lwmutex created [] (attribute=0x22): sq_id = 44
[W : PPU[1] Thread (CPUThread)[0x0161b034]]: sys_lwmutex warning: *** lwmutex created [] (attribute=0x22): sq_id = 45
[W : PPU[1] Thread (CPUThread)[0x0161b034]]: sys_lwmutex warning: *** lwmutex created [] (attribute=0x22): sq_id = 46
[W : PPU[1] Thread (CPUThread)[0x0161b034]]: sys_lwmutex warning: *** lwmutex created [] (attribute=0x22): sq_id = 47
[W : PPU[1] Thread (CPUThread)[0x0161b034]]: sys_lwmutex warning: *** lwmutex created [] (attribute=0x22): sq_id = 48
[W : PPU[1] Thread (CPUThread)[0x0161b034]]: sys_lwmutex warning: *** lwmutex created [] (attribute=0x22): sq_id = 49
[W : PPU[1] Thread (CPUThread)[0x0161b034]]: sys_lwmutex warning: *** lwmutex created [] (attribute=0x22): sq_id = 50
[W : PPU[1] Thread (CPUThread)[0x0161b034]]: sys_lwmutex warning: *** lwmutex created [] (attribute=0x22): sq_id = 51
[W : PPU[1] Thread (CPUThread)[0x0161b034]]: sys_lwmutex warning: *** lwmutex created [] (attribute=0x22): sq_id = 52
[W : PPU[1] Thread (CPUThread)[0x0161b034]]: sys_lwmutex warning: *** lwmutex created [] (attribute=0x22): sq_id = 53
[W : PPU[1] Thread (CPUThread)[0x0161b034]]: sys_lwmutex warning: *** lwmutex created [] (attribute=0x22): sq_id = 54
[W : PPU[1] Thread (CPUThread)[0x0161b034]]: sys_lwmutex warning: *** lwmutex created [] (attribute=0x22): sq_id = 55
[W : PPU[1] Thread (CPUThread)[0x0161b034]]: sys_lwmutex warning: *** lwmutex created [] (attribute=0x22): sq_id = 56
[W : PPU[1] Thread (CPUThread)[0x0161b034]]: sys_lwmutex warning: *** lwmutex created [] (attribute=0x22): sq_id = 57
[W : PPU[1] Thread (CPUThread)[0x0161b034]]: sys_lwmutex warning: *** lwmutex created [] (attribute=0x22): sq_id = 58
[W : PPU[1] Thread (CPUThread)[0x0161b034]]: sys_lwmutex warning: *** lwmutex created [] (attribute=0x22): sq_id = 59
[W : PPU[1] Thread (CPUThread)[0x0161b034]]: sys_lwmutex warning: *** lwmutex created [] (attribute=0x22): sq_id = 60
[W : PPU[1] Thread (CPUThread)[0x0161b034]]: sys_lwmutex warning: *** lwmutex created [] (attribute=0x22): sq_id = 61
[W : PPU[1] Thread (CPUThread)[0x0161b034]]: sys_lwmutex warning: *** lwmutex created [] (attribute=0x22): sq_id = 62
[W : PPU[1] Thread (CPUThread)[0x0161b034]]: sys_lwmutex warning: *** lwmutex created [] (attribute=0x22): sq_id = 63
[W : PPU[1] Thread (CPUThread)[0x0161b034]]: sys_lwmutex warning: *** lwmutex created [] (attribute=0x22): sq_id = 64
[W : PPU[1] Thread (CPUThread)[0x0161b034]]: sys_lwmutex warning: *** lwmutex created [] (attribute=0x22): sq_id = 65
[W : PPU[1] Thread (CPUThread)[0x0161b034]]: sys_lwmutex warning: *** lwmutex created [] (attribute=0x22): sq_id = 66
[W : PPU[1] Thread (CPUThread)[0x0161b034]]: sys_lwmutex warning: *** lwmutex created [] (attribute=0x22): sq_id = 67
[W : PPU[1] Thread (CPUThread)[0x0161b034]]: sys_lwmutex warning: *** lwmutex created [] (attribute=0x22): sq_id = 68
[W : PPU[1] Thread (CPUThread)[0x0161b034]]: sys_lwmutex warning: *** lwmutex created [] (attribute=0x22): sq_id = 69
[W : PPU[1] Thread (CPUThread)[0x0161b034]]: sys_lwmutex warning: *** lwmutex created [] (attribute=0x22): sq_id = 70
[W : PPU[1] Thread (CPUThread)[0x0161b034]]: sys_lwmutex warning: *** lwmutex created [] (attribute=0x22): sq_id = 71
[W : PPU[1] Thread (CPUThread)[0x0161b034]]: sys_lwmutex warning: *** lwmutex created [] (attribute=0x22): sq_id = 72
[W : PPU[1] Thread (CPUThread)[0x0161b034]]: sys_lwmutex warning: *** lwmutex created [] (attribute=0x22): sq_id = 73
[W : PPU[1] Thread (CPUThread)[0x0161b034]]: sys_lwmutex warning: *** lwmutex created [] (attribute=0x22): sq_id = 74
[W : PPU[1] Thread (CPUThread)[0x0161b034]]: sys_lwmutex warning: *** lwmutex created [] (attribute=0x22): sq_id = 75
[W : PPU[1] Thread (CPUThread)[0x0161b034]]: sys_lwmutex warning: *** lwmutex created [] (attribute=0x22): sq_id = 76
[W : PPU[1] Thread (CPUThread)[0x0161b034]]: sys_lwmutex warning: *** lwmutex created [] (attribute=0x22): sq_id = 77
[W : PPU[1] Thread (CPUThread)[0x0161b034]]: sys_lwmutex warning: *** lwmutex created [] (attribute=0x22): sq_id = 78
[W : PPU[1] Thread (CPUThread)[0x0161b034]]: sys_lwmutex warning: *** lwmutex created [] (attribute=0x22): sq_id = 79
[W : PPU[1] Thread (CPUThread)[0x0161b034]]: sys_lwmutex warning: *** lwmutex created [] (attribute=0x22): sq_id = 80
[W : PPU[1] Thread (CPUThread)[0x0161b034]]: sys_lwmutex warning: *** lwmutex created [] (attribute=0x22): sq_id = 81
[W : PPU[1] Thread (CPUThread)[0x0161b034]]: sys_lwmutex warning: *** lwmutex created [] (attribute=0x22): sq_id = 82
[W : PPU[1] Thread (CPUThread)[0x0161b034]]: sys_lwmutex warning: *** lwmutex created [] (attribute=0x22): sq_id = 83
[W : PPU[1] Thread (CPUThread)[0x0161b034]]: sys_lwmutex warning: *** lwmutex created [] (attribute=0x22): sq_id = 84
[W : PPU[1] Thread (CPUThread)[0x0161b034]]: sys_lwmutex warning: *** lwmutex created [] (attribute=0x22): sq_id = 85
[W : PPU[1] Thread (CPUThread)[0x0161b034]]: sys_lwmutex warning: *** lwmutex created [] (attribute=0x22): sq_id = 86
[W : PPU[1] Thread (CPUThread)[0x0161b034]]: sys_lwmutex warning: *** lwmutex created [] (attribute=0x22): sq_id = 87
[W : PPU[1] Thread (CPUThread)[0x0161b034]]: sys_lwmutex warning: *** lwmutex created [] (attribute=0x22): sq_id = 88
[W : PPU[1] Thread (CPUThread)[0x0161b034]]: sys_lwmutex warning: *** lwmutex created [] (attribute=0x22): sq_id = 89
[W : PPU[1] Thread (CPUThread)[0x0161b034]]: sys_lwmutex warning: *** lwmutex created [] (attribute=0x22): sq_id = 90
[W : PPU[1] Thread (CPUThread)[0x0161b034]]: sys_lwmutex warning: *** lwmutex created [] (attribute=0x22): sq_id = 91
[W : PPU[1] Thread (CPUThread)[0x0161b034]]: sys_lwmutex warning: *** lwmutex created [] (attribute=0x22): sq_id = 92
[W : PPU[1] Thread (CPUThread)[0x0161b034]]: sys_lwmutex warning: *** lwmutex created [] (attribute=0x22): sq_id = 93
[W : PPU[1] Thread (CPUThread)[0x0161b034]]: sys_lwmutex warning: *** lwmutex created [] (attribute=0x22): sq_id = 94
[W : PPU[1] Thread (CPUThread)[0x0161b034]]: sys_lwmutex warning: *** lwmutex created [] (attribute=0x22): sq_id = 95
[W : PPU[1] Thread (CPUThread)[0x0161b034]]: sys_lwmutex warning: *** lwmutex created [] (attribute=0x22): sq_id = 96
[W : PPU[1] Thread (CPUThread)[0x0161b034]]: sys_lwmutex warning: *** lwmutex created [] (attribute=0x11): sq_id = 97
[W : PPU[1] Thread (CPUThread)[0x0161b034]]: sys_lwmutex warning: *** lwmutex created [] (attribute=0x22): sq_id = 98
[W : PPU[1] Thread (CPUThread)[0x0161b034]]: sys_lwmutex warning: *** lwmutex created [] (attribute=0x22): sq_id = 99
[W : PPU[1] Thread (CPUThread)[0x0161b034]]: sys_lwmutex warning: *** lwmutex created [] (attribute=0x22): sq_id = 100
[W : PPU[1] Thread (CPUThread)[0x0161b034]]: sys_lwmutex warning: *** lwmutex created [] (attribute=0x22): sq_id = 101
[W : PPU[1] Thread (CPUThread)[0x0161b034]]: sys_lwmutex warning: *** lwmutex created [] (attribute=0x22): sq_id = 102
[W : PPU[1] Thread (CPUThread)[0x0161b034]]: sys_lwmutex warning: *** lwmutex created [] (attribute=0x22): sq_id = 103
[W : PPU[1] Thread (CPUThread)[0x0161b034]]: sys_lwmutex warning: *** lwmutex created [] (attribute=0x22): sq_id = 104
[W : PPU[1] Thread (CPUThread)[0x0161b034]]: sys_lwmutex warning: *** lwmutex created [] (attribute=0x22): sq_id = 105
[W : PPU[1] Thread (CPUThread)[0x0161b034]]: sys_lwmutex warning: *** lwmutex created [] (attribute=0x22): sq_id = 106
[W : PPU[1] Thread (CPUThread)[0x0161b034]]: sys_lwmutex warning: *** lwmutex created [] (attribute=0x22): sq_id = 107
[W : PPU[1] Thread (CPUThread)[0x0161b034]]: sys_lwmutex warning: *** lwmutex created [] (attribute=0x22): sq_id = 108
[W : PPU[1] Thread (CPUThread)[0x0161b034]]: sys_lwmutex warning: *** lwmutex created [] (attribute=0x22): sq_id = 109
[W : PPU[1] Thread (CPUThread)[0x0161b034]]: sys_lwmutex warning: *** lwmutex created [] (attribute=0x22): sq_id = 110
[W : PPU[1] Thread (CPUThread)[0x0161b034]]: sys_lwmutex warning: *** lwmutex created [] (attribute=0x22): sq_id = 111
[W : PPU[1] Thread (CPUThread)[0x0161b034]]: sys_lwmutex warning: *** lwmutex created [] (attribute=0x22): sq_id = 112
[W : PPU[1] Thread (CPUThread)[0x0161b034]]: sys_lwmutex warning: *** lwmutex created [] (attribute=0x22): sq_id = 113
[W : PPU[1] Thread (CPUThread)[0x0161b034]]: sys_lwmutex warning: *** lwmutex created [] (attribute=0x22): sq_id = 114
[W : PPU[1] Thread (CPUThread)[0x0161b034]]: sys_lwmutex warning: *** lwmutex created [] (attribute=0x22): sq_id = 116
[W : PPU[1] Thread (CPUThread)[0x0161b034]]: sys_lwmutex warning: *** lwmutex created [] (attribute=0x22): sq_id = 117
[W : PPU[1] Thread (CPUThread)[0x0161b034]]: sys_lwmutex warning: *** lwmutex created [] (attribute=0x22): sq_id = 118
[W : PPU[1] Thread (CPUThread)[0x0161b034]]: sys_lwmutex warning: *** lwmutex created [] (attribute=0x22): sq_id = 119
[W : PPU[1] Thread (CPUThread)[0x0161b034]]: sys_lwmutex warning: *** lwmutex created [] (attribute=0x22): sq_id = 121
[W : PPU[1] Thread (CPUThread)[0x015f30dc]]: cellSysutil warning: cellSysutilRegisterCallback(slot=0, func_addr=0xee3c40, userdata=0x0)
[W : PPU[1] Thread (CPUThread)[0x015f7010]]: cellSysmodule warning: cellSysmoduleLoadModule(CELL_SYSMODULE_SYSUTIL_GAME)
[W : PPU[1] Thread (CPUThread)[0x015fb034]]: cellGame warning: cellGameBootCheck(type_addr=0x31c2e000, attributes_addr=0x31c2e004, size_addr=0xd001fac0, dirName_addr=0x31c2e008)
[W : PPU[1] Thread (CPUThread)[0x015fb010]]: cellGame warning: cellGameContentPermit(contentInfoPath_addr=0xd001fad0, usrdirPath_addr=0xd001fb50)
[W : PPU[1] Thread (CPUThread)[0x015f7004]]: cellSysmodule warning: cellSysmoduleUnloadModule(CELL_SYSMODULE_SYSUTIL_GAME)
[W : PPU[1] Thread (CPUThread)[0x00eaf01c]]: cellGcmSys warning: cellGcmInit(context_addr=0x155e888,cmdSize=0x200000,ioSize=0x1a00000,ioAddress=0x31a00000)
[W : PPU[1] Thread (CPUThread)[0x00eaf01c]]: cellGcmSys warning: *** local memory(addr=0xc0000000, size=0xf900000)
[W : PPU[1] Thread (CPUThread)[0x00eaf01c]]: cellGcmSys warning: cellGcmMapEaIoAddress(ea=0x31a00000, io=0x0, size=0x1a00000)
[! : RSXThread]: RSX thread entry
[W : PPU[1] Thread (CPUThread)[0x00eaf0ac]]: cellGcmSys warning: cellGcmMapMainMemory(ea=0x30200000,size=0x1800000,offset_addr=0xd00208f0)
[W : PPU[1] Thread (CPUThread)[0x015f3088]]: cellSysutil warning: cellVideoOutGetNumberOfDevice(videoOut=0)
[W : PPU[1] Thread (CPUThread)[0x00eaf0ac]]: cellGcmSys warning: cellGcmMapMainMemory(ea=0x31a00000,size=0x1a00000,offset_addr=0x154730c)
[W : PPU[1] Thread (CPUThread)[0x015f7010]]: cellSysmodule warning: cellSysmoduleLoadModule(CELL_SYSMODULE_FS)
[W : PPU[1] Thread (CPUThread)[0x015f7010]]: cellSysmodule warning: cellSysmoduleLoadModule(CELL_SYSMODULE_RTC)
[W : PPU[1] Thread (CPUThread)[0x015f7010]]: cellSysmodule warning: cellSysmoduleLoadModule(CELL_SYSMODULE_NET)
[W : PPU[1] Thread (CPUThread)[0x015f7010]]: cellSysmodule warning: cellSysmoduleLoadModule(CELL_SYSMODULE_JPGENC)
[W : PPU[1] Thread (CPUThread)[0x015f7010]]: cellSysmodule warning: cellSysmoduleLoadModule(CELL_SYSMODULE_PNGENC)
[W : PPU[1] Thread (CPUThread)[0x015f7010]]: cellSysmodule warning: cellSysmoduleLoadModule(CELL_SYSMODULE_PNGDEC)
[W : PPU[1] Thread (CPUThread)[0x015f7010]]: cellSysmodule warning: cellSysmoduleLoadModule(CELL_SYSMODULE_SYSUTIL_OSK_EXT)
[W : PPU[1] Thread (CPUThread)[0x015f7010]]: cellSysmodule warning: cellSysmoduleLoadModule(CELL_SYSMODULE_SYSUTIL_LICENSEAREA)
[W : PPU[1] Thread (CPUThread)[0x015f7010]]: cellSysmodule warning: cellSysmoduleLoadModule(CELL_SYSMODULE_PHOTO_EXPORT)
[W : PPU[1] Thread (CPUThread)[0x0161b034]]: sys_lwmutex warning: *** lwmutex created [] (attribute=0x22): sq_id = 122
[W : PPU[1] Thread (CPUThread)[0x0161b034]]: sys_lwmutex warning: *** lwmutex created [] (attribute=0x22): sq_id = 123
[W : PPU[1] Thread (CPUThread)[0x0161b034]]: sys_lwmutex warning: *** lwmutex created [] (attribute=0x22): sq_id = 124
[W : PPU[1] Thread (CPUThread)[0x0161b034]]: sys_lwmutex warning: *** lwmutex created [] (attribute=0x22): sq_id = 125
[W : PPU[1] Thread (CPUThread)[0x0161b034]]: sys_lwmutex warning: *** lwmutex created [] (attribute=0x22): sq_id = 126
[W : PPU[1] Thread (CPUThread)[0x0161b034]]: sys_lwmutex warning: *** lwmutex created [] (attribute=0x22): sq_id = 127
[W : PPU[1] Thread (CPUThread)[0x0161b034]]: sys_lwmutex warning: *** lwmutex created [] (attribute=0x22): sq_id = 128
[W : PPU[1] Thread (CPUThread)[0x0161b034]]: sys_lwmutex warning: *** lwmutex created [] (attribute=0x22): sq_id = 129
[W : PPU[1] Thread (CPUThread)[0x0161b034]]: sys_lwmutex warning: *** lwmutex created [] (attribute=0x22): sq_id = 130
[W : PPU[1] Thread (CPUThread)[0x0161b034]]: sys_lwmutex warning: *** lwmutex created [] (attribute=0x22): sq_id = 131
[W : PPU[1] Thread (CPUThread)[0x0161b034]]: sys_lwmutex warning: *** lwmutex created [] (attribute=0x22): sq_id = 132
[W : PPU[1] Thread (CPUThread)[0x0161b034]]: sys_lwmutex warning: *** lwmutex created [] (attribute=0x22): sq_id = 133
[W : PPU[1] Thread (CPUThread)[0x0161b034]]: sys_lwmutex warning: *** lwmutex created [] (attribute=0x22): sq_id = 134
[W : PPU[1] Thread (CPUThread)[0x0161b034]]: sys_lwmutex warning: *** lwmutex created [] (attribute=0x22): sq_id = 135
[W : PPU[1] Thread (CPUThread)[0x0161b034]]: sys_lwmutex warning: *** lwmutex created [] (attribute=0x22): sq_id = 136
[W : PPU[1] Thread (CPUThread)[0x0161b034]]: sys_lwmutex warning: *** lwmutex created [] (attribute=0x22): sq_id = 137
[W : PPU[1] Thread (CPUThread)[0x0161b034]]: sys_lwmutex warning: *** lwmutex created [] (attribute=0x22): sq_id = 138
[W : PPU[1] Thread (CPUThread)[0x0161b034]]: sys_lwmutex warning: *** lwmutex created [] (attribute=0x22): sq_id = 139
[W : PPU[1] Thread (CPUThread)[0x0161b034]]: sys_lwmutex warning: *** lwmutex created [] (attribute=0x22): sq_id = 140
[W : PPU[1] Thread (CPUThread)[0x0161b034]]: sys_lwmutex warning: *** lwmutex created [] (attribute=0x22): sq_id = 141
[W : PPU[1] Thread (CPUThread)[0x0161b034]]: sys_lwmutex warning: *** lwmutex created [] (attribute=0x22): sq_id = 142
[W : PPU[1] Thread (CPUThread)[0x0161b034]]: sys_lwmutex warning: *** lwmutex created [] (attribute=0x22): sq_id = 143
[W : PPU[1] Thread (CPUThread)[0x0161b034]]: sys_lwmutex warning: *** lwmutex created [] (attribute=0x22): sq_id = 144
[W : PPU[1] Thread (CPUThread)[0x0161b034]]: sys_lwmutex warning: *** lwmutex created [] (attribute=0x22): sq_id = 145
[W : PPU[1] Thread (CPUThread)[0x0161b034]]: sys_lwmutex warning: *** lwmutex created [] (attribute=0x22): sq_id = 146
[W : PPU[1] Thread (CPUThread)[0x0161b034]]: sys_lwmutex warning: *** lwmutex created [] (attribute=0x22): sq_id = 147
[W : PPU[1] Thread (CPUThread)[0x0161b034]]: sys_lwmutex warning: *** lwmutex created [] (attribute=0x22): sq_id = 148
[W : PPU[1] Thread (CPUThread)[0x0161b034]]: sys_lwmutex warning: *** lwmutex created [] (attribute=0x22): sq_id = 149
[W : PPU[1] Thread (CPUThread)[0x0161b034]]: sys_lwmutex warning: *** lwmutex created [] (attribute=0x22): sq_id = 150
[W : PPU[1] Thread (CPUThread)[0x0161b034]]: sys_lwmutex warning: *** lwmutex created [] (attribute=0x22): sq_id = 151
[W : PPU[1] Thread (CPUThread)[0x0161b034]]: sys_lwmutex warning: *** lwmutex created [] (attribute=0x22): sq_id = 152
[W : PPU[1] Thread (CPUThread)[0x0161b034]]: sys_lwmutex warning: *** lwmutex created [] (attribute=0x22): sq_id = 153
[W : PPU[1] Thread (CPUThread)[0x0161b034]]: sys_lwmutex warning: *** lwmutex created [] (attribute=0x22): sq_id = 154
[W : PPU[1] Thread (CPUThread)[0x0161b034]]: sys_lwmutex warning: *** lwmutex created [] (attribute=0x22): sq_id = 155
[W : PPU[1] Thread (CPUThread)[0x00eaf004]]: cellGcmSys warning: cellGcmGetTiledPitchSize(size=5120)
[W : PPU[1] Thread (CPUThread)[0x00eaf004]]: cellGcmSys warning: cellGcmGetTiledPitchSize(size=5120)
[W : PPU[1] Thread (CPUThread)[0x00eaf0f4]]: cellGcmSys warning: cellGcmSetTileInfo(index=0, location=0, offset=253165568, size=7864320, pitch=5120, comp=7, base=48, bank=0)
[E : PPU[1] Thread (CPUThread)[0x00eaf0f4]]: cellGcmSys error: cellGcmSetTileInfo: bad comp! (7)
[W : PPU[1] Thread (CPUThread)[0x00eaf04c]]: cellGcmSys warning: cellGcmBindTile(index=0)
[W : PPU[1] Thread (CPUThread)[0x00eaf0f4]]: cellGcmSys warning: cellGcmSetTileInfo(index=1, location=0, offset=249233408, size=3932160, pitch=5120, comp=9, base=192, bank=3)
[E : PPU[1] Thread (CPUThread)[0x00eaf0f4]]: cellGcmSys error: cellGcmSetTileInfo: bad comp! (9)
[W : PPU[1] Thread (CPUThread)[0x00eaf04c]]: cellGcmSys warning: cellGcmBindTile(index=1)
[W : PPU[1] Thread (CPUThread)[0x00eaf0c4]]: cellGcmSys warning: cellGcmSetDisplayBuffer(id=0x0,offset=0xf530000,pitch=4,width=1280,height=720)
[W : PPU[1] Thread (CPUThread)[0x00eaf004]]: cellGcmSys warning: cellGcmGetTiledPitchSize(size=5120)
[W : PPU[1] Thread (CPUThread)[0x00eaf004]]: cellGcmSys warning: cellGcmGetTiledPitchSize(size=5120)
[W : PPU[1] Thread (CPUThread)[0x00eaf0c4]]: cellGcmSys warning: cellGcmSetDisplayBuffer(id=0x1,offset=0xf170000,pitch=4,width=1280,height=720)
[W : PPU[1] Thread (CPUThread)[0x015f3010]]: cellSysutil warning: cellVideoOutConfigure(videoOut=0, config_addr=0xd0020a70, option_addr=0x0, waitForEvent=0x0)
[W : PPU[1] Thread (CPUThread)[0x00eaf058]]: cellGcmSys warning: cellGcmSetFlipMode(mode=2)
[W : PPU[1] Thread (CPUThread)[0x00eaf010]]: cellGcmSys warning: cellGcmSetUserHandler(handler=0xee3c38)
[W : PPU[1] Thread (CPUThread)[0x00eaf0b8]]: cellGcmSys warning: cellGcmSetFlipHandler(handler_addr=15613008)
[E : PPU[1] Thread (CPUThread)[0x00eaf0e8]]: cellGcmSys error: Unimplemented function: cellGcmSetVBlankHandler
[W : PPU[1] Thread (CPUThread)[0x015f5040]]: sys_fs warning: cellFsStat: "/dev_hdd0/game//USRDIR" not found.
[W : PPU[1] Thread (CPUThread)[0x007c73f8]]: sys_timer warning: sys_timer_sleep(sleep_time=1)
[W : PPU[1] Thread (CPUThread)[0x015f5040]]: sys_fs warning: cellFsStat: "/dev_hdd0/game//USRDIR" not found.
[W : PPU[1] Thread (CPUThread)[0x007c73f8]]: sys_timer warning: sys_timer_sleep(sleep_time=1)
[W : PPU[1] Thread (CPUThread)[0x015f5040]]: sys_fs warning: cellFsStat: "/dev_hdd0/game//USRDIR" not found.
[W : PPU[1] Thread (CPUThread)[0x007c73f8]]: sys_timer warning: sys_timer_sleep(sleep_time=1)
[W : PPU[1] Thread (CPUThread)[0x015f5040]]: sys_fs warning: cellFsStat: "/dev_hdd0/game//USRDIR" not found.
[W : PPU[1] Thread (CPUThread)[0x007c73f8]]: sys_timer warning: sys_timer_sleep(sleep_time=1)
[W : PPU[1] Thread (CPUThread)[0x015f5040]]: sys_fs warning: cellFsStat: "/dev_hdd0/game//USRDIR" not found.
[W : PPU[1] Thread (CPUThread)[0x007c73f8]]: sys_timer warning: sys_timer_sleep(sleep_time=1)
[W : PPU[1] Thread (CPUThread)[0x015f5040]]: sys_fs warning: cellFsStat: "/dev_hdd0/game//USRDIR" not found.
[W : PPU[1] Thread (CPUThread)[0x007c73f8]]: sys_timer warning: sys_timer_sleep(sleep_time=1)
[W : PPU[1] Thread (CPUThread)[0x015f5040]]: sys_fs warning: cellFsStat: "/dev_hdd0/game//USRDIR" not found.
[W : PPU[1] Thread (CPUThread)[0x007c73f8]]: sys_timer warning: sys_timer_sleep(sleep_time=1)
[W : PPU[1] Thread (CPUThread)[0x015f5040]]: sys_fs warning: cellFsStat: "/dev_hdd0/game//USRDIR" not found.
[W : PPU[1] Thread (CPUThread)[0x007c73f8]]: sys_timer warning: sys_timer_sleep(sleep_time=1)
[W : PPU[1] Thread (CPUThread)[0x015f5040]]: sys_fs warning: cellFsStat: "/dev_hdd0/game//USRDIR" not found.
[W : PPU[1] Thread (CPUThread)[0x007c73f8]]: sys_timer warning: sys_timer_sleep(sleep_time=1)
[W : PPU[1] Thread (CPUThread)[0x015f5040]]: sys_fs warning: cellFsStat: "/dev_hdd0/game//USRDIR" not found.
[W : PPU[1] Thread (CPUThread)[0x007c73f8]]: sys_timer warning: sys_timer_sleep(sleep_time=1)
[W : PPU[1] Thread (CPUThread)[0x015f5040]]: sys_fs warning: cellFsStat: "/dev_hdd0/game//USRDIR" not found.
[W : PPU[1] Thread (CPUThread)[0x007c73f8]]: sys_timer warning: sys_timer_sleep(sleep_time=1)
[W : PPU[1] Thread (CPUThread)[0x015f5040]]: sys_fs warning: cellFsStat: "/dev_hdd0/game//USRDIR" not found.
[W : PPU[1] Thread (CPUThread)[0x007c73f8]]: sys_timer warning: sys_timer_sleep(sleep_time=1)
[W : PPU[1] Thread (CPUThread)[0x015f5040]]: sys_fs warning: cellFsStat: "/dev_hdd0/game//USRDIR" not found.
[W : PPU[1] Thread (CPUThread)[0x007c73f8]]: sys_timer warning: sys_timer_sleep(sleep_time=1)
[W : PPU[1] Thread (CPUThread)[0x015f5040]]: sys_fs warning: cellFsStat: "/dev_hdd0/game//USRDIR" not found.
[W : PPU[1] Thread (CPUThread)[0x007c73f8]]: sys_timer warning: sys_timer_sleep(sleep_time=1)
[W : PPU[1] Thread (CPUThread)[0x015f5040]]: sys_fs warning: cellFsStat: "/dev_hdd0/game//USRDIR" not found.
[W : PPU[1] Thread (CPUThread)[0x007c73f8]]: sys_timer warning: sys_timer_sleep(sleep_time=1)
[E : PPU[1] Thread (CPUThread)[0x015ff01c]]: cellNetCtl error: Unimplemented function: cellNetCtlInit
[W : PPU[1] Thread (CPUThread)[0x015f30dc]]: cellSysutil warning: cellSysutilRegisterCallback(slot=0, func_addr=0xee3c40, userdata=0x0)
[W : PPU[1] Thread (CPUThread)[0x007ca448]]: sys_spu warning: sys_spu_initialize(max_usable_spu=6, max_raw_spu=0)
[W : PPU[1] Thread (CPUThread)[0x0161b094]]: sysPrxForUser warning: sys_ppu_thread_once(once_ctrl_addr=0x15bdbdc, entry=0xeef290)
[W : PPU[156] Thread (CPUThread)[0x0161b034]]: sys_lwmutex warning: *** lwmutex created [_lc_spf] (attribute=0x22): sq_id = 157
[! : RSXThread]: RSX thread exit...
[!]: Closing memory...
