[!]: path: /dev_hdd0/game/
[!]: Loading 'D:\Emulateur\Rpcs3\dev_hdd0\game\BCES00081-[Killzone_2]\PS3_GAME\USRDIR/BOOT.BIN'...
[!]: Mount info:
[!]: /dev_hdd0/ -> D:\Emulateur\Rpcs3\dev_hdd0\
[!]: /dev_hdd1/ -> D:\Emulateur\Rpcs3\dev_hdd1\
[!]: /dev_flash/ -> D:\Emulateur\Rpcs3\dev_flash\
[!]: /dev_usb000/ -> D:\Emulateur\Rpcs3\dev_usb000\
[!]: /dev_usb/ -> D:\Emulateur\Rpcs3\dev_usb000\
[!]: /app_home/ -> D:\Emulateur\Rpcs3\dev_hdd0\game\BCES00081-[Killzone_2]\PS3_GAME\
[!]: /dev_bdvd/ -> D:\Emulateur\Rpcs3\dev_hdd0\game\BCES00081-[Killzone_2]\PS3_GAME\\..\
[!]: /host_root/ -> 
[!]: / -> D:\Emulateur\Rpcs3\dev_hdd0\game\BCES00081-[Killzone_2]\PS3_GAME\\USRDIR\
[!]: Initing memory...
[!]: Memory initialized.
[W]: Unknown function 0x99406d0b in 'sys_fs' module
[E]: TODO: cellFsChmod
[W]: Unknown function 0xbef554a4 in 'sys_fs' module
[E]: TODO: cellFsUtime
[W]: Unknown function 0x967a162b in 'sys_fs' module
[E]: TODO: cellFsFsync
[W]: Unknown function 0x16394a4e in 'cellSpurs' module
[E]: TODO: _cellSpursTasksetAttributeInitialize
[W]: Unknown function 0x22aab31d in 'cellSpurs' module
[E]: TODO: cellSpursEventFlagDetachLv2EventQueue
[W]: Unknown function 0x373523d4 in 'cellSpurs' module
[E]: TODO: cellSpursEventFlagWait
[W]: Unknown function 0x4ac7bae4 in 'cellSpurs' module
[E]: TODO: cellSpursEventFlagClear
[W]: Unknown function 0x5ef96465 in 'cellSpurs' module
[E]: TODO: _cellSpursEventFlagInitialize
[W]: Unknown function 0x652b70e2 in 'cellSpurs' module
[E]: TODO: cellSpursTasksetAttributeSetName
[W]: Unknown function 0x87630976 in 'cellSpurs' module
[E]: TODO: cellSpursEventFlagAttachLv2EventQueue
[W]: Unknown function 0x8f122ef8 in 'cellSpurs' module
[E]: TODO: cellSpursTasksetAttributeSetTasksetSize
[W]: Unknown function 0x94034c95 in 'cellSpurs' module
[E]: TODO: cellSpursTasksetUnsetExceptionEventHandler
[W]: Unknown function 0x9f72add3 in 'cellSpurs' module
[E]: TODO: cellSpursJoinTaskset
[W]: Unknown function 0xa789e631 in 'cellSpurs' module
[E]: TODO: cellSpursShutdownTaskset
[W]: Unknown function 0xaa6269a8 in 'cellSpurs' module
[E]: TODO: cellSpursInitializeWithAttribute
[W]: Unknown function 0xc10931cb in 'cellSpurs' module
[E]: TODO: cellSpursCreateTasksetWithAttribute
[W]: Unknown function 0x011ee38b in 'cellSpurs' module
[E]: TODO: _cellSpursLFQueueInitialize
[W]: Unknown function 0x1656d49f in 'cellSpurs' module
[E]: TODO: cellSpursLFQueueAttachLv2EventQueue
[W]: Unknown function 0x182d9890 in 'cellSpurs' module
[E]: TODO: cellSpursRequestIdleSpu
[W]: Unknown function 0x4a5eab63 in 'cellSpurs' module
[E]: TODO: cellSpursWorkloadAttributeSetName
[W]: Unknown function 0x4e153e3e in 'cellSpurs' module
[E]: TODO: cellSpursGetWorkloadInfo
[W]: Unknown function 0x57e4dec3 in 'cellSpurs' module
[E]: TODO: cellSpursRemoveWorkload
[W]: Unknown function 0x5fd43fe4 in 'cellSpurs' module
[E]: TODO: cellSpursWaitForWorkloadShutdown
[W]: Unknown function 0x73e06f91 in 'cellSpurs' module
[E]: TODO: cellSpursLFQueueDetachLv2EventQueue
[W]: Unknown function 0x8a85674d in 'cellSpurs' module
[E]: TODO: _cellSpursLFQueuePushBody
[W]: Unknown function 0x98d5b343 in 'cellSpurs' module
[E]: TODO: cellSpursShutdownWorkload
[W]: Unknown function 0xbeb600ac in 'cellSpurs' module
[E]: TODO: cellSpursCreateTask
[W]: Unknown function 0xc0158d8b in 'cellSpurs' module
[E]: TODO: cellSpursAddWorkloadWithAttribute
[W]: Unknown function 0xd2e23fa9 in 'cellSpurs' module
[E]: TODO: cellSpursSetExceptionEventHandler
[W]: Unknown function 0xefeb2679 in 'cellSpurs' module
[E]: TODO: _cellSpursWorkloadAttributeInitialize
[W]: Unknown function 0xf843818d in 'cellSpurs' module
[E]: TODO: cellSpursReadyCountStore
[W]: Unknown function 0x161da6a7 in 'cellSpurs' module
[E]: TODO: cellSpursJobChainGetError
[W]: Unknown function 0x1d46fedf in 'cellSpurs' module
[E]: TODO: cellSpursCreateTaskWithAttribute
[W]: Unknown function 0x303c19cd in 'cellSpurs' module
[E]: TODO: cellSpursCreateJobChainWithAttribute
[W]: Unknown function 0x34552fa6 in 'cellSpurs' module
[E]: TODO: cellSpursTaskExitCodeInitialize
[W]: Unknown function 0x3548f483 in 'cellSpurs' module
[E]: TODO: _cellSpursJobChainAttributeInitialize
[W]: Unknown function 0x9fef70c2 in 'cellSpurs' module
[E]: TODO: cellSpursJobChainAttributeSetName
[W]: Unknown function 0xa121a224 in 'cellSpurs' module
[E]: TODO: cellSpursTaskAttributeSetExitCodeContainer
[W]: Unknown function 0xa7c066de in 'cellSpurs' module
[E]: TODO: cellSpursJoinJobChain
[W]: Unknown function 0xb8474eff in 'cellSpurs' module
[E]: TODO: _cellSpursTaskAttributeInitialize
[W]: Unknown function 0xbb68d76e in 'cellSpurs' module
[E]: TODO: cellSpursJobChainAttributeSetHaltOnError
[W]: Unknown function 0xf31731bb in 'cellSpurs' module
[E]: TODO: cellSpursRunJobChain
[W]: Unknown function 0x1a91874b in 'cellSysutil' module
[E]: TODO: cellWebBrowserConfigSetFullScreen2
[W]: Unknown function 0x220894e3 in 'cellSysutil' module
[E]: TODO: cellSysutilEnableBgmPlayback
[W]: Unknown function 0x52aac4fa in 'cellSysutil' module
[E]: TODO: cellSaveDataUserAutoSave
[W]: Unknown function 0x619b1427 in 'cellSysutil' module
[E]: TODO: cellWebBrowserConfigSetTabCount2
[W]: Unknown function 0x6d087930 in 'cellSysutil' module
[E]: TODO: cellWebBrowserEstimate2
[W]: Unknown function 0x749c9b5f in 'cellSysutil' module
[E]: TODO: cellWebBrowserInitialize
[W]: Unknown function 0x7fb3c6a5 in 'cellSysutil' module
[E]: TODO: cellWebBrowserConfig2
[W]: Unknown function 0x93ced48d in 'cellSysutil' module
[E]: TODO: cellWebBrowserShutdown
[W]: Unknown function 0xa5f12145 in 'cellSysutil' module
[E]: TODO: cellWebBrowserCreate2
[W]: Unknown function 0xa9a439e0 in 'cellSysutil' module
[E]: TODO: cellWebBrowserConfigSetUnknownMIMETypeHook2
[W]: Unknown function 0xcdc6aefd in 'cellSysutil' module
[E]: TODO: cellSaveDataUserAutoLoad
[W]: Unknown function 0xcfdd8e87 in 'cellSysutil' module
[E]: TODO: cellSysutilDisableBgmPlayback
[W]: Unknown function 0xe22ed55d in 'cellSysutil' module
[E]: TODO: cellWebBrowserConfigSetFunction2
[W]: Unknown function 0xe8dee79c in 'cellSysutil' module
[E]: TODO: cellWebBrowserDestroy2
[W]: Unknown function 0xedadd797 in 'cellSysutil' module
[E]: TODO: cellSaveDataDelete2
[W]: Unknown function 0xfe669845 in 'cellSysutil' module
[E]: TODO: cellWebBrowserConfigSetHeapSize2
[W]: Unknown function 0x3d1e1931 in 'cellSysutil' module
[E]: TODO: cellOskDialogUnloadAsync
[W]: Unknown function 0x7f21c918 in 'cellSysutil' module
[E]: TODO: cellOskDialogAddSupportLanguage
[W]: Unknown function 0x7fcfc915 in 'cellSysutil' module
[E]: TODO: cellOskDialogLoadAsync
[W]: Unknown function 0xb53c54fa in 'cellSysutil' module
[E]: TODO: cellOskDialogSetKeyLayoutOption
[W]: Unknown function 0xb6d84526 in 'cellSysutil' module
[E]: TODO: cellOskDialogAbort
[W]: Unknown function 0xd3790a86 in 'cellSysutil' module
[E]: TODO: cellOskDialogSetDeviceMask
[W]: Unknown function 0x051ee3ee in 'sys_net' module
[E]: TODO: socketpoll
[W]: Unknown function 0x13efe7f5 in 'sys_net' module
[E]: TODO: getsockname
[W]: Unknown function 0x28e208bb in 'sys_net' module
[E]: TODO: listen
[W]: Unknown function 0x3f09e20a in 'sys_net' module
[E]: TODO: socketselect
[W]: Unknown function 0x5a045bd1 in 'sys_net' module
[E]: TODO: getsockopt
[W]: Unknown function 0x71f4c717 in 'sys_net' module
[E]: TODO: gethostbyname
[W]: Unknown function 0xa9a079e0 in 'sys_net' module
[E]: TODO: inet_aton
[W]: Unknown function 0xdabbc2c0 in 'sys_net' module
[E]: TODO: inet_addr
[W]: Unknown function 0xf7ac8941 in 'sys_net' module
[E]: TODO: gethostbyaddr
[W]: Unknown function 0xf9ec2db6 in 'sys_net' module
[E]: TODO: getpeername
[W]: Unknown function 0x0a862772 in 'cellGcmSys' module
[E]: TODO: cellGcmSetQueueHandler
[W]: Unknown function 0x25b40ab4 in 'cellGcmSys' module
[E]: TODO: cellGcmSortRemapEaIoAddress
[W]: Unknown function 0xacee8542 in 'cellGcmSys' module
[E]: TODO: cellGcmSetFlipImmediate
[W]: Unknown function 0xd01b570d in 'cellGcmSys' module
[E]: TODO: cellGcmSetGraphicsHandler
[W]: Unknown function 0x4885aa18 in 'sceNp' module
[E]: TODO: sceNpTerm
[W]: Unknown function 0xbd28fdbf in 'sceNp' module
[E]: TODO: sceNpInit
[W]: Unknown function 0x01fbbc9b in 'sceNp' module
[E]: TODO: sceNpBasicSendMessageGui
[W]: Unknown function 0x04372385 in 'sceNp' module
[E]: TODO: sceNpBasicGetFriendListEntry
[W]: Unknown function 0x0968aa36 in 'sceNp' module
[E]: TODO: sceNpManagerGetTicket
[W]: Unknown function 0x168a3117 in 'sceNp' module
[E]: TODO: sceNpBasicAddPlayersHistory
[W]: Unknown function 0x1ae8a549 in 'sceNp' module
[E]: TODO: sceNpBasicAddBlockListEntry
[W]: Unknown function 0x27c69eba in 'sceNp' module
[E]: TODO: sceNpBasicAddFriend
[W]: Unknown function 0x32c78a6a in 'sceNp' module
[E]: TODO: sceNpBasicGetFriendPresenceByIndex
[W]: Unknown function 0x36d0c2c5 in 'sceNp' module
[E]: TODO: sceNpManagerGetAvatarUrl
[W]: Unknown function 0x3d1760dc in 'sceNp' module
[E]: TODO: sceNpLookupAbortTransaction
[W]: Unknown function 0x3f0808aa in 'sceNp' module
[E]: TODO: sceNpBasicSetPresence
[W]: Unknown function 0x4026eac5 in 'sceNp' module
[E]: TODO: sceNpBasicRegisterContextSensitiveHandler
[W]: Unknown function 0x52a6b523 in 'sceNp' module
[E]: TODO: sceNpManagerUnregisterCallback
[W]: Unknown function 0x5de61626 in 'sceNp' module
[E]: TODO: sceNpLookupDestroyTitleCtx
[W]: Unknown function 0x5f2d9257 in 'sceNp' module
[E]: TODO: sceNpLookupInit
[W]: Unknown function 0x64a704cc in 'sceNp' module
[E]: TODO: sceNpBasicRecvMessageAttachmentLoad
[W]: Unknown function 0x6ee62ed2 in 'sceNp' module
[E]: TODO: sceNpManagerGetContentRatingFlag
[W]: Unknown function 0x71e5af7e in 'sceNp' module
[E]: TODO: sceNpLookupSetTimeout
[W]: Unknown function 0x73931bd0 in 'sceNp' module
[E]: TODO: sceNpBasicGetBlockListEntryCount
[W]: Unknown function 0x7508112e in 'sceNp' module
[E]: TODO: sceNpLookupPollAsync
[W]: Unknown function 0x8297f1ec in 'sceNp' module
[E]: TODO: sceNpManagerRequestTicket2
[W]: Unknown function 0x8440537c in 'sceNp' module
[E]: TODO: sceNpLookupTerm
[W]: Unknown function 0xacb9ee8e in 'sceNp' module
[E]: TODO: sceNpBasicUnregisterHandler
[W]: Unknown function 0xad218faf in 'sceNp' module
[E]: TODO: sceNpDrmIsAvailable
[W]: Unknown function 0xafef640d in 'sceNp' module
[E]: TODO: sceNpBasicGetFriendListEntryCount
[W]: Unknown function 0xb1e0718b in 'sceNp' module
[E]: TODO: sceNpManagerGetAccountRegion
[W]: Unknown function 0xbcdbb2ab in 'sceNp' module
[E]: TODO: sceNpBasicAddPlayersHistoryAsync
[W]: Unknown function 0xce81c7f0 in 'sceNp' module
[E]: TODO: sceNpLookupCreateTitleCtx
[W]: Unknown function 0xd12e40ae in 'sceNp' module
[E]: TODO: sceNpLookupNpIdAsync
[W]: Unknown function 0xe035f7d6 in 'sceNp' module
[E]: TODO: sceNpBasicGetEvent
[W]: Unknown function 0xe7dcd3b4 in 'sceNp' module
[E]: TODO: sceNpManagerRegisterCallback
[W]: Unknown function 0xea2e9ffc in 'sceNp' module
[E]: TODO: sceNpLookupCreateTransactionCtx
[W]: Unknown function 0xeb7a3d84 in 'sceNp' module
[E]: TODO: sceNpManagerGetChatRestrictionFlag
[W]: Unknown function 0xf0a9182b in 'sceNp' module
[E]: TODO: sceNpFriendlist
[W]: Unknown function 0xf2b3338a in 'sceNp' module
[E]: TODO: sceNpBasicGetBlockListEntry
[W]: Unknown function 0xf42c0df8 in 'sceNp' module
[E]: TODO: sceNpManagerGetOnlineName
[W]: Unknown function 0xfb87cf5e in 'sceNp' module
[E]: TODO: sceNpLookupDestroyTransactionCtx
[W]: Unknown function 0xfe37a7f4 in 'sceNp' module
[E]: TODO: sceNpManagerGetNpId
[W]: Unknown module 'cellSysutilAvconfExt'
[W]: Unknown function 0xd59aa307 in 'cellSync' module
[E]: TODO: cellSyncLFQueueGetDirection
[W]: Unknown function 0x07e1b12c in 'cellMic' module
[E]: TODO: cellMicRead
[W]: Unknown function 0x1b42101b in 'cellMic' module
[E]: TODO: cellMicIsAttached
[W]: Unknown function 0x65336418 in 'cellMic' module
[E]: TODO: cellMicRemoveNotifyEventQueue
[W]: Unknown function 0x7903400e in 'cellMic' module
[E]: TODO: cellMicSetNotifyEventQueue
[W]: Unknown function 0x8325e02d in 'cellMic' module
[E]: TODO: cellMicInit
[W]: Unknown function 0x8d229f8e in 'cellMic' module
[E]: TODO: cellMicClose
[W]: Unknown function 0xc6328caa in 'cellMic' module
[E]: TODO: cellMicEnd
[W]: Unknown function 0xdd1b59f0 in 'cellMic' module
[E]: TODO: cellMicOpen
[W]: Unknown function 0xdd724314 in 'cellMic' module
[E]: TODO: cellMicStart
[W]: Unknown function 0x14bf2dc1 in 'cellKey2char' module
[E]: TODO: cellKey2CharClose
[W]: Unknown function 0x56776c0d in 'cellKey2char' module
[E]: TODO: cellKey2CharGetChar
[W]: Unknown function 0xabf629c1 in 'cellKey2char' module
[E]: TODO: cellKey2CharOpen
[W]: Unknown function 0xbfc03768 in 'cellKey2char' module
[E]: TODO: cellKey2CharSetMode
[W]: Unknown module 'cellHttp'
[W]: Unknown function 0x4643ba6e in 'sysPrxForUser' module
[E]: TODO: sys_mmapper_unmap_memory
[W]: Unknown function 0x8a561d92 in 'sysPrxForUser' module
[E]: TODO: _sys_heap_free
[W]: Unknown function 0xaede4b03 in 'sysPrxForUser' module
[E]: TODO: _sys_heap_delete_heap
[W : PPU[1] Thread (CPUThread)[0x0124804c]]: sys_lwmutex warning: *** lwmutex created [_lc_mtx] (attribute=0x12): sq_id = 3
[W : PPU[1] Thread (CPUThread)[0x007c8198]]: memory warning: sys_memory_get_user_memory_size(mem_info_addr=0xd0020c04)
[W : PPU[1] Thread (CPUThread)[0x0124804c]]: sys_lwmutex warning: *** lwmutex created [_lc_mtx] (attribute=0x12): sq_id = 4
[W : PPU[1] Thread (CPUThread)[0x0124804c]]: sys_lwmutex warning: *** lwmutex created [_lc_mtx] (attribute=0x12): sq_id = 5
[W : PPU[1] Thread (CPUThread)[0x0124804c]]: sys_lwmutex warning: *** lwmutex created [_lc_mtx] (attribute=0x12): sq_id = 6
[W : PPU[1] Thread (CPUThread)[0x0124804c]]: sys_lwmutex warning: *** lwmutex created [_lc_mtx] (attribute=0x12): sq_id = 7
[W : PPU[1] Thread (CPUThread)[0x0124804c]]: sys_lwmutex warning: *** lwmutex created [_lc_mtx] (attribute=0x12): sq_id = 8
[W : PPU[1] Thread (CPUThread)[0x0124804c]]: sys_lwmutex warning: *** lwmutex created [_lc_mtx] (attribute=0x12): sq_id = 9
[W : PPU[1] Thread (CPUThread)[0x0124804c]]: sys_lwmutex warning: *** lwmutex created [_lc_mtx] (attribute=0x12): sq_id = 10
[W : PPU[1] Thread (CPUThread)[0x0124804c]]: sys_lwmutex warning: *** lwmutex created [_lc_mtx] (attribute=0x12): sq_id = 11
[W : PPU[1] Thread (CPUThread)[0x0124804c]]: sys_lwmutex warning: *** lwmutex created [_lc_mtx] (attribute=0x12): sq_id = 12
[W : PPU[1] Thread (CPUThread)[0x0124804c]]: sys_lwmutex warning: *** lwmutex created [_lgcmtx] (attribute=0x12): sq_id = 13
[W : PPU[1] Thread (CPUThread)[0x0124804c]]: sys_lwmutex warning: *** lwmutex created [_lgcmtx] (attribute=0x12): sq_id = 14
[W : PPU[1] Thread (CPUThread)[0x00060c6c]]: memory warning: sys_memory_get_user_memory_size(mem_info_addr=0xd0020be0)
[W : PPU[1] Thread (CPUThread)[0x0001f408]]: memory warning: sys_mmapper_allocate_address(size=0x10000000, flags=0x40f, alignment=0x10000000, alloc_addr=0xd0020ac0)
[W : PPU[1] Thread (CPUThread)[0x0124810c]]: memory warning: sys_mmapper_allocate_memory(size=0x100000, flags=0x400, mem_id_addr=0xd0020ac4)
[W : PPU[1] Thread (CPUThread)[0x0124810c]]: memory warning: sys_mmapper_allocate_memory(size=0x100000, flags=0x400, mem_id_addr=0xd0020ac4)
[W : PPU[1] Thread (CPUThread)[0x0124810c]]: memory warning: sys_mmapper_allocate_memory(size=0x100000, flags=0x400, mem_id_addr=0xd0020ac4)
[W : PPU[1] Thread (CPUThread)[0x0124810c]]: memory warning: sys_mmapper_allocate_memory(size=0x100000, flags=0x400, mem_id_addr=0xd0020ac4)
[W : PPU[1] Thread (CPUThread)[0x0124810c]]: memory warning: sys_mmapper_allocate_memory(size=0x100000, flags=0x400, mem_id_addr=0xd0020ac4)
[W : PPU[1] Thread (CPUThread)[0x0124810c]]: memory warning: sys_mmapper_allocate_memory(size=0x100000, flags=0x400, mem_id_addr=0xd0020ac4)
[W : PPU[1] Thread (CPUThread)[0x0124810c]]: memory warning: sys_mmapper_allocate_memory(size=0x100000, flags=0x400, mem_id_addr=0xd0020ac4)
[W : PPU[1] Thread (CPUThread)[0x0124810c]]: memory warning: sys_mmapper_allocate_memory(size=0x100000, flags=0x400, mem_id_addr=0xd0020ac4)
[W : PPU[1] Thread (CPUThread)[0x0124810c]]: memory warning: sys_mmapper_allocate_memory(size=0x100000, flags=0x400, mem_id_addr=0xd0020ac4)
[W : PPU[1] Thread (CPUThread)[0x0124810c]]: memory warning: sys_mmapper_allocate_memory(size=0x100000, flags=0x400, mem_id_addr=0xd0020ac4)
[W : PPU[1] Thread (CPUThread)[0x0124810c]]: memory warning: sys_mmapper_allocate_memory(size=0x100000, flags=0x400, mem_id_addr=0xd0020ac4)
[W : PPU[1] Thread (CPUThread)[0x0124810c]]: memory warning: sys_mmapper_allocate_memory(size=0x100000, flags=0x400, mem_id_addr=0xd0020ac4)
[W : PPU[1] Thread (CPUThread)[0x0124810c]]: memory warning: sys_mmapper_allocate_memory(size=0x100000, flags=0x400, mem_id_addr=0xd0020ac4)
[W : PPU[1] Thread (CPUThread)[0x0124810c]]: memory warning: sys_mmapper_allocate_memory(size=0x100000, flags=0x400, mem_id_addr=0xd0020ac4)
[W : PPU[1] Thread (CPUThread)[0x0124810c]]: memory warning: sys_mmapper_allocate_memory(size=0x100000, flags=0x400, mem_id_addr=0xd0020ac4)
[W : PPU[1] Thread (CPUThread)[0x0124810c]]: memory warning: sys_mmapper_allocate_memory(size=0x100000, flags=0x400, mem_id_addr=0xd0020ac4)
[W : PPU[1] Thread (CPUThread)[0x0124810c]]: memory warning: sys_mmapper_allocate_memory(size=0x100000, flags=0x400, mem_id_addr=0xd0020ac4)
[W : PPU[1] Thread (CPUThread)[0x0124810c]]: memory warning: sys_mmapper_allocate_memory(size=0x100000, flags=0x400, mem_id_addr=0xd0020ac4)
[W : PPU[1] Thread (CPUThread)[0x0124810c]]: memory warning: sys_mmapper_allocate_memory(size=0x100000, flags=0x400, mem_id_addr=0xd0020ac4)
[W : PPU[1] Thread (CPUThread)[0x0124810c]]: memory warning: sys_mmapper_allocate_memory(size=0x100000, flags=0x400, mem_id_addr=0xd0020ac4)
[W : PPU[1] Thread (CPUThread)[0x0124810c]]: memory warning: sys_mmapper_allocate_memory(size=0x100000, flags=0x400, mem_id_addr=0xd0020ac4)
[W : PPU[1] Thread (CPUThread)[0x0124810c]]: memory warning: sys_mmapper_allocate_memory(size=0x100000, flags=0x400, mem_id_addr=0xd0020ac4)
[W : PPU[1] Thread (CPUThread)[0x0124810c]]: memory warning: sys_mmapper_allocate_memory(size=0x100000, flags=0x400, mem_id_addr=0xd0020ac4)
[W : PPU[1] Thread (CPUThread)[0x0124810c]]: memory warning: sys_mmapper_allocate_memory(size=0x100000, flags=0x400, mem_id_addr=0xd0020ac4)
[W : PPU[1] Thread (CPUThread)[0x0124810c]]: memory warning: sys_mmapper_allocate_memory(size=0x100000, flags=0x400, mem_id_addr=0xd0020ac4)
[W : PPU[1] Thread (CPUThread)[0x0124810c]]: memory warning: sys_mmapper_allocate_memory(size=0x100000, flags=0x400, mem_id_addr=0xd0020ac4)
[W : PPU[1] Thread (CPUThread)[0x0124810c]]: memory warning: sys_mmapper_allocate_memory(size=0x100000, flags=0x400, mem_id_addr=0xd0020ac4)
[W : PPU[1] Thread (CPUThread)[0x0124810c]]: memory warning: sys_mmapper_allocate_memory(size=0x100000, flags=0x400, mem_id_addr=0xd0020ac4)
[W : PPU[1] Thread (CPUThread)[0x0124810c]]: memory warning: sys_mmapper_allocate_memory(size=0x100000, flags=0x400, mem_id_addr=0xd0020ac4)
[W : PPU[1] Thread (CPUThread)[0x0124810c]]: memory warning: sys_mmapper_allocate_memory(size=0x100000, flags=0x400, mem_id_addr=0xd0020ac4)
[W : PPU[1] Thread (CPUThread)[0x0124810c]]: memory warning: sys_mmapper_allocate_memory(size=0x100000, flags=0x400, mem_id_addr=0xd0020ac4)
[W : PPU[1] Thread (CPUThread)[0x0124810c]]: memory warning: sys_mmapper_allocate_memory(size=0x100000, flags=0x400, mem_id_addr=0xd0020ac4)
[W : PPU[1] Thread (CPUThread)[0x0124810c]]: memory warning: sys_mmapper_allocate_memory(size=0x100000, flags=0x400, mem_id_addr=0xd0020ac4)
[W : PPU[1] Thread (CPUThread)[0x0124810c]]: memory warning: sys_mmapper_allocate_memory(size=0x100000, flags=0x400, mem_id_addr=0xd0020ac4)
[W : PPU[1] Thread (CPUThread)[0x0124810c]]: memory warning: sys_mmapper_allocate_memory(size=0x100000, flags=0x400, mem_id_addr=0xd0020ac4)
[W : PPU[1] Thread (CPUThread)[0x0124810c]]: memory warning: sys_mmapper_allocate_memory(size=0x100000, flags=0x400, mem_id_addr=0xd0020ac4)
[W : PPU[1] Thread (CPUThread)[0x0124810c]]: memory warning: sys_mmapper_allocate_memory(size=0x100000, flags=0x400, mem_id_addr=0xd0020ac4)
[W : PPU[1] Thread (CPUThread)[0x0124810c]]: memory warning: sys_mmapper_allocate_memory(size=0x100000, flags=0x400, mem_id_addr=0xd0020ac4)
[W : PPU[1] Thread (CPUThread)[0x0124810c]]: memory warning: sys_mmapper_allocate_memory(size=0x100000, flags=0x400, mem_id_addr=0xd0020ac4)
[W : PPU[1] Thread (CPUThread)[0x0124810c]]: memory warning: sys_mmapper_allocate_memory(size=0x100000, flags=0x400, mem_id_addr=0xd0020ac4)
[W : PPU[1] Thread (CPUThread)[0x0124810c]]: memory warning: sys_mmapper_allocate_memory(size=0x100000, flags=0x400, mem_id_addr=0xd0020ac4)
[W : PPU[1] Thread (CPUThread)[0x0124810c]]: memory warning: sys_mmapper_allocate_memory(size=0x100000, flags=0x400, mem_id_addr=0xd0020ac4)
[W : PPU[1] Thread (CPUThread)[0x0124810c]]: memory warning: sys_mmapper_allocate_memory(size=0x100000, flags=0x400, mem_id_addr=0xd0020ac4)
[W : PPU[1] Thread (CPUThread)[0x0124810c]]: memory warning: sys_mmapper_allocate_memory(size=0x100000, flags=0x400, mem_id_addr=0xd0020ac4)
[W : PPU[1] Thread (CPUThread)[0x0124810c]]: memory warning: sys_mmapper_allocate_memory(size=0x100000, flags=0x400, mem_id_addr=0xd0020ac4)
[W : PPU[1] Thread (CPUThread)[0x0124810c]]: memory warning: sys_mmapper_allocate_memory(size=0x100000, flags=0x400, mem_id_addr=0xd0020ac4)
[W : PPU[1] Thread (CPUThread)[0x0124810c]]: memory warning: sys_mmapper_allocate_memory(size=0x100000, flags=0x400, mem_id_addr=0xd0020ac4)
[W : PPU[1] Thread (CPUThread)[0x0124810c]]: memory warning: sys_mmapper_allocate_memory(size=0x100000, flags=0x400, mem_id_addr=0xd0020ac4)
[W : PPU[1] Thread (CPUThread)[0x0124810c]]: memory warning: sys_mmapper_allocate_memory(size=0x100000, flags=0x400, mem_id_addr=0xd0020ac4)
[W : PPU[1] Thread (CPUThread)[0x0124810c]]: memory warning: sys_mmapper_allocate_memory(size=0x100000, flags=0x400, mem_id_addr=0xd0020ac4)
[W : PPU[1] Thread (CPUThread)[0x0124810c]]: memory warning: sys_mmapper_allocate_memory(size=0x100000, flags=0x400, mem_id_addr=0xd0020ac4)
[W : PPU[1] Thread (CPUThread)[0x0124810c]]: memory warning: sys_mmapper_allocate_memory(size=0x100000, flags=0x400, mem_id_addr=0xd0020ac4)
[W : PPU[1] Thread (CPUThread)[0x0124810c]]: memory warning: sys_mmapper_allocate_memory(size=0x100000, flags=0x400, mem_id_addr=0xd0020ac4)
[W : PPU[1] Thread (CPUThread)[0x0124810c]]: memory warning: sys_mmapper_allocate_memory(size=0x100000, flags=0x400, mem_id_addr=0xd0020ac4)
[W : PPU[1] Thread (CPUThread)[0x0124810c]]: memory warning: sys_mmapper_allocate_memory(size=0x100000, flags=0x400, mem_id_addr=0xd0020ac4)
[W : PPU[1] Thread (CPUThread)[0x0124810c]]: memory warning: sys_mmapper_allocate_memory(size=0x100000, flags=0x400, mem_id_addr=0xd0020ac4)
[W : PPU[1] Thread (CPUThread)[0x0124810c]]: memory warning: sys_mmapper_allocate_memory(size=0x100000, flags=0x400, mem_id_addr=0xd0020ac4)
[W : PPU[1] Thread (CPUThread)[0x0124810c]]: memory warning: sys_mmapper_allocate_memory(size=0x100000, flags=0x400, mem_id_addr=0xd0020ac4)
[W : PPU[1] Thread (CPUThread)[0x0124810c]]: memory warning: sys_mmapper_allocate_memory(size=0x100000, flags=0x400, mem_id_addr=0xd0020ac4)
[W : PPU[1] Thread (CPUThread)[0x0124810c]]: memory warning: sys_mmapper_allocate_memory(size=0x100000, flags=0x400, mem_id_addr=0xd0020ac4)
[W : PPU[1] Thread (CPUThread)[0x0124810c]]: memory warning: sys_mmapper_allocate_memory(size=0x100000, flags=0x400, mem_id_addr=0xd0020ac4)
[W : PPU[1] Thread (CPUThread)[0x0124810c]]: memory warning: sys_mmapper_allocate_memory(size=0x100000, flags=0x400, mem_id_addr=0xd0020ac4)
[W : PPU[1] Thread (CPUThread)[0x0124810c]]: memory warning: sys_mmapper_allocate_memory(size=0x100000, flags=0x400, mem_id_addr=0xd0020ac4)
[W : PPU[1] Thread (CPUThread)[0x0124810c]]: memory warning: sys_mmapper_allocate_memory(size=0x100000, flags=0x400, mem_id_addr=0xd0020ac4)
[W : PPU[1] Thread (CPUThread)[0x0124810c]]: memory warning: sys_mmapper_allocate_memory(size=0x100000, flags=0x400, mem_id_addr=0xd0020ac4)
[W : PPU[1] Thread (CPUThread)[0x0124810c]]: memory warning: sys_mmapper_allocate_memory(size=0x100000, flags=0x400, mem_id_addr=0xd0020ac4)
[W : PPU[1] Thread (CPUThread)[0x0124810c]]: memory warning: sys_mmapper_allocate_memory(size=0x100000, flags=0x400, mem_id_addr=0xd0020ac4)
[W : PPU[1] Thread (CPUThread)[0x0124810c]]: memory warning: sys_mmapper_allocate_memory(size=0x100000, flags=0x400, mem_id_addr=0xd0020ac4)
[W : PPU[1] Thread (CPUThread)[0x0124810c]]: memory warning: sys_mmapper_allocate_memory(size=0x100000, flags=0x400, mem_id_addr=0xd0020ac4)
[W : PPU[1] Thread (CPUThread)[0x0124810c]]: memory warning: sys_mmapper_allocate_memory(size=0x100000, flags=0x400, mem_id_addr=0xd0020ac4)
[W : PPU[1] Thread (CPUThread)[0x0124810c]]: memory warning: sys_mmapper_allocate_memory(size=0x100000, flags=0x400, mem_id_addr=0xd0020ac4)
[W : PPU[1] Thread (CPUThread)[0x0124810c]]: memory warning: sys_mmapper_allocate_memory(size=0x100000, flags=0x400, mem_id_addr=0xd0020ac4)
[W : PPU[1] Thread (CPUThread)[0x0124810c]]: memory warning: sys_mmapper_allocate_memory(size=0x100000, flags=0x400, mem_id_addr=0xd0020ac4)
[W : PPU[1] Thread (CPUThread)[0x0124810c]]: memory warning: sys_mmapper_allocate_memory(size=0x100000, flags=0x400, mem_id_addr=0xd0020ac4)
[W : PPU[1] Thread (CPUThread)[0x0124810c]]: memory warning: sys_mmapper_allocate_memory(size=0x100000, flags=0x400, mem_id_addr=0xd0020ac4)
[W : PPU[1] Thread (CPUThread)[0x0124810c]]: memory warning: sys_mmapper_allocate_memory(size=0x100000, flags=0x400, mem_id_addr=0xd0020ac4)
[W : PPU[1] Thread (CPUThread)[0x0124810c]]: memory warning: sys_mmapper_allocate_memory(size=0x100000, flags=0x400, mem_id_addr=0xd0020ac4)
[W : PPU[1] Thread (CPUThread)[0x0124810c]]: memory warning: sys_mmapper_allocate_memory(size=0x100000, flags=0x400, mem_id_addr=0xd0020ac4)
[W : PPU[1] Thread (CPUThread)[0x0124810c]]: memory warning: sys_mmapper_allocate_memory(size=0x100000, flags=0x400, mem_id_addr=0xd0020ac4)
[W : PPU[1] Thread (CPUThread)[0x0124810c]]: memory warning: sys_mmapper_allocate_memory(size=0x100000, flags=0x400, mem_id_addr=0xd0020ac4)
[W : PPU[1] Thread (CPUThread)[0x0124810c]]: memory warning: sys_mmapper_allocate_memory(size=0x100000, flags=0x400, mem_id_addr=0xd0020ac4)
[W : PPU[1] Thread (CPUThread)[0x0124810c]]: memory warning: sys_mmapper_allocate_memory(size=0x100000, flags=0x400, mem_id_addr=0xd0020ac4)
[W : PPU[1] Thread (CPUThread)[0x0124810c]]: memory warning: sys_mmapper_allocate_memory(size=0x100000, flags=0x400, mem_id_addr=0xd0020ac4)
[W : PPU[1] Thread (CPUThread)[0x0124810c]]: memory warning: sys_mmapper_allocate_memory(size=0x100000, flags=0x400, mem_id_addr=0xd0020ac4)
[W : PPU[1] Thread (CPUThread)[0x0124810c]]: memory warning: sys_mmapper_allocate_memory(size=0x100000, flags=0x400, mem_id_addr=0xd0020ac4)
[W : PPU[1] Thread (CPUThread)[0x0124810c]]: memory warning: sys_mmapper_allocate_memory(size=0x100000, flags=0x400, mem_id_addr=0xd0020ac4)
[W : PPU[1] Thread (CPUThread)[0x0124810c]]: memory warning: sys_mmapper_allocate_memory(size=0x100000, flags=0x400, mem_id_addr=0xd0020ac4)
[W : PPU[1] Thread (CPUThread)[0x0124810c]]: memory warning: sys_mmapper_allocate_memory(size=0x100000, flags=0x400, mem_id_addr=0xd0020ac4)
[W : PPU[1] Thread (CPUThread)[0x0124810c]]: memory warning: sys_mmapper_allocate_memory(size=0x100000, flags=0x400, mem_id_addr=0xd0020ac4)
[W : PPU[1] Thread (CPUThread)[0x0124810c]]: memory warning: sys_mmapper_allocate_memory(size=0x100000, flags=0x400, mem_id_addr=0xd0020ac4)
[W : PPU[1] Thread (CPUThread)[0x0124810c]]: memory warning: sys_mmapper_allocate_memory(size=0x100000, flags=0x400, mem_id_addr=0xd0020ac4)
[W : PPU[1] Thread (CPUThread)[0x0124810c]]: memory warning: sys_mmapper_allocate_memory(size=0x100000, flags=0x400, mem_id_addr=0xd0020ac4)
[W : PPU[1] Thread (CPUThread)[0x0124810c]]: memory warning: sys_mmapper_allocate_memory(size=0x100000, flags=0x400, mem_id_addr=0xd0020ac4)
[W : PPU[1] Thread (CPUThread)[0x0124810c]]: memory warning: sys_mmapper_allocate_memory(size=0x100000, flags=0x400, mem_id_addr=0xd0020ac4)
[W : PPU[1] Thread (CPUThread)[0x0124810c]]: memory warning: sys_mmapper_allocate_memory(size=0x100000, flags=0x400, mem_id_addr=0xd0020ac4)
[W : PPU[1] Thread (CPUThread)[0x0124810c]]: memory warning: sys_mmapper_allocate_memory(size=0x100000, flags=0x400, mem_id_addr=0xd0020ac4)
[W : PPU[1] Thread (CPUThread)[0x0124810c]]: memory warning: sys_mmapper_allocate_memory(size=0x100000, flags=0x400, mem_id_addr=0xd0020ac4)
[W : PPU[1] Thread (CPUThread)[0x0124810c]]: memory warning: sys_mmapper_allocate_memory(size=0x100000, flags=0x400, mem_id_addr=0xd0020ac4)
[W : PPU[1] Thread (CPUThread)[0x0124810c]]: memory warning: sys_mmapper_allocate_memory(size=0x100000, flags=0x400, mem_id_addr=0xd0020ac4)
[W : PPU[1] Thread (CPUThread)[0x0124810c]]: memory warning: sys_mmapper_allocate_memory(size=0x100000, flags=0x400, mem_id_addr=0xd0020ac4)
[W : PPU[1] Thread (CPUThread)[0x0124810c]]: memory warning: sys_mmapper_allocate_memory(size=0x100000, flags=0x400, mem_id_addr=0xd0020ac4)
[W : PPU[1] Thread (CPUThread)[0x0124804c]]: sys_lwmutex warning: *** lwmutex created [] (attribute=0x22): sq_id = 116
[W : PPU[1] Thread (CPUThread)[0x0124804c]]: sys_lwmutex warning: *** lwmutex created [] (attribute=0x22): sq_id = 117
[W : PPU[1] Thread (CPUThread)[0x0124804c]]: sys_lwmutex warning: *** lwmutex created [acm0] (attribute=0x12): sq_id = 118
[W : PPU[1] Thread (CPUThread)[0x0124804c]]: sys_lwmutex warning: *** lwmutex created [acm1] (attribute=0x12): sq_id = 119
[W : PPU[1] Thread (CPUThread)[0x0082024c]]: sys_mutex warning: *** mutex created [] (protocol=0x2, recursive=false): id = 120
[W : PPU[1] Thread (CPUThread)[0x0124804c]]: sys_lwmutex warning: *** lwmutex created [] (attribute=0x22): sq_id = 121
[E : PPU[1] Thread (CPUThread)[0x0002226c]]: PPUInterpreter::FRSQRTE #pc: 0x2226c
[! : PPU[1] Thread (CPUThread)[0x0002226c]]: r0 = 0x22860
[! : PPU[1] Thread (CPUThread)[0x0002226c]]: r1 = 0xd0020640
[! : PPU[1] Thread (CPUThread)[0x0002226c]]: r2 = 0xec3038
[! : PPU[1] Thread (CPUThread)[0x0002226c]]: r3 = 0xd00207f8
[! : PPU[1] Thread (CPUThread)[0x0002226c]]: r4 = 0xd00206f0
[! : PPU[1] Thread (CPUThread)[0x0002226c]]: r5 = 0xc
[! : PPU[1] Thread (CPUThread)[0x0002226c]]: r6 = 0xd0020670
[! : PPU[1] Thread (CPUThread)[0x0002226c]]: r7 = 0xdab9cb5f
[! : PPU[1] Thread (CPUThread)[0x0002226c]]: r8 = 0xa6a52ad8
[! : PPU[1] Thread (CPUThread)[0x0002226c]]: r9 = 0xe239fad3
[! : PPU[1] Thread (CPUThread)[0x0002226c]]: r10 = 0xdc
[! : PPU[1] Thread (CPUThread)[0x0002226c]]: r11 = 0x3fdb67a3
[! : PPU[1] Thread (CPUThread)[0x0002226c]]: r12 = 0x40000
[! : PPU[1] Thread (CPUThread)[0x0002226c]]: r13 = 0x30007060
[! : PPU[1] Thread (CPUThread)[0x0002226c]]: r14 = 0x0
[! : PPU[1] Thread (CPUThread)[0x0002226c]]: r15 = 0xc1c2f8
[! : PPU[1] Thread (CPUThread)[0x0002226c]]: r16 = 0xf2bb0c
[! : PPU[1] Thread (CPUThread)[0x0002226c]]: r17 = 0xf2bb14
[! : PPU[1] Thread (CPUThread)[0x0002226c]]: r18 = 0xf2bb1c
[! : PPU[1] Thread (CPUThread)[0x0002226c]]: r19 = 0xf2bb24
[! : PPU[1] Thread (CPUThread)[0x0002226c]]: r20 = 0xc1c358
[! : PPU[1] Thread (CPUThread)[0x0002226c]]: r21 = 0xf2bb34
[! : PPU[1] Thread (CPUThread)[0x0002226c]]: r22 = 0xf2bb3c
[! : PPU[1] Thread (CPUThread)[0x0002226c]]: r23 = 0xf2bb44
[! : PPU[1] Thread (CPUThread)[0x0002226c]]: r24 = 0xf2bb4c
[! : PPU[1] Thread (CPUThread)[0x0002226c]]: r25 = 0xd00206f0
[! : PPU[1] Thread (CPUThread)[0x0002226c]]: r26 = 0x0
[! : PPU[1] Thread (CPUThread)[0x0002226c]]: r27 = 0x0
[! : PPU[1] Thread (CPUThread)[0x0002226c]]: r28 = 0x30103114
[! : PPU[1] Thread (CPUThread)[0x0002226c]]: r29 = 0x30104124
[! : PPU[1] Thread (CPUThread)[0x0002226c]]: r30 = 0x225b8
[! : PPU[1] Thread (CPUThread)[0x0002226c]]: r31 = 0x30102100
[! : PPU[1] Thread (CPUThread)[0x0002226c]]: f0 = 0.000000
[! : PPU[1] Thread (CPUThread)[0x0002226c]]: f1 = 0.000000
[! : PPU[1] Thread (CPUThread)[0x0002226c]]: f2 = 0.000000
[! : PPU[1] Thread (CPUThread)[0x0002226c]]: f3 = 0.000000
[! : PPU[1] Thread (CPUThread)[0x0002226c]]: f4 = 0.000000
[! : PPU[1] Thread (CPUThread)[0x0002226c]]: f5 = 0.000000
[! : PPU[1] Thread (CPUThread)[0x0002226c]]: f6 = 0.000000
[! : PPU[1] Thread (CPUThread)[0x0002226c]]: f7 = 0.000000
[! : PPU[1] Thread (CPUThread)[0x0002226c]]: f8 = 0.000000
[! : PPU[1] Thread (CPUThread)[0x0002226c]]: f9 = 0.000000
[! : PPU[1] Thread (CPUThread)[0x0002226c]]: f10 = 0.000000
[! : PPU[1] Thread (CPUThread)[0x0002226c]]: f11 = 0.000000
[! : PPU[1] Thread (CPUThread)[0x0002226c]]: f12 = 0.000000
[! : PPU[1] Thread (CPUThread)[0x0002226c]]: f13 = 0.000000
[! : PPU[1] Thread (CPUThread)[0x0002226c]]: f14 = 0.000000
[! : PPU[1] Thread (CPUThread)[0x0002226c]]: f15 = 0.000000
[! : PPU[1] Thread (CPUThread)[0x0002226c]]: f16 = 0.000000
[! : PPU[1] Thread (CPUThread)[0x0002226c]]: f17 = 0.000000
[! : PPU[1] Thread (CPUThread)[0x0002226c]]: f18 = 0.000000
[! : PPU[1] Thread (CPUThread)[0x0002226c]]: f19 = 0.000000
[! : PPU[1] Thread (CPUThread)[0x0002226c]]: f20 = 0.000000
[! : PPU[1] Thread (CPUThread)[0x0002226c]]: f21 = 0.000000
[! : PPU[1] Thread (CPUThread)[0x0002226c]]: f22 = 0.000000
[! : PPU[1] Thread (CPUThread)[0x0002226c]]: f23 = 0.000000
[! : PPU[1] Thread (CPUThread)[0x0002226c]]: f24 = 0.000000
[! : PPU[1] Thread (CPUThread)[0x0002226c]]: f25 = 0.000000
[! : PPU[1] Thread (CPUThread)[0x0002226c]]: f26 = 0.000000
[! : PPU[1] Thread (CPUThread)[0x0002226c]]: f27 = 0.000000
[! : PPU[1] Thread (CPUThread)[0x0002226c]]: f28 = 0.000000
[! : PPU[1] Thread (CPUThread)[0x0002226c]]: f29 = 0.000000
[! : PPU[1] Thread (CPUThread)[0x0002226c]]: f30 = 0.000000
[! : PPU[1] Thread (CPUThread)[0x0002226c]]: f31 = 0.000000
[! : PPU[1] Thread (CPUThread)[0x0002226c]]: v0 = 0x0000000000000000000000003f800000 [x: 0 y: 0 z: 0 w: 1]
[! : PPU[1] Thread (CPUThread)[0x0002226c]]: v1 = 0x00000000000000000000000000000000 [x: 0 y: 0 z: 0 w: 0]
[! : PPU[1] Thread (CPUThread)[0x0002226c]]: v2 = 0x0000000000000000bf333333bf333333 [x: 0 y: 0 z: -0.7 w: -0.7]
[! : PPU[1] Thread (CPUThread)[0x0002226c]]: v3 = 0xbf333333bf333333bf333333bf333333 [x: -0.7 y: -0.7 z: -0.7 w: -0.7]
[! : PPU[1] Thread (CPUThread)[0x0002226c]]: v4 = 0xbf266666bf6db6db3f22f9833f000000 [x: -0.65 y: -0.928571 z: 0.63662 w: 0.5]
[! : PPU[1] Thread (CPUThread)[0x0002226c]]: v5 = 0x00000001000000010000000100000001 [x: 1.4013e-045 y: 1.4013e-045 z: 1.4013e-045 w: 1.4013e-045]
[! : PPU[1] Thread (CPUThread)[0x0002226c]]: v6 = 0x42c8000042c8000042c8000042c80000 [x: 100 y: 100 z: 100 w: 100]
[! : PPU[1] Thread (CPUThread)[0x0002226c]]: v7 = 0x00000000000000000000000000000000 [x: 0 y: 0 z: 0 w: 0]
[! : PPU[1] Thread (CPUThread)[0x0002226c]]: v8 = 0x00000000000000000000000000000000 [x: 0 y: 0 z: 0 w: 0]
[! : PPU[1] Thread (CPUThread)[0x0002226c]]: v9 = 0x00000000000000000000000000000000 [x: 0 y: 0 z: 0 w: 0]
[! : PPU[1] Thread (CPUThread)[0x0002226c]]: v10 = 0x00000000000000000000000000000000 [x: 0 y: 0 z: 0 w: 0]
[! : PPU[1] Thread (CPUThread)[0x0002226c]]: v11 = 0x00000000000000000000000000000000 [x: 0 y: 0 z: 0 w: 0]
[! : PPU[1] Thread (CPUThread)[0x0002226c]]: v12 = 0x00000000000000000000000000000000 [x: 0 y: 0 z: 0 w: 0]
[! : PPU[1] Thread (CPUThread)[0x0002226c]]: v13 = 0x00000000000000000000000000000000 [x: 0 y: 0 z: 0 w: 0]
[! : PPU[1] Thread (CPUThread)[0x0002226c]]: v14 = 0x00000000000000000000000000000000 [x: 0 y: 0 z: 0 w: 0]
[! : PPU[1] Thread (CPUThread)[0x0002226c]]: v15 = 0x00000000000000000000000000000000 [x: 0 y: 0 z: 0 w: 0]
[! : PPU[1] Thread (CPUThread)[0x0002226c]]: v16 = 0x00000000000000000000000000000000 [x: 0 y: 0 z: 0 w: 0]
[! : PPU[1] Thread (CPUThread)[0x0002226c]]: v17 = 0x00000000000000000000000000000000 [x: 0 y: 0 z: 0 w: 0]
[! : PPU[1] Thread (CPUThread)[0x0002226c]]: v18 = 0x00000000000000000000000000000000 [x: 0 y: 0 z: 0 w: 0]
[! : PPU[1] Thread (CPUThread)[0x0002226c]]: v19 = 0x00000000000000000000000000000000 [x: 0 y: 0 z: 0 w: 0]
[! : PPU[1] Thread (CPUThread)[0x0002226c]]: v20 = 0x00000000000000000000000000000000 [x: 0 y: 0 z: 0 w: 0]
[! : PPU[1] Thread (CPUThread)[0x0002226c]]: v21 = 0x00000000000000000000000000000000 [x: 0 y: 0 z: 0 w: 0]
[! : PPU[1] Thread (CPUThread)[0x0002226c]]: v22 = 0x00000000000000000000000000000000 [x: 0 y: 0 z: 0 w: 0]
[! : PPU[1] Thread (CPUThread)[0x0002226c]]: v23 = 0x00000000000000000000000000000000 [x: 0 y: 0 z: 0 w: 0]
[! : PPU[1] Thread (CPUThread)[0x0002226c]]: v24 = 0x00000000000000000000000000000000 [x: 0 y: 0 z: 0 w: 0]
[! : PPU[1] Thread (CPUThread)[0x0002226c]]: v25 = 0x00000000000000000000000000000000 [x: 0 y: 0 z: 0 w: 0]
[! : PPU[1] Thread (CPUThread)[0x0002226c]]: v26 = 0x00000000000000000000000000000000 [x: 0 y: 0 z: 0 w: 0]
[! : PPU[1] Thread (CPUThread)[0x0002226c]]: v27 = 0x00000000000000000000000000000000 [x: 0 y: 0 z: 0 w: 0]
[! : PPU[1] Thread (CPUThread)[0x0002226c]]: v28 = 0x00000000000000000000000000000000 [x: 0 y: 0 z: 0 w: 0]
[! : PPU[1] Thread (CPUThread)[0x0002226c]]: v29 = 0x00000000000000000000000000000000 [x: 0 y: 0 z: 0 w: 0]
[! : PPU[1] Thread (CPUThread)[0x0002226c]]: v30 = 0x00000000000000000000000000000000 [x: 0 y: 0 z: 0 w: 0]
[! : PPU[1] Thread (CPUThread)[0x0002226c]]: v31 = 0x00000000000000000000000000000000 [x: 0 y: 0 z: 0 w: 0]
[! : PPU[1] Thread (CPUThread)[0x0002226c]]: CR = 0x44000048
[! : PPU[1] Thread (CPUThread)[0x0002226c]]: LR = 0x226c4
[! : PPU[1] Thread (CPUThread)[0x0002226c]]: CTR = 0x0
[! : PPU[1] Thread (CPUThread)[0x0002226c]]: XER = 0x0 [CA=0 | OV=0 | SO=0]
[! : PPU[1] Thread (CPUThread)[0x0002226c]]: FPSCR = 0x82004000 [RN=0 | NI=0 | XE=0 | ZE=0 | UE=0 | OE=0 | VE=0 | VXCVI=0 | VXSQRT=0 | VXSOFT=0 | FPRF=4 | FI=0 | FR=0 | VXVC=0 | VXIMZ=0 | VXZDZ=0 | VXIDI=0 | VXISI=0 | VXSNAN=0 | XX=1 | ZX=0 | UX=0 | OX=0 | VX=0 | FEX=0 | FX=1]
[!]: Closing memory...
