[!]: Loading 'D:\Emulateur\Rpcs3\dev_hdd0\game\BLES01228-[Devil May Cry_ HD Collection]\PS3_GAME\USRDIR\BOOT.BIN'...
[!]: Mount info:
[!]: /dev_hdd0/ -> D:\Emulateur\Rpcs3\dev_hdd0\
[!]: /dev_hdd1/ -> D:\Emulateur\Rpcs3\dev_hdd1\
[!]: /dev_flash/ -> D:\Emulateur\Rpcs3\dev_flash\
[!]: /dev_usb000/ -> D:\Emulateur\Rpcs3\dev_usb000\
[!]: /dev_usb/ -> D:\Emulateur\Rpcs3\dev_usb000\
[!]: /app_home/ -> D:\Emulateur\Rpcs3\dev_hdd0\game\BLES01228-[Devil May Cry_ HD Collection]\PS3_GAME\
[!]: /dev_bdvd/ -> D:\Emulateur\Rpcs3\dev_hdd0\game\BLES01228-[Devil May Cry_ HD Collection]\PS3_GAME\\..\
[!]: /host_root/ -> 
[!]: / -> D:\Emulateur\Rpcs3\dev_hdd0\game\BLES01228-[Devil May Cry_ HD Collection]\PS3_GAME\
[!]: Initing memory...
[!]: Memory initialized.
[W]: Unknown module 'libgem'
[W]: Unknown function 0x0e63c444 in 'cellCamera' module
[E]: TODO: cellCameraGetBufferInfoEx
[W]: Unknown function 0x21fc151f in 'cellCamera' module
[E]: TODO: cellCameraReadEx
[W]: Unknown function 0x44673f07 in 'cellCamera' module
[E]: TODO: cellCameraRemoveNotifyEventQueue2
[W]: Unknown function 0x456dc4aa in 'cellCamera' module
[E]: TODO: cellCameraStart
[W]: Unknown function 0x58bc5870 in 'cellCamera' module
[E]: TODO: cellCameraGetType
[W]: Unknown function 0x5d25f866 in 'cellCamera' module
[E]: TODO: cellCameraOpenEx
[W]: Unknown function 0x81f83db9 in 'cellCamera' module
[E]: TODO: cellCameraReset
[W]: Unknown function 0xa7fd2f5b in 'cellCamera' module
[E]: TODO: cellCameraSetNotifyEventQueue2
[W]: Unknown function 0xbf47c5dd in 'cellCamera' module
[E]: TODO: cellCameraInit
[W]: Unknown function 0x0247c69e in 'cellSail' module
[E]: TODO: cellSailGraphicsAdapterGetFrame
[W]: Unknown function 0x0abb318b in 'cellSail' module
[E]: TODO: cellSailDescriptorCreateDatabase
[W]: Unknown function 0x1139a206 in 'cellSail' module
[E]: TODO: cellSailPlayerSetSoundAdapter
[W]: Unknown function 0x18b4629d in 'cellSail' module
[E]: TODO: cellSailPlayerFinalize
[W]: Unknown function 0x18bcd21b in 'cellSail' module
[E]: TODO: cellSailPlayerSetGraphicsAdapter
[W]: Unknown function 0x1c983864 in 'cellSail' module
[E]: TODO: cellSailGraphicsAdapterInitialize
[W]: Unknown function 0x23654375 in 'cellSail' module
[E]: TODO: cellSailPlayerInitialize2
[W]: Unknown function 0x28336e89 in 'cellSail' module
[E]: TODO: cellSailDescriptorDestroyDatabase
[W]: Unknown function 0x2e3ccb5e in 'cellSail' module
[E]: TODO: cellSailGraphicsAdapterSetPreferredFormat
[W]: Unknown function 0x346ebba3 in 'cellSail' module
[E]: TODO: cellSailMemAllocatorInitialize
[W]: Unknown function 0x34ecc1b9 in 'cellSail' module
[E]: TODO: cellSailPlayerOpenStream
[W]: Unknown function 0x3a2d806c in 'cellSail' module
[E]: TODO: cellSailFutureGet
[W]: Unknown function 0x3d0d3b72 in 'cellSail' module
[E]: TODO: cellSailSoundAdapterInitialize
[W]: Unknown function 0x44a20e79 in 'cellSail' module
[E]: TODO: cellSailGraphicsAdapterUpdateAvSync
[W]: Unknown function 0x47632810 in 'cellSail' module
[E]: TODO: cellSailPlayerReplaceEventHandler
[W]: Unknown function 0x4ae979df in 'cellSail' module
[E]: TODO: cellSailSoundAdapterPtsToTimePosition
[W]: Unknown function 0x4cc54f8e in 'cellSail' module
[E]: TODO: cellSailFutureInitialize
[W]: Unknown function 0x76488bb1 in 'cellSail' module
[E]: TODO: cellSailGraphicsAdapterFinalize
[W]: Unknown function 0x7c8dff3b in 'cellSail' module
[E]: TODO: cellSailPlayerAddDescriptor
[W]: Unknown function 0x7eb8d6b5 in 'cellSail' module
[E]: TODO: cellSailSoundAdapterGetFrame
[W]: Unknown function 0x85beffcc in 'cellSail' module
[E]: TODO: cellSailPlayerCloseStream
[W]: Unknown function 0x9553af65 in 'cellSail' module
[E]: TODO: cellSailFutureFinalize
[W]: Unknown function 0xa37fed15 in 'cellSail' module
[E]: TODO: cellSailFutureSet
[W]: Unknown function 0xbdf21b0f in 'cellSail' module
[E]: TODO: cellSailPlayerBoot
[W]: Unknown function 0xd1462438 in 'cellSail' module
[E]: TODO: cellSailSoundAdapterFinalize
[W]: Unknown function 0xd1d55a90 in 'cellSail' module
[E]: TODO: cellSailPlayerSetPaused
[W]: Unknown function 0xd5f9a15b in 'cellSail' module
[E]: TODO: cellSailDescriptorGetStreamType
[W]: Unknown function 0xd7938b8d in 'cellSail' module
[E]: TODO: cellSailPlayerCreateDescriptor
[W]: Unknown function 0xe535b0d3 in 'cellSail' module
[E]: TODO: cellSailPlayerStart
[W]: Unknown function 0xeba8d4ec in 'cellSail' module
[E]: TODO: cellSailPlayerStop
[W]: Unknown function 0xeec22809 in 'cellSail' module
[E]: TODO: cellSailSoundAdapterUpdateAvSync
[W]: Unknown function 0xf25f197d in 'cellSail' module
[E]: TODO: cellSailSoundAdapterGetFormat
[W]: Unknown function 0xfc5baf8a in 'cellSail' module
[E]: TODO: cellSailPlayerSetRepeatMode
[W]: Unknown function 0xfc839bd4 in 'cellSail' module
[E]: TODO: cellSailPlayerDestroyDescriptor
[W]: Unknown function 0x20543730 in 'cellSysutil' module
[E]: TODO: cellMsgDialogClose
[W]: Unknown function 0x8b7ed64b in 'cellSysutil' module
[E]: TODO: cellSaveDataAutoSave2
[W]: Unknown function 0xa11552f6 in 'cellSysutil' module
[E]: TODO: cellSysutilGetBgmPlaybackStatus
[W]: Unknown function 0xedadd797 in 'cellSysutil' module
[E]: TODO: cellSaveDataDelete2
[W]: Unknown function 0xfbd5c856 in 'cellSysutil' module
[E]: TODO: cellSaveDataAutoLoad2
[W]: Unknown function 0x63387071 in 'cellGcmSys' module
[E]: TODO: cellGcmGetLastFlipTime
[W]: Unknown function 0xacee8542 in 'cellGcmSys' module
[E]: TODO: cellGcmSetFlipImmediate
[W]: Unknown function 0xd01b570d in 'cellGcmSys' module
[E]: TODO: cellGcmSetGraphicsHandler
[W]: Unknown function 0x7f13fc8c in 'sys_fs' module
[E]: TODO: cellFsAioCancel
[W]: Unknown function 0x6d3bb15b in 'sys_fs' module
[E]: TODO: cellFsSdataOpenByFd
[W]: Unknown function 0x967a162b in 'sys_fs' module
[E]: TODO: cellFsFsync
[W]: Unknown function 0xaa3b4bcd in 'sys_fs' module
[E]: TODO: cellFsGetFreeSize
[W]: Unknown function 0x28e208bb in 'sys_net' module
[E]: TODO: listen
[W]: Unknown function 0x3f09e20a in 'sys_net' module
[E]: TODO: socketselect
[W]: Unknown function 0x6005cde1 in 'sys_net' module
[E]: TODO: _sys_net_errno_loc
[W]: Unknown function 0x64f66d35 in 'sys_net' module
[E]: TODO: connect
[W]: Unknown function 0x6db6e8cd in 'sys_net' module
[E]: TODO: socketclose
[W]: Unknown function 0x88f03575 in 'sys_net' module
[E]: TODO: setsockopt
[W]: Unknown function 0x9c056962 in 'sys_net' module
[E]: TODO: socket
[W]: Unknown function 0xb0a59804 in 'sys_net' module
[E]: TODO: bind
[W]: Unknown function 0xc94f6939 in 'sys_net' module
[E]: TODO: accept
[W]: Unknown function 0xdabbc2c0 in 'sys_net' module
[E]: TODO: inet_addr
[W]: Unknown function 0xdc751b40 in 'sys_net' module
[E]: TODO: send
[W]: Unknown function 0xfba04f37 in 'sys_net' module
[E]: TODO: recv
[W]: Unknown function 0xad218faf in 'sceNp' module
[E]: TODO: sceNpDrmIsAvailable
[W]: Unknown function 0xf042b14f in 'sceNp' module
[E]: TODO: sceNpDrmIsAvailable2
[W]: Unknown function 0x41251f74 in 'sceNp2' module
[E]: TODO: sceNp2Init
[W]: Unknown function 0xaadb7c12 in 'sceNp2' module
[E]: TODO: sceNp2Term
[W]: Unknown module 'cellSysutilAvconfExt'
[W]: Unknown module 'cellUserInfo'
[W]: Unknown function 0x05709bbf in 'cellMic' module
[E]: TODO: cellMicOpenEx
[W]: Unknown function 0x07e1b12c in 'cellMic' module
[E]: TODO: cellMicRead
[W]: Unknown function 0x7903400e in 'cellMic' module
[E]: TODO: cellMicSetNotifyEventQueue
[W]: Unknown function 0x8d229f8e in 'cellMic' module
[E]: TODO: cellMicClose
[W]: Unknown function 0xdd724314 in 'cellMic' module
[E]: TODO: cellMicStart
[W]: Unknown function 0xfcfaf246 in 'cellMic' module
[E]: TODO: cellMicStop
[W]: Unknown function 0x07529113 in 'cellSpurs' module
[E]: TODO: cellSpursAttributeSetNamePrefix
[W]: Unknown function 0x1051d134 in 'cellSpurs' module
[E]: TODO: cellSpursAttributeEnableSpuPrintfIfAvailable
[W]: Unknown function 0x22aab31d in 'cellSpurs' module
[E]: TODO: cellSpursEventFlagDetachLv2EventQueue
[W]: Unknown function 0x303c19cd in 'cellSpurs' module
[E]: TODO: cellSpursCreateJobChainWithAttribute
[W]: Unknown function 0x3548f483 in 'cellSpurs' module
[E]: TODO: _cellSpursJobChainAttributeInitialize
[W]: Unknown function 0x373523d4 in 'cellSpurs' module
[E]: TODO: cellSpursEventFlagWait
[W]: Unknown function 0x4ac7bae4 in 'cellSpurs' module
[E]: TODO: cellSpursEventFlagClear
[W]: Unknown function 0x5202e53b in 'cellSpurs' module
[E]: TODO: cellSpursJobChainSetExceptionEventHandler
[W]: Unknown function 0x5ef96465 in 'cellSpurs' module
[E]: TODO: _cellSpursEventFlagInitialize
[W]: Unknown function 0x68aaeba9 in 'cellSpurs' module
[E]: TODO: cellSpursJobGuardInitialize
[W]: Unknown function 0x738e40e6 in 'cellSpurs' module
[E]: TODO: cellSpursShutdownJobChain
[W]: Unknown function 0x82275c1c in 'cellSpurs' module
[E]: TODO: cellSpursAttributeSetMemoryContainerForSpuThread
[W]: Unknown function 0x87630976 in 'cellSpurs' module
[E]: TODO: cellSpursEventFlagAttachLv2EventQueue
[W]: Unknown function 0x95180230 in 'cellSpurs' module
[E]: TODO: _cellSpursAttributeInitialize
[W]: Unknown function 0x9fef70c2 in 'cellSpurs' module
[E]: TODO: cellSpursJobChainAttributeSetName
[W]: Unknown function 0xa7c066de in 'cellSpurs' module
[E]: TODO: cellSpursJoinJobChain
[W]: Unknown function 0xaa6269a8 in 'cellSpurs' module
[E]: TODO: cellSpursInitializeWithAttribute
[W]: Unknown function 0xca4c4600 in 'cellSpurs' module
[E]: TODO: cellSpursFinalize
[W]: Unknown function 0xd5d0b256 in 'cellSpurs' module
[E]: TODO: cellSpursJobGuardNotify
[W]: Unknown function 0xf31731bb in 'cellSpurs' module
[E]: TODO: cellSpursRunJobChain
[W]: Unknown function 0xf5507729 in 'cellSpurs' module
[E]: TODO: cellSpursEventFlagSet
[W]: Unknown function 0x26090058 in 'sysPrxForUser' module
[E]: TODO: sys_prx_load_module
[W]: Unknown function 0x8a561d92 in 'sysPrxForUser' module
[E]: TODO: _sys_heap_free
[W]: Unknown function 0xa330ad84 in 'sysPrxForUser' module
[E]: TODO: sys_prx_load_module_on_memcontainer_by_fd
[W]: Unknown function 0xaa6d9bff in 'sysPrxForUser' module
[E]: TODO: sys_prx_load_module_on_memcontainer
[W]: Unknown function 0xaede4b03 in 'sysPrxForUser' module
[E]: TODO: _sys_heap_delete_heap
[W]: Unknown function 0xdd3b27ac in 'sysPrxForUser' module
[E]: TODO: _sys_spu_printf_finalize
[W]: Unknown function 0xef68c17c in 'sysPrxForUser' module
[E]: TODO: sys_prx_load_module_by_fd
[! : PPU[1] Thread (CPUThread)[0x00010230]]: PPU[1] Thread (CPUThread) enter
[W : PPU[1] Thread (CPUThread)[0x00338f5c]]: cellSysutil warning: cellSysutilGetSystemParamInt: CELL_SYSUTIL_SYSTEMPARAM_ID_TIMEZONE
[W : PPU[1] Thread (CPUThread)[0x00338f5c]]: cellSysutil warning: cellSysutilGetSystemParamInt: CELL_SYSUTIL_SYSTEMPARAM_ID_SUMMERTIME
[W : PPU[1] Thread (CPUThread)[0x0033f8ac]]: cellSysutil warning: cellSysutilGetSystemParamInt: CELL_SYSUTIL_SYSTEMPARAM_ID_TIMEZONE
[W : PPU[1] Thread (CPUThread)[0x0033f8ac]]: cellSysutil warning: cellSysutilGetSystemParamInt: CELL_SYSUTIL_SYSTEMPARAM_ID_SUMMERTIME
[W : PPU[1] Thread (CPUThread)[0x0033a9cc]]: cellSysutil warning: cellSysutilGetSystemParamInt: CELL_SYSUTIL_SYSTEMPARAM_ID_TIMEZONE
[W : PPU[1] Thread (CPUThread)[0x0033a9cc]]: cellSysutil warning: cellSysutilGetSystemParamInt: CELL_SYSUTIL_SYSTEMPARAM_ID_SUMMERTIME
[W : PPU[1] Thread (CPUThread)[0x0033f8ac]]: cellSysutil warning: cellSysutilGetSystemParamInt: CELL_SYSUTIL_SYSTEMPARAM_ID_TIMEZONE
[W : PPU[1] Thread (CPUThread)[0x0033f8ac]]: cellSysutil warning: cellSysutilGetSystemParamInt: CELL_SYSUTIL_SYSTEMPARAM_ID_SUMMERTIME
[W : PPU[1] Thread (CPUThread)[0x00338f08]]: cellSysutil warning: cellSysutilGetSystemParamInt: CELL_SYSUTIL_SYSTEMPARAM_ID_TIMEZONE
[W : PPU[1] Thread (CPUThread)[0x00338f08]]: cellSysutil warning: cellSysutilGetSystemParamInt: CELL_SYSUTIL_SYSTEMPARAM_ID_SUMMERTIME
[W : PPU[1] Thread (CPUThread)[0x0033a9cc]]: cellSysutil warning: cellSysutilGetSystemParamInt: CELL_SYSUTIL_SYSTEMPARAM_ID_TIMEZONE
[W : PPU[1] Thread (CPUThread)[0x0033a9cc]]: cellSysutil warning: cellSysutilGetSystemParamInt: CELL_SYSUTIL_SYSTEMPARAM_ID_SUMMERTIME
[W : PPU[1] Thread (CPUThread)[0x00551058]]: cellSysutil warning: cellSysutilRegisterCallback(slot=0, func_addr=0x42bc90, userdata=0x0)
[W : PPU[1] Thread (CPUThread)[0x0055501c]]: cellGcmSys warning: cellGcmInit(context_addr=0x53b7e4,cmdSize=0x3ff000,ioSize=0x400000,ioAddress=0x30010000)
[W : PPU[1] Thread (CPUThread)[0x0055501c]]: cellGcmSys warning: *** local memory(addr=0xc0000000, size=0xf900000)
[W : PPU[1] Thread (CPUThread)[0x0055501c]]: cellGcmSys warning: cellGcmMapEaIoAddress(ea=0x30010000, io=0x0, size=0x400000)
[! : RSXThread]: RSX thread entry
[W : PPU[1] Thread (CPUThread)[0x002c9600]]: memory warning: sys_mmapper_allocate_address(size=0x20000000, flags=0x40f, alignment=0x10000000, alloc_addr=0xd00208d0)
[W : PPU[1] Thread (CPUThread)[0x002c960c]]: memory warning: sys_memory_get_user_memory_size(mem_info_addr=0xd00208d8)
[W : PPU[1] Thread (CPUThread)[0x002c9654]]: memory warning: sys_mmapper_allocate_address(size=0x10000000, flags=0x20f, alignment=0x10000000, alloc_addr=0xd00208d0)
[W : PPU[1] Thread (CPUThread)[0x0056b13c]]: memory warning: sys_mmapper_allocate_memory(size=0x100000, flags=0x400, mem_id_addr=0xd00208d0)
[W : PPU[1] Thread (CPUThread)[0x0056b16c]]: memory warning: sys_mmapper_map_memory(start_addr=0x0, mem_id=0xf, flags=0x40000)
[W : PPU[1] Thread (CPUThread)[0x0056b16c]]: memory mapped 0x30500000 to 0x0 size=0x100000
[W : PPU[1] Thread (CPUThread)[0x00555094]]: cellGcmSys warning: cellGcmMapMainMemory(ea=0x0,size=0x100000,offset_addr=0xd00208d4)
[W : PPU[1] Thread (CPUThread)[0x0055501c]]: cellGcmSys warning: cellGcmInit(context_addr=0x53b7e4,cmdSize=0x3ff000,ioSize=0x400000,ioAddress=0x30600000)
[W : PPU[1] Thread (CPUThread)[0x0055501c]]: cellGcmSys warning: *** local memory(addr=0xc0000000, size=0xf900000)
[W : PPU[1] Thread (CPUThread)[0x0055501c]]: cellGcmSys warning: cellGcmMapEaIoAddress(ea=0x30600000, io=0x0, size=0x400000)
[! : RSXThread]: RSX thread exit...
[! : RSXThread]: RSX thread entry
[W : PPU[1] Thread (CPUThread)[0x002c9600]]: memory warning: sys_mmapper_allocate_address(size=0x20000000, flags=0x40f, alignment=0x10000000, alloc_addr=0xd00208d0)
[W : PPU[1] Thread (CPUThread)[0x002c960c]]: memory warning: sys_memory_get_user_memory_size(mem_info_addr=0xd00208d8)
[W : PPU[1] Thread (CPUThread)[0x002c9654]]: memory warning: sys_mmapper_allocate_address(size=0x10000000, flags=0x20f, alignment=0x10000000, alloc_addr=0xd00208d0)
[W : PPU[1] Thread (CPUThread)[0x000403bc]]: sys_spu warning: sys_spu_initialize(max_usable_spu=6, max_raw_spu=1)
[W : PPU[1] Thread (CPUThread)[0x0040c010]]: cellSysmodule warning: cellSysmoduleLoadModule(CELL_SYSMODULE_SYSUTIL_GAME)
[W : PPU[1] Thread (CPUThread)[0x0040c010]]: cellSysmodule warning: cellSysmoduleLoadModule(CELL_SYSMODULE_SYSUTIL_LICENSEAREA)
[W : PPU[1] Thread (CPUThread)[0x0040c010]]: cellSysmodule warning: cellSysmoduleLoadModule(CELL_SYSMODULE_RTC)
[W : PPU[1] Thread (CPUThread)[0x0040c010]]: cellSysmodule warning: cellSysmoduleLoadModule(CELL_SYSMODULE_SYSUTIL_USERINFO)
[W : PPU[1] Thread (CPUThread)[0x0055101c]]: cellSysutil warning: cellSysutilGetSystemParamInt: CELL_SYSUTIL_SYSTEMPARAM_ID_LANG
[W : PPU[1] Thread (CPUThread)[0x0040e040]]: cellGame warning: cellGameBootCheck(type_addr=0x45b994, attributes_addr=0x45b998, size_addr=0x45b970, dirName_addr=0xd0020878)
[W : PPU[1] Thread (CPUThread)[0x0040e004]]: cellGame warning: cellGameGetParamString(id=100, buf_addr=0x45b9a8, bufsize=128)
[W : PPU[1] Thread (CPUThread)[0x0040e01c]]: cellGame warning: cellGameContentPermit(contentInfoPath_addr=0xd0020998, usrdirPath_addr=0xd0020898)
[W : PPU[1] Thread (CPUThread)[0x0055501c]]: cellGcmSys warning: cellGcmInit(context_addr=0x53b7e4,cmdSize=0x3ff000,ioSize=0x400000,ioAddress=0x30a00000)
[W : PPU[1] Thread (CPUThread)[0x0055501c]]: cellGcmSys warning: *** local memory(addr=0xc0000000, size=0xf900000)
[W : PPU[1] Thread (CPUThread)[0x0055501c]]: cellGcmSys warning: cellGcmMapEaIoAddress(ea=0x30a00000, io=0x0, size=0x400000)
[! : RSXThread]: RSX thread exit...
[! : RSXThread]: RSX thread entry
[W : PPU[1] Thread (CPUThread)[0x002c9600]]: memory warning: sys_mmapper_allocate_address(size=0x20000000, flags=0x40f, alignment=0x10000000, alloc_addr=0xd00204b0)
[W : PPU[1] Thread (CPUThread)[0x002c960c]]: memory warning: sys_memory_get_user_memory_size(mem_info_addr=0xd00204b8)
[W : PPU[1] Thread (CPUThread)[0x002c9654]]: memory warning: sys_mmapper_allocate_address(size=0x10000000, flags=0x20f, alignment=0x10000000, alloc_addr=0xd00204b0)
[W : PPU[1] Thread (CPUThread)[0x0056b13c]]: memory warning: sys_mmapper_allocate_memory(size=0x100000, flags=0x400, mem_id_addr=0xd00204b0)
[W : PPU[1] Thread (CPUThread)[0x0056b16c]]: memory warning: sys_mmapper_map_memory(start_addr=0x0, mem_id=0x10, flags=0x40000)
[E : PPU[1] Thread (CPUThread)[0x0056b16c]]: memory error: sys_mmapper_map_memory failed!
[W : PPU[1] Thread (CPUThread)[0x00555094]]: cellGcmSys warning: cellGcmMapMainMemory(ea=0x0,size=0x100000,offset_addr=0xd00204b4)
[W : PPU[1] Thread (CPUThread)[0x0055501c]]: cellGcmSys warning: cellGcmInit(context_addr=0x53b7e4,cmdSize=0x3ff000,ioSize=0x400000,ioAddress=0x30f00000)
[W : PPU[1] Thread (CPUThread)[0x0055501c]]: cellGcmSys warning: *** local memory(addr=0xc0000000, size=0xf900000)
[W : PPU[1] Thread (CPUThread)[0x0055501c]]: cellGcmSys warning: cellGcmMapEaIoAddress(ea=0x30f00000, io=0x0, size=0x400000)
[! : RSXThread]: RSX thread exit...
[! : RSXThread]: RSX thread entry
[W : PPU[1] Thread (CPUThread)[0x002c9600]]: memory warning: sys_mmapper_allocate_address(size=0x20000000, flags=0x40f, alignment=0x10000000, alloc_addr=0xd00204b0)
[W : PPU[1] Thread (CPUThread)[0x002c960c]]: memory warning: sys_memory_get_user_memory_size(mem_info_addr=0xd00204b8)
[W : PPU[1] Thread (CPUThread)[0x002c9654]]: memory warning: sys_mmapper_allocate_address(size=0x10000000, flags=0x20f, alignment=0x10000000, alloc_addr=0xd00204b0)
[W : PPU[1] Thread (CPUThread)[0x0040c010]]: cellSysmodule warning: cellSysmoduleLoadModule(CELL_SYSMODULE_FS)
[W : PPU[1] Thread (CPUThread)[0x00557040]]: sys_fs warning: cellFsStat: "/" not found.
[W : PPU[1] Thread (CPUThread)[0x002dd9f8]]: sys_timer warning: sys_timer_sleep(sleep_time=1)
[W : PPU[1] Thread (CPUThread)[0x00557040]]: sys_fs warning: cellFsStat: "/" not found.
[W : PPU[1] Thread (CPUThread)[0x002dd9f8]]: sys_timer warning: sys_timer_sleep(sleep_time=1)
[W : PPU[1] Thread (CPUThread)[0x00557040]]: sys_fs warning: cellFsStat: "/" not found.
[W : PPU[1] Thread (CPUThread)[0x002dd9f8]]: sys_timer warning: sys_timer_sleep(sleep_time=1)
[W : PPU[1] Thread (CPUThread)[0x00557040]]: sys_fs warning: cellFsStat: "/" not found.
[W : PPU[1] Thread (CPUThread)[0x002dd9f8]]: sys_timer warning: sys_timer_sleep(sleep_time=1)
[W : PPU[1] Thread (CPUThread)[0x00557040]]: sys_fs warning: cellFsStat: "/" not found.
[W : PPU[1] Thread (CPUThread)[0x002dd9f8]]: sys_timer warning: sys_timer_sleep(sleep_time=1)
[W : PPU[1] Thread (CPUThread)[0x00557040]]: sys_fs warning: cellFsStat: "/" not found.
[W : PPU[1] Thread (CPUThread)[0x002dd9f8]]: sys_timer warning: sys_timer_sleep(sleep_time=1)
[W : PPU[1] Thread (CPUThread)[0x00557040]]: sys_fs warning: cellFsStat: "/" not found.
[W : PPU[1] Thread (CPUThread)[0x002dd9f8]]: sys_timer warning: sys_timer_sleep(sleep_time=1)
[W : PPU[1] Thread (CPUThread)[0x00557040]]: sys_fs warning: cellFsStat: "/" not found.
[W : PPU[1] Thread (CPUThread)[0x002dd9f8]]: sys_timer warning: sys_timer_sleep(sleep_time=1)
[W : PPU[1] Thread (CPUThread)[0x00557040]]: sys_fs warning: cellFsStat: "/" not found.
[W : PPU[1] Thread (CPUThread)[0x002dd9f8]]: sys_timer warning: sys_timer_sleep(sleep_time=1)
[W : PPU[1] Thread (CPUThread)[0x00557040]]: sys_fs warning: cellFsStat: "/" not found.
[W : PPU[1] Thread (CPUThread)[0x002dd9f8]]: sys_timer warning: sys_timer_sleep(sleep_time=1)
[W : PPU[1] Thread (CPUThread)[0x00557040]]: sys_fs warning: cellFsStat: "/" not found.
[W : PPU[1] Thread (CPUThread)[0x002dd9f8]]: sys_timer warning: sys_timer_sleep(sleep_time=1)
[W : PPU[1] Thread (CPUThread)[0x00557040]]: sys_fs warning: cellFsStat: "/" not found.
[W : PPU[1] Thread (CPUThread)[0x002dd9f8]]: sys_timer warning: sys_timer_sleep(sleep_time=1)
[W : PPU[1] Thread (CPUThread)[0x00557040]]: sys_fs warning: cellFsStat: "/" not found.
[W : PPU[1] Thread (CPUThread)[0x002dd9f8]]: sys_timer warning: sys_timer_sleep(sleep_time=1)
[W : PPU[1] Thread (CPUThread)[0x00557040]]: sys_fs warning: cellFsStat: "/" not found.
[W : PPU[1] Thread (CPUThread)[0x002dd9f8]]: sys_timer warning: sys_timer_sleep(sleep_time=1)
[W : PPU[1] Thread (CPUThread)[0x00557040]]: sys_fs warning: cellFsStat: "/" not found.
[W : PPU[1] Thread (CPUThread)[0x002dd9f8]]: sys_timer warning: sys_timer_sleep(sleep_time=1)
[W : PPU[1] Thread (CPUThread)[0x0056b190]]: Process warning: sys_process_exit(1)
[S : PPU[1] Thread (CPUThread)[0x0056b190]]: Process finished
[! : RSXThread]: RSX thread exit...
[! : PPU[1] Thread (CPUThread)[0x0056b194]]: PPU[1] Thread (CPUThread) leave
[!]: Closing memory...
