[!]: path: /dev_hdd0/game/
[!]: Loading 'D:\Emulateur\Rpcs3\dev_hdd0\game\BLES00973-[FAMILY GAME NIGHT 3]\PS3_GAME\USRDIR\BOOT.BIN'...
[!]: Mount info:
[!]: /dev_hdd0/ -> D:\Emulateur\Rpcs3\dev_hdd0\
[!]: /dev_hdd1/ -> D:\Emulateur\Rpcs3\dev_hdd1\
[!]: /dev_flash/ -> D:\Emulateur\Rpcs3\dev_flash\
[!]: /dev_usb000/ -> D:\Emulateur\Rpcs3\dev_usb000\
[!]: /dev_usb/ -> D:\Emulateur\Rpcs3\dev_usb000\
[!]: /app_home/ -> D:\Emulateur\Rpcs3\dev_hdd0\game\BLES00973-[FAMILY GAME NIGHT 3]\PS3_GAME\
[!]: /dev_bdvd/ -> D:\Emulateur\Rpcs3\dev_hdd0\game\BLES00973-[FAMILY GAME NIGHT 3]\PS3_GAME\\..\
[!]: /host_root/ -> 
[!]: / -> D:\Emulateur\Rpcs3\dev_hdd0\game\BLES00973-[FAMILY GAME NIGHT 3]\PS3_GAME\\USRDIR\
[!]: Initing memory...
[!]: Memory initialized.
[W]: Unknown function 0x723bbc7e in 'cellGcmSys' module
[E]: TODO: cellGcmGetVBlankCount
[W]: Unknown function 0x011ee38b in 'cellSpurs' module
[E]: TODO: _cellSpursLFQueueInitialize
[W]: Unknown function 0x16394a4e in 'cellSpurs' module
[E]: TODO: _cellSpursTasksetAttributeInitialize
[W]: Unknown function 0x1656d49f in 'cellSpurs' module
[E]: TODO: cellSpursLFQueueAttachLv2EventQueue
[W]: Unknown function 0x1d344406 in 'cellSpurs' module
[E]: TODO: cellSpursTaskGetLoadableSegmentPattern
[W]: Unknown function 0x22aab31d in 'cellSpurs' module
[E]: TODO: cellSpursEventFlagDetachLv2EventQueue
[W]: Unknown function 0x303c19cd in 'cellSpurs' module
[E]: TODO: cellSpursCreateJobChainWithAttribute
[W]: Unknown function 0x3548f483 in 'cellSpurs' module
[E]: TODO: _cellSpursJobChainAttributeInitialize
[W]: Unknown function 0x373523d4 in 'cellSpurs' module
[E]: TODO: cellSpursEventFlagWait
[W]: Unknown function 0x4a6465e3 in 'cellSpurs' module
[E]: TODO: cellSpursCreateTaskset2
[W]: Unknown function 0x5ef96465 in 'cellSpurs' module
[E]: TODO: _cellSpursEventFlagInitialize
[W]: Unknown function 0x652b70e2 in 'cellSpurs' module
[E]: TODO: cellSpursTasksetAttributeSetName
[W]: Unknown function 0x68aaeba9 in 'cellSpurs' module
[E]: TODO: cellSpursJobGuardInitialize
[W]: Unknown function 0x6d2d9339 in 'cellSpurs' module
[E]: TODO: cellSpursEventFlagTryWait
[W]: Unknown function 0x738e40e6 in 'cellSpurs' module
[E]: TODO: cellSpursShutdownJobChain
[W]: Unknown function 0x7cb33c2e in 'cellSpurs' module
[E]: TODO: cellSpursTaskGetReadOnlyAreaPattern
[W]: Unknown function 0x87630976 in 'cellSpurs' module
[E]: TODO: cellSpursEventFlagAttachLv2EventQueue
[W]: Unknown function 0x8a85674d in 'cellSpurs' module
[E]: TODO: _cellSpursLFQueuePushBody
[W]: Unknown function 0x8adadf65 in 'cellSpurs' module
[E]: TODO: _cellSpursTaskAttribute2Initialize
[W]: Unknown function 0x9034e538 in 'cellSpurs' module
[E]: TODO: cellSpursTaskGetContextSaveAreaSize
[W]: Unknown function 0x9197915f in 'cellSpurs' module
[E]: TODO: cellSpursTaskGenerateLsPattern
[W]: Unknown function 0x9f72add3 in 'cellSpurs' module
[E]: TODO: cellSpursJoinTaskset
[W]: Unknown function 0x9fef70c2 in 'cellSpurs' module
[E]: TODO: cellSpursJobChainAttributeSetName
[W]: Unknown function 0xa789e631 in 'cellSpurs' module
[E]: TODO: cellSpursShutdownTaskset
[W]: Unknown function 0xa7a94892 in 'cellSpurs' module
[E]: TODO: cellSpursJoinTask2
[W]: Unknown function 0xa7c066de in 'cellSpurs' module
[E]: TODO: cellSpursJoinJobChain
[W]: Unknown function 0xaa6269a8 in 'cellSpurs' module
[E]: TODO: cellSpursInitializeWithAttribute
[W]: Unknown function 0xc10931cb in 'cellSpurs' module
[E]: TODO: cellSpursCreateTasksetWithAttribute
[W]: Unknown function 0xc2acdf43 in 'cellSpurs' module
[E]: TODO: _cellSpursTasksetAttribute2Initialize
[W]: Unknown function 0xd5d0b256 in 'cellSpurs' module
[E]: TODO: cellSpursJobGuardNotify
[W]: Unknown function 0xe14ca62d in 'cellSpurs' module
[E]: TODO: cellSpursCreateTask2
[W]: Unknown function 0xf31731bb in 'cellSpurs' module
[E]: TODO: cellSpursRunJobChain
[W]: Unknown function 0xf5507729 in 'cellSpurs' module
[E]: TODO: cellSpursEventFlagSet
[W]: Unknown function 0x52cc6c82 in 'cellSpurs' module
[E]: TODO: cellSpursCreateTaskset
[W]: Unknown function 0x73e06f91 in 'cellSpurs' module
[E]: TODO: cellSpursLFQueueDetachLv2EventQueue
[W]: Unknown function 0xacfc8dbc in 'cellSpurs' module
[E]: TODO: cellSpursInitialize
[W]: Unknown function 0xbeb600ac in 'cellSpurs' module
[E]: TODO: cellSpursCreateTask
[W]: Unknown function 0xe0a6dbe4 in 'cellSpurs' module
[E]: TODO: _cellSpursSendSignal
[W]: Unknown function 0x3d1e1931 in 'cellSysutil' module
[E]: TODO: cellOskDialogUnloadAsync
[W]: Unknown function 0x7fcfc915 in 'cellSysutil' module
[E]: TODO: cellOskDialogLoadAsync
[W]: Unknown function 0x8b7ed64b in 'cellSysutil' module
[E]: TODO: cellSaveDataAutoSave2
[W]: Unknown function 0xb53c54fa in 'cellSysutil' module
[E]: TODO: cellOskDialogSetKeyLayoutOption
[W]: Unknown function 0xced17573 in 'cellSysutil' module
[E]: TODO: cellSaveDataFixedDelete
[W]: Unknown function 0xfbd5c856 in 'cellSysutil' module
[E]: TODO: cellSaveDataAutoLoad2
[W]: Unknown module 'cellSaveData'
[W]: Unknown function 0x01fbbc9b in 'sceNp' module
[E]: TODO: sceNpBasicSendMessageGui
[W]: Unknown function 0x04372385 in 'sceNp' module
[E]: TODO: sceNpBasicGetFriendListEntry
[W]: Unknown function 0x155de760 in 'sceNp' module
[E]: TODO: sceNpSignalingGetConnectionInfo
[W]: Unknown function 0x21206642 in 'sceNp' module
[E]: TODO: sceNpScoreGetRankingByRangeAsync
[W]: Unknown function 0x259113b8 in 'sceNp' module
[E]: TODO: sceNpScoreDestroyTitleCtx
[W]: Unknown function 0x32c78a6a in 'sceNp' module
[E]: TODO: sceNpBasicGetFriendPresenceByIndex
[W]: Unknown function 0x32cf311f in 'sceNp' module
[E]: TODO: sceNpScoreInit
[W]: Unknown function 0x34ce82a0 in 'sceNp' module
[E]: TODO: sceNpSignalingGetConnectionFromPeerAddress
[W]: Unknown function 0x36d0c2c5 in 'sceNp' module
[E]: TODO: sceNpManagerGetAvatarUrl
[W]: Unknown function 0x3d1760dc in 'sceNp' module
[E]: TODO: sceNpLookupAbortTransaction
[W]: Unknown function 0x3db7914d in 'sceNp' module
[E]: TODO: sceNpScoreGetRankingByNpIdAsync
[W]: Unknown function 0x45f8f3aa in 'sceNp' module
[E]: TODO: sceNpCustomMenuRegisterActions
[W]: Unknown function 0x50b86d94 in 'sceNp' module
[E]: TODO: sceNpSignalingAddExtendedHandler
[W]: Unknown function 0x52a6b523 in 'sceNp' module
[E]: TODO: sceNpManagerUnregisterCallback
[W]: Unknown function 0x5de61626 in 'sceNp' module
[E]: TODO: sceNpLookupDestroyTitleCtx
[W]: Unknown function 0x5e849303 in 'sceNp' module
[E]: TODO: sceNpBasicSetPresenceDetails2
[W]: Unknown function 0x5f2d9257 in 'sceNp' module
[E]: TODO: sceNpLookupInit
[W]: Unknown function 0x60897c38 in 'sceNp' module
[E]: TODO: sceNpSignalingActivateConnection
[W]: Unknown function 0x6356082e in 'sceNp' module
[E]: TODO: sceNpSignalingCreateCtx
[W]: Unknown function 0x64a704cc in 'sceNp' module
[E]: TODO: sceNpBasicRecvMessageAttachmentLoad
[W]: Unknown function 0x6ee62ed2 in 'sceNp' module
[E]: TODO: sceNpManagerGetContentRatingFlag
[W]: Unknown function 0x6f5e8143 in 'sceNp' module
[E]: TODO: sceNpScoreCreateTransactionCtx
[W]: Unknown function 0x73931bd0 in 'sceNp' module
[E]: TODO: sceNpBasicGetBlockListEntryCount
[W]: Unknown function 0x7508112e in 'sceNp' module
[E]: TODO: sceNpLookupPollAsync
[W]: Unknown function 0x806960ab in 'sceNp' module
[E]: TODO: sceNpBasicRecvMessageCustom
[W]: Unknown function 0x8440537c in 'sceNp' module
[E]: TODO: sceNpLookupTerm
[W]: Unknown function 0x95c7bba3 in 'sceNp' module
[E]: TODO: sceNpSignalingTerminateConnection
[W]: Unknown function 0x9851f805 in 'sceNp' module
[E]: TODO: sceNpScoreTerm
[W]: Unknown function 0xa7a090e5 in 'sceNp' module
[E]: TODO: sceNpScorePollAsync
[W]: Unknown function 0xa8cf8451 in 'sceNp' module
[E]: TODO: sceNpSignalingDestroyCtx
[W]: Unknown function 0xacb9ee8e in 'sceNp' module
[E]: TODO: sceNpBasicUnregisterHandler
[W]: Unknown function 0xafef640d in 'sceNp' module
[E]: TODO: sceNpBasicGetFriendListEntryCount
[W]: Unknown function 0xb1e0718b in 'sceNp' module
[E]: TODO: sceNpManagerGetAccountRegion
[W]: Unknown function 0xb9f93bbb in 'sceNp' module
[E]: TODO: sceNpScoreCreateTitleCtx
[W]: Unknown function 0xbcc09fe7 in 'sceNp' module
[E]: TODO: sceNpBasicRegisterHandler
[W]: Unknown function 0xbcdbb2ab in 'sceNp' module
[E]: TODO: sceNpBasicAddPlayersHistoryAsync
[W]: Unknown function 0xbdc07fd5 in 'sceNp' module
[E]: TODO: sceNpManagerGetNetworkTime
[W]: Unknown function 0xbf9eea93 in 'sceNp' module
[E]: TODO: sceNpLookupAvatarImageAsync
[W]: Unknown function 0xc5f4cf82 in 'sceNp' module
[E]: TODO: sceNpScoreDestroyTransactionCtx
[W]: Unknown function 0xca0a2d04 in 'sceNp' module
[E]: TODO: sceNpSignalingGetConnectionStatus
[W]: Unknown function 0xce81c7f0 in 'sceNp' module
[E]: TODO: sceNpLookupCreateTitleCtx
[W]: Unknown function 0xceeebc7a in 'sceNp' module
[E]: TODO: sceNpProfileCallGui
[W]: Unknown function 0xd208f91d in 'sceNp' module
[E]: TODO: sceNpUtilCmpNpId
[W]: Unknown function 0xdb2e4dc2 in 'sceNp' module
[E]: TODO: sceNpScoreGetGameDataAsync
[W]: Unknown function 0xe035f7d6 in 'sceNp' module
[E]: TODO: sceNpBasicGetEvent
[W]: Unknown function 0xe7dcd3b4 in 'sceNp' module
[E]: TODO: sceNpManagerRegisterCallback
[W]: Unknown function 0xe853d388 in 'sceNp' module
[E]: TODO: sceNpSignalingGetConnectionFromNpId
[W]: Unknown function 0xea2e9ffc in 'sceNp' module
[E]: TODO: sceNpLookupCreateTransactionCtx
[W]: Unknown function 0xeb7a3d84 in 'sceNp' module
[E]: TODO: sceNpManagerGetChatRestrictionFlag
[W]: Unknown function 0xee5b20d9 in 'sceNp' module
[E]: TODO: sceNpScoreAbortTransaction
[W]: Unknown function 0xf0b1e399 in 'sceNp' module
[E]: TODO: sceNpScoreRecordScoreAsync
[W]: Unknown function 0xf2b3338a in 'sceNp' module
[E]: TODO: sceNpBasicGetBlockListEntry
[W]: Unknown function 0xf42c0df8 in 'sceNp' module
[E]: TODO: sceNpManagerGetOnlineName
[W]: Unknown function 0xf76847c2 in 'sceNp' module
[E]: TODO: sceNpScoreRecordGameDataAsync
[W]: Unknown function 0xf9732ac8 in 'sceNp' module
[E]: TODO: sceNpCustomMenuActionSetActivation
[W]: Unknown function 0xfb87cf5e in 'sceNp' module
[E]: TODO: sceNpLookupDestroyTransactionCtx
[W]: Unknown function 0xfd0eb5ae in 'sceNp' module
[E]: TODO: sceNpSignalingDeactivateConnection
[W]: Unknown function 0xfe37a7f4 in 'sceNp' module
[E]: TODO: sceNpManagerGetNpId
[W]: Unknown function 0x01379fd7 in 'sceNp2' module
[E]: TODO: sceNpMatching2DestroyContext
[W]: Unknown function 0x03a2f42a in 'sceNp2' module
[E]: TODO: sceNpMatching2RegisterLobbyMessageCallback
[W]: Unknown function 0x05bf2fbd in 'sceNp2' module
[E]: TODO: sceNpMatching2GetWorldInfoList
[W]: Unknown function 0x0884fc95 in 'sceNp2' module
[E]: TODO: sceNpMatching2RegisterLobbyEventCallback
[W]: Unknown function 0x0d22867f in 'sceNp2' module
[E]: TODO: sceNpMatching2SearchRoom
[W]: Unknown function 0x1f372697 in 'sceNp2' module
[E]: TODO: sceNpMatching2LeaveRoom
[W]: Unknown function 0x215b0d75 in 'sceNp2' module
[E]: TODO: sceNpMatching2SetRoomDataExternal
[W]: Unknown function 0x2ed909dc in 'sceNp2' module
[E]: TODO: sceNpMatching2AbortRequest
[W]: Unknown function 0x2fe0da7d in 'sceNp2' module
[E]: TODO: sceNpMatching2Term
[W]: Unknown function 0x3c00c9d4 in 'sceNp2' module
[E]: TODO: sceNpMatching2GetEventData
[W]: Unknown function 0x3f62c759 in 'sceNp2' module
[E]: TODO: sceNpMatching2Init
[W]: Unknown function 0x41251f74 in 'sceNp2' module
[E]: TODO: sceNp2Init
[W]: Unknown function 0x430ce063 in 'sceNp2' module
[E]: TODO: sceNpMatching2AbortContextStart
[W]: Unknown function 0x5721e711 in 'sceNp2' module
[E]: TODO: sceNpMatching2JoinRoom
[W]: Unknown function 0x58a04247 in 'sceNp2' module
[E]: TODO: sceNpMatching2GetRoomMemberDataInternalLocal
[W]: Unknown function 0x6ba4c668 in 'sceNp2' module
[E]: TODO: sceNpMatching2ContextStartAsync
[W]: Unknown function 0x748029a2 in 'sceNp2' module
[E]: TODO: sceNpMatching2RegisterContextCallback
[W]: Unknown function 0x817d1090 in 'sceNp2' module
[E]: TODO: sceNpMatching2SetRoomDataInternal
[W]: Unknown function 0x8e5cfe9f in 'sceNp2' module
[E]: TODO: sceNpMatching2GetServerIdListLocal
[W]: Unknown function 0x9cbce3f2 in 'sceNp2' module
[E]: TODO: sceNpMatching2CreateContext
[W]: Unknown function 0xa9e6103e in 'sceNp2' module
[E]: TODO: sceNpMatching2RegisterSignalingCallback
[W]: Unknown function 0xaadb7c12 in 'sceNp2' module
[E]: TODO: sceNp2Term
[W]: Unknown function 0xdb87b088 in 'sceNp2' module
[E]: TODO: sceNpMatching2SetDefaultRequestOptParam
[W]: Unknown function 0xdcb6b27d in 'sceNp2' module
[E]: TODO: sceNpMatching2RegisterRoomEventCallback
[W]: Unknown function 0xe7a3bc7a in 'sceNp2' module
[E]: TODO: sceNpMatching2CreateJoinRoom
[W]: Unknown function 0xf43c647a in 'sceNp2' module
[E]: TODO: sceNpMatching2ContextStop
[W]: Unknown function 0xfee11e72 in 'sceNp2' module
[E]: TODO: sceNpMatching2RegisterRoomMessageCallback
[W]: Unknown function 0x0a563878 in 'cellVoice' module
[E]: TODO: cellVoiceStart
[W]: Unknown function 0x18d3df30 in 'cellVoice' module
[E]: TODO: cellVoiceDisconnectIPortFromOPort
[W]: Unknown function 0x2a01013e in 'cellVoice' module
[E]: TODO: cellVoiceCreateNotifyEventQueue
[W]: Unknown function 0x2de54871 in 'cellVoice' module
[E]: TODO: cellVoiceCreatePort
[W]: Unknown function 0x35d84910 in 'cellVoice' module
[E]: TODO: cellVoiceSetNotifyEventQueue
[W]: Unknown function 0x36472c57 in 'cellVoice' module
[E]: TODO: cellVoiceReadFromOPort
[W]: Unknown function 0x3dad26e7 in 'cellVoice' module
[E]: TODO: cellVoiceWriteToIPort
[W]: Unknown function 0x54ac3519 in 'cellVoice' module
[E]: TODO: cellVoiceGetPortInfo
[W]: Unknown function 0x7e60adc6 in 'cellVoice' module
[E]: TODO: cellVoiceSetBitRate
[W]: Unknown function 0x9f70c475 in 'cellVoice' module
[E]: TODO: cellVoiceDeletePort
[W]: Unknown function 0xae6a21d5 in 'cellVoice' module
[E]: TODO: cellVoiceConnectIPortToOPort
[W]: Unknown function 0xc7cf1182 in 'cellVoice' module
[E]: TODO: cellVoiceInit
[W]: Unknown function 0xdd000886 in 'cellVoice' module
[E]: TODO: cellVoiceRemoveNotifyEventQueue
[W]: Unknown function 0xe0e1ae12 in 'cellVoice' module
[E]: TODO: cellVoiceEnd
[W]: Unknown function 0x139a9e9b in 'sys_net' module
[E]: TODO: sys_net_initialize_network_ex
[W]: Unknown function 0x1f953b9f in 'sys_net' module
[E]: TODO: recvfrom
[W]: Unknown function 0x6db6e8cd in 'sys_net' module
[E]: TODO: socketclose
[W]: Unknown function 0x88f03575 in 'sys_net' module
[E]: TODO: setsockopt
[W]: Unknown function 0x9647570b in 'sys_net' module
[E]: TODO: sendto
[W]: Unknown function 0x9c056962 in 'sys_net' module
[E]: TODO: socket
[W]: Unknown function 0xb0a59804 in 'sys_net' module
[E]: TODO: bind
[W]: Unknown function 0xb68d5625 in 'sys_net' module
[E]: TODO: sys_net_finalize_network
[W]: Unknown module 'cellSysutilAvc2'
[W]: Unknown module 'sceNpTus'
[W]: Unknown module 'cellSysutilAvconfExt'
[W]: Unknown function 0x8a561d92 in 'sysPrxForUser' module
[E]: TODO: _sys_heap_free
[W]: Unknown function 0xaede4b03 in 'sysPrxForUser' module
[E]: TODO: _sys_heap_delete_heap
[W : PPU[1] Thread (CPUThread)[0x00703034]]: sys_lwmutex warning: *** lwmutex created [] (attribute=0x22): sq_id = 3
[W : PPU[1] Thread (CPUThread)[0x00016218]]: memory warning: sys_memory_get_user_memory_size(mem_info_addr=0xd0020bf8)
[W : PPU[1] Thread (CPUThread)[0x00703034]]: sys_lwmutex warning: *** lwmutex created [_lc_mtx] (attribute=0x12): sq_id = 4
[W : PPU[1] Thread (CPUThread)[0x00703034]]: sys_lwmutex warning: *** lwmutex created [_lc_mtx] (attribute=0x12): sq_id = 5
[W : PPU[1] Thread (CPUThread)[0x00703034]]: sys_lwmutex warning: *** lwmutex created [_lc_mtx] (attribute=0x12): sq_id = 6
[W : PPU[1] Thread (CPUThread)[0x00703034]]: sys_lwmutex warning: *** lwmutex created [_lc_mtx] (attribute=0x12): sq_id = 7
[W : PPU[1] Thread (CPUThread)[0x00703034]]: sys_lwmutex warning: *** lwmutex created [_lc_mtx] (attribute=0x12): sq_id = 8
[W : PPU[1] Thread (CPUThread)[0x00703034]]: sys_lwmutex warning: *** lwmutex created [_lc_mtx] (attribute=0x12): sq_id = 9
[W : PPU[1] Thread (CPUThread)[0x00703034]]: sys_lwmutex warning: *** lwmutex created [_lc_mtx] (attribute=0x12): sq_id = 10
[W : PPU[1] Thread (CPUThread)[0x00703034]]: sys_lwmutex warning: *** lwmutex created [_lc_mtx] (attribute=0x12): sq_id = 11
[W : PPU[1] Thread (CPUThread)[0x00703034]]: sys_lwmutex warning: *** lwmutex created [_lc_mtx] (attribute=0x12): sq_id = 12
[W : PPU[1] Thread (CPUThread)[0x00703034]]: sys_lwmutex warning: *** lwmutex created [_lgcmtx] (attribute=0x12): sq_id = 13
[W : PPU[1] Thread (CPUThread)[0x00703034]]: sys_lwmutex warning: *** lwmutex created [_lgcmtx] (attribute=0x22): sq_id = 14
[W : PPU[1] Thread (CPUThread)[0x00703034]]: sys_lwmutex warning: *** lwmutex created [] (attribute=0x22): sq_id = 15
[W : PPU[1] Thread (CPUThread)[0x00703034]]: sys_lwmutex warning: *** lwmutex created [] (attribute=0x22): sq_id = 16
[W : PPU[1] Thread (CPUThread)[0x00703034]]: sys_lwmutex warning: *** lwmutex created [] (attribute=0x22): sq_id = 17
[W : PPU[1] Thread (CPUThread)[0x00289d88]]: sys_semaphore warning: sys_semaphore_create(sem_addr=0x68c888, attr_addr=0xd0020bc0, initial_count=0, max_count=32)
[W : PPU[1] Thread (CPUThread)[0x00703034]]: sys_lwmutex warning: *** lwmutex created [] (attribute=0x22): sq_id = 19
[W : PPU[1] Thread (CPUThread)[0x00255a58]]: sys_semaphore warning: sys_semaphore_create(sem_addr=0x669a80, attr_addr=0xd0020b90, initial_count=0, max_count=513)
[W : PPU[1] Thread (CPUThread)[0x00703034]]: sys_lwmutex warning: *** lwmutex created [] (attribute=0x22): sq_id = 22
[W : PPU[1] Thread (CPUThread)[0x00703034]]: sys_lwmutex warning: *** lwmutex created [] (attribute=0x22): sq_id = 23
[W : PPU[1] Thread (CPUThread)[0x0004ffa0]]: sys_semaphore warning: sys_semaphore_create(sem_addr=0x42ba50, attr_addr=0xd0020bb0, initial_count=1, max_count=1)
[W : PPU[1] Thread (CPUThread)[0x0004ffcc]]: sys_semaphore warning: sys_semaphore_create(sem_addr=0x42ba54, attr_addr=0xd0020bb0, initial_count=1, max_count=1)
[W : PPU[1] Thread (CPUThread)[0x00022c2c]]: sys_semaphore warning: sys_semaphore_create(sem_addr=0x4264f0, attr_addr=0xd0020be0, initial_count=1, max_count=1)
[W : PPU[1] Thread (CPUThread)[0x00703034]]: sys_lwmutex warning: *** lwmutex created [] (attribute=0x22): sq_id = 28
[W : PPU[1] Thread (CPUThread)[0x00011960]]: sys_semaphore warning: sys_semaphore_create(sem_addr=0x405c30, attr_addr=0xd0020bb0, initial_count=0, max_count=1)
[W : PPU[1] Thread (CPUThread)[0x0001198c]]: sys_semaphore warning: sys_semaphore_create(sem_addr=0x405a28, attr_addr=0xd0020bb0, initial_count=0, max_count=1)
[W : PPU[1] Thread (CPUThread)[0x006dd070]]: cellSysutil warning: cellSysutilRegisterCallback(slot=0, func_addr=0x3cbc30, userdata=0x0)
[W : PPU[1] Thread (CPUThread)[0x006d7010]]: cellSysmodule warning: cellSysmoduleLoadModule(CELL_SYSMODULE_SYSUTIL_GAME)
[W : PPU[31] Thread (GameContentThread)[0x006f3028]]: cellGame warning: cellGameBootCheck(type_addr=0x405780, attributes_addr=0x405784, size_addr=0x405788, dirName_addr=0x405794)
[W : PPU[31] Thread (GameContentThread)[0x006f3004]]: cellGame warning: cellGameGetParamString(id=100, buf_addr=0x405a14, bufsize=10)
[W : PPU[31] Thread (GameContentThread)[0x006f3004]]: cellGame warning: cellGameGetParamString(id=0, buf_addr=0x405994, bufsize=128)
[W : PPU[31] Thread (GameContentThread)[0x006f3010]]: cellGame warning: cellGameContentPermit(contentInfoPath_addr=0x405814, usrdirPath_addr=0x405894)
[W : PPU[1] Thread (CPUThread)[0x006d7010]]: cellSysmodule warning: cellSysmoduleLoadModule(CELL_SYSMODULE_SPURS)
[W : PPU[1] Thread (CPUThread)[0x006d7010]]: cellSysmodule warning: cellSysmoduleLoadModule(CELL_SYSMODULE_GCM_SYS)
[W : PPU[1] Thread (CPUThread)[0x006d7010]]: cellSysmodule warning: cellSysmoduleLoadModule(CELL_SYSMODULE_RTC)
[W : PPU[1] Thread (CPUThread)[0x006d7010]]: cellSysmodule warning: cellSysmoduleLoadModule(CELL_SYSMODULE_FS)
[W : PPU[1] Thread (CPUThread)[0x006d7010]]: cellSysmodule warning: cellSysmoduleLoadModule(CELL_SYSMODULE_AUDIO)
[W : PPU[1] Thread (CPUThread)[0x006d7010]]: cellSysmodule warning: cellSysmoduleLoadModule(CELL_SYSMODULE_IO)
[W : PPU[1] Thread (CPUThread)[0x006d7010]]: cellSysmodule warning: cellSysmoduleLoadModule(CELL_SYSMODULE_SYSUTIL_NP2)
[W : PPU[1] Thread (CPUThread)[0x006d7010]]: cellSysmodule warning: cellSysmoduleLoadModule(CELL_SYSMODULE_NET)
[W : PPU[1] Thread (CPUThread)[0x006d7010]]: cellSysmodule warning: cellSysmoduleLoadModule(CELL_SYSMODULE_L10N)
[W : PPU[1] Thread (CPUThread)[0x006d7010]]: cellSysmodule warning: cellSysmoduleLoadModule(CELL_SYSMODULE_SYSUTIL_SAVEDATA)
[W : PPU[1] Thread (CPUThread)[0x006d7010]]: cellSysmodule warning: cellSysmoduleLoadModule(CELL_SYSMODULE_AVCONF_EXT)
[W : PPU[1] Thread (CPUThread)[0x006d7010]]: cellSysmodule warning: cellSysmoduleLoadModule(CELL_SYSMODULE_VOICE)
[W : PPU[1] Thread (CPUThread)[0x006d7010]]: cellSysmodule warning: cellSysmoduleLoadModule(CELL_SYSMODULE_SYSUTIL_NP_TROPHY)
[W : PPU[1] Thread (CPUThread)[0x006d7010]]: cellSysmodule warning: cellSysmoduleLoadModule(CELL_SYSMODULE_PNGDEC)
[W : PPU[1] Thread (CPUThread)[0x006dd034]]: cellSysutil warning: cellSysutilGetSystemParamInt: CELL_SYSUTIL_SYSTEMPARAM_ID_LANG
[W : PPU[1] Thread (CPUThread)[0x003bb040]]: cellGcmSys warning: cellGcmInitDefaultFifoMode(mode=1)
[W : PPU[1] Thread (CPUThread)[0x003bb100]]: cellGcmSys warning: cellGcmInit(context_addr=0x665470,cmdSize=0xbff000,ioSize=0xc00000,ioAddress=0x3ae00000)
[W : PPU[1] Thread (CPUThread)[0x003bb100]]: cellGcmSys warning: *** local memory(addr=0xc0000000, size=0xf900000)
[W : PPU[1] Thread (CPUThread)[0x003bb100]]: cellGcmSys warning: cellGcmMapEaIoAddress(ea=0x3ae00000, io=0x0, size=0xc00000)
[! : RSXThread]: RSX thread entry
[W : PPU[1] Thread (CPUThread)[0x00703034]]: sys_lwmutex warning: *** lwmutex created [] (attribute=0x22): sq_id = 32
[W : PPU[1] Thread (CPUThread)[0x003bb07c]]: cellGcmSys warning: cellGcmMapMainMemory(ea=0x30100000,size=0xad00000,offset_addr=0xd0020b78)
[E : PPU[1] Thread (CPUThread)[0x006e7088]]: TODO: cellVoiceInit
[E : PPU[1] Thread (CPUThread)[0x006e701c]]: TODO: cellVoiceCreateNotifyEventQueue
[E : PPU[1] Thread (CPUThread)[0x006e7034]]: TODO: cellVoiceSetNotifyEventQueue
[E : PPU[1] Thread (CPUThread)[0x006e7028]]: TODO: cellVoiceCreatePort
[E : PPU[1] Thread (CPUThread)[0x006e7028]]: TODO: cellVoiceCreatePort
[E : PPU[1] Thread (CPUThread)[0x006e707c]]: TODO: cellVoiceConnectIPortToOPort
[E : PPU[1] Thread (CPUThread)[0x006e7064]]: TODO: cellVoiceSetBitRate
[E : PPU[1] Thread (CPUThread)[0x006e7028]]: TODO: cellVoiceCreatePort
[E : PPU[1] Thread (CPUThread)[0x006e7004]]: TODO: cellVoiceStart
[E : PPU[1] Thread (CPUThread)[0x006e9004]]: TODO: sys_net_initialize_network_ex
[E : PPU[1] Thread (CPUThread)[0x006eb028]]: cellNetCtl error: Unimplemented function: cellNetCtlInit
[E : PPU[1] Thread (CPUThread)[0x006e3088]]: TODO: sceNp2Init
[E : PPU[1] Thread (CPUThread)[0x006e122c]]: TODO: sceNpManagerRegisterCallback
[E : PPU[1] Thread (CPUThread)[0x006e307c]]: TODO: sceNpMatching2Init
[E : PPU[1] Thread (CPUThread)[0x006e104c]]: TODO: sceNpScoreInit
[E : PPU[1] Thread (CPUThread)[0x006e10c4]]: TODO: sceNpLookupInit
[E : PPU[1] Thread (CPUThread)[0x006e11a8]]: TODO: sceNpBasicRegisterHandler
[W : PPU[1] Thread (CPUThread)[0x006dd070]]: cellSysutil warning: cellSysutilRegisterCallback(slot=1, func_addr=0x3cc1b8, userdata=0x30180100)
[W : PPU[1] Thread (CPUThread)[0x00060404]]: sys_semaphore warning: sys_semaphore_create(sem_addr=0x30ec80a4, attr_addr=0xd0020960, initial_count=0, max_count=1)
[W : PPU[1] Thread (CPUThread)[0x00060434]]: sys_semaphore warning: sys_semaphore_create(sem_addr=0x30ec80a8, attr_addr=0xd0020960, initial_count=1, max_count=1)
[W : PPU[1] Thread (CPUThread)[0x00703034]]: sys_lwmutex warning: *** lwmutex created [] (attribute=0x22): sq_id = 36
[W : PPU[1] Thread (CPUThread)[0x006d9058]]: sys_fs warning: cellFsAioInit(mount_point_addr=0x3e94f0 (/))
[W : PPU[1] Thread (CPUThread)[0x003bb10c]]: cellGcmSys warning: cellGcmGetTiledPitchSize(size=5120)
[W : PPU[1] Thread (CPUThread)[0x003bb034]]: cellGcmSys warning: cellGcmSetTile(index=0, location=0, offset=65536, size=3801088, pitch=5120, comp=0, base=1, bank=0)
[W : PPU[1] Thread (CPUThread)[0x003bb0d0]]: cellGcmSys warning: cellGcmBindTile(index=0)
[W : PPU[1] Thread (CPUThread)[0x003bb10c]]: cellGcmSys warning: cellGcmGetTiledPitchSize(size=5120)
[W : PPU[1] Thread (CPUThread)[0x003bb034]]: cellGcmSys warning: cellGcmSetTile(index=1, location=0, offset=3866624, size=3801088, pitch=5120, comp=0, base=59, bank=1)
[W : PPU[1] Thread (CPUThread)[0x003bb0d0]]: cellGcmSys warning: cellGcmBindTile(index=1)
[W : PPU[1] Thread (CPUThread)[0x003bb124]]: cellGcmSys warning: TODO: cellGcmBindZcull(index=0)
[W : PPU[1] Thread (CPUThread)[0x003bb034]]: cellGcmSys warning: cellGcmSetTile(index=0, location=0, offset=65536, size=3801088, pitch=5120, comp=0, base=1, bank=0)
[W : PPU[1] Thread (CPUThread)[0x003bb0d0]]: cellGcmSys warning: cellGcmBindTile(index=0)
[W : PPU[1] Thread (CPUThread)[0x003bb034]]: cellGcmSys warning: cellGcmSetTile(index=2, location=0, offset=7667712, size=3801088, pitch=5120, comp=0, base=117, bank=2)
[W : PPU[1] Thread (CPUThread)[0x003bb0d0]]: cellGcmSys warning: cellGcmBindTile(index=2)
[W : PPU[1] Thread (CPUThread)[0x003bb124]]: cellGcmSys warning: TODO: cellGcmBindZcull(index=0)
[W : PPU[1] Thread (CPUThread)[0x003bb10c]]: cellGcmSys warning: cellGcmGetTiledPitchSize(size=10240)
[W : PPU[1] Thread (CPUThread)[0x003bb034]]: cellGcmSys warning: cellGcmSetTile(index=3, location=0, offset=11468800, size=7536640, pitch=10240, comp=11, base=175, bank=3)
[E : PPU[1] Thread (CPUThread)[0x003bb034]]: cellGcmSys error: cellGcmSetTile: bad comp! (11)
[W : PPU[1] Thread (CPUThread)[0x003bb0d0]]: cellGcmSys warning: cellGcmBindTile(index=3)
[W : PPU[1] Thread (CPUThread)[0x003bb10c]]: cellGcmSys warning: cellGcmGetTiledPitchSize(size=10240)
[W : PPU[1] Thread (CPUThread)[0x003bb034]]: cellGcmSys warning: cellGcmSetTile(index=4, location=0, offset=19005440, size=7536640, pitch=10240, comp=7, base=290, bank=0)
[E : PPU[1] Thread (CPUThread)[0x003bb034]]: cellGcmSys error: cellGcmSetTile: bad comp! (7)
[W : PPU[1] Thread (CPUThread)[0x003bb0d0]]: cellGcmSys warning: cellGcmBindTile(index=4)
[W : PPU[1] Thread (CPUThread)[0x003bb124]]: cellGcmSys warning: TODO: cellGcmBindZcull(index=1)
[W : PPU[1] Thread (CPUThread)[0x006dd010]]: cellSysutil warning: cellVideoOutConfigure(videoOut=0, config_addr=0xd0020af4, option_addr=0x0, waitForEvent=0x0)
[W : PPU[1] Thread (CPUThread)[0x003bb0c4]]: cellGcmSys warning: cellGcmSetFlipMode(mode=2)
[W : PPU[1] Thread (CPUThread)[0x003bb064]]: cellGcmSys warning: cellGcmSetDisplayBuffer(id=0x0,offset=0x3b0000,pitch=4,width=1280,height=720)
[W : PPU[1] Thread (CPUThread)[0x003bb064]]: cellGcmSys warning: cellGcmSetDisplayBuffer(id=0x1,offset=0x750000,pitch=4,width=1280,height=720)
[W : PPU[1] Thread (CPUThread)[0x00031990]]: sys_spu warning: sys_spu_initialize(max_usable_spu=6, max_raw_spu=0)
[W : PPU[1] Thread (CPUThread)[0x00703034]]: sys_lwmutex warning: *** lwmutex created [] (attribute=0x22): sq_id = 40
[W : PPU[1] Thread (CPUThread)[0x006d7010]]: cellSysmodule warning: cellSysmoduleLoadModule(CELL_SYSMODULE_PAMF)
[W : PPU[1] Thread (CPUThread)[0x002fd49c]]: *** cellFsOpen(path="///resource/movie/logo.pam"): fd = 41
[W : PPU[1] Thread (CPUThread)[0x0070104c]]: cellPamf warning: cellPamfGetHeaderSize(pAddr=0xd0020038, fileSize=22142976, pSize_addr=0xd0020998)
[W : PPU[1] Thread (CPUThread)[0x0070101c]]: cellPamf warning: cellPamfGetStreamOffsetAndSize(pAddr=0xd0020038, fileSize=22142976, pOffset_addr=0xd001ffe0, pSize_addr=0xd001ffe8)
[W : PPU[1] Thread (CPUThread)[0x002fd414]]: sys_fs warning: cellFsClose(fd=41)
[W : PPU[1] Thread (CPUThread)[0x00701040]]: cellPamf warning: cellPamfReaderInitialize(pSelf=0xd00209b0, pAddr=0x30fd7aa0, fileSize=22142976, attribute=0x1)
[W : PPU[1] Thread (CPUThread)[0x00701058]]: cellPamf warning: cellPamfReaderGetNumberOfSpecificStreams(pSelf=0xd00209b0, streamType=20)
[W : PPU[1] Thread (CPUThread)[0x00701010]]: cellPamf warning: cellPamfReaderSetStreamWithTypeAndIndex(pSelf=0xd00209b0, streamType=20, streamIndex=0)
[W : PPU[1] Thread (CPUThread)[0x00701034]]: cellPamf warning: cellPamfReaderGetStreamTypeAndChannel(pSelf=0xd00209b0 (stream=0), pType_addr=0xd0020964, pCh_addr=0xd0020820
[W : PPU[1] Thread (CPUThread)[0x00701004]]: cellPamf warning: cellPamfStreamTypeToEsFilterId(type=0, ch=0, pEsFilterId_addr=0xd0020968)
[W : PPU[1] Thread (CPUThread)[0x00701028]]: cellPamf warning: cellPamfReaderGetStreamInfo(pSelf=0xd00209b0 (stream=0), pInfo_addr=0xd002083a, size=32)
[W : PPU[1] Thread (CPUThread)[0x00701028]]: cellPamf warning: cellPamfReaderGetStreamInfo: CELL_PAMF_STREAM_TYPE_AVC
[W : PPU[1] Thread (CPUThread)[0x00701058]]: cellPamf warning: cellPamfReaderGetNumberOfSpecificStreams(pSelf=0xd00209b0, streamType=21)
[W : PPU[1] Thread (CPUThread)[0x00701010]]: cellPamf warning: cellPamfReaderSetStreamWithTypeAndIndex(pSelf=0xd00209b0, streamType=21, streamIndex=0)
[W : PPU[1] Thread (CPUThread)[0x00701034]]: cellPamf warning: cellPamfReaderGetStreamTypeAndChannel(pSelf=0xd00209b0 (stream=1), pType_addr=0xd0020934, pCh_addr=0xd0020840
[E : PPU[1] Thread (CPUThread)[0x00701034]]: cellPamf error: TODO: pamfGetStreamChannel (-> 0)
[W : PPU[1] Thread (CPUThread)[0x00701004]]: cellPamf warning: cellPamfStreamTypeToEsFilterId(type=2, ch=0, pEsFilterId_addr=0xd0020938)
[W : PPU[1] Thread (CPUThread)[0x00701028]]: cellPamf warning: cellPamfReaderGetStreamInfo(pSelf=0xd00209b0 (stream=1), pInfo_addr=0xd002084c, size=8)
[W : PPU[1] Thread (CPUThread)[0x006d7004]]: cellSysmodule warning: cellSysmoduleUnloadModule(CELL_SYSMODULE_PAMF)
[W : PPU[1] Thread (CPUThread)[0x003bb10c]]: cellGcmSys warning: cellGcmGetTiledPitchSize(size=5120)
[W : PPU[1] Thread (CPUThread)[0x006dd010]]: cellSysutil warning: cellVideoOutConfigure(videoOut=0, config_addr=0xd0020850, option_addr=0x0, waitForEvent=0x0)
[W : PPU[1] Thread (CPUThread)[0x006dd040]]: cellSysutil warning: cellAudioOutConfigure(audioOut=0, config_addr=0xd0020870, option_addr=0x0, (!)waitForEvent=0)
[W : PPU[1] Thread (CPUThread)[0x002fd49c]]: *** cellFsOpen(path="///resource/movie/logo.pam"): fd = 42
[W : PPU[1] Thread (CPUThread)[0x00035260]]: sys_mutex warning: *** mutex created [] (protocol=0x2, recursive=false): id = 43
[W : PPU[1] Thread (CPUThread)[0x00035298]]: sys_cond warning: *** condition created [] (mutex_id=43): id = 44
[W : PPU[1] Thread (CPUThread)[0x006d7010]]: cellSysmodule warning: cellSysmoduleLoadModule(CELL_SYSMODULE_DMUX_PAMF)
[W : PPU[1] Thread (CPUThread)[0x006ff070]]: cellDmux warning: cellDmuxQueryAttr(demuxerType_addr=0x427290, demuxerAttr_addr=0xd0020818)
[W : PPU[1] Thread (CPUThread)[0x00035260]]: sys_mutex warning: *** mutex created [] (protocol=0x2, recursive=false): id = 45
[W : PPU[1] Thread (CPUThread)[0x00035298]]: sys_cond warning: *** condition created [] (mutex_id=45): id = 46
[W : PPU[1] Thread (CPUThread)[0x006ff04c]]: cellDmux warning: cellDmuxOpen(demuxerType_addr=0x427290, demuxerResource_addr=0xd0020824, demuxerCb_addr=0xd0020810, demuxerHandle_addr=0x42729c)
[! : Demuxer[48] Thread]: Demuxer enter (mem=0x311d7bc0, size=0x10000, cb=0x3cc400, arg=0x427270)
[W : PPU[1] Thread (CPUThread)[0x006ff004]]: cellDmux warning: cellDmuxQueryEsAttr(demuxerType_addr=0x427290, esFilterId_addr=0xd0020968, esSpecificInfo_addr=0xd0020978, esAttr_addr=0xd0020800)
[W : PPU[1] Thread (CPUThread)[0x006ff004]]: cellDmux warning: *** filter(0xe0, 0x0, 0x1, 0x0)
[W : PPU[1] Thread (CPUThread)[0x006ff058]]: cellDmux warning: cellDmuxEnableEs(demuxerHandle=48, esFilterId_addr=0xd0020968, esResourceInfo_addr=0xd0020804, esCb_addr=0xd002080c, esSpecificInfo_addr=0xd0020978, esHandle_addr=0x30180140)
[W : PPU[1] Thread (CPUThread)[0x006ff058]]: cellDmux warning: *** New ES(dmux=48, addr=0x311e7c00, size=0x1000020, filter(0xe0, 0x0, 0x1, 0x0), cb=0x3cc428(arg=0x4272b8), spec=0xd0020978): id = 49
[W : PPU[1] Thread (CPUThread)[0x006ff004]]: cellDmux warning: cellDmuxQueryEsAttr(demuxerType_addr=0x427290, esFilterId_addr=0xd0020938, esSpecificInfo_addr=0xd0020948, esAttr_addr=0xd0020800)
[W : PPU[1] Thread (CPUThread)[0x006ff004]]: cellDmux warning: *** filter(0xbd, 0x0, 0x0, 0x0)
[W : PPU[1] Thread (CPUThread)[0x006ff058]]: cellDmux warning: cellDmuxEnableEs(demuxerHandle=48, esFilterId_addr=0xd0020938, esResourceInfo_addr=0xd0020804, esCb_addr=0xd002080c, esSpecificInfo_addr=0xd0020948, esHandle_addr=0x30180160)
[W : PPU[1] Thread (CPUThread)[0x006ff058]]: cellDmux warning: *** New ES(dmux=48, addr=0x321e7c00, size=0x200000, filter(0xbd, 0x0, 0x0, 0x0), cb=0x3cc3c8(arg=0x427448), spec=0xd0020948): id = 50
[W : PPU[1] Thread (CPUThread)[0x00703034]]: sys_lwmutex warning: *** lwmutex created [] (attribute=0x22): sq_id = 51
[W : PPU[1] Thread (CPUThread)[0x003bb10c]]: cellGcmSys warning: cellGcmGetTiledPitchSize(size=5120)
[W : PPU[1] Thread (CPUThread)[0x003bb10c]]: cellGcmSys warning: cellGcmGetTiledPitchSize(size=5120)
[W : PPU[1] Thread (CPUThread)[0x003bb0c4]]: cellGcmSys warning: cellGcmSetFlipMode(mode=2)
[W : PPU[1] Thread (CPUThread)[0x003bb034]]: cellGcmSys warning: cellGcmSetTile(index=12, location=0, offset=26542080, size=3932160, pitch=5120, comp=0, base=0, bank=0)
[W : PPU[1] Thread (CPUThread)[0x003bb034]]: cellGcmSys warning: cellGcmSetTile(index=13, location=0, offset=30474240, size=3932160, pitch=5120, comp=0, base=0, bank=0)
[W : PPU[1] Thread (CPUThread)[0x003bb034]]: cellGcmSys warning: cellGcmSetTile(index=14, location=0, offset=34406400, size=3932160, pitch=5120, comp=9, base=0, bank=0)
[E : PPU[1] Thread (CPUThread)[0x003bb034]]: cellGcmSys error: cellGcmSetTile: bad comp! (9)
[W : PPU[1] Thread (CPUThread)[0x003bb064]]: cellGcmSys warning: cellGcmSetDisplayBuffer(id=0x0,offset=0x1950000,pitch=4,width=1280,height=720)
[W : PPU[1] Thread (CPUThread)[0x003bb064]]: cellGcmSys warning: cellGcmSetDisplayBuffer(id=0x1,offset=0x1d10000,pitch=4,width=1280,height=720)
[W : PPU[1] Thread (CPUThread)[0x003bb070]]: cellGcmSys warning: cellGcmSetFlipHandler(handler_addr=3982400)
[W : PPU[1] Thread (CPUThread)[0x00035260]]: sys_mutex warning: *** mutex created [] (protocol=0x2, recursive=false): id = 52
[W : PPU[1] Thread (CPUThread)[0x00035298]]: sys_cond warning: *** condition created [] (mutex_id=52): id = 53
[W : PPU[1] Thread (CPUThread)[0x006e5004]]: cellAudio warning: cellAudioInit()
[! : Audio Thread]: Audio started
[W : PPU[1] Thread (CPUThread)[0x00035260]]: sys_mutex warning: *** mutex created [] (protocol=0x2, recursive=false): id = 54
[W : PPU[1] Thread (CPUThread)[0x00035298]]: sys_cond warning: *** condition created [] (mutex_id=54): id = 55
[W : PPU[1] Thread (CPUThread)[0x007030d0]]: sys_heap warning: sys_heap_create_heap(heap_addr=0x3805a0, align=0x20000, size=0x110000)
[W : PPU[1] Thread (CPUThread)[0x007030d0]]: sys_heap warning: *** sys_heap created: id = 56
[W : PPU[1] Thread (CPUThread)[0x00703064]]: sys_heap warning: _sys_heap_memalign(heap_id=56, align=0x10, size=0x1080)
[W : PPU[1] Thread (CPUThread)[0x00703034]]: sys_lwmutex warning: *** lwmutex created [_mxr004] (attribute=0x22): sq_id = 57
[W : PPU[1] Thread (CPUThread)[0x00703064]]: sys_heap warning: _sys_heap_memalign(heap_id=56, align=0x10, size=0x1c8)
[W : PPU[1] Thread (CPUThread)[0x0070304c]]: sys_heap warning: sys_heap_malloc(heap_id=56, size=0x4)
[W : PPU[1] Thread (CPUThread)[0x0070304c]]: sys_heap warning: sys_heap_malloc(heap_id=56, size=0x4)
[W : PPU[1] Thread (CPUThread)[0x0070304c]]: sys_heap warning: sys_heap_malloc(heap_id=56, size=0x4)
[W : PPU[1] Thread (CPUThread)[0x00703064]]: sys_heap warning: _sys_heap_memalign(heap_id=56, align=0x10, size=0x88)
[W : PPU[1] Thread (CPUThread)[0x00703034]]: sys_lwmutex warning: *** lwmutex created [_mxr200] (attribute=0x22): sq_id = 58
[W : PPU[1] Thread (CPUThread)[0x00703064]]: sys_heap warning: _sys_heap_memalign(heap_id=56, align=0x10, size=0x4e00)
[W : PPU[1] Thread (CPUThread)[0x002c7fa4]]: sys_mutex warning: *** mutex created [_mxr020] (protocol=0x2, recursive=false): id = 59
[W : PPU[1] Thread (CPUThread)[0x002c7fc8]]: sys_cond warning: *** condition created [] (mutex_id=59): id = 60
[W : PPU[1] Thread (CPUThread)[0x00703034]]: sys_lwmutex warning: *** lwmutex created [_mxr022] (attribute=0x22): sq_id = 62
[W : PPU[1] Thread (CPUThread)[0x00703064]]: sys_heap warning: _sys_heap_memalign(heap_id=56, align=0x10, size=0x4e80)
[W : PPU[1] Thread (CPUThread)[0x00703064]]: sys_heap warning: _sys_heap_memalign(heap_id=56, align=0x10, size=0x8f80)
[W : PPU[1] Thread (CPUThread)[0x00703064]]: sys_heap warning: _sys_heap_memalign(heap_id=56, align=0x10, size=0x6280)
[W : PPU[1] Thread (CPUThread)[0x002c1e34]]: sys_mutex warning: *** mutex created [_mxr005] (protocol=0x2, recursive=false): id = 63
[W : PPU[1] Thread (CPUThread)[0x002c1e58]]: sys_cond warning: *** condition created [] (mutex_id=63): id = 64
[W : PPU[1] Thread (CPUThread)[0x002c1ee4]]: sys_mutex warning: *** mutex created [_mxr007] (protocol=0x2, recursive=false): id = 65
[W : PPU[1] Thread (CPUThread)[0x002c1f08]]: sys_cond warning: *** condition created [] (mutex_id=65): id = 66
[W : PPU[1] Thread (CPUThread)[0x002c1f8c]]: sys_mutex warning: *** mutex created [_mxr009] (protocol=0x2, recursive=false): id = 67
[W : PPU[1] Thread (CPUThread)[0x002c1fb0]]: sys_cond warning: *** condition created [] (mutex_id=67): id = 68
[W : PPU[1] Thread (CPUThread)[0x00703034]]: sys_lwmutex warning: *** lwmutex created [_mxr001] (attribute=0x22): sq_id = 70
[W : PPU[1] Thread (CPUThread)[0x00703034]]: sys_lwmutex warning: *** lwmutex created [_mxr002] (attribute=0x22): sq_id = 71
[W : PPU[72] Thread (_cellsurMixerMain)[0x002c398c]]: sys_event warning: sys_event_queue_create(equeue_id_addr=0x68f3a4, attr_addr=0x690450, event_queue_key=0x8000cafe02460300, size=2)
[W : PPU[1] Thread (CPUThread)[0x00703034]]: sys_lwmutex warning: *** lwmutex created [_mxr003] (attribute=0x22): sq_id = 73
[W : PPU[1] Thread (CPUThread)[0x006e5040]]: cellAudio warning: cellAudioPortOpen(audioParam_addr=0x68f3e8, portNum_addr=0x68f358)
[W : PPU[72] Thread (_cellsurMixerMain)[0x002c398c]]: sys_event warning: *** event_queue created [_mxr000] (protocol=0x1, type=0x1): id = 74
[W : PPU[1] Thread (CPUThread)[0x006e5040]]: cellAudio warning: *** audio port opened(nChannel=8, nBlock=8, attr=0x0, level=1.000000): port = 0
[W : PPU[1] Thread (CPUThread)[0x006e501c]]: cellAudio warning: cellAudioGetPortConfig(portNum=0x0, portConfig_addr=0x68f408)
[W : PPU[1] Thread (CPUThread)[0x006e5028]]: cellAudio warning: cellAudioPortStart(portNum=0x0)
[W : PPU[1] Thread (CPUThread)[0x006e504c]]: cellAudio warning: cellAudioSetNotifyEventQueue(key=0x8000cafe02460300)
[W : PPU[1] Thread (CPUThread)[0x006d7010]]: cellSysmodule warning: cellSysmoduleLoadModule(CELL_SYSMODULE_VPOST)
[W : PPU[1] Thread (CPUThread)[0x006f9010]]: cellVpost warning: cellVpostQueryAttr(cfgParam_addr=0xd0020808, attr_addr=0xd00207e0)
[W : PPU[1] Thread (CPUThread)[0x00035260]]: sys_mutex warning: *** mutex created [] (protocol=0x2, recursive=false): id = 75
[W : PPU[1] Thread (CPUThread)[0x00035298]]: sys_cond warning: *** condition created [] (mutex_id=75): id = 76
[W : PPU[1] Thread (CPUThread)[0x00035f34]]: sys_mutex warning: *** mutex created [] (protocol=0x2, recursive=false): id = 77
[W : PPU[1] Thread (CPUThread)[0x00035f64]]: sys_cond warning: *** condition created [] (mutex_id=77): id = 78
[W : PPU[1] Thread (CPUThread)[0x00035d58]]: sys_mutex warning: *** mutex created [] (protocol=0x2, recursive=false): id = 79
[W : PPU[1] Thread (CPUThread)[0x00035d88]]: sys_cond warning: *** condition created [] (mutex_id=79): id = 80
[W : PPU[1] Thread (CPUThread)[0x006f9028]]: cellVpost warning: cellVpostOpen(cfgParam_addr=0xd0020808, resource_addr=0xd00207f0, handle_addr=0x427320)
[! : PPU[1] Thread (CPUThread)[0x006f9028]]: *** Vpost instance created (to_rgba=1): id = 81
[W : PPU[1] Thread (CPUThread)[0x00035260]]: sys_mutex warning: *** mutex created [] (protocol=0x2, recursive=false): id = 82
[W : PPU[1] Thread (CPUThread)[0x00035298]]: sys_cond warning: *** condition created [] (mutex_id=82): id = 83
[W : PPU[1] Thread (CPUThread)[0x00035f34]]: sys_mutex warning: *** mutex created [] (protocol=0x2, recursive=false): id = 84
[W : PPU[1] Thread (CPUThread)[0x00035f64]]: sys_cond warning: *** condition created [] (mutex_id=84): id = 85
[W : PPU[1] Thread (CPUThread)[0x00035d58]]: sys_mutex warning: *** mutex created [] (protocol=0x2, recursive=false): id = 86
[W : PPU[1] Thread (CPUThread)[0x00035d88]]: sys_cond warning: *** condition created [] (mutex_id=86): id = 87
[W : PPU[1] Thread (CPUThread)[0x006d7010]]: cellSysmodule warning: cellSysmoduleLoadModule(CELL_SYSMODULE_VDEC_AVC)
[W : PPU[1] Thread (CPUThread)[0x006fb058]]: libvdec warning: cellVdecQueryAttr(type_addr=0x4272dc, attr_addr=0xd0020818)
[W : PPU[1] Thread (CPUThread)[0x006fb058]]: libvdec warning: cellVdecQueryAttr: AVC (profile=41)
[W : PPU[1] Thread (CPUThread)[0x00035260]]: sys_mutex warning: *** mutex created [] (protocol=0x2, recursive=false): id = 88
[W : PPU[1] Thread (CPUThread)[0x00035298]]: sys_cond warning: *** condition created [] (mutex_id=88): id = 89
[W : PPU[1] Thread (CPUThread)[0x006fb040]]: libvdec warning: cellVdecOpen(type_addr=0x4272dc, res_addr=0xd0020828, cb_addr=0xd0020810, handle_addr=0x4272e4)
[! : Video Decoder[91] Thread]: Video Decoder enter()
[W : PPU[1] Thread (CPUThread)[0x006d7010]]: cellSysmodule warning: cellSysmoduleLoadModule(CELL_SYSMODULE_ADEC_ATX)
[W : PPU[1] Thread (CPUThread)[0x006fd01c]]: cellAdec warning: cellAdecQueryAttr(type_addr=0x42746c, attr_addr=0xd0020818)
[! : PPU[1] Thread (CPUThread)[0x006fd01c]]: *** type: ATRAC3plus 2ch
[W : PPU[1] Thread (CPUThread)[0x00035260]]: sys_mutex warning: *** mutex created [] (protocol=0x2, recursive=false): id = 92
[W : PPU[1] Thread (CPUThread)[0x00035298]]: sys_cond warning: *** condition created [] (mutex_id=92): id = 93
[W : PPU[1] Thread (CPUThread)[0x006fd04c]]: cellAdec warning: cellAdecOpen(type_addr=0x42746c, res_addr=0xd0020824, cb_addr=0xd0020810, handle_addr=0x427470)
[! : PPU[1] Thread (CPUThread)[0x006fd04c]]: *** type: ATRAC3plus 2ch
[! : Audio Decoder[95] Thread]: Audio Decoder enter()
[W : PPU[1] Thread (CPUThread)[0x006fd010]]: cellAdec warning: cellAdecStartSeq: (TODO) initialization
[W : Audio Decoder[95] Thread]: adecStartSeq:
[W : PPU[1] Thread (CPUThread)[0x0002e83c]]: sysPrxForUser warning: sys_ppu_thread_join(thread_id=96, vptr_addr=0xd0020860)
[W : Video Decoder[91] Thread]: vdecStartSeq:
[! : Demuxer[48] Thread]: *** stream updated(addr=0x30fd7b80, size=0x80000, discont=1, userdata=0x0)
[E : PPU[101] Thread (adecStart)[0x000350f4]]: sys_mutex error: sys_mutex_lock(92): deadlock on invalid thread(94)
[W : Audio Thread]: Audio aborted
[W : Audio Decoder[95] Thread]: Audio Decoder aborted
[W : PPU[99] Thread (vdecStart)[0x00035004]]: sys_cond_wait(id=89) aborted
[W : PPU[61] Thread (_sys_MixerChStripMain)[0x002c2ea4]]: sys_cond_signal_all(id=68) aborted
[W : PPU[47] Thread (Demuxer[48] Callback)[0x00034f98]]: sys_cond_signal(id=93) aborted
[W : PPU[69] Thread (_sys_mixerSurBusReq)[0x002c12e0]]: sys_cond_wait(id=64) aborted
[W : PPU[98] Thread (vpostStart)[0x00035004]]: sys_cond_wait(id=76) aborted
[! : RSXThread]: RSX thread exit...
[W : PPU[72] Thread (_cellsurMixerMain)[0x002c3764]]: sys_cond_wait(id=68) aborted
[W : PPU[96] Thread (stminStart)[0x00035004]]: sys_cond_wait(id=44) aborted
[W : Video Decoder[91] Thread]: Video Decoder aborted
[W : PPU[97] Thread (vdispStart)[0x00035004]]: sys_cond_wait(id=53) aborted
[W : PPU[100] Thread (apostStart)[0x000350f4]]: sys_mutex warning: sys_mutex_lock(id=92) aborted
[W : PPU[101] Thread (adecStart)[0x000350f4]]: sys_mutex warning: sys_mutex_lock(id=92) aborted
[W : PPU[102] Thread (dmuxStart)[0x00035004]]: sys_cond_wait(id=46) aborted
[W : Demuxer[48] Thread]: Demuxer aborted
