[!]: path: /dev_hdd0/game/
[!]: Loading 'D:\Emulateurs\Rpcs3\dev_hdd0\game\BLES01938-[Terraria]/PS3_GAME/USRDIR/BOOT.BIN'...
[!]: Mount info:
[!]: /dev_hdd0/ -> D:\Emulateurs\Rpcs3/dev_hdd0/
[!]: /dev_hdd1/ -> D:\Emulateurs\Rpcs3/dev_hdd1/
[!]: /dev_flash/ -> D:\Emulateurs\Rpcs3/dev_flash/
[!]: /dev_usb000/ -> D:\Emulateurs\Rpcs3/dev_usb000/
[!]: /dev_usb/ -> D:\Emulateurs\Rpcs3/dev_usb000/
[!]: /app_home/ -> D:\Emulateurs\Rpcs3\dev_hdd0\game\BLES01938-[Terraria]/PS3_GAME/
[!]: /dev_bdvd/ -> D:\Emulateurs\Rpcs3\dev_hdd0\game\BLES01938-[Terraria]/PS3_GAME//../
[!]: /host_root/ -> 
[!]: / -> D:\Emulateurs\Rpcs3\dev_hdd0\game\BLES01938-[Terraria]/PS3_GAME/\USRDIR\
[!]: Initing memory...
[!]: Memory initialized.
[W]: Unknown function 0x20543730 in 'cellSysutil' module
[E]: TODO: cellMsgDialogClose
[W]: Unknown function 0x52aac4fa in 'cellSysutil' module
[E]: TODO: cellSaveDataUserAutoSave
[W]: Unknown function 0x7fcfc915 in 'cellSysutil' module
[E]: TODO: cellOskDialogLoadAsync
[W]: Unknown function 0x9d6af72a in 'cellSysutil' module
[E]: TODO: cellMsgDialogProgressBarSetMsg
[W]: Unknown function 0xb53c54fa in 'cellSysutil' module
[E]: TODO: cellOskDialogSetKeyLayoutOption
[W]: Unknown function 0xb6d84526 in 'cellSysutil' module
[E]: TODO: cellOskDialogAbort
[W]: Unknown function 0xcdc6aefd in 'cellSysutil' module
[E]: TODO: cellSaveDataUserAutoLoad
[W]: Unknown function 0xf0ec3ccc in 'cellSysutil' module
[E]: TODO: cellOskDialogSetLayoutMode
[W]: Unknown function 0xfbd5c856 in 'cellSysutil' module
[E]: TODO: cellSaveDataAutoLoad2
[W]: Unknown function 0x3d1e1931 in 'cellSysutil' module
[E]: TODO: cellOskDialogUnloadAsync
[W]: Unknown function 0x858a930b in 'sys_net' module
[E]: TODO: inet_ntoa
[W]: Unknown function 0x2cde989f in 'cellRudp' module
[E]: TODO: cellRudpGetSizeReadable
[W]: Unknown function 0x384ba777 in 'cellRudp' module
[E]: TODO: cellRudpSetOption
[W]: Unknown function 0x48c001b0 in 'cellRudp' module
[E]: TODO: cellRudpWrite
[W]: Unknown function 0x48d3eeac in 'cellRudp' module
[E]: TODO: cellRudpTerminate
[W]: Unknown function 0x54f81789 in 'cellRudp' module
[E]: TODO: cellRudpSetMaxSegmentSize
[W]: Unknown function 0x63f63545 in 'cellRudp' module
[E]: TODO: cellRudpInit
[W]: Unknown function 0x6ee04954 in 'cellRudp' module
[E]: TODO: cellRudpNetReceived
[W]: Unknown function 0x7dadc739 in 'cellRudp' module
[E]: TODO: cellRudpCreateContext
[W]: Unknown function 0x7ed95e60 in 'cellRudp' module
[E]: TODO: cellRudpSetEventHandler
[W]: Unknown function 0x92e4d899 in 'cellRudp' module
[E]: TODO: cellRudpRead
[W]: Unknown function 0xa86b28e3 in 'cellRudp' module
[E]: TODO: cellRudpGetSizeWritable
[W]: Unknown function 0xc407844f in 'cellRudp' module
[E]: TODO: cellRudpInitiate
[W]: Unknown function 0xcd1a3f23 in 'cellRudp' module
[E]: TODO: cellRudpGetStatus
[W]: Unknown function 0xee41e16a in 'cellRudp' module
[E]: TODO: cellRudpBind
[W]: Unknown function 0xfade48b2 in 'cellRudp' module
[E]: TODO: cellRudpProcessEvents
[W]: Unknown function 0xff9d259c in 'cellRudp' module
[E]: TODO: cellRudpGetOption
[W]: Unknown function 0x01fbbc9b in 'sceNp' module
[E]: TODO: sceNpBasicSendMessageGui
[W]: Unknown function 0x04372385 in 'sceNp' module
[E]: TODO: sceNpBasicGetFriendListEntry
[W]: Unknown function 0x05d65dff in 'sceNp' module
[E]: TODO: sceNpScoreGetRankingByNpId
[W]: Unknown function 0x1672170e in 'sceNp' module
[E]: TODO: sceNpScoreRecordScore
[W]: Unknown function 0x259113b8 in 'sceNp' module
[E]: TODO: sceNpScoreDestroyTitleCtx
[W]: Unknown function 0x32cf311f in 'sceNp' module
[E]: TODO: sceNpScoreInit
[W]: Unknown function 0x4026eac5 in 'sceNp' module
[E]: TODO: sceNpBasicRegisterContextSensitiveHandler
[W]: Unknown function 0x50b86d94 in 'sceNp' module
[E]: TODO: sceNpSignalingAddExtendedHandler
[W]: Unknown function 0x58fa4fcd in 'sceNp' module
[E]: TODO: sceNpManagerGetTicketParam
[W]: Unknown function 0x60897c38 in 'sceNp' module
[E]: TODO: sceNpSignalingActivateConnection
[W]: Unknown function 0x6356082e in 'sceNp' module
[E]: TODO: sceNpSignalingCreateCtx
[W]: Unknown function 0x64a704cc in 'sceNp' module
[E]: TODO: sceNpBasicRecvMessageAttachmentLoad
[W]: Unknown function 0x6ee62ed2 in 'sceNp' module
[E]: TODO: sceNpManagerGetContentRatingFlag
[W]: Unknown function 0x6f5e8143 in 'sceNp' module
[E]: TODO: sceNpScoreCreateTransactionCtx
[W]: Unknown function 0x806960ab in 'sceNp' module
[E]: TODO: sceNpBasicRecvMessageCustom
[W]: Unknown function 0x8297f1ec in 'sceNp' module
[E]: TODO: sceNpManagerRequestTicket2
[W]: Unknown function 0x95c7bba3 in 'sceNp' module
[E]: TODO: sceNpSignalingTerminateConnection
[W]: Unknown function 0x9851f805 in 'sceNp' module
[E]: TODO: sceNpScoreTerm
[W]: Unknown function 0xa8cf8451 in 'sceNp' module
[E]: TODO: sceNpSignalingDestroyCtx
[W]: Unknown function 0xacb9ee8e in 'sceNp' module
[E]: TODO: sceNpBasicUnregisterHandler
[W]: Unknown function 0xafef640d in 'sceNp' module
[E]: TODO: sceNpBasicGetFriendListEntryCount
[W]: Unknown function 0xb9f93bbb in 'sceNp' module
[E]: TODO: sceNpScoreCreateTitleCtx
[W]: Unknown function 0xc5f4cf82 in 'sceNp' module
[E]: TODO: sceNpScoreDestroyTransactionCtx
[W]: Unknown function 0xca0a2d04 in 'sceNp' module
[E]: TODO: sceNpSignalingGetConnectionStatus
[W]: Unknown function 0xd0958814 in 'sceNp' module
[E]: TODO: sceNpSignalingGetPeerNetInfoResult
[W]: Unknown function 0xe035f7d6 in 'sceNp' module
[E]: TODO: sceNpBasicGetEvent
[W]: Unknown function 0xe7dcd3b4 in 'sceNp' module
[E]: TODO: sceNpManagerRegisterCallback
[W]: Unknown function 0xeb7a3d84 in 'sceNp' module
[E]: TODO: sceNpManagerGetChatRestrictionFlag
[W]: Unknown function 0xf283c143 in 'sceNp' module
[E]: TODO: sceNpDrmExecuteGamePurchase
[W]: Unknown function 0xfbc82301 in 'sceNp' module
[E]: TODO: sceNpScoreGetRankingByRange
[W]: Unknown function 0xfd0eb5ae in 'sceNp' module
[E]: TODO: sceNpSignalingDeactivateConnection
[W]: Unknown function 0xfe37a7f4 in 'sceNp' module
[E]: TODO: sceNpManagerGetNpId
[W]: Unknown function 0x01379fd7 in 'sceNp2' module
[E]: TODO: sceNpMatching2DestroyContext
[W]: Unknown function 0x05bf2fbd in 'sceNp2' module
[E]: TODO: sceNpMatching2GetWorldInfoList
[W]: Unknown function 0x1f372697 in 'sceNp2' module
[E]: TODO: sceNpMatching2LeaveRoom
[W]: Unknown function 0x215b0d75 in 'sceNp2' module
[E]: TODO: sceNpMatching2SetRoomDataExternal
[W]: Unknown function 0x23009d07 in 'sceNp2' module
[E]: TODO: sceNpMatching2Term2
[W]: Unknown function 0x3c00c9d4 in 'sceNp2' module
[E]: TODO: sceNpMatching2GetEventData
[W]: Unknown function 0x41251f74 in 'sceNp2' module
[E]: TODO: sceNp2Init
[W]: Unknown function 0x5721e711 in 'sceNp2' module
[E]: TODO: sceNpMatching2JoinRoom
[W]: Unknown function 0x6ba4c668 in 'sceNp2' module
[E]: TODO: sceNpMatching2ContextStartAsync
[W]: Unknown function 0x6fcd84c1 in 'sceNp2' module
[E]: TODO: sceNpMatching2SetSignalingOptParam
[W]: Unknown function 0x748029a2 in 'sceNp2' module
[E]: TODO: sceNpMatching2RegisterContextCallback
[W]: Unknown function 0x8b209ca2 in 'sceNp2' module
[E]: TODO: sceNpMatching2GetRoomDataInternal
[W]: Unknown function 0x8e5cfe9f in 'sceNp2' module
[E]: TODO: sceNpMatching2GetServerIdListLocal
[W]: Unknown function 0x9cbce3f2 in 'sceNp2' module
[E]: TODO: sceNpMatching2CreateContext
[W]: Unknown function 0xa9e6103e in 'sceNp2' module
[E]: TODO: sceNpMatching2RegisterSignalingCallback
[W]: Unknown function 0xac98b03a in 'sceNp2' module
[E]: TODO: sceNpMatching2GetUserInfoList
[W]: Unknown function 0xdb87b088 in 'sceNp2' module
[E]: TODO: sceNpMatching2SetDefaultRequestOptParam
[W]: Unknown function 0xe4ac32ca in 'sceNp2' module
[E]: TODO: sceNpMatching2GetRoomDataExternalList
[W]: Unknown function 0xe7a3bc7a in 'sceNp2' module
[E]: TODO: sceNpMatching2CreateJoinRoom
[W]: Unknown function 0xf43c647a in 'sceNp2' module
[E]: TODO: sceNpMatching2ContextStop
[W]: Unknown function 0xf4babd3f in 'sceNp2' module
[E]: TODO: sceNpMatching2Init2
[W]: Unknown module 'cellSysutilAvc2'
[W]: Unknown function 0x967a162b in 'sys_fs' module
[E]: TODO: cellFsFsync
[W]: Unknown function 0x22aab31d in 'cellSpurs' module
[E]: TODO: cellSpursEventFlagDetachLv2EventQueue
[W]: Unknown function 0x373523d4 in 'cellSpurs' module
[E]: TODO: cellSpursEventFlagWait
[W]: Unknown function 0x52cc6c82 in 'cellSpurs' module
[E]: TODO: cellSpursCreateTaskset
[W]: Unknown function 0x5ef96465 in 'cellSpurs' module
[E]: TODO: _cellSpursEventFlagInitialize
[W]: Unknown function 0x87630976 in 'cellSpurs' module
[E]: TODO: cellSpursEventFlagAttachLv2EventQueue
[W]: Unknown function 0x9f72add3 in 'cellSpurs' module
[E]: TODO: cellSpursJoinTaskset
[W]: Unknown function 0xa789e631 in 'cellSpurs' module
[E]: TODO: cellSpursShutdownTaskset
[W]: Unknown function 0xaa6269a8 in 'cellSpurs' module
[E]: TODO: cellSpursInitializeWithAttribute
[W]: Unknown function 0xbeb600ac in 'cellSpurs' module
[E]: TODO: cellSpursCreateTask
[W]: Unknown function 0xe0a6dbe4 in 'cellSpurs' module
[E]: TODO: _cellSpursSendSignal
[W]: Unknown function 0x1dd3c4cd in 'cellResc' module
[E]: TODO: cellRescGetRegisterCount
[W]: Unknown module 'libgem'
[W]: Unknown function 0x02f5ced0 in 'cellCamera' module
[E]: TODO: cellCameraStop
[W]: Unknown function 0x0e63c444 in 'cellCamera' module
[E]: TODO: cellCameraGetBufferInfoEx
[W]: Unknown function 0x21fc151f in 'cellCamera' module
[E]: TODO: cellCameraReadEx
[W]: Unknown function 0x379c5dd6 in 'cellCamera' module
[E]: TODO: cellCameraClose
[W]: Unknown function 0x44673f07 in 'cellCamera' module
[E]: TODO: cellCameraRemoveNotifyEventQueue2
[W]: Unknown function 0x456dc4aa in 'cellCamera' module
[E]: TODO: cellCameraStart
[W]: Unknown function 0x58bc5870 in 'cellCamera' module
[E]: TODO: cellCameraGetType
[W]: Unknown function 0x5ad46570 in 'cellCamera' module
[E]: TODO: cellCameraEnd
[W]: Unknown function 0x5d25f866 in 'cellCamera' module
[E]: TODO: cellCameraOpenEx
[W]: Unknown function 0x81f83db9 in 'cellCamera' module
[E]: TODO: cellCameraReset
[W]: Unknown function 0x8cd56eee in 'cellCamera' module
[E]: TODO: cellCameraSetAttribute
[W]: Unknown function 0xa7fd2f5b in 'cellCamera' module
[E]: TODO: cellCameraSetNotifyEventQueue2
[W]: Unknown function 0xbf47c5dd in 'cellCamera' module
[E]: TODO: cellCameraInit
[W]: Unknown function 0xdd3b27ac in 'sysPrxForUser' module
[E]: TODO: _sys_spu_printf_finalize
[W : PPU[1] Thread (CPUThread)[0x009da04c]]: sys_lwmutex warning: *** lwmutex created [_lc_mtx] (attribute=0x12): sq_id = 3
[W : PPU[1] Thread (CPUThread)[0x004a0bc4]]: memory warning: sys_memory_get_user_memory_size(mem_info_addr=0xd0020c04)
[W : PPU[1] Thread (CPUThread)[0x009da04c]]: sys_lwmutex warning: *** lwmutex created [_lc_mtx] (attribute=0x12): sq_id = 4
[W : PPU[1] Thread (CPUThread)[0x009da04c]]: sys_lwmutex warning: *** lwmutex created [_lc_mtx] (attribute=0x12): sq_id = 5
[W : PPU[1] Thread (CPUThread)[0x009da04c]]: sys_lwmutex warning: *** lwmutex created [_lc_mtx] (attribute=0x12): sq_id = 6
[W : PPU[1] Thread (CPUThread)[0x009da04c]]: sys_lwmutex warning: *** lwmutex created [_lc_mtx] (attribute=0x12): sq_id = 7
[W : PPU[1] Thread (CPUThread)[0x009da04c]]: sys_lwmutex warning: *** lwmutex created [_lc_mtx] (attribute=0x12): sq_id = 8
[W : PPU[1] Thread (CPUThread)[0x009da04c]]: sys_lwmutex warning: *** lwmutex created [_lc_mtx] (attribute=0x12): sq_id = 9
[W : PPU[1] Thread (CPUThread)[0x009da04c]]: sys_lwmutex warning: *** lwmutex created [_lc_mtx] (attribute=0x12): sq_id = 10
[W : PPU[1] Thread (CPUThread)[0x009da04c]]: sys_lwmutex warning: *** lwmutex created [_lc_mtx] (attribute=0x12): sq_id = 11
[W : PPU[1] Thread (CPUThread)[0x009da04c]]: sys_lwmutex warning: *** lwmutex created [_lc_mtx] (attribute=0x12): sq_id = 12
[W : PPU[1] Thread (CPUThread)[0x009da04c]]: sys_lwmutex warning: *** lwmutex created [] (attribute=0x22): sq_id = 13
[W : PPU[1] Thread (CPUThread)[0x009da04c]]: sys_lwmutex warning: *** lwmutex created [] (attribute=0x22): sq_id = 14
[W : PPU[1] Thread (CPUThread)[0x009da04c]]: sys_lwmutex warning: *** lwmutex created [] (attribute=0x22): sq_id = 15
[W : PPU[1] Thread (CPUThread)[0x0042f92c]]: sys_rwlock warning: sys_rwlock_create(rw_lock_id_addr=0x971664, attr_addr=0x0)
[W : PPU[1] Thread (CPUThread)[0x009da04c]]: sys_lwmutex warning: *** lwmutex created [] (attribute=0x12): sq_id = 16
[W : PPU[1] Thread (CPUThread)[0x009da04c]]: sys_lwmutex warning: *** lwmutex created [] (attribute=0x12): sq_id = 17
[W : PPU[1] Thread (CPUThread)[0x009da04c]]: sys_lwmutex warning: *** lwmutex created [] (attribute=0x12): sq_id = 18
[W : PPU[1] Thread (CPUThread)[0x009da04c]]: sys_lwmutex warning: *** lwmutex created [] (attribute=0x12): sq_id = 19
[W : PPU[1] Thread (CPUThread)[0x009da04c]]: sys_lwmutex warning: *** lwmutex created [] (attribute=0x22): sq_id = 20
[W : PPU[1] Thread (CPUThread)[0x009da0d0]]: sys_lwcond warning: *** lwcond created [] (lwmutex_addr=0x967ea8): id = 21
[W : PPU[1] Thread (CPUThread)[0x009da04c]]: sys_lwmutex warning: *** lwmutex created [] (attribute=0x12): sq_id = 22
[W : PPU[1] Thread (CPUThread)[0x0058c01c]]: cellSysmodule warning: cellSysmoduleIsLoaded(CELL_SYSMODULE_SYSUTIL_GAME)
[W : PPU[1] Thread (CPUThread)[0x0058c010]]: cellSysmodule warning: cellSysmoduleLoadModule(CELL_SYSMODULE_SYSUTIL_GAME)
[W : PPU[1] Thread (CPUThread)[0x009be01c]]: cellGame warning: cellGameBootCheck(type_addr=0xd0020a84, attributes_addr=0xd0020a80, size_addr=0xd0020a88, dirName_addr=0xd0020bb0)
[W : PPU[1] Thread (CPUThread)[0x004920fc]]: SysCall 988! r3: 0x1, r4: 0x0, pc: 0x4920fc
[W : PPU[1] Thread (CPUThread)[0x009da0c4]]: sys_lwmutex warning: sys_lwmutex_destroy(lwmutex_addr=0x5b7100)
[W : PPU[1] Thread (CPUThread)[0x009da0c4]]: sys_lwmutex warning: sys_lwmutex_destroy(lwmutex_addr=0x948898)
[W : PPU[1] Thread (CPUThread)[0x009da01c]]: sys_lwcond warning: sys_lwcond_destroy(lwcond_addr=0x967ec0)
[W : PPU[1] Thread (CPUThread)[0x009da0c4]]: sys_lwmutex warning: sys_lwmutex_destroy(lwmutex_addr=0x967ea8)
[W : PPU[1] Thread (CPUThread)[0x009da0c4]]: sys_lwmutex warning: sys_lwmutex_destroy(lwmutex_addr=0x949b38)
[W : PPU[1] Thread (CPUThread)[0x009da0c4]]: sys_lwmutex warning: sys_lwmutex_destroy(lwmutex_addr=0x967e90)
[W : PPU[1] Thread (CPUThread)[0x009da0c4]]: sys_lwmutex warning: sys_lwmutex_destroy(lwmutex_addr=0x957370)
[W : PPU[1] Thread (CPUThread)[0x009da0c4]]: sys_lwmutex warning: sys_lwmutex_destroy(lwmutex_addr=0x9701a8)
[W : PPU[1] Thread (CPUThread)[0x0042f958]]: sys_rwlock warning: sys_rwlock_destroy(rw_lock_id=0)
[W : PPU[1] Thread (CPUThread)[0x009da0c4]]: sys_lwmutex warning: sys_lwmutex_destroy(lwmutex_addr=0x5b6028)
[W : PPU[1] Thread (CPUThread)[0x009da0c4]]: sys_lwmutex warning: sys_lwmutex_destroy(lwmutex_addr=0x5b70e0)
[W : PPU[1] Thread (CPUThread)[0x004958b8]]: SysCall 988! r3: 0x1, r4: 0x0, pc: 0x4958b8
[W : PPU[1] Thread (CPUThread)[0x009da0c4]]: sys_lwmutex warning: sys_lwmutex_destroy(lwmutex_addr=0x973990)
[W : PPU[1] Thread (CPUThread)[0x009da0c4]]: sys_lwmutex warning: sys_lwmutex_destroy(lwmutex_addr=0x9739b8)
[W : PPU[1] Thread (CPUThread)[0x009da0c4]]: sys_lwmutex warning: sys_lwmutex_destroy(lwmutex_addr=0x9739e0)
[W : PPU[1] Thread (CPUThread)[0x009da0c4]]: sys_lwmutex warning: sys_lwmutex_destroy(lwmutex_addr=0x9738c8)
[W : PPU[1] Thread (CPUThread)[0x009da0c4]]: sys_lwmutex warning: sys_lwmutex_destroy(lwmutex_addr=0x9738f0)
[W : PPU[1] Thread (CPUThread)[0x009da0c4]]: sys_lwmutex warning: sys_lwmutex_destroy(lwmutex_addr=0x973918)
[W : PPU[1] Thread (CPUThread)[0x009da0c4]]: sys_lwmutex warning: sys_lwmutex_destroy(lwmutex_addr=0x973940)
[W : PPU[1] Thread (CPUThread)[0x009da0c4]]: sys_lwmutex warning: sys_lwmutex_destroy(lwmutex_addr=0x973968)
[W : PPU[1] Thread (CPUThread)[0x009da0c4]]: sys_lwmutex warning: sys_lwmutex_destroy(lwmutex_addr=0x974640)
[W : PPU[1] Thread (CPUThread)[0x009da0c4]]: sys_lwmutex warning: sys_lwmutex_destroy(lwmutex_addr=0x974840)
[W : PPU[1] Thread (CPUThread)[0x009da0f4]]: Process warning: sys_process_exit(-1)
[S : PPU[1] Thread (CPUThread)[0x009da0f4]]: Process finished
[!]: Closing memory...
