[!]: path: /dev_hdd0/game/
[!]: Loading 'D:\Emulateur\Rpcs3\dev_hdd0\game\BLES01555-[Ni No Kuni]\PS3_GAME\USRDIR\BOOT.BIN'...
[!]: Mount info:
[!]: /dev_hdd0/ -> D:\Emulateur\Rpcs3\dev_hdd0\
[!]: /dev_hdd1/ -> D:\Emulateur\Rpcs3\dev_hdd1\
[!]: /dev_flash/ -> D:\Emulateur\Rpcs3\dev_flash\
[!]: /dev_usb000/ -> D:\Emulateur\Rpcs3\dev_usb000\
[!]: /dev_usb/ -> D:\Emulateur\Rpcs3\dev_usb000\
[!]: /app_home/ -> D:\Emulateur\Rpcs3\dev_hdd0\game\BLES01555-[Ni No Kuni]\PS3_GAME\
[!]: /dev_bdvd/ -> D:\Emulateur\Rpcs3\dev_hdd0\game\BLES01555-[Ni No Kuni]\PS3_GAME\\..\
[!]: /host_root/ -> 
[!]: / -> D:\Emulateur\Rpcs3\dev_hdd0\game\BLES01555-[Ni No Kuni]\PS3_GAME\
[!]: Initing memory...
[!]: Memory initialized.
[W]: Unknown module 'libTGV'
[W]: Unknown function 0x0968aa36 in 'sceNp' module
[E]: TODO: sceNpManagerGetTicket
[W]: Unknown function 0x168fcece in 'sceNp' module
[E]: TODO: sceNpManagerGetAccountAge
[W]: Unknown function 0x3d1760dc in 'sceNp' module
[E]: TODO: sceNpLookupAbortTransaction
[W]: Unknown function 0x4885aa18 in 'sceNp' module
[E]: TODO: sceNpTerm
[W]: Unknown function 0x52a6b523 in 'sceNp' module
[E]: TODO: sceNpManagerUnregisterCallback
[W]: Unknown function 0x58fa4fcd in 'sceNp' module
[E]: TODO: sceNpManagerGetTicketParam
[W]: Unknown function 0x5de61626 in 'sceNp' module
[E]: TODO: sceNpLookupDestroyTitleCtx
[W]: Unknown function 0x5f2d9257 in 'sceNp' module
[E]: TODO: sceNpLookupInit
[W]: Unknown function 0x6ee62ed2 in 'sceNp' module
[E]: TODO: sceNpManagerGetContentRatingFlag
[W]: Unknown function 0x7508112e in 'sceNp' module
[E]: TODO: sceNpLookupPollAsync
[W]: Unknown function 0x7e2fef28 in 'sceNp' module
[E]: TODO: sceNpManagerRequestTicket
[W]: Unknown function 0x8440537c in 'sceNp' module
[E]: TODO: sceNpLookupTerm
[W]: Unknown function 0x860b1756 in 'sceNp' module
[E]: TODO: sceNpLookupTitleSmallStorageAsync
[W]: Unknown function 0xa1709abd in 'sceNp' module
[E]: TODO: sceNpManagerGetEntitlementById
[W]: Unknown function 0xa7bff757 in 'sceNp' module
[E]: TODO: sceNpManagerGetStatus
[W]: Unknown function 0xb1e0718b in 'sceNp' module
[E]: TODO: sceNpManagerGetAccountRegion
[W]: Unknown function 0xbd28fdbf in 'sceNp' module
[E]: TODO: sceNpInit
[W]: Unknown function 0xbdc07fd5 in 'sceNp' module
[E]: TODO: sceNpManagerGetNetworkTime
[W]: Unknown function 0xbe07c708 in 'sceNp' module
[E]: TODO: sceNpManagerGetOnlineId
[W]: Unknown function 0xce81c7f0 in 'sceNp' module
[E]: TODO: sceNpLookupCreateTitleCtx
[W]: Unknown function 0xe7dcd3b4 in 'sceNp' module
[E]: TODO: sceNpManagerRegisterCallback
[W]: Unknown function 0xea2e9ffc in 'sceNp' module
[E]: TODO: sceNpLookupCreateTransactionCtx
[W]: Unknown function 0xeb7a3d84 in 'sceNp' module
[E]: TODO: sceNpManagerGetChatRestrictionFlag
[W]: Unknown function 0xf042b14f in 'sceNp' module
[E]: TODO: sceNpDrmIsAvailable2
[W]: Unknown function 0xf42c0df8 in 'sceNp' module
[E]: TODO: sceNpManagerGetOnlineName
[W]: Unknown function 0xfb87cf5e in 'sceNp' module
[E]: TODO: sceNpLookupDestroyTransactionCtx
[W]: Unknown function 0xfe37a7f4 in 'sceNp' module
[E]: TODO: sceNpManagerGetNpId
[W]: Unknown function 0x41251f74 in 'sceNp2' module
[E]: TODO: sceNp2Init
[W]: Unknown function 0xaadb7c12 in 'sceNp2' module
[E]: TODO: sceNp2Term
[W]: Unknown function 0x139a9e9b in 'sys_net' module
[E]: TODO: sys_net_initialize_network_ex
[W]: Unknown function 0xb68d5625 in 'sys_net' module
[E]: TODO: sys_net_finalize_network
[W]: Unknown function 0xdabbc2c0 in 'sys_net' module
[E]: TODO: inet_addr
[W]: Unknown function 0x28e208bb in 'sys_net' module
[E]: TODO: listen
[W]: Unknown function 0x3f09e20a in 'sys_net' module
[E]: TODO: socketselect
[W]: Unknown function 0x64f66d35 in 'sys_net' module
[E]: TODO: connect
[W]: Unknown function 0x6db6e8cd in 'sys_net' module
[E]: TODO: socketclose
[W]: Unknown function 0x88f03575 in 'sys_net' module
[E]: TODO: setsockopt
[W]: Unknown function 0x9c056962 in 'sys_net' module
[E]: TODO: socket
[W]: Unknown function 0xb0a59804 in 'sys_net' module
[E]: TODO: bind
[W]: Unknown function 0xb48636c4 in 'sys_net' module
[E]: TODO: sys_net_show_ifconfig
[W]: Unknown function 0xc94f6939 in 'sys_net' module
[E]: TODO: accept
[W]: Unknown function 0xdc751b40 in 'sys_net' module
[E]: TODO: send
[W]: Unknown function 0xfba04f37 in 'sys_net' module
[E]: TODO: recv
[W]: Unknown function 0x04459230 in 'cellNetCtl' module
[E]: TODO: cellNetCtlNetStartDialogLoadAsync
[W]: Unknown function 0x0791015f in 'cellNetCtl' module
[E]: TODO: cellGameUpdateCheckStartAsyncEx
[W]: Unknown function 0x0ce13c6b in 'cellNetCtl' module
[E]: TODO: cellNetCtlAddHandler
[W]: Unknown function 0x0f1f13d3 in 'cellNetCtl' module
[E]: TODO: cellNetCtlNetStartDialogUnloadAsync
[W]: Unknown function 0x105ee2cb in 'cellNetCtl' module
[E]: TODO: cellNetCtlTerm
[W]: Unknown function 0x10dae56d in 'cellNetCtl' module
[E]: TODO: cellGameUpdateTerm
[W]: Unknown function 0x3e359ab6 in 'cellNetCtl' module
[E]: TODO: cellGameUpdateCheckAbort
[W]: Unknown function 0x558700f6 in 'cellNetCtl' module
[E]: TODO: cellGameUpdateCheckStartWithoutDialogAsyncEx
[W]: Unknown function 0x8b3eba69 in 'cellNetCtl' module
[E]: TODO: cellNetCtlGetState
[W]: Unknown function 0x901815c3 in 'cellNetCtl' module
[E]: TODO: cellNetCtlDelHandler
[W]: Unknown function 0x99ab1a26 in 'cellNetCtl' module
[E]: TODO: cellGameUpdateInit
[W]: Unknown function 0xbd5a59fc in 'cellNetCtl' module
[E]: TODO: cellNetCtlInit
[W]: Unknown function 0xf463981c in 'cellNetCtl' module
[E]: TODO: cellGameUpdateCheckFinishAsyncEx
[W]: Unknown function 0x967a162b in 'sys_fs' module
[E]: TODO: cellFsFsync
[W]: Unknown function 0x9b882495 in 'sys_fs' module
[E]: TODO: cellFsGetDirectoryEntries
[W]: Unknown function 0x6d3bb15b in 'sys_fs' module
[E]: TODO: cellFsSdataOpenByFd
[W]: Unknown function 0xaa3b4bcd in 'sys_fs' module
[E]: TODO: cellFsGetFreeSize
[W]: Unknown function 0x63387071 in 'cellGcmSys' module
[E]: TODO: cellGcmGetLastFlipTime
[W]: Unknown function 0x99d397ac in 'cellGcmSys' module
[E]: TODO: cellGcmGetReport
[W]: Unknown function 0xbd6d60d9 in 'cellGcmSys' module
[E]: TODO: cellGcmSetInvalidateTile
[W]: Unknown function 0x1dfbfdd6 in 'cellSysutil' module
[E]: TODO: cellSaveDataListLoad2
[W]: Unknown function 0x21425307 in 'cellSysutil' module
[E]: TODO: cellSaveDataListAutoLoad
[W]: Unknown function 0x2de0d663 in 'cellSysutil' module
[E]: TODO: cellSaveDataListSave2
[W]: Unknown function 0x62b0f803 in 'cellSysutil' module
[E]: TODO: cellMsgDialogAbort
[W]: Unknown function 0x8b7ed64b in 'cellSysutil' module
[E]: TODO: cellSaveDataAutoSave2
[W]: Unknown function 0x94862702 in 'cellSysutil' module
[E]: TODO: cellMsgDialogProgressBarInc
[W]: Unknown function 0xedadd797 in 'cellSysutil' module
[E]: TODO: cellSaveDataDelete2
[W]: Unknown function 0xfbd5c856 in 'cellSysutil' module
[E]: TODO: cellSaveDataAutoLoad2
[W]: Unknown function 0x011ee38b in 'cellSpurs' module
[E]: TODO: _cellSpursLFQueueInitialize
[W]: Unknown function 0x07529113 in 'cellSpurs' module
[E]: TODO: cellSpursAttributeSetNamePrefix
[W]: Unknown function 0x16394a4e in 'cellSpurs' module
[E]: TODO: _cellSpursTasksetAttributeInitialize
[W]: Unknown function 0x1656d49f in 'cellSpurs' module
[E]: TODO: cellSpursLFQueueAttachLv2EventQueue
[W]: Unknown function 0x1ebcf459 in 'cellSpurs' module
[E]: TODO: cellSpursDestroyTaskset2
[W]: Unknown function 0x22aab31d in 'cellSpurs' module
[E]: TODO: cellSpursEventFlagDetachLv2EventQueue
[W]: Unknown function 0x303c19cd in 'cellSpurs' module
[E]: TODO: cellSpursCreateJobChainWithAttribute
[W]: Unknown function 0x30aa96c4 in 'cellSpurs' module
[E]: TODO: cellSpursInitializeWithAttribute2
[W]: Unknown function 0x3548f483 in 'cellSpurs' module
[E]: TODO: _cellSpursJobChainAttributeInitialize
[W]: Unknown function 0x4a6465e3 in 'cellSpurs' module
[E]: TODO: cellSpursCreateTaskset2
[W]: Unknown function 0x4ac7bae4 in 'cellSpurs' module
[E]: TODO: cellSpursEventFlagClear
[W]: Unknown function 0x4e66d483 in 'cellSpurs' module
[E]: TODO: cellSpursDetachLv2EventQueue
[W]: Unknown function 0x5ef96465 in 'cellSpurs' module
[E]: TODO: _cellSpursEventFlagInitialize
[W]: Unknown function 0x652b70e2 in 'cellSpurs' module
[E]: TODO: cellSpursTasksetAttributeSetName
[W]: Unknown function 0x68aaeba9 in 'cellSpurs' module
[E]: TODO: cellSpursJobGuardInitialize
[W]: Unknown function 0x6d2d9339 in 'cellSpurs' module
[E]: TODO: cellSpursEventFlagTryWait
[W]: Unknown function 0x738e40e6 in 'cellSpurs' module
[E]: TODO: cellSpursShutdownJobChain
[W]: Unknown function 0x73e06f91 in 'cellSpurs' module
[E]: TODO: cellSpursLFQueueDetachLv2EventQueue
[W]: Unknown function 0x87630976 in 'cellSpurs' module
[E]: TODO: cellSpursEventFlagAttachLv2EventQueue
[W]: Unknown function 0x8a85674d in 'cellSpurs' module
[E]: TODO: _cellSpursLFQueuePushBody
[W]: Unknown function 0x95180230 in 'cellSpurs' module
[E]: TODO: _cellSpursAttributeInitialize
[W]: Unknown function 0x9f72add3 in 'cellSpurs' module
[E]: TODO: cellSpursJoinTaskset
[W]: Unknown function 0x9fef70c2 in 'cellSpurs' module
[E]: TODO: cellSpursJobChainAttributeSetName
[W]: Unknown function 0xa789e631 in 'cellSpurs' module
[E]: TODO: cellSpursShutdownTaskset
[W]: Unknown function 0xa7c066de in 'cellSpurs' module
[E]: TODO: cellSpursJoinJobChain
[W]: Unknown function 0xaa6269a8 in 'cellSpurs' module
[E]: TODO: cellSpursInitializeWithAttribute
[W]: Unknown function 0xb9bc6207 in 'cellSpurs' module
[E]: TODO: cellSpursAttachLv2EventQueue
[W]: Unknown function 0xbeb600ac in 'cellSpurs' module
[E]: TODO: cellSpursCreateTask
[W]: Unknown function 0xc10931cb in 'cellSpurs' module
[E]: TODO: cellSpursCreateTasksetWithAttribute
[W]: Unknown function 0xc2acdf43 in 'cellSpurs' module
[E]: TODO: _cellSpursTasksetAttribute2Initialize
[W]: Unknown function 0xca4c4600 in 'cellSpurs' module
[E]: TODO: cellSpursFinalize
[W]: Unknown function 0xd5d0b256 in 'cellSpurs' module
[E]: TODO: cellSpursJobGuardNotify
[W]: Unknown function 0xf31731bb in 'cellSpurs' module
[E]: TODO: cellSpursRunJobChain
[W]: Unknown function 0xf5507729 in 'cellSpurs' module
[E]: TODO: cellSpursEventFlagSet
[W]: Unknown function 0x17001000 in 'cellSpurs' module
[E]: TODO: cellSpursAddUrgentCommand
[W]: Unknown function 0x373523d4 in 'cellSpurs' module
[E]: TODO: cellSpursEventFlagWait
[W]: Unknown function 0x838fa4f0 in 'cellSpurs' module
[E]: TODO: cellSpursTryJoinTask2
[W]: Unknown function 0xa7a94892 in 'cellSpurs' module
[E]: TODO: cellSpursJoinTask2
[W]: Unknown function 0xe14ca62d in 'cellSpurs' module
[E]: TODO: cellSpursCreateTask2
[W]: Unknown function 0x0582338a in 'cellSpursJq' module
[E]: TODO: cellSpursJobQueueAttributeSetDoBusyWaiting
[W]: Unknown function 0x0f03f712 in 'cellSpursJq' module
[E]: TODO: cellSpursJobQueueAttributeSetSubmitWithEntryLock
[W]: Unknown function 0x1686957e in 'cellSpursJq' module
[E]: TODO: cellSpursJobQueueAttributeSetMaxSizeJobDescriptor
[W]: Unknown function 0x43ddab4f in 'cellSpursJq' module
[E]: TODO: cellSpursJobQueueAttributeInitialize
[W]: Unknown function 0x742cec0d in 'cellSpursJq' module
[E]: TODO: cellSpursJobQueueAttributeSetIsJobTypeMemoryCheck
[W]: Unknown function 0x8c97a96c in 'cellSpursJq' module
[E]: TODO: cellSpursShutdownJobQueue
[W]: Unknown function 0x8ce4cffa in 'cellSpursJq' module
[E]: TODO: cellSpursJoinJobQueue
[W]: Unknown function 0xc39173a4 in 'cellSpursJq' module
[E]: TODO: _cellSpursJobQueuePort2CopyPushJobBody
[W]: Unknown function 0xc485d207 in 'cellSpursJq' module
[E]: TODO: cellSpursJobQueuePort2Destroy
[W]: Unknown function 0xcf89f218 in 'cellSpursJq' module
[E]: TODO: _cellSpursJobQueuePort2PushJobBody
[W]: Unknown function 0xe70f874e in 'cellSpursJq' module
[E]: TODO: cellSpursJobQueueAttributeSetGrabParameters
[W]: Unknown function 0xf11fe0f1 in 'cellSpursJq' module
[E]: TODO: cellSpursJobQueuePort2Create
[W]: Unknown function 0xf244e799 in 'cellSpursJq' module
[E]: TODO: _cellSpursCreateJobQueue
[W]: Unknown function 0xfacb3ced in 'cellSpursJq' module
[E]: TODO: cellSpursJobQueuePort2Sync
[W]: Unknown function 0xff03cc79 in 'cellSpursJq' module
[E]: TODO: cellSpursJobQueueAttributeSetIsHaltOnError
[W]: Unknown function 0x0247c69e in 'cellSail' module
[E]: TODO: cellSailGraphicsAdapterGetFrame
[W]: Unknown function 0x0abb318b in 'cellSail' module
[E]: TODO: cellSailDescriptorCreateDatabase
[W]: Unknown function 0x1139a206 in 'cellSail' module
[E]: TODO: cellSailPlayerSetSoundAdapter
[W]: Unknown function 0x1872331b in 'cellSail' module
[E]: TODO: cellSailGraphicsAdapterPtsToTimePosition
[W]: Unknown function 0x18b4629d in 'cellSail' module
[E]: TODO: cellSailPlayerFinalize
[W]: Unknown function 0x18bcd21b in 'cellSail' module
[E]: TODO: cellSailPlayerSetGraphicsAdapter
[W]: Unknown function 0x1c983864 in 'cellSail' module
[E]: TODO: cellSailGraphicsAdapterInitialize
[W]: Unknown function 0x23654375 in 'cellSail' module
[E]: TODO: cellSailPlayerInitialize2
[W]: Unknown function 0x28336e89 in 'cellSail' module
[E]: TODO: cellSailDescriptorDestroyDatabase
[W]: Unknown function 0x2e3ccb5e in 'cellSail' module
[E]: TODO: cellSailGraphicsAdapterSetPreferredFormat
[W]: Unknown function 0x346ebba3 in 'cellSail' module
[E]: TODO: cellSailMemAllocatorInitialize
[W]: Unknown function 0x34ecc1b9 in 'cellSail' module
[E]: TODO: cellSailPlayerOpenStream
[W]: Unknown function 0x3a2d806c in 'cellSail' module
[E]: TODO: cellSailFutureGet
[W]: Unknown function 0x3d0d3b72 in 'cellSail' module
[E]: TODO: cellSailSoundAdapterInitialize
[W]: Unknown function 0x44a20e79 in 'cellSail' module
[E]: TODO: cellSailGraphicsAdapterUpdateAvSync
[W]: Unknown function 0x47632810 in 'cellSail' module
[E]: TODO: cellSailPlayerReplaceEventHandler
[W]: Unknown function 0x4ae979df in 'cellSail' module
[E]: TODO: cellSailSoundAdapterPtsToTimePosition
[W]: Unknown function 0x4cc54f8e in 'cellSail' module
[E]: TODO: cellSailFutureInitialize
[W]: Unknown function 0x5783a454 in 'cellSail' module
[E]: TODO: cellSailMp4MovieGetMovieInfo
[W]: Unknown function 0x5f7c7a6f in 'cellSail' module
[E]: TODO: cellSailPlayerSetParameter
[W]: Unknown function 0x6e83f5c0 in 'cellSail' module
[E]: TODO: cellSailAviMovieGetMovieInfo
[W]: Unknown function 0x76488bb1 in 'cellSail' module
[E]: TODO: cellSailGraphicsAdapterFinalize
[W]: Unknown function 0x7c8dff3b in 'cellSail' module
[E]: TODO: cellSailPlayerAddDescriptor
[W]: Unknown function 0x7eb8d6b5 in 'cellSail' module
[E]: TODO: cellSailSoundAdapterGetFrame
[W]: Unknown function 0x85beffcc in 'cellSail' module
[E]: TODO: cellSailPlayerCloseStream
[W]: Unknown function 0x9553af65 in 'cellSail' module
[E]: TODO: cellSailFutureFinalize
[W]: Unknown function 0xa37fed15 in 'cellSail' module
[E]: TODO: cellSailFutureSet
[W]: Unknown function 0xaafa17b8 in 'cellSail' module
[E]: TODO: cellSailPlayerIsPaused
[W]: Unknown function 0xbdf21b0f in 'cellSail' module
[E]: TODO: cellSailPlayerBoot
[W]: Unknown function 0xd1462438 in 'cellSail' module
[E]: TODO: cellSailSoundAdapterFinalize
[W]: Unknown function 0xd1d55a90 in 'cellSail' module
[E]: TODO: cellSailPlayerSetPaused
[W]: Unknown function 0xd5f9a15b in 'cellSail' module
[E]: TODO: cellSailDescriptorGetStreamType
[W]: Unknown function 0xd7938b8d in 'cellSail' module
[E]: TODO: cellSailPlayerCreateDescriptor
[W]: Unknown function 0xe535b0d3 in 'cellSail' module
[E]: TODO: cellSailPlayerStart
[W]: Unknown function 0xeba8d4ec in 'cellSail' module
[E]: TODO: cellSailPlayerStop
[W]: Unknown function 0xeec22809 in 'cellSail' module
[E]: TODO: cellSailSoundAdapterUpdateAvSync
[W]: Unknown function 0xf25f197d in 'cellSail' module
[E]: TODO: cellSailSoundAdapterGetFormat
[W]: Unknown function 0xfc5baf8a in 'cellSail' module
[E]: TODO: cellSailPlayerSetRepeatMode
[W]: Unknown function 0xfc839bd4 in 'cellSail' module
[E]: TODO: cellSailPlayerDestroyDescriptor
[W]: Unknown function 0xffd58aa4 in 'cellSail' module
[E]: TODO: cellSailGraphicsAdapterGetFormat
[W]: Unknown function 0x1ec712e0 in 'cellL10n' module
[E]: TODO: ToSjisHira
[W]: Unknown function 0x33435818 in 'cellL10n' module
[E]: TODO: SJISstoUTF8s
[W]: Unknown function 0x638c2fc1 in 'cellL10n' module
[E]: TODO: SjisHan2Zen
[W]: Unknown function 0x6de4b508 in 'cellL10n' module
[E]: TODO: ToSjisUpper
[W]: Unknown function 0xdd5ebdeb in 'cellL10n' module
[E]: TODO: UTF8stoSJISs
[W]: Unknown module 'cellSaveData'
[W]: Unknown function 0x26090058 in 'sysPrxForUser' module
[E]: TODO: sys_prx_load_module
[W]: Unknown function 0x5267cb35 in 'sysPrxForUser' module
[E]: TODO: sys_spinlock_unlock
[W]: Unknown function 0x80fb0c19 in 'sysPrxForUser' module
[E]: TODO: sys_prx_stop_module
[W]: Unknown function 0x8a561d92 in 'sysPrxForUser' module
[E]: TODO: _sys_heap_free
[W]: Unknown function 0x8c2bb498 in 'sysPrxForUser' module
[E]: TODO: sys_spinlock_initialize
[W]: Unknown function 0x9f18429d in 'sysPrxForUser' module
[E]: TODO: sys_prx_start_module
[W]: Unknown function 0xa285139d in 'sysPrxForUser' module
[E]: TODO: sys_spinlock_lock
[W]: Unknown function 0xa330ad84 in 'sysPrxForUser' module
[E]: TODO: sys_prx_load_module_on_memcontainer_by_fd
[W]: Unknown function 0xaa6d9bff in 'sysPrxForUser' module
[E]: TODO: sys_prx_load_module_on_memcontainer
[W]: Unknown function 0xaede4b03 in 'sysPrxForUser' module
[E]: TODO: _sys_heap_delete_heap
[W]: Unknown function 0xdd3b27ac in 'sysPrxForUser' module
[E]: TODO: _sys_spu_printf_finalize
[W]: Unknown function 0xef68c17c in 'sysPrxForUser' module
[E]: TODO: sys_prx_load_module_by_fd
[W]: Unknown function 0xf0aece0d in 'sysPrxForUser' module
[E]: TODO: sys_prx_unload_module
[! : PPU[1] Thread (CPUThread)[0x00010240]]: PPU[1] Thread (CPUThread) enter
[W : PPU[1] Thread (CPUThread)[0x01dcd058]]: sys_lwmutex warning: *** lwmutex created [_lc_mtx] (attribute=0x12): sq_id = 3
[W : PPU[1] Thread (CPUThread)[0x00dad834]]: memory warning: sys_memory_get_user_memory_size(mem_info_addr=0xd0020c04)
[W : PPU[1] Thread (CPUThread)[0x01dcd058]]: sys_lwmutex warning: *** lwmutex created [_lc_mtx] (attribute=0x12): sq_id = 4
[W : PPU[1] Thread (CPUThread)[0x01dcd058]]: sys_lwmutex warning: *** lwmutex created [_lc_mtx] (attribute=0x12): sq_id = 5
[W : PPU[1] Thread (CPUThread)[0x01dcd058]]: sys_lwmutex warning: *** lwmutex created [_lc_mtx] (attribute=0x12): sq_id = 6
[W : PPU[1] Thread (CPUThread)[0x01dcd058]]: sys_lwmutex warning: *** lwmutex created [_lc_mtx] (attribute=0x12): sq_id = 7
[W : PPU[1] Thread (CPUThread)[0x01dcd058]]: sys_lwmutex warning: *** lwmutex created [_lc_mtx] (attribute=0x12): sq_id = 8
[W : PPU[1] Thread (CPUThread)[0x01dcd058]]: sys_lwmutex warning: *** lwmutex created [_lc_mtx] (attribute=0x12): sq_id = 9
[W : PPU[1] Thread (CPUThread)[0x01dcd058]]: sys_lwmutex warning: *** lwmutex created [_lc_mtx] (attribute=0x12): sq_id = 10
[W : PPU[1] Thread (CPUThread)[0x01dcd058]]: sys_lwmutex warning: *** lwmutex created [_lc_mtx] (attribute=0x12): sq_id = 11
[W : PPU[1] Thread (CPUThread)[0x01dcd058]]: sys_lwmutex warning: *** lwmutex created [_lc_mtx] (attribute=0x12): sq_id = 12
[W : PPU[1] Thread (CPUThread)[0x01dcd058]]: sys_lwmutex warning: *** lwmutex created [_lgcmtx] (attribute=0x12): sq_id = 13
[W : PPU[1] Thread (CPUThread)[0x01dcd058]]: sys_lwmutex warning: *** lwmutex created [_lgcmtx] (attribute=0x12): sq_id = 14
[W : PPU[1] Thread (CPUThread)[0x01dcd058]]: sys_lwmutex warning: *** lwmutex created [_lgcmtx] (attribute=0x22): sq_id = 15
[W : PPU[1] Thread (CPUThread)[0x01dcd058]]: sys_lwmutex warning: *** lwmutex created [_lc_mtx] (attribute=0x12): sq_id = 16
[W : PPU[1] Thread (CPUThread)[0x01dcd058]]: sys_lwmutex warning: *** lwmutex created [_lc_mtx] (attribute=0x12): sq_id = 17
[W : PPU[1] Thread (CPUThread)[0x01dcd058]]: sys_lwmutex warning: *** lwmutex created [_lc_mtx] (attribute=0x12): sq_id = 18
[W : PPU[1] Thread (CPUThread)[0x01dcd058]]: sys_lwmutex warning: *** lwmutex created [_lc_mtx] (attribute=0x12): sq_id = 19
[W : PPU[1] Thread (CPUThread)[0x01dcd058]]: sys_lwmutex warning: *** lwmutex created [_lc_mtx] (attribute=0x12): sq_id = 20
[W : PPU[1] Thread (CPUThread)[0x01dcd058]]: sys_lwmutex warning: *** lwmutex created [_lc_mtx] (attribute=0x12): sq_id = 21
[W : PPU[1] Thread (CPUThread)[0x01dcd058]]: sys_lwmutex warning: *** lwmutex created [_lc_mtx] (attribute=0x12): sq_id = 22
[W : PPU[1] Thread (CPUThread)[0x01dcd058]]: sys_lwmutex warning: *** lwmutex created [_lc_mtx] (attribute=0x12): sq_id = 23
[W : PPU[1] Thread (CPUThread)[0x01dcd058]]: sys_lwmutex warning: *** lwmutex created [_lc_mtx] (attribute=0x12): sq_id = 24
[W : PPU[1] Thread (CPUThread)[0x01dcd058]]: sys_lwmutex warning: *** lwmutex created [_lc_mtx] (attribute=0x12): sq_id = 25
[W : PPU[1] Thread (CPUThread)[0x01dcd058]]: sys_lwmutex warning: *** lwmutex created [_lc_mtx] (attribute=0x12): sq_id = 26
[W : PPU[1] Thread (CPUThread)[0x01dcd058]]: sys_lwmutex warning: *** lwmutex created [_lc_mtx] (attribute=0x12): sq_id = 27
[W : PPU[1] Thread (CPUThread)[0x00d0fa38]]: sys_mutex warning: *** mutex created [] (protocol=0x2, recursive=false): id = 28
[W : PPU[1] Thread (CPUThread)[0x00d0fa5c]]: sys_cond warning: *** condition created [] (mutex_id=28): id = 29
[E : PPU[1] Thread (CPUThread)[0x01dcd0f4]]: TODO: sys_spinlock_initialize
[W : PPU[1] Thread (CPUThread)[0x00d835b0]]: cellSysutil warning: cellSysutilGetSystemParamInt: CELL_SYSUTIL_SYSTEMPARAM_ID_TIMEZONE
[W : PPU[1] Thread (CPUThread)[0x00d835b0]]: cellSysutil warning: cellSysutilGetSystemParamInt: CELL_SYSUTIL_SYSTEMPARAM_ID_SUMMERTIME
[W : PPU[1] Thread (CPUThread)[0x00d9760c]]: cellSysutil warning: cellSysutilGetSystemParamInt: CELL_SYSUTIL_SYSTEMPARAM_ID_TIMEZONE
[W : PPU[1] Thread (CPUThread)[0x00d9760c]]: cellSysutil warning: cellSysutilGetSystemParamInt: CELL_SYSUTIL_SYSTEMPARAM_ID_SUMMERTIME
[W : PPU[1] Thread (CPUThread)[0x00d854f8]]: cellSysutil warning: cellSysutilGetSystemParamInt: CELL_SYSUTIL_SYSTEMPARAM_ID_TIMEZONE
[W : PPU[1] Thread (CPUThread)[0x00d854f8]]: cellSysutil warning: cellSysutilGetSystemParamInt: CELL_SYSUTIL_SYSTEMPARAM_ID_SUMMERTIME
[W : PPU[1] Thread (CPUThread)[0x00d9760c]]: cellSysutil warning: cellSysutilGetSystemParamInt: CELL_SYSUTIL_SYSTEMPARAM_ID_TIMEZONE
[W : PPU[1] Thread (CPUThread)[0x00d9760c]]: cellSysutil warning: cellSysutilGetSystemParamInt: CELL_SYSUTIL_SYSTEMPARAM_ID_SUMMERTIME
[W : PPU[1] Thread (CPUThread)[0x00d82ed0]]: cellSysutil warning: cellSysutilGetSystemParamInt: CELL_SYSUTIL_SYSTEMPARAM_ID_TIMEZONE
[W : PPU[1] Thread (CPUThread)[0x00d82ed0]]: cellSysutil warning: cellSysutilGetSystemParamInt: CELL_SYSUTIL_SYSTEMPARAM_ID_SUMMERTIME
[W : PPU[1] Thread (CPUThread)[0x00d854f8]]: cellSysutil warning: cellSysutilGetSystemParamInt: CELL_SYSUTIL_SYSTEMPARAM_ID_TIMEZONE
[W : PPU[1] Thread (CPUThread)[0x00d854f8]]: cellSysutil warning: cellSysutilGetSystemParamInt: CELL_SYSUTIL_SYSTEMPARAM_ID_SUMMERTIME
[W : PPU[1] Thread (CPUThread)[0x01dcd058]]: sys_lwmutex warning: *** lwmutex created [ps3HDDL] (attribute=0x12): sq_id = 30
[W : PPU[1] Thread (CPUThread)[0x01dcd058]]: sys_lwmutex warning: *** lwmutex created [] (attribute=0x22): sq_id = 31
[W : PPU[1] Thread (CPUThread)[0x0007fb94]]: memory warning: sys_memory_get_user_memory_size(mem_info_addr=0xd0020bd0)
[E : PPU[1] Thread (CPUThread)[0x01dcd07c]]: sysPrxForUser error: sys_prx_register_library(lib_addr=0x1932ba4)
[W : PPU[1] Thread (CPUThread)[0x00081a1c]]: memory warning: sys_memory_get_user_memory_size(mem_info_addr=0xd00207c0)
[W : PPU[1] Thread (CPUThread)[0x01b7d01c]]: cellSysmodule warning: cellSysmoduleIsLoaded(CELL_SYSMODULE_L10N)
[W : PPU[1] Thread (CPUThread)[0x01b7d010]]: cellSysmodule warning: cellSysmoduleLoadModule(CELL_SYSMODULE_L10N)
[W : PPU[1] Thread (CPUThread)[0x01b7d01c]]: cellSysmodule warning: cellSysmoduleIsLoaded(CELL_SYSMODULE_RTC)
[W : PPU[1] Thread (CPUThread)[0x01b7d010]]: cellSysmodule warning: cellSysmoduleLoadModule(CELL_SYSMODULE_RTC)
[W : PPU[1] Thread (CPUThread)[0x01dcd058]]: sys_lwmutex warning: *** lwmutex created [] (attribute=0x22): sq_id = 32
[W : PPU[1] Thread (CPUThread)[0x01dcd058]]: sys_lwmutex warning: *** lwmutex created [] (attribute=0x22): sq_id = 33
[E : PPU[1] Thread (CPUThread)[0x01dcd0f4]]: TODO: sys_spinlock_initialize
[W : PPU[1] Thread (CPUThread)[0x00095500]]: vm warning: sys_vm_memory_map(vsize=0x10000000,psize=0x100000,cidr=0xffffffff,flags=0x200,policy=0x1,addr=0x1c708d0)
[W : PPU[1] Thread (CPUThread)[0x00cb2058]]: sys_spu warning: sys_spu_initialize(max_usable_spu=4, max_raw_spu=0)
[E : PPU[1] Thread (CPUThread)[0x01dbb0f4]]: TODO: _cellSpursAttributeInitialize
[E : PPU[1] Thread (CPUThread)[0x01dbb058]]: TODO: cellSpursInitializeWithAttribute2
[W : PPU[1] Thread (CPUThread)[0x00cb1d00]]: sys_event warning: sys_event_queue_create(equeue_id_addr=0x1d87a3c, attr_addr=0xd0020744, event_queue_key=0x0, size=8)
[W : PPU[1] Thread (CPUThread)[0x00cb1d00]]: sys_event warning: *** event_queue created [] (protocol=0x2, type=0x1): id = 34
[! : PPU[35] Thread (spu_printf_handler)[0x00cb1e94]]: PPU[35] Thread (spu_printf_handler) enter
[W : PPU[1] Thread (CPUThread)[0x00cb1d88]]: sys_event warning: sys_event_port_create(eport_id_addr=0x1d87a48, port_type=0x1, name=0xfee1dead)
[W : PPU[1] Thread (CPUThread)[0x00cb1d88]]: sys_event warning: *** sys_event_port created: id = 36
[W : PPU[1] Thread (CPUThread)[0x00cb1da0]]: sys_event warning: sys_event_port_connect_local(eport_id=36, equeue_id=34)
[E : PPU[1] Thread (CPUThread)[0x01dbb13c]]: TODO: cellSpursAttachLv2EventQueue
[W : PPU[1] Thread (CPUThread)[0x01b7d010]]: cellSysmodule warning: cellSysmoduleLoadModule(CELL_SYSMODULE_SPURS_JQ)
[W : PPU[1] Thread (CPUThread)[0x01b7d010]]: cellSysmodule warning: cellSysmoduleLoadModule(CELL_SYSMODULE_SPURS_JQ)
[E : PPU[1] Thread (CPUThread)[0x01dbd088]]: TODO: cellSpursJobQueuePort2Create
[W : PPU[1] Thread (CPUThread)[0x01dcd058]]: sys_lwmutex warning: *** lwmutex created [] (attribute=0x22): sq_id = 37
[W : PPU[1] Thread (CPUThread)[0x01dcd058]]: sys_lwmutex warning: *** lwmutex created [] (attribute=0x22): sq_id = 38
[W : PPU[1] Thread (CPUThread)[0x00c0a2fc]]: sys_mutex warning: *** mutex created [] (protocol=0x2, recursive=false): id = 39
[W : PPU[1] Thread (CPUThread)[0x00c0a374]]: sys_cond warning: *** condition created [] (mutex_id=39): id = 40
[W : PPU[1] Thread (CPUThread)[0x00c0a394]]: sys_cond warning: *** condition created [] (mutex_id=39): id = 41
[! : PPU[42] Thread (sgsfile-req-th)[0x00c085c4]]: PPU[42] Thread (sgsfile-req-th) enter
[E : PPU[1] Thread (CPUThread)[0x00c08a0c]]: Unknown syscall: 631 - 00000277
[W : PPU[1] Thread (CPUThread)[0x01b7d010]]: cellSysmodule warning: cellSysmoduleLoadModule(CELL_SYSMODULE_SYSUTIL_GAME)
[W : PPU[1] Thread (CPUThread)[0x01b7d010]]: cellSysmodule warning: cellSysmoduleLoadModule(CELL_SYSMODULE_FS)
[W : PPU[1] Thread (CPUThread)[0x01b7d01c]]: cellSysmodule warning: cellSysmoduleIsLoaded(CELL_SYSMODULE_NETCTL)
[W : PPU[1] Thread (CPUThread)[0x01b7d010]]: cellSysmodule warning: cellSysmoduleLoadModule(CELL_SYSMODULE_NETCTL)
[E : PPU[1] Thread (CPUThread)[0x01daf088]]: TODO: cellNetCtlInit
[W : PPU[1] Thread (CPUThread)[0x01b7d01c]]: cellSysmodule warning: cellSysmoduleIsLoaded(CELL_SYSMODULE_NET)
[W : PPU[1] Thread (CPUThread)[0x01b7d010]]: cellSysmodule warning: cellSysmoduleLoadModule(CELL_SYSMODULE_NET)
[E : PPU[1] Thread (CPUThread)[0x01dad004]]: TODO: sys_net_initialize_network_ex
[W : PPU[1] Thread (CPUThread)[0x01db9028]]: vfsLocalFile::Create('D:\Emulateur\Rpcs3\dev_hdd1\cache\BLES01555\')
[W : PPU[1] Thread (CPUThread)[0x01dcd058]]: sys_lwmutex warning: *** lwmutex created [] (attribute=0x22): sq_id = 43
[! : PPU[44] Thread (GameContentAccess)[0x000fbfe4]]: PPU[44] Thread (GameContentAccess) enter
[W : PPU[44] Thread (GameContentAccess)[0x01dcb088]]: cellGame warning: cellGameBootCheck(type_addr=0x1cfc890, attributes_addr=0x1cfc894, size_addr=0x1cfc898, dirName_addr=0x1cfcfce)
[W : PPU[44] Thread (GameContentAccess)[0x01dcb04c]]: cellGame warning: cellGameGetParamInt(id=102, value_addr=0x1cfc8a4)
[W : PPU[44] Thread (GameContentAccess)[0x01dcb04c]]: cellGame warning: cellGameGetParamInt(id=103, value_addr=0x1cfc8a8)
[W : PPU[44] Thread (GameContentAccess)[0x01dcb04c]]: cellGame warning: cellGameGetParamInt(id=104, value_addr=0x1cfc8ac)
[W : PPU[44] Thread (GameContentAccess)[0x01dcb010]]: cellGame warning: cellGameGetParamString(id=100, buf_addr=0x1cfceb0, bufsize=10)
[W : PPU[44] Thread (GameContentAccess)[0x01dcb010]]: cellGame warning: cellGameGetParamString(id=101, buf_addr=0x1cfceba, bufsize=6)
[W : PPU[44] Thread (GameContentAccess)[0x01dcb010]]: cellGame warning: cellGameGetParamString(id=106, buf_addr=0x1cfcec0, bufsize=6)
[W : PPU[44] Thread (GameContentAccess)[0x01dcb010]]: cellGame warning: cellGameGetParamString(id=105, buf_addr=0x1cfcec6, bufsize=8)
[W : PPU[44] Thread (GameContentAccess)[0x01dcb010]]: cellGame warning: cellGameGetParamString(id=0, buf_addr=0x1cfc8b0, bufsize=128)
[W : PPU[44] Thread (GameContentAccess)[0x01dcb010]]: cellGame warning: cellGameGetParamString(id=1, buf_addr=0x1cfc930, bufsize=128)
[W : PPU[44] Thread (GameContentAccess)[0x01dcb010]]: cellGame warning: cellGameGetParamString(id=2, buf_addr=0x1cfc9b0, bufsize=128)
[W : PPU[44] Thread (GameContentAccess)[0x01dcb010]]: cellGame warning: cellGameGetParamString(id=3, buf_addr=0x1cfca30, bufsize=128)
[W : PPU[44] Thread (GameContentAccess)[0x01dcb010]]: cellGame warning: cellGameGetParamString(id=4, buf_addr=0x1cfcab0, bufsize=128)
[W : PPU[44] Thread (GameContentAccess)[0x01dcb010]]: cellGame warning: cellGameGetParamString(id=5, buf_addr=0x1cfcbb0, bufsize=128)
[W : PPU[44] Thread (GameContentAccess)[0x01dcb010]]: cellGame warning: cellGameGetParamString(id=6, buf_addr=0x1cfcb30, bufsize=128)
[W : PPU[44] Thread (GameContentAccess)[0x01dcb010]]: cellGame warning: cellGameGetParamString(id=7, buf_addr=0x1cfcc30, bufsize=128)
[W : PPU[44] Thread (GameContentAccess)[0x01dcb010]]: cellGame warning: cellGameGetParamString(id=8, buf_addr=0x1cfccb0, bufsize=128)
[W : PPU[44] Thread (GameContentAccess)[0x01dcb010]]: cellGame warning: cellGameGetParamString(id=9, buf_addr=0x1cfcd30, bufsize=128)
[W : PPU[44] Thread (GameContentAccess)[0x01dcb010]]: cellGame warning: cellGameGetParamString(id=10, buf_addr=0x1cfcdb0, bufsize=128)
[W : PPU[44] Thread (GameContentAccess)[0x01dcb010]]: cellGame warning: cellGameGetParamString(id=11, buf_addr=0x1cfce30, bufsize=128)
[W : PPU[44] Thread (GameContentAccess)[0x01dcb028]]: cellGame warning: cellGameContentPermit(contentInfoPath_addr=0x1cfcece, usrdirPath_addr=0x1cfcf4e)
[E : PPU[44] Thread (GameContentAccess)[0x01dcb070]]: cellGame error: Unimplemented function: cellGameDataCheck
[W : PPU[44] Thread (GameContentAccess)[0x01dcb04c]]: cellGame warning: cellGameGetParamInt(id=102, value_addr=0x1cfd734)
[W : PPU[44] Thread (GameContentAccess)[0x01dcb04c]]: cellGame warning: cellGameGetParamInt(id=103, value_addr=0x1cfd738)
[W : PPU[44] Thread (GameContentAccess)[0x01dcb04c]]: cellGame warning: cellGameGetParamInt(id=104, value_addr=0x1cfd73c)
[W : PPU[44] Thread (GameContentAccess)[0x01dcb010]]: cellGame warning: cellGameGetParamString(id=100, buf_addr=0x1cfdd40, bufsize=10)
[W : PPU[44] Thread (GameContentAccess)[0x01dcb010]]: cellGame warning: cellGameGetParamString(id=101, buf_addr=0x1cfdd4a, bufsize=6)
[W : PPU[44] Thread (GameContentAccess)[0x01dcb010]]: cellGame warning: cellGameGetParamString(id=106, buf_addr=0x1cfdd50, bufsize=6)
[W : PPU[44] Thread (GameContentAccess)[0x01dcb010]]: cellGame warning: cellGameGetParamString(id=105, buf_addr=0x1cfdd56, bufsize=8)
[W : PPU[44] Thread (GameContentAccess)[0x01dcb010]]: cellGame warning: cellGameGetParamString(id=0, buf_addr=0x1cfd740, bufsize=128)
[W : PPU[44] Thread (GameContentAccess)[0x01dcb010]]: cellGame warning: cellGameGetParamString(id=1, buf_addr=0x1cfd7c0, bufsize=128)
[W : PPU[44] Thread (GameContentAccess)[0x01dcb010]]: cellGame warning: cellGameGetParamString(id=2, buf_addr=0x1cfd840, bufsize=128)
[W : PPU[44] Thread (GameContentAccess)[0x01dcb010]]: cellGame warning: cellGameGetParamString(id=3, buf_addr=0x1cfd8c0, bufsize=128)
[W : PPU[44] Thread (GameContentAccess)[0x01dcb010]]: cellGame warning: cellGameGetParamString(id=4, buf_addr=0x1cfd940, bufsize=128)
[W : PPU[44] Thread (GameContentAccess)[0x01dcb010]]: cellGame warning: cellGameGetParamString(id=5, buf_addr=0x1cfda40, bufsize=128)
[W : PPU[44] Thread (GameContentAccess)[0x01dcb010]]: cellGame warning: cellGameGetParamString(id=6, buf_addr=0x1cfd9c0, bufsize=128)
[W : PPU[44] Thread (GameContentAccess)[0x01dcb010]]: cellGame warning: cellGameGetParamString(id=7, buf_addr=0x1cfdac0, bufsize=128)
[W : PPU[44] Thread (GameContentAccess)[0x01dcb010]]: cellGame warning: cellGameGetParamString(id=8, buf_addr=0x1cfdb40, bufsize=128)
[W : PPU[44] Thread (GameContentAccess)[0x01dcb010]]: cellGame warning: cellGameGetParamString(id=9, buf_addr=0x1cfdbc0, bufsize=128)
[W : PPU[44] Thread (GameContentAccess)[0x01dcb010]]: cellGame warning: cellGameGetParamString(id=10, buf_addr=0x1cfdc40, bufsize=128)
[W : PPU[44] Thread (GameContentAccess)[0x01dcb010]]: cellGame warning: cellGameGetParamString(id=11, buf_addr=0x1cfdcc0, bufsize=128)
[W : PPU[44] Thread (GameContentAccess)[0x01dcb028]]: cellGame warning: cellGameContentPermit(contentInfoPath_addr=0xd0050aa8, usrdirPath_addr=0xd00509a8)
[E : PPU[44] Thread (GameContentAccess)[0x01db3040]]: sys_fs error: "/hd01.adat" not found! flags: 0x00000000
[E : PPU[44] Thread (GameContentAccess)[0x01db3040]]: sys_fs error: "/hs02.adat.sdat" not found! flags: 0x00000000
[E : PPU[44] Thread (GameContentAccess)[0x01db3040]]: sys_fs error: "/hd05.adat" not found! flags: 0x00000000
[E : PPU[44] Thread (GameContentAccess)[0x01db3040]]: sys_fs error: "/hs06.adat.sdat" not found! flags: 0x00000000
[E : PPU[44] Thread (GameContentAccess)[0x01dcb070]]: cellGame error: Unimplemented function: cellGameDataCheck
[W : PPU[44] Thread (GameContentAccess)[0x01dcb04c]]: cellGame warning: cellGameGetParamInt(id=102, value_addr=0x1cfcffc)
[W : PPU[44] Thread (GameContentAccess)[0x01dcb04c]]: cellGame warning: cellGameGetParamInt(id=103, value_addr=0x1cfd000)
[W : PPU[44] Thread (GameContentAccess)[0x01dcb04c]]: cellGame warning: cellGameGetParamInt(id=104, value_addr=0x1cfd004)
[W : PPU[44] Thread (GameContentAccess)[0x01dcb010]]: cellGame warning: cellGameGetParamString(id=100, buf_addr=0x1cfd608, bufsize=10)
[W : PPU[44] Thread (GameContentAccess)[0x01dcb010]]: cellGame warning: cellGameGetParamString(id=101, buf_addr=0x1cfd612, bufsize=6)
[W : PPU[44] Thread (GameContentAccess)[0x01dcb010]]: cellGame warning: cellGameGetParamString(id=106, buf_addr=0x1cfd618, bufsize=6)
[W : PPU[44] Thread (GameContentAccess)[0x01dcb010]]: cellGame warning: cellGameGetParamString(id=105, buf_addr=0x1cfd61e, bufsize=8)
[W : PPU[44] Thread (GameContentAccess)[0x01dcb010]]: cellGame warning: cellGameGetParamString(id=0, buf_addr=0x1cfd008, bufsize=128)
[W : PPU[44] Thread (GameContentAccess)[0x01dcb010]]: cellGame warning: cellGameGetParamString(id=1, buf_addr=0x1cfd088, bufsize=128)
[W : PPU[44] Thread (GameContentAccess)[0x01dcb010]]: cellGame warning: cellGameGetParamString(id=2, buf_addr=0x1cfd108, bufsize=128)
[W : PPU[44] Thread (GameContentAccess)[0x01dcb010]]: cellGame warning: cellGameGetParamString(id=3, buf_addr=0x1cfd188, bufsize=128)
[W : PPU[44] Thread (GameContentAccess)[0x01dcb010]]: cellGame warning: cellGameGetParamString(id=4, buf_addr=0x1cfd208, bufsize=128)
[W : PPU[44] Thread (GameContentAccess)[0x01dcb010]]: cellGame warning: cellGameGetParamString(id=5, buf_addr=0x1cfd308, bufsize=128)
[W : PPU[44] Thread (GameContentAccess)[0x01dcb010]]: cellGame warning: cellGameGetParamString(id=6, buf_addr=0x1cfd288, bufsize=128)
[W : PPU[44] Thread (GameContentAccess)[0x01dcb010]]: cellGame warning: cellGameGetParamString(id=7, buf_addr=0x1cfd388, bufsize=128)
[W : PPU[44] Thread (GameContentAccess)[0x01dcb010]]: cellGame warning: cellGameGetParamString(id=8, buf_addr=0x1cfd408, bufsize=128)
[W : PPU[44] Thread (GameContentAccess)[0x01dcb010]]: cellGame warning: cellGameGetParamString(id=9, buf_addr=0x1cfd488, bufsize=128)
[W : PPU[44] Thread (GameContentAccess)[0x01dcb010]]: cellGame warning: cellGameGetParamString(id=10, buf_addr=0x1cfd508, bufsize=128)
[W : PPU[44] Thread (GameContentAccess)[0x01dcb010]]: cellGame warning: cellGameGetParamString(id=11, buf_addr=0x1cfd588, bufsize=128)
[W : PPU[44] Thread (GameContentAccess)[0x01dcb028]]: cellGame warning: cellGameContentPermit(contentInfoPath_addr=0x1cfd626, usrdirPath_addr=0x1cfd6a6)
[W : PPU[1] Thread (CPUThread)[0x01db3088]]: sys_fs warning: cellFsSdataOpen(path="/dev_bdvd/PS3_GAME/USRDIR/data/vinfo.sdat", flags=0x0, fd_addr=0xd001f5b8, arg_addr=0x0, size=0x0)
[E : PPU[1] Thread (CPUThread)[0x01db3088]]: sys_fs error: '/dev_hdd1/vinfo.sdat.unpacked' couldn't be created! flags: 0x00000002
[W : PPU[1] Thread (CPUThread)[0x01db3088]]: sys_fs warning: cellFsSdataOpen(path="/data/vinfo.sdat", flags=0x0, fd_addr=0xd001f5b4, arg_addr=0x0, size=0x0)
[E : PPU[1] Thread (CPUThread)[0x01db3088]]: sys_fs error: '/data/vinfo.sdat' not found! flags: 0x00000001
[W : PPU[1] Thread (CPUThread)[0x01dcd058]]: sys_lwmutex warning: *** lwmutex created [FIOSALL] (attribute=0x21): sq_id = 45
[W : PPU[1] Thread (CPUThread)[0x01b7d010]]: cellSysmodule warning: cellSysmoduleLoadModule(CELL_SYSMODULE_IO)
[W : PPU[1] Thread (CPUThread)[0x01b7d010]]: cellSysmodule warning: cellSysmoduleLoadModule(CELL_SYSMODULE_FS)
[W : PPU[1] Thread (CPUThread)[0x01dcd058]]: sys_lwmutex warning: *** lwmutex created [opWait] (attribute=0x12): sq_id = 46
[W : PPU[1] Thread (CPUThread)[0x01dcd190]]: sys_lwcond warning: Invalid lwmutex address(0x20642140)
[W : PPU[1] Thread (CPUThread)[0x01dcd190]]: sys_lwcond warning: *** lwcond created [opWait] (lwmutex_addr=0x20642140): id = 47
[W : PPU[1] Thread (CPUThread)[0x01dcd058]]: sys_lwmutex warning: *** lwmutex created [s_media] (attribute=0x12): sq_id = 48
[E : PPU[1] Thread (CPUThread)[0x00c3fcb8]]: Read32 from null block: [90642148]
[W : PPU[42] Thread (sgsfile-req-th)[0x00c0a630]]: sys_cond_wait(id=40) aborted
[W : PPU[35] Thread (spu_printf_handler)[0x00cb1ed8]]: sys_event_queue_receive(equeue=34) aborted
[! : PPU[1] Thread (CPUThread)[0x00c3fcbc]]: PPU[1] Thread (CPUThread) leave
[! : PPU[44] Thread (GameContentAccess)[0x000fbde8]]: PPU[44] Thread (GameContentAccess) leave
[! : PPU[42] Thread (sgsfile-req-th)[0x00c0a634]]: PPU[42] Thread (sgsfile-req-th) leave
[! : PPU[35] Thread (spu_printf_handler)[0x00cb1edc]]: PPU[35] Thread (spu_printf_handler) leave
[!]: Closing memory...
