[!]: path: /dev_hdd0/game/
[!]: Loading 'D:\Emulateurs\Rpcs3\dev_hdd0\game\BLES00058-[THE DARKNESS]/PS3_GAME/USRDIR/BOOT.BIN'...
[!]: Mount info:
[!]: /dev_hdd0/ -> D:\Emulateurs\Rpcs3\dev_hdd0\
[!]: /dev_hdd1/ -> D:\Emulateurs\Rpcs3\dev_hdd1\
[!]: /dev_flash/ -> D:\Emulateurs\Rpcs3\dev_flash\
[!]: /dev_usb000/ -> D:\Emulateurs\Rpcs3\dev_usb000\
[!]: /dev_usb/ -> D:\Emulateurs\Rpcs3\dev_usb000\
[!]: /app_home/ -> D:\Emulateurs\Rpcs3\dev_hdd0\game\BLES00058-[THE DARKNESS]/PS3_GAME/
[!]: /dev_bdvd/ -> D:\Emulateurs\Rpcs3\dev_hdd0\game\BLES00058-[THE DARKNESS]/PS3_GAME/\..\
[!]: /host_root/ -> 
[!]: / -> D:\Emulateurs\Rpcs3\dev_hdd0\game\BLES00058-[THE DARKNESS]/PS3_GAME/\USRDIR\
[!]: Initing memory...
[!]: Memory initialized.
[W]: Unknown function 0x8bde5ebf in 'cellGcmSys' module
[E]: TODO: cellGcmSetUserCommand
[W]: Unknown function 0x99d397ac in 'cellGcmSys' module
[E]: TODO: cellGcmGetReport
[W]: Unknown function 0xbd6d60d9 in 'cellGcmSys' module
[E]: TODO: cellGcmSetInvalidateTile
[W]: Unknown function 0x28e208bb in 'sys_net' module
[E]: TODO: listen
[W]: Unknown function 0x3f09e20a in 'sys_net' module
[E]: TODO: socketselect
[W]: Unknown function 0xdabbc2c0 in 'sys_net' module
[E]: TODO: inet_addr
[W]: Unknown function 0xbef554a4 in 'sys_fs' module
[E]: TODO: cellFsUtime
[W]: Unknown function 0x1dfbfdd6 in 'cellSysutil' module
[E]: TODO: cellSaveDataListLoad2
[W]: Unknown function 0x62b0f803 in 'cellSysutil' module
[E]: TODO: cellMsgDialogAbort
[W]: Unknown function 0x8b7ed64b in 'cellSysutil' module
[E]: TODO: cellSaveDataAutoSave2
[W]: Unknown function 0xc9645c41 in 'cellSysutil' module
[E]: TODO: cellGameDataCheckCreate2
[W]: Unknown function 0xdfdd302e in 'cellSysutil' module
[E]: TODO: cellDiscGameRegisterDiscChangeCallback
[W]: Unknown function 0xedadd797 in 'cellSysutil' module
[E]: TODO: cellSaveDataDelete2
[W]: Unknown function 0xfbd5c856 in 'cellSysutil' module
[E]: TODO: cellSaveDataAutoLoad2
[W]: Unknown function 0x14497465 in 'sceNp' module
[E]: TODO: sceNpMatchingQuickMatchGUI
[W]: Unknown function 0x26b3bc94 in 'sceNp' module
[E]: TODO: sceNpMatchingGetResultGUI
[W]: Unknown function 0x2e1c5068 in 'sceNp' module
[E]: TODO: sceNpMatchingDestroyCtx
[W]: Unknown function 0x32febb4c in 'sceNp' module
[E]: TODO: sceNpMatchingSearchJoinRoomGUI
[W]: Unknown function 0x34cc0ca4 in 'sceNp' module
[E]: TODO: sceNpMatchingKickRoomMember
[W]: Unknown function 0x3cc8588a in 'sceNp' module
[E]: TODO: sceNpMatchingCreateRoomGUI
[W]: Unknown function 0x60897c38 in 'sceNp' module
[E]: TODO: sceNpSignalingActivateConnection
[W]: Unknown function 0x6356082e in 'sceNp' module
[E]: TODO: sceNpSignalingCreateCtx
[W]: Unknown function 0x6ee62ed2 in 'sceNp' module
[E]: TODO: sceNpManagerGetContentRatingFlag
[W]: Unknown function 0x6f8fd267 in 'sceNp' module
[E]: TODO: sceNpMatchingSetRoomInfo
[W]: Unknown function 0x9ad7fbd1 in 'sceNp' module
[E]: TODO: sceNpSignalingGetLocalNetInfo
[W]: Unknown function 0xa8cf8451 in 'sceNp' module
[E]: TODO: sceNpSignalingDestroyCtx
[W]: Unknown function 0xac66568c in 'sceNp' module
[E]: TODO: sceNpMatchingCreateCtx
[W]: Unknown function 0xacb9ee8e in 'sceNp' module
[E]: TODO: sceNpBasicUnregisterHandler
[W]: Unknown function 0xbcc09fe7 in 'sceNp' module
[E]: TODO: sceNpBasicRegisterHandler
[W]: Unknown function 0xca0a2d04 in 'sceNp' module
[E]: TODO: sceNpSignalingGetConnectionStatus
[W]: Unknown function 0xd208f91d in 'sceNp' module
[E]: TODO: sceNpUtilCmpNpId
[W]: Unknown function 0xf42c0df8 in 'sceNp' module
[E]: TODO: sceNpManagerGetOnlineName
[W]: Unknown function 0xf806c54c in 'sceNp' module
[E]: TODO: sceNpMatchingLeaveRoom
[W]: Unknown function 0xfd0eb5ae in 'sceNp' module
[E]: TODO: sceNpSignalingDeactivateConnection
[W]: Unknown function 0xfe37a7f4 in 'sceNp' module
[E]: TODO: sceNpManagerGetNpId
[W : PPU[1] Thread (CPUThread)[0x010c4028]]: sys_lwmutex warning: *** lwmutex created [] (attribute=0x12): sq_id = 3
[W : PPU[1] Thread (CPUThread)[0x010c4028]]: sys_lwmutex warning: *** lwmutex created [] (attribute=0x12): sq_id = 4
[W : PPU[1] Thread (CPUThread)[0x010c4028]]: sys_lwmutex warning: *** lwmutex created [] (attribute=0x12): sq_id = 5
[W : PPU[1] Thread (CPUThread)[0x010c4028]]: sys_lwmutex warning: *** lwmutex created [] (attribute=0x12): sq_id = 6
[W : PPU[1] Thread (CPUThread)[0x010c4028]]: sys_lwmutex warning: *** lwmutex created [] (attribute=0x12): sq_id = 7
[W : PPU[1] Thread (CPUThread)[0x010c4028]]: sys_lwmutex warning: *** lwmutex created [] (attribute=0x12): sq_id = 8
[W : PPU[1] Thread (CPUThread)[0x010c4028]]: sys_lwmutex warning: *** lwmutex created [] (attribute=0x12): sq_id = 9
[W : PPU[1] Thread (CPUThread)[0x010c4028]]: sys_lwmutex warning: *** lwmutex created [] (attribute=0x12): sq_id = 10
[W : PPU[1] Thread (CPUThread)[0x010c4028]]: sys_lwmutex warning: *** lwmutex created [] (attribute=0x12): sq_id = 11
[W : PPU[1] Thread (CPUThread)[0x0002b34c]]: sys_mutex warning: *** mutex created [] (protocol=0x2, recursive=true): id = 12
[W : PPU[1] Thread (CPUThread)[0x0005828c]]: memory warning: sys_memory_get_user_memory_size(mem_info_addr=0xd00206d4)
[W : PPU[1] Thread (CPUThread)[0x000583ac]]: memory warning: sys_memory_get_user_memory_size(mem_info_addr=0xd0020780)
[W : PPU[1] Thread (CPUThread)[0x000583ac]]: memory warning: sys_memory_get_user_memory_size(mem_info_addr=0xd0020780)
[W : PPU[1] Thread (CPUThread)[0x000583ac]]: memory warning: sys_memory_get_user_memory_size(mem_info_addr=0xd00206c0)
[W : PPU[1] Thread (CPUThread)[0x000583ac]]: memory warning: sys_memory_get_user_memory_size(mem_info_addr=0xd00205b0)
[W : PPU[1] Thread (CPUThread)[0x000583ac]]: memory warning: sys_memory_get_user_memory_size(mem_info_addr=0xd0020570)
[W : PPU[1] Thread (CPUThread)[0x00032fe4]]: sys_mutex warning: *** mutex created [] (protocol=0x2, recursive=true): id = 13
[W : PPU[1] Thread (CPUThread)[0x0003301c]]: sys_cond warning: *** condition on recursive mutex(13)
[W : PPU[1] Thread (CPUThread)[0x0003301c]]: sys_cond warning: *** condition created [] (mutex_id=13): id = 14
[W : PPU[1] Thread (CPUThread)[0x00c6a33c]]: sys_spu warning: sys_spu_initialize(max_usable_spu=6, max_raw_spu=0)
[W : PPU[1] Thread (CPUThread)[0x010c0010]]: cellSysmodule warning: cellSysmoduleLoadModule(CELL_SYSMODULE_FS)
[W : PPU[1] Thread (CPUThread)[0x010c0010]]: cellSysmodule warning: cellSysmoduleLoadModule(CELL_SYSMODULE_IO)
[W : PPU[1] Thread (CPUThread)[0x010c0010]]: cellSysmodule warning: cellSysmoduleLoadModule(CELL_SYSMODULE_GCM_SYS)
[W : PPU[1] Thread (CPUThread)[0x010c0010]]: cellSysmodule warning: cellSysmoduleLoadModule(CELL_SYSMODULE_GCM_SYS)
[W : PPU[1] Thread (CPUThread)[0x010c0010]]: cellSysmodule warning: cellSysmoduleLoadModule(CELL_SYSMODULE_SPURS)
[W : PPU[1] Thread (CPUThread)[0x010c0010]]: cellSysmodule warning: cellSysmoduleLoadModule(CELL_SYSMODULE_NET)
[W : PPU[1] Thread (CPUThread)[0x010c0010]]: cellSysmodule warning: cellSysmoduleLoadModule(CELL_SYSMODULE_VDEC)
[W : PPU[1] Thread (CPUThread)[0x010c0010]]: cellSysmodule warning: cellSysmoduleLoadModule(CELL_SYSMODULE_SYSUTIL_NP)
[W : PPU[1] Thread (CPUThread)[0x010c4028]]: sys_lwmutex warning: *** lwmutex created [] (attribute=0x12): sq_id = 15
[W : PPU[1] Thread (CPUThread)[0x010c4028]]: sys_lwmutex warning: *** lwmutex created [] (attribute=0x12): sq_id = 16
[W : PPU[1] Thread (CPUThread)[0x010c4028]]: sys_lwmutex warning: *** lwmutex created [] (attribute=0x12): sq_id = 17
[W : PPU[1] Thread (CPUThread)[0x010c4028]]: sys_lwmutex warning: *** lwmutex created [] (attribute=0x12): sq_id = 18
[W : PPU[1] Thread (CPUThread)[0x010c4028]]: sys_lwmutex warning: *** lwmutex created [] (attribute=0x12): sq_id = 19
[W : PPU[1] Thread (CPUThread)[0x010c4028]]: sys_lwmutex warning: *** lwmutex created [] (attribute=0x12): sq_id = 20
[W : PPU[1] Thread (CPUThread)[0x010c4028]]: sys_lwmutex warning: *** lwmutex created [] (attribute=0x12): sq_id = 21
[W : PPU[1] Thread (CPUThread)[0x010c4028]]: sys_lwmutex warning: *** lwmutex created [] (attribute=0x12): sq_id = 22
[W : PPU[1] Thread (CPUThread)[0x010c4028]]: sys_lwmutex warning: *** lwmutex created [] (attribute=0x12): sq_id = 23
[W : PPU[1] Thread (CPUThread)[0x010c4028]]: sys_lwmutex warning: *** lwmutex created [] (attribute=0x12): sq_id = 24
[W : PPU[1] Thread (CPUThread)[0x010c4028]]: sys_lwmutex warning: *** lwmutex created [] (attribute=0x12): sq_id = 25
[W : PPU[1] Thread (CPUThread)[0x010c4028]]: sys_lwmutex warning: *** lwmutex created [] (attribute=0x12): sq_id = 26
[W : PPU[1] Thread (CPUThread)[0x010c4028]]: sys_lwmutex warning: *** lwmutex created [] (attribute=0x12): sq_id = 27
[W : PPU[1] Thread (CPUThread)[0x00032fe4]]: sys_mutex warning: *** mutex created [] (protocol=0x2, recursive=true): id = 28
[W : PPU[1] Thread (CPUThread)[0x0003301c]]: sys_cond warning: *** condition on recursive mutex(28)
[W : PPU[1] Thread (CPUThread)[0x0003301c]]: sys_cond warning: *** condition created [] (mutex_id=28): id = 29
[W : PPU[1] Thread (CPUThread)[0x00032fe4]]: sys_mutex warning: *** mutex created [] (protocol=0x2, recursive=true): id = 30
[W : PPU[1] Thread (CPUThread)[0x0003301c]]: sys_cond warning: *** condition on recursive mutex(30)
[W : PPU[1] Thread (CPUThread)[0x0003301c]]: sys_cond warning: *** condition created [] (mutex_id=30): id = 31
[W : PPU[1] Thread (CPUThread)[0x00032fe4]]: sys_mutex warning: *** mutex created [] (protocol=0x2, recursive=true): id = 32
[W : PPU[1] Thread (CPUThread)[0x0003301c]]: sys_cond warning: *** condition on recursive mutex(32)
[W : PPU[1] Thread (CPUThread)[0x0003301c]]: sys_cond warning: *** condition created [] (mutex_id=32): id = 33
[W : PPU[1] Thread (CPUThread)[0x00032fe4]]: sys_mutex warning: *** mutex created [] (protocol=0x2, recursive=true): id = 34
[W : PPU[1] Thread (CPUThread)[0x0003301c]]: sys_cond warning: *** condition on recursive mutex(34)
[W : PPU[1] Thread (CPUThread)[0x0003301c]]: sys_cond warning: *** condition created [] (mutex_id=34): id = 35
[W : PPU[1] Thread (CPUThread)[0x00032fe4]]: sys_mutex warning: *** mutex created [] (protocol=0x2, recursive=true): id = 36
[W : PPU[1] Thread (CPUThread)[0x0003301c]]: sys_cond warning: *** condition on recursive mutex(36)
[W : PPU[1] Thread (CPUThread)[0x0003301c]]: sys_cond warning: *** condition created [] (mutex_id=36): id = 37
[W : PPU[1] Thread (CPUThread)[0x0008007c]]: memory warning: sys_memory_container_create(cid_addr=0x3096f540, yield_size=0x800000)
[W : PPU[1] Thread (CPUThread)[0x0008007c]]: memory warning: *** memory_container created(addr=0x3f200000): id = 38
[W : PPU[1] Thread (CPUThread)[0x00c68fd0]]: memory warning: sys_memory_get_user_memory_size(mem_info_addr=0xd0020528)
[W : PPU[1] Thread (CPUThread)[0x00c69020]]: sys_event warning: sys_event_queue_create(equeue_id_addr=0x308015c0, attr_addr=0x308015d8, event_queue_key=0x0, size=127)
[W : PPU[1] Thread (CPUThread)[0x00c69020]]: sys_event warning: *** event_queue created [] (protocol=0x1, type=0x2): id = 39
[W : PPU[1] Thread (CPUThread)[0x00c69038]]: sys_event warning: sys_event_port_create(eport_id_addr=0x308015e8, port_type=0x1, name=0x0)
[W : PPU[1] Thread (CPUThread)[0x00c69038]]: sys_event warning: *** sys_event_port created: id = 40
[W : PPU[1] Thread (CPUThread)[0x00c69048]]: sys_event warning: sys_event_port_connect_local(eport_id=40, equeue_id=39)
[W : PPU[1] Thread (CPUThread)[0x00c69070]]: sys_event warning: sys_event_queue_create(equeue_id_addr=0x308015c4, attr_addr=0x308015c8, event_queue_key=0x0, size=127)
[W : PPU[1] Thread (CPUThread)[0x00c69070]]: sys_event warning: *** event_queue created [] (protocol=0x2, type=0x1): id = 41
[W : PPU[1] Thread (CPUThread)[0x00c690c4]]: sys_spu warning: sys_spu_thread_group_create(id_addr=0x308015f8, num=1, prio=100, attr_addr=0x308015fc)
[W : PPU[1] Thread (CPUThread)[0x00c690c4]]: sys_spu warning: *** SPU Thread Group created [AI] (type=0x0, option.ct=0x0): id=42
[W : PPU[1] Thread (CPUThread)[0x00c69384]]: sys_spu warning: sys_spu_image_open(img_addr=0x308015b0, path_addr=0x3096f7c2 [/dev_bdvd/PS3_GAME/USRDIR/SYSTEM/PS3EXES/WBLOCKNAVGRID_VPU.SELF])
[W : PPU[1] Thread (CPUThread)[0x00c69020]]: sys_event warning: sys_event_queue_create(equeue_id_addr=0x30801668, attr_addr=0x30801680, event_queue_key=0x0, size=127)
[W : PPU[1] Thread (CPUThread)[0x00c69020]]: sys_event warning: *** event_queue created [] (protocol=0x1, type=0x2): id = 43
[W : PPU[1] Thread (CPUThread)[0x00c69038]]: sys_event warning: sys_event_port_create(eport_id_addr=0x30801690, port_type=0x1, name=0x0)
[W : PPU[1] Thread (CPUThread)[0x00c69038]]: sys_event warning: *** sys_event_port created: id = 44
[W : PPU[1] Thread (CPUThread)[0x00c69048]]: sys_event warning: sys_event_port_connect_local(eport_id=44, equeue_id=43)
[W : PPU[1] Thread (CPUThread)[0x00c69070]]: sys_event warning: sys_event_queue_create(equeue_id_addr=0x3080166c, attr_addr=0x30801670, event_queue_key=0x0, size=127)
[W : PPU[1] Thread (CPUThread)[0x00c69070]]: sys_event warning: *** event_queue created [] (protocol=0x2, type=0x1): id = 45
[W : PPU[1] Thread (CPUThread)[0x00c690c4]]: sys_spu warning: sys_spu_thread_group_create(id_addr=0x308016a0, num=1, prio=100, attr_addr=0x308016a4)
[W : PPU[1] Thread (CPUThread)[0x00c690c4]]: sys_spu warning: *** SPU Thread Group created [Sound] (type=0x0, option.ct=0x0): id=46
[W : PPU[1] Thread (CPUThread)[0x00c69434]]: sys_spu warning: sys_spu_image_open(img_addr=0x30801658, path_addr=0x3096f7c2 [/dev_bdvd/PS3_GAME/USRDIR/SYSTEM/PS3EXES/MSOUND_MIXER_WORKER.SELF])
[W : PPU[1] Thread (CPUThread)[0x00c69020]]: sys_event warning: sys_event_queue_create(equeue_id_addr=0x30801710, attr_addr=0x30801728, event_queue_key=0x0, size=127)
[W : PPU[1] Thread (CPUThread)[0x00c69020]]: sys_event warning: *** event_queue created [] (protocol=0x1, type=0x2): id = 47
[W : PPU[1] Thread (CPUThread)[0x00c69038]]: sys_event warning: sys_event_port_create(eport_id_addr=0x30801738, port_type=0x1, name=0x0)
[W : PPU[1] Thread (CPUThread)[0x00c69038]]: sys_event warning: *** sys_event_port created: id = 48
[W : PPU[1] Thread (CPUThread)[0x00c69048]]: sys_event warning: sys_event_port_connect_local(eport_id=48, equeue_id=47)
[W : PPU[1] Thread (CPUThread)[0x00c69070]]: sys_event warning: sys_event_queue_create(equeue_id_addr=0x30801714, attr_addr=0x30801718, event_queue_key=0x0, size=127)
[W : PPU[1] Thread (CPUThread)[0x00c69070]]: sys_event warning: *** event_queue created [] (protocol=0x2, type=0x1): id = 49
[W : PPU[1] Thread (CPUThread)[0x00c690c4]]: sys_spu warning: sys_spu_thread_group_create(id_addr=0x30801748, num=2, prio=100, attr_addr=0x3080174c)
[W : PPU[1] Thread (CPUThread)[0x00c690c4]]: sys_spu warning: *** SPU Thread Group created [Workers] (type=0x0, option.ct=0x0): id=50
[W : PPU[1] Thread (CPUThread)[0x00c693dc]]: sys_spu warning: sys_spu_image_open(img_addr=0x30801700, path_addr=0x3096f7c2 [/dev_bdvd/PS3_GAME/USRDIR/SYSTEM/PS3EXES/VPUWORKERS.SELF])
[W : PPU[1] Thread (CPUThread)[0x00c69020]]: sys_event warning: sys_event_queue_create(equeue_id_addr=0x308017b8, attr_addr=0x308017d0, event_queue_key=0x0, size=127)
[W : PPU[1] Thread (CPUThread)[0x00c69020]]: sys_event warning: *** event_queue created [] (protocol=0x1, type=0x2): id = 51
[W : PPU[1] Thread (CPUThread)[0x00c69038]]: sys_event warning: sys_event_port_create(eport_id_addr=0x308017e0, port_type=0x1, name=0x0)
[W : PPU[1] Thread (CPUThread)[0x00c69038]]: sys_event warning: *** sys_event_port created: id = 52
[W : PPU[1] Thread (CPUThread)[0x00c69048]]: sys_event warning: sys_event_port_connect_local(eport_id=52, equeue_id=51)
[W : PPU[1] Thread (CPUThread)[0x00c69070]]: sys_event warning: sys_event_queue_create(equeue_id_addr=0x308017bc, attr_addr=0x308017c0, event_queue_key=0x0, size=127)
[W : PPU[1] Thread (CPUThread)[0x00c69070]]: sys_event warning: *** event_queue created [] (protocol=0x2, type=0x1): id = 53
[W : PPU[1] Thread (CPUThread)[0x00c690c4]]: sys_spu warning: sys_spu_thread_group_create(id_addr=0x308017f0, num=1, prio=100, attr_addr=0x308017f4)
[W : PPU[1] Thread (CPUThread)[0x00c690c4]]: sys_spu warning: *** SPU Thread Group created [Codec] (type=0x0, option.ct=0x0): id=54
[W : PPU[1] Thread (CPUThread)[0x00c6948c]]: sys_spu warning: sys_spu_image_open(img_addr=0x308017a8, path_addr=0x3096f7c2 [/dev_bdvd/PS3_GAME/USRDIR/SYSTEM/PS3EXES/MSOUND_MPEG_DECODERVPUWORKER.SELF])
[W : PPU[1] Thread (CPUThread)[0x00c692e0]]: sys_spu warning: sys_spu_thread_initialize(thread_addr=0x30801900, group=0x2a, spu_num=0, img_addr=0x308015b0, attr_addr=0x30801950, arg_addr=0x30801608)
[W : PPU[1] Thread (CPUThread)[0x00c692e0]]: sys_spu warning: *** New SPU Thread [AI_0] (img_offset=0x10c7000, ls_offset=0x11c7000, ep=0x0, a1=0x101200000000000, a2=0x3a00000000, a3=0x0, a4=0x0): id=55
[W : PPU[1] Thread (CPUThread)[0x00c692f4]]: sys_spu warning: sys_spu_thread_bind_queue(id=55, equeue_id=39, spuq_num=0x1012000)
[W : PPU[1] Thread (CPUThread)[0x00c6930c]]: sys_spu warning: sys_spu_thread_connect_event(id=55, eq_id=41, event_type=0x1, spup=58)
[W : PPU[1] Thread (CPUThread)[0x00c6931c]]: sys_spu warning: sys_spu_thread_set_spu_cfg(id=55, value=0x0)
[W : PPU[1] Thread (CPUThread)[0x00c69140]]: sys_spu warning: sys_spu_thread_group_start(id=42)
[E : SPU[55] Thread (AI_0)[0x00000000]]: Unknown STOP code: 0x0 (no message)
[W : PPU[1] Thread (CPUThread)[0x00c692e0]]: sys_spu warning: sys_spu_thread_initialize(thread_addr=0x30926110, group=0x2e, spu_num=1, img_addr=0x30801658, attr_addr=0x30926160, arg_addr=0x308016b0)
[W : PPU[1] Thread (CPUThread)[0x00c692e0]]: sys_spu warning: *** New SPU Thread [Sound_0] (img_offset=0x1107000, ls_offset=0x1207000, ep=0x0, a1=0x101200100000000, a2=0x3b00000000, a3=0x0, a4=0x0): id=56
[W : PPU[1] Thread (CPUThread)[0x00c692f4]]: sys_spu warning: sys_spu_thread_bind_queue(id=56, equeue_id=43, spuq_num=0x1012001)
[W : PPU[1] Thread (CPUThread)[0x00c6930c]]: sys_spu warning: sys_spu_thread_connect_event(id=56, eq_id=45, event_type=0x1, spup=59)
[W : PPU[1] Thread (CPUThread)[0x00c6931c]]: sys_spu warning: sys_spu_thread_set_spu_cfg(id=56, value=0x0)
[W : PPU[1] Thread (CPUThread)[0x00c69140]]: sys_spu warning: sys_spu_thread_group_start(id=46)
[E : SPU[56] Thread (Sound_0)[0x00000000]]: Unknown STOP code: 0x0 (no message)
[W : PPU[1] Thread (CPUThread)[0x00c692e0]]: sys_spu warning: sys_spu_thread_initialize(thread_addr=0x30821ef0, group=0x32, spu_num=2, img_addr=0x30801700, attr_addr=0x30821f40, arg_addr=0x30801758)
[W : PPU[1] Thread (CPUThread)[0x00c692e0]]: sys_spu warning: *** New SPU Thread [Workers_0] (img_offset=0x1147000, ls_offset=0x1247000, ep=0x0, a1=0x101200200000000, a2=0x3c00000000, a3=0x0, a4=0x0): id=57
[W : PPU[1] Thread (CPUThread)[0x00c692f4]]: sys_spu warning: sys_spu_thread_bind_queue(id=57, equeue_id=47, spuq_num=0x1012002)
[W : PPU[1] Thread (CPUThread)[0x00c6930c]]: sys_spu warning: sys_spu_thread_connect_event(id=57, eq_id=49, event_type=0x1, spup=60)
[W : PPU[1] Thread (CPUThread)[0x00c6931c]]: sys_spu warning: sys_spu_thread_set_spu_cfg(id=57, value=0x0)
[W : PPU[1] Thread (CPUThread)[0x00c692e0]]: sys_spu warning: sys_spu_thread_initialize(thread_addr=0x30821ef4, group=0x32, spu_num=3, img_addr=0x30801700, attr_addr=0x30821f4c, arg_addr=0x30801758)
[W : PPU[1] Thread (CPUThread)[0x00c692e0]]: sys_spu warning: *** New SPU Thread [Workers_1] (img_offset=0x1147000, ls_offset=0x1287000, ep=0x0, a1=0x101200200000000, a2=0x3c00000000, a3=0x0, a4=0x0): id=58
[W : PPU[1] Thread (CPUThread)[0x00c692f4]]: sys_spu warning: sys_spu_thread_bind_queue(id=58, equeue_id=47, spuq_num=0x1012002)
[W : PPU[1] Thread (CPUThread)[0x00c6930c]]: sys_spu warning: sys_spu_thread_connect_event(id=58, eq_id=49, event_type=0x1, spup=60)
[W : PPU[1] Thread (CPUThread)[0x00c6931c]]: sys_spu warning: sys_spu_thread_set_spu_cfg(id=58, value=0x0)
[W : PPU[1] Thread (CPUThread)[0x00c69140]]: sys_spu warning: sys_spu_thread_group_start(id=50)
[E : SPU[57] Thread (Workers_0)[0x00000000]]: Unknown STOP code: 0x0 (no message)
[E : SPU[58] Thread (Workers_1)[0x00000000]]: Unknown STOP code: 0x0 (no message)
[W : PPU[1] Thread (CPUThread)[0x00c692e0]]: sys_spu warning: sys_spu_thread_initialize(thread_addr=0x30946700, group=0x36, spu_num=4, img_addr=0x308017a8, attr_addr=0x30946750, arg_addr=0x30801800)
[W : PPU[1] Thread (CPUThread)[0x00c692e0]]: sys_spu warning: *** New SPU Thread [Codec_0] (img_offset=0x1187000, ls_offset=0x12c7000, ep=0x0, a1=0x101200300000000, a2=0x3d00000000, a3=0x0, a4=0x0): id=59
[W : PPU[1] Thread (CPUThread)[0x00c692f4]]: sys_spu warning: sys_spu_thread_bind_queue(id=59, equeue_id=51, spuq_num=0x1012003)
[W : PPU[1] Thread (CPUThread)[0x00c6930c]]: sys_spu warning: sys_spu_thread_connect_event(id=59, eq_id=53, event_type=0x1, spup=61)
[W : PPU[1] Thread (CPUThread)[0x00c6931c]]: sys_spu warning: sys_spu_thread_set_spu_cfg(id=59, value=0x0)
[W : PPU[1] Thread (CPUThread)[0x00c69140]]: sys_spu warning: sys_spu_thread_group_start(id=54)
[E : SPU[59] Thread (Codec_0)[0x00000000]]: Unknown STOP code: 0x0 (no message)
[W : PPU[1] Thread (CPUThread)[0x00c6915c]]: memory warning: sys_memory_get_user_memory_size(mem_info_addr=0xd0020548)
[W : PPU[1] Thread (CPUThread)[0x010b804c]]: sys_fs warning: cellFsStat: "/dev_bdvd/PS3_GAME/USRDIR/ENVIRONMENT_PS3.CFG" not found.
[W : PPU[1] Thread (CPUThread)[0x010ba040]]: cellSysutil warning: cellSysutilGetSystemParamInt: CELL_SYSUTIL_SYSTEMPARAM_ID_LANG
[W : PPU[1] Thread (CPUThread)[0x010b804c]]: sys_fs warning: cellFsStat: "/dev_bdvd/PS3_GAME/USRDIR/CONTENT_FREP5.XRG" not found.
[W : PPU[1] Thread (CPUThread)[0x010ba040]]: cellSysutil warning: cellSysutilGetSystemParamInt: CELL_SYSUTIL_SYSTEMPARAM_ID_LANG
[W : PPU[1] Thread (CPUThread)[0x010b804c]]: sys_fs warning: cellFsStat: "MXR.DLL" not found.
[W : PPU[1] Thread (CPUThread)[0x00032fe4]]: sys_mutex warning: *** mutex created [] (protocol=0x2, recursive=true): id = 60
[W : PPU[1] Thread (CPUThread)[0x0003301c]]: sys_cond warning: *** condition on recursive mutex(60)
[W : PPU[1] Thread (CPUThread)[0x0003301c]]: sys_cond warning: *** condition created [] (mutex_id=60): id = 61
[W : PPU[1] Thread (CPUThread)[0x00032fe4]]: sys_mutex warning: *** mutex created [] (protocol=0x2, recursive=true): id = 62
[W : PPU[1] Thread (CPUThread)[0x0003301c]]: sys_cond warning: *** condition on recursive mutex(62)
[W : PPU[1] Thread (CPUThread)[0x0003301c]]: sys_cond warning: *** condition created [] (mutex_id=62): id = 63
[W : PPU[1] Thread (CPUThread)[0x00032fe4]]: sys_mutex warning: *** mutex created [] (protocol=0x2, recursive=true): id = 65
[W : PPU[1] Thread (CPUThread)[0x0003301c]]: sys_cond warning: *** condition on recursive mutex(65)
[W : PPU[1] Thread (CPUThread)[0x0003301c]]: sys_cond warning: *** condition created [] (mutex_id=65): id = 66
[W : PPU[1] Thread (CPUThread)[0x00032fe4]]: sys_mutex warning: *** mutex created [] (protocol=0x2, recursive=true): id = 67
[W : PPU[1] Thread (CPUThread)[0x0003301c]]: sys_cond warning: *** condition on recursive mutex(67)
[W : PPU[1] Thread (CPUThread)[0x0003301c]]: sys_cond warning: *** condition created [] (mutex_id=67): id = 68
[W : PPU[1] Thread (CPUThread)[0x00032fe4]]: sys_mutex warning: *** mutex created [] (protocol=0x2, recursive=true): id = 69
[W : PPU[1] Thread (CPUThread)[0x0003301c]]: sys_cond warning: *** condition on recursive mutex(69)
[W : PPU[1] Thread (CPUThread)[0x0003301c]]: sys_cond warning: *** condition created [] (mutex_id=69): id = 70
[W : PPU[1] Thread (CPUThread)[0x00032fe4]]: sys_mutex warning: *** mutex created [] (protocol=0x2, recursive=true): id = 71
[W : PPU[1] Thread (CPUThread)[0x0003301c]]: sys_cond warning: *** condition on recursive mutex(71)
[W : PPU[1] Thread (CPUThread)[0x0003301c]]: sys_cond warning: *** condition created [] (mutex_id=71): id = 72
[W : PPU[1] Thread (CPUThread)[0x00032fe4]]: sys_mutex warning: *** mutex created [] (protocol=0x2, recursive=true): id = 73
[W : PPU[1] Thread (CPUThread)[0x0003301c]]: sys_cond warning: *** condition on recursive mutex(73)
[W : PPU[1] Thread (CPUThread)[0x0003301c]]: sys_cond warning: *** condition created [] (mutex_id=73): id = 74
[W : PPU[1] Thread (CPUThread)[0x00032fe4]]: sys_mutex warning: *** mutex created [] (protocol=0x2, recursive=true): id = 75
[W : PPU[1] Thread (CPUThread)[0x0003301c]]: sys_cond warning: *** condition on recursive mutex(75)
[W : PPU[1] Thread (CPUThread)[0x0003301c]]: sys_cond warning: *** condition created [] (mutex_id=75): id = 76
[W : PPU[1] Thread (CPUThread)[0x00032fe4]]: sys_mutex warning: *** mutex created [] (protocol=0x2, recursive=true): id = 77
[W : PPU[1] Thread (CPUThread)[0x0003301c]]: sys_cond warning: *** condition on recursive mutex(77)
[W : PPU[1] Thread (CPUThread)[0x0003301c]]: sys_cond warning: *** condition created [] (mutex_id=77): id = 78
[W : PPU[1] Thread (CPUThread)[0x00032fe4]]: sys_mutex warning: *** mutex created [] (protocol=0x2, recursive=true): id = 79
[W : PPU[1] Thread (CPUThread)[0x0003301c]]: sys_cond warning: *** condition on recursive mutex(79)
[W : PPU[1] Thread (CPUThread)[0x0003301c]]: sys_cond warning: *** condition created [] (mutex_id=79): id = 80
[W : PPU[1] Thread (CPUThread)[0x00032fe4]]: sys_mutex warning: *** mutex created [] (protocol=0x2, recursive=true): id = 81
[W : PPU[1] Thread (CPUThread)[0x0003301c]]: sys_cond warning: *** condition on recursive mutex(81)
[W : PPU[1] Thread (CPUThread)[0x0003301c]]: sys_cond warning: *** condition created [] (mutex_id=81): id = 82
[W : PPU[1] Thread (CPUThread)[0x00032fe4]]: sys_mutex warning: *** mutex created [] (protocol=0x2, recursive=true): id = 83
[W : PPU[1] Thread (CPUThread)[0x0003301c]]: sys_cond warning: *** condition on recursive mutex(83)
[W : PPU[1] Thread (CPUThread)[0x0003301c]]: sys_cond warning: *** condition created [] (mutex_id=83): id = 84
[W : PPU[1] Thread (CPUThread)[0x00032fe4]]: sys_mutex warning: *** mutex created [] (protocol=0x2, recursive=true): id = 85
[W : PPU[1] Thread (CPUThread)[0x0003301c]]: sys_cond warning: *** condition on recursive mutex(85)
[W : PPU[1] Thread (CPUThread)[0x0003301c]]: sys_cond warning: *** condition created [] (mutex_id=85): id = 86
[W : PPU[1] Thread (CPUThread)[0x00032fe4]]: sys_mutex warning: *** mutex created [] (protocol=0x2, recursive=true): id = 87
[W : PPU[1] Thread (CPUThread)[0x0003301c]]: sys_cond warning: *** condition on recursive mutex(87)
[W : PPU[1] Thread (CPUThread)[0x0003301c]]: sys_cond warning: *** condition created [] (mutex_id=87): id = 88
[W : PPU[1] Thread (CPUThread)[0x00032fe4]]: sys_mutex warning: *** mutex created [] (protocol=0x2, recursive=true): id = 89
[W : PPU[1] Thread (CPUThread)[0x0003301c]]: sys_cond warning: *** condition on recursive mutex(89)
[W : PPU[1] Thread (CPUThread)[0x0003301c]]: sys_cond warning: *** condition created [] (mutex_id=89): id = 90
[W : PPU[1] Thread (CPUThread)[0x00032fe4]]: sys_mutex warning: *** mutex created [] (protocol=0x2, recursive=true): id = 91
[W : PPU[1] Thread (CPUThread)[0x0003301c]]: sys_cond warning: *** condition on recursive mutex(91)
[W : PPU[1] Thread (CPUThread)[0x0003301c]]: sys_cond warning: *** condition created [] (mutex_id=91): id = 92
[W : PPU[1] Thread (CPUThread)[0x00032fe4]]: sys_mutex warning: *** mutex created [] (protocol=0x2, recursive=true): id = 93
[W : PPU[1] Thread (CPUThread)[0x0003301c]]: sys_cond warning: *** condition on recursive mutex(93)
[W : PPU[1] Thread (CPUThread)[0x0003301c]]: sys_cond warning: *** condition created [] (mutex_id=93): id = 94
[W : PPU[1] Thread (CPUThread)[0x00032fe4]]: sys_mutex warning: *** mutex created [] (protocol=0x2, recursive=true): id = 95
[W : PPU[1] Thread (CPUThread)[0x0003301c]]: sys_cond warning: *** condition on recursive mutex(95)
[W : PPU[1] Thread (CPUThread)[0x0003301c]]: sys_cond warning: *** condition created [] (mutex_id=95): id = 96
[E : PPU[1] Thread (CPUThread)[0x010ba0ac]]: TODO: cellGameDataCheckCreate2
[W : PPU[1] Thread (CPUThread)[0x010b801c]]: sys_fs warning: cellFsOpendir(path="", fd_addr=0xd001f7a0)
[W : PPU[1] Thread (CPUThread)[0x010b804c]]: sys_fs warning: cellFsStat: "/game" not found.
[W : PPU[1] Thread (CPUThread)[0x010b804c]]: sys_fs warning: cellFsStat: "/home" not found.
[W : PPU[1] Thread (CPUThread)[0x010b804c]]: sys_fs warning: cellFsStat: "/log.txt" not found.
[W : PPU[1] Thread (CPUThread)[0x00032fe4]]: sys_mutex warning: *** mutex created [] (protocol=0x2, recursive=true): id = 99
[W : PPU[1] Thread (CPUThread)[0x0003301c]]: sys_cond warning: *** condition on recursive mutex(99)
[W : PPU[1] Thread (CPUThread)[0x0003301c]]: sys_cond warning: *** condition created [] (mutex_id=99): id = 100
[W : PPU[1] Thread (CPUThread)[0x010ba040]]: cellSysutil warning: cellSysutilGetSystemParamInt: CELL_SYSUTIL_SYSTEMPARAM_ID_LANG
[W : PPU[1] Thread (CPUThread)[0x00032fe4]]: sys_mutex warning: *** mutex created [] (protocol=0x2, recursive=true): id = 101
[W : PPU[1] Thread (CPUThread)[0x0003301c]]: sys_cond warning: *** condition on recursive mutex(101)
[W : PPU[1] Thread (CPUThread)[0x0003301c]]: sys_cond warning: *** condition created [] (mutex_id=101): id = 102
[W : PPU[1] Thread (CPUThread)[0x00032fe4]]: sys_mutex warning: *** mutex created [] (protocol=0x2, recursive=true): id = 103
[W : PPU[1] Thread (CPUThread)[0x0003301c]]: sys_cond warning: *** condition on recursive mutex(103)
[W : PPU[1] Thread (CPUThread)[0x0003301c]]: sys_cond warning: *** condition created [] (mutex_id=103): id = 104
[W : PPU[1] Thread (CPUThread)[0x000583ac]]: memory warning: sys_memory_get_user_memory_size(mem_info_addr=0xd001fe90)
[W : PPU[1] Thread (CPUThread)[0x000583ac]]: memory warning: sys_memory_get_user_memory_size(mem_info_addr=0xd001fe90)
[W : PPU[1] Thread (CPUThread)[0x010b804c]]: sys_fs warning: cellFsStat: "CONTENT" not found.
[W : PPU[1] Thread (CPUThread)[0x00032fe4]]: sys_mutex warning: *** mutex created [] (protocol=0x2, recursive=true): id = 105
[W : PPU[1] Thread (CPUThread)[0x0003301c]]: sys_cond warning: *** condition on recursive mutex(105)
[W : PPU[1] Thread (CPUThread)[0x0003301c]]: sys_cond warning: *** condition created [] (mutex_id=105): id = 106
[W : PPU[1] Thread (CPUThread)[0x00032fe4]]: sys_mutex warning: *** mutex created [] (protocol=0x2, recursive=true): id = 107
[W : PPU[1] Thread (CPUThread)[0x0003301c]]: sys_cond warning: *** condition on recursive mutex(107)
[W : PPU[1] Thread (CPUThread)[0x0003301c]]: sys_cond warning: *** condition created [] (mutex_id=107): id = 108
[W : PPU[1] Thread (CPUThread)[0x00032fe4]]: sys_mutex warning: *** mutex created [] (protocol=0x2, recursive=true): id = 109
[W : PPU[1] Thread (CPUThread)[0x0003301c]]: sys_cond warning: *** condition on recursive mutex(109)
[W : PPU[1] Thread (CPUThread)[0x0003301c]]: sys_cond warning: *** condition created [] (mutex_id=109): id = 110
[W : PPU[1] Thread (CPUThread)[0x00032fe4]]: sys_mutex warning: *** mutex created [] (protocol=0x2, recursive=true): id = 111
[W : PPU[1] Thread (CPUThread)[0x0003301c]]: sys_cond warning: *** condition on recursive mutex(111)
[W : PPU[1] Thread (CPUThread)[0x0003301c]]: sys_cond warning: *** condition created [] (mutex_id=111): id = 112
[W : PPU[1] Thread (CPUThread)[0x00032fe4]]: sys_mutex warning: *** mutex created [] (protocol=0x2, recursive=true): id = 113
[W : PPU[1] Thread (CPUThread)[0x0003301c]]: sys_cond warning: *** condition on recursive mutex(113)
[W : PPU[1] Thread (CPUThread)[0x0003301c]]: sys_cond warning: *** condition created [] (mutex_id=113): id = 114
[W : PPU[1] Thread (CPUThread)[0x00032fe4]]: sys_mutex warning: *** mutex created [] (protocol=0x2, recursive=true): id = 115
[W : PPU[1] Thread (CPUThread)[0x0003301c]]: sys_cond warning: *** condition on recursive mutex(115)
[W : PPU[1] Thread (CPUThread)[0x0003301c]]: sys_cond warning: *** condition created [] (mutex_id=115): id = 116
[W : PPU[1] Thread (CPUThread)[0x00032fe4]]: sys_mutex warning: *** mutex created [] (protocol=0x2, recursive=true): id = 117
[W : PPU[1] Thread (CPUThread)[0x0003301c]]: sys_cond warning: *** condition on recursive mutex(117)
[W : PPU[1] Thread (CPUThread)[0x0003301c]]: sys_cond warning: *** condition created [] (mutex_id=117): id = 118
[W : PPU[1] Thread (CPUThread)[0x00032fe4]]: sys_mutex warning: *** mutex created [] (protocol=0x2, recursive=true): id = 119
[W : PPU[1] Thread (CPUThread)[0x0003301c]]: sys_cond warning: *** condition on recursive mutex(119)
[W : PPU[1] Thread (CPUThread)[0x0003301c]]: sys_cond warning: *** condition created [] (mutex_id=119): id = 120
[W : PPU[1] Thread (CPUThread)[0x00032fe4]]: sys_mutex warning: *** mutex created [] (protocol=0x2, recursive=true): id = 121
[W : PPU[1] Thread (CPUThread)[0x0003301c]]: sys_cond warning: *** condition on recursive mutex(121)
[W : PPU[1] Thread (CPUThread)[0x0003301c]]: sys_cond warning: *** condition created [] (mutex_id=121): id = 122
[W : PPU[1] Thread (CPUThread)[0x00032fe4]]: sys_mutex warning: *** mutex created [] (protocol=0x2, recursive=true): id = 123
[W : PPU[1] Thread (CPUThread)[0x0003301c]]: sys_cond warning: *** condition on recursive mutex(123)
[W : PPU[1] Thread (CPUThread)[0x0003301c]]: sys_cond warning: *** condition created [] (mutex_id=123): id = 124
[W : PPU[1] Thread (CPUThread)[0x00032fe4]]: sys_mutex warning: *** mutex created [] (protocol=0x2, recursive=true): id = 125
[W : PPU[1] Thread (CPUThread)[0x0003301c]]: sys_cond warning: *** condition on recursive mutex(125)
[W : PPU[1] Thread (CPUThread)[0x0003301c]]: sys_cond warning: *** condition created [] (mutex_id=125): id = 126
[W : PPU[1] Thread (CPUThread)[0x00032fe4]]: sys_mutex warning: *** mutex created [] (protocol=0x2, recursive=true): id = 127
[W : PPU[1] Thread (CPUThread)[0x0003301c]]: sys_cond warning: *** condition on recursive mutex(127)
[W : PPU[1] Thread (CPUThread)[0x0003301c]]: sys_cond warning: *** condition created [] (mutex_id=127): id = 128
[W : PPU[1] Thread (CPUThread)[0x00032fe4]]: sys_mutex warning: *** mutex created [] (protocol=0x2, recursive=true): id = 129
[W : PPU[1] Thread (CPUThread)[0x0003301c]]: sys_cond warning: *** condition on recursive mutex(129)
[W : PPU[1] Thread (CPUThread)[0x0003301c]]: sys_cond warning: *** condition created [] (mutex_id=129): id = 130
[W : PPU[1] Thread (CPUThread)[0x00032fe4]]: sys_mutex warning: *** mutex created [] (protocol=0x2, recursive=true): id = 131
[W : PPU[1] Thread (CPUThread)[0x0003301c]]: sys_cond warning: *** condition on recursive mutex(131)
[W : PPU[1] Thread (CPUThread)[0x0003301c]]: sys_cond warning: *** condition created [] (mutex_id=131): id = 132
[W : PPU[1] Thread (CPUThread)[0x00032fe4]]: sys_mutex warning: *** mutex created [] (protocol=0x2, recursive=true): id = 133
[W : PPU[1] Thread (CPUThread)[0x0003301c]]: sys_cond warning: *** condition on recursive mutex(133)
[W : PPU[1] Thread (CPUThread)[0x0003301c]]: sys_cond warning: *** condition created [] (mutex_id=133): id = 134
[W : PPU[1] Thread (CPUThread)[0x00032fe4]]: sys_mutex warning: *** mutex created [] (protocol=0x2, recursive=true): id = 135
[W : PPU[1] Thread (CPUThread)[0x0003301c]]: sys_cond warning: *** condition on recursive mutex(135)
[W : PPU[1] Thread (CPUThread)[0x0003301c]]: sys_cond warning: *** condition created [] (mutex_id=135): id = 136
[W : PPU[1] Thread (CPUThread)[0x00032fe4]]: sys_mutex warning: *** mutex created [] (protocol=0x2, recursive=true): id = 137
[W : PPU[1] Thread (CPUThread)[0x0003301c]]: sys_cond warning: *** condition on recursive mutex(137)
[W : PPU[1] Thread (CPUThread)[0x0003301c]]: sys_cond warning: *** condition created [] (mutex_id=137): id = 138
[W : PPU[1] Thread (CPUThread)[0x00032fe4]]: sys_mutex warning: *** mutex created [] (protocol=0x2, recursive=true): id = 139
[W : PPU[1] Thread (CPUThread)[0x0003301c]]: sys_cond warning: *** condition on recursive mutex(139)
[W : PPU[1] Thread (CPUThread)[0x0003301c]]: sys_cond warning: *** condition created [] (mutex_id=139): id = 140
[W : PPU[1] Thread (CPUThread)[0x00032fe4]]: sys_mutex warning: *** mutex created [] (protocol=0x2, recursive=true): id = 141
[W : PPU[1] Thread (CPUThread)[0x0003301c]]: sys_cond warning: *** condition on recursive mutex(141)
[W : PPU[1] Thread (CPUThread)[0x0003301c]]: sys_cond warning: *** condition created [] (mutex_id=141): id = 142
[W : PPU[1] Thread (CPUThread)[0x010b8040]]: *** cellFsOpen(path="/dev_bdvd/PS3_GAME/USRDIR/CONTENT/XDF/GAMECONTEXT_CREATE.XDF"): fd = 143
[E : PPU[145] Thread (XDF Unpacker)[0x00c3fbe8]]: Read32 from null block: [fffffff0]
[W : PPU[97] Thread (CSaveContentContextPS3)[0x00034324]]: sys_cond_wait(id=37) aborted
[W : PPU[144] Thread (PS3 Async FileIO service)[0x00034324]]: sys_cond_wait(id=114) aborted
[!]: Closing memory...
