[!]: path: /dev_hdd0/game/
[!]: Loading 'D:\Emulateurs\Rpcs3\dev_hdd0\game\BLES00954-[MONOPOLY Streets]\PS3_GAME\USRDIR/BOOT.BIN'...
[!]: Mount info:
[!]: /dev_hdd0/ -> D:\Emulateurs\Rpcs3\dev_hdd0\
[!]: /dev_hdd1/ -> D:\Emulateurs\Rpcs3\dev_hdd1\
[!]: /dev_flash/ -> D:\Emulateurs\Rpcs3\dev_flash\
[!]: /dev_usb000/ -> D:\Emulateurs\Rpcs3\dev_usb000\
[!]: /dev_usb/ -> D:\Emulateurs\Rpcs3\dev_usb000\
[!]: /app_home/ -> D:\Emulateurs\Rpcs3\dev_hdd0\game\BLES00954-[MONOPOLY Streets]\PS3_GAME\
[!]: /dev_bdvd/ -> D:\Emulateurs\Rpcs3\dev_hdd0\game\BLES00954-[MONOPOLY Streets]\PS3_GAME\\..\
[!]: /host_root/ -> 
[!]: / -> D:\Emulateurs\Rpcs3\dev_hdd0\game\BLES00954-[MONOPOLY Streets]\PS3_GAME\\USRDIR\
[!]: Initing memory...
[!]: Memory initialized.
[W]: Unknown function 0x01fbbc9b in 'sceNp' module
[E]: TODO: sceNpBasicSendMessageGui
[W]: Unknown function 0x0968aa36 in 'sceNp' module
[E]: TODO: sceNpManagerGetTicket
[W]: Unknown function 0x4026eac5 in 'sceNp' module
[E]: TODO: sceNpBasicRegisterContextSensitiveHandler
[W]: Unknown function 0x4210c462 in 'sceNp' module
[E]: Unknown func id: 0x4210c462
[W]: Unknown function 0x52a6b523 in 'sceNp' module
[E]: TODO: sceNpManagerUnregisterCallback
[W]: Unknown function 0x58fa4fcd in 'sceNp' module
[E]: TODO: sceNpManagerGetTicketParam
[W]: Unknown function 0x6453b27b in 'sceNp' module
[E]: TODO: sceNpBasicGetFriendPresenceByIndex2
[W]: Unknown function 0x64a704cc in 'sceNp' module
[E]: TODO: sceNpBasicRecvMessageAttachmentLoad
[W]: Unknown function 0x6ee62ed2 in 'sceNp' module
[E]: TODO: sceNpManagerGetContentRatingFlag
[W]: Unknown function 0x806960ab in 'sceNp' module
[E]: TODO: sceNpBasicRecvMessageCustom
[W]: Unknown function 0x8297f1ec in 'sceNp' module
[E]: TODO: sceNpManagerRequestTicket2
[W]: Unknown function 0xafef640d in 'sceNp' module
[E]: TODO: sceNpBasicGetFriendListEntryCount
[W]: Unknown function 0xb1e0718b in 'sceNp' module
[E]: TODO: sceNpManagerGetAccountRegion
[W]: Unknown function 0xbcdbb2ab in 'sceNp' module
[E]: TODO: sceNpBasicAddPlayersHistoryAsync
[W]: Unknown function 0xd208f91d in 'sceNp' module
[E]: TODO: sceNpUtilCmpNpId
[W]: Unknown function 0xe035f7d6 in 'sceNp' module
[E]: TODO: sceNpBasicGetEvent
[W]: Unknown function 0xe7dcd3b4 in 'sceNp' module
[E]: TODO: sceNpManagerRegisterCallback
[W]: Unknown function 0xeb7a3d84 in 'sceNp' module
[E]: TODO: sceNpManagerGetChatRestrictionFlag
[W]: Unknown function 0xfe37a7f4 in 'sceNp' module
[E]: TODO: sceNpManagerGetNpId
[W]: Unknown function 0xf042b14f in 'sceNp' module
[E]: TODO: sceNpDrmIsAvailable2
[W]: Unknown module 'cellPrx_EAWebkitPrx'
[W]: Unknown function 0x4cef342e in 'sys_fs' module
[E]: TODO: cellFsAioWrite
[W]: Unknown function 0x7f13fc8c in 'sys_fs' module
[E]: TODO: cellFsAioCancel
[W]: Unknown function 0xbd6d60d9 in 'cellGcmSys' module
[E]: TODO: cellGcmSetInvalidateTile
[W]: Unknown function 0x303c19cd in 'cellSpurs' module
[E]: TODO: cellSpursCreateJobChainWithAttribute
[W]: Unknown function 0x3548f483 in 'cellSpurs' module
[E]: TODO: _cellSpursJobChainAttributeInitialize
[W]: Unknown function 0x57e4dec3 in 'cellSpurs' module
[E]: TODO: cellSpursRemoveWorkload
[W]: Unknown function 0x5fd43fe4 in 'cellSpurs' module
[E]: TODO: cellSpursWaitForWorkloadShutdown
[W]: Unknown function 0x68aaeba9 in 'cellSpurs' module
[E]: TODO: cellSpursJobGuardInitialize
[W]: Unknown function 0x738e40e6 in 'cellSpurs' module
[E]: TODO: cellSpursShutdownJobChain
[W]: Unknown function 0x98d5b343 in 'cellSpurs' module
[E]: TODO: cellSpursShutdownWorkload
[W]: Unknown function 0xa7c066de in 'cellSpurs' module
[E]: TODO: cellSpursJoinJobChain
[W]: Unknown function 0xaa6269a8 in 'cellSpurs' module
[E]: TODO: cellSpursInitializeWithAttribute
[W]: Unknown function 0xc0158d8b in 'cellSpurs' module
[E]: TODO: cellSpursAddWorkloadWithAttribute
[W]: Unknown function 0xd5d0b256 in 'cellSpurs' module
[E]: TODO: cellSpursJobGuardNotify
[W]: Unknown function 0xefeb2679 in 'cellSpurs' module
[E]: TODO: _cellSpursWorkloadAttributeInitialize
[W]: Unknown function 0xf31731bb in 'cellSpurs' module
[E]: TODO: cellSpursRunJobChain
[W]: Unknown function 0xf843818d in 'cellSpurs' module
[E]: TODO: cellSpursReadyCountStore
[W]: Unknown function 0x051ee3ee in 'sys_net' module
[E]: TODO: socketpoll
[W]: Unknown function 0x13efe7f5 in 'sys_net' module
[E]: TODO: getsockname
[W]: Unknown function 0x28e208bb in 'sys_net' module
[E]: TODO: listen
[W]: Unknown function 0x5a045bd1 in 'sys_net' module
[E]: TODO: getsockopt
[W]: Unknown function 0x71f4c717 in 'sys_net' module
[E]: TODO: gethostbyname
[W]: Unknown function 0xf7ac8941 in 'sys_net' module
[E]: TODO: gethostbyaddr
[W]: Unknown function 0xf9ec2db6 in 'sys_net' module
[E]: TODO: getpeername
[W]: Unknown function 0x3d1e1931 in 'cellSysutil' module
[E]: TODO: cellOskDialogUnloadAsync
[W]: Unknown function 0x7fcfc915 in 'cellSysutil' module
[E]: TODO: cellOskDialogLoadAsync
[W]: Unknown function 0xb6d84526 in 'cellSysutil' module
[E]: TODO: cellOskDialogAbort
[W]: Unknown function 0xf0ec3ccc in 'cellSysutil' module
[E]: TODO: cellOskDialogSetLayoutMode
[W]: Unknown function 0x1dfbfdd6 in 'cellSysutil' module
[E]: TODO: cellSaveDataListLoad2
[W]: Unknown function 0x2a8eada2 in 'cellSysutil' module
[E]: TODO: cellSaveDataFixedLoad2
[W]: Unknown function 0x2aae9ef5 in 'cellSysutil' module
[E]: TODO: cellSaveDataFixedSave2
[W]: Unknown function 0x2de0d663 in 'cellSysutil' module
[E]: TODO: cellSaveDataListSave2
[W]: Unknown function 0x8b7ed64b in 'cellSysutil' module
[E]: TODO: cellSaveDataAutoSave2
[W]: Unknown function 0xa11552f6 in 'cellSysutil' module
[E]: TODO: cellSysutilGetBgmPlaybackStatus
[W]: Unknown function 0xedadd797 in 'cellSysutil' module
[E]: TODO: cellSaveDataDelete2
[W]: Unknown function 0xfbd5c856 in 'cellSysutil' module
[E]: TODO: cellSaveDataAutoLoad2
[W]: Unknown function 0x26090058 in 'sysPrxForUser' module
[E]: TODO: sys_prx_load_module
[W]: Unknown function 0x80fb0c19 in 'sysPrxForUser' module
[E]: TODO: sys_prx_stop_module
[W]: Unknown function 0x9f18429d in 'sysPrxForUser' module
[E]: TODO: sys_prx_start_module
[W]: Unknown function 0xdd3b27ac in 'sysPrxForUser' module
[E]: TODO: _sys_spu_printf_finalize
[W]: Unknown function 0xf0aece0d in 'sysPrxForUser' module
[E]: TODO: sys_prx_unload_module
[W]: Unknown function 0x15ec0cca in 'cellCelpEnc' module
[E]: TODO: cellCelpEncClose
[W]: Unknown function 0x3773692f in 'cellCelpEnc' module
[E]: TODO: cellCelpEncGetAu
[W]: Unknown function 0x55dc23de in 'cellCelpEnc' module
[E]: TODO: cellCelpEncStart
[W]: Unknown function 0x6b148570 in 'cellCelpEnc' module
[E]: TODO: cellCelpEncQueryAttr
[W]: Unknown function 0x77b3b29a in 'cellCelpEnc' module
[E]: TODO: cellCelpEncOpen
[W]: Unknown function 0x81fe030c in 'cellCelpEnc' module
[E]: TODO: cellCelpEncEncodeFrame
[W]: Unknown function 0x9b244272 in 'cellCelpEnc' module
[E]: TODO: cellCelpEncWaitForOutput
[W]: Unknown function 0xf2b85dff in 'cellCelpEnc' module
[E]: TODO: cellCelpEncEnd
[W]: Unknown module 'cellHttp'
[W]: Unknown module 'sceNpCommerce2'
[W]: Unknown function 0x1650aea4 in 'cellSsl' module
[E]: TODO: cellSslEnd
[W]: Unknown function 0x571afaca in 'cellSsl' module
[E]: TODO: cellSslCertificateLoader
[W]: Unknown function 0xfb02c9d2 in 'cellSsl' module
[E]: TODO: cellSslInit
[W]: Unknown function 0x07e1b12c in 'cellMic' module
[E]: TODO: cellMicRead
[W]: Unknown function 0x1b42101b in 'cellMic' module
[E]: TODO: cellMicIsAttached
[W]: Unknown function 0x323deb41 in 'cellMic' module
[E]: TODO: cellMicSetSignalAttr
[W]: Unknown function 0x8325e02d in 'cellMic' module
[E]: TODO: cellMicInit
[W]: Unknown function 0x8d229f8e in 'cellMic' module
[E]: TODO: cellMicClose
[W]: Unknown function 0xb30780eb in 'cellMic' module
[E]: TODO: cellMicGetSignalState
[W]: Unknown function 0xc6328caa in 'cellMic' module
[E]: TODO: cellMicEnd
[W]: Unknown function 0xdd1b59f0 in 'cellMic' module
[E]: TODO: cellMicOpen
[W]: Unknown function 0xdd724314 in 'cellMic' module
[E]: TODO: cellMicStart
[W]: Unknown module 'cellSysutilAvconfExt'
[W : PPU[1] Thread (CPUThread)[0x017ba040]]: sys_lwmutex warning: *** lwmutex created [_lc_mtx] (attribute=0x12): sq_id = 3
[W : PPU[1] Thread (CPUThread)[0x005cf1c0]]: memory warning: sys_memory_get_user_memory_size(mem_info_addr=0xd0020c04)
[W : PPU[1] Thread (CPUThread)[0x017ba040]]: sys_lwmutex warning: *** lwmutex created [_lc_mtx] (attribute=0x12): sq_id = 4
[W : PPU[1] Thread (CPUThread)[0x017ba040]]: sys_lwmutex warning: *** lwmutex created [_lc_mtx] (attribute=0x12): sq_id = 5
[W : PPU[1] Thread (CPUThread)[0x017ba040]]: sys_lwmutex warning: *** lwmutex created [_lc_mtx] (attribute=0x12): sq_id = 6
[W : PPU[1] Thread (CPUThread)[0x017ba040]]: sys_lwmutex warning: *** lwmutex created [_lc_mtx] (attribute=0x12): sq_id = 7
[W : PPU[1] Thread (CPUThread)[0x017ba040]]: sys_lwmutex warning: *** lwmutex created [_lc_mtx] (attribute=0x12): sq_id = 8
[W : PPU[1] Thread (CPUThread)[0x017ba040]]: sys_lwmutex warning: *** lwmutex created [_lc_mtx] (attribute=0x12): sq_id = 9
[W : PPU[1] Thread (CPUThread)[0x017ba040]]: sys_lwmutex warning: *** lwmutex created [_lc_mtx] (attribute=0x12): sq_id = 10
[W : PPU[1] Thread (CPUThread)[0x017ba040]]: sys_lwmutex warning: *** lwmutex created [_lc_mtx] (attribute=0x12): sq_id = 11
[W : PPU[1] Thread (CPUThread)[0x017ba040]]: sys_lwmutex warning: *** lwmutex created [_lc_mtx] (attribute=0x12): sq_id = 12
[W : PPU[1] Thread (CPUThread)[0x017b4010]]: cellSysmodule warning: cellSysmoduleLoadModule(CELL_SYSMODULE_IO)
[W : PPU[1] Thread (CPUThread)[0x017b4010]]: cellSysmodule warning: cellSysmoduleLoadModule(CELL_SYSMODULE_NET)
[W : PPU[1] Thread (CPUThread)[0x017b4010]]: cellSysmodule warning: cellSysmoduleLoadModule(CELL_SYSMODULE_SYSUTIL_NP)
[W : PPU[1] Thread (CPUThread)[0x017b4010]]: cellSysmodule warning: cellSysmoduleLoadModule(CELL_SYSMODULE_SYSUTIL_NP_TROPHY)
[W : PPU[1] Thread (CPUThread)[0x017b4010]]: cellSysmodule warning: cellSysmoduleLoadModule(CELL_SYSMODULE_SPURS)
[W : PPU[1] Thread (CPUThread)[0x017b4010]]: cellSysmodule warning: cellSysmoduleLoadModule(CELL_SYSMODULE_SYNC)
[W : PPU[1] Thread (CPUThread)[0x017b4010]]: cellSysmodule warning: cellSysmoduleLoadModule(CELL_SYSMODULE_FS)
[W : PPU[1] Thread (CPUThread)[0x017b4010]]: cellSysmodule warning: cellSysmoduleLoadModule(CELL_SYSMODULE_GCM_SYS)
[W : PPU[1] Thread (CPUThread)[0x017b4010]]: cellSysmodule warning: cellSysmoduleLoadModule(CELL_SYSMODULE_GCM_SYS)
[W : PPU[1] Thread (CPUThread)[0x017b4010]]: cellSysmodule warning: cellSysmoduleLoadModule(CELL_SYSMODULE_SHEAP)
[W : PPU[1] Thread (CPUThread)[0x017b4010]]: cellSysmodule warning: cellSysmoduleLoadModule(CELL_SYSMODULE_USBD)
[W : PPU[1] Thread (CPUThread)[0x017b4010]]: cellSysmodule warning: cellSysmoduleLoadModule(CELL_SYSMODULE_AUDIO)
[W : PPU[1] Thread (CPUThread)[0x017b4010]]: cellSysmodule warning: cellSysmoduleLoadModule(CELL_SYSMODULE_SYSUTIL)
[W : PPU[1] Thread (CPUThread)[0x017b4010]]: cellSysmodule warning: cellSysmoduleLoadModule(CELL_SYSMODULE_RTC)
[W : PPU[1] Thread (CPUThread)[0x017b4010]]: cellSysmodule warning: cellSysmoduleLoadModule(CELL_SYSMODULE_AVCONF_EXT)
[W : PPU[1] Thread (CPUThread)[0x017b4010]]: cellSysmodule warning: cellSysmoduleLoadModule(CELL_SYSMODULE_MIC)
[W : PPU[1] Thread (CPUThread)[0x017b4010]]: cellSysmodule warning: cellSysmoduleLoadModule(CELL_SYSMODULE_SYSUTIL_GAME)
[W : PPU[1] Thread (CPUThread)[0x017b4010]]: cellSysmodule warning: cellSysmoduleLoadModule(CELL_SYSMODULE_SYSUTIL_NP_COMMERCE2)
[W : PPU[1] Thread (CPUThread)[0x017b4010]]: cellSysmodule warning: cellSysmoduleLoadModule(CELL_SYSMODULE_HTTPS)
[W : PPU[1] Thread (CPUThread)[0x017ba040]]: sys_lwmutex warning: *** lwmutex created [] (attribute=0x11): sq_id = 13
[W : PPU[1] Thread (CPUThread)[0x017ba040]]: sys_lwmutex warning: *** lwmutex created [] (attribute=0x11): sq_id = 14
[W : PPU[1] Thread (CPUThread)[0x017ba040]]: sys_lwmutex warning: *** lwmutex created [] (attribute=0x11): sq_id = 15
[W : PPU[1] Thread (CPUThread)[0x017ba040]]: sys_lwmutex warning: *** lwmutex created [] (attribute=0x11): sq_id = 16
[W : PPU[1] Thread (CPUThread)[0x002ad048]]: sys_mutex warning: *** mutex created [] (protocol=0x2, recursive=true): id = 17
[W : PPU[1] Thread (CPUThread)[0x017ba040]]: sys_lwmutex warning: *** lwmutex created [_lgcmtx] (attribute=0x12): sq_id = 18
[W : PPU[1] Thread (CPUThread)[0x017ba040]]: sys_lwmutex warning: *** lwmutex created [_lgcmtx] (attribute=0x22): sq_id = 19
[W : PPU[1] Thread (CPUThread)[0x017ba040]]: sys_lwmutex warning: *** lwmutex created [] (attribute=0x12): sq_id = 20
[W : PPU[1] Thread (CPUThread)[0x017ba040]]: sys_lwmutex warning: *** lwmutex created [_lc_mtx] (attribute=0x12): sq_id = 21
[W : PPU[1] Thread (CPUThread)[0x017ba040]]: sys_lwmutex warning: *** lwmutex created [_lc_mtx] (attribute=0x12): sq_id = 22
[W : PPU[1] Thread (CPUThread)[0x017ba040]]: sys_lwmutex warning: *** lwmutex created [_lc_mtx] (attribute=0x12): sq_id = 23
[W : PPU[1] Thread (CPUThread)[0x017ba040]]: sys_lwmutex warning: *** lwmutex created [_lc_mtx] (attribute=0x12): sq_id = 24
[W : PPU[1] Thread (CPUThread)[0x017ba040]]: sys_lwmutex warning: *** lwmutex created [_lc_mtx] (attribute=0x12): sq_id = 25
[W : PPU[1] Thread (CPUThread)[0x017ba040]]: sys_lwmutex warning: *** lwmutex created [_lc_mtx] (attribute=0x12): sq_id = 26
[W : PPU[1] Thread (CPUThread)[0x017ba040]]: sys_lwmutex warning: *** lwmutex created [_lc_mtx] (attribute=0x12): sq_id = 27
[W : PPU[1] Thread (CPUThread)[0x017ba040]]: sys_lwmutex warning: *** lwmutex created [_lc_mtx] (attribute=0x12): sq_id = 28
[W : PPU[1] Thread (CPUThread)[0x017ba040]]: sys_lwmutex warning: *** lwmutex created [_lc_mtx] (attribute=0x12): sq_id = 29
[W : PPU[1] Thread (CPUThread)[0x017ba040]]: sys_lwmutex warning: *** lwmutex created [_lc_mtx] (attribute=0x12): sq_id = 30
[W : PPU[1] Thread (CPUThread)[0x017ba040]]: sys_lwmutex warning: *** lwmutex created [_lc_mtx] (attribute=0x12): sq_id = 31
[W : PPU[1] Thread (CPUThread)[0x017ba040]]: sys_lwmutex warning: *** lwmutex created [_lc_mtx] (attribute=0x12): sq_id = 32
[W : PPU[1] Thread (CPUThread)[0x017ba040]]: sys_lwmutex warning: *** lwmutex created [] (attribute=0x12): sq_id = 33
[W : PPU[1] Thread (CPUThread)[0x002ac0fc]]: sys_semaphore warning: sys_semaphore_create(sem_addr=0x17824e8, attr_addr=0xd0020b40, initial_count=0, max_count=100000)
[W : PPU[1] Thread (CPUThread)[0x002ad048]]: sys_mutex warning: *** mutex created [] (protocol=0x2, recursive=true): id = 35
[W : PPU[1] Thread (CPUThread)[0x002ad048]]: sys_mutex warning: *** mutex created [] (protocol=0x2, recursive=true): id = 36
[W : PPU[1] Thread (CPUThread)[0x002ad048]]: sys_mutex warning: *** mutex created [] (protocol=0x2, recursive=true): id = 37
[W : PPU[1] Thread (CPUThread)[0x002ac0fc]]: sys_semaphore warning: sys_semaphore_create(sem_addr=0x14c3f88, attr_addr=0xd0020b40, initial_count=0, max_count=100000)
[W : PPU[1] Thread (CPUThread)[0x002ac0fc]]: sys_semaphore warning: sys_semaphore_create(sem_addr=0x154afa8, attr_addr=0xd0020b40, initial_count=0, max_count=100000)
[W : PPU[1] Thread (CPUThread)[0x002ac9f8]]: sys_mutex warning: *** mutex created [] (protocol=0x2, recursive=false): id = 40
[W : PPU[1] Thread (CPUThread)[0x002acac8]]: sys_cond warning: *** condition created [] (mutex_id=40): id = 41
[W : PPU[1] Thread (CPUThread)[0x002ac0fc]]: sys_semaphore warning: sys_semaphore_create(sem_addr=0x154afc8, attr_addr=0xd0020b40, initial_count=0, max_count=100000)
[W : PPU[1] Thread (CPUThread)[0x002ac0fc]]: sys_semaphore warning: sys_semaphore_create(sem_addr=0x154afe8, attr_addr=0xd0020b40, initial_count=0, max_count=100000)
[W : PPU[1] Thread (CPUThread)[0x002ac0fc]]: sys_semaphore warning: sys_semaphore_create(sem_addr=0x154b008, attr_addr=0xd0020b40, initial_count=0, max_count=100000)
[W : PPU[1] Thread (CPUThread)[0x017b207c]]: cellSysutil warning: cellVideoOutGetResolutionAvailability(videoOut=0, resolutionId=0x1, option_addr=0x0, aspect=0x0, option=0x9b71b680)
[W : PPU[1] Thread (CPUThread)[0x002ac9f8]]: sys_mutex warning: *** mutex created [] (protocol=0x2, recursive=false): id = 45
[W : PPU[1] Thread (CPUThread)[0x002acac8]]: sys_cond warning: *** condition created [] (mutex_id=45): id = 46
[W : PPU[1] Thread (CPUThread)[0x002ac9f8]]: sys_mutex warning: *** mutex created [] (protocol=0x2, recursive=false): id = 47
[W : PPU[1] Thread (CPUThread)[0x002acac8]]: sys_cond warning: *** condition created [] (mutex_id=47): id = 48
[W : PPU[1] Thread (CPUThread)[0x002ac0fc]]: sys_semaphore warning: sys_semaphore_create(sem_addr=0x125f780, attr_addr=0xd0020b50, initial_count=0, max_count=100000)
[W : PPU[1] Thread (CPUThread)[0x017b4010]]: cellSysmodule warning: cellSysmoduleLoadModule(CELL_SYSMODULE_FS)
[W : PPU[1] Thread (CPUThread)[0x002ac0fc]]: sys_semaphore warning: sys_semaphore_create(sem_addr=0x12471e8, attr_addr=0xd0020ac0, initial_count=0, max_count=100000)
[W : PPU[1] Thread (CPUThread)[0x002ac0fc]]: sys_semaphore warning: sys_semaphore_create(sem_addr=0x1247248, attr_addr=0xd0020b50, initial_count=0, max_count=100000)
[W : PPU[1] Thread (CPUThread)[0x002ac0fc]]: sys_semaphore warning: sys_semaphore_create(sem_addr=0x11d2e60, attr_addr=0xd0020aa0, initial_count=0, max_count=100000)
[E : PPU[1] Thread (CPUThread)[0x017ba058]]: sysPrxForUser error: sys_prx_register_library(lib_addr=0x7dcbfc)
[E : PPU[1] Thread (CPUThread)[0x017ba058]]: sysPrxForUser error: sys_prx_register_library(lib_addr=0x7dcc18)
[W : PPU[1] Thread (CPUThread)[0x017b2070]]: cellSysutil warning: cellSysutilRegisterCallback(slot=3, func_addr=0x91d1d8, userdata=0x0)
[W : PPU[1] Thread (CPUThread)[0x002aa42c]]: sys_spu warning: sys_spu_initialize(max_usable_spu=4, max_raw_spu=2)
[W : PPU[1] Thread (CPUThread)[0x017ba040]]: sys_lwmutex warning: *** lwmutex created [] (attribute=0x12): sq_id = 53
[W : PPU[1] Thread (CPUThread)[0x017ba040]]: sys_lwmutex warning: *** lwmutex created [] (attribute=0x12): sq_id = 54
[W : PPU[1] Thread (CPUThread)[0x017b2040]]: cellSysutil warning: cellVideoOutGetNumberOfDevice(videoOut=0)
[W : PPU[1] Thread (CPUThread)[0x017b4010]]: cellSysmodule warning: cellSysmoduleLoadModule(CELL_SYSMODULE_GCM_SYS)
[W : PPU[1] Thread (CPUThread)[0x008dc01c]]: cellGcmSys warning: cellGcmInit(context_addr=0x1788238,cmdSize=0x3ff000,ioSize=0x400000,ioAddress=0x30200000)
[W : PPU[1] Thread (CPUThread)[0x008dc01c]]: cellGcmSys warning: *** local memory(addr=0xc0000000, size=0xf900000)
[W : PPU[1] Thread (CPUThread)[0x008dc01c]]: cellGcmSys warning: cellGcmMapEaIoAddress(ea=0x30200000, io=0x0, size=0x400000)
[! : RSXThread]: RSX thread entry
[W : PPU[1] Thread (CPUThread)[0x008dc0ac]]: cellGcmSys warning: cellGcmMapMainMemory(ea=0x30600000,size=0x9900000,offset_addr=0xd00205a0)
[W : PPU[1] Thread (CPUThread)[0x008dc070]]: cellGcmSys warning: cellGcmSetDebugOutputLevel(level=0)
[W : PPU[1] Thread (CPUThread)[0x008dc004]]: cellGcmSys warning: cellGcmGetTiledPitchSize(size=5120)
[E : PPU[1] Thread (CPUThread)[0x008dc0e8]]: cellGcmSys error: Unimplemented function: cellGcmSetVBlankHandler
[W : PPU[1] Thread (CPUThread)[0x008dc064]]: cellGcmSys warning: cellGcmSetSecondVFrequency(level=2)
[W : PPU[1] Thread (CPUThread)[0x017b2010]]: cellSysutil warning: cellVideoOutConfigure(videoOut=0, config_addr=0xd0020664, option_addr=0x0, waitForEvent=0x0)
[W : PPU[1] Thread (CPUThread)[0x008dc004]]: cellGcmSys warning: cellGcmGetTiledPitchSize(size=5120)
[W : PPU[1] Thread (CPUThread)[0x008dc004]]: cellGcmSys warning: cellGcmGetTiledPitchSize(size=5120)
[W : PPU[1] Thread (CPUThread)[0x008dc0f4]]: cellGcmSys warning: cellGcmSetTileInfo(index=0, location=0, offset=0, size=3932160, pitch=5120, comp=10, base=0, bank=1)
[E : PPU[1] Thread (CPUThread)[0x008dc0f4]]: cellGcmSys error: cellGcmSetTileInfo: bad comp! (10)
[W : PPU[1] Thread (CPUThread)[0x008dc04c]]: cellGcmSys warning: cellGcmBindTile(index=0)
[W : PPU[1] Thread (CPUThread)[0x008dc10c]]: cellGcmSys warning: TODO: cellGcmSetZcull(index=0, offset=0x0, width=1280, height=768, cullStart=0x0, zFormat=0x2, aaFormat=0x0, zCullDir=0x0, zCullFormat=0x1, sFunc=0x0, sRef=0x80, sMask=0xff)
[W : PPU[1] Thread (CPUThread)[0x008dc004]]: cellGcmSys warning: cellGcmGetTiledPitchSize(size=5120)
[W : PPU[1] Thread (CPUThread)[0x008dc004]]: cellGcmSys warning: cellGcmGetTiledPitchSize(size=5120)
[W : PPU[1] Thread (CPUThread)[0x008dc0f4]]: cellGcmSys warning: cellGcmSetTileInfo(index=1, location=0, offset=3932160, size=7864320, pitch=5120, comp=0, base=0, bank=0)
[W : PPU[1] Thread (CPUThread)[0x008dc04c]]: cellGcmSys warning: cellGcmBindTile(index=1)
[W : PPU[1] Thread (CPUThread)[0x008dc004]]: cellGcmSys warning: cellGcmGetTiledPitchSize(size=5120)
[W : PPU[1] Thread (CPUThread)[0x008dc0c4]]: cellGcmSys warning: cellGcmSetDisplayBuffer(id=0x0,offset=0x3c0000,pitch=4,width=1280,height=720)
[W : PPU[1] Thread (CPUThread)[0x008dc004]]: cellGcmSys warning: cellGcmGetTiledPitchSize(size=5120)
[W : PPU[1] Thread (CPUThread)[0x008dc0c4]]: cellGcmSys warning: cellGcmSetDisplayBuffer(id=0x1,offset=0x780000,pitch=4,width=1280,height=720)
[W : PPU[1] Thread (CPUThread)[0x008dc058]]: cellGcmSys warning: cellGcmSetFlipMode(mode=2)
[E : PPU[1] Thread (CPUThread)[0x008dc0e8]]: cellGcmSys error: Unimplemented function: cellGcmSetVBlankHandler
[! : RSXThread]: RSX thread exit...
[!]: Closing memory...
