[!]: path: /dev_hdd0/game/
[!]: Loading 'D:\Emulateurs\Rpcs3\dev_hdd0\game\BLES01340-[Obut P_tanque]\PS3_GAME\USRDIR/BOOT.BIN'...
[!]: Mount info:
[!]: /dev_hdd0/ -> D:\Emulateurs\Rpcs3/dev_hdd0/
[!]: /dev_hdd1/ -> D:\Emulateurs\Rpcs3/dev_hdd1/
[!]: /dev_flash/ -> D:\Emulateurs\Rpcs3/dev_flash/
[!]: /dev_usb000/ -> D:\Emulateurs\Rpcs3/dev_usb000/
[!]: /dev_usb/ -> D:\Emulateurs\Rpcs3/dev_usb000/
[!]: /app_home/ -> D:\Emulateurs\Rpcs3\dev_hdd0\game\BLES01340-[Obut P_tanque]\PS3_GAME\/USRDIR/
[!]: /dev_bdvd/ -> D:\Emulateurs\Rpcs3\dev_hdd0\game\BLES01340-[Obut P_tanque]\PS3_GAME\/PS3_GAME/USRDIR/
[!]: /host_root/ -> 
[!]: / -> D:\Emulateurs\Rpcs3\dev_hdd0\game\BLES01340-[Obut P_tanque]\PS3_GAME\/USRDIR/
[!]: Initing memory...
[!]: Memory initialized.
[W]: Unknown module 'libgem'
[W]: Unknown function 0x0e63c444 in 'cellCamera' module
[E]: TODO: cellCameraGetBufferInfoEx
[W]: Unknown function 0x21fc151f in 'cellCamera' module
[E]: TODO: cellCameraReadEx
[W]: Unknown function 0x456dc4aa in 'cellCamera' module
[E]: TODO: cellCameraStart
[W]: Unknown function 0x58bc5870 in 'cellCamera' module
[E]: TODO: cellCameraGetType
[W]: Unknown function 0x5ad46570 in 'cellCamera' module
[E]: TODO: cellCameraEnd
[W]: Unknown function 0x5d25f866 in 'cellCamera' module
[E]: TODO: cellCameraOpenEx
[W]: Unknown function 0x7e063bbc in 'cellCamera' module
[E]: TODO: cellCameraIsAttached
[W]: Unknown function 0x81f83db9 in 'cellCamera' module
[E]: TODO: cellCameraReset
[W]: Unknown function 0xbf47c5dd in 'cellCamera' module
[E]: TODO: cellCameraInit
[W]: Unknown function 0x6d3bb15b in 'sys_fs' module
[E]: TODO: cellFsSdataOpenByFd
[W]: Unknown function 0x967a162b in 'sys_fs' module
[E]: TODO: cellFsFsync
[W]: Unknown function 0x63387071 in 'cellGcmSys' module
[E]: TODO: cellGcmGetLastFlipTime
[W]: Unknown function 0x28e208bb in 'sys_net' module
[E]: TODO: listen
[W]: Unknown function 0x3f09e20a in 'sys_net' module
[E]: TODO: socketselect
[W]: Unknown function 0x858a930b in 'sys_net' module
[E]: TODO: inet_ntoa
[W]: Unknown function 0xa9a079e0 in 'sys_net' module
[E]: TODO: inet_aton
[W]: Unknown function 0xdabbc2c0 in 'sys_net' module
[E]: TODO: inet_addr
[W]: Unknown function 0x48436b2d in 'cellPngDec' module
[E]: TODO: cellPngDecExtCreate
[W]: Unknown function 0x0247c69e in 'cellSail' module
[E]: TODO: cellSailGraphicsAdapterGetFrame
[W]: Unknown function 0x1139a206 in 'cellSail' module
[E]: TODO: cellSailPlayerSetSoundAdapter
[W]: Unknown function 0x18b4629d in 'cellSail' module
[E]: TODO: cellSailPlayerFinalize
[W]: Unknown function 0x18bcd21b in 'cellSail' module
[E]: TODO: cellSailPlayerSetGraphicsAdapter
[W]: Unknown function 0x1c983864 in 'cellSail' module
[E]: TODO: cellSailGraphicsAdapterInitialize
[W]: Unknown function 0x23654375 in 'cellSail' module
[E]: TODO: cellSailPlayerInitialize2
[W]: Unknown function 0x28336e89 in 'cellSail' module
[E]: TODO: cellSailDescriptorDestroyDatabase
[W]: Unknown function 0x2e3ccb5e in 'cellSail' module
[E]: TODO: cellSailGraphicsAdapterSetPreferredFormat
[W]: Unknown function 0x346ebba3 in 'cellSail' module
[E]: TODO: cellSailMemAllocatorInitialize
[W]: Unknown function 0x34ecc1b9 in 'cellSail' module
[E]: TODO: cellSailPlayerOpenStream
[W]: Unknown function 0x3d0d3b72 in 'cellSail' module
[E]: TODO: cellSailSoundAdapterInitialize
[W]: Unknown function 0x44a20e79 in 'cellSail' module
[E]: TODO: cellSailGraphicsAdapterUpdateAvSync
[W]: Unknown function 0x4ae979df in 'cellSail' module
[E]: TODO: cellSailSoundAdapterPtsToTimePosition
[W]: Unknown function 0x5f7c7a6f in 'cellSail' module
[E]: TODO: cellSailPlayerSetParameter
[W]: Unknown function 0x7c8dff3b in 'cellSail' module
[E]: TODO: cellSailPlayerAddDescriptor
[W]: Unknown function 0x7eb8d6b5 in 'cellSail' module
[E]: TODO: cellSailSoundAdapterGetFrame
[W]: Unknown function 0xbdf21b0f in 'cellSail' module
[E]: TODO: cellSailPlayerBoot
[W]: Unknown function 0xd7938b8d in 'cellSail' module
[E]: TODO: cellSailPlayerCreateDescriptor
[W]: Unknown function 0xe535b0d3 in 'cellSail' module
[E]: TODO: cellSailPlayerStart
[W]: Unknown function 0xeba8d4ec in 'cellSail' module
[E]: TODO: cellSailPlayerStop
[W]: Unknown function 0xeec22809 in 'cellSail' module
[E]: TODO: cellSailSoundAdapterUpdateAvSync
[W]: Unknown function 0xfc5baf8a in 'cellSail' module
[E]: TODO: cellSailPlayerSetRepeatMode
[W]: Unknown function 0x22aab31d in 'cellSpurs' module
[E]: TODO: cellSpursEventFlagDetachLv2EventQueue
[W]: Unknown function 0x303c19cd in 'cellSpurs' module
[E]: TODO: cellSpursCreateJobChainWithAttribute
[W]: Unknown function 0x3548f483 in 'cellSpurs' module
[E]: TODO: _cellSpursJobChainAttributeInitialize
[W]: Unknown function 0x373523d4 in 'cellSpurs' module
[E]: TODO: cellSpursEventFlagWait
[W]: Unknown function 0x52cc6c82 in 'cellSpurs' module
[E]: TODO: cellSpursCreateTaskset
[W]: Unknown function 0x5ef96465 in 'cellSpurs' module
[E]: TODO: _cellSpursEventFlagInitialize
[W]: Unknown function 0x68aaeba9 in 'cellSpurs' module
[E]: TODO: cellSpursJobGuardInitialize
[W]: Unknown function 0x6d2d9339 in 'cellSpurs' module
[E]: TODO: cellSpursEventFlagTryWait
[W]: Unknown function 0x738e40e6 in 'cellSpurs' module
[E]: TODO: cellSpursShutdownJobChain
[W]: Unknown function 0x87630976 in 'cellSpurs' module
[E]: TODO: cellSpursEventFlagAttachLv2EventQueue
[W]: Unknown function 0x9f72add3 in 'cellSpurs' module
[E]: TODO: cellSpursJoinTaskset
[W]: Unknown function 0x9fef70c2 in 'cellSpurs' module
[E]: TODO: cellSpursJobChainAttributeSetName
[W]: Unknown function 0xa789e631 in 'cellSpurs' module
[E]: TODO: cellSpursShutdownTaskset
[W]: Unknown function 0xa7c066de in 'cellSpurs' module
[E]: TODO: cellSpursJoinJobChain
[W]: Unknown function 0xaa6269a8 in 'cellSpurs' module
[E]: TODO: cellSpursInitializeWithAttribute
[W]: Unknown function 0xbb68d76e in 'cellSpurs' module
[E]: TODO: cellSpursJobChainAttributeSetHaltOnError
[W]: Unknown function 0xbeb600ac in 'cellSpurs' module
[E]: TODO: cellSpursCreateTask
[W]: Unknown function 0xd5d0b256 in 'cellSpurs' module
[E]: TODO: cellSpursJobGuardNotify
[W]: Unknown function 0xe0a6dbe4 in 'cellSpurs' module
[E]: TODO: _cellSpursSendSignal
[W]: Unknown function 0xf31731bb in 'cellSpurs' module
[E]: TODO: cellSpursRunJobChain
[W]: Unknown function 0x05bf2fbd in 'sceNp2' module
[E]: TODO: sceNpMatching2GetWorldInfoList
[W]: Unknown function 0x0d22867f in 'sceNp2' module
[E]: TODO: sceNpMatching2SearchRoom
[W]: Unknown function 0x0ebe4c6b in 'sceNp2' module
[E]: TODO: sceNpMatching2SignalingGetConnectionStatus
[W]: Unknown function 0x16b3e5a4 in 'sceNp2' module
[E]: TODO: sceNpMatching2CreateServerContext
[W]: Unknown function 0x1f372697 in 'sceNp2' module
[E]: TODO: sceNpMatching2LeaveRoom
[W]: Unknown function 0x23009d07 in 'sceNp2' module
[E]: TODO: sceNpMatching2Term2
[W]: Unknown function 0x3457c0db in 'sceNp2' module
[E]: TODO: sceNpMatching2GetServerInfo
[W]: Unknown function 0x3c00c9d4 in 'sceNp2' module
[E]: TODO: sceNpMatching2GetEventData
[W]: Unknown function 0x41251f74 in 'sceNp2' module
[E]: TODO: sceNp2Init
[W]: Unknown function 0x5721e711 in 'sceNp2' module
[E]: TODO: sceNpMatching2JoinRoom
[W]: Unknown function 0x6ba4c668 in 'sceNp2' module
[E]: TODO: sceNpMatching2ContextStartAsync
[W]: Unknown function 0x748029a2 in 'sceNp2' module
[E]: TODO: sceNpMatching2RegisterContextCallback
[W]: Unknown function 0x8e5cfe9f in 'sceNp2' module
[E]: TODO: sceNpMatching2GetServerIdListLocal
[W]: Unknown function 0x9cbce3f2 in 'sceNp2' module
[E]: TODO: sceNpMatching2CreateContext
[W]: Unknown function 0xdb87b088 in 'sceNp2' module
[E]: TODO: sceNpMatching2SetDefaultRequestOptParam
[W]: Unknown function 0xdcb6b27d in 'sceNp2' module
[E]: TODO: sceNpMatching2RegisterRoomEventCallback
[W]: Unknown function 0xe7a3bc7a in 'sceNp2' module
[E]: TODO: sceNpMatching2CreateJoinRoom
[W]: Unknown function 0xf4babd3f in 'sceNp2' module
[E]: TODO: sceNpMatching2Init2
[W]: Unknown function 0xfee11e72 in 'sceNp2' module
[E]: TODO: sceNpMatching2RegisterRoomMessageCallback
[W]: Unknown function 0x01fbbc9b in 'sceNp' module
[E]: TODO: sceNpBasicSendMessageGui
[W]: Unknown function 0x04372385 in 'sceNp' module
[E]: TODO: sceNpBasicGetFriendListEntry
[W]: Unknown function 0x05d65dff in 'sceNp' module
[E]: TODO: sceNpScoreGetRankingByNpId
[W]: Unknown function 0x1672170e in 'sceNp' module
[E]: TODO: sceNpScoreRecordScore
[W]: Unknown function 0x259113b8 in 'sceNp' module
[E]: TODO: sceNpScoreDestroyTitleCtx
[W]: Unknown function 0x2fccbfe0 in 'sceNp' module
[E]: TODO: sceNpLookupUserProfileWithAvatarSize
[W]: Unknown function 0x32cf311f in 'sceNp' module
[E]: TODO: sceNpScoreInit
[W]: Unknown function 0x3f0808aa in 'sceNp' module
[E]: TODO: sceNpBasicSetPresence
[W]: Unknown function 0x52a6b523 in 'sceNp' module
[E]: TODO: sceNpManagerUnregisterCallback
[W]: Unknown function 0x5de61626 in 'sceNp' module
[E]: TODO: sceNpLookupDestroyTitleCtx
[W]: Unknown function 0x5f2d9257 in 'sceNp' module
[E]: TODO: sceNpLookupInit
[W]: Unknown function 0x64a704cc in 'sceNp' module
[E]: TODO: sceNpBasicRecvMessageAttachmentLoad
[W]: Unknown function 0x6f5e8143 in 'sceNp' module
[E]: TODO: sceNpScoreCreateTransactionCtx
[W]: Unknown function 0x806960ab in 'sceNp' module
[E]: TODO: sceNpBasicRecvMessageCustom
[W]: Unknown function 0x8440537c in 'sceNp' module
[E]: TODO: sceNpLookupTerm
[W]: Unknown function 0x9851f805 in 'sceNp' module
[E]: TODO: sceNpScoreTerm
[W]: Unknown function 0xacb9ee8e in 'sceNp' module
[E]: TODO: sceNpBasicUnregisterHandler
[W]: Unknown function 0xafef640d in 'sceNp' module
[E]: TODO: sceNpBasicGetFriendListEntryCount
[W]: Unknown function 0xb9f93bbb in 'sceNp' module
[E]: TODO: sceNpScoreCreateTitleCtx
[W]: Unknown function 0xbcc09fe7 in 'sceNp' module
[E]: TODO: sceNpBasicRegisterHandler
[W]: Unknown function 0xc5f4cf82 in 'sceNp' module
[E]: TODO: sceNpScoreDestroyTransactionCtx
[W]: Unknown function 0xce81c7f0 in 'sceNp' module
[E]: TODO: sceNpLookupCreateTitleCtx
[W]: Unknown function 0xe035f7d6 in 'sceNp' module
[E]: TODO: sceNpBasicGetEvent
[W]: Unknown function 0xe7dcd3b4 in 'sceNp' module
[E]: TODO: sceNpManagerRegisterCallback
[W]: Unknown function 0xea2e9ffc in 'sceNp' module
[E]: TODO: sceNpLookupCreateTransactionCtx
[W]: Unknown function 0xf042b14f in 'sceNp' module
[E]: TODO: sceNpDrmIsAvailable2
[W]: Unknown function 0xf42c0df8 in 'sceNp' module
[E]: TODO: sceNpManagerGetOnlineName
[W]: Unknown function 0xfb87cf5e in 'sceNp' module
[E]: TODO: sceNpLookupDestroyTransactionCtx
[W]: Unknown function 0xfbc82301 in 'sceNp' module
[E]: TODO: sceNpScoreGetRankingByRange
[W]: Unknown function 0xfe37a7f4 in 'sceNp' module
[E]: TODO: sceNpManagerGetNpId
[W]: Unknown module 'cellScreenShotUtility'
[W]: Unknown function 0x20543730 in 'cellSysutil' module
[E]: TODO: cellMsgDialogClose
[W]: Unknown function 0x52aac4fa in 'cellSysutil' module
[E]: TODO: cellSaveDataUserAutoSave
[W]: Unknown function 0xcdc6aefd in 'cellSysutil' module
[E]: TODO: cellSaveDataUserAutoLoad
[W]: Unknown function 0x26090058 in 'sysPrxForUser' module
[E]: TODO: sys_prx_load_module
[W]: Unknown function 0xa330ad84 in 'sysPrxForUser' module
[E]: TODO: sys_prx_load_module_on_memcontainer_by_fd
[W]: Unknown function 0xaa6d9bff in 'sysPrxForUser' module
[E]: TODO: sys_prx_load_module_on_memcontainer
[W]: Unknown function 0xef68c17c in 'sysPrxForUser' module
[E]: TODO: sys_prx_load_module_by_fd
[W : PPU[1] Thread (CPUThread)[0x003a9058]]: sys_lwmutex warning: *** lwmutex created [_lc_mtx] (attribute=0x12): sq_id = 3
[W : PPU[1] Thread (CPUThread)[0x001acbf0]]: memory warning: sys_memory_get_user_memory_size(mem_info_addr=0xd0020c04)
[W : PPU[1] Thread (CPUThread)[0x003a9058]]: sys_lwmutex warning: *** lwmutex created [_lc_mtx] (attribute=0x12): sq_id = 4
[W : PPU[1] Thread (CPUThread)[0x003a9058]]: sys_lwmutex warning: *** lwmutex created [_lc_mtx] (attribute=0x12): sq_id = 5
[W : PPU[1] Thread (CPUThread)[0x003a9058]]: sys_lwmutex warning: *** lwmutex created [_lc_mtx] (attribute=0x12): sq_id = 6
[W : PPU[1] Thread (CPUThread)[0x003a9058]]: sys_lwmutex warning: *** lwmutex created [_lc_mtx] (attribute=0x12): sq_id = 7
[W : PPU[1] Thread (CPUThread)[0x003a9058]]: sys_lwmutex warning: *** lwmutex created [_lc_mtx] (attribute=0x12): sq_id = 8
[W : PPU[1] Thread (CPUThread)[0x003a9058]]: sys_lwmutex warning: *** lwmutex created [_lc_mtx] (attribute=0x12): sq_id = 9
[W : PPU[1] Thread (CPUThread)[0x003a9058]]: sys_lwmutex warning: *** lwmutex created [_lc_mtx] (attribute=0x12): sq_id = 10
[W : PPU[1] Thread (CPUThread)[0x003a9058]]: sys_lwmutex warning: *** lwmutex created [_lc_mtx] (attribute=0x12): sq_id = 11
[W : PPU[1] Thread (CPUThread)[0x003a9058]]: sys_lwmutex warning: *** lwmutex created [_lc_mtx] (attribute=0x12): sq_id = 12
[W : PPU[1] Thread (CPUThread)[0x0019f42c]]: cellSysutil warning: cellSysutilGetSystemParamInt: CELL_SYSUTIL_SYSTEMPARAM_ID_TIMEZONE
[W : PPU[1] Thread (CPUThread)[0x0019f42c]]: cellSysutil warning: cellSysutilGetSystemParamInt: CELL_SYSUTIL_SYSTEMPARAM_ID_SUMMERTIME
[W : PPU[1] Thread (CPUThread)[0x001a3c7c]]: cellSysutil warning: cellSysutilGetSystemParamInt: CELL_SYSUTIL_SYSTEMPARAM_ID_TIMEZONE
[W : PPU[1] Thread (CPUThread)[0x001a3c7c]]: cellSysutil warning: cellSysutilGetSystemParamInt: CELL_SYSUTIL_SYSTEMPARAM_ID_SUMMERTIME
[W : PPU[1] Thread (CPUThread)[0x001a0e9c]]: cellSysutil warning: cellSysutilGetSystemParamInt: CELL_SYSUTIL_SYSTEMPARAM_ID_TIMEZONE
[W : PPU[1] Thread (CPUThread)[0x001a0e9c]]: cellSysutil warning: cellSysutilGetSystemParamInt: CELL_SYSUTIL_SYSTEMPARAM_ID_SUMMERTIME
[W : PPU[1] Thread (CPUThread)[0x001a3c7c]]: cellSysutil warning: cellSysutilGetSystemParamInt: CELL_SYSUTIL_SYSTEMPARAM_ID_TIMEZONE
[W : PPU[1] Thread (CPUThread)[0x001a3c7c]]: cellSysutil warning: cellSysutilGetSystemParamInt: CELL_SYSUTIL_SYSTEMPARAM_ID_SUMMERTIME
[W : PPU[1] Thread (CPUThread)[0x0019f3d8]]: cellSysutil warning: cellSysutilGetSystemParamInt: CELL_SYSUTIL_SYSTEMPARAM_ID_TIMEZONE
[W : PPU[1] Thread (CPUThread)[0x0019f3d8]]: cellSysutil warning: cellSysutilGetSystemParamInt: CELL_SYSUTIL_SYSTEMPARAM_ID_SUMMERTIME
[W : PPU[1] Thread (CPUThread)[0x001a0e9c]]: cellSysutil warning: cellSysutilGetSystemParamInt: CELL_SYSUTIL_SYSTEMPARAM_ID_TIMEZONE
[W : PPU[1] Thread (CPUThread)[0x001a0e9c]]: cellSysutil warning: cellSysutilGetSystemParamInt: CELL_SYSUTIL_SYSTEMPARAM_ID_SUMMERTIME
[W : PPU[1] Thread (CPUThread)[0x003a9058]]: sys_lwmutex warning: *** lwmutex created [ps3HDDL] (attribute=0x12): sq_id = 13
[W : PPU[1] Thread (CPUThread)[0x003a3040]]: cellSysutil warning: cellSysutilGetSystemParamInt: CELL_SYSUTIL_SYSTEMPARAM_ID_LANG
[W : PPU[1] Thread (CPUThread)[0x003a3040]]: cellSysutil warning: cellSysutilGetSystemParamInt: CELL_SYSUTIL_SYSTEMPARAM_ID_LANG
[W : PPU[1] Thread (CPUThread)[0x003a3040]]: cellSysutil warning: cellSysutilGetSystemParamInt: CELL_SYSUTIL_SYSTEMPARAM_ID_LANG
[W : PPU[1] Thread (CPUThread)[0x003a3040]]: cellSysutil warning: cellSysutilGetSystemParamInt: CELL_SYSUTIL_SYSTEMPARAM_ID_LANG
[W : PPU[1] Thread (CPUThread)[0x003a3040]]: cellSysutil warning: cellSysutilGetSystemParamInt: CELL_SYSUTIL_SYSTEMPARAM_ID_LANG
[W : PPU[1] Thread (CPUThread)[0x003a3040]]: cellSysutil warning: cellSysutilGetSystemParamInt: CELL_SYSUTIL_SYSTEMPARAM_ID_LANG
[W : PPU[1] Thread (CPUThread)[0x003a3040]]: cellSysutil warning: cellSysutilGetSystemParamInt: CELL_SYSUTIL_SYSTEMPARAM_ID_LANG
[W : PPU[1] Thread (CPUThread)[0x003a3040]]: cellSysutil warning: cellSysutilGetSystemParamInt: CELL_SYSUTIL_SYSTEMPARAM_ID_LANG
[W : PPU[1] Thread (CPUThread)[0x003a3040]]: cellSysutil warning: cellSysutilGetSystemParamInt: CELL_SYSUTIL_SYSTEMPARAM_ID_LANG
[W : PPU[1] Thread (CPUThread)[0x003a3040]]: cellSysutil warning: cellSysutilGetSystemParamInt: CELL_SYSUTIL_SYSTEMPARAM_ID_LANG
[W : PPU[1] Thread (CPUThread)[0x003a3040]]: cellSysutil warning: cellSysutilGetSystemParamInt: CELL_SYSUTIL_SYSTEMPARAM_ID_LANG
[W : PPU[1] Thread (CPUThread)[0x003a3040]]: cellSysutil warning: cellSysutilGetSystemParamInt: CELL_SYSUTIL_SYSTEMPARAM_ID_LANG
[W : PPU[1] Thread (CPUThread)[0x003a3040]]: cellSysutil warning: cellSysutilGetSystemParamInt: CELL_SYSUTIL_SYSTEMPARAM_ID_LANG
[W : PPU[1] Thread (CPUThread)[0x003a3040]]: cellSysutil warning: cellSysutilGetSystemParamInt: CELL_SYSUTIL_SYSTEMPARAM_ID_LANG
[W : PPU[1] Thread (CPUThread)[0x003a3040]]: cellSysutil warning: cellSysutilGetSystemParamInt: CELL_SYSUTIL_SYSTEMPARAM_ID_LANG
[W : PPU[1] Thread (CPUThread)[0x003a3040]]: cellSysutil warning: cellSysutilGetSystemParamInt: CELL_SYSUTIL_SYSTEMPARAM_ID_LANG
[W : PPU[1] Thread (CPUThread)[0x003a3094]]: cellSysutil warning: cellSysutilRegisterCallback(slot=0, func_addr=0x23a990, userdata=0x0)
[W : PPU[1] Thread (CPUThread)[0x00399010]]: cellSysmodule warning: cellSysmoduleLoadModule(CELL_SYSMODULE_NET)
[W : PPU[1] Thread (CPUThread)[0x00399010]]: cellSysmodule warning: cellSysmoduleLoadModule(CELL_SYSMODULE_IO)
[W : PPU[1] Thread (CPUThread)[0x00399010]]: cellSysmodule warning: cellSysmoduleLoadModule(CELL_SYSMODULE_USBD)
[W : PPU[1] Thread (CPUThread)[0x00399010]]: cellSysmodule warning: cellSysmoduleLoadModule(CELL_SYSMODULE_GCM_SYS)
[W : PPU[1] Thread (CPUThread)[0x00399010]]: cellSysmodule warning: cellSysmoduleLoadModule(CELL_SYSMODULE_RESC)
[W : PPU[1] Thread (CPUThread)[0x00399010]]: cellSysmodule warning: cellSysmoduleLoadModule(CELL_SYSMODULE_FS)
[W : PPU[1] Thread (CPUThread)[0x00399010]]: cellSysmodule warning: cellSysmoduleLoadModule(CELL_SYSMODULE_AUDIO)
[W : PPU[1] Thread (CPUThread)[0x00399010]]: cellSysmodule warning: cellSysmoduleLoadModule(CELL_SYSMODULE_SPURS)
[W : PPU[1] Thread (CPUThread)[0x00399010]]: cellSysmodule warning: cellSysmoduleLoadModule(CELL_SYSMODULE_SYSUTIL_NP)
[W : PPU[1] Thread (CPUThread)[0x00399010]]: cellSysmodule warning: cellSysmoduleLoadModule(CELL_SYSMODULE_SYSUTIL_SCREENSHOT)
[W : PPU[1] Thread (CPUThread)[0x00399010]]: cellSysmodule warning: cellSysmoduleLoadModule(CELL_SYSMODULE_SYSUTIL_NP_TROPHY)
[W : PPU[1] Thread (CPUThread)[0x00399010]]: cellSysmodule warning: cellSysmoduleLoadModule(CELL_SYSMODULE_SYSUTIL_USERINFO)
[W : PPU[1] Thread (CPUThread)[0x00399010]]: cellSysmodule warning: cellSysmoduleLoadModule(CELL_SYSMODULE_SYSUTIL_GAME)
[W : PPU[1] Thread (CPUThread)[0x00399010]]: cellSysmodule warning: cellSysmoduleLoadModule(CELL_SYSMODULE_SYSUTIL_GAME_EXEC)
[W : PPU[1] Thread (CPUThread)[0x000c768c]]: sys_spu warning: sys_spu_initialize(max_usable_spu=6, max_raw_spu=0)
[E : PPU[1] Thread (CPUThread)[0x003970a0]]: cellSpurs error: _cellSpursAttributeInitialize(attr_addr=0xd0020860, nSpus=2, spuPriority=3342336, ppuPriority=5, exitIfNoWork=250)
[E : PPU[1] Thread (CPUThread)[0x00397010]]: cellSpurs error: cellSpursAttributeEnableSpuPrintfIfAvailable(attr_addr=0xd0020860)
[E : PPU[1] Thread (CPUThread)[0x00397004]]: cellSpurs error: cellSpursAttributeSetNamePrefix(attr_addr=0xd0020860, prefix_addr=0x1f2b9c, size=0x0)
[E : PPU[1] Thread (CPUThread)[0x003970dc]]: cellSpurs error: cellSpursAttributeSetSpuThreadGroupType(attr_addr=0xd0020860, type=24)
[E : PPU[1] Thread (CPUThread)[0x003970e8]]: TODO: cellSpursInitializeWithAttribute
[W : PPU[1] Thread (CPUThread)[0x003a7010]]: cellGame warning: cellGameBootCheck(type_addr=0x30101424, attributes_addr=0x30101428, size_addr=0x3010142c, dirName_addr=0x30101438)
[W : PPU[1] Thread (CPUThread)[0x00399010]]: cellSysmodule warning: cellSysmoduleLoadModule(CELL_SYSMODULE_IO)
[W : PPU[1] Thread (CPUThread)[0x00399010]]: cellSysmodule warning: cellSysmoduleLoadModule(CELL_SYSMODULE_FS)
[W : PPU[1] Thread (CPUThread)[0x003a9058]]: sys_lwmutex warning: *** lwmutex created [opWait] (attribute=0x12): sq_id = 14
[W : PPU[1] Thread (CPUThread)[0x003a90e8]]: sys_lwcond warning: Recursive lwmutex(sq=14)
[W : PPU[1] Thread (CPUThread)[0x003a90e8]]: sys_lwcond warning: *** lwcond created [opWait] (lwmutex_addr=0x3014c2a0): id = 15
[W : PPU[1] Thread (CPUThread)[0x003a9058]]: sys_lwmutex warning: *** lwmutex created [s_media] (attribute=0x12): sq_id = 16
[W : PPU[1] Thread (CPUThread)[0x003a7004]]: cellGame warning: cellGameContentPermit(contentInfoPath_addr=0x2a39fc, usrdirPath_addr=0x2a3a7c)
[W : PPU[1] Thread (CPUThread)[0x003a9058]]: sys_lwmutex warning: *** lwmutex created [media.m] (attribute=0x12): sq_id = 17
[W : PPU[1] Thread (CPUThread)[0x003a9058]]: sys_lwmutex warning: *** lwmutex created [ps3medi] (attribute=0x12): sq_id = 18
[W : PPU[1] Thread (CPUThread)[0x0017eee8]]: sys_rwlock warning: sys_rwlock_create(rw_lock_id_addr=0x3014c3ec, attr_addr=0xd0020890)
[W : PPU[1] Thread (CPUThread)[0x0017eee8]]: sys_rwlock warning: TODO: SYS_SYNC_PRIORITY attr
[W : PPU[1] Thread (CPUThread)[0x0017eee8]]: sys_rwlock warning: *** rwlock created [] (protocol=0x2): id = 19
[W : PPU[1] Thread (CPUThread)[0x003a9058]]: sys_lwmutex warning: *** lwmutex created [media.m] (attribute=0x12): sq_id = 20
[W : PPU[1] Thread (CPUThread)[0x003a90e8]]: sys_lwcond warning: Recursive lwmutex(sq=20)
[W : PPU[1] Thread (CPUThread)[0x003a90e8]]: sys_lwcond warning: *** lwcond created [media.m] (lwmutex_addr=0x3014c408): id = 21
[W : PPU[1] Thread (CPUThread)[0x0017eee8]]: sys_rwlock warning: sys_rwlock_create(rw_lock_id_addr=0x3014c77c, attr_addr=0xd0020890)
[W : PPU[1] Thread (CPUThread)[0x0017eee8]]: sys_rwlock warning: TODO: SYS_SYNC_PRIORITY attr
[W : PPU[1] Thread (CPUThread)[0x0017eee8]]: sys_rwlock warning: *** rwlock created [] (protocol=0x2): id = 22
[W : PPU[1] Thread (CPUThread)[0x003a9058]]: sys_lwmutex warning: *** lwmutex created [media.m] (attribute=0x12): sq_id = 23
[W : PPU[1] Thread (CPUThread)[0x0017eee8]]: sys_rwlock warning: sys_rwlock_create(rw_lock_id_addr=0x3014c834, attr_addr=0xd0020880)
[W : PPU[1] Thread (CPUThread)[0x0017eee8]]: sys_rwlock warning: TODO: SYS_SYNC_PRIORITY attr
[W : PPU[1] Thread (CPUThread)[0x0017eee8]]: sys_rwlock warning: *** rwlock created [] (protocol=0x2): id = 24
[W : PPU[1] Thread (CPUThread)[0x0017eee8]]: sys_rwlock warning: sys_rwlock_create(rw_lock_id_addr=0x3014d0b4, attr_addr=0xd0020880)
[W : PPU[1] Thread (CPUThread)[0x0017eee8]]: sys_rwlock warning: TODO: SYS_SYNC_PRIORITY attr
[W : PPU[1] Thread (CPUThread)[0x0017eee8]]: sys_rwlock warning: *** rwlock created [] (protocol=0x2): id = 25
[W : PPU[1] Thread (CPUThread)[0x003a9058]]: sys_lwmutex warning: *** lwmutex created [media.m] (attribute=0x12): sq_id = 26
[W : PPU[1] Thread (CPUThread)[0x003a9058]]: sys_lwmutex warning: *** lwmutex created [ps3medi] (attribute=0x12): sq_id = 27
[W : PPU[1] Thread (CPUThread)[0x0017eee8]]: sys_rwlock warning: sys_rwlock_create(rw_lock_id_addr=0x3014d31c, attr_addr=0xd00207e0)
[W : PPU[1] Thread (CPUThread)[0x0017eee8]]: sys_rwlock warning: TODO: SYS_SYNC_PRIORITY attr
[W : PPU[1] Thread (CPUThread)[0x0017eee8]]: sys_rwlock warning: *** rwlock created [] (protocol=0x2): id = 28
[W : PPU[1] Thread (CPUThread)[0x003a9058]]: sys_lwmutex warning: *** lwmutex created [media.m] (attribute=0x12): sq_id = 29
[W : PPU[1] Thread (CPUThread)[0x003a90e8]]: sys_lwcond warning: Recursive lwmutex(sq=29)
[W : PPU[1] Thread (CPUThread)[0x003a90e8]]: sys_lwcond warning: *** lwcond created [media.m] (lwmutex_addr=0x3014d338): id = 30
[W : PPU[1] Thread (CPUThread)[0x003a9058]]: sys_lwmutex warning: *** lwmutex created [schedul] (attribute=0x12): sq_id = 31
[W : PPU[1] Thread (CPUThread)[0x003a9058]]: sys_lwmutex warning: *** lwmutex created [schedul] (attribute=0x12): sq_id = 32
[W : PPU[1] Thread (CPUThread)[0x0017eee8]]: sys_rwlock warning: sys_rwlock_create(rw_lock_id_addr=0x3014d72c, attr_addr=0xd00206d0)
[W : PPU[1] Thread (CPUThread)[0x0017eee8]]: sys_rwlock warning: TODO: SYS_SYNC_PRIORITY attr
[W : PPU[1] Thread (CPUThread)[0x0017eee8]]: sys_rwlock warning: *** rwlock created [] (protocol=0x2): id = 33
[W : PPU[1] Thread (CPUThread)[0x003a9058]]: sys_lwmutex warning: *** lwmutex created [schedul] (attribute=0x12): sq_id = 34
[W : PPU[1] Thread (CPUThread)[0x003a9058]]: sys_lwmutex warning: *** lwmutex created [schedul] (attribute=0x12): sq_id = 35
[W : PPU[1] Thread (CPUThread)[0x003a90e8]]: sys_lwcond warning: Recursive lwmutex(sq=35)
[W : PPU[1] Thread (CPUThread)[0x003a90e8]]: sys_lwcond warning: *** lwcond created [schedul] (lwmutex_addr=0x3014d7b0): id = 36
[W : PPU[1] Thread (CPUThread)[0x003a90e8]]: sys_lwcond warning: Recursive lwmutex(sq=35)
[W : PPU[1] Thread (CPUThread)[0x003a90e8]]: sys_lwcond warning: *** lwcond created [schedul] (lwmutex_addr=0x3014d7b0): id = 37
[W : PPU[1] Thread (CPUThread)[0x003a9058]]: sys_lwmutex warning: *** lwmutex created [schedul] (attribute=0x12): sq_id = 38
[W : PPU[1] Thread (CPUThread)[0x003a9058]]: sys_lwmutex warning: *** lwmutex created [schedul] (attribute=0x12): sq_id = 39
[W : PPU[1] Thread (CPUThread)[0x003a90e8]]: sys_lwcond warning: Recursive lwmutex(sq=39)
[W : PPU[1] Thread (CPUThread)[0x003a90e8]]: sys_lwcond warning: *** lwcond created [fios wo] (lwmutex_addr=0x3014d858): id = 40
[W : PPU[1] Thread (CPUThread)[0x003a90e8]]: sys_lwcond warning: Recursive lwmutex(sq=39)
[W : PPU[1] Thread (CPUThread)[0x003a90e8]]: sys_lwcond warning: *** lwcond created [fios wo] (lwmutex_addr=0x3014d858): id = 41
[W : PPU[1] Thread (CPUThread)[0x003a9058]]: sys_lwmutex warning: *** lwmutex created [media.m] (attribute=0x12): sq_id = 45
[W : PPU[1] Thread (CPUThread)[0x0017eee8]]: sys_rwlock warning: sys_rwlock_create(rw_lock_id_addr=0x30162644, attr_addr=0xd0020710)
[W : PPU[1] Thread (CPUThread)[0x0017eee8]]: sys_rwlock warning: TODO: SYS_SYNC_PRIORITY attr
[W : PPU[1] Thread (CPUThread)[0x0017eee8]]: sys_rwlock warning: *** rwlock created [] (protocol=0x2): id = 46
[W : PPU[1] Thread (CPUThread)[0x003a9058]]: sys_lwmutex warning: *** lwmutex created [cache_f] (attribute=0x12): sq_id = 47
[W : PPU[1] Thread (CPUThread)[0x003a9058]]: sys_lwmutex warning: *** lwmutex created [schedul] (attribute=0x12): sq_id = 48
[W : PPU[42] Thread (fios mediathread 2)[0x00229058]]: sys_fs warning: cellFsStat: "/dev_hdd1/cache/BLES01340/BLES01340" not found.
[W : PPU[42] Thread (fios mediathread 2)[0x00229058]]: sys_fs warning: cellFsStat: "/dev_hdd1/cache/BLES01340/BLES01340" not found.
[W : PPU[42] Thread (fios mediathread 2)[0x0022904c]]: vfsLocalFile::Create('D:\Emulateurs\Rpcs3\dev_hdd1\cache\BLES01340\BLES01340\cache.idx')
[W : PPU[42] Thread (fios mediathread 2)[0x0022904c]]: *** cellFsOpen(path="/dev_hdd1/cache/BLES01340/BLES01340/cache.idx"): fd = 49
[W : PPU[42] Thread (fios mediathread 2)[0x0022904c]]: vfsLocalFile::Create('D:\Emulateurs\Rpcs3\dev_hdd1\cache\BLES01340\BLES01340\cache.dat')
[W : PPU[42] Thread (fios mediathread 2)[0x0022904c]]: *** cellFsOpen(path="/dev_hdd1/cache/BLES01340/BLES01340/cache.dat"): fd = 50
[W : PPU[1] Thread (CPUThread)[0x00229088]]: sys_fs warning: cellFsGetFreeSize(path="/dev_hdd1", block_size_addr=0xd00201d0, block_count_addr=0xd00201d8)
[W : PPU[1] Thread (CPUThread)[0x003a9058]]: sys_lwmutex warning: *** lwmutex created [schedul] (attribute=0x12): sq_id = 51
[W : PPU[1] Thread (CPUThread)[0x003a9058]]: sys_lwmutex warning: *** lwmutex created [schedul] (attribute=0x12): sq_id = 52
[W : PPU[1] Thread (CPUThread)[0x0017eee8]]: sys_rwlock warning: sys_rwlock_create(rw_lock_id_addr=0x301708bc, attr_addr=0xd0020780)
[W : PPU[1] Thread (CPUThread)[0x0017eee8]]: sys_rwlock warning: TODO: SYS_SYNC_PRIORITY attr
[W : PPU[1] Thread (CPUThread)[0x0017eee8]]: sys_rwlock warning: *** rwlock created [] (protocol=0x2): id = 53
[W : PPU[1] Thread (CPUThread)[0x003a9058]]: sys_lwmutex warning: *** lwmutex created [schedul] (attribute=0x12): sq_id = 54
[W : PPU[1] Thread (CPUThread)[0x003a9058]]: sys_lwmutex warning: *** lwmutex created [schedul] (attribute=0x12): sq_id = 55
[W : PPU[1] Thread (CPUThread)[0x003a90e8]]: sys_lwcond warning: Recursive lwmutex(sq=55)
[W : PPU[1] Thread (CPUThread)[0x003a90e8]]: sys_lwcond warning: *** lwcond created [schedul] (lwmutex_addr=0x30170940): id = 56
[W : PPU[1] Thread (CPUThread)[0x003a90e8]]: sys_lwcond warning: Recursive lwmutex(sq=55)
[W : PPU[1] Thread (CPUThread)[0x003a90e8]]: sys_lwcond warning: *** lwcond created [schedul] (lwmutex_addr=0x30170940): id = 57
[W : PPU[1] Thread (CPUThread)[0x003a9058]]: sys_lwmutex warning: *** lwmutex created [schedul] (attribute=0x12): sq_id = 58
[W : PPU[1] Thread (CPUThread)[0x003a9058]]: sys_lwmutex warning: *** lwmutex created [schedul] (attribute=0x12): sq_id = 59
[W : PPU[1] Thread (CPUThread)[0x003a90e8]]: sys_lwcond warning: Recursive lwmutex(sq=59)
[W : PPU[1] Thread (CPUThread)[0x003a90e8]]: sys_lwcond warning: *** lwcond created [fios wo] (lwmutex_addr=0x301709e8): id = 60
[W : PPU[1] Thread (CPUThread)[0x003a90e8]]: sys_lwcond warning: Recursive lwmutex(sq=59)
[W : PPU[1] Thread (CPUThread)[0x003a90e8]]: sys_lwcond warning: *** lwcond created [fios wo] (lwmutex_addr=0x301709e8): id = 61
[W : PPU[1] Thread (CPUThread)[0x000c8b50]]: memory warning: sys_memory_container_create(cid_addr=0x265d18, yield_size=0x100000)
[W : PPU[1] Thread (CPUThread)[0x000c8b50]]: memory warning: *** memory_container created(addr=0x38e00000): id = 65
[W : PPU[1] Thread (CPUThread)[0x00399010]]: cellSysmodule warning: cellSysmoduleLoadModule(CELL_SYSMODULE_CAMERA)
[E : PPU[1] Thread (CPUThread)[0x00227064]]: TODO: cellCameraInit
[E : PPU[1] Thread (CPUThread)[0x00227028]]: TODO: cellCameraGetType
[W : PPU[1] Thread (CPUThread)[0x00399010]]: cellSysmodule warning: cellSysmoduleLoadModule(CELL_SYSMODULE_GEM)
[E : PPU[1] Thread (CPUThread)[0x00223040]]: TODO: cellGemGetMemorySize
[E : PPU[1] Thread (CPUThread)[0x00223010]]: TODO: cellGemInit
[W : PPU[1] Thread (CPUThread)[0x0022b010]]: cellGcmSys warning: cellGcmInit(context_addr=0x347aa8,cmdSize=0x10000,ioSize=0x100000,ioAddress=0x38c00000)
[W : PPU[1] Thread (CPUThread)[0x0022b010]]: cellGcmSys warning: *** local memory(addr=0xc0000000, size=0xf900000)
[W : PPU[1] Thread (CPUThread)[0x0022b010]]: cellGcmSys warning: cellGcmMapEaIoAddress(ea=0x38c00000, io=0x0, size=0x100000)
[! : RSXThread]: RSX thread entry
[W : PPU[1] Thread (CPUThread)[0x0022b07c]]: cellGcmSys warning: cellGcmMapMainMemory(ea=0x30200000,size=0x8000000,offset_addr=0xd0020930)
[W : PPU[1] Thread (CPUThread)[0x0039304c]]: cellResc warning: cellRescInit(initConfig_addr=0xd00208cc)
[W : PPU[1] Thread (CPUThread)[0x0022b004]]: cellGcmSys warning: cellGcmGetTiledPitchSize(size=5120)
[W : PPU[1] Thread (CPUThread)[0x0039301c]]: cellResc warning: cellRescSetDisplayMode(displayMode=4)
[W : PPU[1] Thread (CPUThread)[0x0039301c]]: cellSysutil warning: cellVideoOutConfigure(videoOut=0, config_addr=0x30016000, option_addr=0x0, waitForEvent=0x0)
[W : PPU[1] Thread (CPUThread)[0x0039301c]]: cellGcmSys warning: cellGcmSetFlipMode(mode=2)
[W : PPU[1] Thread (CPUThread)[0x00393058]]: cellResc warning: cellRescGetBufferSize(colorBuffers_addr=0xd00208b0, vertexArray_addr=0xd00208b4, fragmentShader_addr=0xd00208b8)
[W : PPU[1] Thread (CPUThread)[0x0022b0a0]]: cellGcmSys warning: cellGcmSetTileInfo(index=0, location=0, offset=65536, size=7864320, pitch=5120, comp=7, base=1, bank=1)
[E : PPU[1] Thread (CPUThread)[0x0022b0a0]]: cellGcmSys error: cellGcmSetTileInfo: bad comp! (7)
[W : PPU[1] Thread (CPUThread)[0x0022b034]]: cellGcmSys warning: cellGcmBindTile(index=0)
[W : PPU[1] Thread (CPUThread)[0x00393070]]: cellResc warning: cellRescSetBufferAddress(colorBuffers_addr=0xc0010000, vertexArray_addr=0xc0790080, fragmentShader_addr=0xc0790280)
[W : PPU[1] Thread (CPUThread)[0x00393070]]: cellGcmSys warning: cellGcmSetDisplayBuffer(id=0x0,offset=0x10000,pitch=4,width=1280,height=720)
[W : PPU[1] Thread (CPUThread)[0x00393070]]: cellGcmSys warning: cellGcmSetDisplayBuffer(id=0x1,offset=0x3d0000,pitch=4,width=1280,height=720)
[W : PPU[1] Thread (CPUThread)[0x00393040]]: cellResc warning: cellRescSetFlipHandler(handler_addr=0x23a808)
[W : PPU[1] Thread (CPUThread)[0x0022b004]]: cellGcmSys warning: cellGcmGetTiledPitchSize(size=10240)
[W : PPU[1] Thread (CPUThread)[0x0022b0a0]]: cellGcmSys warning: cellGcmSetTileInfo(index=1, location=0, offset=7995392, size=15073280, pitch=10240, comp=8, base=122, bank=0)
[E : PPU[1] Thread (CPUThread)[0x0022b0a0]]: cellGcmSys error: cellGcmSetTileInfo: bad comp! (8)
[W : PPU[1] Thread (CPUThread)[0x0022b034]]: cellGcmSys warning: cellGcmBindTile(index=1)
[W : PPU[1] Thread (CPUThread)[0x0022b004]]: cellGcmSys warning: cellGcmGetTiledPitchSize(size=10240)
[W : PPU[1] Thread (CPUThread)[0x0022b0a0]]: cellGcmSys warning: cellGcmSetTileInfo(index=2, location=0, offset=23199744, size=15073280, pitch=10240, comp=10, base=354, bank=1)
[E : PPU[1] Thread (CPUThread)[0x0022b0a0]]: cellGcmSys error: cellGcmSetTileInfo: bad comp! (10)
[W : PPU[1] Thread (CPUThread)[0x0022b034]]: cellGcmSys warning: cellGcmBindTile(index=2)
[W : PPU[1] Thread (CPUThread)[0x0022b070]]: cellGcmSys warning: TODO: cellGcmBindZcull(index=0)
[W : PPU[1] Thread (CPUThread)[0x0022b004]]: cellGcmSys warning: cellGcmGetTiledPitchSize(size=5120)
[W : PPU[1] Thread (CPUThread)[0x0022b0a0]]: cellGcmSys warning: cellGcmSetTileInfo(index=3, location=0, offset=38404096, size=3801088, pitch=5120, comp=0, base=0, bank=0)
[W : PPU[1] Thread (CPUThread)[0x0022b034]]: cellGcmSys warning: cellGcmBindTile(index=3)
[E : PPU[1] Thread (CPUThread)[0x00397064]]: TODO: _cellSpursEventFlagInitialize
[E : PPU[1] Thread (CPUThread)[0x00397064]]: TODO: _cellSpursEventFlagInitialize
[E : PPU[1] Thread (CPUThread)[0x00397070]]: TODO: cellSpursJobGuardInitialize
[E : PPU[1] Thread (CPUThread)[0x00397034]]: TODO: _cellSpursJobChainAttributeInitialize
[E : PPU[1] Thread (CPUThread)[0x003970b8]]: TODO: cellSpursJobChainAttributeSetName
[E : PPU[1] Thread (CPUThread)[0x00397100]]: TODO: cellSpursJobChainAttributeSetHaltOnError
[E : PPU[1] Thread (CPUThread)[0x00397028]]: TODO: cellSpursCreateJobChainWithAttribute
[W : PPU[1] Thread (CPUThread)[0x003a9058]]: sys_lwmutex warning: *** lwmutex created [MutexMM] (attribute=0x12): sq_id = 66
[W : PPU[1] Thread (CPUThread)[0x003a30a0]]: cellSysutil warning: cellAudioOutGetSoundAvailability(audioOut=0, type=0, fs=0x4, option=0)
[W : PPU[1] Thread (CPUThread)[0x003a30a0]]: cellSysutil warning: cellAudioOutGetSoundAvailability(audioOut=0, type=1, fs=0x4, option=0)
[W : PPU[1] Thread (CPUThread)[0x003a30a0]]: cellSysutil warning: cellAudioOutGetSoundAvailability(audioOut=0, type=6, fs=0x4, option=0)
[W : PPU[1] Thread (CPUThread)[0x003a304c]]: cellSysutil warning: cellAudioOutConfigure(audioOut=0, config_addr=0xd0020740, option_addr=0x0, (!)waitForEvent=1)
[W : PPU[1] Thread (CPUThread)[0x003a30d0]]: cellSysutil warning: cellAudioOutGetState(audioOut=0x0,deviceIndex=0x0,state_addr=0xd0020750)
[W : PPU[1] Thread (CPUThread)[0x00225004]]: cellAudio warning: cellAudioInit()
[! : Audio Thread]: Audio started
[W : PPU[1] Thread (CPUThread)[0x00225034]]: cellAudio warning: cellAudioPortOpen(audioParam_addr=0x301a8d38, portNum_addr=0xd0020820)
[W : PPU[1] Thread (CPUThread)[0x00225034]]: cellAudio warning: *** audio port opened(nChannel=8, nBlock=8, attr=0x0, level=0.000000): port = 0
[W : PPU[1] Thread (CPUThread)[0x0022501c]]: cellAudio warning: cellAudioGetPortConfig(portNum=0x0, portConfig_addr=0x301a8d58)
[W : PPU[1] Thread (CPUThread)[0x003a9058]]: sys_lwmutex warning: *** lwmutex created [] (attribute=0x22): sq_id = 67
[E : PPU[1] Thread (CPUThread)[0x00397058]]: TODO: cellSpursCreateTaskset
[E : PPU[1] Thread (CPUThread)[0x00397064]]: TODO: _cellSpursEventFlagInitialize
[E : PPU[1] Thread (CPUThread)[0x00397094]]: TODO: cellSpursEventFlagAttachLv2EventQueue
[E : PPU[1] Thread (CPUThread)[0x00397064]]: TODO: _cellSpursEventFlagInitialize
[W : PPU[1] Thread (CPUThread)[0x00185834]]: sys_event warning: sys_event_queue_create(equeue_id_addr=0x349a80, attr_addr=0xd00206a4, event_queue_key=0x0, size=8)
[W : PPU[1] Thread (CPUThread)[0x00185834]]: sys_event warning: *** event_queue created [] (protocol=0x2, type=0x1): id = 68
[W : PPU[1] Thread (CPUThread)[0x001858c4]]: sys_event warning: sys_event_port_create(eport_id_addr=0x349a00, port_type=0x1, name=0xfee1dead)
[W : PPU[1] Thread (CPUThread)[0x001858c4]]: sys_event warning: *** sys_event_port created: id = 70
[W : PPU[1] Thread (CPUThread)[0x001858dc]]: sys_event warning: sys_event_port_connect_local(eport_id=70, equeue_id=68)
[E : PPU[1] Thread (CPUThread)[0x003970f4]]: cellSpurs error: cellSpursAttachLv2EventQueue(spurs_addr=0x3014b280, queue=0x44, port_addr=0xd00206a0, isDynamic=0)
[E : PPU[1] Thread (CPUThread)[0x0039710c]]: TODO: cellSpursCreateTask
[W : PPU[1] Thread (CPUThread)[0x0022904c]]: *** cellFsOpen(path="/dev_flash/sys/external/flashATRAC.pic"): fd = 71
[W : PPU[1] Thread (CPUThread)[0x00229010]]: sys_fs warning: cellFsClose(fd=71)
[E : PPU[1] Thread (CPUThread)[0x00397130]]: TODO: _cellSpursSendSignal
[E : PPU[1] Thread (CPUThread)[0x00397040]]: TODO: cellSpursEventFlagWait
[E : PPU[1] Thread (CPUThread)[0x00397130]]: TODO: _cellSpursSendSignal
[E : PPU[1] Thread (CPUThread)[0x00397040]]: TODO: cellSpursEventFlagWait
[W : PPU[72] Thread (MultiStream PPU Thread)[0x00225028]]: cellAudio warning: cellAudioPortStart(portNum=0x0)
[W : PPU[1] Thread (CPUThread)[0x0038f004]]: sys_net warning: sys_net_initialize_network_ex(param_addr=0xd0020ae0)
[W : PPU[1] Thread (CPUThread)[0x003a5004]]: cellUserInfo warning: cellUserInfoGetStat(id=0, stat_addr=0xd0020aec)
[W : PPU[1] Thread (CPUThread)[0x0039f070]]: sceNpTrophy warning: sceNpTrophyCreateContext(context_addr=0x2a4310, commID_addr=0x24d8e4, commSign_addr=0x24d8f0, options=0x0)
[E : PPU[1] Thread (CPUThread)[0x003a1010]]: TODO: cellScreenShotSetParameter
[E : PPU[1] Thread (CPUThread)[0x003a1004]]: TODO: cellScreenShotEnable
[E : PPU[62] Thread (fios mediathread 5)[0x0022904c]]: sys_fs error: "DATA/INIT.ARC" not found! flags: 0x00000000
[E : PPU[72] Thread (MultiStream PPU Thread)[0x00397130]]: TODO: _cellSpursSendSignal
[E : PPU[72] Thread (MultiStream PPU Thread)[0x00397040]]: TODO: cellSpursEventFlagWait
[E : PPU[72] Thread (MultiStream PPU Thread)[0x00397130]]: TODO: _cellSpursSendSignal
[E : PPU[72] Thread (MultiStream PPU Thread)[0x00397040]]: TODO: cellSpursEventFlagWait
[E : PPU[1] Thread (CPUThread)[0x0022704c]]: TODO: cellCameraIsAttached
[E : PPU[1] Thread (CPUThread)[0x00227010]]: TODO: cellCameraReadEx
[E : PPU[1] Thread (CPUThread)[0x00227004]]: TODO: cellCameraGetBufferInfoEx
[E : PPU[1] Thread (CPUThread)[0x00223004]]: TODO: cellGemUpdateStart
[E : PPU[1] Thread (CPUThread)[0x0022304c]]: TODO: cellGemUpdateFinish
[E : PPU[1] Thread (CPUThread)[0x00223094]]: TODO: cellGemGetInfo
[E : PPU[72] Thread (MultiStream PPU Thread)[0x00397130]]: TODO: _cellSpursSendSignal
[E : PPU[72] Thread (MultiStream PPU Thread)[0x00397040]]: TODO: cellSpursEventFlagWait
[E : PPU[72] Thread (MultiStream PPU Thread)[0x00397130]]: TODO: _cellSpursSendSignal
[E : PPU[72] Thread (MultiStream PPU Thread)[0x00397040]]: TODO: cellSpursEventFlagWait
[W : PPU[1] Thread (CPUThread)[0x0022b004]]: cellGcmSys warning: cellGcmGetTiledPitchSize(size=4096)
[W : PPU[1] Thread (CPUThread)[0x0022b0a0]]: cellGcmSys warning: cellGcmSetTileInfo(index=4, location=0, offset=55705600, size=4194304, pitch=4096, comp=7, base=850, bank=0)
[W : PPU[1] Thread (CPUThread)[0x003a9058]]: sys_lwmutex warning: *** lwmutex created [MutexMM] (attribute=0x12): sq_id = 73
[W : PPU[1] Thread (CPUThread)[0x003a3040]]: cellSysutil warning: cellSysutilGetSystemParamInt: CELL_SYSUTIL_SYSTEMPARAM_ID_LANG
[W : PPU[1] Thread (CPUThread)[0x00393064]]: cellGcmSys warning: cellGcmSetDisplayBuffer(id=0x0,offset=0x24a0000,pitch=4,width=1280,height=720)
[W : RSXThread]: FP not found in buffer!
[W : RSXThread]: VP not found in buffer!
[! : RSXThread]: Add program (0):
[! : RSXThread]: *** prog id = 3
[! : RSXThread]: *** vp id = 2
[! : RSXThread]: *** fp id = 1
[! : RSXThread]: *** vp data size = 128
[! : RSXThread]: *** fp data size = 160
[! : RSXThread]: *** vp shader = 
#version 330

uniform mat4 scaleOffsetMat = mat4(1.0);
layout (location = 3) in vec4 in_col0;
layout (location = 8) in vec4 in_tc0;
layout (location = 0) in vec4 in_pos;
out vec4 col0;
out vec4 tc0;
vec4 tmp0;
uniform vec4 vc467;
uniform vec4 vc259;
uniform vec4 vc258;
uniform vec4 vc257;
uniform vec4 vc256;

void func0();

void main()
{
	gl_Position = vec4(0.0f, 0.0f, 0.0f, 1.0f);
	func0();
	gl_Position = gl_Position * scaleOffsetMat;
}

void func0()
{
	col0 = in_col0;
	tc0.xy = in_tc0.xyxx.xy;
	tmp0.xy = in_pos.xyxx.xy;
	tmp0.z = vc467.xxxx.z;
	gl_Position.w = vec2(dot(vec4(tmp0.xyzx.xyz, 1), vc259), 0).xxxx.w;
	gl_Position.z = vec2(dot(vec4(tmp0.xyzx.xyz, 1), vc258), 0).xxxx.z;
	gl_Position.y = vec2(dot(vec4(tmp0.xyzx.xyz, 1), vc257), 0).xxxx.y;
	gl_Position.x = vec2(dot(vec4(tmp0.xyzx.xyz, 1), vc256), 0).xxxx.x;
}

[E : PPU[72] Thread (MultiStream PPU Thread)[0x00397130]]: TODO: _cellSpursSendSignal
[! : RSXThread]: *** fp shader = 
#version 330

in vec4 tc0;
vec4 r1 = vec4(0.0, 0.0, 0.0, 0.0);
vec4 r0 = vec4(0.0, 0.0, 0.0, 0.0);
vec4 h0 = vec4(0.0, 0.0, 0.0, 0.0);
uniform vec4 fc32 = vec4(0.000200, 0.000000, 0.000000, 0.000000);
uniform vec4 fc64 = vec4(-0.000200, -0.000500, 0.000000, 0.000000);
uniform sampler2D tex1;
uniform sampler2D tex0;
layout (location = 0) out vec4 ocol;

void main()
{
	r1.xy = tc0.xy;
	r0.xy = (r1 + fc32.xyxx).xy;
	r1.xy = (r1 + fc64.xyxx).xy;
	r1 = texture(tex1, r1.xy);
	r0 = texture(tex0, r0.xy);
	r1 = ((-r0 + r1) / 2);
	h0 = (r0 + r1);
	ocol = h0;
}

[E : PPU[72] Thread (MultiStream PPU Thread)[0x00397040]]: TODO: cellSpursEventFlagWait
[W : RSXThread]: New FBO (1280x720)
[E : PPU[72] Thread (MultiStream PPU Thread)[0x00397130]]: TODO: _cellSpursSendSignal
[E : PPU[72] Thread (MultiStream PPU Thread)[0x00397040]]: TODO: cellSpursEventFlagWait
[E : PPU[72] Thread (MultiStream PPU Thread)[0x00397130]]: TODO: _cellSpursSendSignal
[E : PPU[72] Thread (MultiStream PPU Thread)[0x00397040]]: TODO: cellSpursEventFlagWait
[E : PPU[72] Thread (MultiStream PPU Thread)[0x00397130]]: TODO: _cellSpursSendSignal
[E : PPU[72] Thread (MultiStream PPU Thread)[0x00397040]]: TODO: cellSpursEventFlagWait
[E : RSXThread]: GLTexture::Init() -> filters: opengl error 0x0500
[E : RSXThread]: GLTexture::Init() -> filters: opengl error 0x0500
[W : Audio Thread]: Audio aborted
[! : RSXThread]: RSX thread exit...
[W : PPU[42] Thread (fios mediathread 2)[0x003a9040]]: sys_lwcond_wait(sq=40) aborted
[W : PPU[64] Thread (fios scheduler 4)[0x003a9040]]: sys_lwcond_wait(sq=56) aborted
[W : PPU[69] Thread (spu_printf_handler)[0x00185a04]]: sys_event_queue_receive(equeue=68) aborted
[W : PPU[44] Thread (fios scheduler 1)[0x003a9040]]: sys_lwcond_wait(sq=36) aborted
[W : PPU[63] Thread (fios mediathread 6)[0x003a9040]]: sys_lwcond_wait(sq=61) aborted
[W : PPU[62] Thread (fios mediathread 5)[0x003a9040]]: sys_lwcond_wait(sq=60) aborted
[W : PPU[43] Thread (fios mediathread 3)[0x003a9040]]: sys_lwcond_wait(sq=41) aborted
