[!]: path: /dev_hdd0/game/
[!]: Loading 'D:\Emulateurs\Rpcs3\dev_hdd0\game\BLES01355-[ULTIMATE MARVEL VS. CAPCOM 3]/PS3_GAME/USRDIR/BOOT.BIN'...
[!]: Mount info:
[!]: /dev_hdd0/ -> D:\Emulateurs\Rpcs3\dev_hdd0\
[!]: /dev_hdd1/ -> D:\Emulateurs\Rpcs3\dev_hdd1\
[!]: /dev_flash/ -> D:\Emulateurs\Rpcs3\dev_flash\
[!]: /dev_usb000/ -> D:\Emulateurs\Rpcs3\dev_usb000\
[!]: /dev_usb/ -> D:\Emulateurs\Rpcs3\dev_usb000\
[!]: /app_home/ -> D:\Emulateurs\Rpcs3\dev_hdd0\game\BLES01355-[ULTIMATE MARVEL VS. CAPCOM 3]/PS3_GAME/
[!]: /dev_bdvd/ -> D:\Emulateurs\Rpcs3\dev_hdd0\game\BLES01355-[ULTIMATE MARVEL VS. CAPCOM 3]/PS3_GAME/\..\
[!]: /host_root/ -> 
[!]: / -> D:\Emulateurs\Rpcs3\dev_hdd0\game\BLES01355-[ULTIMATE MARVEL VS. CAPCOM 3]/PS3_GAME/\USRDIR\
[!]: Initing memory...
[!]: Memory initialized.
[W]: Unknown function 0x6ee62ed2 in 'sceNp' module
[E]: TODO: sceNpManagerGetContentRatingFlag
[W]: Unknown function 0xb1e0718b in 'sceNp' module
[E]: TODO: sceNpManagerGetAccountRegion
[W]: Unknown function 0xceeebc7a in 'sceNp' module
[E]: TODO: sceNpProfileCallGui
[W]: Unknown function 0xeb7a3d84 in 'sceNp' module
[E]: TODO: sceNpManagerGetChatRestrictionFlag
[W]: Unknown function 0xfe37a7f4 in 'sceNp' module
[E]: TODO: sceNpManagerGetNpId
[W]: Unknown function 0x01fbbc9b in 'sceNp' module
[E]: TODO: sceNpBasicSendMessageGui
[W]: Unknown function 0x04372385 in 'sceNp' module
[E]: TODO: sceNpBasicGetFriendListEntry
[W]: Unknown function 0x21206642 in 'sceNp' module
[E]: TODO: sceNpScoreGetRankingByRangeAsync
[W]: Unknown function 0x259113b8 in 'sceNp' module
[E]: TODO: sceNpScoreDestroyTitleCtx
[W]: Unknown function 0x29dd45dc in 'sceNp' module
[E]: TODO: sceNpScoreSetTimeout
[W]: Unknown function 0x32c78a6a in 'sceNp' module
[E]: TODO: sceNpBasicGetFriendPresenceByIndex
[W]: Unknown function 0x32cf311f in 'sceNp' module
[E]: TODO: sceNpScoreInit
[W]: Unknown function 0x3db7914d in 'sceNp' module
[E]: TODO: sceNpScoreGetRankingByNpIdAsync
[W]: Unknown function 0x4026eac5 in 'sceNp' module
[E]: TODO: sceNpBasicRegisterContextSensitiveHandler
[W]: Unknown function 0x45f8f3aa in 'sceNp' module
[E]: TODO: sceNpCustomMenuRegisterActions
[W]: Unknown function 0x52a6b523 in 'sceNp' module
[E]: TODO: sceNpManagerUnregisterCallback
[W]: Unknown function 0x5de61626 in 'sceNp' module
[E]: TODO: sceNpLookupDestroyTitleCtx
[W]: Unknown function 0x5f2d9257 in 'sceNp' module
[E]: TODO: sceNpLookupInit
[W]: Unknown function 0x60897c38 in 'sceNp' module
[E]: TODO: sceNpSignalingActivateConnection
[W]: Unknown function 0x6356082e in 'sceNp' module
[E]: TODO: sceNpSignalingCreateCtx
[W]: Unknown function 0x64a704cc in 'sceNp' module
[E]: TODO: sceNpBasicRecvMessageAttachmentLoad
[W]: Unknown function 0x6f5e8143 in 'sceNp' module
[E]: TODO: sceNpScoreCreateTransactionCtx
[W]: Unknown function 0x73931bd0 in 'sceNp' module
[E]: TODO: sceNpBasicGetBlockListEntryCount
[W]: Unknown function 0x7508112e in 'sceNp' module
[E]: TODO: sceNpLookupPollAsync
[W]: Unknown function 0x806960ab in 'sceNp' module
[E]: TODO: sceNpBasicRecvMessageCustom
[W]: Unknown function 0x8440537c in 'sceNp' module
[E]: TODO: sceNpLookupTerm
[W]: Unknown function 0x860b1756 in 'sceNp' module
[E]: TODO: sceNpLookupTitleSmallStorageAsync
[W]: Unknown function 0x95c7bba3 in 'sceNp' module
[E]: TODO: sceNpSignalingTerminateConnection
[W]: Unknown function 0x9851f805 in 'sceNp' module
[E]: TODO: sceNpScoreTerm
[W]: Unknown function 0xa7a090e5 in 'sceNp' module
[E]: TODO: sceNpScorePollAsync
[W]: Unknown function 0xa8cf8451 in 'sceNp' module
[E]: TODO: sceNpSignalingDestroyCtx
[W]: Unknown function 0xacb9ee8e in 'sceNp' module
[E]: TODO: sceNpBasicUnregisterHandler
[W]: Unknown function 0xafef640d in 'sceNp' module
[E]: TODO: sceNpBasicGetFriendListEntryCount
[W]: Unknown function 0xb9f93bbb in 'sceNp' module
[E]: TODO: sceNpScoreCreateTitleCtx
[W]: Unknown function 0xbcdbb2ab in 'sceNp' module
[E]: TODO: sceNpBasicAddPlayersHistoryAsync
[W]: Unknown function 0xbdc07fd5 in 'sceNp' module
[E]: TODO: sceNpManagerGetNetworkTime
[W]: Unknown function 0xc5f4cf82 in 'sceNp' module
[E]: TODO: sceNpScoreDestroyTransactionCtx
[W]: Unknown function 0xca0a2d04 in 'sceNp' module
[E]: TODO: sceNpSignalingGetConnectionStatus
[W]: Unknown function 0xce81c7f0 in 'sceNp' module
[E]: TODO: sceNpLookupCreateTitleCtx
[W]: Unknown function 0xd208f91d in 'sceNp' module
[E]: TODO: sceNpUtilCmpNpId
[W]: Unknown function 0xe035f7d6 in 'sceNp' module
[E]: TODO: sceNpBasicGetEvent
[W]: Unknown function 0xe6c8f3f9 in 'sceNp' module
[E]: TODO: sceNpDrmProcessExitSpawn2
[W]: Unknown function 0xe7dcd3b4 in 'sceNp' module
[E]: TODO: sceNpManagerRegisterCallback
[W]: Unknown function 0xea2e9ffc in 'sceNp' module
[E]: TODO: sceNpLookupCreateTransactionCtx
[W]: Unknown function 0xee5b20d9 in 'sceNp' module
[E]: TODO: sceNpScoreAbortTransaction
[W]: Unknown function 0xf0a9182b in 'sceNp' module
[E]: TODO: sceNpFriendlist
[W]: Unknown function 0xf0b1e399 in 'sceNp' module
[E]: TODO: sceNpScoreRecordScoreAsync
[W]: Unknown function 0xf2b3338a in 'sceNp' module
[E]: TODO: sceNpBasicGetBlockListEntry
[W]: Unknown function 0xf42c0df8 in 'sceNp' module
[E]: TODO: sceNpManagerGetOnlineName
[W]: Unknown function 0xf59e1da8 in 'sceNp' module
[E]: TODO: sceNpFriendlistAbortGui
[W]: Unknown function 0xf9732ac8 in 'sceNp' module
[E]: TODO: sceNpCustomMenuActionSetActivation
[W]: Unknown function 0xfb87cf5e in 'sceNp' module
[E]: TODO: sceNpLookupDestroyTransactionCtx
[W]: Unknown function 0x1dfbfdd6 in 'cellSysutil' module
[E]: TODO: cellSaveDataListLoad2
[W]: Unknown function 0x20543730 in 'cellSysutil' module
[E]: TODO: cellMsgDialogClose
[W]: Unknown function 0x2a8eada2 in 'cellSysutil' module
[E]: TODO: cellSaveDataFixedLoad2
[W]: Unknown function 0x2aae9ef5 in 'cellSysutil' module
[E]: TODO: cellSaveDataFixedSave2
[W]: Unknown function 0x2de0d663 in 'cellSysutil' module
[E]: TODO: cellSaveDataListSave2
[W]: Unknown function 0x7bc2c8a8 in 'cellSysutil' module
[E]: TODO: cellMsgDialogProgressBarReset
[W]: Unknown function 0x8b7ed64b in 'cellSysutil' module
[E]: TODO: cellSaveDataAutoSave2
[W]: Unknown function 0x94862702 in 'cellSysutil' module
[E]: TODO: cellMsgDialogProgressBarInc
[W]: Unknown function 0xedadd797 in 'cellSysutil' module
[E]: TODO: cellSaveDataDelete2
[W]: Unknown function 0xfbd5c856 in 'cellSysutil' module
[E]: TODO: cellSaveDataAutoLoad2
[W]: Unknown function 0x62b0f803 in 'cellSysutil' module
[E]: TODO: cellMsgDialogAbort
[W]: Unknown function 0x7e4ea023 in 'cellSpurs' module
[E]: TODO: cellSpursWakeUp
[W]: Unknown function 0x011ee38b in 'cellSpurs' module
[E]: TODO: _cellSpursLFQueueInitialize
[W]: Unknown function 0x1656d49f in 'cellSpurs' module
[E]: TODO: cellSpursLFQueueAttachLv2EventQueue
[W]: Unknown function 0x1ebcf459 in 'cellSpurs' module
[E]: TODO: cellSpursDestroyTaskset2
[W]: Unknown function 0x22aab31d in 'cellSpurs' module
[E]: TODO: cellSpursEventFlagDetachLv2EventQueue
[W]: Unknown function 0x303c19cd in 'cellSpurs' module
[E]: TODO: cellSpursCreateJobChainWithAttribute
[W]: Unknown function 0x3548f483 in 'cellSpurs' module
[E]: TODO: _cellSpursJobChainAttributeInitialize
[W]: Unknown function 0x35dae22b in 'cellSpurs' module
[E]: TODO: _cellSpursLFQueuePopBody
[W]: Unknown function 0x373523d4 in 'cellSpurs' module
[E]: TODO: cellSpursEventFlagWait
[W]: Unknown function 0x494613c7 in 'cellSpurs' module
[E]: TODO: cellSpursJobChainGetSpursAddress
[W]: Unknown function 0x4a6465e3 in 'cellSpurs' module
[E]: TODO: cellSpursCreateTaskset2
[W]: Unknown function 0x4ac7bae4 in 'cellSpurs' module
[E]: TODO: cellSpursEventFlagClear
[W]: Unknown function 0x4ceb9694 in 'cellSpurs' module
[E]: TODO: cellSpursGetJobChainInfo
[W]: Unknown function 0x58d58fcf in 'cellSpurs' module
[E]: TODO: cellSpursTasksetGetSpursAddress
[W]: Unknown function 0x5ef96465 in 'cellSpurs' module
[E]: TODO: _cellSpursEventFlagInitialize
[W]: Unknown function 0x6d2d9339 in 'cellSpurs' module
[E]: TODO: cellSpursEventFlagTryWait
[W]: Unknown function 0x73e06f91 in 'cellSpurs' module
[E]: TODO: cellSpursLFQueueDetachLv2EventQueue
[W]: Unknown function 0x7cb33c2e in 'cellSpurs' module
[E]: TODO: cellSpursTaskGetReadOnlyAreaPattern
[W]: Unknown function 0x838fa4f0 in 'cellSpurs' module
[E]: TODO: cellSpursTryJoinTask2
[W]: Unknown function 0x86c864a2 in 'cellSpurs' module
[E]: TODO: cellSpursGetJobChainId
[W]: Unknown function 0x87630976 in 'cellSpurs' module
[E]: TODO: cellSpursEventFlagAttachLv2EventQueue
[W]: Unknown function 0x890f9e5a in 'cellSpurs' module
[E]: TODO: cellSpursEventFlagGetDirection
[W]: Unknown function 0x8a85674d in 'cellSpurs' module
[E]: TODO: _cellSpursLFQueuePushBody
[W]: Unknown function 0x8adadf65 in 'cellSpurs' module
[E]: TODO: _cellSpursTaskAttribute2Initialize
[W]: Unknown function 0x9034e538 in 'cellSpurs' module
[E]: TODO: cellSpursTaskGetContextSaveAreaSize
[W]: Unknown function 0x9fef70c2 in 'cellSpurs' module
[E]: TODO: cellSpursJobChainAttributeSetName
[W]: Unknown function 0xa7a94892 in 'cellSpurs' module
[E]: TODO: cellSpursJoinTask2
[W]: Unknown function 0xa7c066de in 'cellSpurs' module
[E]: TODO: cellSpursJoinJobChain
[W]: Unknown function 0xc2acdf43 in 'cellSpurs' module
[E]: TODO: _cellSpursTasksetAttribute2Initialize
[W]: Unknown function 0xe14ca62d in 'cellSpurs' module
[E]: TODO: cellSpursCreateTask2
[W]: Unknown function 0xe7b0e69a in 'cellSpurs' module
[E]: TODO: cellSpursJobSetMaxGrab
[W]: Unknown function 0xe7dd87e1 in 'cellSpurs' module
[E]: TODO: cellSpursGetTasksetId
[W]: Unknown function 0xf31731bb in 'cellSpurs' module
[E]: TODO: cellSpursRunJobChain
[W]: Unknown function 0xf5507729 in 'cellSpurs' module
[E]: TODO: cellSpursEventFlagSet
[W]: Unknown function 0x52cc6c82 in 'cellSpurs' module
[E]: TODO: cellSpursCreateTaskset
[W]: Unknown function 0x9f72add3 in 'cellSpurs' module
[E]: TODO: cellSpursJoinTaskset
[W]: Unknown function 0xa789e631 in 'cellSpurs' module
[E]: TODO: cellSpursShutdownTaskset
[W]: Unknown function 0xbeb600ac in 'cellSpurs' module
[E]: TODO: cellSpursCreateTask
[W]: Unknown function 0xe0a6dbe4 in 'cellSpurs' module
[E]: TODO: _cellSpursSendSignal
[W]: Unknown function 0x37968718 in 'cellSheap' module
[E]: TODO: cellSheapQueryMax
[W]: Unknown function 0x4b1383fb in 'cellSheap' module
[E]: TODO: cellSheapAllocate
[W]: Unknown function 0x5c5994bd in 'cellSheap' module
[E]: TODO: cellSheapFree
[W]: Unknown function 0x7fa23275 in 'cellSheap' module
[E]: TODO: cellSheapQueryFree
[W]: Unknown function 0xbbb47cd8 in 'cellSheap' module
[E]: TODO: cellSheapInitialize
[W]: Unknown function 0xd59aa307 in 'cellSync' module
[E]: TODO: cellSyncLFQueueGetDirection
[W]: Unknown function 0x2ad4951b in 'cellGcmSys' module
[E]: TODO: cellGcmGetTimeStampLocation
[W]: Unknown function 0xa6b180ac in 'cellGcmSys' module
[E]: TODO: cellGcmGetReportDataLocation
[W]: Unknown function 0xacee8542 in 'cellGcmSys' module
[E]: TODO: cellGcmSetFlipImmediate
[W]: Unknown function 0x006016da in 'cellAtrac' module
[E]: TODO: cellAtracGetBitrate
[W]: Unknown function 0x06ddb53e in 'cellAtrac' module
[E]: TODO: cellAtracSetSecondBuffer
[W]: Unknown function 0x0f9667b6 in 'cellAtrac' module
[E]: TODO: cellAtracGetChannel
[W]: Unknown function 0x2642d4cc in 'cellAtrac' module
[E]: TODO: cellAtracCreateDecoderExt
[W]: Unknown function 0x2bfff084 in 'cellAtrac' module
[E]: TODO: cellAtracGetStreamDataInfo
[W]: Unknown function 0x46cfc013 in 'cellAtrac' module
[E]: TODO: cellAtracAddStreamData
[W]: Unknown function 0x66afc68e in 'cellAtrac' module
[E]: TODO: cellAtracSetDataAndGetMemSize
[W]: Unknown function 0x761cb9be in 'cellAtrac' module
[E]: TODO: cellAtracDeleteDecoder
[W]: Unknown function 0x7772eb2b in 'cellAtrac' module
[E]: TODO: cellAtracResetPlayPosition
[W]: Unknown function 0x78ba5c41 in 'cellAtrac' module
[E]: TODO: cellAtracSetLoopNum
[W]: Unknown function 0x8eb0e65f in 'cellAtrac' module
[E]: TODO: cellAtracDecode
[W]: Unknown function 0x99efe171 in 'cellAtrac' module
[E]: TODO: cellAtracIsSecondBufferNeeded
[W]: Unknown function 0x99fb73d1 in 'cellAtrac' module
[E]: TODO: cellAtracGetBufferInfoForResetting
[W]: Unknown function 0xb5c11938 in 'cellAtrac' module
[E]: TODO: cellAtracGetInternalErrorInfo
[W]: Unknown function 0xbe07f05e in 'cellAtrac' module
[E]: TODO: cellAtracGetSecondBufferInfo
[W]: Unknown function 0xcf01d5d4 in 'cellAtrac' module
[E]: TODO: cellAtracGetSoundInfo
[W]: Unknown function 0xdfab73aa in 'cellAtrac' module
[E]: TODO: cellAtracGetRemainFrame
[W]: Unknown function 0xe0cef79e in 'cellResc' module
[E]: TODO: cellRescCreateInterlaceTable
[W]: Unknown function 0x28e208bb in 'sys_net' module
[E]: TODO: listen
[W]: Unknown function 0x71f4c717 in 'sys_net' module
[E]: TODO: gethostbyname
[W]: Unknown function 0xdabbc2c0 in 'sys_net' module
[E]: TODO: inet_addr
[W]: Unknown module 'cellSysutilAvconfExt'
[W]: Unknown function 0x01036193 in 'cellFiber' module
[E]: TODO: cellFiberPpuContextReturnToThread
[W]: Unknown function 0x31252ec3 in 'cellFiber' module
[E]: TODO: _cellFiberPpuContextAttributeInitialize
[W]: Unknown function 0x34a81091 in 'cellFiber' module
[E]: TODO: cellFiberPpuContextSelf
[W]: Unknown function 0x72086315 in 'cellFiber' module
[E]: TODO: cellFiberPpuContextInitialize
[W]: Unknown function 0xaba1c563 in 'cellFiber' module
[E]: TODO: cellFiberPpuContextRun
[W]: Unknown function 0xb3a48079 in 'cellFiber' module
[E]: TODO: cellFiberPpuContextFinalize
[W]: Unknown function 0xd0066b17 in 'cellFiber' module
[E]: TODO: cellFiberPpuContextSwitch
[W]: Unknown function 0x55870804 in 'cellFiber' module
[E]: TODO: _cellFiberPpuInitialize
[W]: Unknown module 'cellRec'
[W]: Unknown function 0x01379fd7 in 'sceNp2' module
[E]: TODO: sceNpMatching2DestroyContext
[W]: Unknown function 0x05bf2fbd in 'sceNp2' module
[E]: TODO: sceNpMatching2GetWorldInfoList
[W]: Unknown function 0x0d22867f in 'sceNp2' module
[E]: TODO: sceNpMatching2SearchRoom
[W]: Unknown function 0x16b3e5a4 in 'sceNp2' module
[E]: TODO: sceNpMatching2CreateServerContext
[W]: Unknown function 0x1f372697 in 'sceNp2' module
[E]: TODO: sceNpMatching2LeaveRoom
[W]: Unknown function 0x215b0d75 in 'sceNp2' module
[E]: TODO: sceNpMatching2SetRoomDataExternal
[W]: Unknown function 0x23009d07 in 'sceNp2' module
[E]: TODO: sceNpMatching2Term2
[W]: Unknown function 0x2ed909dc in 'sceNp2' module
[E]: TODO: sceNpMatching2AbortRequest
[W]: Unknown function 0x3457c0db in 'sceNp2' module
[E]: TODO: sceNpMatching2GetServerInfo
[W]: Unknown function 0x3c00c9d4 in 'sceNp2' module
[E]: TODO: sceNpMatching2GetEventData
[W]: Unknown function 0x41251f74 in 'sceNp2' module
[E]: TODO: sceNp2Init
[W]: Unknown function 0x430ce063 in 'sceNp2' module
[E]: TODO: sceNpMatching2AbortContextStart
[W]: Unknown function 0x66f19527 in 'sceNp2' module
[E]: TODO: sceNpMatching2KickoutRoomMember
[W]: Unknown function 0x6ba4c668 in 'sceNp2' module
[E]: TODO: sceNpMatching2ContextStartAsync
[W]: Unknown function 0x748029a2 in 'sceNp2' module
[E]: TODO: sceNpMatching2RegisterContextCallback
[W]: Unknown function 0x7bf6e152 in 'sceNp2' module
[E]: TODO: sceNpMatching2SendRoomChatMessage
[W]: Unknown function 0x817d1090 in 'sceNp2' module
[E]: TODO: sceNpMatching2SetRoomDataInternal
[W]: Unknown function 0x8d3f8d49 in 'sceNp2' module
[E]: TODO: sceNpMatching2SignalingGetPingInfo
[W]: Unknown function 0x8e5cfe9f in 'sceNp2' module
[E]: TODO: sceNpMatching2GetServerIdListLocal
[W]: Unknown function 0x9cbce3f2 in 'sceNp2' module
[E]: TODO: sceNpMatching2CreateContext
[W]: Unknown function 0xaadb7c12 in 'sceNp2' module
[E]: TODO: sceNp2Term
[W]: Unknown function 0xb851aacf in 'sceNp2' module
[E]: TODO: sceNpMatching2SetRoomMemberDataInternal
[W]: Unknown function 0xba578d19 in 'sceNp2' module
[E]: TODO: sceNpMatching2JoinProhibitiveRoom
[W]: Unknown function 0xc6b63b7e in 'sceNp2' module
[E]: TODO: sceNpMatching2DeleteServerContext
[W]: Unknown function 0xdb87b088 in 'sceNp2' module
[E]: TODO: sceNpMatching2SetDefaultRequestOptParam
[W]: Unknown function 0xdcb6b27d in 'sceNp2' module
[E]: TODO: sceNpMatching2RegisterRoomEventCallback
[W]: Unknown function 0xe4ac32ca in 'sceNp2' module
[E]: TODO: sceNpMatching2GetRoomDataExternalList
[W]: Unknown function 0xe7a3bc7a in 'sceNp2' module
[E]: TODO: sceNpMatching2CreateJoinRoom
[W]: Unknown function 0xf43c647a in 'sceNp2' module
[E]: TODO: sceNpMatching2ContextStop
[W]: Unknown function 0xf4babd3f in 'sceNp2' module
[E]: TODO: sceNpMatching2Init2
[W]: Unknown function 0xfee11e72 in 'sceNp2' module
[E]: TODO: sceNpMatching2RegisterRoomMessageCallback
[W]: Unknown function 0x0a563878 in 'cellVoice' module
[E]: TODO: cellVoiceStart
[W]: Unknown function 0x18d3df30 in 'cellVoice' module
[E]: TODO: cellVoiceDisconnectIPortFromOPort
[W]: Unknown function 0x2a01013e in 'cellVoice' module
[E]: TODO: cellVoiceCreateNotifyEventQueue
[W]: Unknown function 0x2de54871 in 'cellVoice' module
[E]: TODO: cellVoiceCreatePort
[W]: Unknown function 0x35d84910 in 'cellVoice' module
[E]: TODO: cellVoiceSetNotifyEventQueue
[W]: Unknown function 0x36472c57 in 'cellVoice' module
[E]: TODO: cellVoiceReadFromOPort
[W]: Unknown function 0x3dad26e7 in 'cellVoice' module
[E]: TODO: cellVoiceWriteToIPort
[W]: Unknown function 0x762dc193 in 'cellVoice' module
[E]: TODO: cellVoiceGetVolume
[W]: Unknown function 0x9f70c475 in 'cellVoice' module
[E]: TODO: cellVoiceDeletePort
[W]: Unknown function 0xae6a21d5 in 'cellVoice' module
[E]: TODO: cellVoiceConnectIPortToOPort
[W]: Unknown function 0xc7cf1182 in 'cellVoice' module
[E]: TODO: cellVoiceInit
[W]: Unknown function 0xd3a84be1 in 'cellVoice' module
[E]: TODO: cellVoiceStop
[W]: Unknown function 0xd5ae37d8 in 'cellVoice' module
[E]: TODO: cellVoiceSetVolume
[W]: Unknown function 0xdd000886 in 'cellVoice' module
[E]: TODO: cellVoiceRemoveNotifyEventQueue
[W]: Unknown function 0xdde35a0c in 'cellVoice' module
[E]: TODO: cellVoiceSetMuteFlag
[W]: Unknown function 0xe0e1ae12 in 'cellVoice' module
[E]: TODO: cellVoiceEnd
[W]: Unknown function 0xf629ed67 in 'cellVoice' module
[E]: TODO: cellVoiceGetPortAttr
[W]: Unknown function 0xff0fa43a in 'cellVoice' module
[E]: TODO: cellVoiceResetPort
[W]: Unknown module 'sceNpTus'
[W : PPU[1] Thread (CPUThread)[0x00f4c034]]: sys_lwmutex warning: *** lwmutex created [_lc_mtx] (attribute=0x12): sq_id = 3
[W : PPU[1] Thread (CPUThread)[0x00f4c034]]: sys_lwmutex warning: *** lwmutex created [_lc_mtx] (attribute=0x12): sq_id = 4
[W : PPU[1] Thread (CPUThread)[0x00f4c034]]: sys_lwmutex warning: *** lwmutex created [_lc_mtx] (attribute=0x12): sq_id = 5
[W : PPU[1] Thread (CPUThread)[0x00f4c034]]: sys_lwmutex warning: *** lwmutex created [_lc_mtx] (attribute=0x12): sq_id = 6
[W : PPU[1] Thread (CPUThread)[0x00f4c034]]: sys_lwmutex warning: *** lwmutex created [_lc_mtx] (attribute=0x12): sq_id = 7
[W : PPU[1] Thread (CPUThread)[0x00f4c034]]: sys_lwmutex warning: *** lwmutex created [_lc_mtx] (attribute=0x12): sq_id = 8
[W : PPU[1] Thread (CPUThread)[0x00f4c034]]: sys_lwmutex warning: *** lwmutex created [_lc_mtx] (attribute=0x12): sq_id = 9
[W : PPU[1] Thread (CPUThread)[0x00f4c034]]: sys_lwmutex warning: *** lwmutex created [_lc_mtx] (attribute=0x12): sq_id = 10
[W : PPU[1] Thread (CPUThread)[0x00f4c034]]: sys_lwmutex warning: *** lwmutex created [_lc_mtx] (attribute=0x12): sq_id = 11
[W : PPU[1] Thread (CPUThread)[0x00f4c034]]: sys_lwmutex warning: *** lwmutex created [] (attribute=0x12): sq_id = 12
[W : PPU[1] Thread (CPUThread)[0x0068d918]]: memory warning: sys_memory_get_user_memory_size(mem_info_addr=0xd0020a30)
[W : PPU[1] Thread (CPUThread)[0x00f4c034]]: sys_lwmutex warning: *** lwmutex created [] (attribute=0x12): sq_id = 13
[W : PPU[1] Thread (CPUThread)[0x00f4c034]]: sys_lwmutex warning: *** lwmutex created [] (attribute=0x12): sq_id = 14
[W : PPU[1] Thread (CPUThread)[0x00f4c034]]: sys_lwmutex warning: *** lwmutex created [] (attribute=0x12): sq_id = 15
[W : PPU[1] Thread (CPUThread)[0x00f4c034]]: sys_lwmutex warning: *** lwmutex created [] (attribute=0x12): sq_id = 16
[W : PPU[1] Thread (CPUThread)[0x00f4c034]]: sys_lwmutex warning: *** lwmutex created [] (attribute=0x12): sq_id = 17
[W : PPU[1] Thread (CPUThread)[0x00f4c034]]: sys_lwmutex warning: *** lwmutex created [] (attribute=0x12): sq_id = 18
[W : PPU[1] Thread (CPUThread)[0x00f4c034]]: sys_lwmutex warning: *** lwmutex created [] (attribute=0x12): sq_id = 19
[W : PPU[1] Thread (CPUThread)[0x00f4c034]]: sys_lwmutex warning: *** lwmutex created [] (attribute=0x12): sq_id = 20
[W : PPU[1] Thread (CPUThread)[0x00f4c034]]: sys_lwmutex warning: *** lwmutex created [] (attribute=0x12): sq_id = 21
[W : PPU[1] Thread (CPUThread)[0x00f4c034]]: sys_lwmutex warning: *** lwmutex created [] (attribute=0x12): sq_id = 22
[W : PPU[1] Thread (CPUThread)[0x00f4c034]]: sys_lwmutex warning: *** lwmutex created [] (attribute=0x12): sq_id = 23
[W : PPU[1] Thread (CPUThread)[0x00f4c034]]: sys_lwmutex warning: *** lwmutex created [] (attribute=0x12): sq_id = 24
[W : PPU[1] Thread (CPUThread)[0x00f4c034]]: sys_lwmutex warning: *** lwmutex created [] (attribute=0x12): sq_id = 25
[W : PPU[1] Thread (CPUThread)[0x00f4c034]]: sys_lwmutex warning: *** lwmutex created [] (attribute=0x12): sq_id = 26
[W : PPU[1] Thread (CPUThread)[0x00f4c034]]: sys_lwmutex warning: *** lwmutex created [] (attribute=0x12): sq_id = 27
[W : PPU[1] Thread (CPUThread)[0x00f4c034]]: sys_lwmutex warning: *** lwmutex created [] (attribute=0x12): sq_id = 28
[W : PPU[1] Thread (CPUThread)[0x00f4c034]]: sys_lwmutex warning: *** lwmutex created [] (attribute=0x12): sq_id = 29
[W : PPU[1] Thread (CPUThread)[0x00f4c034]]: sys_lwmutex warning: *** lwmutex created [] (attribute=0x12): sq_id = 30
[W : PPU[1] Thread (CPUThread)[0x00f4c034]]: sys_lwmutex warning: *** lwmutex created [] (attribute=0x12): sq_id = 31
[W : PPU[1] Thread (CPUThread)[0x00f4c034]]: sys_lwmutex warning: *** lwmutex created [] (attribute=0x12): sq_id = 32
[W : PPU[1] Thread (CPUThread)[0x00f4c034]]: sys_lwmutex warning: *** lwmutex created [] (attribute=0x12): sq_id = 33
[W : PPU[1] Thread (CPUThread)[0x00f4c034]]: sys_lwmutex warning: *** lwmutex created [] (attribute=0x12): sq_id = 34
[W : PPU[1] Thread (CPUThread)[0x00f4c034]]: sys_lwmutex warning: *** lwmutex created [] (attribute=0x12): sq_id = 35
[W : PPU[1] Thread (CPUThread)[0x00f4c034]]: sys_lwmutex warning: *** lwmutex created [] (attribute=0x12): sq_id = 36
[W : PPU[1] Thread (CPUThread)[0x00f4c034]]: sys_lwmutex warning: *** lwmutex created [] (attribute=0x12): sq_id = 37
[W : PPU[1] Thread (CPUThread)[0x00f4c034]]: sys_lwmutex warning: *** lwmutex created [] (attribute=0x12): sq_id = 38
[W : PPU[1] Thread (CPUThread)[0x009bd6e0]]: sys_spu warning: sys_spu_initialize(max_usable_spu=6, max_raw_spu=0)
[W : PPU[1] Thread (CPUThread)[0x00f44010]]: cellSysmodule warning: cellSysmoduleLoadModule(CELL_SYSMODULE_GCM_SYS)
[W : PPU[1] Thread (CPUThread)[0x00f44010]]: cellSysmodule warning: cellSysmoduleLoadModule(CELL_SYSMODULE_SYSUTIL)
[W : PPU[1] Thread (CPUThread)[0x00f44010]]: cellSysmodule warning: cellSysmoduleLoadModule(CELL_SYSMODULE_AVCONF_EXT)
[W : PPU[1] Thread (CPUThread)[0x00f44010]]: cellSysmodule warning: cellSysmoduleLoadModule(CELL_SYSMODULE_IO)
[W : PPU[1] Thread (CPUThread)[0x00f44010]]: cellSysmodule warning: cellSysmoduleLoadModule(CELL_SYSMODULE_AUDIO)
[W : PPU[1] Thread (CPUThread)[0x00f44010]]: cellSysmodule warning: cellSysmoduleLoadModule(CELL_SYSMODULE_ATRAC3PLUS)
[W : PPU[1] Thread (CPUThread)[0x00f44010]]: cellSysmodule warning: cellSysmoduleLoadModule(CELL_SYSMODULE_ADEC_LPCM)
[W : PPU[1] Thread (CPUThread)[0x00f44010]]: cellSysmodule warning: cellSysmoduleLoadModule(CELL_SYSMODULE_ADEC_ATX)
[W : PPU[1] Thread (CPUThread)[0x00f44010]]: cellSysmodule warning: cellSysmoduleLoadModule(CELL_SYSMODULE_ADEC_AC3)
[W : PPU[1] Thread (CPUThread)[0x00f44010]]: cellSysmodule warning: cellSysmoduleLoadModule(CELL_SYSMODULE_PAMF)
[W : PPU[1] Thread (CPUThread)[0x00f44010]]: cellSysmodule warning: cellSysmoduleLoadModule(CELL_SYSMODULE_DMUX_PAMF)
[W : PPU[1] Thread (CPUThread)[0x00f44010]]: cellSysmodule warning: cellSysmoduleLoadModule(CELL_SYSMODULE_VDEC_MPEG2)
[W : PPU[1] Thread (CPUThread)[0x00f44010]]: cellSysmodule warning: cellSysmoduleLoadModule(CELL_SYSMODULE_VDEC_AVC)
[W : PPU[1] Thread (CPUThread)[0x00f44010]]: cellSysmodule warning: cellSysmoduleLoadModule(CELL_SYSMODULE_FS)
[W : PPU[1] Thread (CPUThread)[0x00f44010]]: cellSysmodule warning: cellSysmoduleLoadModule(CELL_SYSMODULE_SPURS)
[W : PPU[1] Thread (CPUThread)[0x00f44010]]: cellSysmodule warning: cellSysmoduleLoadModule(CELL_SYSMODULE_RESC)
[W : PPU[1] Thread (CPUThread)[0x00f44010]]: cellSysmodule warning: cellSysmoduleLoadModule(CELL_SYSMODULE_FIBER)
[W : PPU[1] Thread (CPUThread)[0x00f44010]]: cellSysmodule warning: cellSysmoduleLoadModule(CELL_SYSMODULE_L10N)
[W : PPU[1] Thread (CPUThread)[0x00f460ac]]: cellSysutil warning: cellSysutilRegisterCallback(slot=0, func_addr=0xf8c788, userdata=0x0)
[W : PPU[1] Thread (CPUThread)[0x00f460dc]]: cellSysutil warning: cellSysutilGetSystemParamInt: CELL_SYSUTIL_SYSTEMPARAM_ID_LANG
[W : PPU[1] Thread (CPUThread)[0x00f460dc]]: cellSysutil warning: cellSysutilGetSystemParamInt: CELL_SYSUTIL_SYSTEMPARAM_ID_ENTER_BUTTON_ASSIGN
[W : PPU[1] Thread (CPUThread)[0x00f460dc]]: cellSysutil warning: cellSysutilGetSystemParamInt: CELL_SYSUTIL_SYSTEMPARAM_ID_DATE_FORMAT
[W : PPU[1] Thread (CPUThread)[0x00f460dc]]: cellSysutil warning: cellSysutilGetSystemParamInt: CELL_SYSUTIL_SYSTEMPARAM_ID_TIME_FORMAT
[W : PPU[1] Thread (CPUThread)[0x00f460dc]]: cellSysutil warning: cellSysutilGetSystemParamInt: CELL_SYSUTIL_SYSTEMPARAM_ID_TIMEZONE
[W : PPU[1] Thread (CPUThread)[0x00f460dc]]: cellSysutil warning: cellSysutilGetSystemParamInt: CELL_SYSUTIL_SYSTEMPARAM_ID_SUMMERTIME
[W : PPU[1] Thread (CPUThread)[0x00f460dc]]: cellSysutil warning: cellSysutilGetSystemParamInt: CELL_SYSUTIL_SYSTEMPARAM_ID_GAME_PARENTAL_LEVEL
[W : PPU[1] Thread (CPUThread)[0x00f460dc]]: cellSysutil warning: cellSysutilGetSystemParamInt: CELL_SYSUTIL_SYSTEMPARAM_ID_CURRENT_USER_HAS_NP_ACCOUNT
[W : PPU[1] Thread (CPUThread)[0x00f46118]]: cellSysutil warning: cellSysutilGetSystemParamString: CELL_SYSUTIL_SYSTEMPARAM_ID_NICKNAME
[W : PPU[1] Thread (CPUThread)[0x00f46118]]: cellSysutil warning: cellSysutilGetSystemParamString: CELL_SYSUTIL_SYSTEMPARAM_ID_CURRENT_USERNAME
[W : PPU[1] Thread (CPUThread)[0x00f4c034]]: sys_lwmutex warning: *** lwmutex created [] (attribute=0x12): sq_id = 39
[W : PPU[1] Thread (CPUThread)[0x00f4c034]]: sys_lwmutex warning: *** lwmutex created [] (attribute=0x12): sq_id = 40
[W : PPU[1] Thread (CPUThread)[0x00f4c034]]: sys_lwmutex warning: *** lwmutex created [] (attribute=0x12): sq_id = 41
[W : PPU[1] Thread (CPUThread)[0x00f4c034]]: sys_lwmutex warning: *** lwmutex created [] (attribute=0x12): sq_id = 42
[W : PPU[1] Thread (CPUThread)[0x00f4c034]]: sys_lwmutex warning: *** lwmutex created [] (attribute=0x12): sq_id = 43
[W : PPU[1] Thread (CPUThread)[0x00f4c034]]: sys_lwmutex warning: *** lwmutex created [] (attribute=0x12): sq_id = 44
[W : PPU[1] Thread (CPUThread)[0x00f4c034]]: sys_lwmutex warning: *** lwmutex created [] (attribute=0x12): sq_id = 45
[W : PPU[1] Thread (CPUThread)[0x00f4c034]]: sys_lwmutex warning: *** lwmutex created [] (attribute=0x12): sq_id = 46
[W : PPU[1] Thread (CPUThread)[0x00f4c034]]: sys_lwmutex warning: *** lwmutex created [] (attribute=0x12): sq_id = 47
[W : PPU[1] Thread (CPUThread)[0x00f4c034]]: sys_lwmutex warning: *** lwmutex created [] (attribute=0x12): sq_id = 48
[W : PPU[1] Thread (CPUThread)[0x00f4c034]]: sys_lwmutex warning: *** lwmutex created [] (attribute=0x12): sq_id = 49
[W : PPU[1] Thread (CPUThread)[0x00f4c034]]: sys_lwmutex warning: *** lwmutex created [] (attribute=0x12): sq_id = 50
[W : PPU[1] Thread (CPUThread)[0x00f4c034]]: sys_lwmutex warning: *** lwmutex created [] (attribute=0x12): sq_id = 51
[W : PPU[1] Thread (CPUThread)[0x00f4c034]]: sys_lwmutex warning: *** lwmutex created [] (attribute=0x12): sq_id = 52
[W : PPU[1] Thread (CPUThread)[0x00f4c034]]: sys_lwmutex warning: *** lwmutex created [] (attribute=0x12): sq_id = 53
[W : PPU[1] Thread (CPUThread)[0x00f4c034]]: sys_lwmutex warning: *** lwmutex created [] (attribute=0x12): sq_id = 54
[W : PPU[1] Thread (CPUThread)[0x00f4c034]]: sys_lwmutex warning: *** lwmutex created [] (attribute=0x12): sq_id = 55
[W : PPU[1] Thread (CPUThread)[0x00f4c034]]: sys_lwmutex warning: *** lwmutex created [] (attribute=0x12): sq_id = 56
[W : PPU[1] Thread (CPUThread)[0x00f4c034]]: sys_lwmutex warning: *** lwmutex created [] (attribute=0x12): sq_id = 57
[W : PPU[1] Thread (CPUThread)[0x00f4c034]]: sys_lwmutex warning: *** lwmutex created [] (attribute=0x12): sq_id = 58
[W : PPU[1] Thread (CPUThread)[0x00f4c034]]: sys_lwmutex warning: *** lwmutex created [] (attribute=0x12): sq_id = 59
[W : PPU[1] Thread (CPUThread)[0x00f4c034]]: sys_lwmutex warning: *** lwmutex created [] (attribute=0x12): sq_id = 60
[W : PPU[1] Thread (CPUThread)[0x00f4c034]]: sys_lwmutex warning: *** lwmutex created [] (attribute=0x12): sq_id = 61
[W : PPU[1] Thread (CPUThread)[0x00f4c034]]: sys_lwmutex warning: *** lwmutex created [] (attribute=0x12): sq_id = 62
[W : PPU[1] Thread (CPUThread)[0x00f4c034]]: sys_lwmutex warning: *** lwmutex created [] (attribute=0x12): sq_id = 63
[W : PPU[1] Thread (CPUThread)[0x00f4c034]]: sys_lwmutex warning: *** lwmutex created [] (attribute=0x12): sq_id = 64
[W : PPU[1] Thread (CPUThread)[0x00f4c034]]: sys_lwmutex warning: *** lwmutex created [] (attribute=0x12): sq_id = 65
[W : PPU[1] Thread (CPUThread)[0x00f4c034]]: sys_lwmutex warning: *** lwmutex created [] (attribute=0x12): sq_id = 66
[W : PPU[1] Thread (CPUThread)[0x00f4c034]]: sys_lwmutex warning: *** lwmutex created [] (attribute=0x12): sq_id = 67
[W : PPU[1] Thread (CPUThread)[0x00f4c034]]: sys_lwmutex warning: *** lwmutex created [] (attribute=0x12): sq_id = 68
[W : PPU[1] Thread (CPUThread)[0x00f4c034]]: sys_lwmutex warning: *** lwmutex created [] (attribute=0x12): sq_id = 69
[W : PPU[1] Thread (CPUThread)[0x00f4c034]]: sys_lwmutex warning: *** lwmutex created [] (attribute=0x12): sq_id = 70
[W : PPU[1] Thread (CPUThread)[0x00f4c034]]: sys_lwmutex warning: *** lwmutex created [] (attribute=0x12): sq_id = 71
[W : PPU[1] Thread (CPUThread)[0x00f4c034]]: sys_lwmutex warning: *** lwmutex created [] (attribute=0x12): sq_id = 72
[W : PPU[1] Thread (CPUThread)[0x00f4c034]]: sys_lwmutex warning: *** lwmutex created [] (attribute=0x12): sq_id = 73
[W : PPU[1] Thread (CPUThread)[0x00f4c034]]: sys_lwmutex warning: *** lwmutex created [] (attribute=0x12): sq_id = 74
[W : PPU[1] Thread (CPUThread)[0x00f4401c]]: cellSysmodule warning: cellSysmoduleIsLoaded(CELL_SYSMODULE_FIBER)
[E : PPU[1] Thread (CPUThread)[0x01157058]]: TODO: _cellFiberPpuInitialize
[W : PPU[1] Thread (CPUThread)[0x00f4c034]]: sys_lwmutex warning: *** lwmutex created [] (attribute=0x12): sq_id = 75
[W : PPU[1] Thread (CPUThread)[0x00f4c034]]: sys_lwmutex warning: *** lwmutex created [] (attribute=0x12): sq_id = 76
[W : PPU[1] Thread (CPUThread)[0x00f4c034]]: sys_lwmutex warning: *** lwmutex created [] (attribute=0x12): sq_id = 77
[W : PPU[1] Thread (CPUThread)[0x00f4c034]]: sys_lwmutex warning: *** lwmutex created [] (attribute=0x12): sq_id = 78
[W : PPU[1] Thread (CPUThread)[0x00f4c034]]: sys_lwmutex warning: *** lwmutex created [] (attribute=0x12): sq_id = 79
[E : PPU[1] Thread (CPUThread)[0x00f4a034]]: cellSpurs error: _cellSpursAttributeInitialize(attr_addr=0xd001e240, nSpus=2, spuPriority=3342336, ppuPriority=1, exitIfNoWork=27)
[E : PPU[1] Thread (CPUThread)[0x00f4a004]]: cellSpurs error: cellSpursAttributeSetNamePrefix(attr_addr=0xd001e240, prefix_addr=0xd3a2cc, size=0x6)
[E : PPU[1] Thread (CPUThread)[0x00f4a010]]: cellSpurs error: cellSpursInitializeWithAttribute2(spurs_addr=0x36530080, spurs_addr=0xd001e240)
[E : PPU[1] Thread (CPUThread)[0x00f4a034]]: cellSpurs error: _cellSpursAttributeInitialize(attr_addr=0xd001e240, nSpus=2, spuPriority=3342336, ppuPriority=1, exitIfNoWork=27)
[E : PPU[1] Thread (CPUThread)[0x00f4a004]]: cellSpurs error: cellSpursAttributeSetNamePrefix(attr_addr=0xd001e240, prefix_addr=0xd3a2d4, size=0x8)
[E : PPU[1] Thread (CPUThread)[0x00f4a010]]: cellSpurs error: cellSpursInitializeWithAttribute2(spurs_addr=0x36540080, spurs_addr=0xd001e240)
[E : PPU[1] Thread (CPUThread)[0x00f4a034]]: cellSpurs error: _cellSpursAttributeInitialize(attr_addr=0xd001e240, nSpus=2, spuPriority=3342336, ppuPriority=1, exitIfNoWork=27)
[E : PPU[1] Thread (CPUThread)[0x00f4a004]]: cellSpurs error: cellSpursAttributeSetNamePrefix(attr_addr=0xd001e240, prefix_addr=0xd3a2e4, size=0x9)
[E : PPU[1] Thread (CPUThread)[0x00f4a010]]: cellSpurs error: cellSpursInitializeWithAttribute2(spurs_addr=0x36550080, spurs_addr=0xd001e240)
[E : PPU[1] Thread (CPUThread)[0x00f4a034]]: cellSpurs error: _cellSpursAttributeInitialize(attr_addr=0xd001e240, nSpus=2, spuPriority=3342336, ppuPriority=5, exitIfNoWork=25)
[E : PPU[1] Thread (CPUThread)[0x00f4a004]]: cellSpurs error: cellSpursAttributeSetNamePrefix(attr_addr=0xd001e240, prefix_addr=0xd3a2f4, size=0x9)
[E : PPU[1] Thread (CPUThread)[0x00f4a010]]: cellSpurs error: cellSpursInitializeWithAttribute2(spurs_addr=0x36560080, spurs_addr=0xd001e240)
[E : PPU[1] Thread (CPUThread)[0x00f4a034]]: cellSpurs error: _cellSpursAttributeInitialize(attr_addr=0xd001e240, nSpus=2, spuPriority=3342336, ppuPriority=1, exitIfNoWork=30)
[E : PPU[1] Thread (CPUThread)[0x00f4a004]]: cellSpurs error: cellSpursAttributeSetNamePrefix(attr_addr=0xd001e240, prefix_addr=0xd3a304, size=0x9)
[E : PPU[1] Thread (CPUThread)[0x00f4a010]]: cellSpurs error: cellSpursInitializeWithAttribute2(spurs_addr=0x36510300, spurs_addr=0xd001e240)
[W : PPU[1] Thread (CPUThread)[0x00f4c034]]: sys_lwmutex warning: *** lwmutex created [] (attribute=0x12): sq_id = 80
[E : PPU[1] Thread (CPUThread)[0x00f4a040]]: cellSpurs error: cellSpursGetNumSpuThread(spurs_addr=0x36560080, nThreads_addr=0xd001e0b0)
[E : PPU[1] Thread (CPUThread)[0x00f4a1a8]]: TODO: _cellSpursTasksetAttribute2Initialize
[E : PPU[1] Thread (CPUThread)[0x00f4a0c4]]: TODO: cellSpursCreateTaskset2
[E : PPU[1] Thread (CPUThread)[0x00f4a1cc]]: TODO: cellSpursGetTasksetId
[E : PPU[1] Thread (CPUThread)[0x00f4a0e8]]: TODO: cellSpursTasksetGetSpursAddress
[E : PPU[1] Thread (CPUThread)[0x00f4a028]]: cellSpurs error: cellSpursSetPriorities(spurs_addr=0x0, workloadId=0, priorities[83173888])
[W : PPU[1] Thread (CPUThread)[0x00f4c034]]: sys_lwmutex warning: *** lwmutex created [] (attribute=0x12): sq_id = 81
[E : PPU[1] Thread (CPUThread)[0x00f4a040]]: cellSpurs error: cellSpursGetNumSpuThread(spurs_addr=0x36560080, nThreads_addr=0xd001e0b0)
[E : PPU[1] Thread (CPUThread)[0x00f4a1a8]]: TODO: _cellSpursTasksetAttribute2Initialize
[E : PPU[1] Thread (CPUThread)[0x00f4a0c4]]: TODO: cellSpursCreateTaskset2
[E : PPU[1] Thread (CPUThread)[0x00f4a1cc]]: TODO: cellSpursGetTasksetId
[E : PPU[1] Thread (CPUThread)[0x00f4a0e8]]: TODO: cellSpursTasksetGetSpursAddress
[E : PPU[1] Thread (CPUThread)[0x00f4a028]]: cellSpurs error: cellSpursSetPriorities(spurs_addr=0x0, workloadId=0, priorities[83173888])
[W : PPU[1] Thread (CPUThread)[0x00f4c034]]: sys_lwmutex warning: *** lwmutex created [] (attribute=0x12): sq_id = 82
[E : PPU[1] Thread (CPUThread)[0x00f4a040]]: cellSpurs error: cellSpursGetNumSpuThread(spurs_addr=0x36560080, nThreads_addr=0xd001e0b0)
[E : PPU[1] Thread (CPUThread)[0x00f4a1a8]]: TODO: _cellSpursTasksetAttribute2Initialize
[E : PPU[1] Thread (CPUThread)[0x00f4a0c4]]: TODO: cellSpursCreateTaskset2
[E : PPU[1] Thread (CPUThread)[0x00f4a1cc]]: TODO: cellSpursGetTasksetId
[E : PPU[1] Thread (CPUThread)[0x00f4a0e8]]: TODO: cellSpursTasksetGetSpursAddress
[E : PPU[1] Thread (CPUThread)[0x00f4a028]]: cellSpurs error: cellSpursSetPriorities(spurs_addr=0x0, workloadId=0, priorities[83173888])
[W : PPU[1] Thread (CPUThread)[0x00f4c034]]: sys_lwmutex warning: *** lwmutex created [] (attribute=0x12): sq_id = 83
[E : PPU[1] Thread (CPUThread)[0x00f4a040]]: cellSpurs error: cellSpursGetNumSpuThread(spurs_addr=0x36560080, nThreads_addr=0xd001de90)
[E : PPU[1] Thread (CPUThread)[0x00f4a094]]: TODO: _cellSpursJobChainAttributeInitialize
[E : PPU[1] Thread (CPUThread)[0x00f4a184]]: TODO: cellSpursJobChainAttributeSetName
[E : PPU[1] Thread (CPUThread)[0x00f4a088]]: TODO: cellSpursCreateJobChainWithAttribute
[E : PPU[1] Thread (CPUThread)[0x00f4a13c]]: TODO: cellSpursGetJobChainId
[E : PPU[1] Thread (CPUThread)[0x00f4a0b8]]: TODO: cellSpursJobChainGetSpursAddress
[E : PPU[1] Thread (CPUThread)[0x00f4a028]]: cellSpurs error: cellSpursSetPriorities(spurs_addr=0x0, workloadId=0, priorities[83173344])
[W : PPU[1] Thread (CPUThread)[0x00f4c034]]: sys_lwmutex warning: *** lwmutex created [] (attribute=0x12): sq_id = 84
[E : PPU[1] Thread (CPUThread)[0x00f4a040]]: cellSpurs error: cellSpursGetNumSpuThread(spurs_addr=0x36560080, nThreads_addr=0xd001de90)
[E : PPU[1] Thread (CPUThread)[0x00f4a094]]: TODO: _cellSpursJobChainAttributeInitialize
[E : PPU[1] Thread (CPUThread)[0x00f4a184]]: TODO: cellSpursJobChainAttributeSetName
[E : PPU[1] Thread (CPUThread)[0x00f4a088]]: TODO: cellSpursCreateJobChainWithAttribute
[E : PPU[1] Thread (CPUThread)[0x00f4a13c]]: TODO: cellSpursGetJobChainId
[E : PPU[1] Thread (CPUThread)[0x00f4a0b8]]: TODO: cellSpursJobChainGetSpursAddress
[E : PPU[1] Thread (CPUThread)[0x00f4a028]]: cellSpurs error: cellSpursSetPriorities(spurs_addr=0x0, workloadId=0, priorities[83173344])
[W : PPU[1] Thread (CPUThread)[0x00f4c034]]: sys_lwmutex warning: *** lwmutex created [] (attribute=0x12): sq_id = 85
[E : PPU[1] Thread (CPUThread)[0x00f4a040]]: cellSpurs error: cellSpursGetNumSpuThread(spurs_addr=0x36550080, nThreads_addr=0xd001de90)
[E : PPU[1] Thread (CPUThread)[0x00f4a094]]: TODO: _cellSpursJobChainAttributeInitialize
[E : PPU[1] Thread (CPUThread)[0x00f4a184]]: TODO: cellSpursJobChainAttributeSetName
[E : PPU[1] Thread (CPUThread)[0x00f4a088]]: TODO: cellSpursCreateJobChainWithAttribute
[E : PPU[1] Thread (CPUThread)[0x00f4a13c]]: TODO: cellSpursGetJobChainId
[E : PPU[1] Thread (CPUThread)[0x00f4a0b8]]: TODO: cellSpursJobChainGetSpursAddress
[E : PPU[1] Thread (CPUThread)[0x00f4a028]]: cellSpurs error: cellSpursSetPriorities(spurs_addr=0x0, workloadId=0, priorities[83173344])
[W : PPU[1] Thread (CPUThread)[0x00f4c034]]: sys_lwmutex warning: *** lwmutex created [] (attribute=0x12): sq_id = 86
[E : PPU[1] Thread (CPUThread)[0x00f4a040]]: cellSpurs error: cellSpursGetNumSpuThread(spurs_addr=0x36560080, nThreads_addr=0xd001de90)
[E : PPU[1] Thread (CPUThread)[0x00f4a094]]: TODO: _cellSpursJobChainAttributeInitialize
[E : PPU[1] Thread (CPUThread)[0x00f4a184]]: TODO: cellSpursJobChainAttributeSetName
[E : PPU[1] Thread (CPUThread)[0x00f4a088]]: TODO: cellSpursCreateJobChainWithAttribute
[E : PPU[1] Thread (CPUThread)[0x00f4a13c]]: TODO: cellSpursGetJobChainId
[E : PPU[1] Thread (CPUThread)[0x00f4a0b8]]: TODO: cellSpursJobChainGetSpursAddress
[E : PPU[1] Thread (CPUThread)[0x00f4a028]]: cellSpurs error: cellSpursSetPriorities(spurs_addr=0x0, workloadId=0, priorities[83173344])
[W : PPU[1] Thread (CPUThread)[0x00f4c034]]: sys_lwmutex warning: *** lwmutex created [] (attribute=0x12): sq_id = 87
[E : PPU[1] Thread (CPUThread)[0x00f4a040]]: cellSpurs error: cellSpursGetNumSpuThread(spurs_addr=0x36560080, nThreads_addr=0xd001de90)
[E : PPU[1] Thread (CPUThread)[0x00f4a094]]: TODO: _cellSpursJobChainAttributeInitialize
[E : PPU[1] Thread (CPUThread)[0x00f4a184]]: TODO: cellSpursJobChainAttributeSetName
[E : PPU[1] Thread (CPUThread)[0x00f4a088]]: TODO: cellSpursCreateJobChainWithAttribute
[E : PPU[1] Thread (CPUThread)[0x00f4a13c]]: TODO: cellSpursGetJobChainId
[E : PPU[1] Thread (CPUThread)[0x00f4a0b8]]: TODO: cellSpursJobChainGetSpursAddress
[E : PPU[1] Thread (CPUThread)[0x00f4a028]]: cellSpurs error: cellSpursSetPriorities(spurs_addr=0x0, workloadId=0, priorities[83173344])
[W : PPU[1] Thread (CPUThread)[0x00f4c034]]: sys_lwmutex warning: *** lwmutex created [] (attribute=0x12): sq_id = 88
[E : PPU[1] Thread (CPUThread)[0x00f4a040]]: cellSpurs error: cellSpursGetNumSpuThread(spurs_addr=0x36560080, nThreads_addr=0xd001de90)
[E : PPU[1] Thread (CPUThread)[0x00f4a094]]: TODO: _cellSpursJobChainAttributeInitialize
[E : PPU[1] Thread (CPUThread)[0x00f4a184]]: TODO: cellSpursJobChainAttributeSetName
[E : PPU[1] Thread (CPUThread)[0x00f4a088]]: TODO: cellSpursCreateJobChainWithAttribute
[E : PPU[1] Thread (CPUThread)[0x00f4a13c]]: TODO: cellSpursGetJobChainId
[E : PPU[1] Thread (CPUThread)[0x00f4a0b8]]: TODO: cellSpursJobChainGetSpursAddress
[E : PPU[1] Thread (CPUThread)[0x00f4a028]]: cellSpurs error: cellSpursSetPriorities(spurs_addr=0x0, workloadId=0, priorities[83173344])
[W : PPU[1] Thread (CPUThread)[0x00f4c034]]: sys_lwmutex warning: *** lwmutex created [] (attribute=0x12): sq_id = 89
[E : PPU[1] Thread (CPUThread)[0x00f4a040]]: cellSpurs error: cellSpursGetNumSpuThread(spurs_addr=0x36510300, nThreads_addr=0xd001de90)
[E : PPU[1] Thread (CPUThread)[0x00f4a094]]: TODO: _cellSpursJobChainAttributeInitialize
[E : PPU[1] Thread (CPUThread)[0x00f4a184]]: TODO: cellSpursJobChainAttributeSetName
[E : PPU[1] Thread (CPUThread)[0x00f4a088]]: TODO: cellSpursCreateJobChainWithAttribute
[E : PPU[1] Thread (CPUThread)[0x00f4a13c]]: TODO: cellSpursGetJobChainId
[E : PPU[1] Thread (CPUThread)[0x00f4a0b8]]: TODO: cellSpursJobChainGetSpursAddress
[E : PPU[1] Thread (CPUThread)[0x00f4a028]]: cellSpurs error: cellSpursSetPriorities(spurs_addr=0x0, workloadId=0, priorities[83173344])
[W : PPU[1] Thread (CPUThread)[0x00f4c034]]: sys_lwmutex warning: *** lwmutex created [] (attribute=0x12): sq_id = 90
[W : PPU[1] Thread (CPUThread)[0x006f7534]]: sys_event warning: sys_event_queue_create(equeue_id_addr=0x3a195a88, attr_addr=0xd001e3e4, event_queue_key=0x0, size=16)
[W : PPU[1] Thread (CPUThread)[0x006f7534]]: sys_event warning: *** event_queue created [evq] (protocol=0x2, type=0x1): id = 91
[E : PPU[1] Thread (CPUThread)[0x00f4a100]]: cellSpurs error: cellSpursGetSpuThreadId(spurs_addr=0x36560080, thread_addr=0xd001e3f4, nThreads_addr=0xd001e3e0)
[W : PPU[1] Thread (CPUThread)[0x006f75a4]]: sys_spu warning: sys_spu_thread_connect_event(id=7, eq_id=91, event_type=0x1, spup=2)
[W : PPU[1] Thread (CPUThread)[0x006f75a4]]: sys_spu warning: sys_spu_thread_connect_event(id=0, eq_id=91, event_type=0x1, spup=2)
[W : PPU[1] Thread (CPUThread)[0x006f75a4]]: sys_spu warning: sys_spu_thread_connect_event(id=29, eq_id=91, event_type=0x1, spup=2)
[W : PPU[1] Thread (CPUThread)[0x006f75a4]]: sys_spu warning: sys_spu_thread_connect_event(id=0, eq_id=91, event_type=0x1, spup=2)
[W : PPU[1] Thread (CPUThread)[0x006f75a4]]: sys_spu warning: sys_spu_thread_connect_event(id=806355384, eq_id=91, event_type=0x1, spup=2)
[W : PPU[1] Thread (CPUThread)[0x006f75a4]]: sys_spu warning: sys_spu_thread_connect_event(id=0, eq_id=91, event_type=0x1, spup=2)
[W : PPU[1] Thread (CPUThread)[0x006f75a4]]: sys_spu warning: sys_spu_thread_connect_event(id=16970860, eq_id=91, event_type=0x1, spup=2)
[W : PPU[1] Thread (CPUThread)[0x006f75a4]]: sys_spu warning: sys_spu_thread_connect_event(id=0, eq_id=91, event_type=0x1, spup=2)
[W : PPU[1] Thread (CPUThread)[0x00f4c034]]: sys_lwmutex warning: *** lwmutex created [] (attribute=0x12): sq_id = 93
[W : PPU[1] Thread (CPUThread)[0x00f46124]]: cellSysutil warning: cellVideoOutGetResolutionAvailability(videoOut=0, resolutionId=0x0, option_addr=0x0, aspect=0x0, option=0x769480)
[W : PPU[1] Thread (CPUThread)[0x00f46124]]: cellSysutil warning: cellVideoOutGetResolutionAvailability(videoOut=0, resolutionId=0x4, option_addr=0x1, aspect=0x0, option=0x768680)
[W : PPU[1] Thread (CPUThread)[0x00f46124]]: cellSysutil warning: cellVideoOutGetResolutionAvailability(videoOut=0, resolutionId=0x4, option_addr=0x2, aspect=0x0, option=0x768880)
[W : PPU[1] Thread (CPUThread)[0x00f46124]]: cellSysutil warning: cellVideoOutGetResolutionAvailability(videoOut=0, resolutionId=0x5, option_addr=0x1, aspect=0x0, option=0x768680)
[W : PPU[1] Thread (CPUThread)[0x00f46124]]: cellSysutil warning: cellVideoOutGetResolutionAvailability(videoOut=0, resolutionId=0x5, option_addr=0x2, aspect=0x0, option=0x76a080)
[W : PPU[1] Thread (CPUThread)[0x00f46124]]: cellSysutil warning: cellVideoOutGetResolutionAvailability(videoOut=0, resolutionId=0x2, option_addr=0x2, aspect=0x0, option=0x769480)
[W : PPU[1] Thread (CPUThread)[0x00f46124]]: cellSysutil warning: cellVideoOutGetResolutionAvailability(videoOut=0, resolutionId=0xd, option_addr=0x2, aspect=0x0, option=0x768d80)
[W : PPU[1] Thread (CPUThread)[0x00f46124]]: cellSysutil warning: cellVideoOutGetResolutionAvailability(videoOut=0, resolutionId=0xc, option_addr=0x2, aspect=0x0, option=0x767e80)
[W : PPU[1] Thread (CPUThread)[0x00f46124]]: cellSysutil warning: cellVideoOutGetResolutionAvailability(videoOut=0, resolutionId=0xb, option_addr=0x2, aspect=0x0, option=0x76b280)
[W : PPU[1] Thread (CPUThread)[0x00f46124]]: cellSysutil warning: cellVideoOutGetResolutionAvailability(videoOut=0, resolutionId=0xa, option_addr=0x2, aspect=0x0, option=0x768880)
[W : PPU[1] Thread (CPUThread)[0x00f46124]]: cellSysutil warning: cellVideoOutGetResolutionAvailability(videoOut=0, resolutionId=0x1, option_addr=0x2, aspect=0x0, option=0x768d80)
[W : PPU[1] Thread (CPUThread)[0x00f46124]]: cellSysutil warning: cellVideoOutGetResolutionAvailability(videoOut=0, resolutionId=0x81, option_addr=0x2, aspect=0x0, option=0x76a980)
[W : PPU[1] Thread (CPUThread)[0x00f46124]]: cellSysutil warning: cellVideoOutGetResolutionAvailability(videoOut=0, resolutionId=0x88, option_addr=0x2, aspect=0x0, option=0x768680)
[W : PPU[1] Thread (CPUThread)[0x00f46124]]: cellSysutil warning: cellVideoOutGetResolutionAvailability(videoOut=0, resolutionId=0x89, option_addr=0x2, aspect=0x0, option=0x768f80)
[W : PPU[1] Thread (CPUThread)[0x00f46124]]: cellSysutil warning: cellVideoOutGetResolutionAvailability(videoOut=0, resolutionId=0x8a, option_addr=0x2, aspect=0x0, option=0x769480)
[W : PPU[1] Thread (CPUThread)[0x00f46124]]: cellSysutil warning: cellVideoOutGetResolutionAvailability(videoOut=0, resolutionId=0x8b, option_addr=0x2, aspect=0x0, option=0x768880)
[W : PPU[1] Thread (CPUThread)[0x01141004]]: cellGcmSys warning: cellGcmGetTiledPitchSize(size=5120)
[W : PPU[1] Thread (CPUThread)[0x00f460d0]]: cellSysutil warning: cellVideoOutConfigure(videoOut=0, config_addr=0xd001e0f0, option_addr=0x0, waitForEvent=0x0)
[W : PPU[1] Thread (CPUThread)[0x01141028]]: cellGcmSys warning: cellGcmInit(context_addr=0x10f5188,cmdSize=0xff000,ioSize=0x100000,ioAddress=0x36a00000)
[W : PPU[1] Thread (CPUThread)[0x01141028]]: cellGcmSys warning: *** local memory(addr=0xc0000000, size=0xf900000)
[W : PPU[1] Thread (CPUThread)[0x01141028]]: cellGcmSys warning: cellGcmMapEaIoAddress(ea=0x36a00000, io=0x0, size=0x100000)
[! : RSXThread]: RSX thread entry
[W : PPU[1] Thread (CPUThread)[0x00f4c034]]: sys_lwmutex warning: *** lwmutex created [] (attribute=0x12): sq_id = 94
[W : PPU[1] Thread (CPUThread)[0x011410c4]]: cellGcmSys warning: cellGcmMapMainMemory(ea=0x38e00000,size=0xc00000,offset_addr=0xd001e1f0)
[W : PPU[1] Thread (CPUThread)[0x0114107c]]: cellGcmSys warning: cellGcmMapEaIoAddress(ea=0x36d00000, io=0xe000000, size=0x100000)
[W : PPU[1] Thread (CPUThread)[0x01141004]]: cellGcmSys warning: cellGcmGetTiledPitchSize(size=5120)
[W : PPU[1] Thread (CPUThread)[0x01141124]]: cellGcmSys warning: cellGcmSetTileInfo(index=0, location=0, offset=65536, size=40632320, pitch=5120, comp=7, base=0, bank=0)
[E : PPU[1] Thread (CPUThread)[0x01141124]]: cellGcmSys error: cellGcmSetTileInfo: bad comp! (7)
[W : PPU[1] Thread (CPUThread)[0x011410dc]]: cellGcmSys warning: cellGcmSetDisplayBuffer(id=0x0,offset=0x10000,pitch=4,width=1280,height=720)
[W : PPU[1] Thread (CPUThread)[0x011410dc]]: cellGcmSys warning: cellGcmSetDisplayBuffer(id=0x1,offset=0x718000,pitch=4,width=1280,height=720)
[W : PPU[1] Thread (CPUThread)[0x011410dc]]: cellGcmSys warning: cellGcmSetDisplayBuffer(id=0x2,offset=0x394000,pitch=4,width=1280,height=720)
[W : PPU[1] Thread (CPUThread)[0x01141004]]: cellGcmSys warning: cellGcmGetTiledPitchSize(size=5120)
[W : PPU[1] Thread (CPUThread)[0x01141124]]: cellGcmSys warning: cellGcmSetTileInfo(index=1, location=0, offset=40763392, size=3801088, pitch=5120, comp=10, base=620, bank=1)
[E : PPU[1] Thread (CPUThread)[0x01141124]]: cellGcmSys error: cellGcmSetTileInfo: bad comp! (10)
[W : PPU[1] Thread (CPUThread)[0x01141004]]: cellGcmSys warning: cellGcmGetTiledPitchSize(size=2560)
[W : PPU[1] Thread (CPUThread)[0x01141124]]: cellGcmSys warning: cellGcmSetTileInfo(index=2, location=0, offset=44630016, size=983040, pitch=2560, comp=7, base=678, bank=0)
[E : PPU[1] Thread (CPUThread)[0x01141124]]: cellGcmSys error: cellGcmSetTileInfo: bad comp! (7)
[W : PPU[1] Thread (CPUThread)[0x01141004]]: cellGcmSys warning: cellGcmGetTiledPitchSize(size=2560)
[W : PPU[1] Thread (CPUThread)[0x01141004]]: cellGcmSys warning: cellGcmGetTiledPitchSize(size=2560)
[W : PPU[1] Thread (CPUThread)[0x01141124]]: cellGcmSys warning: cellGcmSetTileInfo(index=3, location=0, offset=46727168, size=1441792, pitch=2560, comp=7, base=693, bank=0)
[E : PPU[1] Thread (CPUThread)[0x01141124]]: cellGcmSys error: cellGcmSetTileInfo: bad comp! (7)
[W : PPU[1] Thread (CPUThread)[0x01141064]]: cellGcmSys warning: cellGcmSetFlipMode(mode=2)
[E : PPU[1] Thread (CPUThread)[0x00f4a0b8]]: TODO: cellSpursJobChainGetSpursAddress
[E : PPU[1] Thread (CPUThread)[0x00f4a0f4]]: TODO: _cellSpursEventFlagInitialize
[E : PPU[1] Thread (CPUThread)[0x00f4a148]]: TODO: cellSpursEventFlagAttachLv2EventQueue
[E : PPU[1] Thread (CPUThread)[0x00f4a0b8]]: TODO: cellSpursJobChainGetSpursAddress
[E : PPU[1] Thread (CPUThread)[0x00f4a0f4]]: TODO: _cellSpursEventFlagInitialize
[E : PPU[1] Thread (CPUThread)[0x00f4a148]]: TODO: cellSpursEventFlagAttachLv2EventQueue
[E : PPU[1] Thread (CPUThread)[0x00f4a0e8]]: TODO: cellSpursTasksetGetSpursAddress
[E : PPU[1] Thread (CPUThread)[0x00f4a040]]: cellSpurs error: cellSpursGetNumSpuThread(spurs_addr=0x0, nThreads_addr=0xd001e0a0)
[E : PPU[1] Thread (CPUThread)[0x00f4a0b8]]: TODO: cellSpursJobChainGetSpursAddress
[E : PPU[1] Thread (CPUThread)[0x00f4a0f4]]: TODO: _cellSpursEventFlagInitialize
[E : PPU[1] Thread (CPUThread)[0x00f4a148]]: TODO: cellSpursEventFlagAttachLv2EventQueue
[W : PPU[1] Thread (CPUThread)[0x01141058]]: cellGcmSys warning: cellGcmBindTile(index=0)
[W : PPU[1] Thread (CPUThread)[0x01141058]]: cellGcmSys warning: cellGcmBindTile(index=1)
[W : PPU[1] Thread (CPUThread)[0x01141058]]: cellGcmSys warning: cellGcmBindTile(index=2)
[W : PPU[1] Thread (CPUThread)[0x01141058]]: cellGcmSys warning: cellGcmBindTile(index=3)
[W : PPU[1] Thread (CPUThread)[0x01141010]]: cellGcmSys warning: cellGcmSetUserHandler(handler=0xf8d290)
[W : PPU[1] Thread (CPUThread)[0x00f4c034]]: sys_lwmutex warning: *** lwmutex created [] (attribute=0x12): sq_id = 95
[W : PPU[1] Thread (CPUThread)[0x00f44010]]: cellSysmodule warning: cellSysmoduleLoadModule(CELL_SYSMODULE_SYSUTIL_GAME)
[W : PPU[1] Thread (CPUThread)[0x00f4e058]]: cellGame warning: cellGameBootCheck(type_addr=0xd001ddf0, attributes_addr=0xd001ddf4, size_addr=0xd001ddfc, dirName_addr=0xd001e290)
[W : PPU[1] Thread (CPUThread)[0x00f4e034]]: cellGame warning: cellGameGetParamInt(id=102, value_addr=0xd001ddf8)
[W : PPU[1] Thread (CPUThread)[0x00f4e004]]: cellGame warning: cellGameGetParamString(id=100, buf_addr=0xd001e280, bufsize=10)
[W : PPU[1] Thread (CPUThread)[0x00f4e01c]]: cellGame warning: cellGameContentPermit(contentInfoPath_addr=0xd001e2b0, usrdirPath_addr=0xd001e330)
[W : PPU[1] Thread (CPUThread)[0x00f46028]]: vfsLocalFile::Create('D:\Emulateurs\Rpcs3\dev_hdd1\cache\TEST99999\')
[W : PPU[1] Thread (CPUThread)[0x0067cf98]]: sys_event warning: sys_event_port_create(eport_id_addr=0x365384f0, port_type=0x1, name=0x0)
[W : PPU[1] Thread (CPUThread)[0x0067cf98]]: sys_event warning: *** sys_event_port created: id = 96
[W : PPU[1] Thread (CPUThread)[0x0067d0f4]]: sys_event warning: sys_event_queue_create(equeue_id_addr=0x365384f4, attr_addr=0xd001e440, event_queue_key=0x0, size=64)
[W : PPU[1] Thread (CPUThread)[0x0067d0f4]]: sys_event warning: *** event_queue created [] (protocol=0x2, type=0x1): id = 97
[W : PPU[1] Thread (CPUThread)[0x0067d10c]]: sys_event warning: sys_event_port_connect_local(eport_id=96, equeue_id=97)
[W : PPU[1] Thread (CPUThread)[0x00f4c034]]: sys_lwmutex warning: *** lwmutex created [] (attribute=0x12): sq_id = 99
[W : PPU[1] Thread (CPUThread)[0x00f4c034]]: sys_lwmutex warning: *** lwmutex created [] (attribute=0x12): sq_id = 100
[W : PPU[1] Thread (CPUThread)[0x00f4c034]]: sys_lwmutex warning: *** lwmutex created [] (attribute=0x12): sq_id = 101
[W : PPU[1] Thread (CPUThread)[0x00f4c034]]: sys_lwmutex warning: *** lwmutex created [] (attribute=0x12): sq_id = 102
[W : PPU[1] Thread (CPUThread)[0x00f4c034]]: sys_lwmutex warning: *** lwmutex created [] (attribute=0x12): sq_id = 103
[W : PPU[1] Thread (CPUThread)[0x009f7470]]: sys_event warning: sys_event_queue_create(equeue_id_addr=0x375a51b0, attr_addr=0xd001e3d0, event_queue_key=0x0, size=1)
[W : PPU[1] Thread (CPUThread)[0x009f7470]]: sys_event warning: *** event_queue created [] (protocol=0x2, type=0x1): id = 105
[W : PPU[1] Thread (CPUThread)[0x009f7488]]: sys_event warning: sys_event_port_create(eport_id_addr=0x375a51b8, port_type=0x1, name=0x0)
[W : PPU[1] Thread (CPUThread)[0x009f7488]]: sys_event warning: *** sys_event_port created: id = 106
[W : PPU[1] Thread (CPUThread)[0x009f74a0]]: sys_event warning: sys_event_port_connect_local(eport_id=106, equeue_id=105)
[W : PPU[1] Thread (CPUThread)[0x009f74c8]]: sys_event warning: sys_event_queue_create(equeue_id_addr=0x375a51c0, attr_addr=0xd001e3d0, event_queue_key=0x0, size=1)
[W : PPU[1] Thread (CPUThread)[0x009f74c8]]: sys_event warning: *** event_queue created [] (protocol=0x2, type=0x1): id = 107
[W : PPU[1] Thread (CPUThread)[0x009f7470]]: sys_event warning: sys_event_queue_create(equeue_id_addr=0x375a51b4, attr_addr=0xd001e3d0, event_queue_key=0x0, size=1)
[W : PPU[108] Thread (decodeProc)[0x009fce7c]]: sys_event warning: sys_event_port_create(eport_id_addr=0x375a51c8, port_type=0x1, name=0x0)
[W : PPU[1] Thread (CPUThread)[0x009f7470]]: sys_event warning: *** event_queue created [] (protocol=0x2, type=0x1): id = 109
[W : PPU[108] Thread (decodeProc)[0x009fce7c]]: sys_event warning: *** sys_event_port created: id = 110
[W : PPU[1] Thread (CPUThread)[0x009f7488]]: sys_event warning: sys_event_port_create(eport_id_addr=0x375a51bc, port_type=0x1, name=0x0)
[W : PPU[108] Thread (decodeProc)[0x009fceac]]: sys_event warning: sys_event_port_connect_local(eport_id=110, equeue_id=107)
[W : PPU[1] Thread (CPUThread)[0x009f7488]]: sys_event warning: *** sys_event_port created: id = 111
[W : PPU[1] Thread (CPUThread)[0x009f74a0]]: sys_event warning: sys_event_port_connect_local(eport_id=111, equeue_id=109)
[W : PPU[1] Thread (CPUThread)[0x009f74c8]]: sys_event warning: sys_event_queue_create(equeue_id_addr=0x375a51c4, attr_addr=0xd001e3d0, event_queue_key=0x0, size=1)
[W : PPU[1] Thread (CPUThread)[0x009f74c8]]: sys_event warning: *** event_queue created [] (protocol=0x2, type=0x1): id = 112
[W : PPU[113] Thread (decodeProc)[0x009fce7c]]: sys_event warning: sys_event_port_create(eport_id_addr=0x375a51cc, port_type=0x1, name=0x0)
[W : PPU[113] Thread (decodeProc)[0x009fce7c]]: sys_event warning: *** sys_event_port created: id = 114
[W : PPU[113] Thread (decodeProc)[0x009fceac]]: sys_event warning: sys_event_port_connect_local(eport_id=114, equeue_id=112)
[W : PPU[1] Thread (CPUThread)[0x00f4c034]]: sys_lwmutex warning: *** lwmutex created [] (attribute=0x12): sq_id = 115
[W : PPU[1] Thread (CPUThread)[0x00f4c034]]: sys_lwmutex warning: *** lwmutex created [] (attribute=0x12): sq_id = 116
[W : PPU[1] Thread (CPUThread)[0x00f4c034]]: sys_lwmutex warning: *** lwmutex created [] (attribute=0x12): sq_id = 117
[W : PPU[1] Thread (CPUThread)[0x00f4c034]]: sys_lwmutex warning: *** lwmutex created [] (attribute=0x12): sq_id = 118
[W : PPU[1] Thread (CPUThread)[0x00f4804c]]: *** cellFsOpen(path="/dev_bdvd/PS3_GAME/USRDIR/nativePS3/UserShader/UserShaderPackage.mfx"): fd = 119
[W : PPU[98] Thread (closeAsync)[0x00f4801c]]: sys_fs warning: cellFsClose(fd=119)
[W : PPU[1] Thread (CPUThread)[0x00f4804c]]: *** cellFsOpen(path="/dev_bdvd/PS3_GAME/USRDIR/nativePS3/sa/PS3/root.arc"): fd = 120
[W : PPU[1] Thread (CPUThread)[0x00a71a88]]: memory warning: sys_memory_get_page_attribute(addr=0xd001c43c, attr_addr=0xd001c300)
[E : PPU[1] Thread (CPUThread)[0x00f4a16c]]: TODO: _cellSpursTaskAttribute2Initialize
[E : PPU[1] Thread (CPUThread)[0x00f4a1b4]]: TODO: cellSpursCreateTask2
[E : PPU[1] Thread (CPUThread)[0x00f4a190]]: TODO: cellSpursJoinTask2
[E : PPU[1] Thread (CPUThread)[0x00f4a16c]]: TODO: _cellSpursTaskAttribute2Initialize
[E : PPU[1] Thread (CPUThread)[0x00f4a1b4]]: TODO: cellSpursCreateTask2
[E : PPU[1] Thread (CPUThread)[0x00f4a190]]: TODO: cellSpursJoinTask2
[E : PPU[1] Thread (CPUThread)[0x00f4a16c]]: TODO: _cellSpursTaskAttribute2Initialize
[E : PPU[1] Thread (CPUThread)[0x00f4a1b4]]: TODO: cellSpursCreateTask2
[E : PPU[1] Thread (CPUThread)[0x00f4a190]]: TODO: cellSpursJoinTask2
[E : PPU[1] Thread (CPUThread)[0x00f4a16c]]: TODO: _cellSpursTaskAttribute2Initialize
[E : PPU[1] Thread (CPUThread)[0x00f4a1b4]]: TODO: cellSpursCreateTask2
[E : PPU[1] Thread (CPUThread)[0x00f4a190]]: TODO: cellSpursJoinTask2
[E : PPU[1] Thread (CPUThread)[0x00f4a16c]]: TODO: _cellSpursTaskAttribute2Initialize
[E : PPU[1] Thread (CPUThread)[0x00f4a1b4]]: TODO: cellSpursCreateTask2
[E : PPU[1] Thread (CPUThread)[0x00f4a190]]: TODO: cellSpursJoinTask2
[E : PPU[1] Thread (CPUThread)[0x00f4a16c]]: TODO: _cellSpursTaskAttribute2Initialize
[E : PPU[1] Thread (CPUThread)[0x00f4a1b4]]: TODO: cellSpursCreateTask2
[E : PPU[1] Thread (CPUThread)[0x00f4a190]]: TODO: cellSpursJoinTask2
[E : PPU[1] Thread (CPUThread)[0x00f4a16c]]: TODO: _cellSpursTaskAttribute2Initialize
[E : PPU[1] Thread (CPUThread)[0x00f4a1b4]]: TODO: cellSpursCreateTask2
[E : PPU[1] Thread (CPUThread)[0x00f4a190]]: TODO: cellSpursJoinTask2
[E : PPU[1] Thread (CPUThread)[0x00f4a16c]]: TODO: _cellSpursTaskAttribute2Initialize
[E : PPU[1] Thread (CPUThread)[0x00f4a1b4]]: TODO: cellSpursCreateTask2
[E : PPU[1] Thread (CPUThread)[0x00f4a190]]: TODO: cellSpursJoinTask2
[E : PPU[1] Thread (CPUThread)[0x00f4a16c]]: TODO: _cellSpursTaskAttribute2Initialize
[E : PPU[1] Thread (CPUThread)[0x00f4a1b4]]: TODO: cellSpursCreateTask2
[E : PPU[1] Thread (CPUThread)[0x00f4a190]]: TODO: cellSpursJoinTask2
[E : PPU[1] Thread (CPUThread)[0x00f4a16c]]: TODO: _cellSpursTaskAttribute2Initialize
[E : PPU[1] Thread (CPUThread)[0x00f4a1b4]]: TODO: cellSpursCreateTask2
[E : PPU[1] Thread (CPUThread)[0x00f4a190]]: TODO: cellSpursJoinTask2
[E : PPU[1] Thread (CPUThread)[0x00f4a16c]]: TODO: _cellSpursTaskAttribute2Initialize
[E : PPU[1] Thread (CPUThread)[0x00f4a1b4]]: TODO: cellSpursCreateTask2
[E : PPU[1] Thread (CPUThread)[0x00f4a190]]: TODO: cellSpursJoinTask2
[E : PPU[1] Thread (CPUThread)[0x00f4a16c]]: TODO: _cellSpursTaskAttribute2Initialize
[E : PPU[1] Thread (CPUThread)[0x00f4a1b4]]: TODO: cellSpursCreateTask2
[E : PPU[1] Thread (CPUThread)[0x00f4a190]]: TODO: cellSpursJoinTask2
[E : PPU[1] Thread (CPUThread)[0x00f4a16c]]: TODO: _cellSpursTaskAttribute2Initialize
[E : PPU[1] Thread (CPUThread)[0x00f4a1b4]]: TODO: cellSpursCreateTask2
[E : PPU[1] Thread (CPUThread)[0x00f4a190]]: TODO: cellSpursJoinTask2
[E : PPU[1] Thread (CPUThread)[0x00f4a16c]]: TODO: _cellSpursTaskAttribute2Initialize
[E : PPU[1] Thread (CPUThread)[0x00f4a1b4]]: TODO: cellSpursCreateTask2
[E : PPU[1] Thread (CPUThread)[0x00f4a190]]: TODO: cellSpursJoinTask2
[E : PPU[1] Thread (CPUThread)[0x00f4a16c]]: TODO: _cellSpursTaskAttribute2Initialize
[E : PPU[1] Thread (CPUThread)[0x00f4a1b4]]: TODO: cellSpursCreateTask2
[E : PPU[1] Thread (CPUThread)[0x00f4a190]]: TODO: cellSpursJoinTask2
[E : PPU[1] Thread (CPUThread)[0x00f4a16c]]: TODO: _cellSpursTaskAttribute2Initialize
[E : PPU[1] Thread (CPUThread)[0x00f4a1b4]]: TODO: cellSpursCreateTask2
[E : PPU[1] Thread (CPUThread)[0x00f4a190]]: TODO: cellSpursJoinTask2
[E : PPU[1] Thread (CPUThread)[0x00f4a16c]]: TODO: _cellSpursTaskAttribute2Initialize
[E : PPU[1] Thread (CPUThread)[0x00f4a1b4]]: TODO: cellSpursCreateTask2
[E : PPU[1] Thread (CPUThread)[0x00f4a190]]: TODO: cellSpursJoinTask2
[E : PPU[1] Thread (CPUThread)[0x00f4a16c]]: TODO: _cellSpursTaskAttribute2Initialize
[E : PPU[1] Thread (CPUThread)[0x00f4a1b4]]: TODO: cellSpursCreateTask2
[E : PPU[1] Thread (CPUThread)[0x00f4a190]]: TODO: cellSpursJoinTask2
[E : PPU[1] Thread (CPUThread)[0x00f4a16c]]: TODO: _cellSpursTaskAttribute2Initialize
[E : PPU[1] Thread (CPUThread)[0x00f4a1b4]]: TODO: cellSpursCreateTask2
[E : PPU[1] Thread (CPUThread)[0x00f4a190]]: TODO: cellSpursJoinTask2
[E : PPU[1] Thread (CPUThread)[0x00f4a16c]]: TODO: _cellSpursTaskAttribute2Initialize
[E : PPU[1] Thread (CPUThread)[0x00f4a1b4]]: TODO: cellSpursCreateTask2
[E : PPU[1] Thread (CPUThread)[0x00f4a190]]: TODO: cellSpursJoinTask2
[E : PPU[1] Thread (CPUThread)[0x00f4a16c]]: TODO: _cellSpursTaskAttribute2Initialize
[E : PPU[1] Thread (CPUThread)[0x00f4a1b4]]: TODO: cellSpursCreateTask2
[E : PPU[1] Thread (CPUThread)[0x00f4a190]]: TODO: cellSpursJoinTask2
[E : PPU[1] Thread (CPUThread)[0x00f4a16c]]: TODO: _cellSpursTaskAttribute2Initialize
[E : PPU[1] Thread (CPUThread)[0x00f4a1b4]]: TODO: cellSpursCreateTask2
[E : PPU[1] Thread (CPUThread)[0x00f4a190]]: TODO: cellSpursJoinTask2
[E : PPU[1] Thread (CPUThread)[0x00f4a16c]]: TODO: _cellSpursTaskAttribute2Initialize
[E : PPU[1] Thread (CPUThread)[0x00f4a1b4]]: TODO: cellSpursCreateTask2
[E : PPU[1] Thread (CPUThread)[0x00f4a190]]: TODO: cellSpursJoinTask2
[E : PPU[1] Thread (CPUThread)[0x00f4a16c]]: TODO: _cellSpursTaskAttribute2Initialize
[E : PPU[1] Thread (CPUThread)[0x00f4a1b4]]: TODO: cellSpursCreateTask2
[E : PPU[1] Thread (CPUThread)[0x00f4a190]]: TODO: cellSpursJoinTask2
[E : PPU[1] Thread (CPUThread)[0x00f4a16c]]: TODO: _cellSpursTaskAttribute2Initialize
[E : PPU[1] Thread (CPUThread)[0x00f4a1b4]]: TODO: cellSpursCreateTask2
[E : PPU[1] Thread (CPUThread)[0x00f4a190]]: TODO: cellSpursJoinTask2
[E : PPU[1] Thread (CPUThread)[0x00f4a16c]]: TODO: _cellSpursTaskAttribute2Initialize
[E : PPU[1] Thread (CPUThread)[0x00f4a1b4]]: TODO: cellSpursCreateTask2
[E : PPU[1] Thread (CPUThread)[0x00f4a190]]: TODO: cellSpursJoinTask2
[E : PPU[1] Thread (CPUThread)[0x00f4a16c]]: TODO: _cellSpursTaskAttribute2Initialize
[E : PPU[1] Thread (CPUThread)[0x00f4a1b4]]: TODO: cellSpursCreateTask2
[E : PPU[1] Thread (CPUThread)[0x00f4a190]]: TODO: cellSpursJoinTask2
[E : PPU[1] Thread (CPUThread)[0x00f4a16c]]: TODO: _cellSpursTaskAttribute2Initialize
[E : PPU[1] Thread (CPUThread)[0x00f4a1b4]]: TODO: cellSpursCreateTask2
[E : PPU[1] Thread (CPUThread)[0x00f4a190]]: TODO: cellSpursJoinTask2
[E : PPU[1] Thread (CPUThread)[0x00f4a16c]]: TODO: _cellSpursTaskAttribute2Initialize
[E : PPU[1] Thread (CPUThread)[0x00f4a1b4]]: TODO: cellSpursCreateTask2
[E : PPU[1] Thread (CPUThread)[0x00f4a190]]: TODO: cellSpursJoinTask2
[E : PPU[1] Thread (CPUThread)[0x00f4a16c]]: TODO: _cellSpursTaskAttribute2Initialize
[E : PPU[1] Thread (CPUThread)[0x00f4a1b4]]: TODO: cellSpursCreateTask2
[E : PPU[1] Thread (CPUThread)[0x00f4a190]]: TODO: cellSpursJoinTask2
[E : PPU[1] Thread (CPUThread)[0x00f4a16c]]: TODO: _cellSpursTaskAttribute2Initialize
[E : PPU[1] Thread (CPUThread)[0x00f4a1b4]]: TODO: cellSpursCreateTask2
[E : PPU[1] Thread (CPUThread)[0x00f4a190]]: TODO: cellSpursJoinTask2
[E : PPU[1] Thread (CPUThread)[0x00f4a16c]]: TODO: _cellSpursTaskAttribute2Initialize
[E : PPU[1] Thread (CPUThread)[0x00f4a1b4]]: TODO: cellSpursCreateTask2
[E : PPU[1] Thread (CPUThread)[0x00f4a190]]: TODO: cellSpursJoinTask2
[E : PPU[1] Thread (CPUThread)[0x00f4a16c]]: TODO: _cellSpursTaskAttribute2Initialize
[E : PPU[1] Thread (CPUThread)[0x00f4a1b4]]: TODO: cellSpursCreateTask2
[E : PPU[1] Thread (CPUThread)[0x00f4a190]]: TODO: cellSpursJoinTask2
[E : PPU[1] Thread (CPUThread)[0x00f4a16c]]: TODO: _cellSpursTaskAttribute2Initialize
[E : PPU[1] Thread (CPUThread)[0x00f4a1b4]]: TODO: cellSpursCreateTask2
[E : PPU[1] Thread (CPUThread)[0x00f4a190]]: TODO: cellSpursJoinTask2
[E : PPU[1] Thread (CPUThread)[0x00f4a16c]]: TODO: _cellSpursTaskAttribute2Initialize
[E : PPU[1] Thread (CPUThread)[0x00f4a1b4]]: TODO: cellSpursCreateTask2
[E : PPU[1] Thread (CPUThread)[0x00f4a190]]: TODO: cellSpursJoinTask2
[E : PPU[1] Thread (CPUThread)[0x00f4a16c]]: TODO: _cellSpursTaskAttribute2Initialize
[E : PPU[1] Thread (CPUThread)[0x00f4a1b4]]: TODO: cellSpursCreateTask2
[E : PPU[1] Thread (CPUThread)[0x00f4a190]]: TODO: cellSpursJoinTask2
[E : PPU[1] Thread (CPUThread)[0x00f4a16c]]: TODO: _cellSpursTaskAttribute2Initialize
[E : PPU[1] Thread (CPUThread)[0x00f4a1b4]]: TODO: cellSpursCreateTask2
[E : PPU[1] Thread (CPUThread)[0x00f4a190]]: TODO: cellSpursJoinTask2
[E : PPU[1] Thread (CPUThread)[0x00f4a16c]]: TODO: _cellSpursTaskAttribute2Initialize
[E : PPU[1] Thread (CPUThread)[0x00f4a1b4]]: TODO: cellSpursCreateTask2
[E : PPU[1] Thread (CPUThread)[0x00f4a190]]: TODO: cellSpursJoinTask2
[E : PPU[1] Thread (CPUThread)[0x00f4a16c]]: TODO: _cellSpursTaskAttribute2Initialize
[E : PPU[1] Thread (CPUThread)[0x00f4a1b4]]: TODO: cellSpursCreateTask2
[E : PPU[1] Thread (CPUThread)[0x00f4a190]]: TODO: cellSpursJoinTask2
[E : PPU[1] Thread (CPUThread)[0x00f4a16c]]: TODO: _cellSpursTaskAttribute2Initialize
[E : PPU[1] Thread (CPUThread)[0x00f4a1b4]]: TODO: cellSpursCreateTask2
[E : PPU[1] Thread (CPUThread)[0x00f4a190]]: TODO: cellSpursJoinTask2
[E : PPU[1] Thread (CPUThread)[0x00f4a16c]]: TODO: _cellSpursTaskAttribute2Initialize
[E : PPU[1] Thread (CPUThread)[0x00f4a1b4]]: TODO: cellSpursCreateTask2
[E : PPU[1] Thread (CPUThread)[0x00f4a190]]: TODO: cellSpursJoinTask2
[E : PPU[1] Thread (CPUThread)[0x00f4a16c]]: TODO: _cellSpursTaskAttribute2Initialize
[E : PPU[1] Thread (CPUThread)[0x00f4a1b4]]: TODO: cellSpursCreateTask2
[E : PPU[1] Thread (CPUThread)[0x00f4a190]]: TODO: cellSpursJoinTask2
[E : PPU[1] Thread (CPUThread)[0x00f4a16c]]: TODO: _cellSpursTaskAttribute2Initialize
[E : PPU[1] Thread (CPUThread)[0x00f4a1b4]]: TODO: cellSpursCreateTask2
[E : PPU[1] Thread (CPUThread)[0x00f4a190]]: TODO: cellSpursJoinTask2
[E : PPU[1] Thread (CPUThread)[0x00f4a16c]]: TODO: _cellSpursTaskAttribute2Initialize
[E : PPU[1] Thread (CPUThread)[0x00f4a1b4]]: TODO: cellSpursCreateTask2
[E : PPU[1] Thread (CPUThread)[0x00f4a190]]: TODO: cellSpursJoinTask2
[E : PPU[1] Thread (CPUThread)[0x00f4a16c]]: TODO: _cellSpursTaskAttribute2Initialize
[E : PPU[1] Thread (CPUThread)[0x00f4a1b4]]: TODO: cellSpursCreateTask2
[E : PPU[1] Thread (CPUThread)[0x00f4a190]]: TODO: cellSpursJoinTask2
[E : PPU[1] Thread (CPUThread)[0x00f4a16c]]: TODO: _cellSpursTaskAttribute2Initialize
[E : PPU[1] Thread (CPUThread)[0x00f4a1b4]]: TODO: cellSpursCreateTask2
[E : PPU[1] Thread (CPUThread)[0x00f4a190]]: TODO: cellSpursJoinTask2
[E : PPU[1] Thread (CPUThread)[0x00f4a16c]]: TODO: _cellSpursTaskAttribute2Initialize
[E : PPU[1] Thread (CPUThread)[0x00f4a1b4]]: TODO: cellSpursCreateTask2
[E : PPU[1] Thread (CPUThread)[0x00f4a190]]: TODO: cellSpursJoinTask2
[E : PPU[1] Thread (CPUThread)[0x00f4a16c]]: TODO: _cellSpursTaskAttribute2Initialize
[E : PPU[1] Thread (CPUThread)[0x00f4a1b4]]: TODO: cellSpursCreateTask2
[E : PPU[1] Thread (CPUThread)[0x00f4a190]]: TODO: cellSpursJoinTask2
[E : PPU[1] Thread (CPUThread)[0x00f4a16c]]: TODO: _cellSpursTaskAttribute2Initialize
[E : PPU[1] Thread (CPUThread)[0x00f4a1b4]]: TODO: cellSpursCreateTask2
[E : PPU[1] Thread (CPUThread)[0x00f4a190]]: TODO: cellSpursJoinTask2
[E : PPU[1] Thread (CPUThread)[0x00f4a16c]]: TODO: _cellSpursTaskAttribute2Initialize
[E : PPU[1] Thread (CPUThread)[0x00f4a1b4]]: TODO: cellSpursCreateTask2
[E : PPU[1] Thread (CPUThread)[0x00f4a190]]: TODO: cellSpursJoinTask2
[E : PPU[1] Thread (CPUThread)[0x00f4a16c]]: TODO: _cellSpursTaskAttribute2Initialize
[E : PPU[1] Thread (CPUThread)[0x00f4a1b4]]: TODO: cellSpursCreateTask2
[E : PPU[1] Thread (CPUThread)[0x00f4a190]]: TODO: cellSpursJoinTask2
[E : PPU[1] Thread (CPUThread)[0x00f4a16c]]: TODO: _cellSpursTaskAttribute2Initialize
[E : PPU[1] Thread (CPUThread)[0x00f4a1b4]]: TODO: cellSpursCreateTask2
[E : PPU[1] Thread (CPUThread)[0x00f4a190]]: TODO: cellSpursJoinTask2
[E : PPU[1] Thread (CPUThread)[0x00f4a16c]]: TODO: _cellSpursTaskAttribute2Initialize
[E : PPU[1] Thread (CPUThread)[0x00f4a1b4]]: TODO: cellSpursCreateTask2
[E : PPU[1] Thread (CPUThread)[0x00f4a190]]: TODO: cellSpursJoinTask2
[E : PPU[1] Thread (CPUThread)[0x00f4a16c]]: TODO: _cellSpursTaskAttribute2Initialize
[E : PPU[1] Thread (CPUThread)[0x00f4a1b4]]: TODO: cellSpursCreateTask2
[E : PPU[1] Thread (CPUThread)[0x00f4a190]]: TODO: cellSpursJoinTask2
[E : PPU[1] Thread (CPUThread)[0x00f4a16c]]: TODO: _cellSpursTaskAttribute2Initialize
[E : PPU[1] Thread (CPUThread)[0x00f4a1b4]]: TODO: cellSpursCreateTask2
[E : PPU[1] Thread (CPUThread)[0x00f4a190]]: TODO: cellSpursJoinTask2
[E : PPU[1] Thread (CPUThread)[0x00f4a16c]]: TODO: _cellSpursTaskAttribute2Initialize
[E : PPU[1] Thread (CPUThread)[0x00f4a1b4]]: TODO: cellSpursCreateTask2
[E : PPU[1] Thread (CPUThread)[0x00f4a190]]: TODO: cellSpursJoinTask2
[E : PPU[1] Thread (CPUThread)[0x00f4a16c]]: TODO: _cellSpursTaskAttribute2Initialize
[E : PPU[1] Thread (CPUThread)[0x00f4a1b4]]: TODO: cellSpursCreateTask2
[E : PPU[1] Thread (CPUThread)[0x00f4a190]]: TODO: cellSpursJoinTask2
[E : PPU[1] Thread (CPUThread)[0x00f4a16c]]: TODO: _cellSpursTaskAttribute2Initialize
[E : PPU[1] Thread (CPUThread)[0x00f4a1b4]]: TODO: cellSpursCreateTask2
[E : PPU[1] Thread (CPUThread)[0x00f4a190]]: TODO: cellSpursJoinTask2
[E : PPU[1] Thread (CPUThread)[0x00f4a16c]]: TODO: _cellSpursTaskAttribute2Initialize
[E : PPU[1] Thread (CPUThread)[0x00f4a1b4]]: TODO: cellSpursCreateTask2
[E : PPU[1] Thread (CPUThread)[0x00f4a190]]: TODO: cellSpursJoinTask2
[E : PPU[1] Thread (CPUThread)[0x00f4a16c]]: TODO: _cellSpursTaskAttribute2Initialize
[E : PPU[1] Thread (CPUThread)[0x00f4a1b4]]: TODO: cellSpursCreateTask2
[E : PPU[1] Thread (CPUThread)[0x00f4a190]]: TODO: cellSpursJoinTask2
[E : PPU[1] Thread (CPUThread)[0x00f4a16c]]: TODO: _cellSpursTaskAttribute2Initialize
[E : PPU[1] Thread (CPUThread)[0x00f4a1b4]]: TODO: cellSpursCreateTask2
[E : PPU[1] Thread (CPUThread)[0x00f4a190]]: TODO: cellSpursJoinTask2
[E : PPU[1] Thread (CPUThread)[0x00f4a16c]]: TODO: _cellSpursTaskAttribute2Initialize
[E : PPU[1] Thread (CPUThread)[0x00f4a1b4]]: TODO: cellSpursCreateTask2
[E : PPU[1] Thread (CPUThread)[0x00f4a190]]: TODO: cellSpursJoinTask2
[E : PPU[1] Thread (CPUThread)[0x00f4a16c]]: TODO: _cellSpursTaskAttribute2Initialize
[E : PPU[1] Thread (CPUThread)[0x00f4a1b4]]: TODO: cellSpursCreateTask2
[E : PPU[1] Thread (CPUThread)[0x00f4a190]]: TODO: cellSpursJoinTask2
[E : PPU[1] Thread (CPUThread)[0x00f4a16c]]: TODO: _cellSpursTaskAttribute2Initialize
[E : PPU[1] Thread (CPUThread)[0x00f4a1b4]]: TODO: cellSpursCreateTask2
[E : PPU[1] Thread (CPUThread)[0x00f4a190]]: TODO: cellSpursJoinTask2
[E : PPU[1] Thread (CPUThread)[0x00f4a16c]]: TODO: _cellSpursTaskAttribute2Initialize
[E : PPU[1] Thread (CPUThread)[0x00f4a1b4]]: TODO: cellSpursCreateTask2
[E : PPU[1] Thread (CPUThread)[0x00f4a190]]: TODO: cellSpursJoinTask2
[E : PPU[1] Thread (CPUThread)[0x00f4a16c]]: TODO: _cellSpursTaskAttribute2Initialize
[E : PPU[1] Thread (CPUThread)[0x00f4a1b4]]: TODO: cellSpursCreateTask2
[E : PPU[1] Thread (CPUThread)[0x00f4a190]]: TODO: cellSpursJoinTask2
[E : PPU[1] Thread (CPUThread)[0x00f4a16c]]: TODO: _cellSpursTaskAttribute2Initialize
[E : PPU[1] Thread (CPUThread)[0x00f4a1b4]]: TODO: cellSpursCreateTask2
[E : PPU[1] Thread (CPUThread)[0x00f4a190]]: TODO: cellSpursJoinTask2
[E : PPU[1] Thread (CPUThread)[0x00f4a16c]]: TODO: _cellSpursTaskAttribute2Initialize
[E : PPU[1] Thread (CPUThread)[0x00f4a1b4]]: TODO: cellSpursCreateTask2
[E : PPU[1] Thread (CPUThread)[0x00f4a190]]: TODO: cellSpursJoinTask2
[E : PPU[1] Thread (CPUThread)[0x00f4a16c]]: TODO: _cellSpursTaskAttribute2Initialize
[E : PPU[1] Thread (CPUThread)[0x00f4a1b4]]: TODO: cellSpursCreateTask2
[E : PPU[1] Thread (CPUThread)[0x00f4a190]]: TODO: cellSpursJoinTask2
[E : PPU[1] Thread (CPUThread)[0x00f4a16c]]: TODO: _cellSpursTaskAttribute2Initialize
[E : PPU[1] Thread (CPUThread)[0x00f4a1b4]]: TODO: cellSpursCreateTask2
[E : PPU[1] Thread (CPUThread)[0x00f4a190]]: TODO: cellSpursJoinTask2
[E : PPU[1] Thread (CPUThread)[0x00f4a16c]]: TODO: _cellSpursTaskAttribute2Initialize
[E : PPU[1] Thread (CPUThread)[0x00f4a1b4]]: TODO: cellSpursCreateTask2
[E : PPU[1] Thread (CPUThread)[0x00f4a190]]: TODO: cellSpursJoinTask2
[E : PPU[1] Thread (CPUThread)[0x00f4a16c]]: TODO: _cellSpursTaskAttribute2Initialize
[E : PPU[1] Thread (CPUThread)[0x00f4a1b4]]: TODO: cellSpursCreateTask2
[E : PPU[1] Thread (CPUThread)[0x00f4a190]]: TODO: cellSpursJoinTask2
[E : PPU[1] Thread (CPUThread)[0x00f4a16c]]: TODO: _cellSpursTaskAttribute2Initialize
[E : PPU[1] Thread (CPUThread)[0x00f4a1b4]]: TODO: cellSpursCreateTask2
[E : PPU[1] Thread (CPUThread)[0x00f4a190]]: TODO: cellSpursJoinTask2
[E : PPU[1] Thread (CPUThread)[0x00f4a16c]]: TODO: _cellSpursTaskAttribute2Initialize
[E : PPU[1] Thread (CPUThread)[0x00f4a1b4]]: TODO: cellSpursCreateTask2
[E : PPU[1] Thread (CPUThread)[0x00f4a190]]: TODO: cellSpursJoinTask2
[E : PPU[1] Thread (CPUThread)[0x00f4a16c]]: TODO: _cellSpursTaskAttribute2Initialize
[E : PPU[1] Thread (CPUThread)[0x00f4a1b4]]: TODO: cellSpursCreateTask2
[E : PPU[1] Thread (CPUThread)[0x00f4a190]]: TODO: cellSpursJoinTask2
[E : PPU[1] Thread (CPUThread)[0x00f4a16c]]: TODO: _cellSpursTaskAttribute2Initialize
[E : PPU[1] Thread (CPUThread)[0x00f4a1b4]]: TODO: cellSpursCreateTask2
[E : PPU[1] Thread (CPUThread)[0x00f4a190]]: TODO: cellSpursJoinTask2
[E : PPU[1] Thread (CPUThread)[0x00f4a16c]]: TODO: _cellSpursTaskAttribute2Initialize
[E : PPU[1] Thread (CPUThread)[0x00f4a1b4]]: TODO: cellSpursCreateTask2
[E : PPU[1] Thread (CPUThread)[0x00f4a190]]: TODO: cellSpursJoinTask2
[E : PPU[1] Thread (CPUThread)[0x00f4a16c]]: TODO: _cellSpursTaskAttribute2Initialize
[E : PPU[1] Thread (CPUThread)[0x00f4a1b4]]: TODO: cellSpursCreateTask2
[E : PPU[1] Thread (CPUThread)[0x00f4a190]]: TODO: cellSpursJoinTask2
[E : PPU[1] Thread (CPUThread)[0x00f4a16c]]: TODO: _cellSpursTaskAttribute2Initialize
[E : PPU[1] Thread (CPUThread)[0x00f4a1b4]]: TODO: cellSpursCreateTask2
[E : PPU[1] Thread (CPUThread)[0x00f4a190]]: TODO: cellSpursJoinTask2
[E : PPU[1] Thread (CPUThread)[0x00f4a16c]]: TODO: _cellSpursTaskAttribute2Initialize
[E : PPU[1] Thread (CPUThread)[0x00f4a1b4]]: TODO: cellSpursCreateTask2
[E : PPU[1] Thread (CPUThread)[0x00f4a190]]: TODO: cellSpursJoinTask2
[E : PPU[1] Thread (CPUThread)[0x00f4a16c]]: TODO: _cellSpursTaskAttribute2Initialize
[E : PPU[1] Thread (CPUThread)[0x00f4a1b4]]: TODO: cellSpursCreateTask2
[E : PPU[1] Thread (CPUThread)[0x00f4a190]]: TODO: cellSpursJoinTask2
[E : PPU[1] Thread (CPUThread)[0x00f4a16c]]: TODO: _cellSpursTaskAttribute2Initialize
[E : PPU[1] Thread (CPUThread)[0x00f4a1b4]]: TODO: cellSpursCreateTask2
[E : PPU[1] Thread (CPUThread)[0x00f4a190]]: TODO: cellSpursJoinTask2
[E : PPU[1] Thread (CPUThread)[0x00f4a16c]]: TODO: _cellSpursTaskAttribute2Initialize
[E : PPU[1] Thread (CPUThread)[0x00f4a1b4]]: TODO: cellSpursCreateTask2
[E : PPU[1] Thread (CPUThread)[0x00f4a190]]: TODO: cellSpursJoinTask2
[E : PPU[1] Thread (CPUThread)[0x00f4a16c]]: TODO: _cellSpursTaskAttribute2Initialize
[E : PPU[1] Thread (CPUThread)[0x00f4a1b4]]: TODO: cellSpursCreateTask2
[E : PPU[1] Thread (CPUThread)[0x00f4a190]]: TODO: cellSpursJoinTask2
[E : PPU[1] Thread (CPUThread)[0x00f4a16c]]: TODO: _cellSpursTaskAttribute2Initialize
[E : PPU[1] Thread (CPUThread)[0x00f4a1b4]]: TODO: cellSpursCreateTask2
[E : PPU[1] Thread (CPUThread)[0x00f4a190]]: TODO: cellSpursJoinTask2
[E : PPU[1] Thread (CPUThread)[0x00f4a16c]]: TODO: _cellSpursTaskAttribute2Initialize
[E : PPU[1] Thread (CPUThread)[0x00f4a1b4]]: TODO: cellSpursCreateTask2
[E : PPU[1] Thread (CPUThread)[0x00f4a190]]: TODO: cellSpursJoinTask2
[E : PPU[1] Thread (CPUThread)[0x00f4a16c]]: TODO: _cellSpursTaskAttribute2Initialize
[E : PPU[1] Thread (CPUThread)[0x00f4a1b4]]: TODO: cellSpursCreateTask2
[E : PPU[1] Thread (CPUThread)[0x00f4a190]]: TODO: cellSpursJoinTask2
[E : PPU[1] Thread (CPUThread)[0x00f4a16c]]: TODO: _cellSpursTaskAttribute2Initialize
[E : PPU[1] Thread (CPUThread)[0x00f4a1b4]]: TODO: cellSpursCreateTask2
[E : PPU[1] Thread (CPUThread)[0x00f4a190]]: TODO: cellSpursJoinTask2
[E : PPU[1] Thread (CPUThread)[0x00f4a16c]]: TODO: _cellSpursTaskAttribute2Initialize
[E : PPU[1] Thread (CPUThread)[0x00f4a1b4]]: TODO: cellSpursCreateTask2
[E : PPU[1] Thread (CPUThread)[0x00f4a190]]: TODO: cellSpursJoinTask2
[E : PPU[1] Thread (CPUThread)[0x00f4a16c]]: TODO: _cellSpursTaskAttribute2Initialize
[E : PPU[1] Thread (CPUThread)[0x00f4a1b4]]: TODO: cellSpursCreateTask2
[E : PPU[1] Thread (CPUThread)[0x00f4a190]]: TODO: cellSpursJoinTask2
[E : PPU[1] Thread (CPUThread)[0x00f4a16c]]: TODO: _cellSpursTaskAttribute2Initialize
[E : PPU[1] Thread (CPUThread)[0x00f4a1b4]]: TODO: cellSpursCreateTask2
[E : PPU[1] Thread (CPUThread)[0x00f4a190]]: TODO: cellSpursJoinTask2
[E : PPU[1] Thread (CPUThread)[0x00f4a16c]]: TODO: _cellSpursTaskAttribute2Initialize
[E : PPU[1] Thread (CPUThread)[0x00f4a1b4]]: TODO: cellSpursCreateTask2
[E : PPU[1] Thread (CPUThread)[0x00f4a190]]: TODO: cellSpursJoinTask2
[E : PPU[1] Thread (CPUThread)[0x00f4a16c]]: TODO: _cellSpursTaskAttribute2Initialize
[E : PPU[1] Thread (CPUThread)[0x00f4a1b4]]: TODO: cellSpursCreateTask2
[E : PPU[1] Thread (CPUThread)[0x00f4a190]]: TODO: cellSpursJoinTask2
[E : PPU[1] Thread (CPUThread)[0x00f4a16c]]: TODO: _cellSpursTaskAttribute2Initialize
[E : PPU[1] Thread (CPUThread)[0x00f4a1b4]]: TODO: cellSpursCreateTask2
[E : PPU[1] Thread (CPUThread)[0x00f4a190]]: TODO: cellSpursJoinTask2
[E : PPU[1] Thread (CPUThread)[0x00f4a16c]]: TODO: _cellSpursTaskAttribute2Initialize
[E : PPU[1] Thread (CPUThread)[0x00f4a1b4]]: TODO: cellSpursCreateTask2
[E : PPU[1] Thread (CPUThread)[0x00f4a190]]: TODO: cellSpursJoinTask2
[E : PPU[1] Thread (CPUThread)[0x00f4a16c]]: TODO: _cellSpursTaskAttribute2Initialize
[E : PPU[1] Thread (CPUThread)[0x00f4a1b4]]: TODO: cellSpursCreateTask2
[E : PPU[1] Thread (CPUThread)[0x00f4a190]]: TODO: cellSpursJoinTask2
[E : PPU[1] Thread (CPUThread)[0x00f4a16c]]: TODO: _cellSpursTaskAttribute2Initialize
[E : PPU[1] Thread (CPUThread)[0x00f4a1b4]]: TODO: cellSpursCreateTask2
[E : PPU[1] Thread (CPUThread)[0x00f4a190]]: TODO: cellSpursJoinTask2
[E : PPU[1] Thread (CPUThread)[0x00f4a16c]]: TODO: _cellSpursTaskAttribute2Initialize
[E : PPU[1] Thread (CPUThread)[0x00f4a1b4]]: TODO: cellSpursCreateTask2
[E : PPU[1] Thread (CPUThread)[0x00f4a190]]: TODO: cellSpursJoinTask2
[E : PPU[1] Thread (CPUThread)[0x00f4a16c]]: TODO: _cellSpursTaskAttribute2Initialize
[E : PPU[1] Thread (CPUThread)[0x00f4a1b4]]: TODO: cellSpursCreateTask2
[E : PPU[1] Thread (CPUThread)[0x00f4a190]]: TODO: cellSpursJoinTask2
[E : PPU[1] Thread (CPUThread)[0x00f4a16c]]: TODO: _cellSpursTaskAttribute2Initialize
[E : PPU[1] Thread (CPUThread)[0x00f4a1b4]]: TODO: cellSpursCreateTask2
[E : PPU[1] Thread (CPUThread)[0x00f4a190]]: TODO: cellSpursJoinTask2
[E : PPU[1] Thread (CPUThread)[0x00f4a16c]]: TODO: _cellSpursTaskAttribute2Initialize
[E : PPU[1] Thread (CPUThread)[0x00f4a1b4]]: TODO: cellSpursCreateTask2
[E : PPU[1] Thread (CPUThread)[0x00f4a190]]: TODO: cellSpursJoinTask2
[E : PPU[1] Thread (CPUThread)[0x00f4a16c]]: TODO: _cellSpursTaskAttribute2Initialize
[E : PPU[1] Thread (CPUThread)[0x00f4a1b4]]: TODO: cellSpursCreateTask2
[E : PPU[1] Thread (CPUThread)[0x00f4a190]]: TODO: cellSpursJoinTask2
[E : PPU[1] Thread (CPUThread)[0x00f4a16c]]: TODO: _cellSpursTaskAttribute2Initialize
[E : PPU[1] Thread (CPUThread)[0x00f4a1b4]]: TODO: cellSpursCreateTask2
[E : PPU[1] Thread (CPUThread)[0x00f4a190]]: TODO: cellSpursJoinTask2
[E : PPU[1] Thread (CPUThread)[0x00f4a16c]]: TODO: _cellSpursTaskAttribute2Initialize
[E : PPU[1] Thread (CPUThread)[0x00f4a1b4]]: TODO: cellSpursCreateTask2
[E : PPU[1] Thread (CPUThread)[0x00f4a190]]: TODO: cellSpursJoinTask2
[E : PPU[1] Thread (CPUThread)[0x00f4a16c]]: TODO: _cellSpursTaskAttribute2Initialize
[E : PPU[1] Thread (CPUThread)[0x00f4a1b4]]: TODO: cellSpursCreateTask2
[E : PPU[1] Thread (CPUThread)[0x00f4a190]]: TODO: cellSpursJoinTask2
[E : PPU[1] Thread (CPUThread)[0x00f4a16c]]: TODO: _cellSpursTaskAttribute2Initialize
[E : PPU[1] Thread (CPUThread)[0x00f4a1b4]]: TODO: cellSpursCreateTask2
[E : PPU[1] Thread (CPUThread)[0x00f4a190]]: TODO: cellSpursJoinTask2
[E : PPU[1] Thread (CPUThread)[0x00f4a16c]]: TODO: _cellSpursTaskAttribute2Initialize
[E : PPU[1] Thread (CPUThread)[0x00f4a1b4]]: TODO: cellSpursCreateTask2
[E : PPU[1] Thread (CPUThread)[0x00f4a190]]: TODO: cellSpursJoinTask2
[E : PPU[1] Thread (CPUThread)[0x00f4a16c]]: TODO: _cellSpursTaskAttribute2Initialize
[E : PPU[1] Thread (CPUThread)[0x00f4a1b4]]: TODO: cellSpursCreateTask2
[E : PPU[1] Thread (CPUThread)[0x00f4a190]]: TODO: cellSpursJoinTask2
[E : PPU[1] Thread (CPUThread)[0x00f4a16c]]: TODO: _cellSpursTaskAttribute2Initialize
[E : PPU[1] Thread (CPUThread)[0x00f4a1b4]]: TODO: cellSpursCreateTask2
[E : PPU[1] Thread (CPUThread)[0x00f4a190]]: TODO: cellSpursJoinTask2
[E : PPU[1] Thread (CPUThread)[0x00f4a16c]]: TODO: _cellSpursTaskAttribute2Initialize
[E : PPU[1] Thread (CPUThread)[0x00f4a1b4]]: TODO: cellSpursCreateTask2
[E : PPU[1] Thread (CPUThread)[0x00f4a190]]: TODO: cellSpursJoinTask2
[E : PPU[1] Thread (CPUThread)[0x00f4a16c]]: TODO: _cellSpursTaskAttribute2Initialize
[E : PPU[1] Thread (CPUThread)[0x00f4a1b4]]: TODO: cellSpursCreateTask2
[E : PPU[1] Thread (CPUThread)[0x00f4a190]]: TODO: cellSpursJoinTask2
[E : PPU[1] Thread (CPUThread)[0x00f4a16c]]: TODO: _cellSpursTaskAttribute2Initialize
[E : PPU[1] Thread (CPUThread)[0x00f4a1b4]]: TODO: cellSpursCreateTask2
[E : PPU[1] Thread (CPUThread)[0x00f4a190]]: TODO: cellSpursJoinTask2
[E : PPU[1] Thread (CPUThread)[0x00f4a16c]]: TODO: _cellSpursTaskAttribute2Initialize
[E : PPU[1] Thread (CPUThread)[0x00f4a1b4]]: TODO: cellSpursCreateTask2
[E : PPU[1] Thread (CPUThread)[0x00f4a190]]: TODO: cellSpursJoinTask2
[E : PPU[1] Thread (CPUThread)[0x00f4a16c]]: TODO: _cellSpursTaskAttribute2Initialize
[E : PPU[1] Thread (CPUThread)[0x00f4a1b4]]: TODO: cellSpursCreateTask2
[E : PPU[1] Thread (CPUThread)[0x00f4a190]]: TODO: cellSpursJoinTask2
[E : PPU[1] Thread (CPUThread)[0x00f4a16c]]: TODO: _cellSpursTaskAttribute2Initialize
[E : PPU[1] Thread (CPUThread)[0x00f4a1b4]]: TODO: cellSpursCreateTask2
[E : PPU[1] Thread (CPUThread)[0x00f4a190]]: TODO: cellSpursJoinTask2
[E : PPU[1] Thread (CPUThread)[0x00f4a16c]]: TODO: _cellSpursTaskAttribute2Initialize
[E : PPU[1] Thread (CPUThread)[0x00f4a1b4]]: TODO: cellSpursCreateTask2
[E : PPU[1] Thread (CPUThread)[0x00f4a190]]: TODO: cellSpursJoinTask2
[E : PPU[1] Thread (CPUThread)[0x00f4a16c]]: TODO: _cellSpursTaskAttribute2Initialize
[E : PPU[1] Thread (CPUThread)[0x00f4a1b4]]: TODO: cellSpursCreateTask2
[E : PPU[1] Thread (CPUThread)[0x00f4a190]]: TODO: cellSpursJoinTask2
[E : PPU[1] Thread (CPUThread)[0x00f4a16c]]: TODO: _cellSpursTaskAttribute2Initialize
[E : PPU[1] Thread (CPUThread)[0x00f4a1b4]]: TODO: cellSpursCreateTask2
[E : PPU[1] Thread (CPUThread)[0x00f4a190]]: TODO: cellSpursJoinTask2
[E : PPU[1] Thread (CPUThread)[0x00f4a16c]]: TODO: _cellSpursTaskAttribute2Initialize
[E : PPU[1] Thread (CPUThread)[0x00f4a1b4]]: TODO: cellSpursCreateTask2
[E : PPU[1] Thread (CPUThread)[0x00f4a190]]: TODO: cellSpursJoinTask2
[E : PPU[1] Thread (CPUThread)[0x00f4a16c]]: TODO: _cellSpursTaskAttribute2Initialize
[E : PPU[1] Thread (CPUThread)[0x00f4a1b4]]: TODO: cellSpursCreateTask2
[E : PPU[1] Thread (CPUThread)[0x00f4a190]]: TODO: cellSpursJoinTask2
[E : PPU[1] Thread (CPUThread)[0x00f4a16c]]: TODO: _cellSpursTaskAttribute2Initialize
[E : PPU[1] Thread (CPUThread)[0x00f4a1b4]]: TODO: cellSpursCreateTask2
[E : PPU[1] Thread (CPUThread)[0x00f4a190]]: TODO: cellSpursJoinTask2
[E : PPU[1] Thread (CPUThread)[0x00f4a16c]]: TODO: _cellSpursTaskAttribute2Initialize
[E : PPU[1] Thread (CPUThread)[0x00f4a1b4]]: TODO: cellSpursCreateTask2
[E : PPU[1] Thread (CPUThread)[0x00f4a190]]: TODO: cellSpursJoinTask2
[E : PPU[1] Thread (CPUThread)[0x00f4a16c]]: TODO: _cellSpursTaskAttribute2Initialize
[E : PPU[1] Thread (CPUThread)[0x00f4a1b4]]: TODO: cellSpursCreateTask2
[E : PPU[1] Thread (CPUThread)[0x00f4a190]]: TODO: cellSpursJoinTask2
[E : PPU[1] Thread (CPUThread)[0x00f4a16c]]: TODO: _cellSpursTaskAttribute2Initialize
[E : PPU[1] Thread (CPUThread)[0x00f4a1b4]]: TODO: cellSpursCreateTask2
[E : PPU[1] Thread (CPUThread)[0x00f4a190]]: TODO: cellSpursJoinTask2
[E : PPU[1] Thread (CPUThread)[0x00f4a16c]]: TODO: _cellSpursTaskAttribute2Initialize
[E : PPU[1] Thread (CPUThread)[0x00f4a1b4]]: TODO: cellSpursCreateTask2
[E : PPU[1] Thread (CPUThread)[0x00f4a190]]: TODO: cellSpursJoinTask2
[E : PPU[1] Thread (CPUThread)[0x00f4a16c]]: TODO: _cellSpursTaskAttribute2Initialize
[E : PPU[1] Thread (CPUThread)[0x00f4a1b4]]: TODO: cellSpursCreateTask2
[E : PPU[1] Thread (CPUThread)[0x00f4a190]]: TODO: cellSpursJoinTask2
[E : PPU[1] Thread (CPUThread)[0x00f4a16c]]: TODO: _cellSpursTaskAttribute2Initialize
[E : PPU[1] Thread (CPUThread)[0x00f4a1b4]]: TODO: cellSpursCreateTask2
[E : PPU[1] Thread (CPUThread)[0x00f4a190]]: TODO: cellSpursJoinTask2
[E : PPU[1] Thread (CPUThread)[0x00f4a16c]]: TODO: _cellSpursTaskAttribute2Initialize
[E : PPU[1] Thread (CPUThread)[0x00f4a1b4]]: TODO: cellSpursCreateTask2
[E : PPU[1] Thread (CPUThread)[0x00f4a190]]: TODO: cellSpursJoinTask2
[E : PPU[1] Thread (CPUThread)[0x00f4a16c]]: TODO: _cellSpursTaskAttribute2Initialize
[E : PPU[1] Thread (CPUThread)[0x00f4a1b4]]: TODO: cellSpursCreateTask2
[E : PPU[1] Thread (CPUThread)[0x00f4a190]]: TODO: cellSpursJoinTask2
[E : PPU[1] Thread (CPUThread)[0x00f4a16c]]: TODO: _cellSpursTaskAttribute2Initialize
[E : PPU[1] Thread (CPUThread)[0x00f4a1b4]]: TODO: cellSpursCreateTask2
[E : PPU[1] Thread (CPUThread)[0x00f4a190]]: TODO: cellSpursJoinTask2
[E : PPU[1] Thread (CPUThread)[0x00f4a16c]]: TODO: _cellSpursTaskAttribute2Initialize
[E : PPU[1] Thread (CPUThread)[0x00f4a1b4]]: TODO: cellSpursCreateTask2
[E : PPU[1] Thread (CPUThread)[0x00f4a190]]: TODO: cellSpursJoinTask2
[E : PPU[1] Thread (CPUThread)[0x00f4a16c]]: TODO: _cellSpursTaskAttribute2Initialize
[E : PPU[1] Thread (CPUThread)[0x00f4a1b4]]: TODO: cellSpursCreateTask2
[E : PPU[1] Thread (CPUThread)[0x00f4a190]]: TODO: cellSpursJoinTask2
[E : PPU[1] Thread (CPUThread)[0x00f4a16c]]: TODO: _cellSpursTaskAttribute2Initialize
[E : PPU[1] Thread (CPUThread)[0x00f4a1b4]]: TODO: cellSpursCreateTask2
[E : PPU[1] Thread (CPUThread)[0x00f4a190]]: TODO: cellSpursJoinTask2
[E : PPU[1] Thread (CPUThread)[0x00f4a16c]]: TODO: _cellSpursTaskAttribute2Initialize
[E : PPU[1] Thread (CPUThread)[0x00f4a1b4]]: TODO: cellSpursCreateTask2
[E : PPU[1] Thread (CPUThread)[0x00f4a190]]: TODO: cellSpursJoinTask2
[E : PPU[1] Thread (CPUThread)[0x00f4a16c]]: TODO: _cellSpursTaskAttribute2Initialize
[E : PPU[1] Thread (CPUThread)[0x00f4a1b4]]: TODO: cellSpursCreateTask2
[E : PPU[1] Thread (CPUThread)[0x00f4a190]]: TODO: cellSpursJoinTask2
[E : PPU[1] Thread (CPUThread)[0x00f4a16c]]: TODO: _cellSpursTaskAttribute2Initialize
[E : PPU[1] Thread (CPUThread)[0x00f4a1b4]]: TODO: cellSpursCreateTask2
[E : PPU[1] Thread (CPUThread)[0x00f4a190]]: TODO: cellSpursJoinTask2
[E : PPU[1] Thread (CPUThread)[0x00f4a16c]]: TODO: _cellSpursTaskAttribute2Initialize
[E : PPU[1] Thread (CPUThread)[0x00f4a1b4]]: TODO: cellSpursCreateTask2
[E : PPU[1] Thread (CPUThread)[0x00f4a190]]: TODO: cellSpursJoinTask2
[E : PPU[1] Thread (CPUThread)[0x00f4a16c]]: TODO: _cellSpursTaskAttribute2Initialize
[E : PPU[1] Thread (CPUThread)[0x00f4a1b4]]: TODO: cellSpursCreateTask2
[E : PPU[1] Thread (CPUThread)[0x00f4a190]]: TODO: cellSpursJoinTask2
[E : PPU[1] Thread (CPUThread)[0x00f4a16c]]: TODO: _cellSpursTaskAttribute2Initialize
[E : PPU[1] Thread (CPUThread)[0x00f4a1b4]]: TODO: cellSpursCreateTask2
[E : PPU[1] Thread (CPUThread)[0x00f4a190]]: TODO: cellSpursJoinTask2
[E : PPU[1] Thread (CPUThread)[0x00f4a16c]]: TODO: _cellSpursTaskAttribute2Initialize
[E : PPU[1] Thread (CPUThread)[0x00f4a1b4]]: TODO: cellSpursCreateTask2
[E : PPU[1] Thread (CPUThread)[0x00f4a190]]: TODO: cellSpursJoinTask2
[E : PPU[1] Thread (CPUThread)[0x00f4a16c]]: TODO: _cellSpursTaskAttribute2Initialize
[E : PPU[1] Thread (CPUThread)[0x00f4a1b4]]: TODO: cellSpursCreateTask2
[E : PPU[1] Thread (CPUThread)[0x00f4a190]]: TODO: cellSpursJoinTask2
[E : PPU[1] Thread (CPUThread)[0x00f4a16c]]: TODO: _cellSpursTaskAttribute2Initialize
[E : PPU[1] Thread (CPUThread)[0x00f4a1b4]]: TODO: cellSpursCreateTask2
[E : PPU[1] Thread (CPUThread)[0x00f4a190]]: TODO: cellSpursJoinTask2
[E : PPU[1] Thread (CPUThread)[0x00f4a16c]]: TODO: _cellSpursTaskAttribute2Initialize
[E : PPU[1] Thread (CPUThread)[0x00f4a1b4]]: TODO: cellSpursCreateTask2
[E : PPU[1] Thread (CPUThread)[0x00f4a190]]: TODO: cellSpursJoinTask2
[E : PPU[1] Thread (CPUThread)[0x00f4a16c]]: TODO: _cellSpursTaskAttribute2Initialize
[E : PPU[1] Thread (CPUThread)[0x00f4a1b4]]: TODO: cellSpursCreateTask2
[E : PPU[1] Thread (CPUThread)[0x00f4a190]]: TODO: cellSpursJoinTask2
[E : PPU[1] Thread (CPUThread)[0x00f4a16c]]: TODO: _cellSpursTaskAttribute2Initialize
[E : PPU[1] Thread (CPUThread)[0x00f4a1b4]]: TODO: cellSpursCreateTask2
[E : PPU[1] Thread (CPUThread)[0x00f4a190]]: TODO: cellSpursJoinTask2
[E : PPU[1] Thread (CPUThread)[0x00f4a16c]]: TODO: _cellSpursTaskAttribute2Initialize
[E : PPU[1] Thread (CPUThread)[0x00f4a1b4]]: TODO: cellSpursCreateTask2
[E : PPU[1] Thread (CPUThread)[0x00f4a190]]: TODO: cellSpursJoinTask2
[E : PPU[1] Thread (CPUThread)[0x00f4a16c]]: TODO: _cellSpursTaskAttribute2Initialize
[E : PPU[1] Thread (CPUThread)[0x00f4a1b4]]: TODO: cellSpursCreateTask2
[E : PPU[1] Thread (CPUThread)[0x00f4a190]]: TODO: cellSpursJoinTask2
[E : PPU[1] Thread (CPUThread)[0x00f4a16c]]: TODO: _cellSpursTaskAttribute2Initialize
[E : PPU[1] Thread (CPUThread)[0x00f4a1b4]]: TODO: cellSpursCreateTask2
[E : PPU[1] Thread (CPUThread)[0x00f4a190]]: TODO: cellSpursJoinTask2
[E : PPU[1] Thread (CPUThread)[0x00f4a16c]]: TODO: _cellSpursTaskAttribute2Initialize
[E : PPU[1] Thread (CPUThread)[0x00f4a1b4]]: TODO: cellSpursCreateTask2
[E : PPU[1] Thread (CPUThread)[0x00f4a190]]: TODO: cellSpursJoinTask2
[E : PPU[1] Thread (CPUThread)[0x00f4a16c]]: TODO: _cellSpursTaskAttribute2Initialize
[E : PPU[1] Thread (CPUThread)[0x00f4a1b4]]: TODO: cellSpursCreateTask2
[E : PPU[1] Thread (CPUThread)[0x00f4a190]]: TODO: cellSpursJoinTask2
[E : PPU[1] Thread (CPUThread)[0x00f4a16c]]: TODO: _cellSpursTaskAttribute2Initialize
[E : PPU[1] Thread (CPUThread)[0x00f4a1b4]]: TODO: cellSpursCreateTask2
[E : PPU[1] Thread (CPUThread)[0x00f4a190]]: TODO: cellSpursJoinTask2
[E : PPU[1] Thread (CPUThread)[0x00f4a16c]]: TODO: _cellSpursTaskAttribute2Initialize
[E : PPU[1] Thread (CPUThread)[0x00f4a1b4]]: TODO: cellSpursCreateTask2
[E : PPU[1] Thread (CPUThread)[0x00f4a190]]: TODO: cellSpursJoinTask2
[E : PPU[1] Thread (CPUThread)[0x00f4a16c]]: TODO: _cellSpursTaskAttribute2Initialize
[E : PPU[1] Thread (CPUThread)[0x00f4a1b4]]: TODO: cellSpursCreateTask2
[E : PPU[1] Thread (CPUThread)[0x00f4a190]]: TODO: cellSpursJoinTask2
[E : PPU[1] Thread (CPUThread)[0x00f4a16c]]: TODO: _cellSpursTaskAttribute2Initialize
[E : PPU[1] Thread (CPUThread)[0x00f4a1b4]]: TODO: cellSpursCreateTask2
[E : PPU[1] Thread (CPUThread)[0x00f4a190]]: TODO: cellSpursJoinTask2
[E : PPU[1] Thread (CPUThread)[0x00f4a16c]]: TODO: _cellSpursTaskAttribute2Initialize
[E : PPU[1] Thread (CPUThread)[0x00f4a1b4]]: TODO: cellSpursCreateTask2
[E : PPU[1] Thread (CPUThread)[0x00f4a190]]: TODO: cellSpursJoinTask2
[E : PPU[1] Thread (CPUThread)[0x00f4a16c]]: TODO: _cellSpursTaskAttribute2Initialize
[E : PPU[1] Thread (CPUThread)[0x00f4a1b4]]: TODO: cellSpursCreateTask2
[E : PPU[1] Thread (CPUThread)[0x00f4a190]]: TODO: cellSpursJoinTask2
[E : PPU[1] Thread (CPUThread)[0x00f4a16c]]: TODO: _cellSpursTaskAttribute2Initialize
[E : PPU[1] Thread (CPUThread)[0x00f4a1b4]]: TODO: cellSpursCreateTask2
[E : PPU[1] Thread (CPUThread)[0x00f4a190]]: TODO: cellSpursJoinTask2
[E : PPU[1] Thread (CPUThread)[0x00f4a16c]]: TODO: _cellSpursTaskAttribute2Initialize
[E : PPU[1] Thread (CPUThread)[0x00f4a1b4]]: TODO: cellSpursCreateTask2
[E : PPU[1] Thread (CPUThread)[0x00f4a190]]: TODO: cellSpursJoinTask2
[E : PPU[1] Thread (CPUThread)[0x00f4a16c]]: TODO: _cellSpursTaskAttribute2Initialize
[E : PPU[1] Thread (CPUThread)[0x00f4a1b4]]: TODO: cellSpursCreateTask2
[E : PPU[1] Thread (CPUThread)[0x00f4a190]]: TODO: cellSpursJoinTask2
[E : PPU[1] Thread (CPUThread)[0x00f4a16c]]: TODO: _cellSpursTaskAttribute2Initialize
[E : PPU[1] Thread (CPUThread)[0x00f4a1b4]]: TODO: cellSpursCreateTask2
[E : PPU[1] Thread (CPUThread)[0x00f4a190]]: TODO: cellSpursJoinTask2
[E : PPU[1] Thread (CPUThread)[0x00f4a16c]]: TODO: _cellSpursTaskAttribute2Initialize
[E : PPU[1] Thread (CPUThread)[0x00f4a1b4]]: TODO: cellSpursCreateTask2
[E : PPU[1] Thread (CPUThread)[0x00f4a190]]: TODO: cellSpursJoinTask2
[E : PPU[1] Thread (CPUThread)[0x00f4a16c]]: TODO: _cellSpursTaskAttribute2Initialize
[E : PPU[1] Thread (CPUThread)[0x00f4a1b4]]: TODO: cellSpursCreateTask2
[E : PPU[1] Thread (CPUThread)[0x00f4a190]]: TODO: cellSpursJoinTask2
[E : PPU[1] Thread (CPUThread)[0x00f4a16c]]: TODO: _cellSpursTaskAttribute2Initialize
[E : PPU[1] Thread (CPUThread)[0x00f4a1b4]]: TODO: cellSpursCreateTask2
[E : PPU[1] Thread (CPUThread)[0x00f4a190]]: TODO: cellSpursJoinTask2
[E : PPU[1] Thread (CPUThread)[0x00f4a16c]]: TODO: _cellSpursTaskAttribute2Initialize
[E : PPU[1] Thread (CPUThread)[0x00f4a1b4]]: TODO: cellSpursCreateTask2
[E : PPU[1] Thread (CPUThread)[0x00f4a190]]: TODO: cellSpursJoinTask2
[E : PPU[1] Thread (CPUThread)[0x00f4a16c]]: TODO: _cellSpursTaskAttribute2Initialize
[E : PPU[1] Thread (CPUThread)[0x00f4a1b4]]: TODO: cellSpursCreateTask2
[E : PPU[1] Thread (CPUThread)[0x00f4a190]]: TODO: cellSpursJoinTask2
[E : PPU[1] Thread (CPUThread)[0x00f4a16c]]: TODO: _cellSpursTaskAttribute2Initialize
[E : PPU[1] Thread (CPUThread)[0x00f4a1b4]]: TODO: cellSpursCreateTask2
[E : PPU[1] Thread (CPUThread)[0x00f4a190]]: TODO: cellSpursJoinTask2
[E : PPU[1] Thread (CPUThread)[0x00f4a16c]]: TODO: _cellSpursTaskAttribute2Initialize
[E : PPU[1] Thread (CPUThread)[0x00f4a1b4]]: TODO: cellSpursCreateTask2
[E : PPU[1] Thread (CPUThread)[0x00f4a190]]: TODO: cellSpursJoinTask2
[E : PPU[1] Thread (CPUThread)[0x00f4a16c]]: TODO: _cellSpursTaskAttribute2Initialize
[E : PPU[1] Thread (CPUThread)[0x00f4a1b4]]: TODO: cellSpursCreateTask2
[E : PPU[1] Thread (CPUThread)[0x00f4a190]]: TODO: cellSpursJoinTask2
[E : PPU[1] Thread (CPUThread)[0x00f4a16c]]: TODO: _cellSpursTaskAttribute2Initialize
[E : PPU[1] Thread (CPUThread)[0x00f4a1b4]]: TODO: cellSpursCreateTask2
[E : PPU[1] Thread (CPUThread)[0x00f4a190]]: TODO: cellSpursJoinTask2
[E : PPU[1] Thread (CPUThread)[0x00f4a16c]]: TODO: _cellSpursTaskAttribute2Initialize
[E : PPU[1] Thread (CPUThread)[0x00f4a1b4]]: TODO: cellSpursCreateTask2
[E : PPU[1] Thread (CPUThread)[0x00f4a190]]: TODO: cellSpursJoinTask2
[E : PPU[1] Thread (CPUThread)[0x00f4a16c]]: TODO: _cellSpursTaskAttribute2Initialize
[E : PPU[1] Thread (CPUThread)[0x00f4a1b4]]: TODO: cellSpursCreateTask2
[E : PPU[1] Thread (CPUThread)[0x00f4a190]]: TODO: cellSpursJoinTask2
[E : PPU[1] Thread (CPUThread)[0x00f4a16c]]: TODO: _cellSpursTaskAttribute2Initialize
[E : PPU[1] Thread (CPUThread)[0x00f4a1b4]]: TODO: cellSpursCreateTask2
[E : PPU[1] Thread (CPUThread)[0x00f4a190]]: TODO: cellSpursJoinTask2
[E : PPU[1] Thread (CPUThread)[0x00f4a16c]]: TODO: _cellSpursTaskAttribute2Initialize
[E : PPU[1] Thread (CPUThread)[0x00f4a1b4]]: TODO: cellSpursCreateTask2
[E : PPU[1] Thread (CPUThread)[0x00f4a190]]: TODO: cellSpursJoinTask2
[E : PPU[1] Thread (CPUThread)[0x00f4a16c]]: TODO: _cellSpursTaskAttribute2Initialize
[E : PPU[1] Thread (CPUThread)[0x00f4a1b4]]: TODO: cellSpursCreateTask2
[E : PPU[1] Thread (CPUThread)[0x00f4a190]]: TODO: cellSpursJoinTask2
[E : PPU[1] Thread (CPUThread)[0x00f4a16c]]: TODO: _cellSpursTaskAttribute2Initialize
[E : PPU[1] Thread (CPUThread)[0x00f4a1b4]]: TODO: cellSpursCreateTask2
[E : PPU[1] Thread (CPUThread)[0x00f4a190]]: TODO: cellSpursJoinTask2
[E : PPU[1] Thread (CPUThread)[0x00f4a16c]]: TODO: _cellSpursTaskAttribute2Initialize
[E : PPU[1] Thread (CPUThread)[0x00f4a1b4]]: TODO: cellSpursCreateTask2
[E : PPU[1] Thread (CPUThread)[0x00f4a190]]: TODO: cellSpursJoinTask2
[E : PPU[1] Thread (CPUThread)[0x00f4a16c]]: TODO: _cellSpursTaskAttribute2Initialize
[E : PPU[1] Thread (CPUThread)[0x00f4a1b4]]: TODO: cellSpursCreateTask2
[E : PPU[1] Thread (CPUThread)[0x00f4a190]]: TODO: cellSpursJoinTask2
[E : PPU[1] Thread (CPUThread)[0x00f4a16c]]: TODO: _cellSpursTaskAttribute2Initialize
[E : PPU[1] Thread (CPUThread)[0x00f4a1b4]]: TODO: cellSpursCreateTask2
[E : PPU[1] Thread (CPUThread)[0x00f4a190]]: TODO: cellSpursJoinTask2
[E : PPU[1] Thread (CPUThread)[0x00f4a16c]]: TODO: _cellSpursTaskAttribute2Initialize
[E : PPU[1] Thread (CPUThread)[0x00f4a1b4]]: TODO: cellSpursCreateTask2
[E : PPU[1] Thread (CPUThread)[0x00f4a190]]: TODO: cellSpursJoinTask2
[E : PPU[1] Thread (CPUThread)[0x00f4a16c]]: TODO: _cellSpursTaskAttribute2Initialize
[E : PPU[1] Thread (CPUThread)[0x00f4a1b4]]: TODO: cellSpursCreateTask2
[E : PPU[1] Thread (CPUThread)[0x00f4a190]]: TODO: cellSpursJoinTask2
[E : PPU[1] Thread (CPUThread)[0x00f4a16c]]: TODO: _cellSpursTaskAttribute2Initialize
[E : PPU[1] Thread (CPUThread)[0x00f4a1b4]]: TODO: cellSpursCreateTask2
[E : PPU[1] Thread (CPUThread)[0x00f4a190]]: TODO: cellSpursJoinTask2
[E : PPU[1] Thread (CPUThread)[0x00f4a16c]]: TODO: _cellSpursTaskAttribute2Initialize
[E : PPU[1] Thread (CPUThread)[0x00f4a1b4]]: TODO: cellSpursCreateTask2
[! : RSXThread]: RSX thread exit...
[W : PPU[98] Thread (closeAsync)[0x0067f828]]: sys_event_queue_receive(equeue=97) aborted
[W : PPU[113] Thread (decodeProc)[0x009fcf38]]: sys_event_queue_receive(equeue=109) aborted
[W : PPU[92] Thread (spu2ppuEventThread)[0x006f7a90]]: sys_event_queue_receive(equeue=91) aborted
[W : PPU[108] Thread (decodeProc)[0x009fcf38]]: sys_event_queue_receive(equeue=105) aborted
[!]: Closing memory...
