[!]: Loading 'D:\Emulateur\Rpcs3\dev_hdd0\game\BLES01658-[Dragon Ball Z Budokai HD Collection]\PS3_GAME\USRDIR\BOOT.BIN'...
[!]: Mount info:
[!]: / -> 
[!]: /dev_usb/ -> D:\Emulateur\Rpcs3\dev_usb000\
[!]: /dev_hdd1/ -> D:\Emulateur\Rpcs3\dev_hdd1\
[!]: /dev_hdd0/ -> D:\Emulateur\Rpcs3\dev_hdd0\
[!]: /app_home/ -> 
[!]: /dev_bdvd/ -> \..\
[!]: /dev_flash/ -> D:\Emulateur\Rpcs3\dev_flash\
[!]: /host_root/ -> 
[!]: /dev_usb000/ -> D:\Emulateur\Rpcs3\dev_usb000\
[!]: Initing memory...
[!]: Memory initialized.
[W]: Unknown function 0x0a862772 in 'cellGcmSys' module
[E]: TODO: cellGcmSetQueueHandler
[W]: Unknown function 0xd3758645 in 'cellResc' module
[E]: TODO: cellRescSetVBlankHandler
[W]: Unknown function 0x20543730 in 'cellSysutil' module
[E]: TODO: cellMsgDialogClose
[W]: Unknown function 0x220894e3 in 'cellSysutil' module
[E]: TODO: cellSysutilEnableBgmPlayback
[W]: Unknown function 0x62b0f803 in 'cellSysutil' module
[E]: TODO: cellMsgDialogAbort
[W]: Unknown function 0x94862702 in 'cellSysutil' module
[E]: TODO: cellMsgDialogProgressBarInc
[W]: Unknown function 0x9d6af72a in 'cellSysutil' module
[E]: TODO: cellMsgDialogProgressBarSetMsg
[W]: Unknown function 0xa11552f6 in 'cellSysutil' module
[E]: TODO: cellSysutilGetBgmPlaybackStatus
[W]: Unknown function 0xe7fa820b in 'cellSysutil' module
[E]: TODO: cellSaveDataEnableOverlay
[W]: Unknown function 0xfbd5c856 in 'cellSysutil' module
[E]: TODO: cellSaveDataAutoLoad2
[W]: Unknown function 0xcfdd8e87 in 'cellSysutil' module
[E]: TODO: cellSysutilDisableBgmPlayback
[W]: Unknown function 0x07529113 in 'cellSpurs' module
[E]: TODO: cellSpursAttributeSetNamePrefix
[W]: Unknown function 0x1051d134 in 'cellSpurs' module
[E]: TODO: cellSpursAttributeEnableSpuPrintfIfAvailable
[W]: Unknown function 0x16394a4e in 'cellSpurs' module
[E]: TODO: _cellSpursTasksetAttributeInitialize
[W]: Unknown function 0x22aab31d in 'cellSpurs' module
[E]: TODO: cellSpursEventFlagDetachLv2EventQueue
[W]: Unknown function 0x30aa96c4 in 'cellSpurs' module
[E]: TODO: cellSpursInitializeWithAttribute2
[W]: Unknown function 0x373523d4 in 'cellSpurs' module
[E]: TODO: cellSpursEventFlagWait
[W]: Unknown function 0x5ef96465 in 'cellSpurs' module
[E]: TODO: _cellSpursEventFlagInitialize
[W]: Unknown function 0x652b70e2 in 'cellSpurs' module
[E]: TODO: cellSpursTasksetAttributeSetName
[W]: Unknown function 0x6d2d9339 in 'cellSpurs' module
[E]: TODO: cellSpursEventFlagTryWait
[W]: Unknown function 0x87630976 in 'cellSpurs' module
[E]: TODO: cellSpursEventFlagAttachLv2EventQueue
[W]: Unknown function 0x95180230 in 'cellSpurs' module
[E]: TODO: _cellSpursAttributeInitialize
[W]: Unknown function 0x9f72add3 in 'cellSpurs' module
[E]: TODO: cellSpursJoinTaskset
[W]: Unknown function 0xa789e631 in 'cellSpurs' module
[E]: TODO: cellSpursShutdownTaskset
[W]: Unknown function 0xaa6269a8 in 'cellSpurs' module
[E]: TODO: cellSpursInitializeWithAttribute
[W]: Unknown function 0xc10931cb in 'cellSpurs' module
[E]: TODO: cellSpursCreateTasksetWithAttribute
[W]: Unknown function 0xca4c4600 in 'cellSpurs' module
[E]: TODO: cellSpursFinalize
[W]: Unknown function 0x011ee38b in 'cellSpurs' module
[E]: TODO: _cellSpursLFQueueInitialize
[W]: Unknown function 0x1656d49f in 'cellSpurs' module
[E]: TODO: cellSpursLFQueueAttachLv2EventQueue
[W]: Unknown function 0x1d46fedf in 'cellSpurs' module
[E]: TODO: cellSpursCreateTaskWithAttribute
[W]: Unknown function 0x73e06f91 in 'cellSpurs' module
[E]: TODO: cellSpursLFQueueDetachLv2EventQueue
[W]: Unknown function 0x7fdf4fef in 'cellSpurs' module
[E]: TODO: cellSpursBarrierInitialize
[W]: Unknown function 0x8a85674d in 'cellSpurs' module
[E]: TODO: _cellSpursLFQueuePushBody
[W]: Unknown function 0x9034e538 in 'cellSpurs' module
[E]: TODO: cellSpursTaskGetContextSaveAreaSize
[W]: Unknown function 0xb8474eff in 'cellSpurs' module
[E]: TODO: _cellSpursTaskAttributeInitialize
[W]: Unknown function 0xbeb600ac in 'cellSpurs' module
[E]: TODO: cellSpursCreateTask
[W]: Unknown function 0xe0a6dbe4 in 'cellSpurs' module
[E]: TODO: _cellSpursSendSignal
[W]: Unknown module 'libgem'
[W]: Unknown function 0x1197b52c in 'sceNpTrophy' module
[E]: TODO: sceNpTrophyRegisterContext
[W]: Unknown function 0x1c25470d in 'sceNpTrophy' module
[E]: TODO: sceNpTrophyCreateHandle
[W]: Unknown function 0x27deda93 in 'sceNpTrophy' module
[E]: TODO: sceNpTrophySetSoundLevel
[W]: Unknown function 0x370136fe in 'sceNpTrophy' module
[E]: TODO: sceNpTrophyGetRequiredDiskSpace
[W]: Unknown function 0x3741ecc7 in 'sceNpTrophy' module
[E]: TODO: sceNpTrophyDestroyContext
[W]: Unknown function 0x39567781 in 'sceNpTrophy' module
[E]: TODO: sceNpTrophyInit
[W]: Unknown function 0x48bd97c7 in 'sceNpTrophy' module
[E]: TODO: sceNpTrophyAbortHandle
[W]: Unknown function 0x623cd2dc in 'sceNpTrophy' module
[E]: TODO: sceNpTrophyDestroyHandle
[W]: Unknown function 0x8ceedd21 in 'sceNpTrophy' module
[E]: TODO: sceNpTrophyUnlockTrophy
[W]: Unknown function 0xa7fabf4d in 'sceNpTrophy' module
[E]: TODO: sceNpTrophyTerm
[W]: Unknown function 0xb3ac3478 in 'sceNpTrophy' module
[E]: TODO: sceNpTrophyGetTrophyUnlockState
[W]: Unknown function 0xe3bf9a28 in 'sceNpTrophy' module
[E]: TODO: sceNpTrophyCreateContext
[W]: Unknown function 0xfce6d30a in 'sceNpTrophy' module
[E]: TODO: sceNpTrophyGetTrophyInfo
[W]: Unknown module 'cellSaveData'
[W]: Unknown function 0x4cc9b68d in 'sys_io' module
[E]: TODO: cellPadPeriphGetInfo
[W]: Unknown function 0x06ddb53e in 'cellAtrac' module
[E]: TODO: cellAtracSetSecondBuffer
[W]: Unknown function 0x0f9667b6 in 'cellAtrac' module
[E]: TODO: cellAtracGetChannel
[W]: Unknown function 0x2642d4cc in 'cellAtrac' module
[E]: TODO: cellAtracCreateDecoderExt
[W]: Unknown function 0x2bfff084 in 'cellAtrac' module
[E]: TODO: cellAtracGetStreamDataInfo
[W]: Unknown function 0x46cfc013 in 'cellAtrac' module
[E]: TODO: cellAtracAddStreamData
[W]: Unknown function 0x5f62d546 in 'cellAtrac' module
[E]: TODO: cellAtracGetMaxSample
[W]: Unknown function 0x66afc68e in 'cellAtrac' module
[E]: TODO: cellAtracSetDataAndGetMemSize
[W]: Unknown function 0x761cb9be in 'cellAtrac' module
[E]: TODO: cellAtracDeleteDecoder
[W]: Unknown function 0x7772eb2b in 'cellAtrac' module
[E]: TODO: cellAtracResetPlayPosition
[W]: Unknown function 0x78ba5c41 in 'cellAtrac' module
[E]: TODO: cellAtracSetLoopNum
[W]: Unknown function 0x8eb0e65f in 'cellAtrac' module
[E]: TODO: cellAtracDecode
[W]: Unknown function 0x99efe171 in 'cellAtrac' module
[E]: TODO: cellAtracIsSecondBufferNeeded
[W]: Unknown function 0x99fb73d1 in 'cellAtrac' module
[E]: TODO: cellAtracGetBufferInfoForResetting
[W]: Unknown function 0xab6b6dbf in 'cellAtrac' module
[E]: TODO: cellAtracGetLoopInfo
[W]: Unknown function 0xb5c11938 in 'cellAtrac' module
[E]: TODO: cellAtracGetInternalErrorInfo
[W]: Unknown function 0xbe07f05e in 'cellAtrac' module
[E]: TODO: cellAtracGetSecondBufferInfo
[W]: Unknown function 0xc9a95fcb in 'cellAtrac' module
[E]: TODO: cellAtracGetVacantSize
[W]: Unknown function 0xad218faf in 'sceNp' module
[E]: TODO: sceNpDrmIsAvailable
[W]: Unknown function 0x07254fda in 'cellSync' module
[E]: TODO: cellSyncBarrierInitialize
[W]: Unknown function 0x6c272124 in 'cellSync' module
[E]: TODO: cellSyncBarrierTryWait
[W]: Unknown function 0x44265c08 in 'sysPrxForUser' module
[E]: TODO: _sys_heap_memalign
[W]: Unknown function 0x67f9fedb in 'sysPrxForUser' module
[E]: TODO: sys_game_process_exitspawn2
[W]: Unknown function 0x8a561d92 in 'sysPrxForUser' module
[E]: TODO: _sys_heap_free
[W]: Unknown function 0xaede4b03 in 'sysPrxForUser' module
[E]: TODO: _sys_heap_delete_heap
[W]: Unknown function 0xdd3b27ac in 'sysPrxForUser' module
[E]: TODO: _sys_spu_printf_finalize
[E : PPU[1] Thread (CPUThread)[0x00154bd4]]: TODO: cellSaveDataEnableOverlay
[E : PPU[1] Thread (CPUThread)[0x00154bd4]]: TODO: cellSaveDataEnableOverlay
[E : PPU[1] Thread (CPUThread)[0x00154bd4]]: TODO: cellSaveDataEnableOverlay
[W : PPU[1] Thread (CPUThread)[0x000d7c54]]: memory warning: (HACK!) sys_memory_allocate(size=0xd00000, flags=0x400)
[W : PPU[1] Thread (CPUThread)[0x00154ba4]]: cellSysutil warning: cellSysutilRegisterCallback(slot=0, func_addr=0x160b00, userdata=0x0)
[W : PPU[1] Thread (CPUThread)[0x000d7c54]]: memory warning: (HACK!) sys_memory_allocate(size=0x400000, flags=0x400)
[W : PPU[1] Thread (CPUThread)[0x00154890]]: cellGcmSys warning: cellGcmInit(context_addr=0x28b270,cmdSize=0x100000,ioSize=0x200000,ioAddress=0x31000000)
[W : PPU[1] Thread (CPUThread)[0x00154890]]: cellGcmSys warning: *** local memory(addr=0xc0000000, size=0xf900000)
[W : PPU[1] Thread (CPUThread)[0x00154890]]: cellGcmSys warning: cellGcmMapEaIoAddress(ea=0x31000000, io=0x200000, size=0x0)
[W : PPU[1] Thread (CPUThread)[0x0015486c]]: cellGcmSys warning: cellGcmGetTiledPitchSize(size=5120)
[! : RSXThread]: RSX thread entry
[W : PPU[1] Thread (CPUThread)[0x00154908]]: cellGcmSys warning: cellGcmSetTileInfo(index=0, location=0, offset=65536, size=3932160, pitch=5120, comp=0, base=0, bank=0)
[W : PPU[1] Thread (CPUThread)[0x001548b4]]: cellGcmSys warning: cellGcmBindTile(index=0)
[W : PPU[1] Thread (CPUThread)[0x0015486c]]: cellGcmSys warning: cellGcmGetTiledPitchSize(size=5120)
[W : PPU[1] Thread (CPUThread)[0x00154908]]: cellGcmSys warning: cellGcmSetTileInfo(index=1, location=0, offset=4128768, size=3932160, pitch=5120, comp=9, base=60, bank=2)
[E : PPU[1] Thread (CPUThread)[0x00154908]]: cellGcmSys error: cellGcmSetTileInfo: bad comp! (9)
[W : PPU[1] Thread (CPUThread)[0x001548b4]]: cellGcmSys warning: cellGcmBindTile(index=1)
[W : PPU[1] Thread (CPUThread)[0x001548e4]]: cellGcmSys warning: TODO: cellGcmBindZcull(index=0)
[W : PPU[1] Thread (CPUThread)[0x0015486c]]: cellGcmSys warning: cellGcmGetTiledPitchSize(size=5120)
[W : PPU[1] Thread (CPUThread)[0x00154908]]: cellGcmSys warning: cellGcmSetTileInfo(index=2, location=0, offset=8192000, size=3932160, pitch=5120, comp=0, base=120, bank=0)
[W : PPU[1] Thread (CPUThread)[0x001548b4]]: cellGcmSys warning: cellGcmBindTile(index=2)
[W : PPU[1] Thread (CPUThread)[0x0015486c]]: cellGcmSys warning: cellGcmGetTiledPitchSize(size=5120)
[W : PPU[1] Thread (CPUThread)[0x00154908]]: cellGcmSys warning: cellGcmSetTileInfo(index=3, location=0, offset=12255232, size=3932160, pitch=5120, comp=0, base=180, bank=0)
[W : PPU[1] Thread (CPUThread)[0x001548b4]]: cellGcmSys warning: cellGcmBindTile(index=3)
[W : PPU[1] Thread (CPUThread)[0x00154a74]]: cellSysmodule warning: cellSysmoduleLoadModule(CELL_SYSMODULE_RESC)
[W : PPU[1] Thread (CPUThread)[0x00154a04]]: cellResc warning: cellRescInit(initConfig_addr=0xd0010904)
[W : PPU[1] Thread (CPUThread)[0x001549e0]]: cellResc warning: cellRescSetDisplayMode(displayMode=4)
[W : PPU[1] Thread (CPUThread)[0x001549e0]]: cellSysutil warning: cellVideoOutConfigure(videoOut=0, config_addr=0x31311cf8, option_addr=0x0, waitForEvent=0x0)
[W : PPU[1] Thread (CPUThread)[0x001549e0]]: cellGcmSys warning: cellGcmSetFlipMode(mode=2)
[W : PPU[1] Thread (CPUThread)[0x00154a10]]: cellResc warning: cellRescGetBufferSize(colorBuffers_addr=0xd00108e4, vertexArray_addr=0xd00108e8, fragmentShader_addr=0xd00108ec)
[W : PPU[1] Thread (CPUThread)[0x00154a28]]: cellResc warning: cellRescSetBufferAddress(colorBuffers_addr=0xc11a0000, vertexArray_addr=0xc2320000, fragmentShader_addr=0xc2331080)
[W : PPU[1] Thread (CPUThread)[0x00154a28]]: cellGcmSys warning: cellGcmSetDisplayBuffer(id=0x0,offset=0x11a0000,pitch=4,width=1280,height=720)
[W : PPU[1] Thread (CPUThread)[0x00154a28]]: cellGcmSys warning: cellGcmSetDisplayBuffer(id=0x1,offset=0x1560000,pitch=4,width=1280,height=720)
[W : PPU[1] Thread (CPUThread)[0x00154908]]: cellGcmSys warning: cellGcmSetTileInfo(index=4, location=0, offset=18481152, size=17825792, pitch=5120, comp=7, base=240, bank=0)
[E : PPU[1] Thread (CPUThread)[0x00154908]]: cellGcmSys error: cellGcmSetTileInfo: bad comp! (7)
[W : PPU[1] Thread (CPUThread)[0x001548b4]]: cellGcmSys warning: cellGcmBindTile(index=4)
[E : PPU[1] Thread (CPUThread)[0x00154a4c]]: TODO: cellRescSetVBlankHandler
[E : PPU[1] Thread (CPUThread)[0x00154884]]: TODO: cellGcmSetQueueHandler
[W : PPU[2] Thread (Terminate Thread)[0x00154a68]]: cellSysmodule warning: cellSysmoduleUnloadModule(CELL_SYSMODULE_SYSUTIL_GAME)
[W : PPU[2] Thread (Terminate Thread)[0x00154a68]]: cellSysmodule warning: cellSysmoduleUnloadModule(CELL_SYSMODULE_RESC)
[E : PPU[2] Thread (Terminate Thread)[0x0002afe0]]: Read32 from null block: [0000000c]
[! : RSXThread]: RSX thread exit...
[!]: Closing memory...
