[!]: path: /dev_hdd0/game/
[!]: Loading 'D:\Emulateur\Rpcs3\dev_hdd0\game\BLES00444-[ETERNAL SONATA]\PS3_GAME\USRDIR\BOOT.BIN'...
[!]: Mount info:
[!]: /dev_hdd0/ -> D:\Emulateur\Rpcs3\dev_hdd0\
[!]: /dev_hdd1/ -> D:\Emulateur\Rpcs3\dev_hdd1\
[!]: /dev_flash/ -> D:\Emulateur\Rpcs3\dev_flash\
[!]: /dev_usb000/ -> D:\Emulateur\Rpcs3\dev_usb000\
[!]: /dev_usb/ -> D:\Emulateur\Rpcs3\dev_usb000\
[!]: /app_home/ -> D:\Emulateur\Rpcs3\dev_hdd0\game\BLES00444-[ETERNAL SONATA]\PS3_GAME\
[!]: /dev_bdvd/ -> D:\Emulateur\Rpcs3\dev_hdd0\game\BLES00444-[ETERNAL SONATA]\PS3_GAME\\..\
[!]: /host_root/ -> 
[!]: / -> D:\Emulateur\Rpcs3\dev_hdd0\game\BLES00444-[ETERNAL SONATA]\PS3_GAME\
[!]: Initing memory...
[!]: Memory initialized.
[W]: Unknown function 0xf83f8182 in 'sys_io' module
[E]: TODO: cellPadSetPressMode
[W]: Unknown function 0x99d397ac in 'cellGcmSys' module
[E]: TODO: cellGcmGetReport
[W]: Unknown function 0x1dfbfdd6 in 'cellSysutil' module
[E]: TODO: cellSaveDataListLoad2
[W]: Unknown function 0x2de0d663 in 'cellSysutil' module
[E]: TODO: cellSaveDataListSave2
[W]: Unknown function 0x8b7ed64b in 'cellSysutil' module
[E]: TODO: cellSaveDataAutoSave2
[W]: Unknown function 0xedadd797 in 'cellSysutil' module
[E]: TODO: cellSaveDataDelete2
[W]: Unknown function 0xfbd5c856 in 'cellSysutil' module
[E]: TODO: cellSaveDataAutoLoad2
[W]: Unknown module 'cellSysutilAvconfExt'
[W]: Unknown function 0x07529113 in 'cellSpurs' module
[E]: TODO: cellSpursAttributeSetNamePrefix
[W]: Unknown function 0x303c19cd in 'cellSpurs' module
[E]: TODO: cellSpursCreateJobChainWithAttribute
[W]: Unknown function 0x3548f483 in 'cellSpurs' module
[E]: TODO: _cellSpursJobChainAttributeInitialize
[W]: Unknown function 0x373523d4 in 'cellSpurs' module
[E]: TODO: cellSpursEventFlagWait
[W]: Unknown function 0x4e66d483 in 'cellSpurs' module
[E]: TODO: cellSpursDetachLv2EventQueue
[W]: Unknown function 0x5ef96465 in 'cellSpurs' module
[E]: TODO: _cellSpursEventFlagInitialize
[W]: Unknown function 0x87630976 in 'cellSpurs' module
[E]: TODO: cellSpursEventFlagAttachLv2EventQueue
[W]: Unknown function 0x95180230 in 'cellSpurs' module
[E]: TODO: _cellSpursAttributeInitialize
[W]: Unknown function 0x9fef70c2 in 'cellSpurs' module
[E]: TODO: cellSpursJobChainAttributeSetName
[W]: Unknown function 0xaa6269a8 in 'cellSpurs' module
[E]: TODO: cellSpursInitializeWithAttribute
[W]: Unknown function 0xacfc8dbc in 'cellSpurs' module
[E]: TODO: cellSpursInitialize
[W]: Unknown function 0xb9bc6207 in 'cellSpurs' module
[E]: TODO: cellSpursAttachLv2EventQueue
[W]: Unknown function 0xf31731bb in 'cellSpurs' module
[E]: TODO: cellSpursRunJobChain
[W]: Unknown function 0x22aab31d in 'cellSpurs' module
[E]: TODO: cellSpursEventFlagDetachLv2EventQueue
[W]: Unknown function 0x52cc6c82 in 'cellSpurs' module
[E]: TODO: cellSpursCreateTaskset
[W]: Unknown function 0x9f72add3 in 'cellSpurs' module
[E]: TODO: cellSpursJoinTaskset
[W]: Unknown function 0xa789e631 in 'cellSpurs' module
[E]: TODO: cellSpursShutdownTaskset
[W]: Unknown function 0xbeb600ac in 'cellSpurs' module
[E]: TODO: cellSpursCreateTask
[W]: Unknown function 0xe0a6dbe4 in 'cellSpurs' module
[E]: TODO: _cellSpursSendSignal
[W]: Unknown function 0x750c363d in 'cellL10n' module
[E]: TODO: jstrchk
[W]: Unknown function 0xa298cad2 in 'cellL10n' module
[E]: TODO: l10n_convert_str
[W]: Unknown function 0xcc1633cc in 'cellL10n' module
[E]: TODO: l10n_get_converter
[W]: Unknown function 0xd3758645 in 'cellResc' module
[E]: TODO: cellRescSetVBlankHandler
[W]: Unknown function 0xe0cef79e in 'cellResc' module
[E]: TODO: cellRescCreateInterlaceTable
[W : PPU[1] Thread (CPUThread)[0x00a37034]]: sys_lwmutex warning: *** lwmutex created [_lc_mtx] (attribute=0x12): sq_id = 3
[W : PPU[1] Thread (CPUThread)[0x003f9054]]: memory warning: sys_memory_get_user_memory_size(mem_info_addr=0xd0020c04)
[W : PPU[1] Thread (CPUThread)[0x00a37034]]: sys_lwmutex warning: *** lwmutex created [_lc_mtx] (attribute=0x12): sq_id = 4
[W : PPU[1] Thread (CPUThread)[0x00a37034]]: sys_lwmutex warning: *** lwmutex created [_lc_mtx] (attribute=0x12): sq_id = 5
[W : PPU[1] Thread (CPUThread)[0x00a37034]]: sys_lwmutex warning: *** lwmutex created [_lc_mtx] (attribute=0x12): sq_id = 6
[W : PPU[1] Thread (CPUThread)[0x00a37034]]: sys_lwmutex warning: *** lwmutex created [_lc_mtx] (attribute=0x12): sq_id = 7
[W : PPU[1] Thread (CPUThread)[0x00a37034]]: sys_lwmutex warning: *** lwmutex created [_lc_mtx] (attribute=0x12): sq_id = 8
[W : PPU[1] Thread (CPUThread)[0x00a37034]]: sys_lwmutex warning: *** lwmutex created [_lc_mtx] (attribute=0x12): sq_id = 9
[W : PPU[1] Thread (CPUThread)[0x00a37034]]: sys_lwmutex warning: *** lwmutex created [_lc_mtx] (attribute=0x12): sq_id = 10
[W : PPU[1] Thread (CPUThread)[0x00a37034]]: sys_lwmutex warning: *** lwmutex created [_lc_mtx] (attribute=0x12): sq_id = 11
[W : PPU[1] Thread (CPUThread)[0x00a37034]]: sys_lwmutex warning: *** lwmutex created [_lc_mtx] (attribute=0x12): sq_id = 12
[W : PPU[1] Thread (CPUThread)[0x0031d8f0]]: sys_semaphore warning: sys_semaphore_create(sem_addr=0x9cbf64, attr_addr=0xd0020b40, initial_count=1, max_count=1)
[W : PPU[1] Thread (CPUThread)[0x0031d8f0]]: sys_semaphore warning: sys_semaphore_create(sem_addr=0x8ad320, attr_addr=0xd0020b30, initial_count=1, max_count=1)
[W : PPU[1] Thread (CPUThread)[0x0031d8f0]]: sys_semaphore warning: sys_semaphore_create(sem_addr=0x8a6d2c, attr_addr=0xd0020b40, initial_count=1, max_count=1)
[W : PPU[1] Thread (CPUThread)[0x0031d8f0]]: sys_semaphore warning: sys_semaphore_create(sem_addr=0x83e71c, attr_addr=0xd0020b40, initial_count=1, max_count=1)
[W : PPU[1] Thread (CPUThread)[0x0050607c]]: cellSysutil warning: cellSysutilRegisterCallback(slot=3, func_addr=0x530840, userdata=0x0)
[W : PPU[1] Thread (CPUThread)[0x00506040]]: cellSysutil warning: cellSysutilGetSystemParamInt: CELL_SYSUTIL_SYSTEMPARAM_ID_LANG
[W : PPU[1] Thread (CPUThread)[0x00506040]]: cellSysutil warning: cellSysutilGetSystemParamInt: CELL_SYSUTIL_SYSTEMPARAM_ID_LANG
[W : PPU[1] Thread (CPUThread)[0x0031d8f0]]: sys_semaphore warning: sys_semaphore_create(sem_addr=0x8a69e0, attr_addr=0xd0020a50, initial_count=1, max_count=1)
[W : PPU[1] Thread (CPUThread)[0x0031d8f0]]: sys_semaphore warning: sys_semaphore_create(sem_addr=0x85bb60, attr_addr=0xd00201f0, initial_count=1, max_count=1)
[W : PPU[1] Thread (CPUThread)[0x0031d8f0]]: sys_semaphore warning: sys_semaphore_create(sem_addr=0x85bb78, attr_addr=0xd00201f0, initial_count=2, max_count=2)
[W : PPU[1] Thread (CPUThread)[0x0031d8f0]]: sys_semaphore warning: sys_semaphore_create(sem_addr=0x85bb90, attr_addr=0xd00201f0, initial_count=0, max_count=32)
[W : PPU[1] Thread (CPUThread)[0x0031d8f0]]: sys_semaphore warning: sys_semaphore_create(sem_addr=0x85bba8, attr_addr=0xd00201f0, initial_count=0, max_count=4)
[W : PPU[1] Thread (CPUThread)[0x0031d8f0]]: sys_semaphore warning: sys_semaphore_create(sem_addr=0x85bbec, attr_addr=0xd00201f0, initial_count=0, max_count=1)
[W : PPU[1] Thread (CPUThread)[0x0031d8f0]]: sys_semaphore warning: sys_semaphore_create(sem_addr=0x89c700, attr_addr=0xd00201f0, initial_count=1, max_count=1)
[W : PPU[1] Thread (CPUThread)[0x0031d8f0]]: sys_semaphore warning: sys_semaphore_create(sem_addr=0x89fa48, attr_addr=0xd00201f0, initial_count=1, max_count=1)
[W : PPU[1] Thread (CPUThread)[0x0031d8f0]]: sys_semaphore warning: sys_semaphore_create(sem_addr=0x8a2d90, attr_addr=0xd00201f0, initial_count=1, max_count=1)
[W : PPU[1] Thread (CPUThread)[0x0050c010]]: cellSysmodule warning: cellSysmoduleLoadModule(CELL_SYSMODULE_FS)
[W : PPU[1] Thread (CPUThread)[0x0050a064]]: sys_fs warning: cellFsAioInit(mount_point_addr=0x489d88 (/dev_bdvd))
[W : PPU[1] Thread (CPUThread)[0x0050a034]]: *** cellFsOpen(path="/dev_bdvd/PS3_GAME/USRDIR/archives/root.files"): fd = 28
[W : PPU[1] Thread (CPUThread)[0x0050a034]]: *** cellFsOpen(path="/dev_bdvd/PS3_GAME/USRDIR/archives/campdata.files"): fd = 29
[W : PPU[1] Thread (CPUThread)[0x0050a034]]: *** cellFsOpen(path="/dev_bdvd/PS3_GAME/USRDIR/archives/btldata.files"): fd = 30
[W : PPU[1] Thread (CPUThread)[0x0050a034]]: *** cellFsOpen(path="/dev_bdvd/PS3_GAME/USRDIR/archives/cfdata.files"): fd = 31
[W : PPU[1] Thread (CPUThread)[0x0050a034]]: *** cellFsOpen(path="/dev_bdvd/PS3_GAME/USRDIR/archives/evdata.files"): fd = 32
[W : PPU[1] Thread (CPUThread)[0x0050a034]]: *** cellFsOpen(path="/dev_bdvd/PS3_GAME/USRDIR/archives/maptex.files"): fd = 33
[W : PPU[1] Thread (CPUThread)[0x0050a034]]: *** cellFsOpen(path="/dev_bdvd/PS3_GAME/USRDIR/archives/mapse.files"): fd = 34
[W : PPU[1] Thread (CPUThread)[0x0050a034]]: *** cellFsOpen(path="/dev_bdvd/PS3_GAME/USRDIR/archives/cxs.files"): fd = 35
[W : PPU[1] Thread (CPUThread)[0x00506058]]: cellSysutil warning: cellVideoOutGetNumberOfDevice(videoOut=0)
[W : PPU[1] Thread (CPUThread)[0x00506088]]: cellSysutil warning: cellVideoOutGetResolutionAvailability(videoOut=0, resolutionId=0x2, option_addr=0x2, aspect=0x0, option=0x809957a0)
[W : PPU[1] Thread (CPUThread)[0x00504010]]: cellGcmSys warning: cellGcmInit(context_addr=0x9ea77c,cmdSize=0x3ff000,ioSize=0x400000,ioAddress=0x3bb30000)
[W : PPU[1] Thread (CPUThread)[0x00504010]]: cellGcmSys warning: *** local memory(addr=0xc0000000, size=0xf900000)
[W : PPU[1] Thread (CPUThread)[0x00504010]]: cellGcmSys warning: cellGcmMapEaIoAddress(ea=0x3bb30000, io=0x0, size=0x400000)
[! : RSXThread]: RSX thread entry
[W : PPU[1] Thread (CPUThread)[0x00504064]]: cellGcmSys warning: cellGcmMapMainMemory(ea=0x30010000,size=0xbb00000,offset_addr=0xd0020ab8)
[W : PPU[1] Thread (CPUThread)[0x00506010]]: cellSysutil warning: cellVideoOutConfigure(videoOut=0, config_addr=0xd0020af8, option_addr=0x0, waitForEvent=0x0)
[W : PPU[1] Thread (CPUThread)[0x0050c010]]: cellSysmodule warning: cellSysmoduleLoadModule(CELL_SYSMODULE_AVCONF_EXT)
[E : PPU[1] Thread (CPUThread)[0x00508004]]: TODO: cellVideoOutSetGamma
[W : PPU[1] Thread (CPUThread)[0x00504040]]: cellGcmSys warning: cellGcmSetFlipMode(mode=2)
[W : PPU[1] Thread (CPUThread)[0x0031d8f0]]: sys_semaphore warning: sys_semaphore_create(sem_addr=0x840420, attr_addr=0xd0020950, initial_count=1, max_count=1)
[W : PPU[1] Thread (CPUThread)[0x00504004]]: cellGcmSys warning: cellGcmGetTiledPitchSize(size=5120)
[W : PPU[1] Thread (CPUThread)[0x00504004]]: cellGcmSys warning: cellGcmGetTiledPitchSize(size=5120)
[W : PPU[1] Thread (CPUThread)[0x005040a0]]: cellGcmSys warning: cellGcmSetTile(index=0, location=0, offset=65536, size=3801088, pitch=5120, comp=0, base=0, bank=0)
[W : PPU[1] Thread (CPUThread)[0x00504070]]: cellGcmSys warning: cellGcmSetDisplayBuffer(id=0x0,offset=0x10000,pitch=4,width=1280,height=720)
[W : PPU[1] Thread (CPUThread)[0x00504004]]: cellGcmSys warning: cellGcmGetTiledPitchSize(size=5120)
[W : PPU[1] Thread (CPUThread)[0x005040a0]]: cellGcmSys warning: cellGcmSetTile(index=1, location=0, offset=3932160, size=3801088, pitch=5120, comp=0, base=0, bank=0)
[W : PPU[1] Thread (CPUThread)[0x00504070]]: cellGcmSys warning: cellGcmSetDisplayBuffer(id=0x1,offset=0x3c0000,pitch=4,width=1280,height=720)
[W : PPU[1] Thread (CPUThread)[0x00504004]]: cellGcmSys warning: cellGcmGetTiledPitchSize(size=5120)
[W : PPU[1] Thread (CPUThread)[0x005040a0]]: cellGcmSys warning: cellGcmSetTile(index=2, location=0, offset=7798784, size=3801088, pitch=5120, comp=9, base=0, bank=1)
[E : PPU[1] Thread (CPUThread)[0x005040a0]]: cellGcmSys error: cellGcmSetTile: bad comp! (9)
[W : PPU[1] Thread (CPUThread)[0x00504004]]: cellGcmSys warning: cellGcmGetTiledPitchSize(size=10240)
[W : PPU[1] Thread (CPUThread)[0x005040a0]]: cellGcmSys warning: cellGcmSetTile(index=3, location=0, offset=11665408, size=7536640, pitch=10240, comp=7, base=178, bank=0)
[E : PPU[1] Thread (CPUThread)[0x005040a0]]: cellGcmSys error: cellGcmSetTile: bad comp! (7)
[W : PPU[1] Thread (CPUThread)[0x00504004]]: cellGcmSys warning: cellGcmGetTiledPitchSize(size=10240)
[W : PPU[1] Thread (CPUThread)[0x005040a0]]: cellGcmSys warning: cellGcmSetTile(index=4, location=0, offset=19267584, size=7536640, pitch=10240, comp=11, base=294, bank=1)
[E : PPU[1] Thread (CPUThread)[0x005040a0]]: cellGcmSys error: cellGcmSetTile: bad comp! (11)
[W : PPU[1] Thread (CPUThread)[0x005040ac]]: cellGcmSys warning: TODO: cellGcmSetZcull(index=0, offset=0x1260000, width=1280, height=768, cullStart=0x0, zFormat=0x2, aaFormat=0x3, zCullDir=0x0, zCullFormat=0x1, sFunc=0x5, sRef=0x0, sMask=0x2)
[E : PPU[1] Thread (CPUThread)[0x00504088]]: cellGcmSys error: Unimplemented function: cellGcmSetVBlankHandler
[W : PPU[1] Thread (CPUThread)[0x0031d8f0]]: sys_semaphore warning: sys_semaphore_create(sem_addr=0x9d377c, attr_addr=0xd00208a0, initial_count=1, max_count=1)
[E : PPU[1] Thread (CPUThread)[0x00a31058]]: TODO: _cellSpursAttributeInitialize
[E : PPU[1] Thread (CPUThread)[0x00a31004]]: TODO: cellSpursAttributeSetNamePrefix
[E : PPU[1] Thread (CPUThread)[0x00a31070]]: TODO: cellSpursInitializeWithAttribute
[W : PPU[1] Thread (CPUThread)[0x0030acd4]]: sys_event warning: sys_event_queue_create(equeue_id_addr=0x9caba8, attr_addr=0xd0020768, event_queue_key=0x0, size=8)
[W : PPU[1] Thread (CPUThread)[0x0030acd4]]: sys_event warning: *** event_queue created [] (protocol=0x2, type=0x1): id = 38
[W : PPU[1] Thread (CPUThread)[0x0030aecc]]: sys_event warning: sys_event_port_create(eport_id_addr=0x9cabb8, port_type=0x1, name=0xfee1dead)
[W : PPU[1] Thread (CPUThread)[0x0030aecc]]: sys_event warning: *** sys_event_port created: id = 40
[W : PPU[1] Thread (CPUThread)[0x0030aee4]]: sys_event warning: sys_event_port_connect_local(eport_id=40, equeue_id=38)
[E : PPU[1] Thread (CPUThread)[0x00a31088]]: TODO: cellSpursAttachLv2EventQueue
[E : PPU[1] Thread (CPUThread)[0x00a3101c]]: TODO: _cellSpursJobChainAttributeInitialize
[E : PPU[1] Thread (CPUThread)[0x00a31064]]: TODO: cellSpursJobChainAttributeSetName
[E : PPU[1] Thread (CPUThread)[0x00a31010]]: TODO: cellSpursCreateJobChainWithAttribute
[E : PPU[1] Thread (CPUThread)[0x00a31040]]: TODO: _cellSpursEventFlagInitialize
[E : PPU[1] Thread (CPUThread)[0x00a3104c]]: TODO: cellSpursEventFlagAttachLv2EventQueue
[W : PPU[1] Thread (CPUThread)[0x00504004]]: cellGcmSys warning: cellGcmGetTiledPitchSize(size=3072)
[W : PPU[1] Thread (CPUThread)[0x005040a0]]: cellGcmSys warning: cellGcmSetTile(index=5, location=0, offset=27459584, size=2359296, pitch=3072, comp=0, base=0, bank=0)
[W : PPU[1] Thread (CPUThread)[0x00504004]]: cellGcmSys warning: cellGcmGetTiledPitchSize(size=3072)
[W : PPU[1] Thread (CPUThread)[0x00504004]]: cellGcmSys warning: cellGcmGetTiledPitchSize(size=2560)
[W : PPU[1] Thread (CPUThread)[0x005040a0]]: cellGcmSys warning: cellGcmSetTile(index=6, location=0, offset=32243712, size=983040, pitch=2560, comp=0, base=0, bank=0)
[W : PPU[1] Thread (CPUThread)[0x00504004]]: cellGcmSys warning: cellGcmGetTiledPitchSize(size=2560)
[W : PPU[1] Thread (CPUThread)[0x00504004]]: cellGcmSys warning: cellGcmGetTiledPitchSize(size=5120)
[W : PPU[1] Thread (CPUThread)[0x005040a0]]: cellGcmSys warning: cellGcmSetTile(index=7, location=0, offset=34209792, size=3801088, pitch=5120, comp=0, base=0, bank=0)
[W : PPU[1] Thread (CPUThread)[0x00504004]]: cellGcmSys warning: cellGcmGetTiledPitchSize(size=5120)
[W : PPU[1] Thread (CPUThread)[0x00504004]]: cellGcmSys warning: cellGcmGetTiledPitchSize(size=5120)
[W : PPU[1] Thread (CPUThread)[0x005040a0]]: cellGcmSys warning: cellGcmSetTile(index=8, location=0, offset=51445760, size=3801088, pitch=5120, comp=0, base=0, bank=0)
[W : PPU[1] Thread (CPUThread)[0x00504004]]: cellGcmSys warning: cellGcmGetTiledPitchSize(size=5120)
[W : PPU[1] Thread (CPUThread)[0x00504004]]: cellGcmSys warning: cellGcmGetTiledPitchSize(size=2560)
[W : PPU[1] Thread (CPUThread)[0x005040a0]]: cellGcmSys warning: cellGcmSetTile(index=9, location=0, offset=58982400, size=983040, pitch=2560, comp=0, base=0, bank=0)
[W : PPU[1] Thread (CPUThread)[0x00504004]]: cellGcmSys warning: cellGcmGetTiledPitchSize(size=2560)
[E : RSXThread]: Read32 from null block: [50000000]
[E : RSXThread]: Read32 from null block: [50000004]
[E : RSXThread]: Read32 from null block: [50000008]
[E : RSXThread]: Read32 from null block: [5000000c]
[E : RSXThread]: Read32 from null block: [50000010]
[E : RSXThread]: Read32 from null block: [50000014]
[E : RSXThread]: Read32 from null block: [50000018]
[E : RSXThread]: Read32 from null block: [5000001c]
[E : RSXThread]: Read32 from null block: [50000020]
[E : RSXThread]: Read32 from null block: [50000024]
[E : RSXThread]: Read32 from null block: [50000028]
[E : RSXThread]: Read32 from null block: [5000002c]
[E : RSXThread]: Read32 from null block: [50000030]
[E : RSXThread]: Read32 from null block: [50000034]
[E : RSXThread]: Read32 from null block: [50000038]
[E : RSXThread]: Read32 from null block: [5000003c]
[E : RSXThread]: Read32 from null block: [50000040]
[E : RSXThread]: Read32 from null block: [50000044]
[E : RSXThread]: Read32 from null block: [50000048]
[E : RSXThread]: Read32 from null block: [5000004c]
[E : RSXThread]: Read32 from null block: [50000050]
[E : RSXThread]: Read32 from null block: [50000054]
[E : RSXThread]: Read32 from null block: [50000058]
[E : RSXThread]: Read32 from null block: [5000005c]
[E : RSXThread]: Read32 from null block: [50000060]
[E : RSXThread]: Read32 from null block: [50000064]
[E : RSXThread]: Read32 from null block: [50000068]
[E : RSXThread]: Read32 from null block: [5000006c]
[E : RSXThread]: Read32 from null block: [50000070]
[E : RSXThread]: Read32 from null block: [50000074]
[E : RSXThread]: Read32 from null block: [50000078]
[E : RSXThread]: Read32 from null block: [5000007c]
[E : RSXThread]: Read32 from null block: [50000080]
[E : RSXThread]: Read32 from null block: [50000084]
[E : RSXThread]: Read32 from null block: [50000088]
[E : RSXThread]: Read32 from null block: [5000008c]
[E : RSXThread]: Read32 from null block: [50000090]
[E : RSXThread]: Read32 from null block: [50000094]
[E : RSXThread]: Read32 from null block: [50000098]
[E : RSXThread]: Read32 from null block: [5000009c]
[E : RSXThread]: Read32 from null block: [500000a0]
[E : RSXThread]: Read32 from null block: [500000a4]
[E : RSXThread]: Read32 from null block: [500000a8]
[E : RSXThread]: Read32 from null block: [500000ac]
[E : RSXThread]: Read32 from null block: [500000b0]
[E : RSXThread]: Read32 from null block: [500000b4]
[E : RSXThread]: Read32 from null block: [500000b8]
[E : RSXThread]: Read32 from null block: [500000bc]
[E : RSXThread]: Read32 from null block: [500000c0]
[E : RSXThread]: Read32 from null block: [500000c4]
[E : RSXThread]: Read32 from null block: [500000c8]
[E : RSXThread]: Read32 from null block: [500000cc]
[E : RSXThread]: Read32 from null block: [500000d0]
[E : RSXThread]: Read32 from null block: [500000d4]
[E : RSXThread]: Read32 from null block: [500000d8]
[E : RSXThread]: Read32 from null block: [500000dc]
[E : RSXThread]: Read32 from null block: [500000e0]
[E : RSXThread]: Read32 from null block: [500000e4]
[E : RSXThread]: Read32 from null block: [500000e8]
[E : RSXThread]: Read32 from null block: [500000ec]
[E : RSXThread]: Read32 from null block: [500000f0]
[E : RSXThread]: Read32 from null block: [500000f4]
[E : RSXThread]: Read32 from null block: [500000f8]
[E : RSXThread]: Read32 from null block: [500000fc]
[E : RSXThread]: Read32 from null block: [50000100]
[E : RSXThread]: Read32 from null block: [50000104]
[E : RSXThread]: Read32 from null block: [50000108]
[E : RSXThread]: Read32 from null block: [5000010c]
[E : RSXThread]: Read32 from null block: [50000110]
[E : RSXThread]: Read32 from null block: [50000114]
[E : RSXThread]: Read32 from null block: [50000118]
[E : RSXThread]: Read32 from null block: [5000011c]
[E : RSXThread]: Read32 from null block: [50000120]
[E : RSXThread]: Read32 from null block: [50000124]
[E : RSXThread]: Read32 from null block: [50000128]
[E : RSXThread]: Read32 from null block: [5000012c]
[E : RSXThread]: Read32 from null block: [50000130]
[E : RSXThread]: Read32 from null block: [50000134]
[E : RSXThread]: Read32 from null block: [50000138]
[E : RSXThread]: Read32 from null block: [5000013c]
[E : RSXThread]: Read32 from null block: [50000140]
[E : RSXThread]: Read32 from null block: [50000144]
[E : RSXThread]: Read32 from null block: [50000148]
[E : RSXThread]: Read32 from null block: [5000014c]
[E : RSXThread]: Read32 from null block: [50000150]
[E : RSXThread]: Read32 from null block: [50000154]
[E : RSXThread]: Read32 from null block: [50000158]
[E : RSXThread]: Read32 from null block: [5000015c]
[E : RSXThread]: Read32 from null block: [50000160]
[E : RSXThread]: Read32 from null block: [50000164]
[E : RSXThread]: Read32 from null block: [50000168]
[E : RSXThread]: Read32 from null block: [5000016c]
[E : RSXThread]: Read32 from null block: [50000170]
[E : RSXThread]: Read32 from null block: [50000174]
[E : RSXThread]: Read32 from null block: [50000178]
[E : RSXThread]: Read32 from null block: [5000017c]
[E : RSXThread]: Read32 from null block: [50000180]
[E : RSXThread]: Read32 from null block: [50000184]
[E : RSXThread]: Read32 from null block: [50000188]
[E : RSXThread]: Read32 from null block: [5000018c]
[E : RSXThread]: Read32 from null block: [50000190]
[E : RSXThread]: Read32 from null block: [50000194]
[E : RSXThread]: Read32 from null block: [50000198]
[E : RSXThread]: Read32 from null block: [5000019c]
[E : RSXThread]: Read32 from null block: [500001a0]
[E : RSXThread]: Read32 from null block: [500001a4]
[E : RSXThread]: Read32 from null block: [500001a8]
[E : RSXThread]: Read32 from null block: [500001ac]
[E : RSXThread]: Read32 from null block: [500001b0]
[E : RSXThread]: Read32 from null block: [500001b4]
[E : RSXThread]: Read32 from null block: [500001b8]
[E : RSXThread]: Read32 from null block: [500001bc]
[E : RSXThread]: Read32 from null block: [500001c0]
[E : RSXThread]: Read32 from null block: [500001c4]
[E : RSXThread]: Read32 from null block: [500001c8]
[E : RSXThread]: Read32 from null block: [500001cc]
[E : RSXThread]: Read32 from null block: [500001d0]
[E : RSXThread]: Read32 from null block: [500001d4]
[E : RSXThread]: Read32 from null block: [500001d8]
[E : RSXThread]: Read32 from null block: [500001dc]
[E : RSXThread]: Read32 from null block: [500001e0]
[E : RSXThread]: Read32 from null block: [500001e4]
[E : RSXThread]: Read32 from null block: [500001e8]
[E : RSXThread]: Read32 from null block: [500001ec]
[E : RSXThread]: Read32 from null block: [500001f0]
[E : RSXThread]: Read32 from null block: [500001f4]
[E : RSXThread]: Read32 from null block: [500001f8]
[E : RSXThread]: Read32 from null block: [500001fc]
[E : RSXThread]: Read32 from null block: [50000200]
[E : RSXThread]: Read32 from null block: [50000204]
[E : RSXThread]: Read32 from null block: [50000208]
[E : RSXThread]: Read32 from null block: [5000020c]
[E : RSXThread]: Read32 from null block: [50000210]
[E : RSXThread]: Read32 from null block: [50000214]
[E : RSXThread]: Read32 from null block: [50000218]
[E : RSXThread]: Read32 from null block: [5000021c]
[E : RSXThread]: Read32 from null block: [50000220]
[E : RSXThread]: Read32 from null block: [50000224]
[E : RSXThread]: Read32 from null block: [50000228]
[E : RSXThread]: Read32 from null block: [5000022c]
[E : RSXThread]: Read32 from null block: [50000230]
[E : RSXThread]: Read32 from null block: [50000234]
[E : RSXThread]: Read32 from null block: [50000238]
[E : RSXThread]: Read32 from null block: [5000023c]
[E : RSXThread]: Read32 from null block: [50000240]
[E : RSXThread]: Read32 from null block: [50000244]
[E : RSXThread]: Read32 from null block: [50000248]
[E : RSXThread]: Read32 from null block: [5000024c]
[E : RSXThread]: Read32 from null block: [50000250]
[E : RSXThread]: Read32 from null block: [50000254]
[E : RSXThread]: Read32 from null block: [50000258]
[E : RSXThread]: Read32 from null block: [5000025c]
[E : RSXThread]: Read32 from null block: [50000260]
[E : RSXThread]: Read32 from null block: [50000264]
[E : RSXThread]: Read32 from null block: [50000268]
[E : RSXThread]: Read32 from null block: [5000026c]
[E : RSXThread]: Read32 from null block: [50000270]
[E : RSXThread]: Read32 from null block: [50000274]
[E : RSXThread]: Read32 from null block: [50000278]
[E : RSXThread]: Read32 from null block: [5000027c]
[E : RSXThread]: Read32 from null block: [50000280]
[E : RSXThread]: Read32 from null block: [50000284]
[E : RSXThread]: Read32 from null block: [50000288]
[E : RSXThread]: Read32 from null block: [5000028c]
[E : RSXThread]: Read32 from null block: [50000290]
[E : RSXThread]: Read32 from null block: [50000294]
[E : RSXThread]: Read32 from null block: [50000298]
[E : RSXThread]: Read32 from null block: [5000029c]
[E : RSXThread]: Read32 from null block: [500002a0]
[E : RSXThread]: Read32 from null block: [500002a4]
[E : RSXThread]: Read32 from null block: [500002a8]
[E : RSXThread]: Read32 from null block: [500002ac]
[E : RSXThread]: Read32 from null block: [500002b0]
[E : RSXThread]: Read32 from null block: [500002b4]
[E : RSXThread]: Read32 from null block: [500002b8]
[E : RSXThread]: Read32 from null block: [50000004]
[E : RSXThread]: Read32 from null block: [50000008]
[E : RSXThread]: Read32 from null block: [5000000c]
[E : RSXThread]: Read32 from null block: [50000010]
[E : RSXThread]: Read32 from null block: [50000014]
[E : RSXThread]: Read32 from null block: [50000018]
[E : RSXThread]: Read32 from null block: [5000001c]
[E : RSXThread]: Read32 from null block: [50000020]
[E : RSXThread]: Read32 from null block: [50000024]
[E : RSXThread]: Read32 from null block: [50000028]
[E : RSXThread]: Read32 from null block: [5000002c]
[E : RSXThread]: Read32 from null block: [50000030]
[E : RSXThread]: Read32 from null block: [50000034]
[E : RSXThread]: Read32 from null block: [50000038]
[E : RSXThread]: Read32 from null block: [5000003c]
[E : RSXThread]: Read32 from null block: [50000040]
[E : RSXThread]: Read32 from null block: [50000044]
[E : RSXThread]: Read32 from null block: [50000048]
[E : RSXThread]: Read32 from null block: [5000004c]
[E : RSXThread]: Read32 from null block: [50000050]
[E : RSXThread]: Read32 from null block: [50000054]
[E : RSXThread]: Read32 from null block: [50000058]
[E : RSXThread]: Read32 from null block: [5000005c]
[E : RSXThread]: Read32 from null block: [50000060]
[E : RSXThread]: Read32 from null block: [50000064]
[E : RSXThread]: Read32 from null block: [50000068]
[E : RSXThread]: Read32 from null block: [5000006c]
[E : RSXThread]: Read32 from null block: [50000070]
[E : RSXThread]: Read32 from null block: [50000074]
[E : RSXThread]: Read32 from null block: [50000078]
[E : RSXThread]: Read32 from null block: [5000007c]
[E : RSXThread]: Read32 from null block: [50000080]
[E : RSXThread]: Read32 from null block: [50000084]
[E : RSXThread]: Read32 from null block: [50000088]
[E : RSXThread]: Read32 from null block: [5000008c]
[E : RSXThread]: Read32 from null block: [50000090]
[E : RSXThread]: Read32 from null block: [50000094]
[E : RSXThread]: Read32 from null block: [50000098]
[E : RSXThread]: Read32 from null block: [5000009c]
[E : RSXThread]: Read32 from null block: [500000a0]
[E : RSXThread]: Read32 from null block: [500000a4]
[E : RSXThread]: Read32 from null block: [500000a8]
[E : RSXThread]: Read32 from null block: [500000ac]
[E : RSXThread]: Read32 from null block: [500000b0]
[E : RSXThread]: Read32 from null block: [500000b4]
[E : RSXThread]: Read32 from null block: [500000b8]
[E : RSXThread]: Read32 from null block: [500000bc]
[E : RSXThread]: Read32 from null block: [500000c0]
[E : RSXThread]: Read32 from null block: [500000c4]
[E : RSXThread]: Read32 from null block: [500000c8]
[E : RSXThread]: Read32 from null block: [500000cc]
[E : RSXThread]: Read32 from null block: [500000d0]
[E : RSXThread]: Read32 from null block: [500000d4]
[E : RSXThread]: Read32 from null block: [500000d8]
[E : RSXThread]: Read32 from null block: [500000dc]
[E : RSXThread]: Read32 from null block: [500000e0]
[E : RSXThread]: Read32 from null block: [500000e4]
[E : RSXThread]: Read32 from null block: [500000e8]
[E : RSXThread]: Read32 from null block: [500000ec]
[E : RSXThread]: Read32 from null block: [500000f0]
[E : RSXThread]: Read32 from null block: [500000f4]
[E : RSXThread]: Read32 from null block: [500000f8]
[E : RSXThread]: Read32 from null block: [500000fc]
[E : RSXThread]: Read32 from null block: [50000100]
[E : RSXThread]: Read32 from null block: [50000104]
[E : RSXThread]: Read32 from null block: [50000108]
[E : RSXThread]: Read32 from null block: [5000010c]
[E : RSXThread]: Read32 from null block: [50000110]
[E : RSXThread]: Read32 from null block: [50000114]
[E : RSXThread]: Read32 from null block: [50000118]
[E : RSXThread]: Read32 from null block: [5000011c]
[E : RSXThread]: Read32 from null block: [50000120]
[E : RSXThread]: Read32 from null block: [50000124]
[E : RSXThread]: Read32 from null block: [50000128]
[E : RSXThread]: Read32 from null block: [5000012c]
[E : RSXThread]: Read32 from null block: [50000130]
[E : RSXThread]: Read32 from null block: [50000134]
[E : RSXThread]: Read32 from null block: [50000138]
[E : RSXThread]: Read32 from null block: [5000013c]
[E : RSXThread]: Read32 from null block: [50000140]
[E : RSXThread]: Read32 from null block: [50000144]
[E : RSXThread]: Read32 from null block: [50000148]
[E : RSXThread]: Read32 from null block: [5000014c]
[E : RSXThread]: Read32 from null block: [50000150]
[E : RSXThread]: Read32 from null block: [50000154]
[E : RSXThread]: Read32 from null block: [50000158]
[E : RSXThread]: Read32 from null block: [5000015c]
[E : RSXThread]: Read32 from null block: [50000160]
[E : RSXThread]: Read32 from null block: [50000164]
[E : RSXThread]: Read32 from null block: [50000168]
[E : RSXThread]: Read32 from null block: [5000016c]
[E : RSXThread]: Read32 from null block: [50000170]
[E : RSXThread]: Read32 from null block: [50000174]
[E : RSXThread]: Read32 from null block: [50000178]
[E : RSXThread]: Read32 from null block: [5000017c]
[E : RSXThread]: Read32 from null block: [50000180]
[E : RSXThread]: Read32 from null block: [50000184]
[E : RSXThread]: Read32 from null block: [50000188]
[E : RSXThread]: Read32 from null block: [5000018c]
[E : RSXThread]: Read32 from null block: [50000190]
[E : RSXThread]: Read32 from null block: [50000194]
[E : RSXThread]: Read32 from null block: [50000198]
[E : RSXThread]: Read32 from null block: [5000019c]
[E : RSXThread]: Read32 from null block: [500001a0]
[E : RSXThread]: Read32 from null block: [500001a4]
[E : RSXThread]: Read32 from null block: [500001a8]
[E : RSXThread]: Read32 from null block: [500001ac]
[E : RSXThread]: Read32 from null block: [500001b0]
[E : RSXThread]: Read32 from null block: [500001b4]
[E : RSXThread]: Read32 from null block: [500001b8]
[E : RSXThread]: Read32 from null block: [500001bc]
[E : RSXThread]: Read32 from null block: [500001c0]
[E : RSXThread]: Read32 from null block: [500001c4]
[E : RSXThread]: Read32 from null block: [500001c8]
[E : RSXThread]: Read32 from null block: [500001cc]
[E : RSXThread]: Read32 from null block: [500001d0]
[E : RSXThread]: Read32 from null block: [500001d4]
[E : RSXThread]: Read32 from null block: [500001d8]
[E : RSXThread]: Read32 from null block: [500001dc]
[E : RSXThread]: Read32 from null block: [500001e0]
[E : RSXThread]: Read32 from null block: [500001e4]
[E : RSXThread]: Read32 from null block: [500001e8]
[E : RSXThread]: Read32 from null block: [500001ec]
[E : RSXThread]: Read32 from null block: [500001f0]
[E : RSXThread]: Read32 from null block: [500001f4]
[E : RSXThread]: Read32 from null block: [500001f8]
[E : RSXThread]: Read32 from null block: [500001fc]
[E : RSXThread]: Read32 from null block: [50000200]
[E : RSXThread]: Read32 from null block: [50000204]
[E : RSXThread]: Read32 from null block: [50000208]
[E : RSXThread]: Read32 from null block: [5000020c]
[E : RSXThread]: Read32 from null block: [50000210]
[E : RSXThread]: Read32 from null block: [50000214]
[E : RSXThread]: Read32 from null block: [50000218]
[E : RSXThread]: Read32 from null block: [5000021c]
[E : RSXThread]: Read32 from null block: [50000220]
[E : RSXThread]: Read32 from null block: [50000224]
[E : RSXThread]: Read32 from null block: [50000228]
[E : RSXThread]: Read32 from null block: [5000022c]
[E : RSXThread]: Read32 from null block: [50000230]
[E : RSXThread]: Read32 from null block: [50000234]
[E : RSXThread]: Read32 from null block: [50000238]
[E : RSXThread]: Read32 from null block: [5000023c]
[E : RSXThread]: Read32 from null block: [50000240]
[E : RSXThread]: Read32 from null block: [50000244]
[E : RSXThread]: Read32 from null block: [50000248]
[E : RSXThread]: Read32 from null block: [5000024c]
[E : RSXThread]: Read32 from null block: [50000250]
[E : RSXThread]: Read32 from null block: [50000254]
[E : RSXThread]: Read32 from null block: [50000258]
[E : RSXThread]: Read32 from null block: [5000025c]
[E : RSXThread]: Read32 from null block: [50000260]
[E : RSXThread]: Read32 from null block: [50000264]
[E : RSXThread]: Read32 from null block: [50000268]
[E : RSXThread]: Read32 from null block: [5000026c]
[E : RSXThread]: Read32 from null block: [50000270]
[E : RSXThread]: Read32 from null block: [50000274]
[E : RSXThread]: Read32 from null block: [50000278]
[E : RSXThread]: Read32 from null block: [5000027c]
[E : RSXThread]: Read32 from null block: [50000280]
[E : RSXThread]: Read32 from null block: [50000284]
[E : RSXThread]: Read32 from null block: [50000288]
[E : RSXThread]: Read32 from null block: [5000028c]
[E : RSXThread]: Read32 from null block: [50000290]
[E : RSXThread]: Read32 from null block: [50000294]
[E : RSXThread]: Read32 from null block: [50000298]
[E : RSXThread]: Read32 from null block: [5000029c]
[E : RSXThread]: Read32 from null block: [500002a0]
[E : RSXThread]: Read32 from null block: [500002a4]
[E : RSXThread]: Read32 from null block: [500002a8]
[E : RSXThread]: Read32 from null block: [500002ac]
[E : RSXThread]: Read32 from null block: [500002b0]
[E : RSXThread]: Read32 from null block: [500002b4]
[E : RSXThread]: Read32 from null block: [500002b8]
[E : RSXThread]: TODO: unknown/illegal method [0x00014db8](0x862ff480, 0x862ff480, 0x862ff480, 0x862ff480, 0x862ff480, 0x862ff480, 0x862ff480, 0x862ff480, 0x862ff480, 0x862ff480, 0x862ff480, 0x862ff480, 0x862ff480, 0x862ff480, 0x862ff480, 0x862ff480, 0x862ff480, 0x862ff480, 0x862ff480, 0x862ff480, 0x862ff480, 0x862ff480, 0x862ff480, 0x862ff480, 0x862ff480, 0x862ff480, 0x862ff480, 0x862ff480, 0x862ff480, 0x862ff480, 0x862ff480, 0x862ff480, 0x862ff480, 0x862ff480, 0x862ff480, 0x862ff480, 0x862ff480, 0x862ff480, 0x862ff480, 0x862ff480, 0x862ff480, 0x862ff480, 0x862ff480, 0x862ff480, 0x862ff480, 0x862ff480, 0x862ff480, 0x862ff480, 0x862ff480, 0x862ff480, 0x862ff480, 0x862ff480, 0x862ff480, 0x862ff480, 0x862ff480, 0x862ff480, 0x862ff480, 0x862ff480, 0x862ff480, 0x862ff480, 0x862ff480, 0x862ff480, 0x862ff480, 0x862ff480, 0x862ff480, 0x862ff480, 0x862ff480, 0x862ff480, 0x862ff480, 0x862ff480, 0x862ff480, 0x862ff480, 0x862ff480, 0x862ff480, 0x862ff480, 0x862ff480, 0x862ff480, 0x862ff480, 0x862ff480, 0x862ff480, 0x862ff480, 0x862ff480, 0x862ff480, 0x862ff480, 0x862ff480, 0x862ff480, 0x862ff480, 0x862ff480, 0x862ff480, 0x862ff480, 0x862ff480, 0x862ff480, 0x862ff480, 0x862ff480, 0x862ff480, 0x862ff480, 0x862ff480, 0x862ff480, 0x862ff480, 0x862ff480, 0x862ff480, 0x862ff480, 0x862ff480, 0x862ff480, 0x862ff480, 0x862ff480, 0x862ff480, 0x862ff480, 0x862ff480, 0x862ff480, 0x862ff480, 0x862ff480, 0x862ff480, 0x862ff480, 0x862ff480, 0x862ff480, 0x862ff480, 0x862ff480, 0x862ff480, 0x862ff480, 0x862ff480, 0x862ff480, 0x862ff480, 0x862ff480, 0x862ff480, 0x862ff480, 0x862ff480, 0x862ff480, 0x862ff480, 0x862ff480, 0x862ff480, 0x862ff480, 0x862ff480, 0x862ff480, 0x862ff480, 0x862ff480, 0x862ff480, 0x862ff480, 0x862ff480, 0x862ff480, 0x862ff480, 0x862ff480, 0x862ff480, 0x862ff480, 0x862ff480, 0x862ff480, 0x862ff480, 0x862ff480, 0x862ff480, 0x862ff480, 0x862ff480, 0x862ff480, 0x862ff480, 0x862ff480, 0x862ff480, 0x862ff480, 0x862ff480, 0x862ff480, 0x862ff480, 0x862ff480, 0x862ff480, 0x862ff480, 0x862ff480, 0x862ff480, 0x862ff480, 0x862ff480, 0x862ff480, 0x862ff480, 0x862ff480, 0x862ff480, 0x862ff480, 0x862ff480, 0x862ff480, 0x862ff480)
[! : RSXThread]: RSX thread exit...
[W : PPU[39] Thread (TCX_PrintfHandler)[0x0030a8a0]]: sys_event_queue_receive(equeue=38) aborted
