[!]: path: /dev_hdd0/game/
[!]: Loading 'D:\Emulateur\Rpcs3\dev_hdd0\game\BLES00371-[Naruto Ultimate Ninja Storm]\PS3_GAME\USRDIR\BOOT.BIN'...
[!]: Mount info:
[!]: /dev_hdd0/ -> D:\Emulateur\Rpcs3\dev_hdd0\
[!]: /dev_hdd1/ -> D:\Emulateur\Rpcs3\dev_hdd1\
[!]: /dev_flash/ -> D:\Emulateur\Rpcs3\dev_flash\
[!]: /dev_usb000/ -> D:\Emulateur\Rpcs3\dev_usb000\
[!]: /dev_usb/ -> D:\Emulateur\Rpcs3\dev_usb000\
[!]: /app_home/ -> D:\Emulateur\Rpcs3\dev_hdd0\game\BLES00371-[Naruto Ultimate Ninja Storm]\PS3_GAME\
[!]: /dev_bdvd/ -> D:\Emulateur\Rpcs3\dev_hdd0\game\BLES00371-[Naruto Ultimate Ninja Storm]\PS3_GAME\\..\
[!]: /host_root/ -> 
[!]: / -> D:\Emulateur\Rpcs3\dev_hdd0\game\BLES00371-[Naruto Ultimate Ninja Storm]\PS3_GAME\
[!]: Initing memory...
[!]: Memory initialized.
[W]: Unknown function 0xbef554a4 in 'sys_fs' module
[E]: TODO: cellFsUtime
[W]: Unknown function 0x99d397ac in 'cellGcmSys' module
[E]: TODO: cellGcmGetReport
[W]: Unknown function 0xbd6d60d9 in 'cellGcmSys' module
[E]: TODO: cellGcmSetInvalidateTile
[W]: Unknown function 0x00af2519 in 'cellSpurs' module
[E]: TODO: cellSpursJobGuardReset
[W]: Unknown function 0x07529113 in 'cellSpurs' module
[E]: TODO: cellSpursAttributeSetNamePrefix
[W]: Unknown function 0x22aab31d in 'cellSpurs' module
[E]: TODO: cellSpursEventFlagDetachLv2EventQueue
[W]: Unknown function 0x303c19cd in 'cellSpurs' module
[E]: TODO: cellSpursCreateJobChainWithAttribute
[W]: Unknown function 0x3548f483 in 'cellSpurs' module
[E]: TODO: _cellSpursJobChainAttributeInitialize
[W]: Unknown function 0x373523d4 in 'cellSpurs' module
[E]: TODO: cellSpursEventFlagWait
[W]: Unknown function 0x4e66d483 in 'cellSpurs' module
[E]: TODO: cellSpursDetachLv2EventQueue
[W]: Unknown function 0x5ef96465 in 'cellSpurs' module
[E]: TODO: _cellSpursEventFlagInitialize
[W]: Unknown function 0x60eb2dec in 'cellSpurs' module
[E]: TODO: cellSpursCreateJobChain
[W]: Unknown function 0x68aaeba9 in 'cellSpurs' module
[E]: TODO: cellSpursJobGuardInitialize
[W]: Unknown function 0x738e40e6 in 'cellSpurs' module
[E]: TODO: cellSpursShutdownJobChain
[W]: Unknown function 0x80a29e27 in 'cellSpurs' module
[E]: TODO: cellSpursSetPriorities
[W]: Unknown function 0x84d2f6d5 in 'cellSpurs' module
[E]: TODO: cellSpursSetMaxContention
[W]: Unknown function 0x86c864a2 in 'cellSpurs' module
[E]: TODO: cellSpursGetJobChainId
[W]: Unknown function 0x87630976 in 'cellSpurs' module
[E]: TODO: cellSpursEventFlagAttachLv2EventQueue
[W]: Unknown function 0x95180230 in 'cellSpurs' module
[E]: TODO: _cellSpursAttributeInitialize
[W]: Unknown function 0x9fef70c2 in 'cellSpurs' module
[E]: TODO: cellSpursJobChainAttributeSetName
[W]: Unknown function 0xa7c066de in 'cellSpurs' module
[E]: TODO: cellSpursJoinJobChain
[W]: Unknown function 0xaa6269a8 in 'cellSpurs' module
[E]: TODO: cellSpursInitializeWithAttribute
[W]: Unknown function 0xb9bc6207 in 'cellSpurs' module
[E]: TODO: cellSpursAttachLv2EventQueue
[W]: Unknown function 0xbfea60fa in 'cellSpurs' module
[E]: TODO: cellSpursKickJobChain
[W]: Unknown function 0xca4c4600 in 'cellSpurs' module
[E]: TODO: cellSpursFinalize
[W]: Unknown function 0xd5d0b256 in 'cellSpurs' module
[E]: TODO: cellSpursJobGuardNotify
[W]: Unknown function 0xf31731bb in 'cellSpurs' module
[E]: TODO: cellSpursRunJobChain
[W]: Unknown function 0x1dfbfdd6 in 'cellSysutil' module
[E]: TODO: cellSaveDataListLoad2
[W]: Unknown function 0x20543730 in 'cellSysutil' module
[E]: TODO: cellMsgDialogClose
[W]: Unknown function 0x21425307 in 'cellSysutil' module
[E]: TODO: cellSaveDataListAutoLoad
[W]: Unknown function 0x2aae9ef5 in 'cellSysutil' module
[E]: TODO: cellSaveDataFixedSave2
[W]: Unknown function 0x2de0d663 in 'cellSysutil' module
[E]: TODO: cellSaveDataListSave2
[W]: Unknown function 0x62b0f803 in 'cellSysutil' module
[E]: TODO: cellMsgDialogAbort
[W]: Unknown function 0x9117df20 in 'cellSysutil' module
[E]: TODO: cellHddGameCheck
[W]: Unknown function 0x94862702 in 'cellSysutil' module
[E]: TODO: cellMsgDialogProgressBarInc
[W]: Unknown function 0x9949bf82 in 'cellSysutil' module
[E]: TODO: cellGameDataExitBroken
[W]: Unknown function 0xa9b0c1d9 in 'cellSysutil' module
[E]: TODO: cellGameDataGetSizeKB
[W]: Unknown function 0xafd605b3 in 'cellSysutil' module
[E]: TODO: cellHddGameExitBroken
[W]: Unknown function 0xb72bc4e6 in 'cellSysutil' module
[E]: TODO: cellDiscGameGetBootDiscInfo
[W]: Unknown function 0xc9645c41 in 'cellSysutil' module
[E]: TODO: cellGameDataCheckCreate2
[W]: Unknown function 0xedadd797 in 'cellSysutil' module
[E]: TODO: cellSaveDataDelete2
[W]: Unknown function 0xf82e2ef7 in 'cellSysutil' module
[E]: TODO: cellHddGameGetSizeKB
[W]: Unknown function 0xfbd5c856 in 'cellSysutil' module
[E]: TODO: cellSaveDataAutoLoad2
[W]: Unknown function 0x66f5e388 in 'cellResc' module
[E]: TODO: cellRescGetLastFlipTime
[W]: Unknown function 0xd3758645 in 'cellResc' module
[E]: TODO: cellRescSetVBlankHandler
[W]: Unknown function 0xe0cef79e in 'cellResc' module
[E]: TODO: cellRescCreateInterlaceTable
[W]: Unknown function 0x0247c69e in 'cellSail' module
[E]: TODO: cellSailGraphicsAdapterGetFrame
[W]: Unknown function 0x1139a206 in 'cellSail' module
[E]: TODO: cellSailPlayerSetSoundAdapter
[W]: Unknown function 0x17932b26 in 'cellSail' module
[E]: TODO: cellSailPlayerInitialize
[W]: Unknown function 0x1872331b in 'cellSail' module
[E]: TODO: cellSailGraphicsAdapterPtsToTimePosition
[W]: Unknown function 0x18b4629d in 'cellSail' module
[E]: TODO: cellSailPlayerFinalize
[W]: Unknown function 0x18bcd21b in 'cellSail' module
[E]: TODO: cellSailPlayerSetGraphicsAdapter
[W]: Unknown function 0x1c983864 in 'cellSail' module
[E]: TODO: cellSailGraphicsAdapterInitialize
[W]: Unknown function 0x2e3ccb5e in 'cellSail' module
[E]: TODO: cellSailGraphicsAdapterSetPreferredFormat
[W]: Unknown function 0x346ebba3 in 'cellSail' module
[E]: TODO: cellSailMemAllocatorInitialize
[W]: Unknown function 0x34ecc1b9 in 'cellSail' module
[E]: TODO: cellSailPlayerOpenStream
[W]: Unknown function 0x3a2d806c in 'cellSail' module
[E]: TODO: cellSailFutureGet
[W]: Unknown function 0x3d0d3b72 in 'cellSail' module
[E]: TODO: cellSailSoundAdapterInitialize
[W]: Unknown function 0x44a20e79 in 'cellSail' module
[E]: TODO: cellSailGraphicsAdapterUpdateAvSync
[W]: Unknown function 0x47632810 in 'cellSail' module
[E]: TODO: cellSailPlayerReplaceEventHandler
[W]: Unknown function 0x4ae979df in 'cellSail' module
[E]: TODO: cellSailSoundAdapterPtsToTimePosition
[W]: Unknown function 0x4cc54f8e in 'cellSail' module
[E]: TODO: cellSailFutureInitialize
[W]: Unknown function 0x54c53688 in 'cellSail' module
[E]: TODO: cellSailSourceNotifyInputEos
[W]: Unknown function 0x752f8585 in 'cellSail' module
[E]: TODO: cellSailPlayerGetDescriptorCount
[W]: Unknown function 0x76488bb1 in 'cellSail' module
[E]: TODO: cellSailGraphicsAdapterFinalize
[W]: Unknown function 0x764ec2d2 in 'cellSail' module
[E]: TODO: cellSailSourceNotifyCallCompleted
[W]: Unknown function 0x7c8dff3b in 'cellSail' module
[E]: TODO: cellSailPlayerAddDescriptor
[W]: Unknown function 0x7eb8d6b5 in 'cellSail' module
[E]: TODO: cellSailSoundAdapterGetFrame
[W]: Unknown function 0x85beffcc in 'cellSail' module
[E]: TODO: cellSailPlayerCloseStream
[W]: Unknown function 0x9553af65 in 'cellSail' module
[E]: TODO: cellSailFutureFinalize
[W]: Unknown function 0x95ee1695 in 'cellSail' module
[E]: TODO: cellSailSourceNotifyStreamOut
[W]: Unknown function 0x9d30bdce in 'cellSail' module
[E]: TODO: cellSailSourceInitialize
[W]: Unknown function 0xa37fed15 in 'cellSail' module
[E]: TODO: cellSailFutureSet
[W]: Unknown function 0xbdf21b0f in 'cellSail' module
[E]: TODO: cellSailPlayerBoot
[W]: Unknown function 0xbedccc74 in 'cellSail' module
[E]: TODO: cellSailPlayerRegisterSource
[W]: Unknown function 0xd1462438 in 'cellSail' module
[E]: TODO: cellSailSoundAdapterFinalize
[W]: Unknown function 0xd1d55a90 in 'cellSail' module
[E]: TODO: cellSailPlayerSetPaused
[W]: Unknown function 0xd7938b8d in 'cellSail' module
[E]: TODO: cellSailPlayerCreateDescriptor
[W]: Unknown function 0xe535b0d3 in 'cellSail' module
[E]: TODO: cellSailPlayerStart
[W]: Unknown function 0xeba8d4ec in 'cellSail' module
[E]: TODO: cellSailPlayerStop
[W]: Unknown function 0xee724c99 in 'cellSail' module
[E]: TODO: cellSailSourceFinalize
[W]: Unknown function 0xeec22809 in 'cellSail' module
[E]: TODO: cellSailSoundAdapterUpdateAvSync
[W]: Unknown function 0xf25f197d in 'cellSail' module
[E]: TODO: cellSailSoundAdapterGetFormat
[W]: Unknown function 0xfc5baf8a in 'cellSail' module
[E]: TODO: cellSailPlayerSetRepeatMode
[W]: Unknown function 0xfc839bd4 in 'cellSail' module
[E]: TODO: cellSailPlayerDestroyDescriptor
[W]: Unknown function 0xffd58aa4 in 'cellSail' module
[E]: TODO: cellSailGraphicsAdapterGetFormat
[W]: Unknown function 0x4885aa18 in 'sceNp' module
[E]: TODO: sceNpTerm
[W]: Unknown function 0xad218faf in 'sceNp' module
[E]: TODO: sceNpDrmIsAvailable
[W]: Unknown function 0xbd28fdbf in 'sceNp' module
[E]: TODO: sceNpInit
[W]: Unknown function 0x06ddb53e in 'cellAtrac' module
[E]: TODO: cellAtracSetSecondBuffer
[W]: Unknown function 0x0f9667b6 in 'cellAtrac' module
[E]: TODO: cellAtracGetChannel
[W]: Unknown function 0x2bfff084 in 'cellAtrac' module
[E]: TODO: cellAtracGetStreamDataInfo
[W]: Unknown function 0x46cfc013 in 'cellAtrac' module
[E]: TODO: cellAtracAddStreamData
[W]: Unknown function 0x5f62d546 in 'cellAtrac' module
[E]: TODO: cellAtracGetMaxSample
[W]: Unknown function 0x66afc68e in 'cellAtrac' module
[E]: TODO: cellAtracSetDataAndGetMemSize
[W]: Unknown function 0x761cb9be in 'cellAtrac' module
[E]: TODO: cellAtracDeleteDecoder
[W]: Unknown function 0x78ba5c41 in 'cellAtrac' module
[E]: TODO: cellAtracSetLoopNum
[W]: Unknown function 0x8eb0e65f in 'cellAtrac' module
[E]: TODO: cellAtracDecode
[W]: Unknown function 0x99efe171 in 'cellAtrac' module
[E]: TODO: cellAtracIsSecondBufferNeeded
[W]: Unknown function 0xab6b6dbf in 'cellAtrac' module
[E]: TODO: cellAtracGetLoopInfo
[W]: Unknown function 0xb5c11938 in 'cellAtrac' module
[E]: TODO: cellAtracGetInternalErrorInfo
[W]: Unknown function 0xbe07f05e in 'cellAtrac' module
[E]: TODO: cellAtracGetSecondBufferInfo
[W]: Unknown function 0xdfab73aa in 'cellAtrac' module
[E]: TODO: cellAtracGetRemainFrame
[W]: Unknown function 0xfa293e88 in 'cellAtrac' module
[E]: TODO: cellAtracCreateDecoder
[W]: Unknown function 0x8a561d92 in 'sysPrxForUser' module
[E]: TODO: _sys_heap_free
[W]: Unknown function 0xaede4b03 in 'sysPrxForUser' module
[E]: TODO: _sys_heap_delete_heap
[W]: Unknown function 0xdd3b27ac in 'sysPrxForUser' module
[E]: TODO: _sys_spu_printf_finalize
[W : PPU[1] Thread (CPUThread)[0x00be2034]]: sys_lwmutex warning: *** lwmutex created [_lc_mtx] (attribute=0x12): sq_id = 3
[W : PPU[1] Thread (CPUThread)[0x007bcaf8]]: memory warning: sys_memory_get_user_memory_size(mem_info_addr=0xd0020c04)
[W : PPU[1] Thread (CPUThread)[0x00be2034]]: sys_lwmutex warning: *** lwmutex created [_lc_mtx] (attribute=0x12): sq_id = 4
[W : PPU[1] Thread (CPUThread)[0x00be2034]]: sys_lwmutex warning: *** lwmutex created [_lc_mtx] (attribute=0x12): sq_id = 5
[W : PPU[1] Thread (CPUThread)[0x00be2034]]: sys_lwmutex warning: *** lwmutex created [_lc_mtx] (attribute=0x12): sq_id = 6
[W : PPU[1] Thread (CPUThread)[0x00be2034]]: sys_lwmutex warning: *** lwmutex created [_lc_mtx] (attribute=0x12): sq_id = 7
[W : PPU[1] Thread (CPUThread)[0x00be2034]]: sys_lwmutex warning: *** lwmutex created [_lc_mtx] (attribute=0x12): sq_id = 8
[W : PPU[1] Thread (CPUThread)[0x00be2034]]: sys_lwmutex warning: *** lwmutex created [_lc_mtx] (attribute=0x12): sq_id = 9
[W : PPU[1] Thread (CPUThread)[0x00be2034]]: sys_lwmutex warning: *** lwmutex created [_lc_mtx] (attribute=0x12): sq_id = 10
[W : PPU[1] Thread (CPUThread)[0x00be2034]]: sys_lwmutex warning: *** lwmutex created [_lc_mtx] (attribute=0x12): sq_id = 11
[W : PPU[1] Thread (CPUThread)[0x00be2034]]: sys_lwmutex warning: *** lwmutex created [_lc_mtx] (attribute=0x12): sq_id = 12
[W : PPU[1] Thread (CPUThread)[0x00be2034]]: sys_lwmutex warning: *** lwmutex created [_lgcmtx] (attribute=0x12): sq_id = 13
[W : PPU[1] Thread (CPUThread)[0x00be2034]]: sys_lwmutex warning: *** lwmutex created [_lgcmtx] (attribute=0x12): sq_id = 14
[W : PPU[1] Thread (CPUThread)[0x00be2034]]: sys_lwmutex warning: *** lwmutex created [_lc_mtx] (attribute=0x12): sq_id = 15
[W : PPU[1] Thread (CPUThread)[0x00be2034]]: sys_lwmutex warning: *** lwmutex created [_lc_mtx] (attribute=0x12): sq_id = 16
[W : PPU[1] Thread (CPUThread)[0x00be2034]]: sys_lwmutex warning: *** lwmutex created [_lc_mtx] (attribute=0x12): sq_id = 17
[W : PPU[1] Thread (CPUThread)[0x00be2034]]: sys_lwmutex warning: *** lwmutex created [_lc_mtx] (attribute=0x12): sq_id = 18
[W : PPU[1] Thread (CPUThread)[0x00be2034]]: sys_lwmutex warning: *** lwmutex created [_lc_mtx] (attribute=0x12): sq_id = 19
[W : PPU[1] Thread (CPUThread)[0x00be2034]]: sys_lwmutex warning: *** lwmutex created [_lc_mtx] (attribute=0x12): sq_id = 20
[W : PPU[1] Thread (CPUThread)[0x00be2034]]: sys_lwmutex warning: *** lwmutex created [_lc_mtx] (attribute=0x12): sq_id = 21
[W : PPU[1] Thread (CPUThread)[0x00be2034]]: sys_lwmutex warning: *** lwmutex created [_lc_mtx] (attribute=0x12): sq_id = 22
[W : PPU[1] Thread (CPUThread)[0x00be2034]]: sys_lwmutex warning: *** lwmutex created [_lc_mtx] (attribute=0x12): sq_id = 23
[W : PPU[1] Thread (CPUThread)[0x00be2034]]: sys_lwmutex warning: *** lwmutex created [_lc_mtx] (attribute=0x12): sq_id = 24
[W : PPU[1] Thread (CPUThread)[0x00be2034]]: sys_lwmutex warning: *** lwmutex created [_lc_mtx] (attribute=0x12): sq_id = 25
[W : PPU[1] Thread (CPUThread)[0x00be2034]]: sys_lwmutex warning: *** lwmutex created [_lc_mtx] (attribute=0x12): sq_id = 26
[W : PPU[1] Thread (CPUThread)[0x0075081c]]: sys_mutex warning: *** mutex created [] (protocol=0x2, recursive=false): id = 27
[W : PPU[1] Thread (CPUThread)[0x0075081c]]: sys_mutex warning: *** mutex created [] (protocol=0x2, recursive=false): id = 28
[W : PPU[1] Thread (CPUThread)[0x0075081c]]: sys_mutex warning: *** mutex created [] (protocol=0x2, recursive=false): id = 29
[W : PPU[1] Thread (CPUThread)[0x0075081c]]: sys_mutex warning: *** mutex created [] (protocol=0x2, recursive=false): id = 30
[W : PPU[1] Thread (CPUThread)[0x0075081c]]: sys_mutex warning: *** mutex created [] (protocol=0x2, recursive=false): id = 31
[W : PPU[1] Thread (CPUThread)[0x0075081c]]: sys_mutex warning: *** mutex created [] (protocol=0x2, recursive=false): id = 32
[W : PPU[1] Thread (CPUThread)[0x0075081c]]: sys_mutex warning: *** mutex created [] (protocol=0x2, recursive=false): id = 33
[W : PPU[1] Thread (CPUThread)[0x0075081c]]: sys_mutex warning: *** mutex created [] (protocol=0x2, recursive=false): id = 34
[W : PPU[1] Thread (CPUThread)[0x00be2034]]: sys_lwmutex warning: *** lwmutex created [] (attribute=0x22): sq_id = 35
[W : PPU[1] Thread (CPUThread)[0x00be2034]]: sys_lwmutex warning: *** lwmutex created [] (attribute=0x22): sq_id = 36
[W : PPU[1] Thread (CPUThread)[0x00be2034]]: sys_lwmutex warning: *** lwmutex created [] (attribute=0x22): sq_id = 37
[W : PPU[1] Thread (CPUThread)[0x00be2034]]: sys_lwmutex warning: *** lwmutex created [] (attribute=0x22): sq_id = 38
[W : PPU[1] Thread (CPUThread)[0x00bd407c]]: cellSysutil warning: cellSysutilGetSystemParamInt: CELL_SYSUTIL_SYSTEMPARAM_ID_LANG
[W : PPU[1] Thread (CPUThread)[0x005d9000]]: sys_semaphore warning: sys_semaphore_create(sem_addr=0xbb858c, attr_addr=0xd00209e0, initial_count=0, max_count=2147483647)
[W : PPU[1] Thread (CPUThread)[0x00be2034]]: sys_lwmutex warning: *** lwmutex created [] (attribute=0x22): sq_id = 40
[W : PPU[41] Thread (NUCC::Xfbin load request)[0x00be2034]]: sys_lwmutex warning: *** lwmutex created [] (attribute=0x22): sq_id = 42
[W : PPU[1] Thread (CPUThread)[0x00bd40e8]]: cellSysutil warning: cellSysutilRegisterCallback(slot=0, func_addr=0xa49c88, userdata=0x0)
[W : PPU[1] Thread (CPUThread)[0x00be2034]]: sys_lwmutex warning: *** lwmutex created [] (attribute=0x22): sq_id = 43
[W : PPU[1] Thread (CPUThread)[0x009be01c]]: cellGcmSys warning: cellGcmInit(context_addr=0xbb8830,cmdSize=0x10000,ioSize=0x4a00000,ioAddress=0x30200000)
[W : PPU[1] Thread (CPUThread)[0x009be01c]]: cellGcmSys warning: *** local memory(addr=0xc0000000, size=0xf900000)
[W : PPU[1] Thread (CPUThread)[0x009be01c]]: cellGcmSys warning: cellGcmMapEaIoAddress(ea=0x30200000, io=0x0, size=0x4a00000)
[! : RSXThread]: RSX thread entry
[W : PPU[1] Thread (CPUThread)[0x00be2034]]: sys_lwmutex warning: *** lwmutex created [] (attribute=0x22): sq_id = 44
[W : PPU[1] Thread (CPUThread)[0x00be2034]]: sys_lwmutex warning: *** lwmutex created [] (attribute=0x22): sq_id = 45
[W : PPU[1] Thread (CPUThread)[0x006d09c0]]: sys_spu warning: sys_spu_initialize(max_usable_spu=6, max_raw_spu=0)
[W : PPU[1] Thread (CPUThread)[0x005ef23c]]: sys_spu warning: sys_spu_initialize(max_usable_spu=6, max_raw_spu=0)
[E : PPU[1] Thread (CPUThread)[0x00bd20b8]]: TODO: _cellSpursAttributeInitialize
[E : PPU[1] Thread (CPUThread)[0x00bd20dc]]: TODO: cellSpursInitializeWithAttribute
[W : PPU[1] Thread (CPUThread)[0x005ef354]]: sys_event warning: sys_event_queue_create(equeue_id_addr=0xb57b00, attr_addr=0xd0020770, event_queue_key=0x0, size=1)
[W : PPU[1] Thread (CPUThread)[0x005ef354]]: sys_event warning: *** event_queue created [] (protocol=0x2, type=0x1): id = 46
[E : PPU[1] Thread (CPUThread)[0x00bd20e8]]: TODO: cellSpursAttachLv2EventQueue
[E : PPU[1] Thread (CPUThread)[0x00bd20b8]]: TODO: _cellSpursAttributeInitialize
[E : PPU[1] Thread (CPUThread)[0x00bd2010]]: TODO: cellSpursAttributeSetNamePrefix
[E : PPU[1] Thread (CPUThread)[0x00bd20dc]]: TODO: cellSpursInitializeWithAttribute
[W : PPU[1] Thread (CPUThread)[0x00be2034]]: sys_lwmutex warning: *** lwmutex created [] (attribute=0x22): sq_id = 47
[E : PPU[1] Thread (CPUThread)[0x00bd2034]]: TODO: _cellSpursJobChainAttributeInitialize
[E : PPU[1] Thread (CPUThread)[0x00bd20c4]]: TODO: cellSpursJobChainAttributeSetName
[E : PPU[1] Thread (CPUThread)[0x00bd2028]]: TODO: cellSpursCreateJobChainWithAttribute
[E : PPU[1] Thread (CPUThread)[0x00bd20a0]]: TODO: cellSpursGetJobChainId
[E : PPU[1] Thread (CPUThread)[0x00bd2070]]: TODO: cellSpursJobGuardInitialize
[E : PPU[1] Thread (CPUThread)[0x00bd2070]]: TODO: cellSpursJobGuardInitialize
[E : PPU[1] Thread (CPUThread)[0x00bd2070]]: TODO: cellSpursJobGuardInitialize
[E : PPU[1] Thread (CPUThread)[0x00bd2070]]: TODO: cellSpursJobGuardInitialize
[E : PPU[1] Thread (CPUThread)[0x00bd2070]]: TODO: cellSpursJobGuardInitialize
[E : PPU[1] Thread (CPUThread)[0x00bd2070]]: TODO: cellSpursJobGuardInitialize
[E : PPU[1] Thread (CPUThread)[0x00bd2070]]: TODO: cellSpursJobGuardInitialize
[E : PPU[1] Thread (CPUThread)[0x00bd2070]]: TODO: cellSpursJobGuardInitialize
[E : PPU[1] Thread (CPUThread)[0x00bd2070]]: TODO: cellSpursJobGuardInitialize
[E : PPU[1] Thread (CPUThread)[0x00bd2070]]: TODO: cellSpursJobGuardInitialize
[E : PPU[1] Thread (CPUThread)[0x00bd2070]]: TODO: cellSpursJobGuardInitialize
[E : PPU[1] Thread (CPUThread)[0x00bd2070]]: TODO: cellSpursJobGuardInitialize
[E : PPU[1] Thread (CPUThread)[0x00bd2070]]: TODO: cellSpursJobGuardInitialize
[E : PPU[1] Thread (CPUThread)[0x00bd2070]]: TODO: cellSpursJobGuardInitialize
[E : PPU[1] Thread (CPUThread)[0x00bd2070]]: TODO: cellSpursJobGuardInitialize
[E : PPU[1] Thread (CPUThread)[0x00bd2070]]: TODO: cellSpursJobGuardInitialize
[E : PPU[1] Thread (CPUThread)[0x00bd2070]]: TODO: cellSpursJobGuardInitialize
[E : PPU[1] Thread (CPUThread)[0x00bd2070]]: TODO: cellSpursJobGuardInitialize
[E : PPU[1] Thread (CPUThread)[0x00bd2070]]: TODO: cellSpursJobGuardInitialize
[E : PPU[1] Thread (CPUThread)[0x00bd2070]]: TODO: cellSpursJobGuardInitialize
[E : PPU[1] Thread (CPUThread)[0x00bd2070]]: TODO: cellSpursJobGuardInitialize
[E : PPU[1] Thread (CPUThread)[0x00bd2070]]: TODO: cellSpursJobGuardInitialize
[E : PPU[1] Thread (CPUThread)[0x00bd2070]]: TODO: cellSpursJobGuardInitialize
[E : PPU[1] Thread (CPUThread)[0x00bd2070]]: TODO: cellSpursJobGuardInitialize
[E : PPU[1] Thread (CPUThread)[0x00bd2070]]: TODO: cellSpursJobGuardInitialize
[E : PPU[1] Thread (CPUThread)[0x00bd2070]]: TODO: cellSpursJobGuardInitialize
[E : PPU[1] Thread (CPUThread)[0x00bd2070]]: TODO: cellSpursJobGuardInitialize
[E : PPU[1] Thread (CPUThread)[0x00bd2070]]: TODO: cellSpursJobGuardInitialize
[E : PPU[1] Thread (CPUThread)[0x00bd2070]]: TODO: cellSpursJobGuardInitialize
[E : PPU[1] Thread (CPUThread)[0x00bd2070]]: TODO: cellSpursJobGuardInitialize
[E : PPU[1] Thread (CPUThread)[0x00bd2070]]: TODO: cellSpursJobGuardInitialize
[E : PPU[1] Thread (CPUThread)[0x00bd2070]]: TODO: cellSpursJobGuardInitialize
[E : PPU[1] Thread (CPUThread)[0x00bd2070]]: TODO: cellSpursJobGuardInitialize
[E : PPU[1] Thread (CPUThread)[0x00bd2070]]: TODO: cellSpursJobGuardInitialize
[E : PPU[1] Thread (CPUThread)[0x00bd2070]]: TODO: cellSpursJobGuardInitialize
[E : PPU[1] Thread (CPUThread)[0x00bd2070]]: TODO: cellSpursJobGuardInitialize
[E : PPU[1] Thread (CPUThread)[0x00bd2070]]: TODO: cellSpursJobGuardInitialize
[E : PPU[1] Thread (CPUThread)[0x00bd2070]]: TODO: cellSpursJobGuardInitialize
[E : PPU[1] Thread (CPUThread)[0x00bd2070]]: TODO: cellSpursJobGuardInitialize
[E : PPU[1] Thread (CPUThread)[0x00bd2070]]: TODO: cellSpursJobGuardInitialize
[E : PPU[1] Thread (CPUThread)[0x00bd2070]]: TODO: cellSpursJobGuardInitialize
[E : PPU[1] Thread (CPUThread)[0x00bd2070]]: TODO: cellSpursJobGuardInitialize
[E : PPU[1] Thread (CPUThread)[0x00bd2070]]: TODO: cellSpursJobGuardInitialize
[E : PPU[1] Thread (CPUThread)[0x00bd2070]]: TODO: cellSpursJobGuardInitialize
[E : PPU[1] Thread (CPUThread)[0x00bd2070]]: TODO: cellSpursJobGuardInitialize
[E : PPU[1] Thread (CPUThread)[0x00bd2070]]: TODO: cellSpursJobGuardInitialize
[E : PPU[1] Thread (CPUThread)[0x00bd2070]]: TODO: cellSpursJobGuardInitialize
[E : PPU[1] Thread (CPUThread)[0x00bd2070]]: TODO: cellSpursJobGuardInitialize
[E : PPU[1] Thread (CPUThread)[0x00bd2070]]: TODO: cellSpursJobGuardInitialize
[E : PPU[1] Thread (CPUThread)[0x00bd2070]]: TODO: cellSpursJobGuardInitialize
[E : PPU[1] Thread (CPUThread)[0x00bd2070]]: TODO: cellSpursJobGuardInitialize
[E : PPU[1] Thread (CPUThread)[0x00bd2070]]: TODO: cellSpursJobGuardInitialize
[E : PPU[1] Thread (CPUThread)[0x00bd2070]]: TODO: cellSpursJobGuardInitialize
[E : PPU[1] Thread (CPUThread)[0x00bd2070]]: TODO: cellSpursJobGuardInitialize
[E : PPU[1] Thread (CPUThread)[0x00bd2070]]: TODO: cellSpursJobGuardInitialize
[E : PPU[1] Thread (CPUThread)[0x00bd2070]]: TODO: cellSpursJobGuardInitialize
[E : PPU[1] Thread (CPUThread)[0x00bd2070]]: TODO: cellSpursJobGuardInitialize
[E : PPU[1] Thread (CPUThread)[0x00bd2070]]: TODO: cellSpursJobGuardInitialize
[E : PPU[1] Thread (CPUThread)[0x00bd2070]]: TODO: cellSpursJobGuardInitialize
[E : PPU[1] Thread (CPUThread)[0x00bd2070]]: TODO: cellSpursJobGuardInitialize
[E : PPU[1] Thread (CPUThread)[0x00bd2070]]: TODO: cellSpursJobGuardInitialize
[E : PPU[1] Thread (CPUThread)[0x00bd2070]]: TODO: cellSpursJobGuardInitialize
[E : PPU[1] Thread (CPUThread)[0x00bd2070]]: TODO: cellSpursJobGuardInitialize
[E : PPU[1] Thread (CPUThread)[0x00bd2070]]: TODO: cellSpursJobGuardInitialize
[W : PPU[1] Thread (CPUThread)[0x00bd407c]]: cellSysutil warning: cellSysutilGetSystemParamInt: CELL_SYSUTIL_SYSTEMPARAM_ID_LANG
[W : PPU[1] Thread (CPUThread)[0x00bd407c]]: cellSysutil warning: cellSysutilGetSystemParamInt: CELL_SYSUTIL_SYSTEMPARAM_ID_ENTER_BUTTON_ASSIGN
[W : PPU[1] Thread (CPUThread)[0x00bd407c]]: cellSysutil warning: cellSysutilGetSystemParamInt: CELL_SYSUTIL_SYSTEMPARAM_ID_GAME_PARENTAL_LEVEL
[W : PPU[1] Thread (CPUThread)[0x00bd40c4]]: cellSysutil warning: cellSysutilGetSystemParamString: CELL_SYSUTIL_SYSTEMPARAM_ID_NICKNAME
[W : PPU[1] Thread (CPUThread)[0x00bd407c]]: cellSysutil warning: cellSysutilGetSystemParamInt: CELL_SYSUTIL_SYSTEMPARAM_ID_CURRENT_USER_HAS_NP_ACCOUNT
[W : PPU[1] Thread (CPUThread)[0x00bd40c4]]: cellSysutil warning: cellSysutilGetSystemParamString: CELL_SYSUTIL_SYSTEMPARAM_ID_CURRENT_USERNAME
[W : PPU[1] Thread (CPUThread)[0x00bd407c]]: cellSysutil warning: cellSysutilGetSystemParamInt: CELL_SYSUTIL_SYSTEMPARAM_ID_TIMEZONE
[W : PPU[1] Thread (CPUThread)[0x00bd407c]]: cellSysutil warning: cellSysutilGetSystemParamInt: CELL_SYSUTIL_SYSTEMPARAM_ID_SUMMERTIME
[W : PPU[1] Thread (CPUThread)[0x00bd4094]]: cellSysutil warning: cellVideoOutGetNumberOfDevice(videoOut=0)
[W : PPU[1] Thread (CPUThread)[0x00be2034]]: sys_lwmutex warning: *** lwmutex created [] (attribute=0x22): sq_id = 48
[W : PPU[1] Thread (CPUThread)[0x00be2034]]: sys_lwmutex warning: *** lwmutex created [] (attribute=0x22): sq_id = 49
[W : PPU[1] Thread (CPUThread)[0x00be2034]]: sys_lwmutex warning: *** lwmutex created [] (attribute=0x22): sq_id = 50
[W : PPU[1] Thread (CPUThread)[0x005e21ac]]: sys_semaphore warning: sys_semaphore_create(sem_addr=0xb58198, attr_addr=0xd0020600, initial_count=0, max_count=1)
[W : PPU[1] Thread (CPUThread)[0x005d89a8]]: sys_mutex warning: *** mutex created [] (protocol=0x2, recursive=false): id = 52
[W : PPU[1] Thread (CPUThread)[0x005d89d0]]: sys_cond warning: *** condition created [] (mutex_id=52): id = 53
[W : PPU[1] Thread (CPUThread)[0x00be2034]]: sys_lwmutex warning: *** lwmutex created [] (attribute=0x22): sq_id = 55
[W : PPU[1] Thread (CPUThread)[0x00be2034]]: sys_lwmutex warning: *** lwmutex created [] (attribute=0x22): sq_id = 56
[W : PPU[1] Thread (CPUThread)[0x009be010]]: cellGcmSys warning: cellGcmSetUserHandler(handler=0xa3e040)
[W : PPU[1] Thread (CPUThread)[0x00be2034]]: sys_lwmutex warning: *** lwmutex created [] (attribute=0x22): sq_id = 57
[W : PPU[1] Thread (CPUThread)[0x00be2034]]: sys_lwmutex warning: *** lwmutex created [] (attribute=0x22): sq_id = 58
[W : PPU[1] Thread (CPUThread)[0x00be2034]]: sys_lwmutex warning: *** lwmutex created [] (attribute=0x22): sq_id = 59
[W : PPU[1] Thread (CPUThread)[0x005d89a8]]: sys_mutex warning: *** mutex created [] (protocol=0x2, recursive=false): id = 60
[W : PPU[1] Thread (CPUThread)[0x005d89d0]]: sys_cond warning: *** condition created [] (mutex_id=60): id = 61
[W : PPU[1] Thread (CPUThread)[0x00be2034]]: sys_lwmutex warning: *** lwmutex created [] (attribute=0x22): sq_id = 63
[W : PPU[1] Thread (CPUThread)[0x00be2034]]: sys_lwmutex warning: *** lwmutex created [] (attribute=0x22): sq_id = 64
[W : PPU[1] Thread (CPUThread)[0x00be2034]]: sys_lwmutex warning: *** lwmutex created [] (attribute=0x22): sq_id = 65
[W : PPU[1] Thread (CPUThread)[0x00be2034]]: sys_lwmutex warning: *** lwmutex created [] (attribute=0x22): sq_id = 66
[W : PPU[1] Thread (CPUThread)[0x00be2034]]: sys_lwmutex warning: *** lwmutex created [] (attribute=0x22): sq_id = 67
[W : PPU[1] Thread (CPUThread)[0x00be2034]]: sys_lwmutex warning: *** lwmutex created [] (attribute=0x22): sq_id = 68
[E : PPU[1] Thread (CPUThread)[0x00bd2034]]: TODO: _cellSpursJobChainAttributeInitialize
[E : PPU[1] Thread (CPUThread)[0x00bd2028]]: TODO: cellSpursCreateJobChainWithAttribute
[E : PPU[1] Thread (CPUThread)[0x00bd2058]]: TODO: _cellSpursEventFlagInitialize
[E : PPU[1] Thread (CPUThread)[0x00bd20ac]]: TODO: cellSpursEventFlagAttachLv2EventQueue
[E : PPU[1] Thread (CPUThread)[0x00bd2058]]: TODO: _cellSpursEventFlagInitialize
[E : PPU[1] Thread (CPUThread)[0x00bd20ac]]: TODO: cellSpursEventFlagAttachLv2EventQueue
[E : PPU[1] Thread (CPUThread)[0x00bd2070]]: TODO: cellSpursJobGuardInitialize
[W : PPU[1] Thread (CPUThread)[0x00be2034]]: sys_lwmutex warning: *** lwmutex created [] (attribute=0x22): sq_id = 69
[W : PPU[1] Thread (CPUThread)[0x005cd808]]: sys_semaphore warning: sys_semaphore_create(sem_addr=0xb113b8, attr_addr=0xd0020620, initial_count=0, max_count=1)
[W : PPU[1] Thread (CPUThread)[0x00be2034]]: sys_lwmutex warning: *** lwmutex created [] (attribute=0x22): sq_id = 71
[W : PPU[1] Thread (CPUThread)[0x00be2034]]: sys_lwmutex warning: *** lwmutex created [] (attribute=0x22): sq_id = 72
[W : PPU[1] Thread (CPUThread)[0x00be2034]]: sys_lwmutex warning: *** lwmutex created [] (attribute=0x22): sq_id = 73
[W : PPU[1] Thread (CPUThread)[0x009be004]]: cellGcmSys warning: cellGcmGetTiledPitchSize(size=5120)
[W : PPU[1] Thread (CPUThread)[0x00bd4010]]: cellSysutil warning: cellVideoOutConfigure(videoOut=0, config_addr=0xd00205e0, option_addr=0x0, waitForEvent=0x0)
[W : PPU[1] Thread (CPUThread)[0x00bd6010]]: cellSysmodule warning: cellSysmoduleLoadModule(CELL_SYSMODULE_RESC)
[W : PPU[1] Thread (CPUThread)[0x00bd8058]]: cellResc warning: cellRescInit(initConfig_addr=0xd002058c)
[W : PPU[1] Thread (CPUThread)[0x009be004]]: cellGcmSys warning: cellGcmGetTiledPitchSize(size=5120)
[W : PPU[1] Thread (CPUThread)[0x00bd8034]]: cellResc warning: cellRescSetDisplayMode(displayMode=4)
[W : PPU[1] Thread (CPUThread)[0x00bd8034]]: cellSysutil warning: cellVideoOutConfigure(videoOut=0, config_addr=0x30016000, option_addr=0x0, waitForEvent=0x0)
[W : PPU[1] Thread (CPUThread)[0x00bd8034]]: cellGcmSys warning: cellGcmSetFlipMode(mode=2)
[W : PPU[1] Thread (CPUThread)[0x00bd8028]]: cellResc warning: cellRescAdjustAspectRatio(horizontal=1.000000, vertical=1.000000)
[W : PPU[1] Thread (CPUThread)[0x00bd8064]]: cellResc warning: cellRescGetBufferSize(colorBuffers_addr=0xd0020560, vertexArray_addr=0xd002056c, fragmentShader_addr=0xd0020564)
[W : PPU[1] Thread (CPUThread)[0x009be0b8]]: cellGcmSys warning: cellGcmSetTile(index=0, location=0, offset=0, size=7864320, pitch=5120, comp=0, base=0, bank=0)
[W : PPU[1] Thread (CPUThread)[0x00bd8088]]: cellResc warning: cellRescSetBufferAddress(colorBuffers_addr=0xc0000000, vertexArray_addr=0xc0780000, fragmentShader_addr=0xc0790000)
[W : PPU[1] Thread (CPUThread)[0x00bd8088]]: cellGcmSys warning: cellGcmSetDisplayBuffer(id=0x0,offset=0x0,pitch=4,width=1280,height=720)
[W : PPU[1] Thread (CPUThread)[0x00bd8088]]: cellGcmSys warning: cellGcmSetDisplayBuffer(id=0x1,offset=0x3c0000,pitch=4,width=1280,height=720)
[E : PPU[1] Thread (CPUThread)[0x00bd80ac]]: TODO: cellRescSetVBlankHandler
[W : PPU[1] Thread (CPUThread)[0x009be004]]: cellGcmSys warning: cellGcmGetTiledPitchSize(size=5120)
[W : PPU[1] Thread (CPUThread)[0x009be0b8]]: cellGcmSys warning: cellGcmSetTile(index=1, location=0, offset=7995392, size=3801088, pitch=5120, comp=7, base=0, bank=0)
[E : PPU[1] Thread (CPUThread)[0x009be0b8]]: cellGcmSys error: cellGcmSetTile: bad comp! (7)
[W : PPU[1] Thread (CPUThread)[0x00bd807c]]: cellGcmSys warning: cellGcmSetDisplayBuffer(id=0x0,offset=0x7a0000,pitch=4,width=1280,height=720)
[W : PPU[1] Thread (CPUThread)[0x00bd4094]]: cellSysutil warning: cellVideoOutGetNumberOfDevice(videoOut=0)
[W : PPU[1] Thread (CPUThread)[0x00be2034]]: sys_lwmutex warning: *** lwmutex created [] (attribute=0x22): sq_id = 74
[W : PPU[1] Thread (CPUThread)[0x00be2034]]: sys_lwmutex warning: *** lwmutex created [] (attribute=0x22): sq_id = 75
[W : PPU[1] Thread (CPUThread)[0x00be2034]]: sys_lwmutex warning: *** lwmutex created [] (attribute=0x22): sq_id = 76
[W : PPU[1] Thread (CPUThread)[0x00be2034]]: sys_lwmutex warning: *** lwmutex created [] (attribute=0x22): sq_id = 77
[W : PPU[1] Thread (CPUThread)[0x00be2034]]: sys_lwmutex warning: *** lwmutex created [] (attribute=0x22): sq_id = 78
[E : PPU[1] Thread (CPUThread)[0x00bd80b8]]: TODO: cellRescCreateInterlaceTable
[W : PPU[1] Thread (CPUThread)[0x00be2034]]: sys_lwmutex warning: *** lwmutex created [] (attribute=0x22): sq_id = 79
[W : PPU[1] Thread (CPUThread)[0x00be2034]]: sys_lwmutex warning: *** lwmutex created [] (attribute=0x22): sq_id = 80
[W : PPU[1] Thread (CPUThread)[0x00be2034]]: sys_lwmutex warning: *** lwmutex created [] (attribute=0x22): sq_id = 81
[W : PPU[1] Thread (CPUThread)[0x00be2034]]: sys_lwmutex warning: *** lwmutex created [] (attribute=0x22): sq_id = 82
[W : PPU[1] Thread (CPUThread)[0x00be2034]]: sys_lwmutex warning: *** lwmutex created [] (attribute=0x22): sq_id = 83
[W : PPU[1] Thread (CPUThread)[0x00be2034]]: sys_lwmutex warning: *** lwmutex created [] (attribute=0x22): sq_id = 84
[W : PPU[1] Thread (CPUThread)[0x00be2034]]: sys_lwmutex warning: *** lwmutex created [] (attribute=0x22): sq_id = 85
[W : PPU[1] Thread (CPUThread)[0x00be2034]]: sys_lwmutex warning: *** lwmutex created [] (attribute=0x22): sq_id = 86
[W : PPU[1] Thread (CPUThread)[0x00be2034]]: sys_lwmutex warning: *** lwmutex created [] (attribute=0x22): sq_id = 87
[W : PPU[1] Thread (CPUThread)[0x00be2034]]: sys_lwmutex warning: *** lwmutex created [] (attribute=0x22): sq_id = 88
[W : PPU[1] Thread (CPUThread)[0x00be2034]]: sys_lwmutex warning: *** lwmutex created [] (attribute=0x22): sq_id = 89
[W : PPU[1] Thread (CPUThread)[0x006ce998]]: memory warning: sys_memory_get_user_memory_size(mem_info_addr=0xd00207c0)
[W : PPU[1] Thread (CPUThread)[0x00be2034]]: sys_lwmutex warning: *** lwmutex created [] (attribute=0x22): sq_id = 90
[W : PPU[1] Thread (CPUThread)[0x009be004]]: cellGcmSys warning: cellGcmGetTiledPitchSize(size=5120)
[W : PPU[1] Thread (CPUThread)[0x009be0b8]]: cellGcmSys warning: cellGcmSetTile(index=2, location=0, offset=11796480, size=3801088, pitch=5120, comp=7, base=58, bank=0)
[E : PPU[1] Thread (CPUThread)[0x009be0b8]]: cellGcmSys error: cellGcmSetTile: bad comp! (7)
[W : PPU[1] Thread (CPUThread)[0x009be004]]: cellGcmSys warning: cellGcmGetTiledPitchSize(size=5120)
[W : PPU[1] Thread (CPUThread)[0x009be0b8]]: cellGcmSys warning: cellGcmSetTile(index=3, location=0, offset=15597568, size=3801088, pitch=5120, comp=7, base=116, bank=0)
[E : PPU[1] Thread (CPUThread)[0x009be0b8]]: cellGcmSys error: cellGcmSetTile: bad comp! (7)
[W : PPU[1] Thread (CPUThread)[0x009be004]]: cellGcmSys warning: cellGcmGetTiledPitchSize(size=5120)
[W : PPU[1] Thread (CPUThread)[0x009be0b8]]: cellGcmSys warning: cellGcmSetTile(index=4, location=0, offset=19398656, size=3801088, pitch=5120, comp=10, base=174, bank=3)
[E : PPU[1] Thread (CPUThread)[0x009be0b8]]: cellGcmSys error: cellGcmSetTile: bad comp! (10)
[W : PPU[1] Thread (CPUThread)[0x009be0c4]]: cellGcmSys warning: TODO: cellGcmSetZcull(index=0, offset=0x1280000, width=1280, height=768, cullStart=0x0, zFormat=0x2, aaFormat=0x0, zCullDir=0x0, zCullFormat=0x1, sFunc=0x201, sRef=0x80, sMask=0xff)
[W : PPU[1] Thread (CPUThread)[0x009be004]]: cellGcmSys warning: cellGcmGetTiledPitchSize(size=5120)
[W : PPU[1] Thread (CPUThread)[0x009be0b8]]: cellGcmSys warning: cellGcmSetTile(index=5, location=0, offset=23199744, size=3801088, pitch=5120, comp=7, base=232, bank=0)
[E : PPU[1] Thread (CPUThread)[0x009be0b8]]: cellGcmSys error: cellGcmSetTile: bad comp! (7)
[W : PPU[1] Thread (CPUThread)[0x00bd4034]]: cellSysutil warning: cellVideoOutGetDeviceInfo(videoOut=0, deviceIndex=0, info_addr=0xd0020660)
[W : PPU[1] Thread (CPUThread)[0x00be2034]]: sys_lwmutex warning: *** lwmutex created [] (attribute=0x22): sq_id = 91
[W : PPU[1] Thread (CPUThread)[0x00be2034]]: sys_lwmutex warning: *** lwmutex created [] (attribute=0x22): sq_id = 92
[W : PPU[1] Thread (CPUThread)[0x00be2034]]: sys_lwmutex warning: *** lwmutex created [] (attribute=0x22): sq_id = 93
[W : PPU[1] Thread (CPUThread)[0x00be2034]]: sys_lwmutex warning: *** lwmutex created [] (attribute=0x22): sq_id = 94
[W : PPU[1] Thread (CPUThread)[0x00be2034]]: sys_lwmutex warning: *** lwmutex created [] (attribute=0x22): sq_id = 95
[W : PPU[1] Thread (CPUThread)[0x00774934]]: sys_semaphore warning: sys_semaphore_create(sem_addr=0xbbcd40, attr_addr=0xd0020730, initial_count=0, max_count=2147483647)
[W : PPU[1] Thread (CPUThread)[0x00be2034]]: sys_lwmutex warning: *** lwmutex created [] (attribute=0x22): sq_id = 98
[W : PPU[1] Thread (CPUThread)[0x00bd6010]]: cellSysmodule warning: cellSysmoduleLoadModule(CELL_SYSMODULE_FS)
[W : PPU[1] Thread (CPUThread)[0x0076c9a8]]: sys_semaphore warning: sys_semaphore_create(sem_addr=0xd0020750, attr_addr=0xd0020760, initial_count=0, max_count=1)
[W : PPU[1] Thread (CPUThread)[0x0076c9a8]]: sys_semaphore warning: sys_semaphore_create(sem_addr=0xd0020750, attr_addr=0xd0020760, initial_count=0, max_count=1)
[W : PPU[1] Thread (CPUThread)[0x006ce998]]: memory warning: sys_memory_get_user_memory_size(mem_info_addr=0xd00207c0)
[W : PPU[1] Thread (CPUThread)[0x00be2034]]: sys_lwmutex warning: *** lwmutex created [] (attribute=0x22): sq_id = 101
[W : PPU[1] Thread (CPUThread)[0x00be2034]]: sys_lwmutex warning: *** lwmutex created [] (attribute=0x22): sq_id = 102
[E : PPU[1] Thread (CPUThread)[0x00bd2118]]: TODO: cellSpursRunJobChain
[E : PPU[1] Thread (CPUThread)[0x00bd2118]]: TODO: cellSpursRunJobChain
[E : PPU[1] Thread (CPUThread)[0x00bd2040]]: TODO: cellSpursEventFlagWait
[W : PPU[41] Thread (NUCC::Xfbin load request)[0x0076cf18]]: sys_semaphore warning: sys_semaphore_create(sem_addr=0xd00307b0, attr_addr=0xd00307c0, initial_count=0, max_count=1)
[W : PPU[97] Thread (NU::File::RequestManager)[0x009bc028]]: sys_fs warning: cellFsStat: "/app_home/data/system/xftool.fnt.xfbin" not found.
[W : PPU[1] Thread (CPUThread)[0x005e1cfc]]: sys_cond_wait(id=53) aborted
[W : PPU[62] Thread (NU::Draw::RequestManager)[0x005d8ae4]]: sys_cond_wait(id=61) aborted
[! : RSXThread]: RSX thread exit...
