[!]: path: /dev_hdd0/game/
[W]: SELF: No NPDRM control info found!
[!]: Loading 'D:\Emulateur\Rpcs3\dev_hdd0\game\BLES00231-[DRAGON BALL Z BURST LIMIT]\PS3_GAME\USRDIR/BOOT.BIN'...
[!]: Mount info:
[!]: /dev_hdd0/ -> D:\Emulateur\Rpcs3\dev_hdd0\
[!]: /dev_hdd1/ -> D:\Emulateur\Rpcs3\dev_hdd1\
[!]: /dev_flash/ -> D:\Emulateur\Rpcs3\dev_flash\
[!]: /dev_usb000/ -> D:\Emulateur\Rpcs3\dev_usb000\
[!]: /dev_usb/ -> D:\Emulateur\Rpcs3\dev_usb000\
[!]: /app_home/ -> D:\Emulateur\Rpcs3\dev_hdd0\game\BLES00231-[DRAGON BALL Z BURST LIMIT]\PS3_GAME\
[!]: /dev_bdvd/ -> D:\Emulateur\Rpcs3\dev_hdd0\game\BLES00231-[DRAGON BALL Z BURST LIMIT]\PS3_GAME\\..\
[!]: /host_root/ -> 
[!]: / -> D:\Emulateur\Rpcs3\dev_hdd0\game\BLES00231-[DRAGON BALL Z BURST LIMIT]\PS3_GAME\\USRDIR\
[!]: Initing memory...
[!]: Memory initialized.
[W]: Unknown function 0xaa6269a8 in 'cellSpurs' module
[E]: TODO: cellSpursInitializeWithAttribute
[W]: Unknown function 0x011ee38b in 'cellSpurs' module
[E]: TODO: _cellSpursLFQueueInitialize
[W]: Unknown function 0x039d70b7 in 'cellSpurs' module
[E]: TODO: cellSpursQueueDetachLv2EventQueue
[W]: Unknown function 0x082bfb09 in 'cellSpurs' module
[E]: TODO: _cellSpursQueueInitialize
[W]: Unknown function 0x16394a4e in 'cellSpurs' module
[E]: TODO: _cellSpursTasksetAttributeInitialize
[W]: Unknown function 0x1656d49f in 'cellSpurs' module
[E]: TODO: cellSpursLFQueueAttachLv2EventQueue
[W]: Unknown function 0x1d46fedf in 'cellSpurs' module
[E]: TODO: cellSpursCreateTaskWithAttribute
[W]: Unknown function 0x22aab31d in 'cellSpurs' module
[E]: TODO: cellSpursEventFlagDetachLv2EventQueue
[W]: Unknown function 0x373523d4 in 'cellSpurs' module
[E]: TODO: cellSpursEventFlagWait
[W]: Unknown function 0x52cc6c82 in 'cellSpurs' module
[E]: TODO: cellSpursCreateTaskset
[W]: Unknown function 0x5ef96465 in 'cellSpurs' module
[E]: TODO: _cellSpursEventFlagInitialize
[W]: Unknown function 0x60eb2dec in 'cellSpurs' module
[E]: TODO: cellSpursCreateJobChain
[W]: Unknown function 0x652b70e2 in 'cellSpurs' module
[E]: TODO: cellSpursTasksetAttributeSetName
[W]: Unknown function 0x738e40e6 in 'cellSpurs' module
[E]: TODO: cellSpursShutdownJobChain
[W]: Unknown function 0x73e06f91 in 'cellSpurs' module
[E]: TODO: cellSpursLFQueueDetachLv2EventQueue
[W]: Unknown function 0x87630976 in 'cellSpurs' module
[E]: TODO: cellSpursEventFlagAttachLv2EventQueue
[W]: Unknown function 0x8a85674d in 'cellSpurs' module
[E]: TODO: _cellSpursLFQueuePushBody
[W]: Unknown function 0x91066667 in 'cellSpurs' module
[E]: TODO: cellSpursQueuePopBody
[W]: Unknown function 0x92cff6ed in 'cellSpurs' module
[E]: TODO: cellSpursQueuePushBody
[W]: Unknown function 0x9f72add3 in 'cellSpurs' module
[E]: TODO: cellSpursJoinTaskset
[W]: Unknown function 0xa789e631 in 'cellSpurs' module
[E]: TODO: cellSpursShutdownTaskset
[W]: Unknown function 0xa7c066de in 'cellSpurs' module
[E]: TODO: cellSpursJoinJobChain
[W]: Unknown function 0xacfc8dbc in 'cellSpurs' module
[E]: TODO: cellSpursInitialize
[W]: Unknown function 0xb8474eff in 'cellSpurs' module
[E]: TODO: _cellSpursTaskAttributeInitialize
[W]: Unknown function 0xbeb600ac in 'cellSpurs' module
[E]: TODO: cellSpursCreateTask
[W]: Unknown function 0xbfea60fa in 'cellSpurs' module
[E]: TODO: cellSpursKickJobChain
[W]: Unknown function 0xc10931cb in 'cellSpurs' module
[E]: TODO: cellSpursCreateTasksetWithAttribute
[W]: Unknown function 0xe5443be7 in 'cellSpurs' module
[E]: TODO: cellSpursQueueAttachLv2EventQueue
[W]: Unknown function 0xf5507729 in 'cellSpurs' module
[E]: TODO: cellSpursEventFlagSet
[W]: Unknown function 0x8b7ed64b in 'cellSysutil' module
[E]: TODO: cellSaveDataAutoSave2
[W]: Unknown function 0xedadd797 in 'cellSysutil' module
[E]: TODO: cellSaveDataDelete2
[W]: Unknown function 0xfbd5c856 in 'cellSysutil' module
[E]: TODO: cellSaveDataAutoLoad2
[W]: Unknown function 0xbe5be3ba in 'sys_io' module
[E]: TODO: cellPadSetSensorMode
[W]: Unknown function 0xdbf4c59c in 'sys_io' module
[E]: Unknown func id: 0xdbf4c59c
[W]: Unknown function 0xf83f8182 in 'sys_io' module
[E]: TODO: cellPadSetPressMode
[W]: Unknown function 0x967a162b in 'sys_fs' module
[E]: TODO: cellFsFsync
[W]: Unknown function 0x03c741a7 in 'sceNp' module
[E]: TODO: sceNpMatchingGetResult
[W]: Unknown function 0x04372385 in 'sceNp' module
[E]: TODO: sceNpBasicGetFriendListEntry
[W]: Unknown function 0x05af1cb8 in 'sceNp' module
[E]: TODO: sceNpBasicGetMatchingInvitationEntry
[W]: Unknown function 0x14497465 in 'sceNp' module
[E]: TODO: sceNpMatchingQuickMatchGUI
[W]: Unknown function 0x155de760 in 'sceNp' module
[E]: TODO: sceNpSignalingGetConnectionInfo
[W]: Unknown function 0x168a3117 in 'sceNp' module
[E]: TODO: sceNpBasicAddPlayersHistory
[W]: Unknown function 0x168fcece in 'sceNp' module
[E]: TODO: sceNpManagerGetAccountAge
[W]: Unknown function 0x21206642 in 'sceNp' module
[E]: TODO: sceNpScoreGetRankingByRangeAsync
[W]: Unknown function 0x259113b8 in 'sceNp' module
[E]: TODO: sceNpScoreDestroyTitleCtx
[W]: Unknown function 0x26b3bc94 in 'sceNp' module
[E]: TODO: sceNpMatchingGetResultGUI
[W]: Unknown function 0x2ad7837d in 'sceNp' module
[E]: TODO: sceNpMatchingAcceptInvitationGUI
[W]: Unknown function 0x2e1c5068 in 'sceNp' module
[E]: TODO: sceNpMatchingDestroyCtx
[W]: Unknown function 0x32200389 in 'sceNp' module
[E]: TODO: sceNpManagerGetMyLanguages
[W]: Unknown function 0x32cf311f in 'sceNp' module
[E]: TODO: sceNpScoreInit
[W]: Unknown function 0x32febb4c in 'sceNp' module
[E]: TODO: sceNpMatchingSearchJoinRoomGUI
[W]: Unknown function 0x34cc0ca4 in 'sceNp' module
[E]: TODO: sceNpMatchingKickRoomMember
[W]: Unknown function 0x36d0c2c5 in 'sceNp' module
[E]: TODO: sceNpManagerGetAvatarUrl
[W]: Unknown function 0x3cc8588a in 'sceNp' module
[E]: TODO: sceNpMatchingCreateRoomGUI
[W]: Unknown function 0x3db7914d in 'sceNp' module
[E]: TODO: sceNpScoreGetRankingByNpIdAsync
[W]: Unknown function 0x3f0808aa in 'sceNp' module
[E]: TODO: sceNpBasicSetPresence
[W]: Unknown function 0x4026eac5 in 'sceNp' module
[E]: TODO: sceNpBasicRegisterContextSensitiveHandler
[W]: Unknown function 0x474b7b13 in 'sceNp' module
[E]: TODO: sceNpMatchingJoinRoomGUI
[W]: Unknown function 0x4885aa18 in 'sceNp' module
[E]: TODO: sceNpTerm
[W]: Unknown function 0x52a6b523 in 'sceNp' module
[E]: TODO: sceNpManagerUnregisterCallback
[W]: Unknown function 0x60897c38 in 'sceNp' module
[E]: TODO: sceNpSignalingActivateConnection
[W]: Unknown function 0x6356082e in 'sceNp' module
[E]: TODO: sceNpSignalingCreateCtx
[W]: Unknown function 0x64a704cc in 'sceNp' module
[E]: TODO: sceNpBasicRecvMessageAttachmentLoad
[W]: Unknown function 0x64dbb89d in 'sceNp' module
[E]: TODO: sceNpSignalingCancelPeerNetInfo
[W]: Unknown function 0x691f429d in 'sceNp' module
[E]: TODO: sceNpMatchingGetRoomInfo
[W]: Unknown function 0x6ee62ed2 in 'sceNp' module
[E]: TODO: sceNpManagerGetContentRatingFlag
[W]: Unknown function 0x6f5e8143 in 'sceNp' module
[E]: TODO: sceNpScoreCreateTransactionCtx
[W]: Unknown function 0x6f8fd267 in 'sceNp' module
[E]: TODO: sceNpMatchingSetRoomInfo
[W]: Unknown function 0x73a2e36b in 'sceNp' module
[E]: TODO: sceNpMatchingGetRoomMemberListLocal
[W]: Unknown function 0x75eb50cb in 'sceNp' module
[E]: TODO: sceNpSignalingGetPeerNetInfo
[W]: Unknown function 0x8b7bbd73 in 'sceNp' module
[E]: TODO: sceNpMatchingSendInvitationGUI
[W]: Unknown function 0x95c7bba3 in 'sceNp' module
[E]: TODO: sceNpSignalingTerminateConnection
[W]: Unknown function 0x9851f805 in 'sceNp' module
[E]: TODO: sceNpScoreTerm
[W]: Unknown function 0x9ad7fbd1 in 'sceNp' module
[E]: TODO: sceNpSignalingGetLocalNetInfo
[W]: Unknown function 0xa284bd1d in 'sceNp' module
[E]: TODO: sceNpMatchingSetRoomSearchFlag
[W]: Unknown function 0xa7a090e5 in 'sceNp' module
[E]: TODO: sceNpScorePollAsync
[W]: Unknown function 0xa8cf8451 in 'sceNp' module
[E]: TODO: sceNpSignalingDestroyCtx
[W]: Unknown function 0xac66568c in 'sceNp' module
[E]: TODO: sceNpMatchingCreateCtx
[W]: Unknown function 0xacb9ee8e in 'sceNp' module
[E]: TODO: sceNpBasicUnregisterHandler
[W]: Unknown function 0xaf505def in 'sceNp' module
[E]: TODO: sceNpBasicGetMatchingInvitationEntryCount
[W]: Unknown function 0xafef640d in 'sceNp' module
[E]: TODO: sceNpBasicGetFriendListEntryCount
[W]: Unknown function 0xb1e0718b in 'sceNp' module
[E]: TODO: sceNpManagerGetAccountRegion
[W]: Unknown function 0xb9f93bbb in 'sceNp' module
[E]: TODO: sceNpScoreCreateTitleCtx
[W]: Unknown function 0xbd28fdbf in 'sceNp' module
[E]: TODO: sceNpInit
[W]: Unknown function 0xc5f4cf82 in 'sceNp' module
[E]: TODO: sceNpScoreDestroyTransactionCtx
[W]: Unknown function 0xca0a2d04 in 'sceNp' module
[E]: TODO: sceNpSignalingGetConnectionStatus
[W]: Unknown function 0xd0958814 in 'sceNp' module
[E]: TODO: sceNpSignalingGetPeerNetInfoResult
[W]: Unknown function 0xd208f91d in 'sceNp' module
[E]: TODO: sceNpUtilCmpNpId
[W]: Unknown function 0xdae2d351 in 'sceNp' module
[E]: TODO: sceNpMatchingGrantOwnership
[W]: Unknown function 0xddce7d15 in 'sceNp' module
[E]: TODO: sceNpScoreGetBoardInfoAsync
[W]: Unknown function 0xe035f7d6 in 'sceNp' module
[E]: TODO: sceNpBasicGetEvent
[W]: Unknown function 0xe24eea19 in 'sceNp' module
[E]: TODO: sceNpMatchingGetRoomListLimitGUI
[W]: Unknown function 0xe7dcd3b4 in 'sceNp' module
[E]: TODO: sceNpManagerRegisterCallback
[W]: Unknown function 0xeb7a3d84 in 'sceNp' module
[E]: TODO: sceNpManagerGetChatRestrictionFlag
[W]: Unknown function 0xf0b1e399 in 'sceNp' module
[E]: TODO: sceNpScoreRecordScoreAsync
[W]: Unknown function 0xf42c0df8 in 'sceNp' module
[E]: TODO: sceNpManagerGetOnlineName
[W]: Unknown function 0xf806c54c in 'sceNp' module
[E]: TODO: sceNpMatchingLeaveRoom
[W]: Unknown function 0xfd0eb5ae in 'sceNp' module
[E]: TODO: sceNpSignalingDeactivateConnection
[W]: Unknown function 0xfe37a7f4 in 'sceNp' module
[E]: TODO: sceNpManagerGetNpId
[W]: Unknown function 0xd3758645 in 'cellResc' module
[E]: TODO: cellRescSetVBlankHandler
[W]: Unknown function 0xbd6d60d9 in 'cellGcmSys' module
[E]: TODO: cellGcmSetInvalidateTile
[W]: Unknown function 0x8a561d92 in 'sysPrxForUser' module
[E]: TODO: _sys_heap_free
[W]: Unknown function 0xaede4b03 in 'sysPrxForUser' module
[E]: TODO: _sys_heap_delete_heap
[W : PPU[1] Thread (CPUThread)[0x0221b034]]: sys_lwmutex warning: *** lwmutex created [_lc_mtx] (attribute=0x12): sq_id = 3
[W : PPU[1] Thread (CPUThread)[0x0034c25c]]: memory warning: sys_memory_get_user_memory_size(mem_info_addr=0xd0020c34)
[W : PPU[1] Thread (CPUThread)[0x0221b034]]: sys_lwmutex warning: *** lwmutex created [_lc_mtx] (attribute=0x12): sq_id = 4
[W : PPU[1] Thread (CPUThread)[0x0221b034]]: sys_lwmutex warning: *** lwmutex created [_lc_mtx] (attribute=0x12): sq_id = 5
[W : PPU[1] Thread (CPUThread)[0x0221b034]]: sys_lwmutex warning: *** lwmutex created [_lc_mtx] (attribute=0x12): sq_id = 6
[W : PPU[1] Thread (CPUThread)[0x0221b034]]: sys_lwmutex warning: *** lwmutex created [_lc_mtx] (attribute=0x12): sq_id = 7
[W : PPU[1] Thread (CPUThread)[0x0221b034]]: sys_lwmutex warning: *** lwmutex created [_lc_mtx] (attribute=0x12): sq_id = 8
[W : PPU[1] Thread (CPUThread)[0x0221b034]]: sys_lwmutex warning: *** lwmutex created [_lc_mtx] (attribute=0x12): sq_id = 9
[W : PPU[1] Thread (CPUThread)[0x0221b034]]: sys_lwmutex warning: *** lwmutex created [_lc_mtx] (attribute=0x12): sq_id = 10
[W : PPU[1] Thread (CPUThread)[0x0221b034]]: sys_lwmutex warning: *** lwmutex created [_lc_mtx] (attribute=0x12): sq_id = 11
[W : PPU[1] Thread (CPUThread)[0x0045901c]]: cellSysutil warning: cellSysutilGetSystemParamInt: CELL_SYSUTIL_SYSTEMPARAM_ID_LANG
[W : PPU[1] Thread (CPUThread)[0x00205b80]]: memory warning: sys_memory_container_create(cid_addr=0x4df4e0, yield_size=0x1000000)
[W : PPU[1] Thread (CPUThread)[0x00205b80]]: memory warning: *** memory_container created(addr=0x30200000): id = 12
[W : PPU[1] Thread (CPUThread)[0x00455010]]: cellSysmodule warning: cellSysmoduleLoadModule(CELL_SYSMODULE_RTC)
[W : PPU[1] Thread (CPUThread)[0x022190c4]]: cellGcmSys warning: cellGcmInit(context_addr=0x21f19bc,cmdSize=0x10000,ioSize=0x7e00000,ioAddress=0x31200000)
[W : PPU[1] Thread (CPUThread)[0x022190c4]]: cellGcmSys warning: *** local memory(addr=0xc0000000, size=0xf900000)
[W : PPU[1] Thread (CPUThread)[0x022190c4]]: cellGcmSys warning: cellGcmMapEaIoAddress(ea=0x31200000, io=0x0, size=0x7e00000)
[W : PPU[1] Thread (CPUThread)[0x0221b034]]: sys_lwmutex warning: *** lwmutex created [] (attribute=0x22): sq_id = 13
[! : RSXThread]: RSX thread entry
[W : PPU[1] Thread (CPUThread)[0x0221b034]]: sys_lwmutex warning: *** lwmutex created [] (attribute=0x22): sq_id = 14
[W : PPU[1] Thread (CPUThread)[0x0002956c]]: sys_spu warning: sys_spu_initialize(max_usable_spu=6, max_raw_spu=1)
[W : PPU[1] Thread (CPUThread)[0x00242260]]: sys_spu warning: sys_spu_initialize(max_usable_spu=6, max_raw_spu=0)
[E : PPU[1] Thread (CPUThread)[0x00457124]]: TODO: cellSpursInitialize
[W : PPU[1] Thread (CPUThread)[0x002421d0]]: sys_event warning: sys_event_queue_create(equeue_id_addr=0x2126ac0, attr_addr=0xd0020a30, event_queue_key=0x0, size=1)
[W : PPU[1] Thread (CPUThread)[0x002421d0]]: sys_event warning: *** event_queue created [] (protocol=0x2, type=0x1): id = 15
[W : PPU[1] Thread (CPUThread)[0x0045713c]]: cellSpurs warning: cellSpursAttachLv2EventQueue(spurs_addr=0x2126b00, queue=0xf, port_addr=0x2126ad0, isDynamic=1)
[W : PPU[1] Thread (CPUThread)[0x00459034]]: cellSysutil warning: cellVideoOutGetNumberOfDevice(videoOut=0)
[W : PPU[1] Thread (CPUThread)[0x0221b034]]: sys_lwmutex warning: *** lwmutex created [] (attribute=0x22): sq_id = 16
[W : PPU[1] Thread (CPUThread)[0x0221b034]]: sys_lwmutex warning: *** lwmutex created [] (attribute=0x22): sq_id = 17
[W : PPU[1] Thread (CPUThread)[0x0221b034]]: sys_lwmutex warning: *** lwmutex created [] (attribute=0x22): sq_id = 18
[W : PPU[1] Thread (CPUThread)[0x002349d4]]: sys_semaphore warning: sys_semaphore_create(sem_addr=0x2127f18, attr_addr=0xd0020880, initial_count=0, max_count=1)
[W : PPU[1] Thread (CPUThread)[0x0022322c]]: sys_mutex warning: *** mutex created [] (protocol=0x2, recursive=false): id = 20
[W : PPU[1] Thread (CPUThread)[0x00223254]]: sys_cond warning: *** condition created [] (mutex_id=20): id = 21
[W : PPU[1] Thread (CPUThread)[0x0221b034]]: sys_lwmutex warning: *** lwmutex created [] (attribute=0x22): sq_id = 23
[W : PPU[1] Thread (CPUThread)[0x0221b034]]: sys_lwmutex warning: *** lwmutex created [] (attribute=0x22): sq_id = 24
[W : PPU[1] Thread (CPUThread)[0x02219010]]: cellGcmSys warning: cellGcmSetUserHandler(handler=0x470d58)
[W : PPU[1] Thread (CPUThread)[0x0221b034]]: sys_lwmutex warning: *** lwmutex created [] (attribute=0x22): sq_id = 25
[W : PPU[1] Thread (CPUThread)[0x0221b034]]: sys_lwmutex warning: *** lwmutex created [] (attribute=0x22): sq_id = 26
[W : PPU[1] Thread (CPUThread)[0x0022322c]]: sys_mutex warning: *** mutex created [] (protocol=0x2, recursive=false): id = 27
[W : PPU[1] Thread (CPUThread)[0x00223254]]: sys_cond warning: *** condition created [] (mutex_id=27): id = 28
[W : PPU[1] Thread (CPUThread)[0x0221b034]]: sys_lwmutex warning: *** lwmutex created [] (attribute=0x22): sq_id = 30
[W : PPU[1] Thread (CPUThread)[0x0221b034]]: sys_lwmutex warning: *** lwmutex created [] (attribute=0x22): sq_id = 31
[W : PPU[1] Thread (CPUThread)[0x0221b034]]: sys_lwmutex warning: *** lwmutex created [] (attribute=0x22): sq_id = 32
[W : PPU[1] Thread (CPUThread)[0x0221b034]]: sys_lwmutex warning: *** lwmutex created [] (attribute=0x22): sq_id = 33
[W : PPU[1] Thread (CPUThread)[0x0221b034]]: sys_lwmutex warning: *** lwmutex created [] (attribute=0x22): sq_id = 34
[W : PPU[1] Thread (CPUThread)[0x0221b034]]: sys_lwmutex warning: *** lwmutex created [] (attribute=0x22): sq_id = 35
[W : PPU[1] Thread (CPUThread)[0x0221b034]]: sys_lwmutex warning: *** lwmutex created [] (attribute=0x22): sq_id = 36
[W : PPU[1] Thread (CPUThread)[0x00211530]]: sys_semaphore warning: sys_semaphore_create(sem_addr=0x20c0250, attr_addr=0xd0020850, initial_count=0, max_count=2147483647)
[W : PPU[1] Thread (CPUThread)[0x00211568]]: sys_semaphore warning: sys_semaphore_create(sem_addr=0x20c0258, attr_addr=0xd0020850, initial_count=0, max_count=1)
[W : PPU[1] Thread (CPUThread)[0x0221b034]]: sys_lwmutex warning: *** lwmutex created [] (attribute=0x22): sq_id = 40
[W : PPU[1] Thread (CPUThread)[0x0221b034]]: sys_lwmutex warning: *** lwmutex created [] (attribute=0x22): sq_id = 41
[W : PPU[1] Thread (CPUThread)[0x0221b034]]: sys_lwmutex warning: *** lwmutex created [] (attribute=0x22): sq_id = 42
[W : PPU[1] Thread (CPUThread)[0x0221b034]]: sys_lwmutex warning: *** lwmutex created [] (attribute=0x22): sq_id = 43
[W : PPU[1] Thread (CPUThread)[0x02219004]]: cellGcmSys warning: cellGcmGetTiledPitchSize(size=5120)
[W : PPU[1] Thread (CPUThread)[0x00459094]]: cellSysutil warning: cellVideoOutConfigure(videoOut=0, config_addr=0xd0020860, option_addr=0x0, waitForEvent=0x0)
[E : PPU[1] Thread (CPUThread)[0x02219064]]: cellGcmSys error: Unimplemented function: cellGcmSetVBlankHandler
[W : PPU[1] Thread (CPUThread)[0x02219028]]: cellGcmSys warning: cellGcmSetFlipMode(mode=2)
[W : PPU[1] Thread (CPUThread)[0x02219004]]: cellGcmSys warning: cellGcmGetTiledPitchSize(size=5120)
[W : PPU[1] Thread (CPUThread)[0x02219088]]: cellGcmSys warning: cellGcmSetTile(index=0, location=0, offset=0, size=3801088, pitch=5120, comp=7, base=0, bank=0)
[E : PPU[1] Thread (CPUThread)[0x02219088]]: cellGcmSys error: cellGcmSetTile: bad comp! (7)
[W : PPU[1] Thread (CPUThread)[0x02219004]]: cellGcmSys warning: cellGcmGetTiledPitchSize(size=5120)
[W : PPU[1] Thread (CPUThread)[0x02219088]]: cellGcmSys warning: cellGcmSetTile(index=1, location=0, offset=3801088, size=3801088, pitch=5120, comp=7, base=58, bank=0)
[E : PPU[1] Thread (CPUThread)[0x02219088]]: cellGcmSys error: cellGcmSetTile: bad comp! (7)
[W : PPU[1] Thread (CPUThread)[0x0221904c]]: cellGcmSys warning: cellGcmSetDisplayBuffer(id=0x0,offset=0x0,pitch=4,width=1280,height=720)
[W : PPU[1] Thread (CPUThread)[0x0221904c]]: cellGcmSys warning: cellGcmSetDisplayBuffer(id=0x1,offset=0x3a0000,pitch=4,width=1280,height=720)
[W : PPU[1] Thread (CPUThread)[0x00459034]]: cellSysutil warning: cellVideoOutGetNumberOfDevice(videoOut=0)
[W : PPU[1] Thread (CPUThread)[0x0221b034]]: sys_lwmutex warning: *** lwmutex created [] (attribute=0x22): sq_id = 44
[W : PPU[1] Thread (CPUThread)[0x0221b034]]: sys_lwmutex warning: *** lwmutex created [] (attribute=0x22): sq_id = 45
[W : PPU[1] Thread (CPUThread)[0x0221b034]]: sys_lwmutex warning: *** lwmutex created [] (attribute=0x22): sq_id = 46
[W : PPU[1] Thread (CPUThread)[0x0221b034]]: sys_lwmutex warning: *** lwmutex created [] (attribute=0x22): sq_id = 47
[W : PPU[1] Thread (CPUThread)[0x0221b034]]: sys_lwmutex warning: *** lwmutex created [] (attribute=0x22): sq_id = 48
[W : PPU[1] Thread (CPUThread)[0x0221b034]]: sys_lwmutex warning: *** lwmutex created [] (attribute=0x22): sq_id = 49
[W : PPU[1] Thread (CPUThread)[0x0221b034]]: sys_lwmutex warning: *** lwmutex created [] (attribute=0x22): sq_id = 50
[W : PPU[1] Thread (CPUThread)[0x0221b034]]: sys_lwmutex warning: *** lwmutex created [] (attribute=0x22): sq_id = 51
[W : PPU[1] Thread (CPUThread)[0x0221b034]]: sys_lwmutex warning: *** lwmutex created [] (attribute=0x22): sq_id = 52
[W : PPU[1] Thread (CPUThread)[0x0221b034]]: sys_lwmutex warning: *** lwmutex created [] (attribute=0x22): sq_id = 53
[W : PPU[1] Thread (CPUThread)[0x0221b034]]: sys_lwmutex warning: *** lwmutex created [] (attribute=0x22): sq_id = 54
[W : PPU[1] Thread (CPUThread)[0x0221b034]]: sys_lwmutex warning: *** lwmutex created [] (attribute=0x22): sq_id = 55
[W : PPU[1] Thread (CPUThread)[0x0221b034]]: sys_lwmutex warning: *** lwmutex created [] (attribute=0x22): sq_id = 56
[W : PPU[1] Thread (CPUThread)[0x0221b034]]: sys_lwmutex warning: *** lwmutex created [] (attribute=0x22): sq_id = 57
[W : PPU[1] Thread (CPUThread)[0x0221b034]]: sys_lwmutex warning: *** lwmutex created [] (attribute=0x22): sq_id = 58
[W : PPU[1] Thread (CPUThread)[0x0221b034]]: sys_lwmutex warning: *** lwmutex created [] (attribute=0x22): sq_id = 59
[W : PPU[1] Thread (CPUThread)[0x0221b034]]: sys_lwmutex warning: *** lwmutex created [] (attribute=0x22): sq_id = 60
[W : PPU[1] Thread (CPUThread)[0x0221b034]]: sys_lwmutex warning: *** lwmutex created [] (attribute=0x22): sq_id = 61
[W : PPU[1] Thread (CPUThread)[0x0221b034]]: sys_lwmutex warning: *** lwmutex created [] (attribute=0x22): sq_id = 62
[! : RSXThread]: RSX thread exit...
[W : PPU[29] Thread (NU::Draw::RequestManager)[0x0022341c]]: sys_cond_wait(id=28) aborted
[W : PPU[1] Thread (CPUThread)[0x00234770]]: sys_cond_wait(id=21) aborted
