[!]: path: /dev_hdd0/game/
[!]: Loading 'D:\Emulateur\Rpcs3\dev_hdd0\game\BLES00461-[Skate 2]\PS3_GAME\USRDIR/BOOT.BIN'...
[!]: Mount info:
[!]: /dev_hdd0/ -> D:\Emulateur\Rpcs3\dev_hdd0\
[!]: /dev_hdd1/ -> D:\Emulateur\Rpcs3\dev_hdd1\
[!]: /dev_flash/ -> D:\Emulateur\Rpcs3\dev_flash\
[!]: /dev_usb000/ -> D:\Emulateur\Rpcs3\dev_usb000\
[!]: /dev_usb/ -> D:\Emulateur\Rpcs3\dev_usb000\
[!]: /app_home/ -> D:\Emulateur\Rpcs3\dev_hdd0\game\BLES00461-[Skate 2]\PS3_GAME\
[!]: /dev_bdvd/ -> D:\Emulateur\Rpcs3\dev_hdd0\game\BLES00461-[Skate 2]\PS3_GAME\\..\
[!]: /host_root/ -> 
[!]: / -> D:\Emulateur\Rpcs3\dev_hdd0\game\BLES00461-[Skate 2]\PS3_GAME\\USRDIR\
[!]: Initing memory...
[!]: Memory initialized.
[W]: Unknown function 0x57e4dec3 in 'cellSpurs' module
[E]: TODO: cellSpursRemoveWorkload
[W]: Unknown function 0x5fd43fe4 in 'cellSpurs' module
[E]: TODO: cellSpursWaitForWorkloadShutdown
[W]: Unknown function 0x98d5b343 in 'cellSpurs' module
[E]: TODO: cellSpursShutdownWorkload
[W]: Unknown function 0xaa6269a8 in 'cellSpurs' module
[E]: TODO: cellSpursInitializeWithAttribute
[W]: Unknown function 0xc0158d8b in 'cellSpurs' module
[E]: TODO: cellSpursAddWorkloadWithAttribute
[W]: Unknown function 0xefeb2679 in 'cellSpurs' module
[E]: TODO: _cellSpursWorkloadAttributeInitialize
[W]: Unknown function 0xf843818d in 'cellSpurs' module
[E]: TODO: cellSpursReadyCountStore
[W]: Unknown function 0x01fbbc9b in 'sceNp' module
[E]: TODO: sceNpBasicSendMessageGui
[W]: Unknown function 0x04372385 in 'sceNp' module
[E]: TODO: sceNpBasicGetFriendListEntry
[W]: Unknown function 0x168a3117 in 'sceNp' module
[E]: TODO: sceNpBasicAddPlayersHistory
[W]: Unknown function 0x27c69eba in 'sceNp' module
[E]: TODO: sceNpBasicAddFriend
[W]: Unknown function 0x43b989f5 in 'sceNp' module
[E]: TODO: sceNpBasicSendMessageAttachment
[W]: Unknown function 0x4885aa18 in 'sceNp' module
[E]: TODO: sceNpTerm
[W]: Unknown function 0x64a704cc in 'sceNp' module
[E]: TODO: sceNpBasicRecvMessageAttachmentLoad
[W]: Unknown function 0x6ee62ed2 in 'sceNp' module
[E]: TODO: sceNpManagerGetContentRatingFlag
[W]: Unknown function 0x806960ab in 'sceNp' module
[E]: TODO: sceNpBasicRecvMessageCustom
[W]: Unknown function 0xa8afa7d4 in 'sceNp' module
[E]: TODO: sceNpBasicGetCustomInvitationEntryCount
[W]: Unknown function 0xad218faf in 'sceNp' module
[E]: TODO: sceNpDrmIsAvailable
[W]: Unknown function 0xafef640d in 'sceNp' module
[E]: TODO: sceNpBasicGetFriendListEntryCount
[W]: Unknown function 0xb5cb2d56 in 'sceNp' module
[E]: TODO: sceNpBasicRecvMessageAttachment
[W]: Unknown function 0xbd28fdbf in 'sceNp' module
[E]: TODO: sceNpInit
[W]: Unknown function 0xceeebc7a in 'sceNp' module
[E]: TODO: sceNpProfileCallGui
[W]: Unknown function 0xd208f91d in 'sceNp' module
[E]: TODO: sceNpUtilCmpNpId
[W]: Unknown function 0xeb7a3d84 in 'sceNp' module
[E]: TODO: sceNpManagerGetChatRestrictionFlag
[W]: Unknown function 0xfe37a7f4 in 'sceNp' module
[E]: TODO: sceNpManagerGetNpId
[W]: Unknown function 0x0968aa36 in 'sceNp' module
[E]: TODO: sceNpManagerGetTicket
[W]: Unknown function 0x168fcece in 'sceNp' module
[E]: TODO: sceNpManagerGetAccountAge
[W]: Unknown function 0x16f88a6f in 'sceNp' module
[E]: TODO: sceNpManagerGetPsHandle
[W]: Unknown function 0x32200389 in 'sceNp' module
[E]: TODO: sceNpManagerGetMyLanguages
[W]: Unknown function 0x3d1760dc in 'sceNp' module
[E]: TODO: sceNpLookupAbortTransaction
[W]: Unknown function 0x4026eac5 in 'sceNp' module
[E]: TODO: sceNpBasicRegisterContextSensitiveHandler
[W]: Unknown function 0x52a6b523 in 'sceNp' module
[E]: TODO: sceNpManagerUnregisterCallback
[W]: Unknown function 0x58fa4fcd in 'sceNp' module
[E]: TODO: sceNpManagerGetTicketParam
[W]: Unknown function 0x5de61626 in 'sceNp' module
[E]: TODO: sceNpLookupDestroyTitleCtx
[W]: Unknown function 0x5f2d9257 in 'sceNp' module
[E]: TODO: sceNpLookupInit
[W]: Unknown function 0x73931bd0 in 'sceNp' module
[E]: TODO: sceNpBasicGetBlockListEntryCount
[W]: Unknown function 0x7508112e in 'sceNp' module
[E]: TODO: sceNpLookupPollAsync
[W]: Unknown function 0x7e2fef28 in 'sceNp' module
[E]: TODO: sceNpManagerRequestTicket
[W]: Unknown function 0x8440537c in 'sceNp' module
[E]: TODO: sceNpLookupTerm
[W]: Unknown function 0x8d4518a0 in 'sceNp' module
[E]: TODO: sceNpCommerceSetDataFlagFinish
[W]: Unknown function 0x99ac9952 in 'sceNp' module
[E]: TODO: sceNpCommerceSetDataFlagStart
[W]: Unknown function 0xacb9ee8e in 'sceNp' module
[E]: TODO: sceNpBasicUnregisterHandler
[W]: Unknown function 0xb1e0718b in 'sceNp' module
[E]: TODO: sceNpManagerGetAccountRegion
[W]: Unknown function 0xbcdbb2ab in 'sceNp' module
[E]: TODO: sceNpBasicAddPlayersHistoryAsync
[W]: Unknown function 0xce81c7f0 in 'sceNp' module
[E]: TODO: sceNpLookupCreateTitleCtx
[W]: Unknown function 0xd12e40ae in 'sceNp' module
[E]: TODO: sceNpLookupNpIdAsync
[W]: Unknown function 0xe035f7d6 in 'sceNp' module
[E]: TODO: sceNpBasicGetEvent
[W]: Unknown function 0xe2877bea in 'sceNp' module
[E]: TODO: sceNpCommerceDestroyCtx
[W]: Unknown function 0xe7dcd3b4 in 'sceNp' module
[E]: TODO: sceNpManagerRegisterCallback
[W]: Unknown function 0xea2e9ffc in 'sceNp' module
[E]: TODO: sceNpLookupCreateTransactionCtx
[W]: Unknown function 0xf2b3338a in 'sceNp' module
[E]: TODO: sceNpBasicGetBlockListEntry
[W]: Unknown function 0xfb87cf5e in 'sceNp' module
[E]: TODO: sceNpLookupDestroyTransactionCtx
[W]: Unknown function 0xfcac355a in 'sceNp' module
[E]: TODO: sceNpCommerceCreateCtx
[W]: Unknown function 0x4210c462 in 'sceNp' module
[E]: Unknown func id: 0x4210c462
[W]: Unknown function 0xbd6d60d9 in 'cellGcmSys' module
[E]: TODO: cellGcmSetInvalidateTile
[W]: Unknown function 0xdc494430 in 'cellGcmSys' module
[E]: TODO: cellGcmSetSecondVHandler
[W]: Unknown function 0x051ee3ee in 'sys_net' module
[E]: TODO: socketpoll
[W]: Unknown function 0x13efe7f5 in 'sys_net' module
[E]: TODO: getsockname
[W]: Unknown function 0x28e208bb in 'sys_net' module
[E]: TODO: listen
[W]: Unknown function 0x5a045bd1 in 'sys_net' module
[E]: TODO: getsockopt
[W]: Unknown function 0x71f4c717 in 'sys_net' module
[E]: TODO: gethostbyname
[W]: Unknown function 0x858a930b in 'sys_net' module
[E]: TODO: inet_ntoa
[W]: Unknown function 0xdabbc2c0 in 'sys_net' module
[E]: TODO: inet_addr
[W]: Unknown function 0xf9ec2db6 in 'sys_net' module
[E]: TODO: getpeername
[W]: Unknown function 0x3f09e20a in 'sys_net' module
[E]: TODO: socketselect
[W]: Unknown function 0xa9a079e0 in 'sys_net' module
[E]: TODO: inet_aton
[W]: Unknown function 0xf7ac8941 in 'sys_net' module
[E]: TODO: gethostbyaddr
[W]: Unknown function 0xbe5be3ba in 'sys_io' module
[E]: TODO: cellPadSetSensorMode
[W]: Unknown function 0xf83f8182 in 'sys_io' module
[E]: TODO: cellPadSetPressMode
[W]: Unknown function 0xbef554a4 in 'sys_fs' module
[E]: TODO: cellFsUtime
[W]: Unknown function 0x1dfbfdd6 in 'cellSysutil' module
[E]: TODO: cellSaveDataListLoad2
[W]: Unknown function 0x21425307 in 'cellSysutil' module
[E]: TODO: cellSaveDataListAutoLoad
[W]: Unknown function 0x220894e3 in 'cellSysutil' module
[E]: TODO: cellSysutilEnableBgmPlayback
[W]: Unknown function 0x2a8eada2 in 'cellSysutil' module
[E]: TODO: cellSaveDataFixedLoad2
[W]: Unknown function 0x2aae9ef5 in 'cellSysutil' module
[E]: TODO: cellSaveDataFixedSave2
[W]: Unknown function 0x2de0d663 in 'cellSysutil' module
[E]: TODO: cellSaveDataListSave2
[W]: Unknown function 0x3d1e1931 in 'cellSysutil' module
[E]: TODO: cellOskDialogUnloadAsync
[W]: Unknown function 0x62b0f803 in 'cellSysutil' module
[E]: TODO: cellMsgDialogAbort
[W]: Unknown function 0x7fcfc915 in 'cellSysutil' module
[E]: TODO: cellOskDialogLoadAsync
[W]: Unknown function 0x8b7ed64b in 'cellSysutil' module
[E]: TODO: cellSaveDataAutoSave2
[W]: Unknown function 0x94862702 in 'cellSysutil' module
[E]: TODO: cellMsgDialogProgressBarInc
[W]: Unknown function 0x9949bf82 in 'cellSysutil' module
[E]: TODO: cellGameDataExitBroken
[W]: Unknown function 0xb53c54fa in 'cellSysutil' module
[E]: TODO: cellOskDialogSetKeyLayoutOption
[W]: Unknown function 0xb6d84526 in 'cellSysutil' module
[E]: TODO: cellOskDialogAbort
[W]: Unknown function 0xb72bc4e6 in 'cellSysutil' module
[E]: TODO: cellDiscGameGetBootDiscInfo
[W]: Unknown function 0xc9645c41 in 'cellSysutil' module
[E]: TODO: cellGameDataCheckCreate2
[W]: Unknown function 0xcfdd8e87 in 'cellSysutil' module
[E]: TODO: cellSysutilDisableBgmPlayback
[W]: Unknown function 0xf0ec3ccc in 'cellSysutil' module
[E]: TODO: cellOskDialogSetLayoutMode
[W]: Unknown function 0xfbd5c856 in 'cellSysutil' module
[E]: TODO: cellSaveDataAutoLoad2
[W]: Unknown module 'cellSaveData'
[W]: Unknown module 'sceNpCommerce2'
[W]: Unknown module 'cellHttp'
[W]: Unknown function 0x1650aea4 in 'cellSsl' module
[E]: TODO: cellSslEnd
[W]: Unknown function 0x571afaca in 'cellSsl' module
[E]: TODO: cellSslCertificateLoader
[W]: Unknown function 0xfb02c9d2 in 'cellSsl' module
[E]: TODO: cellSslInit
[W]: Unknown function 0x07e1b12c in 'cellMic' module
[E]: TODO: cellMicRead
[W]: Unknown function 0x1b42101b in 'cellMic' module
[E]: TODO: cellMicIsAttached
[W]: Unknown function 0x323deb41 in 'cellMic' module
[E]: TODO: cellMicSetSignalAttr
[W]: Unknown function 0x8325e02d in 'cellMic' module
[E]: TODO: cellMicInit
[W]: Unknown function 0x8d229f8e in 'cellMic' module
[E]: TODO: cellMicClose
[W]: Unknown function 0xb30780eb in 'cellMic' module
[E]: TODO: cellMicGetSignalState
[W]: Unknown function 0xc6328caa in 'cellMic' module
[E]: TODO: cellMicEnd
[W]: Unknown function 0xdd1b59f0 in 'cellMic' module
[E]: TODO: cellMicOpen
[W]: Unknown function 0xdd724314 in 'cellMic' module
[E]: TODO: cellMicStart
[W]: Unknown function 0x15ec0cca in 'cellCelpEnc' module
[E]: TODO: cellCelpEncClose
[W]: Unknown function 0x3773692f in 'cellCelpEnc' module
[E]: TODO: cellCelpEncGetAu
[W]: Unknown function 0x55dc23de in 'cellCelpEnc' module
[E]: TODO: cellCelpEncStart
[W]: Unknown function 0x6b148570 in 'cellCelpEnc' module
[E]: TODO: cellCelpEncQueryAttr
[W]: Unknown function 0x77b3b29a in 'cellCelpEnc' module
[E]: TODO: cellCelpEncOpen
[W]: Unknown function 0x81fe030c in 'cellCelpEnc' module
[E]: TODO: cellCelpEncEncodeFrame
[W]: Unknown function 0x9b244272 in 'cellCelpEnc' module
[E]: TODO: cellCelpEncWaitForOutput
[W]: Unknown function 0xf2b85dff in 'cellCelpEnc' module
[E]: TODO: cellCelpEncEnd
[W : PPU[1] Thread (CPUThread)[0x014f8034]]: sys_lwmutex warning: *** lwmutex created [_lc_mtx] (attribute=0x12): sq_id = 3
[W : PPU[1] Thread (CPUThread)[0x00b4d750]]: memory warning: sys_memory_get_user_memory_size(mem_info_addr=0xd0020c04)
[W : PPU[1] Thread (CPUThread)[0x014f8034]]: sys_lwmutex warning: *** lwmutex created [_lc_mtx] (attribute=0x12): sq_id = 4
[W : PPU[1] Thread (CPUThread)[0x014f8034]]: sys_lwmutex warning: *** lwmutex created [_lc_mtx] (attribute=0x12): sq_id = 5
[W : PPU[1] Thread (CPUThread)[0x014f8034]]: sys_lwmutex warning: *** lwmutex created [_lc_mtx] (attribute=0x12): sq_id = 6
[W : PPU[1] Thread (CPUThread)[0x014f8034]]: sys_lwmutex warning: *** lwmutex created [_lc_mtx] (attribute=0x12): sq_id = 7
[W : PPU[1] Thread (CPUThread)[0x014f8034]]: sys_lwmutex warning: *** lwmutex created [_lc_mtx] (attribute=0x12): sq_id = 8
[W : PPU[1] Thread (CPUThread)[0x014f8034]]: sys_lwmutex warning: *** lwmutex created [_lc_mtx] (attribute=0x12): sq_id = 9
[W : PPU[1] Thread (CPUThread)[0x014f8034]]: sys_lwmutex warning: *** lwmutex created [_lc_mtx] (attribute=0x12): sq_id = 10
[W : PPU[1] Thread (CPUThread)[0x014f8034]]: sys_lwmutex warning: *** lwmutex created [_lc_mtx] (attribute=0x12): sq_id = 11
[W : PPU[1] Thread (CPUThread)[0x014f8034]]: sys_lwmutex warning: *** lwmutex created [_lc_mtx] (attribute=0x12): sq_id = 12
[W : PPU[1] Thread (CPUThread)[0x014f8034]]: sys_lwmutex warning: *** lwmutex created [] (attribute=0x12): sq_id = 13
[W : PPU[1] Thread (CPUThread)[0x00555620]]: memory warning: sys_memory_get_user_memory_size(mem_info_addr=0xd0020750)
[W : PPU[1] Thread (CPUThread)[0x00786c78]]: sys_semaphore warning: sys_semaphore_create(sem_addr=0x13c4370, attr_addr=0xd00205b0, initial_count=0, max_count=100000)
[W : PPU[1] Thread (CPUThread)[0x00787f40]]: sys_mutex warning: *** mutex created [] (protocol=0x2, recursive=true): id = 15
[W : PPU[1] Thread (CPUThread)[0x0055bf18]]: memory warning: sys_memory_container_create(cid_addr=0x13c4218, yield_size=0x1000000)
[W : PPU[1] Thread (CPUThread)[0x0055bf18]]: memory warning: *** memory_container created(addr=0x30100000): id = 16
[W : PPU[1] Thread (CPUThread)[0x014f8034]]: sys_lwmutex warning: *** lwmutex created [] (attribute=0x12): sq_id = 17
[W : PPU[1] Thread (CPUThread)[0x014f8034]]: sys_lwmutex warning: *** lwmutex created [] (attribute=0x12): sq_id = 18
[W : PPU[1] Thread (CPUThread)[0x014f8034]]: sys_lwmutex warning: *** lwmutex created [] (attribute=0x12): sq_id = 19
[W : PPU[1] Thread (CPUThread)[0x014f8034]]: sys_lwmutex warning: *** lwmutex created [] (attribute=0x12): sq_id = 20
[W : PPU[1] Thread (CPUThread)[0x014f8034]]: sys_lwmutex warning: *** lwmutex created [] (attribute=0x12): sq_id = 21
[W : PPU[1] Thread (CPUThread)[0x014f8034]]: sys_lwmutex warning: *** lwmutex created [] (attribute=0x12): sq_id = 22
[W : PPU[1] Thread (CPUThread)[0x00555620]]: memory warning: sys_memory_get_user_memory_size(mem_info_addr=0xd0020570)
[W : PPU[1] Thread (CPUThread)[0x014f8034]]: sys_lwmutex warning: *** lwmutex created [_lc_mtx] (attribute=0x12): sq_id = 23
[W : PPU[1] Thread (CPUThread)[0x014f8034]]: sys_lwmutex warning: *** lwmutex created [_lc_mtx] (attribute=0x12): sq_id = 24
[W : PPU[1] Thread (CPUThread)[0x014f8034]]: sys_lwmutex warning: *** lwmutex created [_lc_mtx] (attribute=0x12): sq_id = 25
[W : PPU[1] Thread (CPUThread)[0x014f8034]]: sys_lwmutex warning: *** lwmutex created [_lc_mtx] (attribute=0x12): sq_id = 26
[W : PPU[1] Thread (CPUThread)[0x014f8034]]: sys_lwmutex warning: *** lwmutex created [_lc_mtx] (attribute=0x12): sq_id = 27
[W : PPU[1] Thread (CPUThread)[0x014f8034]]: sys_lwmutex warning: *** lwmutex created [_lc_mtx] (attribute=0x12): sq_id = 28
[W : PPU[1] Thread (CPUThread)[0x014f8034]]: sys_lwmutex warning: *** lwmutex created [_lc_mtx] (attribute=0x12): sq_id = 29
[W : PPU[1] Thread (CPUThread)[0x014f8034]]: sys_lwmutex warning: *** lwmutex created [_lc_mtx] (attribute=0x12): sq_id = 30
[W : PPU[1] Thread (CPUThread)[0x014f8034]]: sys_lwmutex warning: *** lwmutex created [_lc_mtx] (attribute=0x12): sq_id = 31
[W : PPU[1] Thread (CPUThread)[0x014f8034]]: sys_lwmutex warning: *** lwmutex created [_lc_mtx] (attribute=0x12): sq_id = 32
[W : PPU[1] Thread (CPUThread)[0x014f8034]]: sys_lwmutex warning: *** lwmutex created [_lc_mtx] (attribute=0x12): sq_id = 33
[W : PPU[1] Thread (CPUThread)[0x014f8034]]: sys_lwmutex warning: *** lwmutex created [_lc_mtx] (attribute=0x12): sq_id = 34
[W : PPU[1] Thread (CPUThread)[0x00787f40]]: sys_mutex warning: *** mutex created [] (protocol=0x2, recursive=true): id = 35
[W : PPU[1] Thread (CPUThread)[0x00787f40]]: sys_mutex warning: *** mutex created [] (protocol=0x2, recursive=true): id = 36
[W : PPU[1] Thread (CPUThread)[0x00787f40]]: sys_mutex warning: *** mutex created [] (protocol=0x2, recursive=true): id = 37
[W : PPU[1] Thread (CPUThread)[0x014e2124]]: cellSysutil warning: cellVideoOutGetResolutionAvailability(videoOut=0, resolutionId=0x1, option_addr=0x0, aspect=0x0, option=0xf579ef60)
[E : PPU[1] Thread (CPUThread)[0x0079ad40]]: GetRegBySPR error: Unknown SPR 0x10c! #pc: 0x79ad40
[! : PPU[1] Thread (CPUThread)[0x0079ad40]]: r0 = 0x8
[! : PPU[1] Thread (CPUThread)[0x0079ad40]]: r1 = 0xd0020c00
[! : PPU[1] Thread (CPUThread)[0x0079ad40]]: r2 = 0x1326a7c
[! : PPU[1] Thread (CPUThread)[0x0079ad40]]: r3 = 0x989680
[! : PPU[1] Thread (CPUThread)[0x0079ad40]]: r4 = 0xffff
[! : PPU[1] Thread (CPUThread)[0x0079ad40]]: r5 = 0x0
[! : PPU[1] Thread (CPUThread)[0x0079ad40]]: r6 = 0x135f148
[! : PPU[1] Thread (CPUThread)[0x0079ad40]]: r7 = 0x1
[! : PPU[1] Thread (CPUThread)[0x0079ad40]]: r8 = 0x28
[! : PPU[1] Thread (CPUThread)[0x0079ad40]]: r9 = 0x1
[! : PPU[1] Thread (CPUThread)[0x0079ad40]]: r10 = 0xffffffffffffffff
[! : PPU[1] Thread (CPUThread)[0x0079ad40]]: r11 = 0x13fb3b8
[! : PPU[1] Thread (CPUThread)[0x0079ad40]]: r12 = 0x11e2080
[! : PPU[1] Thread (CPUThread)[0x0079ad40]]: r13 = 0x30007060
[! : PPU[1] Thread (CPUThread)[0x0079ad40]]: r14 = 0x0
[! : PPU[1] Thread (CPUThread)[0x0079ad40]]: r15 = 0x0
[! : PPU[1] Thread (CPUThread)[0x0079ad40]]: r16 = 0x0
[! : PPU[1] Thread (CPUThread)[0x0079ad40]]: r17 = 0x0
[! : PPU[1] Thread (CPUThread)[0x0079ad40]]: r18 = 0x0
[! : PPU[1] Thread (CPUThread)[0x0079ad40]]: r19 = 0x0
[! : PPU[1] Thread (CPUThread)[0x0079ad40]]: r20 = 0x0
[! : PPU[1] Thread (CPUThread)[0x0079ad40]]: r21 = 0x0
[! : PPU[1] Thread (CPUThread)[0x0079ad40]]: r22 = 0x0
[! : PPU[1] Thread (CPUThread)[0x0079ad40]]: r23 = 0x0
[! : PPU[1] Thread (CPUThread)[0x0079ad40]]: r24 = 0x0
[! : PPU[1] Thread (CPUThread)[0x0079ad40]]: r25 = 0x0
[! : PPU[1] Thread (CPUThread)[0x0079ad40]]: r26 = 0xd0020e00
[! : PPU[1] Thread (CPUThread)[0x0079ad40]]: r27 = 0xd0020df0
[! : PPU[1] Thread (CPUThread)[0x0079ad40]]: r28 = 0x1
[! : PPU[1] Thread (CPUThread)[0x0079ad40]]: r29 = 0xd0020e00
[! : PPU[1] Thread (CPUThread)[0x0079ad40]]: r30 = 0x0
[! : PPU[1] Thread (CPUThread)[0x0079ad40]]: r31 = 0x12401b8
[! : PPU[1] Thread (CPUThread)[0x0079ad40]]: f0 = 0.000000
[! : PPU[1] Thread (CPUThread)[0x0079ad40]]: f1 = 0.000000
[! : PPU[1] Thread (CPUThread)[0x0079ad40]]: f2 = 0.000000
[! : PPU[1] Thread (CPUThread)[0x0079ad40]]: f3 = 0.000000
[! : PPU[1] Thread (CPUThread)[0x0079ad40]]: f4 = 0.000000
[! : PPU[1] Thread (CPUThread)[0x0079ad40]]: f5 = 0.000000
[! : PPU[1] Thread (CPUThread)[0x0079ad40]]: f6 = 0.000000
[! : PPU[1] Thread (CPUThread)[0x0079ad40]]: f7 = 0.000000
[! : PPU[1] Thread (CPUThread)[0x0079ad40]]: f8 = 0.000000
[! : PPU[1] Thread (CPUThread)[0x0079ad40]]: f9 = 0.000000
[! : PPU[1] Thread (CPUThread)[0x0079ad40]]: f10 = 0.000000
[! : PPU[1] Thread (CPUThread)[0x0079ad40]]: f11 = 0.000000
[! : PPU[1] Thread (CPUThread)[0x0079ad40]]: f12 = 0.000000
[! : PPU[1] Thread (CPUThread)[0x0079ad40]]: f13 = 0.000000
[! : PPU[1] Thread (CPUThread)[0x0079ad40]]: f14 = 0.000000
[! : PPU[1] Thread (CPUThread)[0x0079ad40]]: f15 = 0.000000
[! : PPU[1] Thread (CPUThread)[0x0079ad40]]: f16 = 0.000000
[! : PPU[1] Thread (CPUThread)[0x0079ad40]]: f17 = 0.000000
[! : PPU[1] Thread (CPUThread)[0x0079ad40]]: f18 = 0.000000
[! : PPU[1] Thread (CPUThread)[0x0079ad40]]: f19 = 0.000000
[! : PPU[1] Thread (CPUThread)[0x0079ad40]]: f20 = 0.000000
[! : PPU[1] Thread (CPUThread)[0x0079ad40]]: f21 = 0.000000
[! : PPU[1] Thread (CPUThread)[0x0079ad40]]: f22 = 0.000000
[! : PPU[1] Thread (CPUThread)[0x0079ad40]]: f23 = 0.000000
[! : PPU[1] Thread (CPUThread)[0x0079ad40]]: f24 = 0.000000
[! : PPU[1] Thread (CPUThread)[0x0079ad40]]: f25 = 0.000000
[! : PPU[1] Thread (CPUThread)[0x0079ad40]]: f26 = 0.000000
[! : PPU[1] Thread (CPUThread)[0x0079ad40]]: f27 = 0.000000
[! : PPU[1] Thread (CPUThread)[0x0079ad40]]: f28 = 0.000000
[! : PPU[1] Thread (CPUThread)[0x0079ad40]]: f29 = 0.000000
[! : PPU[1] Thread (CPUThread)[0x0079ad40]]: f30 = 0.000000
[! : PPU[1] Thread (CPUThread)[0x0079ad40]]: f31 = 0.000000
[! : PPU[1] Thread (CPUThread)[0x0079ad40]]: v0 = 0x00000000c11cf5c300000000012401f8 [x: 0 y: -9.81 z: 0 w: 3.01235e-038]
[! : PPU[1] Thread (CPUThread)[0x0079ad40]]: v1 = 0x00000000c19cf5c300000000d0020df0 [x: 0 y: -19.62 z: 0 w: -8.72781e+009]
[! : PPU[1] Thread (CPUThread)[0x0079ad40]]: v2 = 0x00000000000000000000000000000000 [x: 0 y: 0 z: 0 w: 0]
[! : PPU[1] Thread (CPUThread)[0x0079ad40]]: v3 = 0x00000000000000000000000000000000 [x: 0 y: 0 z: 0 w: 0]
[! : PPU[1] Thread (CPUThread)[0x0079ad40]]: v4 = 0x00000000000000000000000000000000 [x: 0 y: 0 z: 0 w: 0]
[! : PPU[1] Thread (CPUThread)[0x0079ad40]]: v5 = 0x00000000000000000000000000000000 [x: 0 y: 0 z: 0 w: 0]
[! : PPU[1] Thread (CPUThread)[0x0079ad40]]: v6 = 0x00000000000000000000000000000000 [x: 0 y: 0 z: 0 w: 0]
[! : PPU[1] Thread (CPUThread)[0x0079ad40]]: v7 = 0x00000000000000000000000000000000 [x: 0 y: 0 z: 0 w: 0]
[! : PPU[1] Thread (CPUThread)[0x0079ad40]]: v8 = 0x3f8000003f8000000000000001326a7c [x: 1 y: 1 z: 0 w: 3.27698e-038]
[! : PPU[1] Thread (CPUThread)[0x0079ad40]]: v9 = 0x3f0000003f00000000000000d0020df0 [x: 0.5 y: 0.5 z: 0 w: -8.72781e+009]
[! : PPU[1] Thread (CPUThread)[0x0079ad40]]: v10 = 0x3f800000bf80000000004e2000000000 [x: 1 y: -1 z: 2.8026e-041 w: 0]
[! : PPU[1] Thread (CPUThread)[0x0079ad40]]: v11 = 0x322bcc77322bcc77322bcc77322bcc77 [x: 1e-008 y: 1e-008 z: 1e-008 w: 1e-008]
[! : PPU[1] Thread (CPUThread)[0x0079ad40]]: v12 = 0xbf8000003f8000000000000001326a7c [x: -1 y: 1 z: 0 w: 3.27698e-038]
[! : PPU[1] Thread (CPUThread)[0x0079ad40]]: v13 = 0x00000000c09cf5c3000000000143c420 [x: 0 y: -4.905 z: 0 w: 3.59566e-038]
[! : PPU[1] Thread (CPUThread)[0x0079ad40]]: v14 = 0x00000000000000000000000000000000 [x: 0 y: 0 z: 0 w: 0]
[! : PPU[1] Thread (CPUThread)[0x0079ad40]]: v15 = 0x00000000000000000000000000000000 [x: 0 y: 0 z: 0 w: 0]
[! : PPU[1] Thread (CPUThread)[0x0079ad40]]: v16 = 0x00000000000000000000000000000000 [x: 0 y: 0 z: 0 w: 0]
[! : PPU[1] Thread (CPUThread)[0x0079ad40]]: v17 = 0x00000000000000000000000000000000 [x: 0 y: 0 z: 0 w: 0]
[! : PPU[1] Thread (CPUThread)[0x0079ad40]]: v18 = 0x00000000000000000000000000000000 [x: 0 y: 0 z: 0 w: 0]
[! : PPU[1] Thread (CPUThread)[0x0079ad40]]: v19 = 0x00000000000000000000000000000000 [x: 0 y: 0 z: 0 w: 0]
[! : PPU[1] Thread (CPUThread)[0x0079ad40]]: v20 = 0x00000000000000000000000000000000 [x: 0 y: 0 z: 0 w: 0]
[! : PPU[1] Thread (CPUThread)[0x0079ad40]]: v21 = 0x00000000000000000000000000000000 [x: 0 y: 0 z: 0 w: 0]
[! : PPU[1] Thread (CPUThread)[0x0079ad40]]: v22 = 0x00000000000000000000000000000000 [x: 0 y: 0 z: 0 w: 0]
[! : PPU[1] Thread (CPUThread)[0x0079ad40]]: v23 = 0x00000000000000000000000000000000 [x: 0 y: 0 z: 0 w: 0]
[! : PPU[1] Thread (CPUThread)[0x0079ad40]]: v24 = 0x00000000000000000000000000000000 [x: 0 y: 0 z: 0 w: 0]
[! : PPU[1] Thread (CPUThread)[0x0079ad40]]: v25 = 0x00000000000000000000000000000000 [x: 0 y: 0 z: 0 w: 0]
[! : PPU[1] Thread (CPUThread)[0x0079ad40]]: v26 = 0x00000000000000000000000000000000 [x: 0 y: 0 z: 0 w: 0]
[! : PPU[1] Thread (CPUThread)[0x0079ad40]]: v27 = 0x00000000000000000000000000000000 [x: 0 y: 0 z: 0 w: 0]
[! : PPU[1] Thread (CPUThread)[0x0079ad40]]: v28 = 0x00000000000000000000000000000000 [x: 0 y: 0 z: 0 w: 0]
[! : PPU[1] Thread (CPUThread)[0x0079ad40]]: v29 = 0x00000000000000000000000000000000 [x: 0 y: 0 z: 0 w: 0]
[! : PPU[1] Thread (CPUThread)[0x0079ad40]]: v30 = 0x00000000000000000000000000000000 [x: 0 y: 0 z: 0 w: 0]
[! : PPU[1] Thread (CPUThread)[0x0079ad40]]: v31 = 0x00000000000000000000000000000000 [x: 0 y: 0 z: 0 w: 0]
[! : PPU[1] Thread (CPUThread)[0x0079ad40]]: CR = 0x22000042
[! : PPU[1] Thread (CPUThread)[0x0079ad40]]: LR = 0x55550c
[! : PPU[1] Thread (CPUThread)[0x0079ad40]]: CTR = 0x8
[! : PPU[1] Thread (CPUThread)[0x0079ad40]]: XER = 0x0 [CA=0 | OV=0 | SO=0]
[! : PPU[1] Thread (CPUThread)[0x0079ad40]]: FPSCR = 0x4000 [RN=0 | NI=0 | XE=0 | ZE=0 | UE=0 | OE=0 | VE=0 | VXCVI=0 | VXSQRT=0 | VXSOFT=0 | FPRF=4 | FI=0 | FR=0 | VXVC=0 | VXIMZ=0 | VXZDZ=0 | VXIDI=0 | VXISI=0 | VXSNAN=0 | XX=0 | ZX=0 | UX=0 | OX=0 | VX=0 | FEX=0 | FX=0]
[!]: Closing memory...
