[!]: path: /dev_hdd0/game/
[!]: Loading 'D:\Emulateur\Rpcs3\dev_hdd0\game\BLES00452-[Disgaea 3 Absence of Detention]/PS3_GAME/USRDIR/BOOT.BIN'...
[!]: Mount info:
[!]: /dev_hdd0/ -> D:\Emulateur\Rpcs3\dev_hdd0\
[!]: /dev_hdd1/ -> D:\Emulateur\Rpcs3\dev_hdd1\
[!]: /dev_flash/ -> D:\Emulateur\Rpcs3\dev_flash\
[!]: /dev_usb000/ -> D:\Emulateur\Rpcs3\dev_usb000\
[!]: /dev_usb/ -> D:\Emulateur\Rpcs3\dev_usb000\
[!]: /app_home/ -> D:\Emulateur\Rpcs3\dev_hdd0\game\BLES00452-[Disgaea 3 Absence of Detention]/PS3_GAME/
[!]: /dev_bdvd/ -> D:\Emulateur\Rpcs3\dev_hdd0\game\BLES00452-[Disgaea 3 Absence of Detention]/PS3_GAME/\..\
[!]: /host_root/ -> 
[!]: / -> D:\Emulateur\Rpcs3\dev_hdd0\game\BLES00452-[Disgaea 3 Absence of Detention]/PS3_GAME/\USRDIR\
[!]: Initing memory...
[!]: Memory initialized.
[W]: Unknown function 0xbe5be3ba in 'sys_io' module
[E]: TODO: cellPadSetSensorMode
[W]: Unknown function 0xf83f8182 in 'sys_io' module
[E]: TODO: cellPadSetPressMode
[W]: Unknown function 0x1dfbfdd6 in 'cellSysutil' module
[E]: TODO: cellSaveDataListLoad2
[W]: Unknown function 0x2de0d663 in 'cellSysutil' module
[E]: TODO: cellSaveDataListSave2
[W]: Unknown function 0xc9645c41 in 'cellSysutil' module
[E]: TODO: cellGameDataCheckCreate2
[W]: Unknown function 0xedadd797 in 'cellSysutil' module
[E]: TODO: cellSaveDataDelete2
[W]: Unknown function 0x4cef342e in 'sys_fs' module
[E]: TODO: cellFsAioWrite
[W]: Unknown function 0x7f13fc8c in 'sys_fs' module
[E]: TODO: cellFsAioCancel
[W]: Unknown function 0x99406d0b in 'sys_fs' module
[E]: TODO: cellFsChmod
[W]: Unknown function 0x07254fda in 'cellSync' module
[E]: TODO: cellSyncBarrierInitialize
[W]: Unknown function 0x35f21355 in 'cellSync' module
[E]: TODO: cellSyncBarrierWait
[W]: Unknown function 0xf06a6415 in 'cellSync' module
[E]: TODO: cellSyncBarrierNotify
[W]: Unknown function 0x33435818 in 'cellL10n' module
[E]: TODO: SJISstoUTF8s
[W]: Unknown function 0x638c2fc1 in 'cellL10n' module
[E]: TODO: SjisHan2Zen
[W]: Unknown function 0x750c363d in 'cellL10n' module
[E]: TODO: jstrchk
[W]: Unknown function 0x28e208bb in 'sys_net' module
[E]: TODO: listen
[W]: Unknown function 0x3f09e20a in 'sys_net' module
[E]: TODO: socketselect
[W]: Unknown function 0x0f9667b6 in 'cellAtrac' module
[E]: TODO: cellAtracGetChannel
[W]: Unknown function 0x2bfff084 in 'cellAtrac' module
[E]: TODO: cellAtracGetStreamDataInfo
[W]: Unknown function 0x46cfc013 in 'cellAtrac' module
[E]: TODO: cellAtracAddStreamData
[W]: Unknown function 0x66afc68e in 'cellAtrac' module
[E]: TODO: cellAtracSetDataAndGetMemSize
[W]: Unknown function 0x761cb9be in 'cellAtrac' module
[E]: TODO: cellAtracDeleteDecoder
[W]: Unknown function 0x7772eb2b in 'cellAtrac' module
[E]: TODO: cellAtracResetPlayPosition
[W]: Unknown function 0x78ba5c41 in 'cellAtrac' module
[E]: TODO: cellAtracSetLoopNum
[W]: Unknown function 0x7b22e672 in 'cellAtrac' module
[E]: TODO: cellAtracGetNextDecodePosition
[W]: Unknown function 0x8eb0e65f in 'cellAtrac' module
[E]: TODO: cellAtracDecode
[W]: Unknown function 0x99efe171 in 'cellAtrac' module
[E]: TODO: cellAtracIsSecondBufferNeeded
[W]: Unknown function 0x99fb73d1 in 'cellAtrac' module
[E]: TODO: cellAtracGetBufferInfoForResetting
[W]: Unknown function 0xab6b6dbf in 'cellAtrac' module
[E]: TODO: cellAtracGetLoopInfo
[W]: Unknown function 0xcf01d5d4 in 'cellAtrac' module
[E]: TODO: cellAtracGetSoundInfo
[W]: Unknown function 0xdfab73aa in 'cellAtrac' module
[E]: TODO: cellAtracGetRemainFrame
[W]: Unknown function 0xfa293e88 in 'cellAtrac' module
[E]: TODO: cellAtracCreateDecoder
[W]: Unknown function 0x1a2704f7 in 'sceNp' module
[E]: TODO: sceNpScoreWaitAsync
[W]: Unknown function 0x21206642 in 'sceNp' module
[E]: TODO: sceNpScoreGetRankingByRangeAsync
[W]: Unknown function 0x259113b8 in 'sceNp' module
[E]: TODO: sceNpScoreDestroyTitleCtx
[W]: Unknown function 0x29dd45dc in 'sceNp' module
[E]: TODO: sceNpScoreSetTimeout
[W]: Unknown function 0x32cf311f in 'sceNp' module
[E]: TODO: sceNpScoreInit
[W]: Unknown function 0x3db7914d in 'sceNp' module
[E]: TODO: sceNpScoreGetRankingByNpIdAsync
[W]: Unknown function 0x4885aa18 in 'sceNp' module
[E]: TODO: sceNpTerm
[W]: Unknown function 0x52a6b523 in 'sceNp' module
[E]: TODO: sceNpManagerUnregisterCallback
[W]: Unknown function 0x6ee62ed2 in 'sceNp' module
[E]: TODO: sceNpManagerGetContentRatingFlag
[W]: Unknown function 0x6f5e8143 in 'sceNp' module
[E]: TODO: sceNpScoreCreateTransactionCtx
[W]: Unknown function 0x7be47e61 in 'sceNp' module
[E]: TODO: sceNpScoreCensorCommentAsync
[W]: Unknown function 0x9851f805 in 'sceNp' module
[E]: TODO: sceNpScoreTerm
[W]: Unknown function 0xa1709abd in 'sceNp' module
[E]: TODO: sceNpManagerGetEntitlementById
[W]: Unknown function 0xa7a090e5 in 'sceNp' module
[E]: TODO: sceNpScorePollAsync
[W]: Unknown function 0xad218faf in 'sceNp' module
[E]: TODO: sceNpDrmIsAvailable
[W]: Unknown function 0xb9f93bbb in 'sceNp' module
[E]: TODO: sceNpScoreCreateTitleCtx
[W]: Unknown function 0xbd28fdbf in 'sceNp' module
[E]: TODO: sceNpInit
[W]: Unknown function 0xbdc07fd5 in 'sceNp' module
[E]: TODO: sceNpManagerGetNetworkTime
[W]: Unknown function 0xc4b6cd8f in 'sceNp' module
[E]: TODO: sceNpScoreGetRankingByNpIdPcIdAsync
[W]: Unknown function 0xc5f4cf82 in 'sceNp' module
[E]: TODO: sceNpScoreDestroyTransactionCtx
[W]: Unknown function 0xdb2e4dc2 in 'sceNp' module
[E]: TODO: sceNpScoreGetGameDataAsync
[W]: Unknown function 0xddce7d15 in 'sceNp' module
[E]: TODO: sceNpScoreGetBoardInfoAsync
[W]: Unknown function 0xe7dcd3b4 in 'sceNp' module
[E]: TODO: sceNpManagerRegisterCallback
[W]: Unknown function 0xf042b14f in 'sceNp' module
[E]: TODO: sceNpDrmIsAvailable2
[W]: Unknown function 0xf0b1e399 in 'sceNp' module
[E]: TODO: sceNpScoreRecordScoreAsync
[W]: Unknown function 0xf76847c2 in 'sceNp' module
[E]: TODO: sceNpScoreRecordGameDataAsync
[W]: Unknown function 0xfe37a7f4 in 'sceNp' module
[E]: TODO: sceNpManagerGetNpId
[W]: Unknown function 0x59b1ede1 in 'cellGameExec' module
[E]: TODO: cellGameGetHomeDataExportPath
[W]: Unknown function 0x8a561d92 in 'sysPrxForUser' module
[E]: TODO: _sys_heap_free
[W]: Unknown function 0xaede4b03 in 'sysPrxForUser' module
[E]: TODO: _sys_heap_delete_heap
[W : PPU[1] Thread (CPUThread)[0x01f3f034]]: sys_lwmutex warning: *** lwmutex created [_lc_mtx] (attribute=0x12): sq_id = 3
[W : PPU[1] Thread (CPUThread)[0x00261270]]: memory warning: sys_memory_get_user_memory_size(mem_info_addr=0xd0020c04)
[W : PPU[1] Thread (CPUThread)[0x01f3f034]]: sys_lwmutex warning: *** lwmutex created [_lc_mtx] (attribute=0x12): sq_id = 4
[W : PPU[1] Thread (CPUThread)[0x01f3f034]]: sys_lwmutex warning: *** lwmutex created [_lc_mtx] (attribute=0x12): sq_id = 5
[W : PPU[1] Thread (CPUThread)[0x01f3f034]]: sys_lwmutex warning: *** lwmutex created [_lc_mtx] (attribute=0x12): sq_id = 6
[W : PPU[1] Thread (CPUThread)[0x01f3f034]]: sys_lwmutex warning: *** lwmutex created [_lc_mtx] (attribute=0x12): sq_id = 7
[W : PPU[1] Thread (CPUThread)[0x01f3f034]]: sys_lwmutex warning: *** lwmutex created [_lc_mtx] (attribute=0x12): sq_id = 8
[W : PPU[1] Thread (CPUThread)[0x01f3f034]]: sys_lwmutex warning: *** lwmutex created [_lc_mtx] (attribute=0x12): sq_id = 9
[W : PPU[1] Thread (CPUThread)[0x01f3f034]]: sys_lwmutex warning: *** lwmutex created [_lc_mtx] (attribute=0x12): sq_id = 10
[W : PPU[1] Thread (CPUThread)[0x01f3f034]]: sys_lwmutex warning: *** lwmutex created [_lc_mtx] (attribute=0x12): sq_id = 11
[W : PPU[1] Thread (CPUThread)[0x01f3f034]]: sys_lwmutex warning: *** lwmutex created [_lc_mtx] (attribute=0x12): sq_id = 12
[W : PPU[1] Thread (CPUThread)[0x0003a1f0]]: sys_mutex warning: *** mutex created [] (protocol=0x2, recursive=false): id = 13
[W : PPU[1] Thread (CPUThread)[0x0003a5c0]]: sys_mutex warning: *** mutex created [] (protocol=0x2, recursive=false): id = 14
[W : PPU[1] Thread (CPUThread)[0x0029d07c]]: cellSysutil warning: cellSysutilRegisterCallback(slot=0, func_addr=0x2a0578, userdata=0x0)
[W : PPU[15] Thread (Check game data thread)[0x000152f4]]: memory warning: sys_memory_container_create(cid_addr=0xd0030dd0, yield_size=0x300000)
[W : PPU[15] Thread (Check game data thread)[0x000152f4]]: memory warning: *** memory_container created(addr=0x30100000): id = 16
[E : PPU[15] Thread (Check game data thread)[0x0029d094]]: TODO: cellGameDataCheckCreate2
[W : PPU[15] Thread (Check game data thread)[0x0001531c]]: memory warning: sys_memory_container_destroy(cid=16)
[W : PPU[1] Thread (CPUThread)[0x0029f01c]]: cellSysmodule warning: cellSysmoduleIsLoaded(CELL_SYSMODULE_NET)
[W : PPU[1] Thread (CPUThread)[0x0029f010]]: cellSysmodule warning: cellSysmoduleLoadModule(CELL_SYSMODULE_NET)
[W : PPU[1] Thread (CPUThread)[0x01f27004]]: sys_net warning: sys_net_initialize_network_ex(param_addr=0xd0020bd0)
[W : PPU[1] Thread (CPUThread)[0x0029f01c]]: cellSysmodule warning: cellSysmoduleIsLoaded(CELL_SYSMODULE_SYSUTIL_NP)
[W : PPU[1] Thread (CPUThread)[0x0029f010]]: cellSysmodule warning: cellSysmoduleLoadModule(CELL_SYSMODULE_SYSUTIL_NP)
[E : PPU[1] Thread (CPUThread)[0x01f370d0]]: TODO: sceNpInit
[E : PPU[1] Thread (CPUThread)[0x01f37034]]: TODO: sceNpScoreInit
[W : PPU[1] Thread (CPUThread)[0x0029f010]]: cellSysmodule warning: cellSysmoduleLoadModule(CELL_SYSMODULE_RTC)
[W : PPU[1] Thread (CPUThread)[0x0029f010]]: cellSysmodule warning: cellSysmoduleLoadModule(CELL_SYSMODULE_FS)
[W : PPU[1] Thread (CPUThread)[0x0029f010]]: cellSysmodule warning: cellSysmoduleLoadModule(CELL_SYSMODULE_SYNC)
[W : PPU[1] Thread (CPUThread)[0x00016fd4]]: sys_spu warning: sys_spu_initialize(max_usable_spu=6, max_raw_spu=0)
[W : PPU[1] Thread (CPUThread)[0x0029b010]]: cellGcmSys warning: cellGcmInit(context_addr=0x1e7e1f8,cmdSize=0x3f000,ioSize=0x1800000,ioAddress=0x30100000)
[W : PPU[1] Thread (CPUThread)[0x0029b010]]: cellGcmSys warning: *** local memory(addr=0xc0000000, size=0xf900000)
[W : PPU[1] Thread (CPUThread)[0x0029b010]]: cellGcmSys warning: cellGcmMapEaIoAddress(ea=0x30100000, io=0x0, size=0x1800000)
[! : RSXThread]: RSX thread entry
[W : PPU[1] Thread (CPUThread)[0x0029b004]]: cellGcmSys warning: cellGcmGetTiledPitchSize(size=5120)
[W : PPU[1] Thread (CPUThread)[0x0029b058]]: cellGcmSys warning: cellGcmSetTile(index=0, location=0, offset=0, size=3801088, pitch=5120, comp=0, base=0, bank=0)
[W : PPU[1] Thread (CPUThread)[0x0029b040]]: cellGcmSys warning: cellGcmSetDisplayBuffer(id=0x0,offset=0x0,pitch=4,width=1280,height=720)
[W : PPU[1] Thread (CPUThread)[0x0029b058]]: cellGcmSys warning: cellGcmSetTile(index=2, location=0, offset=3801088, size=3801088, pitch=5120, comp=0, base=0, bank=1)
[W : PPU[1] Thread (CPUThread)[0x0029b064]]: cellGcmSys warning: TODO: cellGcmSetZcull(index=0, offset=0x3a0000, width=1280, height=768, cullStart=0x0, zFormat=0x2, aaFormat=0x0, zCullDir=0x0, zCullFormat=0x1, sFunc=0x7, sRef=0x0, sMask=0x0)
[W : PPU[1] Thread (CPUThread)[0x0029f010]]: cellSysmodule warning: cellSysmoduleLoadModule(CELL_SYSMODULE_RESC)
[W : PPU[1] Thread (CPUThread)[0x00299040]]: cellResc warning: cellRescInit(initConfig_addr=0xd0020534)
[W : PPU[1] Thread (CPUThread)[0x0029b004]]: cellGcmSys warning: cellGcmGetTiledPitchSize(size=5120)
[W : PPU[1] Thread (CPUThread)[0x00299028]]: cellResc warning: cellRescSetDisplayMode(displayMode=4)
[W : PPU[1] Thread (CPUThread)[0x00299028]]: cellSysutil warning: cellVideoOutConfigure(videoOut=0, config_addr=0x30017000, option_addr=0x0, waitForEvent=0x0)
[W : PPU[1] Thread (CPUThread)[0x00299028]]: cellGcmSys warning: cellGcmSetFlipMode(mode=2)
[W : PPU[1] Thread (CPUThread)[0x0029904c]]: cellResc warning: cellRescGetBufferSize(colorBuffers_addr=0x1e3df14, vertexArray_addr=0x1e3df18, fragmentShader_addr=0x1e3df1c)
[W : PPU[1] Thread (CPUThread)[0x0029b058]]: cellGcmSys warning: cellGcmSetTile(index=3, location=0, offset=198180864, size=7536640, pitch=5120, comp=0, base=0, bank=0)
[W : PPU[1] Thread (CPUThread)[0x00299064]]: cellResc warning: cellRescSetBufferAddress(colorBuffers_addr=0xcbd00000, vertexArray_addr=0xc0ac0000, fragmentShader_addr=0xc0ac1000)
[W : PPU[1] Thread (CPUThread)[0x00299064]]: cellGcmSys warning: cellGcmSetDisplayBuffer(id=0x0,offset=0xbd00000,pitch=4,width=1280,height=720)
[W : PPU[1] Thread (CPUThread)[0x00299064]]: cellGcmSys warning: cellGcmSetDisplayBuffer(id=0x1,offset=0xc084000,pitch=4,width=1280,height=720)
[W : PPU[1] Thread (CPUThread)[0x00299058]]: cellGcmSys warning: cellGcmSetDisplayBuffer(id=0x0,offset=0x0,pitch=4,width=1280,height=720)
[W : PPU[1] Thread (CPUThread)[0x00299058]]: cellGcmSys warning: cellGcmSetDisplayBuffer(id=0x1,offset=0xc03a0000,pitch=4,width=1280,height=720)
[W : PPU[1] Thread (CPUThread)[0x01f3f100]]: sysPrxForUser warning: sys_spu_image_import(img=0x1f1bec0, src=0x292300, type=0x0)
[W : PPU[1] Thread (CPUThread)[0x01f3f100]]: desc = 'NisGraphics.spu.elf'
[W : PPU[1] Thread (CPUThread)[0x000172e0]]: sys_spu warning: sys_spu_thread_group_create(id_addr=0x1f1bedc, num=6, prio=16, attr_addr=0xd0020a3c)
[W : PPU[1] Thread (CPUThread)[0x000172e0]]: sys_spu warning: *** SPU Thread Group created [NisGraphicsSpu_Group] (type=0x0, option.ct=0x0): id=17
[W : PPU[1] Thread (CPUThread)[0x00017354]]: sys_spu warning: sys_spu_thread_initialize(thread_addr=0x1f1beec, group=0x11, spu_num=0, img_addr=0x1f1bec0, attr_addr=0xd0020a30, arg_addr=0xd0020a50)
[W : PPU[1] Thread (CPUThread)[0x00017354]]: sys_spu warning: *** New SPU Thread [NGS_Thread1] (img_offset=0x1f43000, ls_offset=0x1f83000, ep=0x90, a1=0x1f1c060, a2=0x1f1c0c0, a3=0x0, a4=0x1f1c180): id=18
[W : PPU[1] Thread (CPUThread)[0x00017354]]: sys_spu warning: sys_spu_thread_initialize(thread_addr=0x1f1bf2c, group=0x11, spu_num=1, img_addr=0x1f1bec0, attr_addr=0xd0020a30, arg_addr=0xd0020a50)
[W : PPU[1] Thread (CPUThread)[0x00017354]]: sys_spu warning: *** New SPU Thread [NGS_Thread2] (img_offset=0x1f43000, ls_offset=0x1fc3000, ep=0x90, a1=0x1f1c070, a2=0x1f1c0e0, a3=0x0, a4=0x1f1c184): id=19
[W : PPU[1] Thread (CPUThread)[0x00017354]]: sys_spu warning: sys_spu_thread_initialize(thread_addr=0x1f1bf6c, group=0x11, spu_num=2, img_addr=0x1f1bec0, attr_addr=0xd0020a30, arg_addr=0xd0020a50)
[W : PPU[1] Thread (CPUThread)[0x00017354]]: sys_spu warning: *** New SPU Thread [NGS_Thread3] (img_offset=0x1f43000, ls_offset=0x2003000, ep=0x90, a1=0x1f1c080, a2=0x1f1c100, a3=0x0, a4=0x1f1c188): id=20
[W : PPU[1] Thread (CPUThread)[0x00017354]]: sys_spu warning: sys_spu_thread_initialize(thread_addr=0x1f1bfac, group=0x11, spu_num=3, img_addr=0x1f1bec0, attr_addr=0xd0020a30, arg_addr=0xd0020a50)
[W : PPU[1] Thread (CPUThread)[0x00017354]]: sys_spu warning: *** New SPU Thread [NGS_Thread4] (img_offset=0x1f43000, ls_offset=0x2043000, ep=0x90, a1=0x1f1c090, a2=0x1f1c120, a3=0x0, a4=0x1f1c18c): id=21
[W : PPU[1] Thread (CPUThread)[0x00017354]]: sys_spu warning: sys_spu_thread_initialize(thread_addr=0x1f1bfec, group=0x11, spu_num=4, img_addr=0x1f1bec0, attr_addr=0xd0020a30, arg_addr=0xd0020a50)
[W : PPU[1] Thread (CPUThread)[0x00017354]]: sys_spu warning: *** New SPU Thread [NGS_Thread4] (img_offset=0x1f43000, ls_offset=0x2083000, ep=0x90, a1=0x1f1c0a0, a2=0x1f1c140, a3=0x0, a4=0x1f1c190): id=22
[W : PPU[1] Thread (CPUThread)[0x00017354]]: sys_spu warning: sys_spu_thread_initialize(thread_addr=0x1f1c02c, group=0x11, spu_num=5, img_addr=0x1f1bec0, attr_addr=0xd0020a30, arg_addr=0xd0020a50)
[W : PPU[1] Thread (CPUThread)[0x00017354]]: sys_spu warning: *** New SPU Thread [NGS_Thread5] (img_offset=0x1f43000, ls_offset=0x20c3000, ep=0x90, a1=0x1f1c0b0, a2=0x1f1c160, a3=0x0, a4=0x1f1c194): id=23
[W : PPU[1] Thread (CPUThread)[0x00017380]]: sys_spu warning: sys_spu_thread_group_start(id=17)
[W : PPU[1] Thread (CPUThread)[0x01f1f0a0]]: sys_fs warning: cellFsAioInit(mount_point_addr=0x27f9b8 (/dev_bdvd/PS3_GAME/USRDIR))
[W : PPU[1] Thread (CPUThread)[0x01f1f0a0]]: sys_fs warning: cellFsAioInit(mount_point_addr=0x27f9d8 (/app_home))
[W : PPU[1] Thread (CPUThread)[0x01f1f0a0]]: sys_fs warning: cellFsAioInit(mount_point_addr=0x27f9e8 (/dev_hdd0))
[W : PPU[1] Thread (CPUThread)[0x0029d040]]: cellSysutil warning: cellSysutilGetSystemParamInt: CELL_SYSUTIL_SYSTEMPARAM_ID_LANG
[W : PPU[1] Thread (CPUThread)[0x0029d040]]: cellSysutil warning: cellSysutilGetSystemParamInt: CELL_SYSUTIL_SYSTEMPARAM_ID_ENTER_BUTTON_ASSIGN
[W : PPU[1] Thread (CPUThread)[0x0029d040]]: cellSysutil warning: cellSysutilGetSystemParamInt: CELL_SYSUTIL_SYSTEMPARAM_ID_DATE_FORMAT
[W : PPU[1] Thread (CPUThread)[0x0029d040]]: cellSysutil warning: cellSysutilGetSystemParamInt: CELL_SYSUTIL_SYSTEMPARAM_ID_TIME_FORMAT
[W : PPU[1] Thread (CPUThread)[0x0029d040]]: cellSysutil warning: cellSysutilGetSystemParamInt: CELL_SYSUTIL_SYSTEMPARAM_ID_TIMEZONE
[W : PPU[1] Thread (CPUThread)[0x0029d040]]: cellSysutil warning: cellSysutilGetSystemParamInt: CELL_SYSUTIL_SYSTEMPARAM_ID_SUMMERTIME
[W : PPU[1] Thread (CPUThread)[0x0029d040]]: cellSysutil warning: cellSysutilGetSystemParamInt: CELL_SYSUTIL_SYSTEMPARAM_ID_GAME_PARENTAL_LEVEL
[W : PPU[1] Thread (CPUThread)[0x0029d040]]: cellSysutil warning: cellSysutilGetSystemParamInt: CELL_SYSUTIL_SYSTEMPARAM_ID_CURRENT_USER_HAS_NP_ACCOUNT
[W : PPU[1] Thread (CPUThread)[0x0029d040]]: cellSysutil warning: cellSysutilGetSystemParamInt: CELL_SYSUTIL_SYSTEMPARAM_ID_CAMERA_PLFREQ
[W : PPU[1] Thread (CPUThread)[0x0029d070]]: cellSysutil warning: cellSysutilGetSystemParamString: CELL_SYSUTIL_SYSTEMPARAM_ID_NICKNAME
[W : PPU[1] Thread (CPUThread)[0x0029d070]]: cellSysutil warning: cellSysutilGetSystemParamString: CELL_SYSUTIL_SYSTEMPARAM_ID_CURRENT_USERNAME
[W : PPU[1] Thread (CPUThread)[0x0029f010]]: cellSysmodule warning: cellSysmoduleLoadModule(CELL_SYSMODULE_L10N)
[W : PPU[1] Thread (CPUThread)[0x01f1f034]]: *** cellFsOpen(path="/dev_bdvd/PS3_GAME/USRDIR/Data/NisAnmShadow.txf"): fd = 24
[W : PPU[1] Thread (CPUThread)[0x01f1f094]]: sys_fs warning: cellFsAioRead(aio_addr=0x2de828, id_addr=0x2de854, func_addr=0x2a06c0)
[W : fsAioRead]: *** fsAioRead(fd=24, offset=0x0, buf_addr=0x32326000, size=0x1010, error=0x0, res=0x1010, xid=0x0 [dev_bdvd/D:/Emulateur/Rpcs3/dev_hdd0/game/BLES00452-[Disgaea 3 Absence of Detention]/PS3_GAME/USRDIR/Data/NisAnmShadow.txf])
[W : PPU[1] Thread (CPUThread)[0x01f3f034]]: sys_lwmutex warning: *** lwmutex created [] (attribute=0x22): sq_id = 25
[W : PPU[1] Thread (CPUThread)[0x0029d088]]: cellSysutil warning: cellAudioOutGetSoundAvailability(audioOut=0, type=0, fs=0x4, option=0)
[W : PPU[1] Thread (CPUThread)[0x0029d04c]]: cellSysutil warning: cellAudioOutConfigure(audioOut=0, config_addr=0xd0020af4, option_addr=0x0, (!)waitForEvent=0)
[W : PPU[1] Thread (CPUThread)[0x0029d0a0]]: cellSysutil warning: cellAudioOutSetCopyControl(audioOut=0,control=1)
[W : PPU[1] Thread (CPUThread)[0x002497a0]]: sys_mutex warning: *** mutex created [] (protocol=0x2, recursive=false): id = 26
[W : PPU[1] Thread (CPUThread)[0x00249914]]: sys_spu warning: sys_spu_thread_group_create(id_addr=0x1f05890, num=1, prio=100, attr_addr=0x1f05984)
[W : PPU[1] Thread (CPUThread)[0x00249914]]: sys_spu warning: *** SPU Thread Group created [_synth2 Group] (type=0x0, option.ct=0x0): id=27
[W : PPU[1] Thread (CPUThread)[0x01f3f100]]: sysPrxForUser warning: sys_spu_image_import(img=0x1f05894, src=0x287d00, type=0x1)
[W : PPU[1] Thread (CPUThread)[0x01f3f100]]: desc = 'synth2.elf'
[W : PPU[1] Thread (CPUThread)[0x00249a14]]: sys_spu warning: sys_spu_thread_initialize(thread_addr=0x1f0588c, group=0x1b, spu_num=0, img_addr=0x1f05894, attr_addr=0x1f05994, arg_addr=0x1f059a0)
[W : PPU[1] Thread (CPUThread)[0x00249a14]]: sys_spu warning: *** New SPU Thread [_synth2 Thread] (img_offset=0x2103000, ls_offset=0x2143000, ep=0x100, a1=0x1f05900, a2=0x0, a3=0x0, a4=0x0): id=28
[W : PPU[1] Thread (CPUThread)[0x00249ffc]]: sys_event warning: sys_event_queue_create(equeue_id_addr=0x1e7e228, attr_addr=0x1e7e230, event_queue_key=0x0, size=32)
[W : PPU[1] Thread (CPUThread)[0x00249ffc]]: sys_event warning: *** event_queue created [] (protocol=0x2, type=0x1): id = 29
[W : PPU[1] Thread (CPUThread)[0x0024a018]]: sys_spu warning: sys_spu_thread_connect_event(id=28, eq_id=29, event_type=0x1, spup=58)
[W : PPU[1] Thread (CPUThread)[0x0024a038]]: sys_event warning: sys_event_queue_create(equeue_id_addr=0x1e7e22c, attr_addr=0x1e7e230, event_queue_key=0x0, size=32)
[W : PPU[1] Thread (CPUThread)[0x0024a038]]: sys_event warning: *** event_queue created [] (protocol=0x2, type=0x2): id = 30
[W : PPU[1] Thread (CPUThread)[0x0024a050]]: sys_event warning: sys_event_port_create(eport_id_addr=0x1e7e240, port_type=0x1, name=0x0)
[W : PPU[1] Thread (CPUThread)[0x0024a050]]: sys_event warning: *** sys_event_port created: id = 31
[W : PPU[1] Thread (CPUThread)[0x0024a060]]: sys_event warning: sys_event_port_connect_local(eport_id=31, equeue_id=30)
[W : PPU[1] Thread (CPUThread)[0x0024a078]]: sys_spu warning: sys_spu_thread_bind_queue(id=28, equeue_id=30, spuq_num=0x1012000)
[W : PPU[1] Thread (CPUThread)[0x00249a48]]: sys_spu warning: sys_spu_thread_group_start(id=27)
[W : PPU[1] Thread (CPUThread)[0x01f23004]]: cellAudio warning: cellAudioInit()
[! : Audio Thread]: Audio started
[W : PPU[1] Thread (CPUThread)[0x01f23064]]: cellAudio warning: cellAudioPortOpen(audioParam_addr=0xd0020b08, portNum_addr=0xd0020af0)
[W : PPU[1] Thread (CPUThread)[0x01f23064]]: cellAudio warning: *** audio port opened(nChannel=2, nBlock=8, attr=0x0, level=0.000000): port = 0
[W : PPU[1] Thread (CPUThread)[0x01f23040]]: cellAudio warning: cellAudioGetPortConfig(portNum=0x0, portConfig_addr=0xd0020b28)
[W : PPU[1] Thread (CPUThread)[0x01f3f0d0]]: sys_heap warning: sys_heap_create_heap(heap_addr=0x287350, align=0x30000, size=0x110000)
[W : PPU[1] Thread (CPUThread)[0x01f3f0d0]]: sys_heap warning: *** sys_heap created: id = 32
[W : PPU[1] Thread (CPUThread)[0x01f3f064]]: sys_heap warning: _sys_heap_memalign(heap_id=32, align=0x10, size=0x1080)
[W : PPU[1] Thread (CPUThread)[0x01f3f034]]: sys_lwmutex warning: *** lwmutex created [_mxr004] (attribute=0x22): sq_id = 33
[W : PPU[1] Thread (CPUThread)[0x01f3f064]]: sys_heap warning: _sys_heap_memalign(heap_id=32, align=0x10, size=0x1c8)
[W : PPU[1] Thread (CPUThread)[0x01f3f04c]]: sys_heap warning: sys_heap_malloc(heap_id=32, size=0x14)
[W : PPU[1] Thread (CPUThread)[0x01f3f04c]]: sys_heap warning: sys_heap_malloc(heap_id=32, size=0x14)
[W : PPU[1] Thread (CPUThread)[0x01f3f04c]]: sys_heap warning: sys_heap_malloc(heap_id=32, size=0x4)
[W : PPU[1] Thread (CPUThread)[0x01f3f064]]: sys_heap warning: _sys_heap_memalign(heap_id=32, align=0x10, size=0x88)
[W : PPU[1] Thread (CPUThread)[0x01f3f034]]: sys_lwmutex warning: *** lwmutex created [_mxr100] (attribute=0x22): sq_id = 34
[W : PPU[1] Thread (CPUThread)[0x01f3f04c]]: sys_heap warning: sys_heap_malloc(heap_id=32, size=0x8)
[W : PPU[1] Thread (CPUThread)[0x01f3f064]]: sys_heap warning: _sys_heap_memalign(heap_id=32, align=0x10, size=0x88)
[W : PPU[1] Thread (CPUThread)[0x01f3f034]]: sys_lwmutex warning: *** lwmutex created [_mxr201] (attribute=0x22): sq_id = 35
[W : PPU[1] Thread (CPUThread)[0x01f3f064]]: sys_heap warning: _sys_heap_memalign(heap_id=32, align=0x10, size=0x88)
[W : PPU[1] Thread (CPUThread)[0x01f3f034]]: sys_lwmutex warning: *** lwmutex created [_mxr202] (attribute=0x22): sq_id = 36
[W : PPU[1] Thread (CPUThread)[0x01f3f04c]]: sys_heap warning: sys_heap_malloc(heap_id=32, size=0x4)
[W : PPU[1] Thread (CPUThread)[0x01f3f064]]: sys_heap warning: _sys_heap_memalign(heap_id=32, align=0x10, size=0x60)
[W : PPU[1] Thread (CPUThread)[0x01f3f034]]: sys_lwmutex warning: *** lwmutex created [_mxr603] (attribute=0x22): sq_id = 37
[W : PPU[1] Thread (CPUThread)[0x01f3f04c]]: sys_heap warning: sys_heap_malloc(heap_id=32, size=0x4)
[W : PPU[1] Thread (CPUThread)[0x01f3f064]]: sys_heap warning: _sys_heap_memalign(heap_id=32, align=0x10, size=0x60)
[W : PPU[1] Thread (CPUThread)[0x01f3f034]]: sys_lwmutex warning: *** lwmutex created [_mxr804] (attribute=0x22): sq_id = 38
[W : PPU[1] Thread (CPUThread)[0x01f3f064]]: sys_heap warning: _sys_heap_memalign(heap_id=32, align=0x10, size=0x4e00)
[W : PPU[1] Thread (CPUThread)[0x0025452c]]: sys_mutex warning: *** mutex created [_mxr020] (protocol=0x2, recursive=false): id = 39
[W : PPU[1] Thread (CPUThread)[0x00254550]]: sys_cond warning: *** condition created [] (mutex_id=39): id = 40
[W : PPU[1] Thread (CPUThread)[0x01f3f034]]: sys_lwmutex warning: *** lwmutex created [_mxr022] (attribute=0x22): sq_id = 42
[W : PPU[1] Thread (CPUThread)[0x01f3f064]]: sys_heap warning: _sys_heap_memalign(heap_id=32, align=0x10, size=0x4e80)
[W : PPU[1] Thread (CPUThread)[0x01f3f064]]: sys_heap warning: _sys_heap_memalign(heap_id=32, align=0x10, size=0x10b00)
[W : PPU[1] Thread (CPUThread)[0x01f3f064]]: sys_heap warning: _sys_heap_memalign(heap_id=32, align=0x10, size=0x8400)
[W : PPU[1] Thread (CPUThread)[0x0024c854]]: sys_mutex warning: *** mutex created [_mxr005] (protocol=0x2, recursive=false): id = 43
[W : PPU[1] Thread (CPUThread)[0x0024c878]]: sys_cond warning: *** condition created [] (mutex_id=43): id = 44
[W : PPU[1] Thread (CPUThread)[0x0024c904]]: sys_mutex warning: *** mutex created [_mxr007] (protocol=0x2, recursive=false): id = 45
[W : PPU[1] Thread (CPUThread)[0x0024c928]]: sys_cond warning: *** condition created [] (mutex_id=45): id = 46
[W : PPU[1] Thread (CPUThread)[0x0024c9ac]]: sys_mutex warning: *** mutex created [_mxr009] (protocol=0x2, recursive=false): id = 47
[W : PPU[1] Thread (CPUThread)[0x0024c9d0]]: sys_cond warning: *** condition created [] (mutex_id=47): id = 48
[W : PPU[1] Thread (CPUThread)[0x01f3f034]]: sys_lwmutex warning: *** lwmutex created [_mxr001] (attribute=0x22): sq_id = 50
[W : PPU[1] Thread (CPUThread)[0x01f3f034]]: sys_lwmutex warning: *** lwmutex created [_mxr002] (attribute=0x22): sq_id = 51
[W : PPU[1] Thread (CPUThread)[0x01f3f034]]: sys_lwmutex warning: *** lwmutex created [_mxr003] (attribute=0x22): sq_id = 53
[W : PPU[52] Thread (_cellsurMixerMain)[0x0024ec54]]: sys_event warning: sys_event_queue_create(equeue_id_addr=0x1f05f24, attr_addr=0x1f06fd0, event_queue_key=0x8000cafe02460300, size=2)
[W : PPU[1] Thread (CPUThread)[0x01f23064]]: cellAudio warning: cellAudioPortOpen(audioParam_addr=0x1f05f68, portNum_addr=0x1f05ed8)
[W : PPU[52] Thread (_cellsurMixerMain)[0x0024ec54]]: sys_event warning: *** event_queue created [_mxr000] (protocol=0x1, type=0x1): id = 54
[W : PPU[1] Thread (CPUThread)[0x01f23064]]: cellAudio warning: *** audio port opened(nChannel=8, nBlock=8, attr=0x0, level=1.000000): port = 1
[W : PPU[1] Thread (CPUThread)[0x01f23040]]: cellAudio warning: cellAudioGetPortConfig(portNum=0x1, portConfig_addr=0x1f05f88)
[W : PPU[1] Thread (CPUThread)[0x00016218]]: sys_mutex warning: *** mutex created [] (protocol=0x2, recursive=false): id = 55
[W : PPU[1] Thread (CPUThread)[0x0001623c]]: sys_cond warning: *** condition created [] (mutex_id=55): id = 56
[W : PPU[1] Thread (CPUThread)[0x01f2304c]]: cellAudio warning: cellAudioPortStart(portNum=0x1)
[W : PPU[1] Thread (CPUThread)[0x01f23010]]: cellAudio warning: cellAudioSetNotifyEventQueue(key=0x8000cafe02460300)
[W : PPU[1] Thread (CPUThread)[0x0029f010]]: cellSysmodule warning: cellSysmoduleLoadModule(CELL_SYSMODULE_ATRAC3PLUS)
[W : PPU[1] Thread (CPUThread)[0x01f1f034]]: *** cellFsOpen(path="/dev_bdvd/PS3_GAME/USRDIR/Data/SOUND/SndPak_0.pak"): fd = 61
[W : PPU[1] Thread (CPUThread)[0x01f1f034]]: *** cellFsOpen(path="/dev_bdvd/PS3_GAME/USRDIR/Data/SOUND/SndPak_1.pak"): fd = 62
[W : PPU[1] Thread (CPUThread)[0x01f1f034]]: *** cellFsOpen(path="/dev_bdvd/PS3_GAME/USRDIR/Data/SOUND/SndPak_2.pak"): fd = 63
[W : PPU[1] Thread (CPUThread)[0x01f1f034]]: *** cellFsOpen(path="/Data/SOUND/SndPak_3.pak"): fd = 64
[W : PPU[1] Thread (CPUThread)[0x01f1f034]]: *** cellFsOpen(path="/Data/SOUND/SndPak_4.pak"): fd = 65
[W : PPU[1] Thread (CPUThread)[0x01f1f034]]: *** cellFsOpen(path="/Data/SOUND/SndPak_5.pak"): fd = 66
[W : PPU[1] Thread (CPUThread)[0x01f1f034]]: *** cellFsOpen(path="/Data/SOUND/SndPak_6.pak"): fd = 67
[W : PPU[1] Thread (CPUThread)[0x01f1f034]]: *** cellFsOpen(path="/Data/SOUND/SndPak_7.pak"): fd = 68
[W : PPU[1] Thread (CPUThread)[0x01f1f034]]: *** cellFsOpen(path="/Data/SOUND/SndPak_8.pak"): fd = 69
[W : PPU[1] Thread (CPUThread)[0x01f1f034]]: *** cellFsOpen(path="/Data/SOUND/SndPak_9.pak"): fd = 70
[W : PPU[1] Thread (CPUThread)[0x01f1f034]]: *** cellFsOpen(path="/Data/SOUND/SndPak_10.pak"): fd = 71
[W : PPU[1] Thread (CPUThread)[0x01f1f094]]: sys_fs warning: cellFsAioRead(aio_addr=0x2de828, id_addr=0x2de854, func_addr=0x2a06c0)
[W : fsAioRead]: *** fsAioRead(fd=61, offset=0x0, buf_addr=0x1e79000, size=0x1dc, error=0x0, res=0x1dc, xid=0x1 [dev_bdvd/D:/Emulateur/Rpcs3/dev_hdd0/game/BLES00452-[Disgaea 3 Absence of Detention]/PS3_GAME/USRDIR/Data/SOUND/SndPak_0.pak])
[W : PPU[1] Thread (CPUThread)[0x01f1f094]]: sys_fs warning: cellFsAioRead(aio_addr=0x2de828, id_addr=0x2de854, func_addr=0x2a06c0)
[W : fsAioRead]: *** fsAioRead(fd=62, offset=0x0, buf_addr=0x1e78000, size=0x927c, error=0x0, res=0x927c, xid=0x2 [dev_bdvd/D:/Emulateur/Rpcs3/dev_hdd0/game/BLES00452-[Disgaea 3 Absence of Detention]/PS3_GAME/USRDIR/Data/SOUND/SndPak_1.pak])
[W : PPU[1] Thread (CPUThread)[0x01f1f094]]: sys_fs warning: cellFsAioRead(aio_addr=0x2de828, id_addr=0x2de854, func_addr=0x2a06c0)
[W : fsAioRead]: *** fsAioRead(fd=63, offset=0x0, buf_addr=0x1e6f000, size=0x9264, error=0x0, res=0x9264, xid=0x3 [dev_bdvd/D:/Emulateur/Rpcs3/dev_hdd0/game/BLES00452-[Disgaea 3 Absence of Detention]/PS3_GAME/USRDIR/Data/SOUND/SndPak_2.pak])
[W : PPU[1] Thread (CPUThread)[0x01f1f094]]: sys_fs warning: cellFsAioRead(aio_addr=0x2de828, id_addr=0x2de854, func_addr=0x2a06c0)
[W : fsAioRead]: *** fsAioRead(fd=64, offset=0x0, buf_addr=0x1e66954, size=0x24, error=0x0, res=0x24, xid=0x4 [D:/Emulateur/Rpcs3/dev_hdd0/game/BLES00452-[Disgaea 3 Absence of Detention]/PS3_GAME/USRDIR/Data/SOUND/SndPak_3.pak])
[W : PPU[1] Thread (CPUThread)[0x01f1f094]]: sys_fs warning: cellFsAioRead(aio_addr=0x2de828, id_addr=0x2de854, func_addr=0x2a06c0)
[W : fsAioRead]: *** fsAioRead(fd=65, offset=0x0, buf_addr=0x1e6692c, size=0x2c, error=0x0, res=0x2c, xid=0x5 [D:/Emulateur/Rpcs3/dev_hdd0/game/BLES00452-[Disgaea 3 Absence of Detention]/PS3_GAME/USRDIR/Data/SOUND/SndPak_4.pak])
[W : PPU[1] Thread (CPUThread)[0x01f1f094]]: sys_fs warning: cellFsAioRead(aio_addr=0x2de828, id_addr=0x2de854, func_addr=0x2a06c0)
[W : fsAioRead]: *** fsAioRead(fd=66, offset=0x0, buf_addr=0x1e66000, size=0x1ab4, error=0x0, res=0x1ab4, xid=0x6 [D:/Emulateur/Rpcs3/dev_hdd0/game/BLES00452-[Disgaea 3 Absence of Detention]/PS3_GAME/USRDIR/Data/SOUND/SndPak_5.pak])
[W : PPU[1] Thread (CPUThread)[0x01f1f094]]: sys_fs warning: cellFsAioRead(aio_addr=0x2de828, id_addr=0x2de854, func_addr=0x2a06c0)
[W : fsAioRead]: *** fsAioRead(fd=67, offset=0x0, buf_addr=0x1e64000, size=0x1abc, error=0x0, res=0x1abc, xid=0x7 [D:/Emulateur/Rpcs3/dev_hdd0/game/BLES00452-[Disgaea 3 Absence of Detention]/PS3_GAME/USRDIR/Data/SOUND/SndPak_6.pak])
[W : PPU[1] Thread (CPUThread)[0x01f1f094]]: sys_fs warning: cellFsAioRead(aio_addr=0x2de828, id_addr=0x2de854, func_addr=0x2a06c0)
[W : fsAioRead]: *** fsAioRead(fd=68, offset=0x0, buf_addr=0x1e63384, size=0x54, error=0x0, res=0x54, xid=0x8 [D:/Emulateur/Rpcs3/dev_hdd0/game/BLES00452-[Disgaea 3 Absence of Detention]/PS3_GAME/USRDIR/Data/SOUND/SndPak_7.pak])
[W : PPU[1] Thread (CPUThread)[0x01f1f094]]: sys_fs warning: cellFsAioRead(aio_addr=0x2de828, id_addr=0x2de854, func_addr=0x2a06c0)
[W : fsAioRead]: *** fsAioRead(fd=69, offset=0x0, buf_addr=0x1e6332c, size=0x5c, error=0x0, res=0x5c, xid=0x9 [D:/Emulateur/Rpcs3/dev_hdd0/game/BLES00452-[Disgaea 3 Absence of Detention]/PS3_GAME/USRDIR/Data/SOUND/SndPak_8.pak])
[W : PPU[1] Thread (CPUThread)[0x01f1f094]]: sys_fs warning: cellFsAioRead(aio_addr=0x2de828, id_addr=0x2de854, func_addr=0x2a06c0)
[W : fsAioRead]: *** fsAioRead(fd=70, offset=0x0, buf_addr=0x1e632cc, size=0x54, error=0x0, res=0x54, xid=0xa [D:/Emulateur/Rpcs3/dev_hdd0/game/BLES00452-[Disgaea 3 Absence of Detention]/PS3_GAME/USRDIR/Data/SOUND/SndPak_9.pak])
[W : PPU[1] Thread (CPUThread)[0x01f1f094]]: sys_fs warning: cellFsAioRead(aio_addr=0x2de828, id_addr=0x2de854, func_addr=0x2a06c0)
[W : fsAioRead]: *** fsAioRead(fd=71, offset=0x0, buf_addr=0x1e63274, size=0x1f4, error=0x0, res=0x1f4, xid=0xb [D:/Emulateur/Rpcs3/dev_hdd0/game/BLES00452-[Disgaea 3 Absence of Detention]/PS3_GAME/USRDIR/Data/SOUND/SndPak_10.pak])
[E : PPU[1] Thread (CPUThread)[0x00297004]]: sys_io error: cellPadInfoPressMode(port_no=0)
[E : PPU[1] Thread (CPUThread)[0x00297034]]: sys_io error: cellPadInfoSensorMode(port_no=0)
[W : PPU[1] Thread (CPUThread)[0x0029f010]]: cellSysmodule warning: cellSysmoduleLoadModule(CELL_SYSMODULE_PAMF)
[W : PPU[1] Thread (CPUThread)[0x01f1f034]]: *** cellFsOpen(path="/dev_bdvd/PS3_GAME/USRDIR/Data/dis3_0_us.dat"): fd = 72
[W : PPU[1] Thread (CPUThread)[0x01f1f094]]: sys_fs warning: cellFsAioRead(aio_addr=0x2de828, id_addr=0x2de854, func_addr=0x2a06c0)
[W : PPU[1] Thread (CPUThread)[0x01f1f094]]: sys_fs warning: cellFsAioRead(aio_addr=0x2de888, id_addr=0x2de8b4, func_addr=0x2a06c0)
[W : fsAioRead]: *** fsAioRead(fd=72, offset=0x0, buf_addr=0xd0020828, size=0x800, error=0x0, res=0x800, xid=0xc [dev_bdvd/D:/Emulateur/Rpcs3/dev_hdd0/game/BLES00452-[Disgaea 3 Absence of Detention]/PS3_GAME/USRDIR/Data/dis3_0_us.dat])
[W : fsAioRead]: *** fsAioRead(fd=61, offset=0x800, buf_addr=0x1e79a14, size=0x60c, error=0x0, res=0x60c, xid=0xd [dev_bdvd/D:/Emulateur/Rpcs3/dev_hdd0/game/BLES00452-[Disgaea 3 Absence of Detention]/PS3_GAME/USRDIR/Data/SOUND/SndPak_0.pak])
[W : PPU[1] Thread (CPUThread)[0x01f3304c]]: cellPamf warning: cellPamfGetHeaderSize(pAddr=0xd0020028, fileSize=412655616, pSize_addr=0xd00208d0)
[W : PPU[1] Thread (CPUThread)[0x01f3301c]]: cellPamf warning: cellPamfGetStreamOffsetAndSize(pAddr=0xd0020028, fileSize=412655616, pOffset_addr=0xd001fff0, pSize_addr=0xd001fff8)
[W : PPU[1] Thread (CPUThread)[0x01f1f094]]: sys_fs warning: cellFsAioRead(aio_addr=0x2de828, id_addr=0x2de854, func_addr=0x2a06c0)
[W : PPU[1] Thread (CPUThread)[0x01f1f094]]: sys_fs warning: cellFsAioRead(aio_addr=0x2de888, id_addr=0x2de8b4, func_addr=0x2a06c0)
[W : fsAioRead]: *** fsAioRead(fd=72, offset=0x0, buf_addr=0x36ca5820, size=0x800, error=0x0, res=0x800, xid=0xe [dev_bdvd/D:/Emulateur/Rpcs3/dev_hdd0/game/BLES00452-[Disgaea 3 Absence of Detention]/PS3_GAME/USRDIR/Data/dis3_0_us.dat])
[W : fsAioRead]: *** fsAioRead(fd=61, offset=0xe40, buf_addr=0x3303f000, size=0x339131, error=0x0, res=0x339131, xid=0xf [dev_bdvd/D:/Emulateur/Rpcs3/dev_hdd0/game/BLES00452-[Disgaea 3 Absence of Detention]/PS3_GAME/USRDIR/Data/SOUND/SndPak_0.pak])
[W : PPU[1] Thread (CPUThread)[0x01f1f010]]: sys_fs warning: cellFsClose(fd=72)
[W : PPU[1] Thread (CPUThread)[0x01f33040]]: cellPamf warning: cellPamfReaderInitialize(pSelf=0xd00208e8, pAddr=0x36ca5020, fileSize=412655616, attribute=0x1)
[W : PPU[1] Thread (CPUThread)[0x01f33058]]: cellPamf warning: cellPamfReaderGetNumberOfSpecificStreams(pSelf=0xd00208e8, streamType=20)
[W : PPU[1] Thread (CPUThread)[0x01f33010]]: cellPamf warning: cellPamfReaderSetStreamWithTypeAndIndex(pSelf=0xd00208e8, streamType=20, streamIndex=0)
[W : PPU[1] Thread (CPUThread)[0x01f33034]]: cellPamf warning: cellPamfReaderGetStreamTypeAndChannel(pSelf=0xd00208e8 (stream=0), pType_addr=0xd0020a48, pCh_addr=0xd0020810
[W : PPU[1] Thread (CPUThread)[0x01f33004]]: cellPamf warning: cellPamfStreamTypeToEsFilterId(type=0, ch=0, pEsFilterId_addr=0xd0020814)
[W : PPU[1] Thread (CPUThread)[0x01f33028]]: cellPamf warning: cellPamfReaderGetStreamInfo(pSelf=0xd00208e8 (stream=0), pInfo_addr=0xd0020824, size=32)
[W : PPU[1] Thread (CPUThread)[0x01f33028]]: cellPamf warning: cellPamfReaderGetStreamInfo: CELL_PAMF_STREAM_TYPE_AVC
[W : PPU[1] Thread (CPUThread)[0x01f33058]]: cellPamf warning: cellPamfReaderGetNumberOfSpecificStreams(pSelf=0xd00208e8, streamType=21)
[W : PPU[1] Thread (CPUThread)[0x01f33010]]: cellPamf warning: cellPamfReaderSetStreamWithTypeAndIndex(pSelf=0xd00208e8, streamType=21, streamIndex=0)
[W : PPU[1] Thread (CPUThread)[0x01f33034]]: cellPamf warning: cellPamfReaderGetStreamTypeAndChannel(pSelf=0xd00208e8 (stream=1), pType_addr=0xd0020a18, pCh_addr=0xd0020830
[E : PPU[1] Thread (CPUThread)[0x01f33034]]: cellPamf error: TODO: pamfGetStreamChannel (-> 0)
[W : PPU[1] Thread (CPUThread)[0x01f33004]]: cellPamf warning: cellPamfStreamTypeToEsFilterId(type=2, ch=0, pEsFilterId_addr=0xd002083c)
[W : PPU[1] Thread (CPUThread)[0x01f33028]]: cellPamf warning: cellPamfReaderGetStreamInfo(pSelf=0xd00208e8 (stream=1), pInfo_addr=0xd0020834, size=8)
[W : PPU[1] Thread (CPUThread)[0x0029f004]]: cellSysmodule warning: cellSysmoduleUnloadModule(CELL_SYSMODULE_PAMF)
[W : PPU[1] Thread (CPUThread)[0x01f1f034]]: *** cellFsOpen(path="/dev_bdvd/PS3_GAME/USRDIR/Data/dis3_0_us.dat"): fd = 73
[W : PPU[1] Thread (CPUThread)[0x000251f8]]: sys_mutex warning: *** mutex created [] (protocol=0x2, recursive=false): id = 74
[W : PPU[1] Thread (CPUThread)[0x0002524c]]: sys_cond warning: *** condition created [] (mutex_id=74): id = 75
[W : PPU[1] Thread (CPUThread)[0x0029f010]]: cellSysmodule warning: cellSysmoduleLoadModule(CELL_SYSMODULE_DMUX_PAMF)
[W : PPU[1] Thread (CPUThread)[0x01f31064]]: cellDmux warning: cellDmuxQueryAttr(demuxerType_addr=0x5b5670, demuxerAttr_addr=0xd0020878)
[W : PPU[1] Thread (CPUThread)[0x000251f8]]: sys_mutex warning: *** mutex created [] (protocol=0x2, recursive=false): id = 76
[W : PPU[1] Thread (CPUThread)[0x0002524c]]: sys_cond warning: *** condition created [] (mutex_id=76): id = 77
[W : PPU[1] Thread (CPUThread)[0x01f31040]]: cellDmux warning: cellDmuxOpen(demuxerType_addr=0x5b5670, demuxerResource_addr=0xd0020884, demuxerCb_addr=0xd0020870, demuxerHandle_addr=0x5b567c)
[! : Demuxer[79] Thread]: Demuxer enter (mem=0x36ea5120, size=0x10000, cb=0x2a13f0, arg=0x5b5650)
[W : PPU[1] Thread (CPUThread)[0x01f31004]]: cellDmux warning: cellDmuxQueryEsAttr(demuxerType_addr=0x5b5670, esFilterId_addr=0xd0020a4c, esSpecificInfo_addr=0xd0020a5c, esAttr_addr=0xd0020870)
[W : PPU[1] Thread (CPUThread)[0x01f31004]]: cellDmux warning: *** filter(0xe0, 0x0, 0x1, 0x0)
[W : PPU[1] Thread (CPUThread)[0x01f3104c]]: cellDmux warning: cellDmuxEnableEs(demuxerHandle=79, esFilterId_addr=0xd0020a4c, esResourceInfo_addr=0xd0020874, esCb_addr=0xd002087c, esSpecificInfo_addr=0xd0020a5c, esHandle_addr=0x36eb5120)
[W : PPU[1] Thread (CPUThread)[0x01f3104c]]: cellDmux warning: *** New ES(dmux=79, addr=0x36eb5180, size=0x3000020, filter(0xe0, 0x0, 0x1, 0x0), cb=0x2a1530(arg=0x5b54d0), spec=0xd0020a5c): id = 80
[W : PPU[1] Thread (CPUThread)[0x01f31004]]: cellDmux warning: cellDmuxQueryEsAttr(demuxerType_addr=0x5b5670, esFilterId_addr=0xd0020a1c, esSpecificInfo_addr=0xd0020a2c, esAttr_addr=0xd0020870)
[W : PPU[1] Thread (CPUThread)[0x01f31004]]: cellDmux warning: *** filter(0xbd, 0x0, 0x0, 0x0)
[W : PPU[1] Thread (CPUThread)[0x01f3104c]]: cellDmux warning: cellDmuxEnableEs(demuxerHandle=79, esFilterId_addr=0xd0020a1c, esResourceInfo_addr=0xd0020874, esCb_addr=0xd002087c, esSpecificInfo_addr=0xd0020a2c, esHandle_addr=0x36eb5140)
[W : PPU[1] Thread (CPUThread)[0x01f3104c]]: cellDmux warning: *** New ES(dmux=79, addr=0x39eb5180, size=0x200020, filter(0xbd, 0x0, 0x0, 0x0), cb=0x2a11e8(arg=0x5b55d8), spec=0xd0020a2c): id = 81
[W : PPU[1] Thread (CPUThread)[0x01f3f034]]: sys_lwmutex warning: *** lwmutex created [] (attribute=0x22): sq_id = 82
[W : PPU[1] Thread (CPUThread)[0x0029b034]]: cellGcmSys warning: cellGcmSetFlipHandler(handler_addr=2758112)
[W : PPU[1] Thread (CPUThread)[0x000251f8]]: sys_mutex warning: *** mutex created [] (protocol=0x2, recursive=false): id = 83
[W : PPU[1] Thread (CPUThread)[0x0002524c]]: sys_cond warning: *** condition created [] (mutex_id=83): id = 84
[E : PPU[1] Thread (CPUThread)[0x00297004]]: sys_io error: cellPadInfoPressMode(port_no=0)
[E : PPU[1] Thread (CPUThread)[0x00297034]]: sys_io error: cellPadInfoSensorMode(port_no=0)
[E : PPU[1] Thread (CPUThread)[0x01f370b8]]: TODO: sceNpDrmIsAvailable
[W : PPU[1] Thread (CPUThread)[0x01f1f034]]: *** cellFsOpen(path="/Data/START_en.edat"): fd = 85
[W : PPU[1] Thread (CPUThread)[0x01f1f094]]: sys_fs warning: cellFsAioRead(aio_addr=0x2de828, id_addr=0x2de854, func_addr=0x2a06c0)
[W : PPU[1] Thread (CPUThread)[0x01f1f094]]: sys_fs warning: cellFsAioRead(aio_addr=0x2de888, id_addr=0x2de8b4, func_addr=0x2a06c0)
[W : fsAioRead]: *** fsAioRead(fd=85, offset=0x0, buf_addr=0xd0020939, size=0x8, error=0x0, res=0x8, xid=0x10 [D:/Emulateur/Rpcs3/dev_hdd0/game/BLES00452-[Disgaea 3 Absence of Detention]/PS3_GAME/USRDIR/Data/START_en.edat])
[W : fsAioRead]: *** fsAioRead(fd=62, offset=0xa000, buf_addr=0x1e7b000, size=0x132c, error=0x0, res=0x132c, xid=0x11 [dev_bdvd/D:/Emulateur/Rpcs3/dev_hdd0/game/BLES00452-[Disgaea 3 Absence of Detention]/PS3_GAME/USRDIR/Data/SOUND/SndPak_1.pak])
[W : PPU[1] Thread (CPUThread)[0x01f1f010]]: sys_fs warning: cellFsClose(fd=85)
[W : PPU[1] Thread (CPUThread)[0x01f1f094]]: sys_fs warning: cellFsAioRead(aio_addr=0x2de828, id_addr=0x2de854, func_addr=0x2a06c0)
[W : fsAioRead]: *** fsAioRead(fd=62, offset=0xb340, buf_addr=0x3290a000, size=0x4e5d51, error=0x0, res=0x4e5d51, xid=0x12 [dev_bdvd/D:/Emulateur/Rpcs3/dev_hdd0/game/BLES00452-[Disgaea 3 Absence of Detention]/PS3_GAME/USRDIR/Data/SOUND/SndPak_1.pak])
[E : PPU[1] Thread (CPUThread)[0x000b439c]]: Read16 from null block: [00000194]
[! : RSXThread]: RSX thread exit...
[W : Demuxer[79] Thread]: Demuxer aborted
[W : Audio Thread]: Audio aborted
[W : PPU[57] Thread (synth2_generate)[0x00249f30]]: sys_event_queue_receive(equeue=29) aborted
[W : PPU[41] Thread (_sys_MixerChStripMain)[0x0025359c]]: sys_cond_wait(id=40) aborted
[W : PPU[49] Thread (_sys_mixerSurBusReq)[0x0024bb24]]: sys_cond_wait(id=44) aborted
[!]: Closing memory...
