[!]: Loading 'D:\Emulateur\Rpcs3\dev_hdd0\game\BLES01421-[Saint Seiya Sanctuary Battle]\PS3_GAME\USRDIR\BOOT.BIN'...
[!]: Mount info:
[!]: /dev_hdd0/ -> D:\Emulateur\Rpcs3\dev_hdd0\
[!]: /dev_hdd1/ -> D:\Emulateur\Rpcs3\dev_hdd1\
[!]: /dev_flash/ -> D:\Emulateur\Rpcs3\dev_flash\
[!]: /dev_usb000/ -> D:\Emulateur\Rpcs3\dev_usb000\
[!]: /dev_usb/ -> D:\Emulateur\Rpcs3\dev_usb000\
[!]: /app_home/ -> D:\Emulateur\Rpcs3\dev_hdd0\game\BLES01421-[Saint Seiya Sanctuary Battle]\PS3_GAME\
[!]: /dev_bdvd/ -> D:\Emulateur\Rpcs3\dev_hdd0\game\BLES01421-[Saint Seiya Sanctuary Battle]\PS3_GAME\\..\
[!]: /host_root/ -> 
[!]: / -> D:\Emulateur\Rpcs3\dev_hdd0\game\BLES01421-[Saint Seiya Sanctuary Battle]\PS3_GAME\
[!]: Initing memory...
[!]: Memory initialized.
[W]: Unknown function 0x9b882495 in 'sys_fs' module
[E]: TODO: cellFsGetDirectoryEntries
[W]: Unknown function 0x0d5b4a14 in 'sys_fs' module
[E]: TODO: cellFsReadWithOffset
[W]: Unknown function 0x8cb722d5 in 'sys_fs' module
[E]: TODO: cellFsWriteWithOffset
[W]: Unknown function 0x967a162b in 'sys_fs' module
[E]: TODO: cellFsFsync
[W]: Unknown function 0x1dfbfdd6 in 'cellSysutil' module
[E]: TODO: cellSaveDataListLoad2
[W]: Unknown function 0x20543730 in 'cellSysutil' module
[E]: TODO: cellMsgDialogClose
[W]: Unknown function 0x220894e3 in 'cellSysutil' module
[E]: TODO: cellSysutilEnableBgmPlayback
[W]: Unknown function 0x2de0d663 in 'cellSysutil' module
[E]: TODO: cellSaveDataListSave2
[W]: Unknown function 0x62b0f803 in 'cellSysutil' module
[E]: TODO: cellMsgDialogAbort
[W]: Unknown function 0x6cfd856f in 'cellSysutil' module
[E]: TODO: cellSysutilGetBgmPlaybackStatus2
[W]: Unknown function 0x7bc2c8a8 in 'cellSysutil' module
[E]: TODO: cellMsgDialogProgressBarReset
[W]: Unknown function 0x8b7ed64b in 'cellSysutil' module
[E]: TODO: cellSaveDataAutoSave2
[W]: Unknown function 0x94862702 in 'cellSysutil' module
[E]: TODO: cellMsgDialogProgressBarInc
[W]: Unknown function 0xa11552f6 in 'cellSysutil' module
[E]: TODO: cellSysutilGetBgmPlaybackStatus
[W]: Unknown function 0xcfdd8e87 in 'cellSysutil' module
[E]: TODO: cellSysutilDisableBgmPlayback
[W]: Unknown function 0xedadd797 in 'cellSysutil' module
[E]: TODO: cellSaveDataDelete2
[W]: Unknown function 0xfbd5c856 in 'cellSysutil' module
[E]: TODO: cellSaveDataAutoLoad2
[W]: Unknown function 0x3d1e1931 in 'cellSysutil' module
[E]: TODO: cellOskDialogUnloadAsync
[W]: Unknown function 0x7fcfc915 in 'cellSysutil' module
[E]: TODO: cellOskDialogLoadAsync
[W]: Unknown function 0xb53c54fa in 'cellSysutil' module
[E]: TODO: cellOskDialogSetKeyLayoutOption
[W]: Unknown function 0xc427890c in 'cellSysutil' module
[E]: TODO: cellOskDialogSetInitialKeyLayout
[W]: Unknown function 0x04372385 in 'sceNp' module
[E]: TODO: sceNpBasicGetFriendListEntry
[W]: Unknown function 0x1a2704f7 in 'sceNp' module
[E]: TODO: sceNpScoreWaitAsync
[W]: Unknown function 0x21206642 in 'sceNp' module
[E]: TODO: sceNpScoreGetRankingByRangeAsync
[W]: Unknown function 0x259113b8 in 'sceNp' module
[E]: TODO: sceNpScoreDestroyTitleCtx
[W]: Unknown function 0x2f2c6b3e in 'sceNp' module
[E]: TODO: sceNpProfileAbortGui
[W]: Unknown function 0x32cf311f in 'sceNp' module
[E]: TODO: sceNpScoreInit
[W]: Unknown function 0x3db7914d in 'sceNp' module
[E]: TODO: sceNpScoreGetRankingByNpIdAsync
[W]: Unknown function 0x4885aa18 in 'sceNp' module
[E]: TODO: sceNpTerm
[W]: Unknown function 0x52a6b523 in 'sceNp' module
[E]: TODO: sceNpManagerUnregisterCallback
[W]: Unknown function 0x6ee62ed2 in 'sceNp' module
[E]: TODO: sceNpManagerGetContentRatingFlag
[W]: Unknown function 0x6f5e8143 in 'sceNp' module
[E]: TODO: sceNpScoreCreateTransactionCtx
[W]: Unknown function 0x9851f805 in 'sceNp' module
[E]: TODO: sceNpScoreTerm
[W]: Unknown function 0xa7bff757 in 'sceNp' module
[E]: TODO: sceNpManagerGetStatus
[W]: Unknown function 0xad218faf in 'sceNp' module
[E]: TODO: sceNpDrmIsAvailable
[W]: Unknown function 0xafef640d in 'sceNp' module
[E]: TODO: sceNpBasicGetFriendListEntryCount
[W]: Unknown function 0xb9f93bbb in 'sceNp' module
[E]: TODO: sceNpScoreCreateTitleCtx
[W]: Unknown function 0xbd28fdbf in 'sceNp' module
[E]: TODO: sceNpInit
[W]: Unknown function 0xc5f4cf82 in 'sceNp' module
[E]: TODO: sceNpScoreDestroyTransactionCtx
[W]: Unknown function 0xceeebc7a in 'sceNp' module
[E]: TODO: sceNpProfileCallGui
[W]: Unknown function 0xe7dcd3b4 in 'sceNp' module
[E]: TODO: sceNpManagerRegisterCallback
[W]: Unknown function 0xf0b1e399 in 'sceNp' module
[E]: TODO: sceNpScoreRecordScoreAsync
[W]: Unknown function 0xfe37a7f4 in 'sceNp' module
[E]: TODO: sceNpManagerGetNpId
[W]: Unknown function 0x01fbbc9b in 'sceNp' module
[E]: TODO: sceNpBasicSendMessageGui
[W]: Unknown function 0x64a704cc in 'sceNp' module
[E]: TODO: sceNpBasicRecvMessageAttachmentLoad
[W]: Unknown function 0x806960ab in 'sceNp' module
[E]: TODO: sceNpBasicRecvMessageCustom
[W]: Unknown function 0xbe07c708 in 'sceNp' module
[E]: TODO: sceNpManagerGetOnlineId
[W]: Unknown function 0xe035f7d6 in 'sceNp' module
[E]: TODO: sceNpBasicGetEvent
[W]: Unknown function 0xeb7a3d84 in 'sceNp' module
[E]: TODO: sceNpManagerGetChatRestrictionFlag
[W]: Unknown function 0x1ebcf459 in 'cellSpurs' module
[E]: TODO: cellSpursDestroyTaskset2
[W]: Unknown function 0x4a6465e3 in 'cellSpurs' module
[E]: TODO: cellSpursCreateTaskset2
[W]: Unknown function 0x4e66d483 in 'cellSpurs' module
[E]: TODO: cellSpursDetachLv2EventQueue
[W]: Unknown function 0x838fa4f0 in 'cellSpurs' module
[E]: TODO: cellSpursTryJoinTask2
[W]: Unknown function 0x95180230 in 'cellSpurs' module
[E]: TODO: _cellSpursAttributeInitialize
[W]: Unknown function 0xa7a94892 in 'cellSpurs' module
[E]: TODO: cellSpursJoinTask2
[W]: Unknown function 0xaa6269a8 in 'cellSpurs' module
[E]: TODO: cellSpursInitializeWithAttribute
[W]: Unknown function 0xb9bc6207 in 'cellSpurs' module
[E]: TODO: cellSpursAttachLv2EventQueue
[W]: Unknown function 0xc2acdf43 in 'cellSpurs' module
[E]: TODO: _cellSpursTasksetAttribute2Initialize
[W]: Unknown function 0xca4c4600 in 'cellSpurs' module
[E]: TODO: cellSpursFinalize
[W]: Unknown function 0xe14ca62d in 'cellSpurs' module
[E]: TODO: cellSpursCreateTask2
[W]: Unknown function 0x07529113 in 'cellSpurs' module
[E]: TODO: cellSpursAttributeSetNamePrefix
[W]: Unknown function 0x16394a4e in 'cellSpurs' module
[E]: TODO: _cellSpursTasksetAttributeInitialize
[W]: Unknown function 0x1d46fedf in 'cellSpurs' module
[E]: TODO: cellSpursCreateTaskWithAttribute
[W]: Unknown function 0x22aab31d in 'cellSpurs' module
[E]: TODO: cellSpursEventFlagDetachLv2EventQueue
[W]: Unknown function 0x373523d4 in 'cellSpurs' module
[E]: TODO: cellSpursEventFlagWait
[W]: Unknown function 0x5ef96465 in 'cellSpurs' module
[E]: TODO: _cellSpursEventFlagInitialize
[W]: Unknown function 0x652b70e2 in 'cellSpurs' module
[E]: TODO: cellSpursTasksetAttributeSetName
[W]: Unknown function 0x87630976 in 'cellSpurs' module
[E]: TODO: cellSpursEventFlagAttachLv2EventQueue
[W]: Unknown function 0x9f72add3 in 'cellSpurs' module
[E]: TODO: cellSpursJoinTaskset
[W]: Unknown function 0xa789e631 in 'cellSpurs' module
[E]: TODO: cellSpursShutdownTaskset
[W]: Unknown function 0xb8474eff in 'cellSpurs' module
[E]: TODO: _cellSpursTaskAttributeInitialize
[W]: Unknown function 0xc10931cb in 'cellSpurs' module
[E]: TODO: cellSpursCreateTasksetWithAttribute
[W]: Unknown function 0xf5507729 in 'cellSpurs' module
[E]: TODO: cellSpursEventFlagSet
[W]: Unknown function 0xacee8542 in 'cellGcmSys' module
[E]: TODO: cellGcmSetFlipImmediate
[W]: Unknown module 'cellSysutilAvconfExt'
[W]: Unknown function 0x0d90a48d in 'cellL10n' module
[E]: TODO: UCS2stoSJISs
[W]: Unknown function 0xf9b1896d in 'cellL10n' module
[E]: TODO: SJISstoUCS2s
[W]: Unknown function 0x139a9e9b in 'sys_net' module
[E]: TODO: sys_net_initialize_network_ex
[W]: Unknown function 0x28e208bb in 'sys_net' module
[E]: TODO: listen
[W]: Unknown function 0x3f09e20a in 'sys_net' module
[E]: TODO: socketselect
[W]: Unknown function 0x64f66d35 in 'sys_net' module
[E]: TODO: connect
[W]: Unknown function 0x6db6e8cd in 'sys_net' module
[E]: TODO: socketclose
[W]: Unknown function 0x88f03575 in 'sys_net' module
[E]: TODO: setsockopt
[W]: Unknown function 0x9c056962 in 'sys_net' module
[E]: TODO: socket
[W]: Unknown function 0xb0a59804 in 'sys_net' module
[E]: TODO: bind
[W]: Unknown function 0xb48636c4 in 'sys_net' module
[E]: TODO: sys_net_show_ifconfig
[W]: Unknown function 0xb68d5625 in 'sys_net' module
[E]: TODO: sys_net_finalize_network
[W]: Unknown function 0xc94f6939 in 'sys_net' module
[E]: TODO: accept
[W]: Unknown function 0xdabbc2c0 in 'sys_net' module
[E]: TODO: inet_addr
[W]: Unknown function 0xdc751b40 in 'sys_net' module
[E]: TODO: send
[W]: Unknown function 0xfba04f37 in 'sys_net' module
[E]: TODO: recv
[W]: Unknown function 0x04459230 in 'cellNetCtl' module
[E]: TODO: cellNetCtlNetStartDialogLoadAsync
[W]: Unknown function 0x0f1f13d3 in 'cellNetCtl' module
[E]: TODO: cellNetCtlNetStartDialogUnloadAsync
[W]: Unknown function 0x105ee2cb in 'cellNetCtl' module
[E]: TODO: cellNetCtlTerm
[W]: Unknown function 0x8b3eba69 in 'cellNetCtl' module
[E]: TODO: cellNetCtlGetState
[W]: Unknown function 0xbd5a59fc in 'cellNetCtl' module
[E]: TODO: cellNetCtlInit
[W]: Unknown function 0x3929948d in 'cellSync' module
[E]: TODO: cellSyncQueueInitialize
[W]: Unknown function 0x4da349b2 in 'cellSync' module
[E]: TODO: cellSyncQueueSize
[W]: Unknown function 0x4da6d7e0 in 'cellSync' module
[E]: TODO: cellSyncQueuePop
[W]: Unknown function 0xa5362e73 in 'cellSync' module
[E]: TODO: cellSyncQueueClear
[W]: Unknown module 'cellOskExtUtility'
[W]: Unknown function 0x43ddab4f in 'cellSpursJq' module
[E]: TODO: cellSpursJobQueueAttributeInitialize
[W]: Unknown function 0x8c97a96c in 'cellSpursJq' module
[E]: TODO: cellSpursShutdownJobQueue
[W]: Unknown function 0x8ce4cffa in 'cellSpursJq' module
[E]: TODO: cellSpursJoinJobQueue
[W]: Unknown function 0x983be7fc in 'cellSpursJq' module
[E]: TODO: _cellSpursCreateJobQueueWithJobDescriptorPool
[W]: Unknown function 0xc39173a4 in 'cellSpursJq' module
[E]: TODO: _cellSpursJobQueuePort2CopyPushJobBody
[W]: Unknown function 0xc485d207 in 'cellSpursJq' module
[E]: TODO: cellSpursJobQueuePort2Destroy
[W]: Unknown function 0xcf89f218 in 'cellSpursJq' module
[E]: TODO: _cellSpursJobQueuePort2PushJobBody
[W]: Unknown function 0xf11fe0f1 in 'cellSpursJq' module
[E]: TODO: cellSpursJobQueuePort2Create
[W]: Unknown function 0xfacb3ced in 'cellSpursJq' module
[E]: TODO: cellSpursJobQueuePort2Sync
[! : PPU[1] Thread (CPUThread)[0x00291330]]: PPU[1] Thread (CPUThread) enter
[W : PPU[1] Thread (CPUThread)[0x0199d04c]]: sys_lwmutex warning: *** lwmutex created [_lc_mtx] (attribute=0x12): sq_id = 3
[W : PPU[1] Thread (CPUThread)[0x0199d04c]]: sys_lwmutex warning: *** lwmutex created [_lc_mtx] (attribute=0x12): sq_id = 4
[W : PPU[1] Thread (CPUThread)[0x0199d04c]]: sys_lwmutex warning: *** lwmutex created [_lc_mtx] (attribute=0x12): sq_id = 5
[W : PPU[1] Thread (CPUThread)[0x0199d04c]]: sys_lwmutex warning: *** lwmutex created [_lc_mtx] (attribute=0x12): sq_id = 6
[W : PPU[1] Thread (CPUThread)[0x0199d04c]]: sys_lwmutex warning: *** lwmutex created [_lc_mtx] (attribute=0x12): sq_id = 7
[W : PPU[1] Thread (CPUThread)[0x0199d04c]]: sys_lwmutex warning: *** lwmutex created [_lc_mtx] (attribute=0x12): sq_id = 8
[W : PPU[1] Thread (CPUThread)[0x0199d04c]]: sys_lwmutex warning: *** lwmutex created [_lc_mtx] (attribute=0x12): sq_id = 9
[W : PPU[1] Thread (CPUThread)[0x0199d04c]]: sys_lwmutex warning: *** lwmutex created [_lc_mtx] (attribute=0x12): sq_id = 10
[W : PPU[1] Thread (CPUThread)[0x0199d04c]]: sys_lwmutex warning: *** lwmutex created [_lc_mtx] (attribute=0x12): sq_id = 11
[W : PPU[1] Thread (CPUThread)[0x0199d04c]]: sys_lwmutex warning: *** lwmutex created [_lc_mtx] (attribute=0x12): sq_id = 12
[W : PPU[1] Thread (CPUThread)[0x0199d04c]]: sys_lwmutex warning: *** lwmutex created [_lc_mtx] (attribute=0x12): sq_id = 13
[W : PPU[1] Thread (CPUThread)[0x0199d04c]]: sys_lwmutex warning: *** lwmutex created [] (attribute=0x11): sq_id = 14
[W : PPU[1] Thread (CPUThread)[0x0199d04c]]: sys_lwmutex warning: *** lwmutex created [] (attribute=0x11): sq_id = 15
[W : PPU[1] Thread (CPUThread)[0x0199d04c]]: sys_lwmutex warning: *** lwmutex created [] (attribute=0x22): sq_id = 16
[W : PPU[1] Thread (CPUThread)[0x0199d0c4]]: sys_lwcond warning: *** lwcond created [] (lwmutex_addr=0x161f6d8): id = 17
[W : PPU[1] Thread (CPUThread)[0x0199d04c]]: sys_lwmutex warning: *** lwmutex created [] (attribute=0x22): sq_id = 18
[W : PPU[1] Thread (CPUThread)[0x0199d0c4]]: sys_lwcond warning: *** lwcond created [] (lwmutex_addr=0x161f700): id = 19
[W : PPU[1] Thread (CPUThread)[0x0199d04c]]: sys_lwmutex warning: *** lwmutex created [] (attribute=0x22): sq_id = 20
[W : PPU[1] Thread (CPUThread)[0x0199d0c4]]: sys_lwcond warning: *** lwcond created [] (lwmutex_addr=0x161f728): id = 21
[W : PPU[1] Thread (CPUThread)[0x0199d04c]]: sys_lwmutex warning: *** lwmutex created [] (attribute=0x11): sq_id = 22
[W : PPU[1] Thread (CPUThread)[0x0117d0b8]]: cellSysutil warning: cellSysutilRegisterCallback(slot=3, func_addr=0x1234840, userdata=0x161f698)
[W : PPU[1] Thread (CPUThread)[0x0117b010]]: cellSysmodule warning: cellSysmoduleLoadModule(CELL_SYSMODULE_FS)
[W : PPU[1] Thread (CPUThread)[0x0117b010]]: cellSysmodule warning: cellSysmoduleLoadModule(CELL_SYSMODULE_RTC)
[W : PPU[1] Thread (CPUThread)[0x0199d04c]]: sys_lwmutex warning: *** lwmutex created [] (attribute=0x12): sq_id = 23
[W : PPU[1] Thread (CPUThread)[0x0117b010]]: cellSysmodule warning: cellSysmoduleLoadModule(CELL_SYSMODULE_RESC)
[W : PPU[1] Thread (CPUThread)[0x0117b010]]: cellSysmodule warning: cellSysmoduleLoadModule(CELL_SYSMODULE_AVCONF_EXT)
[W : PPU[1] Thread (CPUThread)[0x0199d04c]]: sys_lwmutex warning: *** lwmutex created [] (attribute=0x12): sq_id = 24
[W : PPU[1] Thread (CPUThread)[0x0198101c]]: cellGcmSys warning: cellGcmInit(context_addr=0x161f2c8,cmdSize=0xc0000,ioSize=0x100000,ioAddress=0x32100000)
[W : PPU[1] Thread (CPUThread)[0x0198101c]]: cellGcmSys warning: *** local memory(addr=0xc0000000, size=0xf900000)
[W : PPU[1] Thread (CPUThread)[0x0198101c]]: cellGcmSys warning: cellGcmMapEaIoAddress(ea=0x32100000, io=0x0, size=0x100000)
[! : RSXThread]: RSX thread entry
[W : PPU[1] Thread (CPUThread)[0x0199d04c]]: sys_lwmutex warning: *** lwmutex created [] (attribute=0x12): sq_id = 25
[W : PPU[1] Thread (CPUThread)[0x0199d04c]]: sys_lwmutex warning: *** lwmutex created [] (attribute=0x12): sq_id = 26
[W : PPU[1] Thread (CPUThread)[0x01981004]]: cellGcmSys warning: cellGcmGetTiledPitchSize(size=5120)
[W : PPU[1] Thread (CPUThread)[0x0117d100]]: cellSysutil warning: cellVideoOutGetResolutionAvailability(videoOut=0, resolutionId=0x2, option_addr=0x0, aspect=0x0, option=0xe2d17580)
[W : PPU[1] Thread (CPUThread)[0x0117d0f4]]: cellSysutil warning: cellVideoOutConfigure(videoOut=0, config_addr=0xd00209c0, option_addr=0x0, waitForEvent=0x0)
[W : PPU[1] Thread (CPUThread)[0x01981058]]: cellGcmSys warning: cellGcmSetFlipMode(mode=2)
[W : PPU[1] Thread (CPUThread)[0x01981004]]: cellGcmSys warning: cellGcmGetTiledPitchSize(size=5120)
[W : PPU[1] Thread (CPUThread)[0x01981094]]: cellGcmSys warning: cellGcmSetDisplayBuffer(id=0x0,offset=0x0,pitch=4,width=1280,height=720)
[W : PPU[1] Thread (CPUThread)[0x01981094]]: cellGcmSys warning: cellGcmSetDisplayBuffer(id=0x1,offset=0x3c0000,pitch=4,width=1280,height=720)
[W : PPU[1] Thread (CPUThread)[0x01981004]]: cellGcmSys warning: cellGcmGetTiledPitchSize(size=5120)
[W : PPU[1] Thread (CPUThread)[0x019810c4]]: cellGcmSys warning: cellGcmSetTileInfo(index=0, location=0, offset=0, size=7864320, pitch=5120, comp=0, base=0, bank=0)
[W : PPU[1] Thread (CPUThread)[0x0198104c]]: cellGcmSys warning: cellGcmBindTile(index=0)
[W : PPU[1] Thread (CPUThread)[0x019810c4]]: cellGcmSys warning: cellGcmSetTileInfo(index=2, location=0, offset=7864320, size=3801088, pitch=5120, comp=10, base=0, bank=3)
[E : PPU[1] Thread (CPUThread)[0x019810c4]]: cellGcmSys error: cellGcmSetTileInfo: bad comp! (10)
[W : PPU[1] Thread (CPUThread)[0x0198104c]]: cellGcmSys warning: cellGcmBindTile(index=2)
[W : PPU[1] Thread (CPUThread)[0x0117d124]]: cellSysutil warning: cellAudioOutGetConfiguration(audioOut=0, config_addr=0xd0020950, option_addr=0x0)
[W : PPU[1] Thread (CPUThread)[0x0117d124]]: cellSysutil warning: cellAudioOutGetConfiguration(audioOut=0, config_addr=0xd00209d0, option_addr=0x0)
[W : PPU[1] Thread (CPUThread)[0x01987010]]: cellAudio warning: cellAudioInit()
[W : PPU[1] Thread (CPUThread)[0x0199d04c]]: sys_lwmutex warning: *** lwmutex created [] (attribute=0x11): sq_id = 27
[W : PPU[1] Thread (CPUThread)[0x0199d04c]]: sys_lwmutex warning: *** lwmutex created [] (attribute=0x11): sq_id = 28
[W : PPU[1] Thread (CPUThread)[0x0199d04c]]: sys_lwmutex warning: *** lwmutex created [] (attribute=0x11): sq_id = 29
[W : PPU[1] Thread (CPUThread)[0x0199d04c]]: sys_lwmutex warning: *** lwmutex created [] (attribute=0x11): sq_id = 30
[W : PPU[1] Thread (CPUThread)[0x0199d04c]]: sys_lwmutex warning: *** lwmutex created [] (attribute=0x11): sq_id = 31
[W : PPU[1] Thread (CPUThread)[0x0199d04c]]: sys_lwmutex warning: *** lwmutex created [] (attribute=0x11): sq_id = 32
[W : PPU[1] Thread (CPUThread)[0x0199d04c]]: sys_lwmutex warning: *** lwmutex created [] (attribute=0x11): sq_id = 33
[W : PPU[1] Thread (CPUThread)[0x0199d04c]]: sys_lwmutex warning: *** lwmutex created [] (attribute=0x11): sq_id = 34
[W : PPU[1] Thread (CPUThread)[0x0199d04c]]: sys_lwmutex warning: *** lwmutex created [] (attribute=0x11): sq_id = 35
[W : PPU[1] Thread (CPUThread)[0x0199d04c]]: sys_lwmutex warning: *** lwmutex created [] (attribute=0x22): sq_id = 36
[W : PPU[1] Thread (CPUThread)[0x0199d0c4]]: sys_lwcond warning: *** lwcond created [] (lwmutex_addr=0x1833888): id = 37
[W : PPU[1] Thread (CPUThread)[0x0199d04c]]: sys_lwmutex warning: *** lwmutex created [] (attribute=0x11): sq_id = 38
[W : PPU[1] Thread (CPUThread)[0x0199d04c]]: sys_lwmutex warning: *** lwmutex created [] (attribute=0x11): sq_id = 39
[W : PPU[1] Thread (CPUThread)[0x0199d04c]]: sys_lwmutex warning: *** lwmutex created [] (attribute=0x11): sq_id = 40
[W : PPU[1] Thread (CPUThread)[0x0199d04c]]: sys_lwmutex warning: *** lwmutex created [] (attribute=0x11): sq_id = 41
[W : PPU[1] Thread (CPUThread)[0x0199d04c]]: sys_lwmutex warning: *** lwmutex created [] (attribute=0x11): sq_id = 42
[W : PPU[1] Thread (CPUThread)[0x0199d04c]]: sys_lwmutex warning: *** lwmutex created [] (attribute=0x11): sq_id = 43
[W : PPU[1] Thread (CPUThread)[0x0199d04c]]: sys_lwmutex warning: *** lwmutex created [] (attribute=0x11): sq_id = 44
[W : PPU[1] Thread (CPUThread)[0x0199d04c]]: sys_lwmutex warning: *** lwmutex created [] (attribute=0x11): sq_id = 45
[W : PPU[1] Thread (CPUThread)[0x0199d04c]]: sys_lwmutex warning: *** lwmutex created [] (attribute=0x11): sq_id = 46
[W : PPU[1] Thread (CPUThread)[0x0199d04c]]: sys_lwmutex warning: *** lwmutex created [] (attribute=0x11): sq_id = 47
[W : PPU[1] Thread (CPUThread)[0x0199d04c]]: sys_lwmutex warning: *** lwmutex created [] (attribute=0x11): sq_id = 48
[W : PPU[1] Thread (CPUThread)[0x0199d04c]]: sys_lwmutex warning: *** lwmutex created [] (attribute=0x11): sq_id = 49
[W : PPU[1] Thread (CPUThread)[0x0199d04c]]: sys_lwmutex warning: *** lwmutex created [] (attribute=0x11): sq_id = 50
[W : PPU[1] Thread (CPUThread)[0x0199d04c]]: sys_lwmutex warning: *** lwmutex created [] (attribute=0x11): sq_id = 51
[W : PPU[1] Thread (CPUThread)[0x0199d04c]]: sys_lwmutex warning: *** lwmutex created [] (attribute=0x11): sq_id = 52
[W : PPU[1] Thread (CPUThread)[0x0117b01c]]: cellSysmodule warning: cellSysmoduleIsLoaded(CELL_SYSMODULE_FS)
[! : PPU[53] Thread (Em File Thread)[0x002f6ab4]]: PPU[53] Thread (Em File Thread) enter
[W : PPU[1] Thread (CPUThread)[0x0199d04c]]: sys_lwmutex warning: *** lwmutex created [] (attribute=0x11): sq_id = 54
[W : PPU[1] Thread (CPUThread)[0x0199d04c]]: sys_lwmutex warning: *** lwmutex created [] (attribute=0x11): sq_id = 55
[W : PPU[1] Thread (CPUThread)[0x0199d04c]]: sys_lwmutex warning: *** lwmutex created [] (attribute=0x11): sq_id = 56
[W : PPU[1] Thread (CPUThread)[0x0199d04c]]: sys_lwmutex warning: *** lwmutex created [] (attribute=0x11): sq_id = 57
[W : PPU[1] Thread (CPUThread)[0x0199d04c]]: sys_lwmutex warning: *** lwmutex created [] (attribute=0x11): sq_id = 58
[W : PPU[1] Thread (CPUThread)[0x0199d04c]]: sys_lwmutex warning: *** lwmutex created [] (attribute=0x11): sq_id = 59
[W : PPU[1] Thread (CPUThread)[0x0199d04c]]: sys_lwmutex warning: *** lwmutex created [] (attribute=0x11): sq_id = 60
[W : PPU[1] Thread (CPUThread)[0x0199d04c]]: sys_lwmutex warning: *** lwmutex created [] (attribute=0x11): sq_id = 61
[W : PPU[1] Thread (CPUThread)[0x0199d04c]]: sys_lwmutex warning: *** lwmutex created [] (attribute=0x11): sq_id = 62
[W : PPU[1] Thread (CPUThread)[0x0199d04c]]: sys_lwmutex warning: *** lwmutex created [] (attribute=0x11): sq_id = 63
[W : PPU[1] Thread (CPUThread)[0x0199d04c]]: sys_lwmutex warning: *** lwmutex created [] (attribute=0x11): sq_id = 64
[W : PPU[1] Thread (CPUThread)[0x0199d04c]]: sys_lwmutex warning: *** lwmutex created [] (attribute=0x11): sq_id = 65
[W : PPU[1] Thread (CPUThread)[0x0199d04c]]: sys_lwmutex warning: *** lwmutex created [] (attribute=0x11): sq_id = 66
[W : PPU[1] Thread (CPUThread)[0x0199d04c]]: sys_lwmutex warning: *** lwmutex created [] (attribute=0x11): sq_id = 67
[W : PPU[1] Thread (CPUThread)[0x0199d04c]]: sys_lwmutex warning: *** lwmutex created [] (attribute=0x11): sq_id = 68
[W : PPU[1] Thread (CPUThread)[0x0199d04c]]: sys_lwmutex warning: *** lwmutex created [] (attribute=0x11): sq_id = 69
[W : PPU[1] Thread (CPUThread)[0x0199d04c]]: sys_lwmutex warning: *** lwmutex created [] (attribute=0x11): sq_id = 70
[W : PPU[1] Thread (CPUThread)[0x0199d04c]]: sys_lwmutex warning: *** lwmutex created [] (attribute=0x11): sq_id = 71
[W : PPU[1] Thread (CPUThread)[0x0199d04c]]: sys_lwmutex warning: *** lwmutex created [] (attribute=0x11): sq_id = 72
[W : PPU[1] Thread (CPUThread)[0x0199d04c]]: sys_lwmutex warning: *** lwmutex created [] (attribute=0x11): sq_id = 73
[W : PPU[1] Thread (CPUThread)[0x0117d058]]: cellSysutil warning: cellSysutilGetSystemParamInt: CELL_SYSUTIL_SYSTEMPARAM_ID_LANG
[W : PPU[1] Thread (CPUThread)[0x0199d04c]]: sys_lwmutex warning: *** lwmutex created [] (attribute=0x11): sq_id = 74
[W : PPU[1] Thread (CPUThread)[0x0199d04c]]: sys_lwmutex warning: *** lwmutex created [] (attribute=0x11): sq_id = 75
[W : PPU[1] Thread (CPUThread)[0x0199d04c]]: sys_lwmutex warning: *** lwmutex created [] (attribute=0x22): sq_id = 76
[W : PPU[1] Thread (CPUThread)[0x0199d0c4]]: sys_lwcond warning: *** lwcond created [] (lwmutex_addr=0x300f1300): id = 77
[W : PPU[1] Thread (CPUThread)[0x0117b01c]]: cellSysmodule warning: cellSysmoduleIsLoaded(CELL_SYSMODULE_SYSUTIL_NP_TROPHY)
[W : PPU[1] Thread (CPUThread)[0x0117b010]]: cellSysmodule warning: cellSysmoduleLoadModule(CELL_SYSMODULE_SYSUTIL_NP_TROPHY)
[! : PPU[1] Thread (CPUThread)[0x00437078]]: PPU[1] Thread (CPUThread) leave
[! : RSXThread]: RSX thread exit...
[W : PPU[53] Thread (Em File Thread)[0x0199d034]]: sys_lwcond_wait(sq=37) aborted
[! : PPU[53] Thread (Em File Thread)[0x0199d038]]: PPU[53] Thread (Em File Thread) leave
[!]: Closing memory...
