[!]: path: /dev_hdd0/game/
[!]: Loading 'D:\Emulateur\Rpcs3\dev_hdd0\game\BLES01731-[South Park The Stick of Truth]/PS3_GAME/USRDIR/BOOT.BIN'...
[!]: Mount info:
[!]: /dev_hdd0/ -> D:\Emulateur\Rpcs3\dev_hdd0\
[!]: /dev_hdd1/ -> D:\Emulateur\Rpcs3\dev_hdd1\
[!]: /dev_flash/ -> D:\Emulateur\Rpcs3\dev_flash\
[!]: /dev_usb000/ -> D:\Emulateur\Rpcs3\dev_usb000\
[!]: /dev_usb/ -> D:\Emulateur\Rpcs3\dev_usb000\
[!]: /app_home/ -> D:\Emulateur\Rpcs3\dev_hdd0\game\BLES01731-[South Park The Stick of Truth]/PS3_GAME/
[!]: /dev_bdvd/ -> D:\Emulateur\Rpcs3\dev_hdd0\game\BLES01731-[South Park The Stick of Truth]/PS3_GAME/\..\
[!]: /host_root/ -> 
[!]: / -> D:\Emulateur\Rpcs3\dev_hdd0\game\BLES01731-[South Park The Stick of Truth]/PS3_GAME/\USRDIR\
[!]: Initing memory...
[!]: Memory initialized.
[W]: Unknown function 0xad218faf in 'sceNp' module
[E]: TODO: sceNpDrmIsAvailable
[W]: Unknown function 0xb1e0718b in 'sceNp' module
[E]: TODO: sceNpManagerGetAccountRegion
[W]: Unknown function 0xbd28fdbf in 'sceNp' module
[E]: TODO: sceNpInit
[W]: Unknown function 0x000e53cc in 'sceNp' module
[E]: TODO: sceNpManagerSubSignout
[W]: Unknown function 0x4026eac5 in 'sceNp' module
[E]: TODO: sceNpBasicRegisterContextSensitiveHandler
[W]: Unknown function 0x442381f7 in 'sceNp' module
[E]: TODO: sceNpManagerSubSignin
[W]: Unknown function 0x52a6b523 in 'sceNp' module
[E]: TODO: sceNpManagerUnregisterCallback
[W]: Unknown function 0x5e849303 in 'sceNp' module
[E]: TODO: sceNpBasicSetPresenceDetails2
[W]: Unknown function 0x6453b27b in 'sceNp' module
[E]: TODO: sceNpBasicGetFriendPresenceByIndex2
[W]: Unknown function 0x6ee62ed2 in 'sceNp' module
[E]: TODO: sceNpManagerGetContentRatingFlag
[W]: Unknown function 0x8297f1ec in 'sceNp' module
[E]: TODO: sceNpManagerRequestTicket2
[W]: Unknown function 0xa1709abd in 'sceNp' module
[E]: TODO: sceNpManagerGetEntitlementById
[W]: Unknown function 0xacb9ee8e in 'sceNp' module
[E]: TODO: sceNpBasicUnregisterHandler
[W]: Unknown function 0xafef640d in 'sceNp' module
[E]: TODO: sceNpBasicGetFriendListEntryCount
[W]: Unknown function 0xb66d1c46 in 'sceNp' module
[E]: TODO: sceNpManagerGetEntitlementIdList
[W]: Unknown function 0xbe07c708 in 'sceNp' module
[E]: TODO: sceNpManagerGetOnlineId
[W]: Unknown function 0xceeebc7a in 'sceNp' module
[E]: TODO: sceNpProfileCallGui
[W]: Unknown function 0xe035f7d6 in 'sceNp' module
[E]: TODO: sceNpBasicGetEvent
[W]: Unknown function 0xe7dcd3b4 in 'sceNp' module
[E]: TODO: sceNpManagerRegisterCallback
[W]: Unknown function 0xf42c0df8 in 'sceNp' module
[E]: TODO: sceNpManagerGetOnlineName
[W]: Unknown function 0xfe37a7f4 in 'sceNp' module
[E]: TODO: sceNpManagerGetNpId
[W]: Unknown function 0x20543730 in 'cellSysutil' module
[E]: TODO: cellMsgDialogClose
[W]: Unknown function 0x21425307 in 'cellSysutil' module
[E]: TODO: cellSaveDataListAutoLoad
[W]: Unknown function 0x21fc0c71 in 'cellSysutil' module
[E]: TODO: cellGameUnregisterDiscChangeCallback
[W]: Unknown function 0x7bc2c8a8 in 'cellSysutil' module
[E]: TODO: cellMsgDialogProgressBarReset
[W]: Unknown function 0x94862702 in 'cellSysutil' module
[E]: TODO: cellMsgDialogProgressBarInc
[W]: Unknown function 0x1dfbfdd6 in 'cellSysutil' module
[E]: TODO: cellSaveDataListLoad2
[W]: Unknown function 0x220894e3 in 'cellSysutil' module
[E]: TODO: cellSysutilEnableBgmPlayback
[W]: Unknown function 0x2de0d663 in 'cellSysutil' module
[E]: TODO: cellSaveDataListSave2
[W]: Unknown function 0x4dd03a4e in 'cellSysutil' module
[E]: TODO: cellSaveDataListAutoSave
[W]: Unknown function 0x62b0f803 in 'cellSysutil' module
[E]: TODO: cellMsgDialogAbort
[W]: Unknown function 0xa11552f6 in 'cellSysutil' module
[E]: TODO: cellSysutilGetBgmPlaybackStatus
[W]: Unknown function 0xe7fa820b in 'cellSysutil' module
[E]: TODO: cellSaveDataEnableOverlay
[W]: Unknown function 0xf3dbf5a7 in 'cellSysutil' module
[E]: TODO: cellSysutilSetBgmPlaybackExtraParam
[W]: Unknown function 0xfbd5c856 in 'cellSysutil' module
[E]: TODO: cellSaveDataAutoLoad2
[W]: Unknown function 0x3d1e1931 in 'cellSysutil' module
[E]: TODO: cellOskDialogUnloadAsync
[W]: Unknown function 0x7fcfc915 in 'cellSysutil' module
[E]: TODO: cellOskDialogLoadAsync
[W]: Unknown function 0xb53c54fa in 'cellSysutil' module
[E]: TODO: cellOskDialogSetKeyLayoutOption
[W]: Unknown function 0xf0ec3ccc in 'cellSysutil' module
[E]: TODO: cellOskDialogSetLayoutMode
[W]: Unknown module 'cellSaveData'
[W]: Unknown function 0xdabbc2c0 in 'sys_net' module
[E]: TODO: inet_addr
[W]: Unknown function 0x011ee38b in 'cellSpurs' module
[E]: TODO: _cellSpursLFQueueInitialize
[W]: Unknown function 0x16394a4e in 'cellSpurs' module
[E]: TODO: _cellSpursTasksetAttributeInitialize
[W]: Unknown function 0x1656d49f in 'cellSpurs' module
[E]: TODO: cellSpursLFQueueAttachLv2EventQueue
[W]: Unknown function 0x1d2bca4b in 'cellSpurs' module
[E]: TODO: cellSpursSendWorkloadSignal
[W]: Unknown function 0x303c19cd in 'cellSpurs' module
[E]: TODO: cellSpursCreateJobChainWithAttribute
[W]: Unknown function 0x34552fa6 in 'cellSpurs' module
[E]: TODO: cellSpursTaskExitCodeInitialize
[W]: Unknown function 0x3548f483 in 'cellSpurs' module
[E]: TODO: _cellSpursJobChainAttributeInitialize
[W]: Unknown function 0x49a3426d in 'cellSpurs' module
[E]: TODO: cellSpursReadyCountSwap
[W]: Unknown function 0x4a5eab63 in 'cellSpurs' module
[E]: TODO: cellSpursWorkloadAttributeSetName
[W]: Unknown function 0x4e153e3e in 'cellSpurs' module
[E]: TODO: cellSpursGetWorkloadInfo
[W]: Unknown function 0x57e4dec3 in 'cellSpurs' module
[E]: TODO: cellSpursRemoveWorkload
[W]: Unknown function 0x5fd43fe4 in 'cellSpurs' module
[E]: TODO: cellSpursWaitForWorkloadShutdown
[W]: Unknown function 0x652b70e2 in 'cellSpurs' module
[E]: TODO: cellSpursTasksetAttributeSetName
[W]: Unknown function 0x68aaeba9 in 'cellSpurs' module
[E]: TODO: cellSpursJobGuardInitialize
[W]: Unknown function 0x738e40e6 in 'cellSpurs' module
[E]: TODO: cellSpursShutdownJobChain
[W]: Unknown function 0x73e06f91 in 'cellSpurs' module
[E]: TODO: cellSpursLFQueueDetachLv2EventQueue
[W]: Unknown function 0x75211196 in 'cellSpurs' module
[E]: TODO: cellSpursReadyCountAdd
[W]: Unknown function 0x7e4ea023 in 'cellSpurs' module
[E]: TODO: cellSpursWakeUp
[W]: Unknown function 0x8a85674d in 'cellSpurs' module
[E]: TODO: _cellSpursLFQueuePushBody
[W]: Unknown function 0x8f122ef8 in 'cellSpurs' module
[E]: TODO: cellSpursTasksetAttributeSetTasksetSize
[W]: Unknown function 0x98d5b343 in 'cellSpurs' module
[E]: TODO: cellSpursShutdownWorkload
[W]: Unknown function 0x9f72add3 in 'cellSpurs' module
[E]: TODO: cellSpursJoinTaskset
[W]: Unknown function 0x9fef70c2 in 'cellSpurs' module
[E]: TODO: cellSpursJobChainAttributeSetName
[W]: Unknown function 0xa73bf47e in 'cellSpurs' module
[E]: TODO: _cellSpursWorkloadFlagReceiver
[W]: Unknown function 0xa789e631 in 'cellSpurs' module
[E]: TODO: cellSpursShutdownTaskset
[W]: Unknown function 0xa7c066de in 'cellSpurs' module
[E]: TODO: cellSpursJoinJobChain
[W]: Unknown function 0xaa6269a8 in 'cellSpurs' module
[E]: TODO: cellSpursInitializeWithAttribute
[W]: Unknown function 0xbeb600ac in 'cellSpurs' module
[E]: TODO: cellSpursCreateTask
[W]: Unknown function 0xc0158d8b in 'cellSpurs' module
[E]: TODO: cellSpursAddWorkloadWithAttribute
[W]: Unknown function 0xc10931cb in 'cellSpurs' module
[E]: TODO: cellSpursCreateTasksetWithAttribute
[W]: Unknown function 0xd5d0b256 in 'cellSpurs' module
[E]: TODO: cellSpursJobGuardNotify
[W]: Unknown function 0xefeb2679 in 'cellSpurs' module
[E]: TODO: _cellSpursWorkloadAttributeInitialize
[W]: Unknown function 0xf31731bb in 'cellSpurs' module
[E]: TODO: cellSpursRunJobChain
[W]: Unknown function 0xf843818d in 'cellSpurs' module
[E]: TODO: cellSpursReadyCountStore
[W]: Unknown function 0x2b9bd9ad in 'cellAudio' module
[E]: TODO: cellAudioRemoveNotifyEventQueueEx
[W]: Unknown function 0xb56ef5a1 in 'cellAudio' module
[E]: TODO: cellAudioSetNotifyEventQueueEx
[W]: Unknown function 0x4cef342e in 'sys_fs' module
[E]: TODO: cellFsAioWrite
[W]: Unknown function 0x7f13fc8c in 'sys_fs' module
[E]: TODO: cellFsAioCancel
[W]: Unknown function 0x967a162b in 'sys_fs' module
[E]: TODO: cellFsFsync
[W]: Unknown function 0xbef554a4 in 'sys_fs' module
[E]: TODO: cellFsUtime
[W]: Unknown function 0x41251f74 in 'sceNp2' module
[E]: TODO: sceNp2Init
[W]: Unknown function 0xaadb7c12 in 'sceNp2' module
[E]: TODO: sceNp2Term
[W]: Unknown function 0x99d397ac in 'cellGcmSys' module
[E]: TODO: cellGcmGetReport
[W]: Unknown function 0xacee8542 in 'cellGcmSys' module
[E]: TODO: cellGcmSetFlipImmediate
[W]: Unknown module 'sceNpCommerce2'
[W]: Unknown function 0x117cd726 in 'cellPngEnc' module
[E]: TODO: cellPngEncClose
[W]: Unknown function 0x19256dc5 in 'cellPngEnc' module
[E]: TODO: cellPngEncOpen
[W]: Unknown function 0x496cfcd0 in 'cellPngEnc' module
[E]: TODO: cellPngEncQueryAttr
[W]: Unknown function 0x585269bc in 'cellPngEnc' module
[E]: TODO: cellPngEncGetStreamInfo
[W]: Unknown function 0x5b546ca4 in 'cellPngEnc' module
[E]: TODO: cellPngEncEncodePicture
[W]: Unknown function 0x662bd637 in 'cellPngEnc' module
[E]: TODO: cellPngEncWaitForInput
[W]: Unknown function 0x90ef2963 in 'cellPngEnc' module
[E]: TODO: cellPngEncWaitForOutput
[W]: Unknown function 0x4643ba6e in 'sysPrxForUser' module
[E]: TODO: sys_mmapper_unmap_memory
[W]: Unknown function 0xdd3b27ac in 'sysPrxForUser' module
[E]: TODO: _sys_spu_printf_finalize
[W : PPU[1] Thread (CPUThread)[0x0272804c]]: sys_lwmutex warning: *** lwmutex created [_lc_mtx] (attribute=0x12): sq_id = 3
[W : PPU[1] Thread (CPUThread)[0x001983c4]]: memory warning: sys_memory_get_user_memory_size(mem_info_addr=0xd0020c04)
[W : PPU[1] Thread (CPUThread)[0x0272804c]]: sys_lwmutex warning: *** lwmutex created [_lc_mtx] (attribute=0x12): sq_id = 4
[W : PPU[1] Thread (CPUThread)[0x0272804c]]: sys_lwmutex warning: *** lwmutex created [_lc_mtx] (attribute=0x12): sq_id = 5
[W : PPU[1] Thread (CPUThread)[0x0272804c]]: sys_lwmutex warning: *** lwmutex created [_lc_mtx] (attribute=0x12): sq_id = 6
[W : PPU[1] Thread (CPUThread)[0x0272804c]]: sys_lwmutex warning: *** lwmutex created [_lc_mtx] (attribute=0x12): sq_id = 7
[W : PPU[1] Thread (CPUThread)[0x0272804c]]: sys_lwmutex warning: *** lwmutex created [_lc_mtx] (attribute=0x12): sq_id = 8
[W : PPU[1] Thread (CPUThread)[0x0272804c]]: sys_lwmutex warning: *** lwmutex created [_lc_mtx] (attribute=0x12): sq_id = 9
[W : PPU[1] Thread (CPUThread)[0x0272804c]]: sys_lwmutex warning: *** lwmutex created [_lc_mtx] (attribute=0x12): sq_id = 10
[W : PPU[1] Thread (CPUThread)[0x0272804c]]: sys_lwmutex warning: *** lwmutex created [_lc_mtx] (attribute=0x12): sq_id = 11
[W : PPU[1] Thread (CPUThread)[0x0272804c]]: sys_lwmutex warning: *** lwmutex created [_lc_mtx] (attribute=0x12): sq_id = 12
[W : PPU[1] Thread (CPUThread)[0x0272804c]]: sys_lwmutex warning: *** lwmutex created [] (attribute=0x12): sq_id = 13
[W : PPU[1] Thread (CPUThread)[0x0272804c]]: sys_lwmutex warning: *** lwmutex created [] (attribute=0x11): sq_id = 14
[W : PPU[1] Thread (CPUThread)[0x0272804c]]: sys_lwmutex warning: *** lwmutex created [] (attribute=0x11): sq_id = 15
[W : PPU[1] Thread (CPUThread)[0x0272804c]]: sys_lwmutex warning: *** lwmutex created [] (attribute=0x11): sq_id = 16
[W : PPU[1] Thread (CPUThread)[0x0272804c]]: sys_lwmutex warning: *** lwmutex created [] (attribute=0x11): sq_id = 17
[E : PPU[1] Thread (CPUThread)[0x02728070]]: sysPrxForUser error: sys_prx_register_library(lib_addr=0xc88fdc)
[W : PPU[1] Thread (CPUThread)[0x0270a130]]: cellSysutil warning: cellSysutilRegisterCallback(slot=0, func_addr=0xdcf888, userdata=0x0)
[W : PPU[1] Thread (CPUThread)[0x02716010]]: cellSysmodule warning: cellSysmoduleLoadModule(CELL_SYSMODULE_RTC)
[W : PPU[1] Thread (CPUThread)[0x02716010]]: cellSysmodule warning: cellSysmoduleLoadModule(CELL_SYSMODULE_NET)
[W : PPU[1] Thread (CPUThread)[0x0272804c]]: sys_lwmutex warning: *** lwmutex created [] (attribute=0x11): sq_id = 18
[W : PPU[1] Thread (CPUThread)[0x0272804c]]: sys_lwmutex warning: *** lwmutex created [] (attribute=0x11): sq_id = 19
[W : PPU[1] Thread (CPUThread)[0x0272804c]]: sys_lwmutex warning: *** lwmutex created [] (attribute=0x11): sq_id = 20
[W : PPU[1] Thread (CPUThread)[0x0270e004]]: sys_net warning: sys_net_initialize_network_ex(param_addr=0xd0020a30)
[E : PPU[1] Thread (CPUThread)[0x0271001c]]: cellNetCtl error: Unimplemented function: cellNetCtlInit
[W : PPU[1] Thread (CPUThread)[0x0272804c]]: sys_lwmutex warning: *** lwmutex created [] (attribute=0x11): sq_id = 21
[W : PPU[1] Thread (CPUThread)[0x001a4170]]: memory warning: sys_memory_get_user_memory_size(mem_info_addr=0xd00208d0)
[W : PPU[1] Thread (CPUThread)[0x001a429c]]: memory warning: sys_mmapper_allocate_address(size=0x10000000, flags=0x400, alignment=0x10000000, alloc_addr=0xd0020988)
[W : PPU[1] Thread (CPUThread)[0x02728100]]: memory warning: sys_mmapper_allocate_memory(size=0xf900000, flags=0x400, mem_id_addr=0xd002098c)
[W : PPU[1] Thread (CPUThread)[0x02728124]]: memory warning: sys_mmapper_map_memory(start_addr=0x0, mem_id=0x16, flags=0x40000)
[W : PPU[1] Thread (CPUThread)[0x02728124]]: memory mapped 0x30100000 to 0x0 size=0xf900000
[E : PPU[1] Thread (CPUThread)[0x02710010]]: cellNetCtl error: Unimplemented function: cellNetCtlTerm
[W : PPU[1] Thread (CPUThread)[0x0270e010]]: sys_net warning: sys_net_initialize_network_ex()
[E : PPU[1] Thread (CPUThread)[0x0270e01c]]: sys_net error: Unimplemented function: sys_net_free_thread_context
[W : PPU[1] Thread (CPUThread)[0x0272810c]]: sys_lwmutex warning: sys_lwmutex_destroy(lwmutex_addr=0xf70698)
[W : PPU[1] Thread (CPUThread)[0x0272810c]]: sys_lwmutex warning: sys_lwmutex_destroy(lwmutex_addr=0xfc8c70)
[W : PPU[1] Thread (CPUThread)[0x0272810c]]: sys_lwmutex warning: sys_lwmutex_destroy(lwmutex_addr=0xf76698)
[!]: Closing memory...
