[!]: path: /dev_hdd0/game/
[!]: Loading 'D:\Emulateur\Rpcs3\dev_hdd0\game\BLES00246-[METAL GEAR SOLID 4]\PS3_GAME\USRDIR\BOOT.BIN'...
[!]: Mount info:
[!]: /dev_hdd0/ -> D:\Emulateur\Rpcs3\dev_hdd0\
[!]: /dev_hdd1/ -> D:\Emulateur\Rpcs3\dev_hdd1\
[!]: /dev_flash/ -> D:\Emulateur\Rpcs3\dev_flash\
[!]: /dev_usb000/ -> D:\Emulateur\Rpcs3\dev_usb000\
[!]: /dev_usb/ -> D:\Emulateur\Rpcs3\dev_usb000\
[!]: /app_home/ -> D:\Emulateur\Rpcs3\dev_hdd0\game\BLES00246-[METAL GEAR SOLID 4]\PS3_GAME\
[!]: /dev_bdvd/ -> D:\Emulateur\Rpcs3\dev_hdd0\game\BLES00246-[METAL GEAR SOLID 4]\PS3_GAME\\..\
[!]: /host_root/ -> 
[!]: / -> D:\Emulateur\Rpcs3\dev_hdd0\game\BLES00246-[METAL GEAR SOLID 4]\PS3_GAME\\USRDIR\
[!]: Initing memory...
[!]: Memory initialized.
[W]: Unknown function 0xbd28fdbf in 'sceNp' module
[E]: TODO: sceNpInit
[W]: Unknown function 0xe6c8f3f9 in 'sceNp' module
[E]: TODO: sceNpDrmProcessExitSpawn2
[W : PPU[1] Thread (CPUThread)[0x00045034]]: sys_lwmutex warning: *** lwmutex created [_lc_mtx] (attribute=0x12): sq_id = 3
[W : PPU[1] Thread (CPUThread)[0x00017a00]]: memory warning: sys_memory_get_user_memory_size(mem_info_addr=0xd0020c04)
[W : PPU[1] Thread (CPUThread)[0x00045034]]: sys_lwmutex warning: *** lwmutex created [_lc_mtx] (attribute=0x12): sq_id = 4
[W : PPU[1] Thread (CPUThread)[0x00045034]]: sys_lwmutex warning: *** lwmutex created [_lc_mtx] (attribute=0x12): sq_id = 5
[W : PPU[1] Thread (CPUThread)[0x00045034]]: sys_lwmutex warning: *** lwmutex created [_lc_mtx] (attribute=0x12): sq_id = 6
[W : PPU[1] Thread (CPUThread)[0x00045034]]: sys_lwmutex warning: *** lwmutex created [_lc_mtx] (attribute=0x12): sq_id = 7
[W : PPU[1] Thread (CPUThread)[0x00045034]]: sys_lwmutex warning: *** lwmutex created [_lc_mtx] (attribute=0x12): sq_id = 8
[W : PPU[1] Thread (CPUThread)[0x00045034]]: sys_lwmutex warning: *** lwmutex created [_lc_mtx] (attribute=0x12): sq_id = 9
[W : PPU[1] Thread (CPUThread)[0x00045034]]: sys_lwmutex warning: *** lwmutex created [_lc_mtx] (attribute=0x12): sq_id = 10
[W : PPU[1] Thread (CPUThread)[0x00045034]]: sys_lwmutex warning: *** lwmutex created [_lc_mtx] (attribute=0x12): sq_id = 11
[W : PPU[1] Thread (CPUThread)[0x00045034]]: sys_lwmutex warning: *** lwmutex created [_lc_mtx] (attribute=0x12): sq_id = 12
[W : PPU[1] Thread (CPUThread)[0x0001b010]]: cellSysmodule warning: cellSysmoduleLoadModule(CELL_SYSMODULE_SYSUTIL_GAME)
[W : PPU[13] Thread (sample_game_data)[0x0001f01c]]: cellGame warning: cellGameBootCheck(type_addr=0xd0030da0, attributes_addr=0xd0030da4, size_addr=0xd0030da8, dirName_addr=0xd0030db8)
[W : PPU[13] Thread (sample_game_data)[0x0001f004]]: cellGame warning: cellGameContentPermit(contentInfoPath_addr=0x209e0, usrdirPath_addr=0x20a60)
[W : PPU[1] Thread (CPUThread)[0x0001b004]]: cellSysmodule warning: cellSysmoduleUnloadModule(CELL_SYSMODULE_SYSUTIL_GAME)
[W : PPU[1] Thread (CPUThread)[0x0001b010]]: cellSysmodule warning: cellSysmoduleLoadModule(CELL_SYSMODULE_SYSUTIL_NP)
[W : PPU[1] Thread (CPUThread)[0x0001d010]]: cellSysutil warning: cellSysutilRegisterCallback(slot=0, func_addr=0x20130, userdata=0x0)
[E : PPU[1] Thread (CPUThread)[0x00043004]]: TODO: sceNpInit
[W : PPU[1] Thread (CPUThread)[0x00011ccc]]: SysCall 988! r3: 0x2, r4: 0x0, pc: 0x11ccc
[E : PPU[1] Thread (CPUThread)[0x00045058]]: Process error: sys_game_process_exitspawn2 UNIMPLEMENTED
[W : PPU[1] Thread (CPUThread)[0x00045058]]: Process warning: path: /dev_bdvd/PS3_GAME/USRDIR/mgs/MGS4.SELF
[W : PPU[1] Thread (CPUThread)[0x00045058]]: Process warning: argv: 0x20014
[W : PPU[1] Thread (CPUThread)[0x00045058]]: Process warning: envp: 0x0
[W : PPU[1] Thread (CPUThread)[0x00045058]]: Process warning: data: 0x0
[W : PPU[1] Thread (CPUThread)[0x00045058]]: Process warning: data_size: 0x0
[W : PPU[1] Thread (CPUThread)[0x00045058]]: Process warning: prio: 1001
[W : PPU[1] Thread (CPUThread)[0x00045058]]: Process warning: flags: 32
[!]: Closing memory...
