[!]: path: /dev_hdd0/game/
[!]: Loading 'D:\Emulateur\Rpcs3\dev_hdd0\game\BLES01446-[Silent Hill Downpour]\PS3_GAME\USRDIR\BOOT.BIN'...
[!]: Mount info:
[!]: /dev_hdd0/ -> D:\Emulateur\Rpcs3\dev_hdd0\
[!]: /dev_hdd1/ -> D:\Emulateur\Rpcs3\dev_hdd1\
[!]: /dev_flash/ -> D:\Emulateur\Rpcs3\dev_flash\
[!]: /dev_usb000/ -> D:\Emulateur\Rpcs3\dev_usb000\
[!]: /dev_usb/ -> D:\Emulateur\Rpcs3\dev_usb000\
[!]: /app_home/ -> D:\Emulateur\Rpcs3\dev_hdd0\game\BLES01446-[Silent Hill Downpour]\PS3_GAME\
[!]: /dev_bdvd/ -> D:\Emulateur\Rpcs3\dev_hdd0\game\BLES01446-[Silent Hill Downpour]\PS3_GAME\\..\
[!]: /host_root/ -> 
[!]: / -> D:\Emulateur\Rpcs3\dev_hdd0\game\BLES01446-[Silent Hill Downpour]\PS3_GAME\
[!]: Initing memory...
[!]: Memory initialized.
[W]: Unknown function 0x139a9e9b in 'sys_net' module
[E]: TODO: sys_net_initialize_network_ex
[W]: Unknown function 0x13efe7f5 in 'sys_net' module
[E]: TODO: getsockname
[W]: Unknown function 0x1f953b9f in 'sys_net' module
[E]: TODO: recvfrom
[W]: Unknown function 0x28e208bb in 'sys_net' module
[E]: TODO: listen
[W]: Unknown function 0x3b27c780 in 'sys_net' module
[E]: TODO: sys_net_get_sockinfo
[W]: Unknown function 0x3f09e20a in 'sys_net' module
[E]: TODO: socketselect
[W]: Unknown function 0x5a045bd1 in 'sys_net' module
[E]: TODO: getsockopt
[W]: Unknown function 0x6005cde1 in 'sys_net' module
[E]: TODO: _sys_net_errno_loc
[W]: Unknown function 0x64f66d35 in 'sys_net' module
[E]: TODO: connect
[W]: Unknown function 0x6db6e8cd in 'sys_net' module
[E]: TODO: socketclose
[W]: Unknown function 0x71f4c717 in 'sys_net' module
[E]: TODO: gethostbyname
[W]: Unknown function 0x88f03575 in 'sys_net' module
[E]: TODO: setsockopt
[W]: Unknown function 0x9647570b in 'sys_net' module
[E]: TODO: sendto
[W]: Unknown function 0x9c056962 in 'sys_net' module
[E]: TODO: socket
[W]: Unknown function 0xb0a59804 in 'sys_net' module
[E]: TODO: bind
[W]: Unknown function 0xc94f6939 in 'sys_net' module
[E]: TODO: accept
[W]: Unknown function 0xdabbc2c0 in 'sys_net' module
[E]: TODO: inet_addr
[W]: Unknown function 0xdc751b40 in 'sys_net' module
[E]: TODO: send
[W]: Unknown function 0xfba04f37 in 'sys_net' module
[E]: TODO: recv
[W]: Unknown function 0xb68d5625 in 'sys_net' module
[E]: TODO: sys_net_finalize_network
[W]: Unknown function 0xf7ac8941 in 'sys_net' module
[E]: TODO: gethostbyaddr
[W]: Unknown function 0x6d3bb15b in 'sys_fs' module
[E]: TODO: cellFsSdataOpenByFd
[W]: Unknown function 0x967a162b in 'sys_fs' module
[E]: TODO: cellFsFsync
[W]: Unknown function 0xbef554a4 in 'sys_fs' module
[E]: TODO: cellFsUtime
[W]: Unknown function 0x20543730 in 'cellSysutil' module
[E]: TODO: cellMsgDialogClose
[W]: Unknown function 0x21425307 in 'cellSysutil' module
[E]: TODO: cellSaveDataListAutoLoad
[W]: Unknown function 0x3d1e1931 in 'cellSysutil' module
[E]: TODO: cellOskDialogUnloadAsync
[W]: Unknown function 0x62b0f803 in 'cellSysutil' module
[E]: TODO: cellMsgDialogAbort
[W]: Unknown function 0x7fcfc915 in 'cellSysutil' module
[E]: TODO: cellOskDialogLoadAsync
[W]: Unknown function 0x8b7ed64b in 'cellSysutil' module
[E]: TODO: cellSaveDataAutoSave2
[W]: Unknown function 0x918288fb in 'cellSysutil' module
[E]: TODO: cellStorageDataImport
[W]: Unknown function 0x94862702 in 'cellSysutil' module
[E]: TODO: cellMsgDialogProgressBarInc
[W]: Unknown function 0xb53c54fa in 'cellSysutil' module
[E]: TODO: cellOskDialogSetKeyLayoutOption
[W]: Unknown function 0xb6d84526 in 'cellSysutil' module
[E]: TODO: cellOskDialogAbort
[W]: Unknown function 0xc427890c in 'cellSysutil' module
[E]: TODO: cellOskDialogSetInitialKeyLayout
[W]: Unknown function 0xced17573 in 'cellSysutil' module
[E]: TODO: cellSaveDataFixedDelete
[W]: Unknown function 0xd3790a86 in 'cellSysutil' module
[E]: TODO: cellOskDialogSetDeviceMask
[W]: Unknown function 0xedadd797 in 'cellSysutil' module
[E]: TODO: cellSaveDataDelete2
[W]: Unknown function 0xf0ec3ccc in 'cellSysutil' module
[E]: TODO: cellOskDialogSetLayoutMode
[W]: Unknown function 0xfbd5c856 in 'cellSysutil' module
[E]: TODO: cellSaveDataAutoLoad2
[W]: Unknown module 'cellSysutilAvconfExt'
[W]: Unknown function 0x011ee38b in 'cellSpurs' module
[E]: TODO: _cellSpursLFQueueInitialize
[W]: Unknown function 0x16394a4e in 'cellSpurs' module
[E]: TODO: _cellSpursTasksetAttributeInitialize
[W]: Unknown function 0x1656d49f in 'cellSpurs' module
[E]: TODO: cellSpursLFQueueAttachLv2EventQueue
[W]: Unknown function 0x22aab31d in 'cellSpurs' module
[E]: TODO: cellSpursEventFlagDetachLv2EventQueue
[W]: Unknown function 0x303c19cd in 'cellSpurs' module
[E]: TODO: cellSpursCreateJobChainWithAttribute
[W]: Unknown function 0x3548f483 in 'cellSpurs' module
[E]: TODO: _cellSpursJobChainAttributeInitialize
[W]: Unknown function 0x373523d4 in 'cellSpurs' module
[E]: TODO: cellSpursEventFlagWait
[W]: Unknown function 0x4ac7bae4 in 'cellSpurs' module
[E]: TODO: cellSpursEventFlagClear
[W]: Unknown function 0x52cc6c82 in 'cellSpurs' module
[E]: TODO: cellSpursCreateTaskset
[W]: Unknown function 0x5ef96465 in 'cellSpurs' module
[E]: TODO: _cellSpursEventFlagInitialize
[W]: Unknown function 0x652b70e2 in 'cellSpurs' module
[E]: TODO: cellSpursTasksetAttributeSetName
[W]: Unknown function 0x73e06f91 in 'cellSpurs' module
[E]: TODO: cellSpursLFQueueDetachLv2EventQueue
[W]: Unknown function 0x87630976 in 'cellSpurs' module
[E]: TODO: cellSpursEventFlagAttachLv2EventQueue
[W]: Unknown function 0x8a85674d in 'cellSpurs' module
[E]: TODO: _cellSpursLFQueuePushBody
[W]: Unknown function 0x9f72add3 in 'cellSpurs' module
[E]: TODO: cellSpursJoinTaskset
[W]: Unknown function 0x9fef70c2 in 'cellSpurs' module
[E]: TODO: cellSpursJobChainAttributeSetName
[W]: Unknown function 0xa789e631 in 'cellSpurs' module
[E]: TODO: cellSpursShutdownTaskset
[W]: Unknown function 0xaa6269a8 in 'cellSpurs' module
[E]: TODO: cellSpursInitializeWithAttribute
[W]: Unknown function 0xbeb600ac in 'cellSpurs' module
[E]: TODO: cellSpursCreateTask
[W]: Unknown function 0xc10931cb in 'cellSpurs' module
[E]: TODO: cellSpursCreateTasksetWithAttribute
[W]: Unknown function 0xe0a6dbe4 in 'cellSpurs' module
[E]: TODO: _cellSpursSendSignal
[W]: Unknown function 0xf31731bb in 'cellSpurs' module
[E]: TODO: cellSpursRunJobChain
[W]: Unknown function 0x039d70b7 in 'cellSpurs' module
[E]: TODO: cellSpursQueueDetachLv2EventQueue
[W]: Unknown function 0x082bfb09 in 'cellSpurs' module
[E]: TODO: _cellSpursQueueInitialize
[W]: Unknown function 0x68aaeba9 in 'cellSpurs' module
[E]: TODO: cellSpursJobGuardInitialize
[W]: Unknown function 0x738e40e6 in 'cellSpurs' module
[E]: TODO: cellSpursShutdownJobChain
[W]: Unknown function 0x91066667 in 'cellSpurs' module
[E]: TODO: cellSpursQueuePopBody
[W]: Unknown function 0x92cff6ed in 'cellSpurs' module
[E]: TODO: cellSpursQueuePushBody
[W]: Unknown function 0xa7c066de in 'cellSpurs' module
[E]: TODO: cellSpursJoinJobChain
[W]: Unknown function 0xacfc8dbc in 'cellSpurs' module
[E]: TODO: cellSpursInitialize
[W]: Unknown function 0xd5d0b256 in 'cellSpurs' module
[E]: TODO: cellSpursJobGuardNotify
[W]: Unknown function 0xe5443be7 in 'cellSpurs' module
[E]: TODO: cellSpursQueueAttachLv2EventQueue
[W]: Unknown function 0x832df17e in 'cellAudio' module
[E]: TODO: cellAudioAdd6chData
[W]: Unknown function 0x4885aa18 in 'sceNp' module
[E]: TODO: sceNpTerm
[W]: Unknown function 0x52a6b523 in 'sceNp' module
[E]: TODO: sceNpManagerUnregisterCallback
[W]: Unknown function 0x5f2d9257 in 'sceNp' module
[E]: TODO: sceNpLookupInit
[W]: Unknown function 0x8440537c in 'sceNp' module
[E]: TODO: sceNpLookupTerm
[W]: Unknown function 0xb1e0718b in 'sceNp' module
[E]: TODO: sceNpManagerGetAccountRegion
[W]: Unknown function 0xbd28fdbf in 'sceNp' module
[E]: TODO: sceNpInit
[W]: Unknown function 0xe7dcd3b4 in 'sceNp' module
[E]: TODO: sceNpManagerRegisterCallback
[W]: Unknown function 0xf042b14f in 'sceNp' module
[E]: TODO: sceNpDrmIsAvailable2
[W]: Unknown function 0x48436b2d in 'cellPngDec' module
[E]: TODO: cellPngDecExtCreate
[W]: Unknown module 'cellUserInfo'
[W]: Unknown module 'cellSaveData'
[W]: Unknown function 0x0247c69e in 'cellSail' module
[E]: TODO: cellSailGraphicsAdapterGetFrame
[W]: Unknown function 0x0abb318b in 'cellSail' module
[E]: TODO: cellSailDescriptorCreateDatabase
[W]: Unknown function 0x0c4cb439 in 'cellSail' module
[E]: TODO: cellSailFutureReset
[W]: Unknown function 0x1139a206 in 'cellSail' module
[E]: TODO: cellSailPlayerSetSoundAdapter
[W]: Unknown function 0x1872331b in 'cellSail' module
[E]: TODO: cellSailGraphicsAdapterPtsToTimePosition
[W]: Unknown function 0x18b4629d in 'cellSail' module
[E]: TODO: cellSailPlayerFinalize
[W]: Unknown function 0x18bcd21b in 'cellSail' module
[E]: TODO: cellSailPlayerSetGraphicsAdapter
[W]: Unknown function 0x1c983864 in 'cellSail' module
[E]: TODO: cellSailGraphicsAdapterInitialize
[W]: Unknown function 0x1c9d5e5a in 'cellSail' module
[E]: TODO: cellSailSoundAdapterSetPreferredFormat
[W]: Unknown function 0x23654375 in 'cellSail' module
[E]: TODO: cellSailPlayerInitialize2
[W]: Unknown function 0x28336e89 in 'cellSail' module
[E]: TODO: cellSailDescriptorDestroyDatabase
[W]: Unknown function 0x2e3ccb5e in 'cellSail' module
[E]: TODO: cellSailGraphicsAdapterSetPreferredFormat
[W]: Unknown function 0x346ebba3 in 'cellSail' module
[E]: TODO: cellSailMemAllocatorInitialize
[W]: Unknown function 0x34ecc1b9 in 'cellSail' module
[E]: TODO: cellSailPlayerOpenStream
[W]: Unknown function 0x3a2d806c in 'cellSail' module
[E]: TODO: cellSailFutureGet
[W]: Unknown function 0x3d0d3b72 in 'cellSail' module
[E]: TODO: cellSailSoundAdapterInitialize
[W]: Unknown function 0x44a20e79 in 'cellSail' module
[E]: TODO: cellSailGraphicsAdapterUpdateAvSync
[W]: Unknown function 0x4ae979df in 'cellSail' module
[E]: TODO: cellSailSoundAdapterPtsToTimePosition
[W]: Unknown function 0x4cc54f8e in 'cellSail' module
[E]: TODO: cellSailFutureInitialize
[W]: Unknown function 0x5783a454 in 'cellSail' module
[E]: TODO: cellSailMp4MovieGetMovieInfo
[W]: Unknown function 0x5f7c7a6f in 'cellSail' module
[E]: TODO: cellSailPlayerSetParameter
[W]: Unknown function 0x6e83f5c0 in 'cellSail' module
[E]: TODO: cellSailAviMovieGetMovieInfo
[W]: Unknown function 0x76488bb1 in 'cellSail' module
[E]: TODO: cellSailGraphicsAdapterFinalize
[W]: Unknown function 0x7c8dff3b in 'cellSail' module
[E]: TODO: cellSailPlayerAddDescriptor
[W]: Unknown function 0x7eb8d6b5 in 'cellSail' module
[E]: TODO: cellSailSoundAdapterGetFrame
[W]: Unknown function 0x9553af65 in 'cellSail' module
[E]: TODO: cellSailFutureFinalize
[W]: Unknown function 0xa37fed15 in 'cellSail' module
[E]: TODO: cellSailFutureSet
[W]: Unknown function 0xbdf21b0f in 'cellSail' module
[E]: TODO: cellSailPlayerBoot
[W]: Unknown function 0xd1462438 in 'cellSail' module
[E]: TODO: cellSailSoundAdapterFinalize
[W]: Unknown function 0xd1d55a90 in 'cellSail' module
[E]: TODO: cellSailPlayerSetPaused
[W]: Unknown function 0xd7938b8d in 'cellSail' module
[E]: TODO: cellSailPlayerCreateDescriptor
[W]: Unknown function 0xe535b0d3 in 'cellSail' module
[E]: TODO: cellSailPlayerStart
[W]: Unknown function 0xeba8d4ec in 'cellSail' module
[E]: TODO: cellSailPlayerStop
[W]: Unknown function 0xeec22809 in 'cellSail' module
[E]: TODO: cellSailSoundAdapterUpdateAvSync
[W]: Unknown function 0xf25f197d in 'cellSail' module
[E]: TODO: cellSailSoundAdapterGetFormat
[W]: Unknown function 0xfc5baf8a in 'cellSail' module
[E]: TODO: cellSailPlayerSetRepeatMode
[W]: Unknown function 0xfc839bd4 in 'cellSail' module
[E]: TODO: cellSailPlayerDestroyDescriptor
[W]: Unknown function 0xffd58aa4 in 'cellSail' module
[E]: TODO: cellSailGraphicsAdapterGetFormat
[W]: Unknown function 0x25b40ab4 in 'cellGcmSys' module
[E]: TODO: cellGcmSortRemapEaIoAddress
[W]: Unknown function 0x63387071 in 'cellGcmSys' module
[E]: TODO: cellGcmGetLastFlipTime
[W]: Unknown function 0xacee8542 in 'cellGcmSys' module
[E]: TODO: cellGcmSetFlipImmediate
[W]: Unknown function 0xd01b570d in 'cellGcmSys' module
[E]: TODO: cellGcmSetGraphicsHandler
[W]: Unknown function 0x26090058 in 'sysPrxForUser' module
[E]: TODO: sys_prx_load_module
[W]: Unknown function 0x4643ba6e in 'sysPrxForUser' module
[E]: TODO: sys_mmapper_unmap_memory
[W]: Unknown function 0xa330ad84 in 'sysPrxForUser' module
[E]: TODO: sys_prx_load_module_on_memcontainer_by_fd
[W]: Unknown function 0xaa6d9bff in 'sysPrxForUser' module
[E]: TODO: sys_prx_load_module_on_memcontainer
[W]: Unknown function 0xef68c17c in 'sysPrxForUser' module
[E]: TODO: sys_prx_load_module_by_fd
[W]: Unknown function 0x82f294b2 in 'cellOvis' module
[E]: TODO: cellOvisGetOverlayTableSize
[W]: Unknown function 0xa876c911 in 'cellOvis' module
[E]: TODO: cellOvisInitializeOverlayTable
[W : PPU[1] Thread (CPUThread)[0x01e41058]]: sys_lwmutex warning: *** lwmutex created [_lc_mtx] (attribute=0x12): sq_id = 3
[W : PPU[1] Thread (CPUThread)[0x0114db24]]: memory warning: sys_memory_get_user_memory_size(mem_info_addr=0xd0020c04)
[W : PPU[1] Thread (CPUThread)[0x01e41058]]: sys_lwmutex warning: *** lwmutex created [_lc_mtx] (attribute=0x12): sq_id = 4
[W : PPU[1] Thread (CPUThread)[0x01e41058]]: sys_lwmutex warning: *** lwmutex created [_lc_mtx] (attribute=0x12): sq_id = 5
[W : PPU[1] Thread (CPUThread)[0x01e41058]]: sys_lwmutex warning: *** lwmutex created [_lc_mtx] (attribute=0x12): sq_id = 6
[W : PPU[1] Thread (CPUThread)[0x01e41058]]: sys_lwmutex warning: *** lwmutex created [_lc_mtx] (attribute=0x12): sq_id = 7
[W : PPU[1] Thread (CPUThread)[0x01e41058]]: sys_lwmutex warning: *** lwmutex created [_lc_mtx] (attribute=0x12): sq_id = 8
[W : PPU[1] Thread (CPUThread)[0x01e41058]]: sys_lwmutex warning: *** lwmutex created [_lc_mtx] (attribute=0x12): sq_id = 9
[W : PPU[1] Thread (CPUThread)[0x01e41058]]: sys_lwmutex warning: *** lwmutex created [_lc_mtx] (attribute=0x12): sq_id = 10
[W : PPU[1] Thread (CPUThread)[0x01e41058]]: sys_lwmutex warning: *** lwmutex created [_lc_mtx] (attribute=0x12): sq_id = 11
[W : PPU[1] Thread (CPUThread)[0x01e41058]]: sys_lwmutex warning: *** lwmutex created [_lc_mtx] (attribute=0x12): sq_id = 12
[W : PPU[1] Thread (CPUThread)[0x01e41058]]: sys_lwmutex warning: *** lwmutex created [_lgcmtx] (attribute=0x12): sq_id = 13
[W : PPU[1] Thread (CPUThread)[0x01e41058]]: sys_lwmutex warning: *** lwmutex created [_lgcmtx] (attribute=0x22): sq_id = 14
[W : PPU[1] Thread (CPUThread)[0x01e41058]]: sys_lwmutex warning: *** lwmutex created [] (attribute=0x12): sq_id = 15
[W : PPU[1] Thread (CPUThread)[0x011412b4]]: cellSysutil warning: cellSysutilGetSystemParamInt: CELL_SYSUTIL_SYSTEMPARAM_ID_TIMEZONE
[W : PPU[1] Thread (CPUThread)[0x011412b4]]: cellSysutil warning: cellSysutilGetSystemParamInt: CELL_SYSUTIL_SYSTEMPARAM_ID_SUMMERTIME
[W : PPU[1] Thread (CPUThread)[0x01147e1c]]: cellSysutil warning: cellSysutilGetSystemParamInt: CELL_SYSUTIL_SYSTEMPARAM_ID_TIMEZONE
[W : PPU[1] Thread (CPUThread)[0x01147e1c]]: cellSysutil warning: cellSysutilGetSystemParamInt: CELL_SYSUTIL_SYSTEMPARAM_ID_SUMMERTIME
[W : PPU[1] Thread (CPUThread)[0x01142d24]]: cellSysutil warning: cellSysutilGetSystemParamInt: CELL_SYSUTIL_SYSTEMPARAM_ID_TIMEZONE
[W : PPU[1] Thread (CPUThread)[0x01142d24]]: cellSysutil warning: cellSysutilGetSystemParamInt: CELL_SYSUTIL_SYSTEMPARAM_ID_SUMMERTIME
[W : PPU[1] Thread (CPUThread)[0x01147e1c]]: cellSysutil warning: cellSysutilGetSystemParamInt: CELL_SYSUTIL_SYSTEMPARAM_ID_TIMEZONE
[W : PPU[1] Thread (CPUThread)[0x01147e1c]]: cellSysutil warning: cellSysutilGetSystemParamInt: CELL_SYSUTIL_SYSTEMPARAM_ID_SUMMERTIME
[W : PPU[1] Thread (CPUThread)[0x01141258]]: cellSysutil warning: cellSysutilGetSystemParamInt: CELL_SYSUTIL_SYSTEMPARAM_ID_TIMEZONE
[W : PPU[1] Thread (CPUThread)[0x01141258]]: cellSysutil warning: cellSysutilGetSystemParamInt: CELL_SYSUTIL_SYSTEMPARAM_ID_SUMMERTIME
[W : PPU[1] Thread (CPUThread)[0x01142d24]]: cellSysutil warning: cellSysutilGetSystemParamInt: CELL_SYSUTIL_SYSTEMPARAM_ID_TIMEZONE
[W : PPU[1] Thread (CPUThread)[0x01142d24]]: cellSysutil warning: cellSysutilGetSystemParamInt: CELL_SYSUTIL_SYSTEMPARAM_ID_SUMMERTIME
[W : PPU[1] Thread (CPUThread)[0x01e41058]]: sys_lwmutex warning: *** lwmutex created [ps3HDDL] (attribute=0x12): sq_id = 16
[W : PPU[1] Thread (CPUThread)[0x0074f0b8]]: memory warning: sys_memory_get_user_memory_size(mem_info_addr=0xd001faa4)
[W : PPU[1] Thread (CPUThread)[0x0074f0fc]]: memory warning: sys_memory_get_user_memory_size(mem_info_addr=0xd001faa4)
[W : PPU[1] Thread (CPUThread)[0x01e41058]]: sys_lwmutex warning: *** lwmutex created [] (attribute=0x12): sq_id = 17
[W : PPU[1] Thread (CPUThread)[0x01e41058]]: sys_lwmutex warning: *** lwmutex created [] (attribute=0x12): sq_id = 18
[W : PPU[1] Thread (CPUThread)[0x01e41058]]: sys_lwmutex warning: *** lwmutex created [] (attribute=0x12): sq_id = 19
[W : PPU[1] Thread (CPUThread)[0x01e41058]]: sys_lwmutex warning: *** lwmutex created [] (attribute=0x12): sq_id = 20
[W : PPU[1] Thread (CPUThread)[0x01e41058]]: sys_lwmutex warning: *** lwmutex created [] (attribute=0x12): sq_id = 21
[W : PPU[1] Thread (CPUThread)[0x01e41058]]: sys_lwmutex warning: *** lwmutex created [] (attribute=0x12): sq_id = 22
[W : PPU[1] Thread (CPUThread)[0x01e41058]]: sys_lwmutex warning: *** lwmutex created [] (attribute=0x12): sq_id = 23
[W : PPU[1] Thread (CPUThread)[0x01e41058]]: sys_lwmutex warning: *** lwmutex created [] (attribute=0x12): sq_id = 24
[W : PPU[1] Thread (CPUThread)[0x01e41058]]: sys_lwmutex warning: *** lwmutex created [] (attribute=0x12): sq_id = 25
[W : PPU[1] Thread (CPUThread)[0x01e41058]]: sys_lwmutex warning: *** lwmutex created [] (attribute=0x12): sq_id = 26
[W : PPU[1] Thread (CPUThread)[0x01e41058]]: sys_lwmutex warning: *** lwmutex created [] (attribute=0x12): sq_id = 27
[W : PPU[1] Thread (CPUThread)[0x01e41058]]: sys_lwmutex warning: *** lwmutex created [] (attribute=0x12): sq_id = 28
[W : PPU[1] Thread (CPUThread)[0x01e41058]]: sys_lwmutex warning: *** lwmutex created [] (attribute=0x12): sq_id = 29
[W : PPU[1] Thread (CPUThread)[0x01e41058]]: sys_lwmutex warning: *** lwmutex created [] (attribute=0x12): sq_id = 30
[W : PPU[1] Thread (CPUThread)[0x01e41058]]: sys_lwmutex warning: *** lwmutex created [] (attribute=0x12): sq_id = 31
[W : PPU[1] Thread (CPUThread)[0x01e41058]]: sys_lwmutex warning: *** lwmutex created [] (attribute=0x12): sq_id = 32
[W : PPU[1] Thread (CPUThread)[0x01e41058]]: sys_lwmutex warning: *** lwmutex created [] (attribute=0x12): sq_id = 33
[W : PPU[1] Thread (CPUThread)[0x01e41058]]: sys_lwmutex warning: *** lwmutex created [] (attribute=0x12): sq_id = 34
[W : PPU[1] Thread (CPUThread)[0x01e41058]]: sys_lwmutex warning: *** lwmutex created [] (attribute=0x12): sq_id = 35
[W : PPU[1] Thread (CPUThread)[0x01e2b010]]: cellSysmodule warning: cellSysmoduleLoadModule(CELL_SYSMODULE_FS)
[W : PPU[1] Thread (CPUThread)[0x01e2b010]]: cellSysmodule warning: cellSysmoduleLoadModule(CELL_SYSMODULE_SPURS)
[W : PPU[1] Thread (CPUThread)[0x01e2b010]]: cellSysmodule warning: cellSysmoduleLoadModule(CELL_SYSMODULE_SYSUTIL)
[W : PPU[1] Thread (CPUThread)[0x01e2b010]]: cellSysmodule warning: cellSysmoduleLoadModule(CELL_SYSMODULE_RTC)
[W : PPU[1] Thread (CPUThread)[0x01e2b010]]: cellSysmodule warning: cellSysmoduleLoadModule(CELL_SYSMODULE_GCM_SYS)
[W : PPU[1] Thread (CPUThread)[0x01e2b010]]: cellSysmodule warning: cellSysmoduleLoadModule(CELL_SYSMODULE_AUDIO)
[W : PPU[1] Thread (CPUThread)[0x01e2b010]]: cellSysmodule warning: cellSysmoduleLoadModule(CELL_SYSMODULE_IO)
[W : PPU[1] Thread (CPUThread)[0x01e2b010]]: cellSysmodule warning: cellSysmoduleLoadModule(CELL_SYSMODULE_AVCONF_EXT)
[W : PPU[1] Thread (CPUThread)[0x01e2b010]]: cellSysmodule warning: cellSysmoduleLoadModule(CELL_SYSMODULE_SYSUTIL_SAVEDATA)
[W : PPU[1] Thread (CPUThread)[0x01e2b010]]: cellSysmodule warning: cellSysmoduleLoadModule(CELL_SYSMODULE_SYSUTIL_GAME)
[W : PPU[1] Thread (CPUThread)[0x01e2b010]]: cellSysmodule warning: cellSysmoduleLoadModule(CELL_SYSMODULE_SYSUTIL_NP)
[W : PPU[1] Thread (CPUThread)[0x01e2b010]]: cellSysmodule warning: cellSysmoduleLoadModule(CELL_SYSMODULE_SYSUTIL_NP_TROPHY)
[W : PPU[1] Thread (CPUThread)[0x00750f90]]: memory warning: sys_memory_get_user_memory_size(mem_info_addr=0xd0020af0)
[W : PPU[1] Thread (CPUThread)[0x01e35040]]: cellGame warning: cellGameBootCheck(type_addr=0xd00209d0, attributes_addr=0xd00209d4, size_addr=0xd00209d8, dirName_addr=0x0)
[W : PPU[1] Thread (CPUThread)[0x01e35004]]: cellGame warning: cellGameGetParamString(id=100, buf_addr=0x1d41dd4, bufsize=10)
[W : PPU[1] Thread (CPUThread)[0x01e3501c]]: cellGame warning: cellGameContentPermit(contentInfoPath_addr=0xd00209e8, usrdirPath_addr=0x1ca92a8)
[W : PPU[1] Thread (CPUThread)[0x00736da4]]: memory warning: sys_mmapper_allocate_address(size=0x10000000, flags=0x40f, alignment=0x10000000, alloc_addr=0x3005e174)
[W : PPU[1] Thread (CPUThread)[0x00736da4]]: memory warning: sys_mmapper_allocate_address(size=0x10000000, flags=0x40f, alignment=0x10000000, alloc_addr=0x3005e5a4)
[W : PPU[1] Thread (CPUThread)[0x01e3f028]]: cellGcmSys warning: cellGcmInit(context_addr=0x1db0538,cmdSize=0x2ff000,ioSize=0x300000,ioAddress=0x30100000)
[W : PPU[1] Thread (CPUThread)[0x01e3f028]]: cellGcmSys warning: *** local memory(addr=0xc0000000, size=0xf900000)
[W : PPU[1] Thread (CPUThread)[0x01e3f028]]: cellGcmSys warning: cellGcmMapEaIoAddress(ea=0x30100000, io=0x0, size=0x300000)
[! : RSXThread]: RSX thread entry
[W : PPU[1] Thread (CPUThread)[0x01e2b01c]]: cellSysmodule warning: cellSysmoduleIsLoaded(CELL_SYSMODULE_SYSUTIL_USERINFO)
[W : PPU[1] Thread (CPUThread)[0x01e2b010]]: cellSysmodule warning: cellSysmoduleLoadModule(CELL_SYSMODULE_SYSUTIL_USERINFO)
[E : PPU[1] Thread (CPUThread)[0x01e39004]]: TODO: cellUserInfoGetStat
[E : PPU[1] Thread (CPUThread)[0x01bfc04c]]: sys_fs error: "/dev_hdd0/game/BLUS30565/USRDIR/settings-22658440" not found! flags: 0x00000000
[W : PPU[1] Thread (CPUThread)[0x01bfe094]]: cellSysutil warning: cellVideoOutGetNumberOfDevice(videoOut=0)
[W : PPU[1] Thread (CPUThread)[0x01bfe040]]: cellSysutil warning: cellVideoOutGetDeviceInfo(videoOut=0, deviceIndex=0, info_addr=0xd0020760)
[E : PPU[1] Thread (CPUThread)[0x00731b44]]: Read32 from null block: [d00235a8]
[! : RSXThread]: RSX thread exit...
[!]: Closing memory...
