[!]: Loading 'D:\Emulateur\Rpcs3\dev_hdd0\game\BLES00135-[Stuntman Ignition]\PS3_GAME\USRDIR\BOOT.BIN'...
[!]: Mount info:
[!]: /dev_hdd0/ -> D:\Emulateur\Rpcs3\dev_hdd0\
[!]: /dev_hdd1/ -> D:\Emulateur\Rpcs3\dev_hdd1\
[!]: /dev_flash/ -> D:\Emulateur\Rpcs3\dev_flash\
[!]: /dev_usb000/ -> D:\Emulateur\Rpcs3\dev_usb000\
[!]: /dev_usb/ -> D:\Emulateur\Rpcs3\dev_usb000\
[!]: /app_home/ -> D:\Emulateur\Rpcs3\dev_hdd0\game\BLES00135-[Stuntman Ignition]\PS3_GAME\
[!]: /dev_bdvd/ -> D:\Emulateur\Rpcs3\dev_hdd0\game\BLES00135-[Stuntman Ignition]\PS3_GAME\\..\
[!]: /host_root/ -> 
[!]: / -> D:\Emulateur\Rpcs3\dev_hdd0\game\BLES00135-[Stuntman Ignition]\PS3_GAME\
[!]: Initing memory...
[!]: Memory initialized.
[W]: Unknown function 0x373523d4 in 'cellSpurs' module
[E]: TODO: cellSpursEventFlagWait
[W]: Unknown function 0x52cc6c82 in 'cellSpurs' module
[E]: TODO: cellSpursCreateTaskset
[W]: Unknown function 0x5ef96465 in 'cellSpurs' module
[E]: TODO: _cellSpursEventFlagInitialize
[W]: Unknown function 0x87630976 in 'cellSpurs' module
[E]: TODO: cellSpursEventFlagAttachLv2EventQueue
[W]: Unknown function 0x9f72add3 in 'cellSpurs' module
[E]: TODO: cellSpursJoinTaskset
[W]: Unknown function 0xa789e631 in 'cellSpurs' module
[E]: TODO: cellSpursShutdownTaskset
[W]: Unknown function 0xacfc8dbc in 'cellSpurs' module
[E]: TODO: cellSpursInitialize
[W]: Unknown function 0xbeb600ac in 'cellSpurs' module
[E]: TODO: cellSpursCreateTask
[W]: Unknown function 0xca4c4600 in 'cellSpurs' module
[E]: TODO: cellSpursFinalize
[W]: Unknown function 0xf5507729 in 'cellSpurs' module
[E]: TODO: cellSpursEventFlagSet
[W]: Unknown function 0xbe5be3ba in 'sys_io' module
[E]: TODO: cellPadSetSensorMode
[W]: Unknown function 0xf83f8182 in 'sys_io' module
[E]: TODO: cellPadSetPressMode
[W]: Unknown function 0x20a97ba2 in 'sys_io' module
[E]: TODO: cellPadLddRegisterController
[W]: Unknown function 0xbafd6409 in 'sys_io' module
[E]: TODO: cellPadLddDataInsert
[W]: Unknown function 0xe442faa8 in 'sys_io' module
[E]: TODO: cellPadLddUnregisterController
[W]: Unknown function 0x99d397ac in 'cellGcmSys' module
[E]: TODO: cellGcmGetReport
[W]: Unknown function 0x3d1e1931 in 'cellSysutil' module
[E]: TODO: cellOskDialogUnloadAsync
[W]: Unknown function 0x7fcfc915 in 'cellSysutil' module
[E]: TODO: cellOskDialogLoadAsync
[W]: Unknown function 0x8b7ed64b in 'cellSysutil' module
[E]: TODO: cellSaveDataAutoSave2
[W]: Unknown function 0xb53c54fa in 'cellSysutil' module
[E]: TODO: cellOskDialogSetKeyLayoutOption
[W]: Unknown function 0xb6d84526 in 'cellSysutil' module
[E]: TODO: cellOskDialogAbort
[W]: Unknown function 0xc9645c41 in 'cellSysutil' module
[E]: TODO: cellGameDataCheckCreate2
[W]: Unknown function 0xedadd797 in 'cellSysutil' module
[E]: TODO: cellSaveDataDelete2
[W]: Unknown function 0xfbd5c856 in 'cellSysutil' module
[E]: TODO: cellSaveDataAutoLoad2
[W]: Unknown function 0x4cef342e in 'sys_fs' module
[E]: TODO: cellFsAioWrite
[W]: Unknown function 0x139a9e9b in 'sys_net' module
[E]: TODO: sys_net_initialize_network_ex
[W]: Unknown function 0xb68d5625 in 'sys_net' module
[E]: TODO: sys_net_finalize_network
[W]: Unknown function 0xdabbc2c0 in 'sys_net' module
[E]: TODO: inet_addr
[W]: Unknown function 0x1f953b9f in 'sys_net' module
[E]: TODO: recvfrom
[W]: Unknown function 0x28e208bb in 'sys_net' module
[E]: TODO: listen
[W]: Unknown function 0x3f09e20a in 'sys_net' module
[E]: TODO: socketselect
[W]: Unknown function 0x6005cde1 in 'sys_net' module
[E]: TODO: _sys_net_errno_loc
[W]: Unknown function 0x64f66d35 in 'sys_net' module
[E]: TODO: connect
[W]: Unknown function 0x6db6e8cd in 'sys_net' module
[E]: TODO: socketclose
[W]: Unknown function 0x71f4c717 in 'sys_net' module
[E]: TODO: gethostbyname
[W]: Unknown function 0x858a930b in 'sys_net' module
[E]: TODO: inet_ntoa
[W]: Unknown function 0x88f03575 in 'sys_net' module
[E]: TODO: setsockopt
[W]: Unknown function 0x8ccf05ed in 'sys_net' module
[E]: TODO: sys_net_abort_resolver
[W]: Unknown function 0x9647570b in 'sys_net' module
[E]: TODO: sendto
[W]: Unknown function 0x9c056962 in 'sys_net' module
[E]: TODO: socket
[W]: Unknown function 0xb0a59804 in 'sys_net' module
[E]: TODO: bind
[W]: Unknown function 0xb48636c4 in 'sys_net' module
[E]: TODO: sys_net_show_ifconfig
[W]: Unknown function 0xc94f6939 in 'sys_net' module
[E]: TODO: accept
[W]: Unknown function 0xdc751b40 in 'sys_net' module
[E]: TODO: send
[W]: Unknown function 0xfba04f37 in 'sys_net' module
[E]: TODO: recv
[W]: Unknown function 0xfdb8f926 in 'sys_net' module
[E]: TODO: sys_net_free_thread_context
[W]: Unknown function 0x04459230 in 'cellNetCtl' module
[E]: TODO: cellNetCtlNetStartDialogLoadAsync
[W]: Unknown function 0x0ce13c6b in 'cellNetCtl' module
[E]: TODO: cellNetCtlAddHandler
[W]: Unknown function 0x0f1f13d3 in 'cellNetCtl' module
[E]: TODO: cellNetCtlNetStartDialogUnloadAsync
[W]: Unknown function 0x105ee2cb in 'cellNetCtl' module
[E]: TODO: cellNetCtlTerm
[W]: Unknown function 0x1e585b5d in 'cellNetCtl' module
[E]: TODO: cellNetCtlGetInfo
[W]: Unknown function 0x901815c3 in 'cellNetCtl' module
[E]: TODO: cellNetCtlDelHandler
[W]: Unknown function 0xbd5a59fc in 'cellNetCtl' module
[E]: TODO: cellNetCtlInit
[W]: Unknown function 0x8b3eba69 in 'cellNetCtl' module
[E]: TODO: cellNetCtlGetState
[W]: Unknown module 'cellHttp'
[W]: Unknown function 0x32faaf58 in 'cellHttpUtil' module
[E]: TODO: cellHttpUtilParseUri
[W]: Unknown function 0xd0e766fe in 'cellUsbd' module
[E]: TODO: cellUsbdInit
[W]: Unknown function 0x0f411262 in 'cellUsbd' module
[E]: TODO: cellUsbdInterruptTransfer
[W]: Unknown function 0x254289ac in 'cellUsbd' module
[E]: TODO: cellUsbdOpenPipe
[W]: Unknown function 0x2fb08e1e in 'cellUsbd' module
[E]: TODO: cellUsbdScanStaticDescriptor
[W]: Unknown function 0x5de3af36 in 'cellUsbd' module
[E]: TODO: cellUsbdGetPrivateData
[W]: Unknown function 0x63bfdb97 in 'cellUsbd' module
[E]: TODO: cellUsbdSetPrivateData
[W]: Unknown function 0x90460081 in 'cellUsbd' module
[E]: TODO: cellUsbdUnregisterExtraLdd
[W]: Unknown function 0x9763e962 in 'cellUsbd' module
[E]: TODO: cellUsbdClosePipe
[W]: Unknown function 0x97cf128e in 'cellUsbd' module
[E]: TODO: cellUsbdControlTransfer
[W]: Unknown function 0xbd554bcb in 'cellUsbd' module
[E]: TODO: cellUsbdRegisterExtraLdd2
[W]: Unknown function 0xdb819e03 in 'cellUsbd' module
[E]: TODO: cellUsbdGetDeviceLocation
[W]: Unknown function 0x0968aa36 in 'sceNp' module
[E]: TODO: sceNpManagerGetTicket
[W]: Unknown function 0x43b989f5 in 'sceNp' module
[E]: TODO: sceNpBasicSendMessageAttachment
[W]: Unknown function 0x4885aa18 in 'sceNp' module
[E]: TODO: sceNpTerm
[W]: Unknown function 0x52a6b523 in 'sceNp' module
[E]: TODO: sceNpManagerUnregisterCallback
[W]: Unknown function 0x58fa4fcd in 'sceNp' module
[E]: TODO: sceNpManagerGetTicketParam
[W]: Unknown function 0x64a704cc in 'sceNp' module
[E]: TODO: sceNpBasicRecvMessageAttachmentLoad
[W]: Unknown function 0x6ee62ed2 in 'sceNp' module
[E]: TODO: sceNpManagerGetContentRatingFlag
[W]: Unknown function 0x7e2fef28 in 'sceNp' module
[E]: TODO: sceNpManagerRequestTicket
[W]: Unknown function 0xa7bff757 in 'sceNp' module
[E]: TODO: sceNpManagerGetStatus
[W]: Unknown function 0xacb9ee8e in 'sceNp' module
[E]: TODO: sceNpBasicUnregisterHandler
[W]: Unknown function 0xad218faf in 'sceNp' module
[E]: TODO: sceNpDrmIsAvailable
[W]: Unknown function 0xb5cb2d56 in 'sceNp' module
[E]: TODO: sceNpBasicRecvMessageAttachment
[W]: Unknown function 0xbcc09fe7 in 'sceNp' module
[E]: TODO: sceNpBasicRegisterHandler
[W]: Unknown function 0xbd28fdbf in 'sceNp' module
[E]: TODO: sceNpInit
[W]: Unknown function 0xe035f7d6 in 'sceNp' module
[E]: TODO: sceNpBasicGetEvent
[W]: Unknown function 0xe7dcd3b4 in 'sceNp' module
[E]: TODO: sceNpManagerRegisterCallback
[W]: Unknown function 0xeb7a3d84 in 'sceNp' module
[E]: TODO: sceNpManagerGetChatRestrictionFlag
[W]: Unknown function 0xf42c0df8 in 'sceNp' module
[E]: TODO: sceNpManagerGetOnlineName
[W]: Unknown function 0xfe37a7f4 in 'sceNp' module
[E]: TODO: sceNpManagerGetNpId
[W]: Unknown function 0x07e1b12c in 'cellMic' module
[E]: TODO: cellMicRead
[W]: Unknown function 0x65336418 in 'cellMic' module
[E]: TODO: cellMicRemoveNotifyEventQueue
[W]: Unknown function 0x7903400e in 'cellMic' module
[E]: TODO: cellMicSetNotifyEventQueue
[W]: Unknown function 0x8325e02d in 'cellMic' module
[E]: TODO: cellMicInit
[W]: Unknown function 0x8d229f8e in 'cellMic' module
[E]: TODO: cellMicClose
[W]: Unknown function 0xb30780eb in 'cellMic' module
[E]: TODO: cellMicGetSignalState
[W]: Unknown function 0xc6328caa in 'cellMic' module
[E]: TODO: cellMicEnd
[W]: Unknown function 0xdd1b59f0 in 'cellMic' module
[E]: TODO: cellMicOpen
[W]: Unknown function 0xdd724314 in 'cellMic' module
[E]: TODO: cellMicStart
[W]: Unknown function 0x05c65656 in 'sysPrxForUser' module
[E]: TODO: sys_mempool_try_allocate_block
[W]: Unknown function 0x409ad939 in 'sysPrxForUser' module
[E]: TODO: sys_mmapper_free_memory
[W]: Unknown function 0x4643ba6e in 'sysPrxForUser' module
[E]: TODO: sys_mmapper_unmap_memory
[W]: Unknown function 0x608212fc in 'sysPrxForUser' module
[E]: TODO: sys_mempool_free_block
[W]: Unknown function 0x70258515 in 'sysPrxForUser' module
[E]: TODO: sys_mmapper_allocate_memory_from_container
[W]: Unknown function 0x9d3c0f81 in 'sysPrxForUser' module
[E]: TODO: sys_mempool_destroy
[W]: Unknown function 0xca9a60bf in 'sysPrxForUser' module
[E]: TODO: sys_mempool_create
[! : PPU[1] Thread (CPUThread)[0x00012dcc]]: PPU[1] Thread (CPUThread) enter
[W : PPU[1] Thread (CPUThread)[0x008b9040]]: sys_lwmutex warning: *** lwmutex created [] (attribute=0x12): sq_id = 3
[W : PPU[1] Thread (CPUThread)[0x008b9040]]: sys_lwmutex warning: *** lwmutex created [] (attribute=0x12): sq_id = 4
[W : PPU[1] Thread (CPUThread)[0x008b9040]]: sys_lwmutex warning: *** lwmutex created [] (attribute=0x22): sq_id = 5
[W : PPU[1] Thread (CPUThread)[0x008b9040]]: sys_lwmutex warning: *** lwmutex created [] (attribute=0x12): sq_id = 6
[W : PPU[1] Thread (CPUThread)[0x008b9040]]: sys_lwmutex warning: *** lwmutex created [] (attribute=0x12): sq_id = 7
[W : PPU[1] Thread (CPUThread)[0x008b9040]]: sys_lwmutex warning: *** lwmutex created [] (attribute=0x12): sq_id = 8
[W : PPU[1] Thread (CPUThread)[0x008b9040]]: sys_lwmutex warning: *** lwmutex created [] (attribute=0x12): sq_id = 9
[W : PPU[1] Thread (CPUThread)[0x008b9040]]: sys_lwmutex warning: *** lwmutex created [] (attribute=0x12): sq_id = 10
[W : PPU[1] Thread (CPUThread)[0x008b9040]]: sys_lwmutex warning: *** lwmutex created [] (attribute=0x12): sq_id = 11
[W : PPU[1] Thread (CPUThread)[0x008b9040]]: sys_lwmutex warning: *** lwmutex created [] (attribute=0x12): sq_id = 12
[W : PPU[1] Thread (CPUThread)[0x008b9040]]: sys_lwmutex warning: *** lwmutex created [] (attribute=0x12): sq_id = 13
[W : PPU[1] Thread (CPUThread)[0x008b9040]]: sys_lwmutex warning: *** lwmutex created [] (attribute=0x12): sq_id = 14
[W : PPU[1] Thread (CPUThread)[0x008b9040]]: sys_lwmutex warning: *** lwmutex created [] (attribute=0x12): sq_id = 15
[W : PPU[1] Thread (CPUThread)[0x008b9040]]: sys_lwmutex warning: *** lwmutex created [] (attribute=0x12): sq_id = 16
[W : PPU[1] Thread (CPUThread)[0x008b9040]]: sys_lwmutex warning: *** lwmutex created [] (attribute=0x12): sq_id = 17
[W : PPU[1] Thread (CPUThread)[0x008b9040]]: sys_lwmutex warning: *** lwmutex created [] (attribute=0x12): sq_id = 18
[W : PPU[1] Thread (CPUThread)[0x008b9040]]: sys_lwmutex warning: *** lwmutex created [] (attribute=0x12): sq_id = 19
[W : PPU[1] Thread (CPUThread)[0x008b9040]]: sys_lwmutex warning: *** lwmutex created [] (attribute=0x12): sq_id = 20
[W : PPU[1] Thread (CPUThread)[0x008b9040]]: sys_lwmutex warning: *** lwmutex created [] (attribute=0x12): sq_id = 21
[W : PPU[1] Thread (CPUThread)[0x008b9040]]: sys_lwmutex warning: *** lwmutex created [] (attribute=0x12): sq_id = 22
[W : PPU[1] Thread (CPUThread)[0x008b9040]]: sys_lwmutex warning: *** lwmutex created [] (attribute=0x12): sq_id = 23
[W : PPU[1] Thread (CPUThread)[0x008b9040]]: sys_lwmutex warning: *** lwmutex created [] (attribute=0x12): sq_id = 24
[W : PPU[1] Thread (CPUThread)[0x006f2280]]: sys_mutex warning: *** mutex created [] (protocol=0x2, recursive=false): id = 25
[W : PPU[1] Thread (CPUThread)[0x004b0e18]]: sys_event warning: sys_event_queue_create(equeue_id_addr=0x1083bc04, attr_addr=0xd0020b50, event_queue_key=0x0, size=50)
[W : PPU[1] Thread (CPUThread)[0x004b0e18]]: sys_event warning: *** event_queue created [hkSem] (protocol=0x1, type=0x1): id = 26
[W : PPU[1] Thread (CPUThread)[0x004b0e30]]: sys_event warning: sys_event_port_create(eport_id_addr=0x1083bc00, port_type=0x1, name=0x0)
[W : PPU[1] Thread (CPUThread)[0x004b0e30]]: sys_event warning: *** sys_event_port created: id = 27
[W : PPU[1] Thread (CPUThread)[0x004b0e40]]: sys_event warning: sys_event_port_connect_local(eport_id=27, equeue_id=26)
[W : PPU[1] Thread (CPUThread)[0x008b9040]]: sys_lwmutex warning: *** lwmutex created [] (attribute=0x22): sq_id = 28
[W : PPU[1] Thread (CPUThread)[0x008b9040]]: sys_lwmutex warning: *** lwmutex created [] (attribute=0x22): sq_id = 29
[W : PPU[1] Thread (CPUThread)[0x008b9040]]: sys_lwmutex warning: *** lwmutex created [] (attribute=0x22): sq_id = 30
[W : PPU[1] Thread (CPUThread)[0x008b9040]]: sys_lwmutex warning: *** lwmutex created [] (attribute=0x22): sq_id = 31
[! : PPU[1] Thread (CPUThread)[0x003a0274]]: PPU[1] Thread (CPUThread) leave
[!]: Closing memory...
