[!]: path: /dev_hdd0/game/
[!]: Loading 'D:\Emulateur\Rpcs3\dev_hdd0\game\BLES01811-[LIGHTNING RETURNS FINAL FANTASY XIII]\PS3_GAME\USRDIR\BOOT.BIN'...
[!]: Mount info:
[!]: /dev_hdd0/ -> D:\Emulateur\Rpcs3\dev_hdd0\
[!]: /dev_hdd1/ -> D:\Emulateur\Rpcs3\dev_hdd1\
[!]: /dev_flash/ -> D:\Emulateur\Rpcs3\dev_flash\
[!]: /dev_usb000/ -> D:\Emulateur\Rpcs3\dev_usb000\
[!]: /dev_usb/ -> D:\Emulateur\Rpcs3\dev_usb000\
[!]: /app_home/ -> D:\Emulateur\Rpcs3\dev_hdd0\game\BLES01811-[LIGHTNING RETURNS FINAL FANTASY XIII]\PS3_GAME\
[!]: /dev_bdvd/ -> D:\Emulateur\Rpcs3\dev_hdd0\game\BLES01811-[LIGHTNING RETURNS FINAL FANTASY XIII]\PS3_GAME\\..\
[!]: /host_root/ -> 
[!]: / -> D:\Emulateur\Rpcs3\dev_hdd0\game\BLES01811-[LIGHTNING RETURNS FINAL FANTASY XIII]\PS3_GAME\\USRDIR\
[W]: LoadShdr64 error: shstrndx too big!
[!]: Initing memory...
[!]: Memory initialized.
[W]: Unknown function 0x99406d0b in 'sys_fs' module
[E]: TODO: cellFsChmod
[W : PPU[1] Thread (CPUThread)[0x0002c028]]: sys_lwmutex warning: *** lwmutex created [_lc_mtx] (attribute=0x12): sq_id = 3
[W : PPU[1] Thread (CPUThread)[0x00018684]]: memory warning: sys_memory_get_user_memory_size(mem_info_addr=0xd0020c04)
[W : PPU[1] Thread (CPUThread)[0x0002c028]]: sys_lwmutex warning: *** lwmutex created [_lc_mtx] (attribute=0x12): sq_id = 4
[W : PPU[1] Thread (CPUThread)[0x0002c028]]: sys_lwmutex warning: *** lwmutex created [_lc_mtx] (attribute=0x12): sq_id = 5
[W : PPU[1] Thread (CPUThread)[0x0002c028]]: sys_lwmutex warning: *** lwmutex created [_lc_mtx] (attribute=0x12): sq_id = 6
[W : PPU[1] Thread (CPUThread)[0x0002c028]]: sys_lwmutex warning: *** lwmutex created [_lc_mtx] (attribute=0x12): sq_id = 7
[W : PPU[1] Thread (CPUThread)[0x0002c028]]: sys_lwmutex warning: *** lwmutex created [_lc_mtx] (attribute=0x12): sq_id = 8
[W : PPU[1] Thread (CPUThread)[0x0002c028]]: sys_lwmutex warning: *** lwmutex created [_lc_mtx] (attribute=0x12): sq_id = 9
[W : PPU[1] Thread (CPUThread)[0x0002c028]]: sys_lwmutex warning: *** lwmutex created [_lc_mtx] (attribute=0x12): sq_id = 10
[W : PPU[1] Thread (CPUThread)[0x0002c028]]: sys_lwmutex warning: *** lwmutex created [_lc_mtx] (attribute=0x12): sq_id = 11
[W : PPU[1] Thread (CPUThread)[0x0002c028]]: sys_lwmutex warning: *** lwmutex created [_lc_mtx] (attribute=0x12): sq_id = 12
[W : PPU[1] Thread (CPUThread)[0x00024010]]: cellSysmodule warning: cellSysmoduleLoadModule(CELL_SYSMODULE_SYSUTIL_GAME)
[W : PPU[1] Thread (CPUThread)[0x0002601c]]: cellGame warning: cellGameBootCheck(type_addr=0xd0020b10, attributes_addr=0xd0020b14, size_addr=0xd0020b18, dirName_addr=0xd0020b28)
[W : PPU[1] Thread (CPUThread)[0x00026004]]: cellGame warning: cellGameGetParamString(id=100, buf_addr=0x30100870, bufsize=10)
[W : PPU[1] Thread (CPUThread)[0x00026010]]: cellGame warning: cellGameContentPermit(contentInfoPath_addr=0xd0020b48, usrdirPath_addr=0xd0020bc8)
[W : PPU[1] Thread (CPUThread)[0x00024004]]: cellSysmodule warning: cellSysmoduleUnloadModule(CELL_SYSMODULE_SYSUTIL_GAME)
[W : PPU[1] Thread (CPUThread)[0x0002a028]]: *** cellFsOpen(path="/EBOOT.BIN"): fd = 13
[W : PPU[1] Thread (CPUThread)[0x00028004]]: vfsLocalFile::Create('D:\Emulateur\Rpcs3\dev_hdd1\cache\BLES-01811\')
[! : PPU[1] Thread (CPUThread)[0x00028004]]: create dir: D:\Emulateur\Rpcs3\dev_hdd1\cache\BLES-01811
[W : PPU[1] Thread (CPUThread)[0x0002a034]]: sys_fs warning: cellFsStat: "/dev_hdd1/cache/BLES-01811//duplex.self" not found.
[W : PPU[1] Thread (CPUThread)[0x0002a028]]: vfsLocalFile::Create('D:\Emulateur\Rpcs3\dev_hdd1\cache\BLES-01811\duplex.self')
[W : PPU[1] Thread (CPUThread)[0x0002a028]]: *** cellFsOpen(path="/dev_hdd1/cache/BLES-01811//duplex.self"): fd = 14
[W : PPU[1] Thread (CPUThread)[0x0002a028]]: *** cellFsOpen(path="/EBOOT.BIN"): fd = 15
[W : PPU[1] Thread (CPUThread)[0x0002a028]]: vfsLocalFile::Create('D:\Emulateur\Rpcs3\dev_hdd1\cache\BLES-01811\duplex.self')
[W : PPU[1] Thread (CPUThread)[0x0002a028]]: *** cellFsOpen(path="/dev_hdd1/cache/BLES-01811//duplex.self"): fd = 16
[!]: Closing memory...
