[!]: Loading 'D:\Emulateur\Rpcs3\dev_hdd0\game\BLES01738-[Persona 4 ARENA]\PS3_GAME\USRDIR\BOOT.BIN'...
[!]: Mount info:
[!]: /dev_hdd0/ -> D:\Emulateur\Rpcs3\dev_hdd0\
[!]: /dev_hdd1/ -> D:\Emulateur\Rpcs3\dev_hdd1\
[!]: /dev_flash/ -> D:\Emulateur\Rpcs3\dev_flash\
[!]: /dev_usb000/ -> D:\Emulateur\Rpcs3\dev_usb000\
[!]: /dev_usb/ -> D:\Emulateur\Rpcs3\dev_usb000\
[!]: /app_home/ -> D:\Emulateur\Rpcs3\dev_hdd0\game\BLES01738-[Persona 4 ARENA]\PS3_GAME\
[!]: /dev_bdvd/ -> D:\Emulateur\Rpcs3\dev_hdd0\game\BLES01738-[Persona 4 ARENA]\PS3_GAME\\..\
[!]: /host_root/ -> 
[!]: / -> D:\Emulateur\Rpcs3\dev_hdd0\game\BLES01738-[Persona 4 ARENA]\PS3_GAME\
[!]: Initing memory...
[!]: Memory initialized.
[W]: Unknown function 0x2a8eada2 in 'cellSysutil' module
[E]: TODO: cellSaveDataFixedLoad2
[W]: Unknown function 0x2aae9ef5 in 'cellSysutil' module
[E]: TODO: cellSaveDataFixedSave2
[W]: Unknown function 0x3d1e1931 in 'cellSysutil' module
[E]: TODO: cellOskDialogUnloadAsync
[W]: Unknown function 0x7fcfc915 in 'cellSysutil' module
[E]: TODO: cellOskDialogLoadAsync
[W]: Unknown function 0x8b7ed64b in 'cellSysutil' module
[E]: TODO: cellSaveDataAutoSave2
[W]: Unknown function 0xb53c54fa in 'cellSysutil' module
[E]: TODO: cellOskDialogSetKeyLayoutOption
[W]: Unknown function 0xb6d84526 in 'cellSysutil' module
[E]: TODO: cellOskDialogAbort
[W]: Unknown function 0xced17573 in 'cellSysutil' module
[E]: TODO: cellSaveDataFixedDelete
[W]: Unknown function 0xd3790a86 in 'cellSysutil' module
[E]: TODO: cellOskDialogSetDeviceMask
[W]: Unknown function 0xedadd797 in 'cellSysutil' module
[E]: TODO: cellSaveDataDelete2
[W]: Unknown function 0xf0ec3ccc in 'cellSysutil' module
[E]: TODO: cellOskDialogSetLayoutMode
[W]: Unknown function 0xfbd5c856 in 'cellSysutil' module
[E]: TODO: cellSaveDataAutoLoad2
[W]: Unknown function 0x011ee38b in 'cellSpurs' module
[E]: TODO: _cellSpursLFQueueInitialize
[W]: Unknown function 0x07529113 in 'cellSpurs' module
[E]: TODO: cellSpursAttributeSetNamePrefix
[W]: Unknown function 0x16394a4e in 'cellSpurs' module
[E]: TODO: _cellSpursTasksetAttributeInitialize
[W]: Unknown function 0x1656d49f in 'cellSpurs' module
[E]: TODO: cellSpursLFQueueAttachLv2EventQueue
[W]: Unknown function 0x22aab31d in 'cellSpurs' module
[E]: TODO: cellSpursEventFlagDetachLv2EventQueue
[W]: Unknown function 0x373523d4 in 'cellSpurs' module
[E]: TODO: cellSpursEventFlagWait
[W]: Unknown function 0x4e66d483 in 'cellSpurs' module
[E]: TODO: cellSpursDetachLv2EventQueue
[W]: Unknown function 0x52cc6c82 in 'cellSpurs' module
[E]: TODO: cellSpursCreateTaskset
[W]: Unknown function 0x5ef96465 in 'cellSpurs' module
[E]: TODO: _cellSpursEventFlagInitialize
[W]: Unknown function 0x652b70e2 in 'cellSpurs' module
[E]: TODO: cellSpursTasksetAttributeSetName
[W]: Unknown function 0x73e06f91 in 'cellSpurs' module
[E]: TODO: cellSpursLFQueueDetachLv2EventQueue
[W]: Unknown function 0x82275c1c in 'cellSpurs' module
[E]: TODO: cellSpursAttributeSetMemoryContainerForSpuThread
[W]: Unknown function 0x87630976 in 'cellSpurs' module
[E]: TODO: cellSpursEventFlagAttachLv2EventQueue
[W]: Unknown function 0x8a85674d in 'cellSpurs' module
[E]: TODO: _cellSpursLFQueuePushBody
[W]: Unknown function 0x95180230 in 'cellSpurs' module
[E]: TODO: _cellSpursAttributeInitialize
[W]: Unknown function 0x9f72add3 in 'cellSpurs' module
[E]: TODO: cellSpursJoinTaskset
[W]: Unknown function 0xa789e631 in 'cellSpurs' module
[E]: TODO: cellSpursShutdownTaskset
[W]: Unknown function 0xaa6269a8 in 'cellSpurs' module
[E]: TODO: cellSpursInitializeWithAttribute
[W]: Unknown function 0xacfc8dbc in 'cellSpurs' module
[E]: TODO: cellSpursInitialize
[W]: Unknown function 0xb9bc6207 in 'cellSpurs' module
[E]: TODO: cellSpursAttachLv2EventQueue
[W]: Unknown function 0xbeb600ac in 'cellSpurs' module
[E]: TODO: cellSpursCreateTask
[W]: Unknown function 0xc10931cb in 'cellSpurs' module
[E]: TODO: cellSpursCreateTasksetWithAttribute
[W]: Unknown function 0xca4c4600 in 'cellSpurs' module
[E]: TODO: cellSpursFinalize
[W]: Unknown function 0xe0a6dbe4 in 'cellSpurs' module
[E]: TODO: _cellSpursSendSignal
[W]: Unknown function 0x0247c69e in 'cellSail' module
[E]: TODO: cellSailGraphicsAdapterGetFrame
[W]: Unknown function 0x07924359 in 'cellSail' module
[E]: TODO: cellSailPlayerCloseEsVideo
[W]: Unknown function 0x0abb318b in 'cellSail' module
[E]: TODO: cellSailDescriptorCreateDatabase
[W]: Unknown function 0x0c4cb439 in 'cellSail' module
[E]: TODO: cellSailFutureReset
[W]: Unknown function 0x1139a206 in 'cellSail' module
[E]: TODO: cellSailPlayerSetSoundAdapter
[W]: Unknown function 0x1872331b in 'cellSail' module
[E]: TODO: cellSailGraphicsAdapterPtsToTimePosition
[W]: Unknown function 0x18b4629d in 'cellSail' module
[E]: TODO: cellSailPlayerFinalize
[W]: Unknown function 0x18bcd21b in 'cellSail' module
[E]: TODO: cellSailPlayerSetGraphicsAdapter
[W]: Unknown function 0x1c983864 in 'cellSail' module
[E]: TODO: cellSailGraphicsAdapterInitialize
[W]: Unknown function 0x23654375 in 'cellSail' module
[E]: TODO: cellSailPlayerInitialize2
[W]: Unknown function 0x28336e89 in 'cellSail' module
[E]: TODO: cellSailDescriptorDestroyDatabase
[W]: Unknown function 0x2e3ccb5e in 'cellSail' module
[E]: TODO: cellSailGraphicsAdapterSetPreferredFormat
[W]: Unknown function 0x346ebba3 in 'cellSail' module
[E]: TODO: cellSailMemAllocatorInitialize
[W]: Unknown function 0x34ecc1b9 in 'cellSail' module
[E]: TODO: cellSailPlayerOpenStream
[W]: Unknown function 0x3a2d806c in 'cellSail' module
[E]: TODO: cellSailFutureGet
[W]: Unknown function 0x3d0d3b72 in 'cellSail' module
[E]: TODO: cellSailSoundAdapterInitialize
[W]: Unknown function 0x44a20e79 in 'cellSail' module
[E]: TODO: cellSailGraphicsAdapterUpdateAvSync
[W]: Unknown function 0x4ae979df in 'cellSail' module
[E]: TODO: cellSailSoundAdapterPtsToTimePosition
[W]: Unknown function 0x4cc54f8e in 'cellSail' module
[E]: TODO: cellSailFutureInitialize
[W]: Unknown function 0x4fa5ad09 in 'cellSail' module
[E]: TODO: cellSailPlayerReopenEsAudio
[W]: Unknown function 0x5f7c7a6f in 'cellSail' module
[E]: TODO: cellSailPlayerSetParameter
[W]: Unknown function 0x76488bb1 in 'cellSail' module
[E]: TODO: cellSailGraphicsAdapterFinalize
[W]: Unknown function 0x7c8dff3b in 'cellSail' module
[E]: TODO: cellSailPlayerAddDescriptor
[W]: Unknown function 0x7eb8d6b5 in 'cellSail' module
[E]: TODO: cellSailSoundAdapterGetFrame
[W]: Unknown function 0x85beffcc in 'cellSail' module
[E]: TODO: cellSailPlayerCloseStream
[W]: Unknown function 0x9553af65 in 'cellSail' module
[E]: TODO: cellSailFutureFinalize
[W]: Unknown function 0xa37fed15 in 'cellSail' module
[E]: TODO: cellSailFutureSet
[W]: Unknown function 0xbdf21b0f in 'cellSail' module
[E]: TODO: cellSailPlayerBoot
[W]: Unknown function 0xbf9b8d72 in 'cellSail' module
[E]: TODO: cellSailPlayerCloseEsAudio
[W]: Unknown function 0xd1462438 in 'cellSail' module
[E]: TODO: cellSailSoundAdapterFinalize
[W]: Unknown function 0xd1d55a90 in 'cellSail' module
[E]: TODO: cellSailPlayerSetPaused
[W]: Unknown function 0xd7938b8d in 'cellSail' module
[E]: TODO: cellSailPlayerCreateDescriptor
[W]: Unknown function 0xe535b0d3 in 'cellSail' module
[E]: TODO: cellSailPlayerStart
[W]: Unknown function 0xeba8d4ec in 'cellSail' module
[E]: TODO: cellSailPlayerStop
[W]: Unknown function 0xeec22809 in 'cellSail' module
[E]: TODO: cellSailSoundAdapterUpdateAvSync
[W]: Unknown function 0xf25f197d in 'cellSail' module
[E]: TODO: cellSailSoundAdapterGetFormat
[W]: Unknown function 0xf60a8a69 in 'cellSail' module
[E]: TODO: cellSailPlayerReopenEsVideo
[W]: Unknown function 0xfc839bd4 in 'cellSail' module
[E]: TODO: cellSailPlayerDestroyDescriptor
[W]: Unknown function 0xffd58aa4 in 'cellSail' module
[E]: TODO: cellSailGraphicsAdapterGetFormat
[W]: Unknown function 0xd59aa307 in 'cellSync' module
[E]: TODO: cellSyncLFQueueGetDirection
[W]: Unknown function 0x139a9e9b in 'sys_net' module
[E]: TODO: sys_net_initialize_network_ex
[W]: Unknown function 0x1f953b9f in 'sys_net' module
[E]: TODO: recvfrom
[W]: Unknown function 0x6005cde1 in 'sys_net' module
[E]: TODO: _sys_net_errno_loc
[W]: Unknown function 0x6db6e8cd in 'sys_net' module
[E]: TODO: socketclose
[W]: Unknown function 0x88f03575 in 'sys_net' module
[E]: TODO: setsockopt
[W]: Unknown function 0x9647570b in 'sys_net' module
[E]: TODO: sendto
[W]: Unknown function 0x9c056962 in 'sys_net' module
[E]: TODO: socket
[W]: Unknown function 0xb0a59804 in 'sys_net' module
[E]: TODO: bind
[W]: Unknown function 0xb68d5625 in 'sys_net' module
[E]: TODO: sys_net_finalize_network
[W]: Unknown function 0x01fbbc9b in 'sceNp' module
[E]: TODO: sceNpBasicSendMessageGui
[W]: Unknown function 0x04372385 in 'sceNp' module
[E]: TODO: sceNpBasicGetFriendListEntry
[W]: Unknown function 0x21206642 in 'sceNp' module
[E]: TODO: sceNpScoreGetRankingByRangeAsync
[W]: Unknown function 0x259113b8 in 'sceNp' module
[E]: TODO: sceNpScoreDestroyTitleCtx
[W]: Unknown function 0x32cf311f in 'sceNp' module
[E]: TODO: sceNpScoreInit
[W]: Unknown function 0x3db7914d in 'sceNp' module
[E]: TODO: sceNpScoreGetRankingByNpIdAsync
[W]: Unknown function 0x4026eac5 in 'sceNp' module
[E]: TODO: sceNpBasicRegisterContextSensitiveHandler
[W]: Unknown function 0x52a6b523 in 'sceNp' module
[E]: TODO: sceNpManagerUnregisterCallback
[W]: Unknown function 0x5de61626 in 'sceNp' module
[E]: TODO: sceNpLookupDestroyTitleCtx
[W]: Unknown function 0x5f2d9257 in 'sceNp' module
[E]: TODO: sceNpLookupInit
[W]: Unknown function 0x64a704cc in 'sceNp' module
[E]: TODO: sceNpBasicRecvMessageAttachmentLoad
[W]: Unknown function 0x6ee62ed2 in 'sceNp' module
[E]: TODO: sceNpManagerGetContentRatingFlag
[W]: Unknown function 0x6f5e8143 in 'sceNp' module
[E]: TODO: sceNpScoreCreateTransactionCtx
[W]: Unknown function 0x7508112e in 'sceNp' module
[E]: TODO: sceNpLookupPollAsync
[W]: Unknown function 0x7be47e61 in 'sceNp' module
[E]: TODO: sceNpScoreCensorCommentAsync
[W]: Unknown function 0x806960ab in 'sceNp' module
[E]: TODO: sceNpBasicRecvMessageCustom
[W]: Unknown function 0x8440537c in 'sceNp' module
[E]: TODO: sceNpLookupTerm
[W]: Unknown function 0x860b1756 in 'sceNp' module
[E]: TODO: sceNpLookupTitleSmallStorageAsync
[W]: Unknown function 0x9851f805 in 'sceNp' module
[E]: TODO: sceNpScoreTerm
[W]: Unknown function 0xa7a090e5 in 'sceNp' module
[E]: TODO: sceNpScorePollAsync
[W]: Unknown function 0xa7bff757 in 'sceNp' module
[E]: TODO: sceNpManagerGetStatus
[W]: Unknown function 0xacb9ee8e in 'sceNp' module
[E]: TODO: sceNpBasicUnregisterHandler
[W]: Unknown function 0xad218faf in 'sceNp' module
[E]: TODO: sceNpDrmIsAvailable
[W]: Unknown function 0xafef640d in 'sceNp' module
[E]: TODO: sceNpBasicGetFriendListEntryCount
[W]: Unknown function 0xb1e0718b in 'sceNp' module
[E]: TODO: sceNpManagerGetAccountRegion
[W]: Unknown function 0xb9f93bbb in 'sceNp' module
[E]: TODO: sceNpScoreCreateTitleCtx
[W]: Unknown function 0xbcdbb2ab in 'sceNp' module
[E]: TODO: sceNpBasicAddPlayersHistoryAsync
[W]: Unknown function 0xbdc07fd5 in 'sceNp' module
[E]: TODO: sceNpManagerGetNetworkTime
[W]: Unknown function 0xbe07c708 in 'sceNp' module
[E]: TODO: sceNpManagerGetOnlineId
[W]: Unknown function 0xc5f4cf82 in 'sceNp' module
[E]: TODO: sceNpScoreDestroyTransactionCtx
[W]: Unknown function 0xce81c7f0 in 'sceNp' module
[E]: TODO: sceNpLookupCreateTitleCtx
[W]: Unknown function 0xdb2e4dc2 in 'sceNp' module
[E]: TODO: sceNpScoreGetGameDataAsync
[W]: Unknown function 0xe035f7d6 in 'sceNp' module
[E]: TODO: sceNpBasicGetEvent
[W]: Unknown function 0xe7dcd3b4 in 'sceNp' module
[E]: TODO: sceNpManagerRegisterCallback
[W]: Unknown function 0xea2e9ffc in 'sceNp' module
[E]: TODO: sceNpLookupCreateTransactionCtx
[W]: Unknown function 0xeb7a3d84 in 'sceNp' module
[E]: TODO: sceNpManagerGetChatRestrictionFlag
[W]: Unknown function 0xee5b20d9 in 'sceNp' module
[E]: TODO: sceNpScoreAbortTransaction
[W]: Unknown function 0xf0b1e399 in 'sceNp' module
[E]: TODO: sceNpScoreRecordScoreAsync
[W]: Unknown function 0xf1b77918 in 'sceNp' module
[E]: TODO: sceNpScoreSanitizeComment
[W]: Unknown function 0xf76847c2 in 'sceNp' module
[E]: TODO: sceNpScoreRecordGameDataAsync
[W]: Unknown function 0xfb87cf5e in 'sceNp' module
[E]: TODO: sceNpLookupDestroyTransactionCtx
[W]: Unknown function 0xfe37a7f4 in 'sceNp' module
[E]: TODO: sceNpManagerGetNpId
[W]: Unknown function 0x01379fd7 in 'sceNp2' module
[E]: TODO: sceNpMatching2DestroyContext
[W]: Unknown function 0x03a2f42a in 'sceNp2' module
[E]: TODO: sceNpMatching2RegisterLobbyMessageCallback
[W]: Unknown function 0x05bf2fbd in 'sceNp2' module
[E]: TODO: sceNpMatching2GetWorldInfoList
[W]: Unknown function 0x0884fc95 in 'sceNp2' module
[E]: TODO: sceNpMatching2RegisterLobbyEventCallback
[W]: Unknown function 0x0d22867f in 'sceNp2' module
[E]: TODO: sceNpMatching2SearchRoom
[W]: Unknown function 0x0ebe4c6b in 'sceNp2' module
[E]: TODO: sceNpMatching2SignalingGetConnectionStatus
[W]: Unknown function 0x1f372697 in 'sceNp2' module
[E]: TODO: sceNpMatching2LeaveRoom
[W]: Unknown function 0x215b0d75 in 'sceNp2' module
[E]: TODO: sceNpMatching2SetRoomDataExternal
[W]: Unknown function 0x23009d07 in 'sceNp2' module
[E]: TODO: sceNpMatching2Term2
[W]: Unknown function 0x26ae9ff8 in 'sceNp2' module
[E]: TODO: sceNpMatching2SignalingGetConnectionInfo
[W]: Unknown function 0x2ed909dc in 'sceNp2' module
[E]: TODO: sceNpMatching2AbortRequest
[W]: Unknown function 0x3457c0db in 'sceNp2' module
[E]: TODO: sceNpMatching2GetServerInfo
[W]: Unknown function 0x3c00c9d4 in 'sceNp2' module
[E]: TODO: sceNpMatching2GetEventData
[W]: Unknown function 0x41251f74 in 'sceNp2' module
[E]: TODO: sceNp2Init
[W]: Unknown function 0x5721e711 in 'sceNp2' module
[E]: TODO: sceNpMatching2JoinRoom
[W]: Unknown function 0x6ba4c668 in 'sceNp2' module
[E]: TODO: sceNpMatching2ContextStartAsync
[W]: Unknown function 0x748029a2 in 'sceNp2' module
[E]: TODO: sceNpMatching2RegisterContextCallback
[W]: Unknown function 0x817d1090 in 'sceNp2' module
[E]: TODO: sceNpMatching2SetRoomDataInternal
[W]: Unknown function 0x8d3f8d49 in 'sceNp2' module
[E]: TODO: sceNpMatching2SignalingGetPingInfo
[W]: Unknown function 0x8e5cfe9f in 'sceNp2' module
[E]: TODO: sceNpMatching2GetServerIdListLocal
[W]: Unknown function 0x9cbce3f2 in 'sceNp2' module
[E]: TODO: sceNpMatching2CreateContext
[W]: Unknown function 0xa9e6103e in 'sceNp2' module
[E]: TODO: sceNpMatching2RegisterSignalingCallback
[W]: Unknown function 0xaadb7c12 in 'sceNp2' module
[E]: TODO: sceNp2Term
[W]: Unknown function 0xdb87b088 in 'sceNp2' module
[E]: TODO: sceNpMatching2SetDefaultRequestOptParam
[W]: Unknown function 0xdcb6b27d in 'sceNp2' module
[E]: TODO: sceNpMatching2RegisterRoomEventCallback
[W]: Unknown function 0xe4ac32ca in 'sceNp2' module
[E]: TODO: sceNpMatching2GetRoomDataExternalList
[W]: Unknown function 0xe7a3bc7a in 'sceNp2' module
[E]: TODO: sceNpMatching2CreateJoinRoom
[W]: Unknown function 0xf43c647a in 'sceNp2' module
[E]: TODO: sceNpMatching2ContextStop
[W]: Unknown function 0xf4babd3f in 'sceNp2' module
[E]: TODO: sceNpMatching2Init2
[W]: Unknown function 0xfee11e72 in 'sceNp2' module
[E]: TODO: sceNpMatching2RegisterRoomMessageCallback
[W]: Unknown module 'sceNpTus'
[W]: Unknown module 'cellSysutilAvc2'
[W]: Unknown function 0x04459230 in 'cellNetCtl' module
[E]: TODO: cellNetCtlNetStartDialogLoadAsync
[W]: Unknown function 0x0f1f13d3 in 'cellNetCtl' module
[E]: TODO: cellNetCtlNetStartDialogUnloadAsync
[W]: Unknown function 0x105ee2cb in 'cellNetCtl' module
[E]: TODO: cellNetCtlTerm
[W]: Unknown function 0xbd5a59fc in 'cellNetCtl' module
[E]: TODO: cellNetCtlInit
[W]: Unknown function 0x63387071 in 'cellGcmSys' module
[E]: TODO: cellGcmGetLastFlipTime
[W]: Unknown function 0x99d397ac in 'cellGcmSys' module
[E]: TODO: cellGcmGetReport
[W]: Unknown function 0xe0cef79e in 'cellResc' module
[E]: TODO: cellRescCreateInterlaceTable
[W]: Unknown module 'sceNpCommerce2'
[W]: Unknown function 0x8a561d92 in 'sysPrxForUser' module
[E]: TODO: _sys_heap_free
[W]: Unknown function 0xaede4b03 in 'sysPrxForUser' module
[E]: TODO: _sys_heap_delete_heap
[! : PPU[1] Thread (CPUThread)[0x0001023c]]: PPU[1] Thread (CPUThread) enter
[W : PPU[1] Thread (CPUThread)[0x009fb1f4]]: memory warning: sys_memory_get_user_memory_size(mem_info_addr=0xd0020c04)
[W : PPU[1] Thread (CPUThread)[0x009775c4]]: sys_spu warning: sys_spu_initialize(max_usable_spu=6, max_raw_spu=1)
[W : PPU[1] Thread (CPUThread)[0x00b36010]]: cellSysmodule warning: cellSysmoduleLoadModule(CELL_SYSMODULE_FS)
[W : PPU[1] Thread (CPUThread)[0x00b3801c]]: vfsLocalFile::Create('D:\Emulateur\Rpcs3\dev_hdd1\cache\BLES01738\')
[E : PPU[1] Thread (CPUThread)[0x00b3e0dc]]: TODO: cellSpursInitialize
[W : PPU[1] Thread (CPUThread)[0x00b380ac]]: cellSysutil warning: cellSysutilRegisterCallback(slot=0, func_addr=0xb68078, userdata=0x0)
[W : PPU[1] Thread (CPUThread)[0x00b38058]]: cellSysutil warning: cellSysutilGetSystemParamInt: CELL_SYSUTIL_SYSTEMPARAM_ID_ENTER_BUTTON_ASSIGN
[W : PPU[1] Thread (CPUThread)[0x00b3c004]]: cellAudio warning: cellAudioInit()
[W : PPU[1] Thread (CPUThread)[0x00b380d0]]: cellSysutil warning: cellAudioOutGetSoundAvailability(audioOut=0,type=0,fs=4,option=0)
[W : PPU[1] Thread (CPUThread)[0x00b38064]]: cellSysutil warning: cellAudioOutConfigure(audioOut=0, config_addr=0xd00209a0, option_addr=0x0, waitForEvent=0x1)
[W : PPU[1] Thread (CPUThread)[0x00b3813c]]: cellSysutil warning: cellAudioOutGetState(audioOut=0x0,deviceIndex=0x0,state_addr=0xd00209b0)
[W : PPU[1] Thread (CPUThread)[0x00b3c040]]: cellAudio warning: cellAudioPortOpen(audioParam_addr=0x165cad8, portNum_addr=0xd0020b04)
[W : PPU[1] Thread (CPUThread)[0x00b3c040]]: cellAudio warning: *** audio port opened(nChannel=8, nBlock=0x8, attr=0x0, level=0.000000): port = 0
[W : PPU[1] Thread (CPUThread)[0x00b3c01c]]: cellAudio warning: cellAudioGetPortConfig(portNum=0x0, portConfig_addr=0x165caf8)
[E : PPU[1] Thread (CPUThread)[0x00b3e0dc]]: TODO: cellSpursInitialize
[E : PPU[1] Thread (CPUThread)[0x00b3e058]]: TODO: cellSpursCreateTaskset
[E : PPU[1] Thread (CPUThread)[0x00b3e064]]: TODO: _cellSpursEventFlagInitialize
[E : PPU[1] Thread (CPUThread)[0x00b3e094]]: TODO: cellSpursEventFlagAttachLv2EventQueue
[E : PPU[1] Thread (CPUThread)[0x00b3e064]]: TODO: _cellSpursEventFlagInitialize
[E : PPU[1] Thread (CPUThread)[0x00b3e0f4]]: TODO: cellSpursCreateTask
[E : PPU[1] Thread (CPUThread)[0x00b3a04c]]: sys_fs error: "/dev_flash/sys/external/flashATRAC.pic" not found! flags: 0x00000000
[! : PPU[18] Thread (MultiStream PU Thread)[0x00984db4]]: PPU[18] Thread (MultiStream PU Thread) enter
[W : PPU[18] Thread (MultiStream PU Thread)[0x00b3c028]]: cellAudio warning: cellAudioPortStart(portNum=0x0)
[W : PPU[1] Thread (CPUThread)[0x00b36010]]: cellSysmodule warning: cellSysmoduleLoadModule(CELL_SYSMODULE_FS)
[W : PPU[1] Thread (CPUThread)[0x00b36010]]: cellSysmodule warning: cellSysmoduleLoadModule(CELL_SYSMODULE_SYSUTIL_GAME)
[W : PPU[1] Thread (CPUThread)[0x01782040]]: cellGame warning: cellGameBootCheck(type_addr=0xd00209a4, attributes_addr=0xd00209a0, size_addr=0xd00209b8, dirName_addr=0x0)
[W : PPU[1] Thread (CPUThread)[0x009762dc]]: sys_semaphore warning: sys_semaphore_create(sem_addr=0x1654208, attr_addr=0xd00209d8, initial_count=0, max_count=80)
[! : PPU[21] Thread (AAWin_FileReadThread)[0x00976cfc]]: PPU[21] Thread (AAWin_FileReadThread) enter
[W : PPU[1] Thread (CPUThread)[0x00b36010]]: cellSysmodule warning: cellSysmoduleLoadModule(CELL_SYSMODULE_RESC)
[W : PPU[1] Thread (CPUThread)[0x0177a010]]: cellGcmSys warning: cellGcmInit(context_addr=0x17175ac,cmdSize=0x100000,ioSize=0x200000,ioAddress=0x37000000)
[W : PPU[1] Thread (CPUThread)[0x0177a010]]: cellGcmSys warning: *** local memory(addr=0xc0000000, size=0xf900000)
[W : PPU[1] Thread (CPUThread)[0x0177a010]]: cellGcmSys warning: cellGcmMapEaIoAddress(ea=0x37000000, io=0x0, size=0x200000)
[! : RSXThread]: RSX thread entry
[W : PPU[1] Thread (CPUThread)[0x0177a0ac]]: cellGcmSys warning: cellGcmMapMainMemory(ea=0x37200000,size=0x1600000,offset_addr=0xd0020650)
[W : PPU[1] Thread (CPUThread)[0x00b38028]]: cellSysutil warning: cellVideoOutGetDeviceInfo(videoOut=0, deviceIndex=0, info_addr=0x1660860)
[W : PPU[1] Thread (CPUThread)[0x0177c064]]: cellResc warning: cellRescInit(initConfig_addr=0xd0020660)
[W : PPU[1] Thread (CPUThread)[0x0177a004]]: cellGcmSys warning: cellGcmGetTiledPitchSize(size=5120)
[W : PPU[1] Thread (CPUThread)[0x0177c040]]: cellResc warning: cellRescSetDisplayMode(displayMode=4)
[W : PPU[1] Thread (CPUThread)[0x0177c040]]: cellSysutil warning: cellVideoOutConfigure(videoOut=0, config_addr=0x39057000, option_addr=0x0, waitForEvent=0x0)
[W : PPU[1] Thread (CPUThread)[0x0177c040]]: cellGcmSys warning: cellGcmSetFlipMode(mode=2)
[W : PPU[1] Thread (CPUThread)[0x0177c070]]: cellResc warning: cellRescGetBufferSize(colorBuffers_addr=0xd002070c, vertexArray_addr=0xd0020700, fragmentShader_addr=0xd0020704)
[W : PPU[1] Thread (CPUThread)[0x0177c088]]: cellResc warning: cellRescSetBufferAddress(colorBuffers_addr=0xc0000000, vertexArray_addr=0xcf8ffe80, fragmentShader_addr=0xcf8ffb80)
[E : PPU[1] Thread (CPUThread)[0x0177c088]]: Exception: GetMemFromAddr(0x0)
[! : PPU[1] Thread (CPUThread)[0x0177c088]]: PPU[1] Thread (CPUThread) leave
[! : PPU[18] Thread (MultiStream PU Thread)[0x009c8188]]: PPU[18] Thread (MultiStream PU Thread) leave
[! : RSXThread]: RSX thread exit...
