[!]: path: /dev_hdd0/game/
[!]: Loading 'D:\Emulateur\Rpcs3\dev_hdd0\game\BLES01941-[Dragon Ball Z Battle of Z]\PS3_GAME\USRDIR\BOOT.BIN'...
[!]: Mount info:
[!]: /dev_hdd0/ -> D:\Emulateur\Rpcs3\dev_hdd0\
[!]: /dev_hdd1/ -> D:\Emulateur\Rpcs3\dev_hdd1\
[!]: /dev_flash/ -> D:\Emulateur\Rpcs3\dev_flash\
[!]: /dev_usb000/ -> D:\Emulateur\Rpcs3\dev_usb000\
[!]: /dev_usb/ -> D:\Emulateur\Rpcs3\dev_usb000\
[!]: /app_home/ -> D:\Emulateur\Rpcs3\dev_hdd0\game\BLES01941-[Dragon Ball Z Battle of Z]\PS3_GAME\
[!]: /dev_bdvd/ -> D:\Emulateur\Rpcs3\dev_hdd0\game\BLES01941-[Dragon Ball Z Battle of Z]\PS3_GAME\\..\
[!]: /host_root/ -> 
[!]: / -> D:\Emulateur\Rpcs3\dev_hdd0\game\BLES01941-[Dragon Ball Z Battle of Z]\PS3_GAME\
[!]: Initing memory...
[!]: Memory initialized.
[W]: Unknown function 0x967a162b in 'sys_fs' module
[E]: TODO: cellFsFsync
[W]: Unknown function 0x66f5e388 in 'cellResc' module
[E]: TODO: cellRescGetLastFlipTime
[W]: Unknown function 0xd3758645 in 'cellResc' module
[E]: TODO: cellRescSetVBlankHandler
[W]: Unknown function 0xe0cef79e in 'cellResc' module
[E]: TODO: cellRescCreateInterlaceTable
[W]: Unknown function 0x63387071 in 'cellGcmSys' module
[E]: TODO: cellGcmGetLastFlipTime
[W]: Unknown function 0x99d397ac in 'cellGcmSys' module
[E]: TODO: cellGcmGetReport
[W]: Unknown function 0xa6b180ac in 'cellGcmSys' module
[E]: TODO: cellGcmGetReportDataLocation
[W]: Unknown function 0xd01b570d in 'cellGcmSys' module
[E]: TODO: cellGcmSetGraphicsHandler
[W]: Unknown function 0x1dfbfdd6 in 'cellSysutil' module
[E]: TODO: cellSaveDataListLoad2
[W]: Unknown function 0x220894e3 in 'cellSysutil' module
[E]: TODO: cellSysutilEnableBgmPlayback
[W]: Unknown function 0x3d1e1931 in 'cellSysutil' module
[E]: TODO: cellOskDialogUnloadAsync
[W]: Unknown function 0x62b0f803 in 'cellSysutil' module
[E]: TODO: cellMsgDialogAbort
[W]: Unknown function 0x6cfd856f in 'cellSysutil' module
[E]: TODO: cellSysutilGetBgmPlaybackStatus2
[W]: Unknown function 0x7fcfc915 in 'cellSysutil' module
[E]: TODO: cellOskDialogLoadAsync
[W]: Unknown function 0x8b7ed64b in 'cellSysutil' module
[E]: TODO: cellSaveDataAutoSave2
[W]: Unknown function 0xb53c54fa in 'cellSysutil' module
[E]: TODO: cellOskDialogSetKeyLayoutOption
[W]: Unknown function 0xb6d84526 in 'cellSysutil' module
[E]: TODO: cellOskDialogAbort
[W]: Unknown function 0xced17573 in 'cellSysutil' module
[E]: TODO: cellSaveDataFixedDelete
[W]: Unknown function 0xcfdd8e87 in 'cellSysutil' module
[E]: TODO: cellSysutilDisableBgmPlayback
[W]: Unknown function 0xd3790a86 in 'cellSysutil' module
[E]: TODO: cellOskDialogSetDeviceMask
[W]: Unknown function 0xe7fa820b in 'cellSysutil' module
[E]: TODO: cellSaveDataEnableOverlay
[W]: Unknown function 0xedadd797 in 'cellSysutil' module
[E]: TODO: cellSaveDataDelete2
[W]: Unknown function 0xf0ec3ccc in 'cellSysutil' module
[E]: TODO: cellOskDialogSetLayoutMode
[W]: Unknown function 0xfbd5c856 in 'cellSysutil' module
[E]: TODO: cellSaveDataAutoLoad2
[W]: Unknown function 0x5267cb35 in 'sysPrxForUser' module
[E]: TODO: sys_spinlock_unlock
[W]: Unknown function 0x8c2bb498 in 'sysPrxForUser' module
[E]: TODO: sys_spinlock_initialize
[W]: Unknown function 0xa285139d in 'sysPrxForUser' module
[E]: TODO: sys_spinlock_lock
[W]: Unknown function 0x07529113 in 'cellSpurs' module
[E]: TODO: cellSpursAttributeSetNamePrefix
[W]: Unknown function 0x30aa96c4 in 'cellSpurs' module
[E]: TODO: cellSpursInitializeWithAttribute2
[W]: Unknown function 0x95180230 in 'cellSpurs' module
[E]: TODO: _cellSpursAttributeInitialize
[W]: Unknown function 0xa839a4d9 in 'cellSpurs' module
[E]: TODO: cellSpursAttributeSetSpuThreadGroupType
[W]: Unknown function 0xca4c4600 in 'cellSpurs' module
[E]: TODO: cellSpursFinalize
[W]: Unknown function 0x16394a4e in 'cellSpurs' module
[E]: TODO: _cellSpursTasksetAttributeInitialize
[W]: Unknown function 0x1d46fedf in 'cellSpurs' module
[E]: TODO: cellSpursCreateTaskWithAttribute
[W]: Unknown function 0x22aab31d in 'cellSpurs' module
[E]: TODO: cellSpursEventFlagDetachLv2EventQueue
[W]: Unknown function 0x303c19cd in 'cellSpurs' module
[E]: TODO: cellSpursCreateJobChainWithAttribute
[W]: Unknown function 0x3548f483 in 'cellSpurs' module
[E]: TODO: _cellSpursJobChainAttributeInitialize
[W]: Unknown function 0x373523d4 in 'cellSpurs' module
[E]: TODO: cellSpursEventFlagWait
[W]: Unknown function 0x5ef96465 in 'cellSpurs' module
[E]: TODO: _cellSpursEventFlagInitialize
[W]: Unknown function 0x652b70e2 in 'cellSpurs' module
[E]: TODO: cellSpursTasksetAttributeSetName
[W]: Unknown function 0x68aaeba9 in 'cellSpurs' module
[E]: TODO: cellSpursJobGuardInitialize
[W]: Unknown function 0x738e40e6 in 'cellSpurs' module
[E]: TODO: cellSpursShutdownJobChain
[W]: Unknown function 0x87630976 in 'cellSpurs' module
[E]: TODO: cellSpursEventFlagAttachLv2EventQueue
[W]: Unknown function 0x9f72add3 in 'cellSpurs' module
[E]: TODO: cellSpursJoinTaskset
[W]: Unknown function 0x9fef70c2 in 'cellSpurs' module
[E]: TODO: cellSpursJobChainAttributeSetName
[W]: Unknown function 0xa789e631 in 'cellSpurs' module
[E]: TODO: cellSpursShutdownTaskset
[W]: Unknown function 0xa7c066de in 'cellSpurs' module
[E]: TODO: cellSpursJoinJobChain
[W]: Unknown function 0xaa6269a8 in 'cellSpurs' module
[E]: TODO: cellSpursInitializeWithAttribute
[W]: Unknown function 0xb8474eff in 'cellSpurs' module
[E]: TODO: _cellSpursTaskAttributeInitialize
[W]: Unknown function 0xbb68d76e in 'cellSpurs' module
[E]: TODO: cellSpursJobChainAttributeSetHaltOnError
[W]: Unknown function 0xc10931cb in 'cellSpurs' module
[E]: TODO: cellSpursCreateTasksetWithAttribute
[W]: Unknown function 0xd5d0b256 in 'cellSpurs' module
[E]: TODO: cellSpursJobGuardNotify
[W]: Unknown function 0xf31731bb in 'cellSpurs' module
[E]: TODO: cellSpursRunJobChain
[W]: Unknown function 0xf5507729 in 'cellSpurs' module
[E]: TODO: cellSpursEventFlagSet
[W]: Unknown module 'sceNpUtil'
[W]: Unknown function 0x139a9e9b in 'sys_net' module
[E]: TODO: sys_net_initialize_network_ex
[W]: Unknown function 0x1f953b9f in 'sys_net' module
[E]: TODO: recvfrom
[W]: Unknown function 0x27fb339d in 'sys_net' module
[E]: TODO: sys_net_if_ctl
[W]: Unknown function 0x28e208bb in 'sys_net' module
[E]: TODO: listen
[W]: Unknown function 0x368823c0 in 'sys_net' module
[E]: TODO: sys_net_get_netemu_test_param
[W]: Unknown function 0x3f09e20a in 'sys_net' module
[E]: TODO: socketselect
[W]: Unknown function 0x44328aa2 in 'sys_net' module
[E]: TODO: sys_net_close_dump
[W]: Unknown function 0x5a045bd1 in 'sys_net' module
[E]: TODO: getsockopt
[W]: Unknown function 0x6005cde1 in 'sys_net' module
[E]: TODO: _sys_net_errno_loc
[W]: Unknown function 0x64f66d35 in 'sys_net' module
[E]: TODO: connect
[W]: Unknown function 0x6db6e8cd in 'sys_net' module
[E]: TODO: socketclose
[W]: Unknown function 0x79b61646 in 'sys_net' module
[E]: TODO: sys_net_show_route
[W]: Unknown function 0x88f03575 in 'sys_net' module
[E]: TODO: setsockopt
[W]: Unknown function 0x89c9917c in 'sys_net' module
[E]: TODO: sys_net_read_dump
[W]: Unknown function 0x8af3825e in 'sys_net' module
[E]: TODO: inet_pton
[W]: Unknown function 0x9647570b in 'sys_net' module
[E]: TODO: sendto
[W]: Unknown function 0x9c056962 in 'sys_net' module
[E]: TODO: socket
[W]: Unknown function 0xa50777c6 in 'sys_net' module
[E]: TODO: shutdown
[W]: Unknown function 0xa765d029 in 'sys_net' module
[E]: TODO: sys_net_get_sockinfo_ex
[W]: Unknown function 0xab447704 in 'sys_net' module
[E]: TODO: sys_net_open_dump
[W]: Unknown function 0xb0a59804 in 'sys_net' module
[E]: TODO: bind
[W]: Unknown function 0xb48636c4 in 'sys_net' module
[E]: TODO: sys_net_show_ifconfig
[W]: Unknown function 0xb68d5625 in 'sys_net' module
[E]: TODO: sys_net_finalize_network
[W]: Unknown function 0xc94f6939 in 'sys_net' module
[E]: TODO: accept
[W]: Unknown function 0xc98a3146 in 'sys_net' module
[E]: TODO: inet_ntop
[W]: Unknown function 0xdc751b40 in 'sys_net' module
[E]: TODO: send
[W]: Unknown function 0xe2434507 in 'sys_net' module
[E]: TODO: sys_net_set_netemu_test_param
[W]: Unknown function 0xfba04f37 in 'sys_net' module
[E]: TODO: recv
[W]: Unknown function 0x01fbbc9b in 'sceNp' module
[E]: TODO: sceNpBasicSendMessageGui
[W]: Unknown function 0x04372385 in 'sceNp' module
[E]: TODO: sceNpBasicGetFriendListEntry
[W]: Unknown function 0x05af1cb8 in 'sceNp' module
[E]: TODO: sceNpBasicGetMatchingInvitationEntry
[W]: Unknown function 0x168a3117 in 'sceNp' module
[E]: TODO: sceNpBasicAddPlayersHistory
[W]: Unknown function 0x1ae8a549 in 'sceNp' module
[E]: TODO: sceNpBasicAddBlockListEntry
[W]: Unknown function 0x21206642 in 'sceNp' module
[E]: TODO: sceNpScoreGetRankingByRangeAsync
[W]: Unknown function 0x260caedd in 'sceNp' module
[E]: TODO: sceNpBasicGetFriendPresenceByNpId2
[W]: Unknown function 0x2cd2a1af in 'sceNp' module
[E]: TODO: sceNpScoreSanitizeCommentAsync
[W]: Unknown function 0x2f2c6b3e in 'sceNp' module
[E]: TODO: sceNpProfileAbortGui
[W]: Unknown function 0x30d1cbde in 'sceNp' module
[E]: TODO: sceNpBasicGetMessageEntry
[W]: Unknown function 0x32c78a6a in 'sceNp' module
[E]: TODO: sceNpBasicGetFriendPresenceByIndex
[W]: Unknown function 0x32cf311f in 'sceNp' module
[E]: TODO: sceNpScoreInit
[W]: Unknown function 0x3db7914d in 'sceNp' module
[E]: TODO: sceNpScoreGetRankingByNpIdAsync
[W]: Unknown function 0x3f0808aa in 'sceNp' module
[E]: TODO: sceNpBasicSetPresence
[W]: Unknown function 0x4026eac5 in 'sceNp' module
[E]: TODO: sceNpBasicRegisterContextSensitiveHandler
[W]: Unknown function 0x481ce0e8 in 'sceNp' module
[E]: TODO: sceNpBasicAbortGui
[W]: Unknown function 0x4d9c615d in 'sceNp' module
[E]: TODO: sceNpBasicGetClanMessageEntry
[W]: Unknown function 0x52a6b523 in 'sceNp' module
[E]: TODO: sceNpManagerUnregisterCallback
[W]: Unknown function 0x5d543bbe in 'sceNp' module
[E]: TODO: sceNpBasicGetMessageAttachmentEntry
[W]: Unknown function 0x5de61626 in 'sceNp' module
[E]: TODO: sceNpLookupDestroyTitleCtx
[W]: Unknown function 0x5e849303 in 'sceNp' module
[E]: TODO: sceNpBasicSetPresenceDetails2
[W]: Unknown function 0x5f2d9257 in 'sceNp' module
[E]: TODO: sceNpLookupInit
[W]: Unknown function 0x6453b27b in 'sceNp' module
[E]: TODO: sceNpBasicGetFriendPresenceByIndex2
[W]: Unknown function 0x64a704cc in 'sceNp' module
[E]: TODO: sceNpBasicRecvMessageAttachmentLoad
[W]: Unknown function 0x6ee62ed2 in 'sceNp' module
[E]: TODO: sceNpManagerGetContentRatingFlag
[W]: Unknown function 0x6f5e8143 in 'sceNp' module
[E]: TODO: sceNpScoreCreateTransactionCtx
[W]: Unknown function 0x73931bd0 in 'sceNp' module
[E]: TODO: sceNpBasicGetBlockListEntryCount
[W]: Unknown function 0x7508112e in 'sceNp' module
[E]: TODO: sceNpLookupPollAsync
[W]: Unknown function 0x7be47e61 in 'sceNp' module
[E]: TODO: sceNpScoreCensorCommentAsync
[W]: Unknown function 0x806960ab in 'sceNp' module
[E]: TODO: sceNpBasicRecvMessageCustom
[W]: Unknown function 0x8440537c in 'sceNp' module
[E]: TODO: sceNpLookupTerm
[W]: Unknown function 0x860b1756 in 'sceNp' module
[E]: TODO: sceNpLookupTitleSmallStorageAsync
[W]: Unknown function 0x8c760b52 in 'sceNp' module
[E]: Unknown func id: 0x8c760b52
[W]: Unknown function 0x9153bdf4 in 'sceNp' module
[E]: TODO: sceNpBasicGetMessageAttachmentEntryCount
[W]: Unknown function 0x9851f805 in 'sceNp' module
[E]: TODO: sceNpScoreTerm
[W]: Unknown function 0xa15f35fe in 'sceNp' module
[E]: TODO: sceNpBasicGetPlayersHistoryEntryCount
[W]: Unknown function 0xa7a090e5 in 'sceNp' module
[E]: TODO: sceNpScorePollAsync
[W]: Unknown function 0xacb9ee8e in 'sceNp' module
[E]: TODO: sceNpBasicUnregisterHandler
[W]: Unknown function 0xaf505def in 'sceNp' module
[E]: TODO: sceNpBasicGetMatchingInvitationEntryCount
[W]: Unknown function 0xafef640d in 'sceNp' module
[E]: TODO: sceNpBasicGetFriendListEntryCount
[W]: Unknown function 0xb1e0718b in 'sceNp' module
[E]: TODO: sceNpManagerGetAccountRegion
[W]: Unknown function 0xb9f93bbb in 'sceNp' module
[E]: TODO: sceNpScoreCreateTitleCtx
[W]: Unknown function 0xbab91fc9 in 'sceNp' module
[E]: TODO: sceNpBasicGetPlayersHistoryEntry
[W]: Unknown function 0xbdc07fd5 in 'sceNp' module
[E]: TODO: sceNpManagerGetNetworkTime
[W]: Unknown function 0xbe81c71c in 'sceNp' module
[E]: TODO: sceNpBasicSetPresenceDetails
[W]: Unknown function 0xbf607ec6 in 'sceNp' module
[E]: TODO: sceNpBasicGetClanMessageEntryCount
[W]: Unknown function 0xc4b6cd8f in 'sceNp' module
[E]: TODO: sceNpScoreGetRankingByNpIdPcIdAsync
[W]: Unknown function 0xc5f4cf82 in 'sceNp' module
[E]: TODO: sceNpScoreDestroyTransactionCtx
[W]: Unknown function 0xc611029a in 'sceNp' module
[E]: Unknown func id: 0xc611029a
[W]: Unknown function 0xce81c7f0 in 'sceNp' module
[E]: TODO: sceNpLookupCreateTitleCtx
[W]: Unknown function 0xceeebc7a in 'sceNp' module
[E]: TODO: sceNpProfileCallGui
[W]: Unknown function 0xd208f91d in 'sceNp' module
[E]: TODO: sceNpUtilCmpNpId
[W]: Unknown function 0xdb2e4dc2 in 'sceNp' module
[E]: TODO: sceNpScoreGetGameDataAsync
[W]: Unknown function 0xddce7d15 in 'sceNp' module
[E]: TODO: sceNpScoreGetBoardInfoAsync
[W]: Unknown function 0xe035f7d6 in 'sceNp' module
[E]: TODO: sceNpBasicGetEvent
[W]: Unknown function 0xe7dcd3b4 in 'sceNp' module
[E]: TODO: sceNpManagerRegisterCallback
[W]: Unknown function 0xea2e9ffc in 'sceNp' module
[E]: TODO: sceNpLookupCreateTransactionCtx
[W]: Unknown function 0xeb7a3d84 in 'sceNp' module
[E]: TODO: sceNpManagerGetChatRestrictionFlag
[W]: Unknown function 0xec0a1fbf in 'sceNp' module
[E]: TODO: sceNpBasicSendMessage
[W]: Unknown function 0xecd503de in 'sceNp' module
[E]: TODO: sceNpBasicGetMessageEntryCount
[W]: Unknown function 0xee5b20d9 in 'sceNp' module
[E]: TODO: sceNpScoreAbortTransaction
[W]: Unknown function 0xf042b14f in 'sceNp' module
[E]: TODO: sceNpDrmIsAvailable2
[W]: Unknown function 0xf0a9182b in 'sceNp' module
[E]: TODO: sceNpFriendlist
[W]: Unknown function 0xf0b1e399 in 'sceNp' module
[E]: TODO: sceNpScoreRecordScoreAsync
[W]: Unknown function 0xf2b3338a in 'sceNp' module
[E]: TODO: sceNpBasicGetBlockListEntry
[W]: Unknown function 0xf59e1da8 in 'sceNp' module
[E]: TODO: sceNpFriendlistAbortGui
[W]: Unknown function 0xf76847c2 in 'sceNp' module
[E]: TODO: sceNpScoreRecordGameDataAsync
[W]: Unknown function 0xfb87cf5e in 'sceNp' module
[E]: TODO: sceNpLookupDestroyTransactionCtx
[W]: Unknown function 0xfd39ae13 in 'sceNp' module
[E]: TODO: sceNpBasicGetFriendPresenceByNpId
[W]: Unknown function 0xfe37a7f4 in 'sceNp' module
[E]: TODO: sceNpManagerGetNpId
[W]: Unknown function 0x01379fd7 in 'sceNp2' module
[E]: TODO: sceNpMatching2DestroyContext
[W]: Unknown function 0x02065e3d in 'sceNp2' module
[E]: TODO: sceNpMatching2LeaveLobby
[W]: Unknown function 0x03a2f42a in 'sceNp2' module
[E]: TODO: sceNpMatching2RegisterLobbyMessageCallback
[W]: Unknown function 0x05bf2fbd in 'sceNp2' module
[E]: TODO: sceNpMatching2GetWorldInfoList
[W]: Unknown function 0x0884fc95 in 'sceNp2' module
[E]: TODO: sceNpMatching2RegisterLobbyEventCallback
[W]: Unknown function 0x0d22867f in 'sceNp2' module
[E]: TODO: sceNpMatching2SearchRoom
[W]: Unknown function 0x1022e6d6 in 'sceNp2' module
[E]: TODO: sceNpMatching2SetUserInfo
[W]: Unknown function 0x1f372697 in 'sceNp2' module
[E]: TODO: sceNpMatching2LeaveRoom
[W]: Unknown function 0x215b0d75 in 'sceNp2' module
[E]: TODO: sceNpMatching2SetRoomDataExternal
[W]: Unknown function 0x23009d07 in 'sceNp2' module
[E]: TODO: sceNpMatching2Term2
[W]: Unknown function 0x26ae9ff8 in 'sceNp2' module
[E]: TODO: sceNpMatching2SignalingGetConnectionInfo
[W]: Unknown function 0x28cad8b3 in 'sceNp2' module
[E]: TODO: sceNpMatching2SendRoomMessage
[W]: Unknown function 0x29e78389 in 'sceNp2' module
[E]: TODO: sceNpMatching2JoinLobby
[W]: Unknown function 0x2c5b7fc9 in 'sceNp2' module
[E]: TODO: sceNpMatching2GetRoomMemberDataExternalList
[W]: Unknown function 0x2e42f94a in 'sceNp2' module
[E]: Unknown func id: 0x2e42f94a
[W]: Unknown function 0x2ed909dc in 'sceNp2' module
[E]: TODO: sceNpMatching2AbortRequest
[W]: Unknown function 0x3457c0db in 'sceNp2' module
[E]: TODO: sceNpMatching2GetServerInfo
[W]: Unknown function 0x3c00c9d4 in 'sceNp2' module
[E]: TODO: sceNpMatching2GetEventData
[W]: Unknown function 0x3cc27344 in 'sceNp2' module
[E]: TODO: sceNpMatching2GetRoomSlotInfoLocal
[W]: Unknown function 0x3f3bd413 in 'sceNp2' module
[E]: TODO: sceNpMatching2SendLobbyChatMessage
[W]: Unknown function 0x41251f74 in 'sceNp2' module
[E]: TODO: sceNp2Init
[W]: Unknown function 0x430ce063 in 'sceNp2' module
[E]: TODO: sceNpMatching2AbortContextStart
[W]: Unknown function 0x490124fd in 'sceNp2' module
[E]: TODO: sceNpMatching2GetRoomMemberIdListLocal
[W]: Unknown function 0x5721e711 in 'sceNp2' module
[E]: TODO: sceNpMatching2JoinRoom
[W]: Unknown function 0x66f19527 in 'sceNp2' module
[E]: TODO: sceNpMatching2KickoutRoomMember
[W]: Unknown function 0x6ba4c668 in 'sceNp2' module
[E]: TODO: sceNpMatching2ContextStartAsync
[W]: Unknown function 0x6fcd84c1 in 'sceNp2' module
[E]: TODO: sceNpMatching2SetSignalingOptParam
[W]: Unknown function 0x748029a2 in 'sceNp2' module
[E]: TODO: sceNpMatching2RegisterContextCallback
[W]: Unknown function 0x7bf6e152 in 'sceNp2' module
[E]: TODO: sceNpMatching2SendRoomChatMessage
[W]: Unknown function 0x817d1090 in 'sceNp2' module
[E]: TODO: sceNpMatching2SetRoomDataInternal
[W]: Unknown function 0x8b209ca2 in 'sceNp2' module
[E]: TODO: sceNpMatching2GetRoomDataInternal
[W]: Unknown function 0x8d3f8d49 in 'sceNp2' module
[E]: TODO: sceNpMatching2SignalingGetPingInfo
[W]: Unknown function 0x8e5cfe9f in 'sceNp2' module
[E]: TODO: sceNpMatching2GetServerIdListLocal
[W]: Unknown function 0x9344d41f in 'sceNp2' module
[E]: TODO: sceNpMatching2GrantRoomOwner
[W]: Unknown function 0x98f74c9a in 'sceNp2' module
[E]: Unknown func id: 0x98f74c9a
[W]: Unknown function 0x9cbce3f2 in 'sceNp2' module
[E]: TODO: sceNpMatching2CreateContext
[W]: Unknown function 0xa9e6103e in 'sceNp2' module
[E]: TODO: sceNpMatching2RegisterSignalingCallback
[W]: Unknown function 0xaadb7c12 in 'sceNp2' module
[E]: TODO: sceNp2Term
[W]: Unknown function 0xac98b03a in 'sceNp2' module
[E]: TODO: sceNpMatching2GetUserInfoList
[W]: Unknown function 0xb0c51412 in 'sceNp2' module
[E]: TODO: sceNpMatching2GetRoomMemberDataInternal
[W]: Unknown function 0xb851aacf in 'sceNp2' module
[E]: TODO: sceNpMatching2SetRoomMemberDataInternal
[W]: Unknown function 0xdb87b088 in 'sceNp2' module
[E]: TODO: sceNpMatching2SetDefaultRequestOptParam
[W]: Unknown function 0xdbe84071 in 'sceNp2' module
[E]: Unknown func id: 0xdbe84071
[W]: Unknown function 0xdcb6b27d in 'sceNp2' module
[E]: TODO: sceNpMatching2RegisterRoomEventCallback
[W]: Unknown function 0xe4ac32ca in 'sceNp2' module
[E]: TODO: sceNpMatching2GetRoomDataExternalList
[W]: Unknown function 0xe7a3bc7a in 'sceNp2' module
[E]: TODO: sceNpMatching2CreateJoinRoom
[W]: Unknown function 0xefbd9357 in 'sceNp2' module
[E]: TODO: sceNpMatching2GetLobbyInfoList
[W]: Unknown function 0xf43c647a in 'sceNp2' module
[E]: TODO: sceNpMatching2ContextStop
[W]: Unknown function 0xf4babd3f in 'sceNp2' module
[E]: TODO: sceNpMatching2Init2
[W]: Unknown function 0xfee11e72 in 'sceNp2' module
[E]: TODO: sceNpMatching2RegisterRoomMessageCallback
[W]: Unknown module 'cellHttp'
[W]: Unknown function 0x1650aea4 in 'cellSsl' module
[E]: TODO: cellSslEnd
[W]: Unknown function 0xfb02c9d2 in 'cellSsl' module
[E]: TODO: cellSslInit
[W]: Unknown module 'sceNpTus'
[W]: Unknown function 0x18d3df30 in 'cellVoice' module
[E]: TODO: cellVoiceDisconnectIPortFromOPort
[W]: Unknown function 0x2a01013e in 'cellVoice' module
[E]: TODO: cellVoiceCreateNotifyEventQueue
[W]: Unknown function 0x2de54871 in 'cellVoice' module
[E]: TODO: cellVoiceCreatePort
[W]: Unknown function 0x2f24fea3 in 'cellVoice' module
[E]: TODO: cellVoiceUpdatePort
[W]: Unknown function 0x35d84910 in 'cellVoice' module
[E]: TODO: cellVoiceSetNotifyEventQueue
[W]: Unknown function 0x36472c57 in 'cellVoice' module
[E]: TODO: cellVoiceReadFromOPort
[W]: Unknown function 0x474609e2 in 'cellVoice' module
[E]: TODO: cellVoiceGetMuteFlag
[W]: Unknown function 0x54ac3519 in 'cellVoice' module
[E]: TODO: cellVoiceGetPortInfo
[W]: Unknown function 0x762dc193 in 'cellVoice' module
[E]: TODO: cellVoiceGetVolume
[W]: Unknown function 0x7bf17b15 in 'cellVoice' module
[E]: TODO: cellVoiceResumePort
[W]: Unknown function 0x7e60adc6 in 'cellVoice' module
[E]: TODO: cellVoiceSetBitRate
[W]: Unknown function 0x7f3963f7 in 'cellVoice' module
[E]: TODO: cellVoiceResumePortAll
[W]: Unknown function 0x87c71b06 in 'cellVoice' module
[E]: TODO: cellVoicePausePort
[W]: Unknown function 0x94d51f92 in 'cellVoice' module
[E]: TODO: cellVoiceStartEx
[W]: Unknown function 0x9f70c475 in 'cellVoice' module
[E]: TODO: cellVoiceDeletePort
[W]: Unknown function 0xae6a21d5 in 'cellVoice' module
[E]: TODO: cellVoiceConnectIPortToOPort
[W]: Unknown function 0xb1a2c38f in 'cellVoice' module
[E]: TODO: cellVoiceInitEx
[W]: Unknown function 0xbef53a2b in 'cellVoice' module
[E]: TODO: cellVoiceGetBitRate
[W]: Unknown function 0xc4f573b8 in 'cellVoice' module
[E]: Unknown func id: 0xc4f573b8
[W]: Unknown function 0xd14e784d in 'cellVoice' module
[E]: TODO: cellVoicePausePortAll
[W]: Unknown function 0xd3a84be1 in 'cellVoice' module
[E]: TODO: cellVoiceStop
[W]: Unknown function 0xd4d80ea5 in 'cellVoice' module
[E]: TODO: cellVoiceSetMuteFlagAll
[W]: Unknown function 0xd5ae37d8 in 'cellVoice' module
[E]: TODO: cellVoiceSetVolume
[W]: Unknown function 0xdd000886 in 'cellVoice' module
[E]: TODO: cellVoiceRemoveNotifyEventQueue
[W]: Unknown function 0xdde35a0c in 'cellVoice' module
[E]: TODO: cellVoiceSetMuteFlag
[W]: Unknown function 0xe0e1ae12 in 'cellVoice' module
[E]: TODO: cellVoiceEnd
[W]: Unknown function 0xff0fa43a in 'cellVoice' module
[E]: TODO: cellVoiceResetPort
[W]: Unknown module 'cellSaveData'
[W]: Unknown function 0x3929948d in 'cellSync' module
[E]: TODO: cellSyncQueueInitialize
[W]: Unknown function 0x4da349b2 in 'cellSync' module
[E]: TODO: cellSyncQueueSize
[W]: Unknown function 0x4da6d7e0 in 'cellSync' module
[E]: TODO: cellSyncQueuePop
[W]: Unknown function 0xa5362e73 in 'cellSync' module
[E]: TODO: cellSyncQueueClear
[W]: Unknown function 0x43ddab4f in 'cellSpursJq' module
[E]: TODO: cellSpursJobQueueAttributeInitialize
[W]: Unknown function 0x8c97a96c in 'cellSpursJq' module
[E]: TODO: cellSpursShutdownJobQueue
[W]: Unknown function 0x8ce4cffa in 'cellSpursJq' module
[E]: TODO: cellSpursJoinJobQueue
[W]: Unknown function 0x983be7fc in 'cellSpursJq' module
[E]: TODO: _cellSpursCreateJobQueueWithJobDescriptorPool
[W]: Unknown function 0xc39173a4 in 'cellSpursJq' module
[E]: TODO: _cellSpursJobQueuePort2CopyPushJobBody
[W]: Unknown function 0xc485d207 in 'cellSpursJq' module
[E]: TODO: cellSpursJobQueuePort2Destroy
[W]: Unknown function 0xcf89f218 in 'cellSpursJq' module
[E]: TODO: _cellSpursJobQueuePort2PushJobBody
[W]: Unknown function 0xf11fe0f1 in 'cellSpursJq' module
[E]: TODO: cellSpursJobQueuePort2Create
[W]: Unknown function 0xfacb3ced in 'cellSpursJq' module
[E]: TODO: cellSpursJobQueuePort2Sync
[W : PPU[1] Thread (CPUThread)[0x0101d0ac]]: sys_lwmutex warning: *** lwmutex created [_lc_mtx] (attribute=0x12): sq_id = 3
[W : PPU[1] Thread (CPUThread)[0x00879900]]: memory warning: sys_memory_get_user_memory_size(mem_info_addr=0xd0020c04)
[W : PPU[1] Thread (CPUThread)[0x0101d0ac]]: sys_lwmutex warning: *** lwmutex created [_lc_mtx] (attribute=0x12): sq_id = 4
[W : PPU[1] Thread (CPUThread)[0x0101d0ac]]: sys_lwmutex warning: *** lwmutex created [_lc_mtx] (attribute=0x12): sq_id = 5
[W : PPU[1] Thread (CPUThread)[0x0101d0ac]]: sys_lwmutex warning: *** lwmutex created [_lc_mtx] (attribute=0x12): sq_id = 6
[W : PPU[1] Thread (CPUThread)[0x0101d0ac]]: sys_lwmutex warning: *** lwmutex created [_lc_mtx] (attribute=0x12): sq_id = 7
[W : PPU[1] Thread (CPUThread)[0x0101d0ac]]: sys_lwmutex warning: *** lwmutex created [_lc_mtx] (attribute=0x12): sq_id = 8
[W : PPU[1] Thread (CPUThread)[0x0101d0ac]]: sys_lwmutex warning: *** lwmutex created [_lc_mtx] (attribute=0x12): sq_id = 9
[W : PPU[1] Thread (CPUThread)[0x0101d0ac]]: sys_lwmutex warning: *** lwmutex created [_lc_mtx] (attribute=0x12): sq_id = 10
[W : PPU[1] Thread (CPUThread)[0x0101d0ac]]: sys_lwmutex warning: *** lwmutex created [_lc_mtx] (attribute=0x12): sq_id = 11
[W : PPU[1] Thread (CPUThread)[0x0101d0ac]]: sys_lwmutex warning: *** lwmutex created [_lc_mtx] (attribute=0x12): sq_id = 12
[W : PPU[1] Thread (CPUThread)[0x0101d0ac]]: sys_lwmutex warning: *** lwmutex created [_lc_mtx] (attribute=0x12): sq_id = 13
[W : PPU[1] Thread (CPUThread)[0x0101d0ac]]: sys_lwmutex warning: *** lwmutex created [_lc_mtx] (attribute=0x12): sq_id = 14
[W : PPU[1] Thread (CPUThread)[0x0101d0ac]]: sys_lwmutex warning: *** lwmutex created [_lc_mtx] (attribute=0x12): sq_id = 15
[W : PPU[1] Thread (CPUThread)[0x0101d0ac]]: sys_lwmutex warning: *** lwmutex created [_lc_mtx] (attribute=0x12): sq_id = 16
[W : PPU[1] Thread (CPUThread)[0x0101d0ac]]: sys_lwmutex warning: *** lwmutex created [_lc_mtx] (attribute=0x12): sq_id = 17
[W : PPU[1] Thread (CPUThread)[0x0101d0ac]]: sys_lwmutex warning: *** lwmutex created [_lc_mtx] (attribute=0x12): sq_id = 18
[W : PPU[1] Thread (CPUThread)[0x0101d0ac]]: sys_lwmutex warning: *** lwmutex created [_lc_mtx] (attribute=0x12): sq_id = 19
[W : PPU[1] Thread (CPUThread)[0x0101d0ac]]: sys_lwmutex warning: *** lwmutex created [_lc_mtx] (attribute=0x12): sq_id = 20
[W : PPU[1] Thread (CPUThread)[0x0101d0ac]]: sys_lwmutex warning: *** lwmutex created [_lc_mtx] (attribute=0x12): sq_id = 21
[W : PPU[1] Thread (CPUThread)[0x0101d0ac]]: sys_lwmutex warning: *** lwmutex created [_lc_mtx] (attribute=0x12): sq_id = 22
[W : PPU[1] Thread (CPUThread)[0x0101d0ac]]: sys_lwmutex warning: *** lwmutex created [_lc_mtx] (attribute=0x12): sq_id = 23
[W : PPU[1] Thread (CPUThread)[0x0101d0ac]]: sys_lwmutex warning: *** lwmutex created [_lc_mtx] (attribute=0x12): sq_id = 24
[W : PPU[1] Thread (CPUThread)[0x0101d0ac]]: sys_lwmutex warning: *** lwmutex created [axlmute] (attribute=0x12): sq_id = 25
[W : PPU[1] Thread (CPUThread)[0x0101d0ac]]: sys_lwmutex warning: *** lwmutex created [axlmute] (attribute=0x12): sq_id = 26
[W : PPU[1] Thread (CPUThread)[0x0101d0ac]]: sys_lwmutex warning: *** lwmutex created [axlmute] (attribute=0x12): sq_id = 27
[W : PPU[1] Thread (CPUThread)[0x0101d0ac]]: sys_lwmutex warning: *** lwmutex created [axlmute] (attribute=0x12): sq_id = 28
[W : PPU[1] Thread (CPUThread)[0x0101d0ac]]: sys_lwmutex warning: *** lwmutex created [axlmute] (attribute=0x12): sq_id = 29
[W : PPU[1] Thread (CPUThread)[0x0101d0ac]]: sys_lwmutex warning: *** lwmutex created [axlmute] (attribute=0x12): sq_id = 30
[W : PPU[1] Thread (CPUThread)[0x0101d0ac]]: sys_lwmutex warning: *** lwmutex created [axlmute] (attribute=0x12): sq_id = 31
[W : PPU[1] Thread (CPUThread)[0x0101d0ac]]: sys_lwmutex warning: *** lwmutex created [axlmute] (attribute=0x12): sq_id = 32
[W : PPU[1] Thread (CPUThread)[0x0101d0ac]]: sys_lwmutex warning: *** lwmutex created [axlmute] (attribute=0x12): sq_id = 33
[W : PPU[1] Thread (CPUThread)[0x0101d0ac]]: sys_lwmutex warning: *** lwmutex created [axlmute] (attribute=0x12): sq_id = 34
[W : PPU[1] Thread (CPUThread)[0x0101d0ac]]: sys_lwmutex warning: *** lwmutex created [axlmute] (attribute=0x12): sq_id = 35
[W : PPU[1] Thread (CPUThread)[0x0101d0ac]]: sys_lwmutex warning: *** lwmutex created [axlmute] (attribute=0x12): sq_id = 36
[W : PPU[1] Thread (CPUThread)[0x0101d0ac]]: sys_lwmutex warning: *** lwmutex created [axlmute] (attribute=0x12): sq_id = 37
[W : PPU[1] Thread (CPUThread)[0x0101d0ac]]: sys_lwmutex warning: *** lwmutex created [axlmute] (attribute=0x12): sq_id = 38
[W : PPU[1] Thread (CPUThread)[0x0101d0ac]]: sys_lwmutex warning: *** lwmutex created [HeapAll] (attribute=0x12): sq_id = 39
[W : PPU[1] Thread (CPUThread)[0x0101d0ac]]: sys_lwmutex warning: *** lwmutex created [HeapAll] (attribute=0x12): sq_id = 40
[W : PPU[1] Thread (CPUThread)[0x0101d0ac]]: sys_lwmutex warning: *** lwmutex created [axlmute] (attribute=0x12): sq_id = 41
[W : PPU[1] Thread (CPUThread)[0x0101d0ac]]: sys_lwmutex warning: *** lwmutex created [axlmute] (attribute=0x12): sq_id = 42
[W : PPU[1] Thread (CPUThread)[0x0101d0ac]]: sys_lwmutex warning: *** lwmutex created [axlmute] (attribute=0x12): sq_id = 43
[W : PPU[1] Thread (CPUThread)[0x01015010]]: cellSysmodule warning: cellSysmoduleLoadModule(CELL_SYSMODULE_SYSUTIL_GAME)
[W : PPU[1] Thread (CPUThread)[0x01039028]]: cellGame warning: cellGameBootCheck(type_addr=0x30caabb0, attributes_addr=0xd0020990, size_addr=0xd0020994, dirName_addr=0xd0020870)
[W : PPU[1] Thread (CPUThread)[0x01039004]]: cellGame warning: cellGameContentPermit(contentInfoPath_addr=0xd0020890, usrdirPath_addr=0xd0020910)
[W : PPU[1] Thread (CPUThread)[0x01015004]]: cellSysmodule warning: cellSysmoduleUnloadModule(CELL_SYSMODULE_SYSUTIL_GAME)
[W : PPU[1] Thread (CPUThread)[0x0101b058]]: cellSysutil warning: cellSysutilGetSystemParamInt: CELL_SYSUTIL_SYSTEMPARAM_ID_LANG
[W : PPU[1] Thread (CPUThread)[0x0101b058]]: cellSysutil warning: cellSysutilGetSystemParamInt: CELL_SYSUTIL_SYSTEMPARAM_ID_ENTER_BUTTON_ASSIGN
[E : PPU[1] Thread (CPUThread)[0x0101f01c]]: TODO: _cellSpursAttributeInitialize
[E : PPU[1] Thread (CPUThread)[0x0101f010]]: TODO: cellSpursInitializeWithAttribute2
[E : PPU[1] Thread (CPUThread)[0x0101f01c]]: TODO: _cellSpursAttributeInitialize
[E : PPU[1] Thread (CPUThread)[0x0101f004]]: TODO: cellSpursAttributeSetNamePrefix
[E : PPU[1] Thread (CPUThread)[0x0101f028]]: TODO: cellSpursAttributeSetSpuThreadGroupType
[E : PPU[1] Thread (CPUThread)[0x0101f010]]: TODO: cellSpursInitializeWithAttribute2
[W : PPU[1] Thread (CPUThread)[0x0101d0ac]]: sys_lwmutex warning: *** lwmutex created [axlmute] (attribute=0x12): sq_id = 44
[W : PPU[1] Thread (CPUThread)[0x0101d0f4]]: sys_lwcond warning: Recursive lwmutex(sq=44)
[W : PPU[1] Thread (CPUThread)[0x0101d0f4]]: sys_lwcond warning: *** lwcond created [axl:con] (lwmutex_addr=0x30caa788): id = 45
[W : PPU[1] Thread (CPUThread)[0x0101d0ac]]: sys_lwmutex warning: *** lwmutex created [FileFW] (attribute=0x12): sq_id = 46
[W : PPU[1] Thread (CPUThread)[0x0101d0ac]]: sys_lwmutex warning: *** lwmutex created [FileFWT] (attribute=0x12): sq_id = 47
[W : PPU[1] Thread (CPUThread)[0x0101d0ac]]: sys_lwmutex warning: *** lwmutex created [FileFWU] (attribute=0x12): sq_id = 48
[W : PPU[1] Thread (CPUThread)[0x0101d0ac]]: sys_lwmutex warning: *** lwmutex created [FileFWR] (attribute=0x12): sq_id = 49
[W : PPU[1] Thread (CPUThread)[0x0101d0ac]]: sys_lwmutex warning: *** lwmutex created [FileSta] (attribute=0x12): sq_id = 50
[W : PPU[1] Thread (CPUThread)[0x0101d0ac]]: sys_lwmutex warning: *** lwmutex created [FileSta] (attribute=0x12): sq_id = 51
[W : PPU[1] Thread (CPUThread)[0x0101d0ac]]: sys_lwmutex warning: *** lwmutex created [FileSta] (attribute=0x12): sq_id = 52
[W : PPU[1] Thread (CPUThread)[0x0101d0ac]]: sys_lwmutex warning: *** lwmutex created [FileSta] (attribute=0x12): sq_id = 53
[W : PPU[1] Thread (CPUThread)[0x0101d0ac]]: sys_lwmutex warning: *** lwmutex created [FileSta] (attribute=0x12): sq_id = 54
[W : PPU[1] Thread (CPUThread)[0x0101d0ac]]: sys_lwmutex warning: *** lwmutex created [FileSta] (attribute=0x12): sq_id = 55
[W : PPU[1] Thread (CPUThread)[0x0101d0ac]]: sys_lwmutex warning: *** lwmutex created [FileSta] (attribute=0x12): sq_id = 56
[W : PPU[1] Thread (CPUThread)[0x0101d0ac]]: sys_lwmutex warning: *** lwmutex created [FileSta] (attribute=0x12): sq_id = 57
[W : PPU[1] Thread (CPUThread)[0x0101d0ac]]: sys_lwmutex warning: *** lwmutex created [FileSta] (attribute=0x12): sq_id = 58
[W : PPU[1] Thread (CPUThread)[0x0101d0ac]]: sys_lwmutex warning: *** lwmutex created [FileSta] (attribute=0x12): sq_id = 59
[W : PPU[1] Thread (CPUThread)[0x0101d0ac]]: sys_lwmutex warning: *** lwmutex created [FileSta] (attribute=0x12): sq_id = 60
[W : PPU[1] Thread (CPUThread)[0x0101d0ac]]: sys_lwmutex warning: *** lwmutex created [FileSta] (attribute=0x12): sq_id = 61
[W : PPU[1] Thread (CPUThread)[0x0101d0ac]]: sys_lwmutex warning: *** lwmutex created [FileSta] (attribute=0x12): sq_id = 62
[W : PPU[1] Thread (CPUThread)[0x0101d0ac]]: sys_lwmutex warning: *** lwmutex created [FileSta] (attribute=0x12): sq_id = 63
[W : PPU[1] Thread (CPUThread)[0x0101d0ac]]: sys_lwmutex warning: *** lwmutex created [FileSta] (attribute=0x12): sq_id = 64
[W : PPU[1] Thread (CPUThread)[0x0101d0ac]]: sys_lwmutex warning: *** lwmutex created [FileSta] (attribute=0x12): sq_id = 65
[W : PPU[1] Thread (CPUThread)[0x0101d0ac]]: sys_lwmutex warning: *** lwmutex created [FileSta] (attribute=0x12): sq_id = 66
[W : PPU[1] Thread (CPUThread)[0x0101d0ac]]: sys_lwmutex warning: *** lwmutex created [FileSta] (attribute=0x12): sq_id = 67
[W : PPU[1] Thread (CPUThread)[0x0101d0ac]]: sys_lwmutex warning: *** lwmutex created [FileSta] (attribute=0x12): sq_id = 68
[W : PPU[1] Thread (CPUThread)[0x0101d0ac]]: sys_lwmutex warning: *** lwmutex created [FileSta] (attribute=0x12): sq_id = 69
[W : PPU[1] Thread (CPUThread)[0x0101d0ac]]: sys_lwmutex warning: *** lwmutex created [FileSta] (attribute=0x12): sq_id = 70
[W : PPU[1] Thread (CPUThread)[0x0101d0ac]]: sys_lwmutex warning: *** lwmutex created [FileSta] (attribute=0x12): sq_id = 71
[W : PPU[1] Thread (CPUThread)[0x0101d0ac]]: sys_lwmutex warning: *** lwmutex created [FileSta] (attribute=0x12): sq_id = 72
[W : PPU[1] Thread (CPUThread)[0x0101d0ac]]: sys_lwmutex warning: *** lwmutex created [FileSta] (attribute=0x12): sq_id = 73
[W : PPU[1] Thread (CPUThread)[0x0101d0ac]]: sys_lwmutex warning: *** lwmutex created [FileSta] (attribute=0x12): sq_id = 74
[W : PPU[1] Thread (CPUThread)[0x0101d0ac]]: sys_lwmutex warning: *** lwmutex created [FileSta] (attribute=0x12): sq_id = 75
[W : PPU[1] Thread (CPUThread)[0x0101d0ac]]: sys_lwmutex warning: *** lwmutex created [FileSta] (attribute=0x12): sq_id = 76
[W : PPU[1] Thread (CPUThread)[0x0101d0ac]]: sys_lwmutex warning: *** lwmutex created [FileSta] (attribute=0x12): sq_id = 77
[W : PPU[1] Thread (CPUThread)[0x0101d0ac]]: sys_lwmutex warning: *** lwmutex created [FileSta] (attribute=0x12): sq_id = 78
[W : PPU[1] Thread (CPUThread)[0x0101d0ac]]: sys_lwmutex warning: *** lwmutex created [FileSta] (attribute=0x12): sq_id = 79
[W : PPU[1] Thread (CPUThread)[0x0101d0ac]]: sys_lwmutex warning: *** lwmutex created [FileSta] (attribute=0x12): sq_id = 80
[W : PPU[1] Thread (CPUThread)[0x0101d0ac]]: sys_lwmutex warning: *** lwmutex created [FileSta] (attribute=0x12): sq_id = 81
[W : PPU[1] Thread (CPUThread)[0x0101d0ac]]: sys_lwmutex warning: *** lwmutex created [FileFW] (attribute=0x12): sq_id = 82
[W : PPU[1] Thread (CPUThread)[0x0101d0ac]]: sys_lwmutex warning: *** lwmutex created [FileFWT] (attribute=0x12): sq_id = 83
[W : PPU[1] Thread (CPUThread)[0x0101d0ac]]: sys_lwmutex warning: *** lwmutex created [FileFWU] (attribute=0x12): sq_id = 84
[W : PPU[1] Thread (CPUThread)[0x0101d0ac]]: sys_lwmutex warning: *** lwmutex created [FileFWR] (attribute=0x12): sq_id = 85
[W : PPU[1] Thread (CPUThread)[0x0101d0ac]]: sys_lwmutex warning: *** lwmutex created [FileSta] (attribute=0x12): sq_id = 86
[W : PPU[1] Thread (CPUThread)[0x0101d0ac]]: sys_lwmutex warning: *** lwmutex created [FileSta] (attribute=0x12): sq_id = 87
[W : PPU[1] Thread (CPUThread)[0x0101d0ac]]: sys_lwmutex warning: *** lwmutex created [FileSta] (attribute=0x12): sq_id = 88
[W : PPU[1] Thread (CPUThread)[0x0101d0ac]]: sys_lwmutex warning: *** lwmutex created [FileSta] (attribute=0x12): sq_id = 89
[W : PPU[1] Thread (CPUThread)[0x0101d0ac]]: sys_lwmutex warning: *** lwmutex created [FileSta] (attribute=0x12): sq_id = 90
[W : PPU[1] Thread (CPUThread)[0x0101d0ac]]: sys_lwmutex warning: *** lwmutex created [FileSta] (attribute=0x12): sq_id = 91
[W : PPU[1] Thread (CPUThread)[0x0101d0ac]]: sys_lwmutex warning: *** lwmutex created [FileSta] (attribute=0x12): sq_id = 92
[W : PPU[1] Thread (CPUThread)[0x0101d0ac]]: sys_lwmutex warning: *** lwmutex created [FileSta] (attribute=0x12): sq_id = 93
[W : PPU[1] Thread (CPUThread)[0x0101d0ac]]: sys_lwmutex warning: *** lwmutex created [FileSta] (attribute=0x12): sq_id = 94
[W : PPU[1] Thread (CPUThread)[0x0101d0ac]]: sys_lwmutex warning: *** lwmutex created [FileSta] (attribute=0x12): sq_id = 95
[W : PPU[1] Thread (CPUThread)[0x0101d0ac]]: sys_lwmutex warning: *** lwmutex created [FileSta] (attribute=0x12): sq_id = 96
[W : PPU[1] Thread (CPUThread)[0x0101d0ac]]: sys_lwmutex warning: *** lwmutex created [FileSta] (attribute=0x12): sq_id = 97
[W : PPU[1] Thread (CPUThread)[0x0101d0ac]]: sys_lwmutex warning: *** lwmutex created [FileSta] (attribute=0x12): sq_id = 98
[W : PPU[1] Thread (CPUThread)[0x0101d0ac]]: sys_lwmutex warning: *** lwmutex created [FileSta] (attribute=0x12): sq_id = 99
[W : PPU[1] Thread (CPUThread)[0x0101d0ac]]: sys_lwmutex warning: *** lwmutex created [FileSta] (attribute=0x12): sq_id = 100
[W : PPU[1] Thread (CPUThread)[0x0101d0ac]]: sys_lwmutex warning: *** lwmutex created [FileSta] (attribute=0x12): sq_id = 101
[W : PPU[1] Thread (CPUThread)[0x0101d0ac]]: sys_lwmutex warning: *** lwmutex created [FileSta] (attribute=0x12): sq_id = 102
[W : PPU[1] Thread (CPUThread)[0x0101d0ac]]: sys_lwmutex warning: *** lwmutex created [FileSta] (attribute=0x12): sq_id = 103
[W : PPU[1] Thread (CPUThread)[0x0101d0ac]]: sys_lwmutex warning: *** lwmutex created [FileSta] (attribute=0x12): sq_id = 104
[W : PPU[1] Thread (CPUThread)[0x0101d0ac]]: sys_lwmutex warning: *** lwmutex created [FileSta] (attribute=0x12): sq_id = 105
[W : PPU[1] Thread (CPUThread)[0x0101d0ac]]: sys_lwmutex warning: *** lwmutex created [FileSta] (attribute=0x12): sq_id = 106
[W : PPU[1] Thread (CPUThread)[0x0101d0ac]]: sys_lwmutex warning: *** lwmutex created [FileSta] (attribute=0x12): sq_id = 107
[W : PPU[1] Thread (CPUThread)[0x0101d0ac]]: sys_lwmutex warning: *** lwmutex created [FileSta] (attribute=0x12): sq_id = 108
[W : PPU[1] Thread (CPUThread)[0x0101d0ac]]: sys_lwmutex warning: *** lwmutex created [FileSta] (attribute=0x12): sq_id = 109
[W : PPU[1] Thread (CPUThread)[0x0101d0ac]]: sys_lwmutex warning: *** lwmutex created [FileSta] (attribute=0x12): sq_id = 110
[W : PPU[1] Thread (CPUThread)[0x0101d0ac]]: sys_lwmutex warning: *** lwmutex created [FileSta] (attribute=0x12): sq_id = 111
[W : PPU[1] Thread (CPUThread)[0x0101d0ac]]: sys_lwmutex warning: *** lwmutex created [FileSta] (attribute=0x12): sq_id = 112
[W : PPU[1] Thread (CPUThread)[0x0101d0ac]]: sys_lwmutex warning: *** lwmutex created [FileSta] (attribute=0x12): sq_id = 113
[W : PPU[1] Thread (CPUThread)[0x0101d0ac]]: sys_lwmutex warning: *** lwmutex created [FileSta] (attribute=0x12): sq_id = 114
[W : PPU[1] Thread (CPUThread)[0x0101d0ac]]: sys_lwmutex warning: *** lwmutex created [FileSta] (attribute=0x12): sq_id = 115
[W : PPU[1] Thread (CPUThread)[0x0101d0ac]]: sys_lwmutex warning: *** lwmutex created [FileSta] (attribute=0x12): sq_id = 116
[W : PPU[1] Thread (CPUThread)[0x0101d0ac]]: sys_lwmutex warning: *** lwmutex created [FileSta] (attribute=0x12): sq_id = 117
[W : PPU[1] Thread (CPUThread)[0x0101d0ac]]: sys_lwmutex warning: *** lwmutex created [FileFW] (attribute=0x12): sq_id = 118
[W : PPU[1] Thread (CPUThread)[0x0101d0ac]]: sys_lwmutex warning: *** lwmutex created [FileFWT] (attribute=0x12): sq_id = 119
[W : PPU[1] Thread (CPUThread)[0x0101d0ac]]: sys_lwmutex warning: *** lwmutex created [FileFWU] (attribute=0x12): sq_id = 120
[W : PPU[1] Thread (CPUThread)[0x0101d0ac]]: sys_lwmutex warning: *** lwmutex created [FileFWR] (attribute=0x12): sq_id = 121
[W : PPU[1] Thread (CPUThread)[0x0101d0ac]]: sys_lwmutex warning: *** lwmutex created [FileSta] (attribute=0x12): sq_id = 122
[W : PPU[1] Thread (CPUThread)[0x0101d0ac]]: sys_lwmutex warning: *** lwmutex created [FileSta] (attribute=0x12): sq_id = 123
[W : PPU[1] Thread (CPUThread)[0x0101d0ac]]: sys_lwmutex warning: *** lwmutex created [FileSta] (attribute=0x12): sq_id = 124
[W : PPU[1] Thread (CPUThread)[0x0101d0ac]]: sys_lwmutex warning: *** lwmutex created [FileSta] (attribute=0x12): sq_id = 125
[W : PPU[1] Thread (CPUThread)[0x0101d0ac]]: sys_lwmutex warning: *** lwmutex created [FileSta] (attribute=0x12): sq_id = 126
[W : PPU[1] Thread (CPUThread)[0x0101d0ac]]: sys_lwmutex warning: *** lwmutex created [FileSta] (attribute=0x12): sq_id = 127
[W : PPU[1] Thread (CPUThread)[0x0101d0ac]]: sys_lwmutex warning: *** lwmutex created [FileSta] (attribute=0x12): sq_id = 128
[W : PPU[1] Thread (CPUThread)[0x0101d0ac]]: sys_lwmutex warning: *** lwmutex created [FileSta] (attribute=0x12): sq_id = 129
[W : PPU[1] Thread (CPUThread)[0x0101d0ac]]: sys_lwmutex warning: *** lwmutex created [FileSta] (attribute=0x12): sq_id = 130
[W : PPU[1] Thread (CPUThread)[0x0101d0ac]]: sys_lwmutex warning: *** lwmutex created [FileSta] (attribute=0x12): sq_id = 131
[W : PPU[1] Thread (CPUThread)[0x0101d0ac]]: sys_lwmutex warning: *** lwmutex created [FileSta] (attribute=0x12): sq_id = 132
[W : PPU[1] Thread (CPUThread)[0x0101d0ac]]: sys_lwmutex warning: *** lwmutex created [FileSta] (attribute=0x12): sq_id = 133
[W : PPU[1] Thread (CPUThread)[0x0101d0ac]]: sys_lwmutex warning: *** lwmutex created [FileSta] (attribute=0x12): sq_id = 134
[W : PPU[1] Thread (CPUThread)[0x0101d0ac]]: sys_lwmutex warning: *** lwmutex created [FileSta] (attribute=0x12): sq_id = 135
[W : PPU[1] Thread (CPUThread)[0x0101d0ac]]: sys_lwmutex warning: *** lwmutex created [FileSta] (attribute=0x12): sq_id = 136
[W : PPU[1] Thread (CPUThread)[0x0101d0ac]]: sys_lwmutex warning: *** lwmutex created [FileSta] (attribute=0x12): sq_id = 137
[W : PPU[1] Thread (CPUThread)[0x0101d0ac]]: sys_lwmutex warning: *** lwmutex created [FileSta] (attribute=0x12): sq_id = 138
[W : PPU[1] Thread (CPUThread)[0x0101d0ac]]: sys_lwmutex warning: *** lwmutex created [FileSta] (attribute=0x12): sq_id = 139
[W : PPU[1] Thread (CPUThread)[0x0101d0ac]]: sys_lwmutex warning: *** lwmutex created [FileSta] (attribute=0x12): sq_id = 140
[W : PPU[1] Thread (CPUThread)[0x0101d0ac]]: sys_lwmutex warning: *** lwmutex created [FileSta] (attribute=0x12): sq_id = 141
[W : PPU[1] Thread (CPUThread)[0x0101d0ac]]: sys_lwmutex warning: *** lwmutex created [FileSta] (attribute=0x12): sq_id = 142
[W : PPU[1] Thread (CPUThread)[0x0101d0ac]]: sys_lwmutex warning: *** lwmutex created [FileSta] (attribute=0x12): sq_id = 143
[W : PPU[1] Thread (CPUThread)[0x0101d0ac]]: sys_lwmutex warning: *** lwmutex created [FileSta] (attribute=0x12): sq_id = 144
[W : PPU[1] Thread (CPUThread)[0x0101d0ac]]: sys_lwmutex warning: *** lwmutex created [FileSta] (attribute=0x12): sq_id = 145
[W : PPU[1] Thread (CPUThread)[0x0101d0ac]]: sys_lwmutex warning: *** lwmutex created [FileSta] (attribute=0x12): sq_id = 146
[W : PPU[1] Thread (CPUThread)[0x0101d0ac]]: sys_lwmutex warning: *** lwmutex created [FileSta] (attribute=0x12): sq_id = 147
[W : PPU[1] Thread (CPUThread)[0x0101d0ac]]: sys_lwmutex warning: *** lwmutex created [FileSta] (attribute=0x12): sq_id = 148
[W : PPU[1] Thread (CPUThread)[0x0101d0ac]]: sys_lwmutex warning: *** lwmutex created [FileSta] (attribute=0x12): sq_id = 149
[W : PPU[1] Thread (CPUThread)[0x0101d0ac]]: sys_lwmutex warning: *** lwmutex created [FileSta] (attribute=0x12): sq_id = 150
[W : PPU[1] Thread (CPUThread)[0x0101d0ac]]: sys_lwmutex warning: *** lwmutex created [FileSta] (attribute=0x12): sq_id = 151
[W : PPU[1] Thread (CPUThread)[0x0101d0ac]]: sys_lwmutex warning: *** lwmutex created [FileSta] (attribute=0x12): sq_id = 152
[W : PPU[1] Thread (CPUThread)[0x0101d0ac]]: sys_lwmutex warning: *** lwmutex created [FileSta] (attribute=0x12): sq_id = 153
[W : PPU[1] Thread (CPUThread)[0x0101d0ac]]: sys_lwmutex warning: *** lwmutex created [FileFW] (attribute=0x12): sq_id = 154
[W : PPU[1] Thread (CPUThread)[0x0101d0ac]]: sys_lwmutex warning: *** lwmutex created [FileFWT] (attribute=0x12): sq_id = 155
[W : PPU[1] Thread (CPUThread)[0x0101d0ac]]: sys_lwmutex warning: *** lwmutex created [FileFWU] (attribute=0x12): sq_id = 156
[W : PPU[1] Thread (CPUThread)[0x0101d0ac]]: sys_lwmutex warning: *** lwmutex created [FileFWR] (attribute=0x12): sq_id = 157
[W : PPU[1] Thread (CPUThread)[0x0101d0ac]]: sys_lwmutex warning: *** lwmutex created [FileSta] (attribute=0x12): sq_id = 158
[W : PPU[1] Thread (CPUThread)[0x0101d0ac]]: sys_lwmutex warning: *** lwmutex created [FileSta] (attribute=0x12): sq_id = 159
[W : PPU[1] Thread (CPUThread)[0x0101d0ac]]: sys_lwmutex warning: *** lwmutex created [FileSta] (attribute=0x12): sq_id = 160
[W : PPU[1] Thread (CPUThread)[0x0101d0ac]]: sys_lwmutex warning: *** lwmutex created [FileSta] (attribute=0x12): sq_id = 161
[W : PPU[1] Thread (CPUThread)[0x0101d0ac]]: sys_lwmutex warning: *** lwmutex created [FileSta] (attribute=0x12): sq_id = 162
[W : PPU[1] Thread (CPUThread)[0x0101d0ac]]: sys_lwmutex warning: *** lwmutex created [FileSta] (attribute=0x12): sq_id = 163
[W : PPU[1] Thread (CPUThread)[0x0101d0ac]]: sys_lwmutex warning: *** lwmutex created [FileSta] (attribute=0x12): sq_id = 164
[W : PPU[1] Thread (CPUThread)[0x0101d0ac]]: sys_lwmutex warning: *** lwmutex created [FileSta] (attribute=0x12): sq_id = 165
[W : PPU[1] Thread (CPUThread)[0x0101d0ac]]: sys_lwmutex warning: *** lwmutex created [FileSta] (attribute=0x12): sq_id = 166
[W : PPU[1] Thread (CPUThread)[0x0101d0ac]]: sys_lwmutex warning: *** lwmutex created [FileSta] (attribute=0x12): sq_id = 167
[W : PPU[1] Thread (CPUThread)[0x0101d0ac]]: sys_lwmutex warning: *** lwmutex created [FileSta] (attribute=0x12): sq_id = 168
[W : PPU[1] Thread (CPUThread)[0x0101d0ac]]: sys_lwmutex warning: *** lwmutex created [FileSta] (attribute=0x12): sq_id = 169
[W : PPU[1] Thread (CPUThread)[0x0101d0ac]]: sys_lwmutex warning: *** lwmutex created [FileSta] (attribute=0x12): sq_id = 170
[W : PPU[1] Thread (CPUThread)[0x0101d0ac]]: sys_lwmutex warning: *** lwmutex created [FileSta] (attribute=0x12): sq_id = 171
[W : PPU[1] Thread (CPUThread)[0x0101d0ac]]: sys_lwmutex warning: *** lwmutex created [FileSta] (attribute=0x12): sq_id = 172
[W : PPU[1] Thread (CPUThread)[0x0101d0ac]]: sys_lwmutex warning: *** lwmutex created [FileSta] (attribute=0x12): sq_id = 173
[W : PPU[1] Thread (CPUThread)[0x0101d0ac]]: sys_lwmutex warning: *** lwmutex created [FileSta] (attribute=0x12): sq_id = 174
[W : PPU[1] Thread (CPUThread)[0x0101d0ac]]: sys_lwmutex warning: *** lwmutex created [FileSta] (attribute=0x12): sq_id = 175
[W : PPU[1] Thread (CPUThread)[0x0101d0ac]]: sys_lwmutex warning: *** lwmutex created [FileSta] (attribute=0x12): sq_id = 176
[W : PPU[1] Thread (CPUThread)[0x0101d0ac]]: sys_lwmutex warning: *** lwmutex created [FileSta] (attribute=0x12): sq_id = 177
[W : PPU[1] Thread (CPUThread)[0x0101d0ac]]: sys_lwmutex warning: *** lwmutex created [FileSta] (attribute=0x12): sq_id = 178
[W : PPU[1] Thread (CPUThread)[0x0101d0ac]]: sys_lwmutex warning: *** lwmutex created [FileSta] (attribute=0x12): sq_id = 179
[W : PPU[1] Thread (CPUThread)[0x0101d0ac]]: sys_lwmutex warning: *** lwmutex created [FileSta] (attribute=0x12): sq_id = 180
[W : PPU[1] Thread (CPUThread)[0x0101d0ac]]: sys_lwmutex warning: *** lwmutex created [FileSta] (attribute=0x12): sq_id = 181
[W : PPU[1] Thread (CPUThread)[0x0101d0ac]]: sys_lwmutex warning: *** lwmutex created [FileSta] (attribute=0x12): sq_id = 182
[W : PPU[1] Thread (CPUThread)[0x0101d0ac]]: sys_lwmutex warning: *** lwmutex created [FileSta] (attribute=0x12): sq_id = 183
[W : PPU[1] Thread (CPUThread)[0x0101d0ac]]: sys_lwmutex warning: *** lwmutex created [FileSta] (attribute=0x12): sq_id = 184
[W : PPU[1] Thread (CPUThread)[0x0101d0ac]]: sys_lwmutex warning: *** lwmutex created [FileSta] (attribute=0x12): sq_id = 185
[W : PPU[1] Thread (CPUThread)[0x0101d0ac]]: sys_lwmutex warning: *** lwmutex created [FileSta] (attribute=0x12): sq_id = 186
[W : PPU[1] Thread (CPUThread)[0x0101d0ac]]: sys_lwmutex warning: *** lwmutex created [FileSta] (attribute=0x12): sq_id = 187
[W : PPU[1] Thread (CPUThread)[0x0101d0ac]]: sys_lwmutex warning: *** lwmutex created [FileSta] (attribute=0x12): sq_id = 188
[W : PPU[1] Thread (CPUThread)[0x0101d0ac]]: sys_lwmutex warning: *** lwmutex created [FileSta] (attribute=0x12): sq_id = 189
[W : PPU[1] Thread (CPUThread)[0x0101d0ac]]: sys_lwmutex warning: *** lwmutex created [FileMTB] (attribute=0x12): sq_id = 190
[W : PPU[1] Thread (CPUThread)[0x0101d0ac]]: sys_lwmutex warning: *** lwmutex created [FileOp] (attribute=0x12): sq_id = 191
[W : PPU[1] Thread (CPUThread)[0x0101d0ac]]: sys_lwmutex warning: *** lwmutex created [FileOp] (attribute=0x12): sq_id = 192
[W : PPU[1] Thread (CPUThread)[0x0101d0ac]]: sys_lwmutex warning: *** lwmutex created [FileOp] (attribute=0x12): sq_id = 193
[W : PPU[1] Thread (CPUThread)[0x0101d0ac]]: sys_lwmutex warning: *** lwmutex created [FileOp] (attribute=0x12): sq_id = 194
[W : PPU[1] Thread (CPUThread)[0x0101d0ac]]: sys_lwmutex warning: *** lwmutex created [FileOp] (attribute=0x12): sq_id = 195
[W : PPU[1] Thread (CPUThread)[0x0101d0ac]]: sys_lwmutex warning: *** lwmutex created [FileOp] (attribute=0x12): sq_id = 196
[W : PPU[1] Thread (CPUThread)[0x0101d0ac]]: sys_lwmutex warning: *** lwmutex created [FileOp] (attribute=0x12): sq_id = 197
[W : PPU[1] Thread (CPUThread)[0x0101d0ac]]: sys_lwmutex warning: *** lwmutex created [FileOp] (attribute=0x12): sq_id = 198
[W : PPU[1] Thread (CPUThread)[0x0101d0ac]]: sys_lwmutex warning: *** lwmutex created [FileOp] (attribute=0x12): sq_id = 199
[W : PPU[1] Thread (CPUThread)[0x0101d0ac]]: sys_lwmutex warning: *** lwmutex created [FileOp] (attribute=0x12): sq_id = 200
[W : PPU[1] Thread (CPUThread)[0x0101d0ac]]: sys_lwmutex warning: *** lwmutex created [FileOp] (attribute=0x12): sq_id = 201
[W : PPU[1] Thread (CPUThread)[0x0101d0ac]]: sys_lwmutex warning: *** lwmutex created [FileOp] (attribute=0x12): sq_id = 202
[W : PPU[1] Thread (CPUThread)[0x0101d0ac]]: sys_lwmutex warning: *** lwmutex created [FileOp] (attribute=0x12): sq_id = 203
[W : PPU[1] Thread (CPUThread)[0x0101d0ac]]: sys_lwmutex warning: *** lwmutex created [FileOp] (attribute=0x12): sq_id = 204
[W : PPU[1] Thread (CPUThread)[0x0101d0ac]]: sys_lwmutex warning: *** lwmutex created [FileOp] (attribute=0x12): sq_id = 205
[W : PPU[1] Thread (CPUThread)[0x0101d0ac]]: sys_lwmutex warning: *** lwmutex created [FileOp] (attribute=0x12): sq_id = 206
[W : PPU[1] Thread (CPUThread)[0x0101d0ac]]: sys_lwmutex warning: *** lwmutex created [FileOp] (attribute=0x12): sq_id = 207
[W : PPU[1] Thread (CPUThread)[0x0101d0ac]]: sys_lwmutex warning: *** lwmutex created [FileOp] (attribute=0x12): sq_id = 208
[W : PPU[1] Thread (CPUThread)[0x0101d0ac]]: sys_lwmutex warning: *** lwmutex created [FileOp] (attribute=0x12): sq_id = 209
[W : PPU[1] Thread (CPUThread)[0x0101d0ac]]: sys_lwmutex warning: *** lwmutex created [FileOp] (attribute=0x12): sq_id = 210
[W : PPU[1] Thread (CPUThread)[0x0101d0ac]]: sys_lwmutex warning: *** lwmutex created [FileOp] (attribute=0x12): sq_id = 211
[W : PPU[1] Thread (CPUThread)[0x0101d0ac]]: sys_lwmutex warning: *** lwmutex created [FileOp] (attribute=0x12): sq_id = 212
[W : PPU[1] Thread (CPUThread)[0x0101d0ac]]: sys_lwmutex warning: *** lwmutex created [FileOp] (attribute=0x12): sq_id = 213
[W : PPU[1] Thread (CPUThread)[0x0101d0ac]]: sys_lwmutex warning: *** lwmutex created [FileOp] (attribute=0x12): sq_id = 214
[W : PPU[1] Thread (CPUThread)[0x0101d0ac]]: sys_lwmutex warning: *** lwmutex created [FileOp] (attribute=0x12): sq_id = 215
[W : PPU[1] Thread (CPUThread)[0x0101d0ac]]: sys_lwmutex warning: *** lwmutex created [FileOp] (attribute=0x12): sq_id = 216
[W : PPU[1] Thread (CPUThread)[0x0101d0ac]]: sys_lwmutex warning: *** lwmutex created [FileOp] (attribute=0x12): sq_id = 217
[W : PPU[1] Thread (CPUThread)[0x0101d0ac]]: sys_lwmutex warning: *** lwmutex created [FileOp] (attribute=0x12): sq_id = 218
[W : PPU[1] Thread (CPUThread)[0x0101d0ac]]: sys_lwmutex warning: *** lwmutex created [FileOp] (attribute=0x12): sq_id = 219
[W : PPU[1] Thread (CPUThread)[0x0101d0ac]]: sys_lwmutex warning: *** lwmutex created [FileOp] (attribute=0x12): sq_id = 220
[W : PPU[1] Thread (CPUThread)[0x0101d0ac]]: sys_lwmutex warning: *** lwmutex created [FileOp] (attribute=0x12): sq_id = 221
[W : PPU[1] Thread (CPUThread)[0x0101d0ac]]: sys_lwmutex warning: *** lwmutex created [FileOp] (attribute=0x12): sq_id = 222
[W : PPU[1] Thread (CPUThread)[0x0101d0ac]]: sys_lwmutex warning: *** lwmutex created [FileOpM] (attribute=0x12): sq_id = 223
[W : PPU[1] Thread (CPUThread)[0x0101d0ac]]: sys_lwmutex warning: *** lwmutex created [FileFW] (attribute=0x12): sq_id = 224
[W : PPU[1] Thread (CPUThread)[0x0101d0ac]]: sys_lwmutex warning: *** lwmutex created [FileFWT] (attribute=0x12): sq_id = 225
[W : PPU[1] Thread (CPUThread)[0x0101d0ac]]: sys_lwmutex warning: *** lwmutex created [FileFWU] (attribute=0x12): sq_id = 226
[W : PPU[1] Thread (CPUThread)[0x0101d0ac]]: sys_lwmutex warning: *** lwmutex created [FileFWR] (attribute=0x12): sq_id = 227
[W : PPU[1] Thread (CPUThread)[0x0101d0ac]]: sys_lwmutex warning: *** lwmutex created [PkgMgr] (attribute=0x12): sq_id = 228
[W : PPU[1] Thread (CPUThread)[0x0101d0ac]]: sys_lwmutex warning: *** lwmutex created [DInsMap] (attribute=0x12): sq_id = 229
[W : PPU[1] Thread (CPUThread)[0x0101d0f4]]: sys_lwcond warning: Recursive lwmutex(sq=229)
[W : PPU[1] Thread (CPUThread)[0x0101d0f4]]: sys_lwcond warning: *** lwcond created [axl:con] (lwmutex_addr=0x312d0028): id = 230
[W : PPU[1] Thread (CPUThread)[0x0101d0ac]]: sys_lwmutex warning: *** lwmutex created [FHCache] (attribute=0x12): sq_id = 231
[W : PPU[1] Thread (CPUThread)[0x0101d0ac]]: sys_lwmutex warning: *** lwmutex created [axlmute] (attribute=0x12): sq_id = 232
[W : PPU[1] Thread (CPUThread)[0x0101d0f4]]: sys_lwcond warning: Recursive lwmutex(sq=232)
[W : PPU[1] Thread (CPUThread)[0x0101d0f4]]: sys_lwcond warning: *** lwcond created [axl:con] (lwmutex_addr=0x312d00b8): id = 233
[W : PPU[1] Thread (CPUThread)[0x0101d0ac]]: sys_lwmutex warning: *** lwmutex created [FSetMgr] (attribute=0x12): sq_id = 234
[W : PPU[1] Thread (CPUThread)[0x0101d0ac]]: sys_lwmutex warning: *** lwmutex created [FSOpnWo] (attribute=0x12): sq_id = 235
[W : PPU[1] Thread (CPUThread)[0x0101d0f4]]: sys_lwcond warning: Recursive lwmutex(sq=235)
[W : PPU[1] Thread (CPUThread)[0x0101d0f4]]: sys_lwcond warning: *** lwcond created [axl:con] (lwmutex_addr=0x312d0170): id = 236
[W : PPU[1] Thread (CPUThread)[0x0101d0ac]]: sys_lwmutex warning: *** lwmutex created [FHCache] (attribute=0x12): sq_id = 237
[W : PPU[1] Thread (CPUThread)[0x0101d0ac]]: sys_lwmutex warning: *** lwmutex created [FSOpnEn] (attribute=0x12): sq_id = 239
[W : PPU[1] Thread (CPUThread)[0x0101d0f4]]: sys_lwcond warning: Recursive lwmutex(sq=239)
[W : PPU[1] Thread (CPUThread)[0x0101d0f4]]: sys_lwcond warning: *** lwcond created [axl:con] (lwmutex_addr=0x312d9fa0): id = 240
[W : PPU[1] Thread (CPUThread)[0x0101d0ac]]: sys_lwmutex warning: *** lwmutex created [FSOpnEn] (attribute=0x12): sq_id = 241
[W : PPU[1] Thread (CPUThread)[0x0101d0f4]]: sys_lwcond warning: Recursive lwmutex(sq=241)
[W : PPU[1] Thread (CPUThread)[0x0101d0f4]]: sys_lwcond warning: *** lwcond created [axl:con] (lwmutex_addr=0x312da158): id = 242
[W : PPU[1] Thread (CPUThread)[0x0101d0ac]]: sys_lwmutex warning: *** lwmutex created [FSOpnEn] (attribute=0x12): sq_id = 243
[W : PPU[1] Thread (CPUThread)[0x0101d0f4]]: sys_lwcond warning: Recursive lwmutex(sq=243)
[W : PPU[1] Thread (CPUThread)[0x0101d0f4]]: sys_lwcond warning: *** lwcond created [axl:con] (lwmutex_addr=0x312da310): id = 244
[W : PPU[1] Thread (CPUThread)[0x0101d0ac]]: sys_lwmutex warning: *** lwmutex created [FSOpnEn] (attribute=0x12): sq_id = 245
[W : PPU[1] Thread (CPUThread)[0x0101d0f4]]: sys_lwcond warning: Recursive lwmutex(sq=245)
[W : PPU[1] Thread (CPUThread)[0x0101d0f4]]: sys_lwcond warning: *** lwcond created [axl:con] (lwmutex_addr=0x312da4c8): id = 246
[W : PPU[1] Thread (CPUThread)[0x0101d0ac]]: sys_lwmutex warning: *** lwmutex created [FSOpnEn] (attribute=0x12): sq_id = 247
[W : PPU[1] Thread (CPUThread)[0x0101d0f4]]: sys_lwcond warning: Recursive lwmutex(sq=247)
[W : PPU[1] Thread (CPUThread)[0x0101d0f4]]: sys_lwcond warning: *** lwcond created [axl:con] (lwmutex_addr=0x312da680): id = 248
[W : PPU[1] Thread (CPUThread)[0x0101d0ac]]: sys_lwmutex warning: *** lwmutex created [FSOpnEn] (attribute=0x12): sq_id = 249
[W : PPU[1] Thread (CPUThread)[0x0101d0f4]]: sys_lwcond warning: Recursive lwmutex(sq=249)
[W : PPU[1] Thread (CPUThread)[0x0101d0f4]]: sys_lwcond warning: *** lwcond created [axl:con] (lwmutex_addr=0x312da838): id = 250
[W : PPU[1] Thread (CPUThread)[0x0101d0ac]]: sys_lwmutex warning: *** lwmutex created [FSOpnEn] (attribute=0x12): sq_id = 251
[W : PPU[1] Thread (CPUThread)[0x0101d0f4]]: sys_lwcond warning: Recursive lwmutex(sq=251)
[W : PPU[1] Thread (CPUThread)[0x0101d0f4]]: sys_lwcond warning: *** lwcond created [axl:con] (lwmutex_addr=0x312da9f0): id = 252
[W : PPU[1] Thread (CPUThread)[0x0101d0ac]]: sys_lwmutex warning: *** lwmutex created [FSOpnEn] (attribute=0x12): sq_id = 253
[W : PPU[1] Thread (CPUThread)[0x0101d0f4]]: sys_lwcond warning: Recursive lwmutex(sq=253)
[W : PPU[1] Thread (CPUThread)[0x0101d0f4]]: sys_lwcond warning: *** lwcond created [axl:con] (lwmutex_addr=0x312daba8): id = 254
[W : PPU[1] Thread (CPUThread)[0x0101d0ac]]: sys_lwmutex warning: *** lwmutex created [FSOpnEn] (attribute=0x12): sq_id = 255
[W : PPU[1] Thread (CPUThread)[0x0101d0f4]]: sys_lwcond warning: Recursive lwmutex(sq=255)
[W : PPU[1] Thread (CPUThread)[0x0101d0f4]]: sys_lwcond warning: *** lwcond created [axl:con] (lwmutex_addr=0x312dad60): id = 256
[W : PPU[1] Thread (CPUThread)[0x0101d0ac]]: sys_lwmutex warning: *** lwmutex created [FSOpnEn] (attribute=0x12): sq_id = 257
[W : PPU[1] Thread (CPUThread)[0x0101d0f4]]: sys_lwcond warning: Recursive lwmutex(sq=257)
[W : PPU[1] Thread (CPUThread)[0x0101d0f4]]: sys_lwcond warning: *** lwcond created [axl:con] (lwmutex_addr=0x312daf18): id = 258
[W : PPU[1] Thread (CPUThread)[0x0101d0ac]]: sys_lwmutex warning: *** lwmutex created [FSOpnEn] (attribute=0x12): sq_id = 259
[W : PPU[1] Thread (CPUThread)[0x0101d0f4]]: sys_lwcond warning: Recursive lwmutex(sq=259)
[W : PPU[1] Thread (CPUThread)[0x0101d0f4]]: sys_lwcond warning: *** lwcond created [axl:con] (lwmutex_addr=0x312db0d0): id = 260
[W : PPU[1] Thread (CPUThread)[0x0101d0ac]]: sys_lwmutex warning: *** lwmutex created [FSOpnEn] (attribute=0x12): sq_id = 261
[W : PPU[1] Thread (CPUThread)[0x0101d0f4]]: sys_lwcond warning: Recursive lwmutex(sq=261)
[W : PPU[1] Thread (CPUThread)[0x0101d0f4]]: sys_lwcond warning: *** lwcond created [axl:con] (lwmutex_addr=0x312db288): id = 262
[W : PPU[1] Thread (CPUThread)[0x0101d0ac]]: sys_lwmutex warning: *** lwmutex created [FSOpnEn] (attribute=0x12): sq_id = 263
[W : PPU[1] Thread (CPUThread)[0x0101d0f4]]: sys_lwcond warning: Recursive lwmutex(sq=263)
[W : PPU[1] Thread (CPUThread)[0x0101d0f4]]: sys_lwcond warning: *** lwcond created [axl:con] (lwmutex_addr=0x312db440): id = 264
[W : PPU[1] Thread (CPUThread)[0x0101d0ac]]: sys_lwmutex warning: *** lwmutex created [FSOpnEn] (attribute=0x12): sq_id = 265
[W : PPU[1] Thread (CPUThread)[0x0101d0f4]]: sys_lwcond warning: Recursive lwmutex(sq=265)
[W : PPU[1] Thread (CPUThread)[0x0101d0f4]]: sys_lwcond warning: *** lwcond created [axl:con] (lwmutex_addr=0x312db5f8): id = 266
[W : PPU[1] Thread (CPUThread)[0x0101d0ac]]: sys_lwmutex warning: *** lwmutex created [FSOpnEn] (attribute=0x12): sq_id = 267
[W : PPU[1] Thread (CPUThread)[0x0101d0f4]]: sys_lwcond warning: Recursive lwmutex(sq=267)
[W : PPU[1] Thread (CPUThread)[0x0101d0f4]]: sys_lwcond warning: *** lwcond created [axl:con] (lwmutex_addr=0x312db7b0): id = 268
[W : PPU[1] Thread (CPUThread)[0x0101d0ac]]: sys_lwmutex warning: *** lwmutex created [FSOpnEn] (attribute=0x12): sq_id = 269
[W : PPU[1] Thread (CPUThread)[0x0101d0f4]]: sys_lwcond warning: Recursive lwmutex(sq=269)
[W : PPU[1] Thread (CPUThread)[0x0101d0f4]]: sys_lwcond warning: *** lwcond created [axl:con] (lwmutex_addr=0x312db968): id = 270
[W : PPU[1] Thread (CPUThread)[0x0101d0ac]]: sys_lwmutex warning: *** lwmutex created [FSOpnEn] (attribute=0x12): sq_id = 271
[W : PPU[1] Thread (CPUThread)[0x0101d0f4]]: sys_lwcond warning: Recursive lwmutex(sq=271)
[W : PPU[1] Thread (CPUThread)[0x0101d0f4]]: sys_lwcond warning: *** lwcond created [axl:con] (lwmutex_addr=0x312dbb20): id = 272
[W : PPU[1] Thread (CPUThread)[0x0101d0ac]]: sys_lwmutex warning: *** lwmutex created [FSOpnEn] (attribute=0x12): sq_id = 273
[W : PPU[1] Thread (CPUThread)[0x0101d0f4]]: sys_lwcond warning: Recursive lwmutex(sq=273)
[W : PPU[1] Thread (CPUThread)[0x0101d0f4]]: sys_lwcond warning: *** lwcond created [axl:con] (lwmutex_addr=0x312dbcd8): id = 274
[W : PPU[1] Thread (CPUThread)[0x0101d0ac]]: sys_lwmutex warning: *** lwmutex created [FSOpnEn] (attribute=0x12): sq_id = 275
[W : PPU[1] Thread (CPUThread)[0x0101d0f4]]: sys_lwcond warning: Recursive lwmutex(sq=275)
[W : PPU[1] Thread (CPUThread)[0x0101d0f4]]: sys_lwcond warning: *** lwcond created [axl:con] (lwmutex_addr=0x312dbe90): id = 276
[W : PPU[1] Thread (CPUThread)[0x0101d0ac]]: sys_lwmutex warning: *** lwmutex created [FSOpnEn] (attribute=0x12): sq_id = 277
[W : PPU[1] Thread (CPUThread)[0x0101d0f4]]: sys_lwcond warning: Recursive lwmutex(sq=277)
[W : PPU[1] Thread (CPUThread)[0x0101d0f4]]: sys_lwcond warning: *** lwcond created [axl:con] (lwmutex_addr=0x312dc048): id = 278
[W : PPU[1] Thread (CPUThread)[0x0101d0ac]]: sys_lwmutex warning: *** lwmutex created [FSOpnEn] (attribute=0x12): sq_id = 279
[W : PPU[1] Thread (CPUThread)[0x0101d0f4]]: sys_lwcond warning: Recursive lwmutex(sq=279)
[W : PPU[1] Thread (CPUThread)[0x0101d0f4]]: sys_lwcond warning: *** lwcond created [axl:con] (lwmutex_addr=0x312dc200): id = 280
[W : PPU[1] Thread (CPUThread)[0x0101d0ac]]: sys_lwmutex warning: *** lwmutex created [FSOpnEn] (attribute=0x12): sq_id = 281
[W : PPU[1] Thread (CPUThread)[0x0101d0f4]]: sys_lwcond warning: Recursive lwmutex(sq=281)
[W : PPU[1] Thread (CPUThread)[0x0101d0f4]]: sys_lwcond warning: *** lwcond created [axl:con] (lwmutex_addr=0x312dc3b8): id = 282
[W : PPU[1] Thread (CPUThread)[0x0101d0ac]]: sys_lwmutex warning: *** lwmutex created [FSOpnEn] (attribute=0x12): sq_id = 283
[W : PPU[1] Thread (CPUThread)[0x0101d0f4]]: sys_lwcond warning: Recursive lwmutex(sq=283)
[W : PPU[1] Thread (CPUThread)[0x0101d0f4]]: sys_lwcond warning: *** lwcond created [axl:con] (lwmutex_addr=0x312dc570): id = 284
[W : PPU[1] Thread (CPUThread)[0x0101d0ac]]: sys_lwmutex warning: *** lwmutex created [FSOpnEn] (attribute=0x12): sq_id = 285
[W : PPU[1] Thread (CPUThread)[0x0101d0f4]]: sys_lwcond warning: Recursive lwmutex(sq=285)
[W : PPU[1] Thread (CPUThread)[0x0101d0f4]]: sys_lwcond warning: *** lwcond created [axl:con] (lwmutex_addr=0x312dc728): id = 286
[W : PPU[1] Thread (CPUThread)[0x0101d0ac]]: sys_lwmutex warning: *** lwmutex created [FSOpnEn] (attribute=0x12): sq_id = 287
[W : PPU[1] Thread (CPUThread)[0x0101d0f4]]: sys_lwcond warning: Recursive lwmutex(sq=287)
[W : PPU[1] Thread (CPUThread)[0x0101d0f4]]: sys_lwcond warning: *** lwcond created [axl:con] (lwmutex_addr=0x312dc8e0): id = 288
[W : PPU[1] Thread (CPUThread)[0x0101d0ac]]: sys_lwmutex warning: *** lwmutex created [FSOpnEn] (attribute=0x12): sq_id = 289
[W : PPU[1] Thread (CPUThread)[0x0101d0f4]]: sys_lwcond warning: Recursive lwmutex(sq=289)
[W : PPU[1] Thread (CPUThread)[0x0101d0f4]]: sys_lwcond warning: *** lwcond created [axl:con] (lwmutex_addr=0x312dca98): id = 290
[W : PPU[1] Thread (CPUThread)[0x0101d0ac]]: sys_lwmutex warning: *** lwmutex created [FSOpnEn] (attribute=0x12): sq_id = 291
[W : PPU[1] Thread (CPUThread)[0x0101d0f4]]: sys_lwcond warning: Recursive lwmutex(sq=291)
[W : PPU[1] Thread (CPUThread)[0x0101d0f4]]: sys_lwcond warning: *** lwcond created [axl:con] (lwmutex_addr=0x312dcc50): id = 292
[W : PPU[1] Thread (CPUThread)[0x0101d0ac]]: sys_lwmutex warning: *** lwmutex created [FSOpnEn] (attribute=0x12): sq_id = 293
[W : PPU[1] Thread (CPUThread)[0x0101d0f4]]: sys_lwcond warning: Recursive lwmutex(sq=293)
[W : PPU[1] Thread (CPUThread)[0x0101d0f4]]: sys_lwcond warning: *** lwcond created [axl:con] (lwmutex_addr=0x312dce08): id = 294
[W : PPU[1] Thread (CPUThread)[0x0101d0ac]]: sys_lwmutex warning: *** lwmutex created [FSOpnEn] (attribute=0x12): sq_id = 295
[W : PPU[1] Thread (CPUThread)[0x0101d0f4]]: sys_lwcond warning: Recursive lwmutex(sq=295)
[W : PPU[1] Thread (CPUThread)[0x0101d0f4]]: sys_lwcond warning: *** lwcond created [axl:con] (lwmutex_addr=0x312dcfc0): id = 296
[W : PPU[1] Thread (CPUThread)[0x0101d0ac]]: sys_lwmutex warning: *** lwmutex created [FSOpnEn] (attribute=0x12): sq_id = 297
[W : PPU[1] Thread (CPUThread)[0x0101d0f4]]: sys_lwcond warning: Recursive lwmutex(sq=297)
[W : PPU[1] Thread (CPUThread)[0x0101d0f4]]: sys_lwcond warning: *** lwcond created [axl:con] (lwmutex_addr=0x312dd178): id = 298
[W : PPU[1] Thread (CPUThread)[0x0101d0ac]]: sys_lwmutex warning: *** lwmutex created [FSOpnEn] (attribute=0x12): sq_id = 299
[W : PPU[1] Thread (CPUThread)[0x0101d0f4]]: sys_lwcond warning: Recursive lwmutex(sq=299)
[W : PPU[1] Thread (CPUThread)[0x0101d0f4]]: sys_lwcond warning: *** lwcond created [axl:con] (lwmutex_addr=0x312dd330): id = 300
[W : PPU[1] Thread (CPUThread)[0x0101d0ac]]: sys_lwmutex warning: *** lwmutex created [FSOpnEn] (attribute=0x12): sq_id = 301
[W : PPU[1] Thread (CPUThread)[0x0101d0f4]]: sys_lwcond warning: Recursive lwmutex(sq=301)
[W : PPU[1] Thread (CPUThread)[0x0101d0f4]]: sys_lwcond warning: *** lwcond created [axl:con] (lwmutex_addr=0x312dd4e8): id = 302
[W : PPU[1] Thread (CPUThread)[0x0101d0ac]]: sys_lwmutex warning: *** lwmutex created [FSOpnEn] (attribute=0x12): sq_id = 303
[W : PPU[1] Thread (CPUThread)[0x0101d0f4]]: sys_lwcond warning: Recursive lwmutex(sq=303)
[W : PPU[1] Thread (CPUThread)[0x0101d0f4]]: sys_lwcond warning: *** lwcond created [axl:con] (lwmutex_addr=0x312dd6a0): id = 304
[W : PPU[1] Thread (CPUThread)[0x0101d0ac]]: sys_lwmutex warning: *** lwmutex created [FSOpnEn] (attribute=0x12): sq_id = 305
[W : PPU[1] Thread (CPUThread)[0x0101d0f4]]: sys_lwcond warning: Recursive lwmutex(sq=305)
[W : PPU[1] Thread (CPUThread)[0x0101d0f4]]: sys_lwcond warning: *** lwcond created [axl:con] (lwmutex_addr=0x312dd858): id = 306
[W : PPU[1] Thread (CPUThread)[0x0101d0ac]]: sys_lwmutex warning: *** lwmutex created [FSOpnEn] (attribute=0x12): sq_id = 307
[W : PPU[1] Thread (CPUThread)[0x0101d0f4]]: sys_lwcond warning: Recursive lwmutex(sq=307)
[W : PPU[1] Thread (CPUThread)[0x0101d0f4]]: sys_lwcond warning: *** lwcond created [axl:con] (lwmutex_addr=0x312dda10): id = 308
[W : PPU[1] Thread (CPUThread)[0x0101d0ac]]: sys_lwmutex warning: *** lwmutex created [FSOpnEn] (attribute=0x12): sq_id = 309
[W : PPU[1] Thread (CPUThread)[0x0101d0f4]]: sys_lwcond warning: Recursive lwmutex(sq=309)
[W : PPU[1] Thread (CPUThread)[0x0101d0f4]]: sys_lwcond warning: *** lwcond created [axl:con] (lwmutex_addr=0x312ddbc8): id = 310
[W : PPU[1] Thread (CPUThread)[0x0101d0ac]]: sys_lwmutex warning: *** lwmutex created [FSOpnEn] (attribute=0x12): sq_id = 311
[W : PPU[1] Thread (CPUThread)[0x0101d0f4]]: sys_lwcond warning: Recursive lwmutex(sq=311)
[W : PPU[1] Thread (CPUThread)[0x0101d0f4]]: sys_lwcond warning: *** lwcond created [axl:con] (lwmutex_addr=0x312ddd80): id = 312
[W : PPU[1] Thread (CPUThread)[0x0101d0ac]]: sys_lwmutex warning: *** lwmutex created [FSOpnEn] (attribute=0x12): sq_id = 313
[W : PPU[1] Thread (CPUThread)[0x0101d0f4]]: sys_lwcond warning: Recursive lwmutex(sq=313)
[W : PPU[1] Thread (CPUThread)[0x0101d0f4]]: sys_lwcond warning: *** lwcond created [axl:con] (lwmutex_addr=0x312ddf38): id = 314
[W : PPU[1] Thread (CPUThread)[0x0101d0ac]]: sys_lwmutex warning: *** lwmutex created [FSOpnEn] (attribute=0x12): sq_id = 315
[W : PPU[1] Thread (CPUThread)[0x0101d0f4]]: sys_lwcond warning: Recursive lwmutex(sq=315)
[W : PPU[1] Thread (CPUThread)[0x0101d0f4]]: sys_lwcond warning: *** lwcond created [axl:con] (lwmutex_addr=0x312de0f0): id = 316
[W : PPU[1] Thread (CPUThread)[0x0101d0ac]]: sys_lwmutex warning: *** lwmutex created [FSOpnEn] (attribute=0x12): sq_id = 317
[W : PPU[1] Thread (CPUThread)[0x0101d0f4]]: sys_lwcond warning: Recursive lwmutex(sq=317)
[W : PPU[1] Thread (CPUThread)[0x0101d0f4]]: sys_lwcond warning: *** lwcond created [axl:con] (lwmutex_addr=0x312de2a8): id = 318
[W : PPU[1] Thread (CPUThread)[0x0101d0ac]]: sys_lwmutex warning: *** lwmutex created [FSOpnEn] (attribute=0x12): sq_id = 319
[W : PPU[1] Thread (CPUThread)[0x0101d0f4]]: sys_lwcond warning: Recursive lwmutex(sq=319)
[W : PPU[1] Thread (CPUThread)[0x0101d0f4]]: sys_lwcond warning: *** lwcond created [axl:con] (lwmutex_addr=0x312de460): id = 320
[W : PPU[1] Thread (CPUThread)[0x0101d0ac]]: sys_lwmutex warning: *** lwmutex created [FSOpnEn] (attribute=0x12): sq_id = 321
[W : PPU[1] Thread (CPUThread)[0x0101d0f4]]: sys_lwcond warning: Recursive lwmutex(sq=321)
[W : PPU[1] Thread (CPUThread)[0x0101d0f4]]: sys_lwcond warning: *** lwcond created [axl:con] (lwmutex_addr=0x312de618): id = 322
[W : PPU[1] Thread (CPUThread)[0x0101d0ac]]: sys_lwmutex warning: *** lwmutex created [FSOpnEn] (attribute=0x12): sq_id = 323
[W : PPU[1] Thread (CPUThread)[0x0101d0f4]]: sys_lwcond warning: Recursive lwmutex(sq=323)
[W : PPU[1] Thread (CPUThread)[0x0101d0f4]]: sys_lwcond warning: *** lwcond created [axl:con] (lwmutex_addr=0x312de7d0): id = 324
[W : PPU[1] Thread (CPUThread)[0x0101d0ac]]: sys_lwmutex warning: *** lwmutex created [FSOpnEn] (attribute=0x12): sq_id = 325
[W : PPU[1] Thread (CPUThread)[0x0101d0f4]]: sys_lwcond warning: Recursive lwmutex(sq=325)
[W : PPU[1] Thread (CPUThread)[0x0101d0f4]]: sys_lwcond warning: *** lwcond created [axl:con] (lwmutex_addr=0x312de988): id = 326
[W : PPU[1] Thread (CPUThread)[0x0101d0ac]]: sys_lwmutex warning: *** lwmutex created [FSOpnEn] (attribute=0x12): sq_id = 327
[W : PPU[1] Thread (CPUThread)[0x0101d0f4]]: sys_lwcond warning: Recursive lwmutex(sq=327)
[W : PPU[1] Thread (CPUThread)[0x0101d0f4]]: sys_lwcond warning: *** lwcond created [axl:con] (lwmutex_addr=0x312deb40): id = 328
[W : PPU[1] Thread (CPUThread)[0x0101d0ac]]: sys_lwmutex warning: *** lwmutex created [FSOpnEn] (attribute=0x12): sq_id = 329
[W : PPU[1] Thread (CPUThread)[0x0101d0f4]]: sys_lwcond warning: Recursive lwmutex(sq=329)
[W : PPU[1] Thread (CPUThread)[0x0101d0f4]]: sys_lwcond warning: *** lwcond created [axl:con] (lwmutex_addr=0x312decf8): id = 330
[W : PPU[1] Thread (CPUThread)[0x0101d0ac]]: sys_lwmutex warning: *** lwmutex created [FSOpnEn] (attribute=0x12): sq_id = 331
[W : PPU[1] Thread (CPUThread)[0x0101d0f4]]: sys_lwcond warning: Recursive lwmutex(sq=331)
[W : PPU[1] Thread (CPUThread)[0x0101d0f4]]: sys_lwcond warning: *** lwcond created [axl:con] (lwmutex_addr=0x312deeb0): id = 332
[W : PPU[1] Thread (CPUThread)[0x0101d0ac]]: sys_lwmutex warning: *** lwmutex created [FSOpnEn] (attribute=0x12): sq_id = 333
[W : PPU[1] Thread (CPUThread)[0x0101d0f4]]: sys_lwcond warning: Recursive lwmutex(sq=333)
[W : PPU[1] Thread (CPUThread)[0x0101d0f4]]: sys_lwcond warning: *** lwcond created [axl:con] (lwmutex_addr=0x312df068): id = 334
[W : PPU[1] Thread (CPUThread)[0x0101d0ac]]: sys_lwmutex warning: *** lwmutex created [FSOpnEn] (attribute=0x12): sq_id = 335
[W : PPU[1] Thread (CPUThread)[0x0101d0f4]]: sys_lwcond warning: Recursive lwmutex(sq=335)
[W : PPU[1] Thread (CPUThread)[0x0101d0f4]]: sys_lwcond warning: *** lwcond created [axl:con] (lwmutex_addr=0x312df220): id = 336
[W : PPU[1] Thread (CPUThread)[0x0101d0ac]]: sys_lwmutex warning: *** lwmutex created [FSOpnEn] (attribute=0x12): sq_id = 337
[W : PPU[1] Thread (CPUThread)[0x0101d0f4]]: sys_lwcond warning: Recursive lwmutex(sq=337)
[W : PPU[1] Thread (CPUThread)[0x0101d0f4]]: sys_lwcond warning: *** lwcond created [axl:con] (lwmutex_addr=0x312df3d8): id = 338
[W : PPU[1] Thread (CPUThread)[0x0101d0ac]]: sys_lwmutex warning: *** lwmutex created [FSOpnEn] (attribute=0x12): sq_id = 339
[W : PPU[1] Thread (CPUThread)[0x0101d0f4]]: sys_lwcond warning: Recursive lwmutex(sq=339)
[W : PPU[1] Thread (CPUThread)[0x0101d0f4]]: sys_lwcond warning: *** lwcond created [axl:con] (lwmutex_addr=0x312df590): id = 340
[W : PPU[1] Thread (CPUThread)[0x0101d0ac]]: sys_lwmutex warning: *** lwmutex created [FSOpnEn] (attribute=0x12): sq_id = 341
[W : PPU[1] Thread (CPUThread)[0x0101d0f4]]: sys_lwcond warning: Recursive lwmutex(sq=341)
[W : PPU[1] Thread (CPUThread)[0x0101d0f4]]: sys_lwcond warning: *** lwcond created [axl:con] (lwmutex_addr=0x312df748): id = 342
[W : PPU[1] Thread (CPUThread)[0x0101d0ac]]: sys_lwmutex warning: *** lwmutex created [FSOpnEn] (attribute=0x12): sq_id = 343
[W : PPU[1] Thread (CPUThread)[0x0101d0f4]]: sys_lwcond warning: Recursive lwmutex(sq=343)
[W : PPU[1] Thread (CPUThread)[0x0101d0f4]]: sys_lwcond warning: *** lwcond created [axl:con] (lwmutex_addr=0x312df900): id = 344
[W : PPU[1] Thread (CPUThread)[0x0101d0ac]]: sys_lwmutex warning: *** lwmutex created [FSOpnEn] (attribute=0x12): sq_id = 345
[W : PPU[1] Thread (CPUThread)[0x0101d0f4]]: sys_lwcond warning: Recursive lwmutex(sq=345)
[W : PPU[1] Thread (CPUThread)[0x0101d0f4]]: sys_lwcond warning: *** lwcond created [axl:con] (lwmutex_addr=0x312dfab8): id = 346
[W : PPU[1] Thread (CPUThread)[0x0101d0ac]]: sys_lwmutex warning: *** lwmutex created [FSOpnEn] (attribute=0x12): sq_id = 347
[W : PPU[1] Thread (CPUThread)[0x0101d0f4]]: sys_lwcond warning: Recursive lwmutex(sq=347)
[W : PPU[1] Thread (CPUThread)[0x0101d0f4]]: sys_lwcond warning: *** lwcond created [axl:con] (lwmutex_addr=0x312dfc70): id = 348
[W : PPU[1] Thread (CPUThread)[0x0101d0ac]]: sys_lwmutex warning: *** lwmutex created [FSOpnEn] (attribute=0x12): sq_id = 349
[W : PPU[1] Thread (CPUThread)[0x0101d0f4]]: sys_lwcond warning: Recursive lwmutex(sq=349)
[W : PPU[1] Thread (CPUThread)[0x0101d0f4]]: sys_lwcond warning: *** lwcond created [axl:con] (lwmutex_addr=0x312dfe28): id = 350
[W : PPU[1] Thread (CPUThread)[0x0101d0ac]]: sys_lwmutex warning: *** lwmutex created [FSOpnEn] (attribute=0x12): sq_id = 351
[W : PPU[1] Thread (CPUThread)[0x0101d0f4]]: sys_lwcond warning: Recursive lwmutex(sq=351)
[W : PPU[1] Thread (CPUThread)[0x0101d0f4]]: sys_lwcond warning: *** lwcond created [axl:con] (lwmutex_addr=0x312dffe0): id = 352
[W : PPU[1] Thread (CPUThread)[0x0101d0ac]]: sys_lwmutex warning: *** lwmutex created [FSOpnEn] (attribute=0x12): sq_id = 353
[W : PPU[1] Thread (CPUThread)[0x0101d0f4]]: sys_lwcond warning: Recursive lwmutex(sq=353)
[W : PPU[1] Thread (CPUThread)[0x0101d0f4]]: sys_lwcond warning: *** lwcond created [axl:con] (lwmutex_addr=0x312e0198): id = 354
[W : PPU[1] Thread (CPUThread)[0x0101d0ac]]: sys_lwmutex warning: *** lwmutex created [FSOpnEn] (attribute=0x12): sq_id = 355
[W : PPU[1] Thread (CPUThread)[0x0101d0f4]]: sys_lwcond warning: Recursive lwmutex(sq=355)
[W : PPU[1] Thread (CPUThread)[0x0101d0f4]]: sys_lwcond warning: *** lwcond created [axl:con] (lwmutex_addr=0x312e0350): id = 356
[W : PPU[1] Thread (CPUThread)[0x0101d0ac]]: sys_lwmutex warning: *** lwmutex created [FSOpnEn] (attribute=0x12): sq_id = 357
[W : PPU[1] Thread (CPUThread)[0x0101d0f4]]: sys_lwcond warning: Recursive lwmutex(sq=357)
[W : PPU[1] Thread (CPUThread)[0x0101d0f4]]: sys_lwcond warning: *** lwcond created [axl:con] (lwmutex_addr=0x312e0508): id = 358
[W : PPU[1] Thread (CPUThread)[0x0101d0ac]]: sys_lwmutex warning: *** lwmutex created [FSOpnEn] (attribute=0x12): sq_id = 359
[W : PPU[1] Thread (CPUThread)[0x0101d0f4]]: sys_lwcond warning: Recursive lwmutex(sq=359)
[W : PPU[1] Thread (CPUThread)[0x0101d0f4]]: sys_lwcond warning: *** lwcond created [axl:con] (lwmutex_addr=0x312e06c0): id = 360
[W : PPU[1] Thread (CPUThread)[0x0101d0ac]]: sys_lwmutex warning: *** lwmutex created [FSOpnEn] (attribute=0x12): sq_id = 361
[W : PPU[1] Thread (CPUThread)[0x0101d0f4]]: sys_lwcond warning: Recursive lwmutex(sq=361)
[W : PPU[1] Thread (CPUThread)[0x0101d0f4]]: sys_lwcond warning: *** lwcond created [axl:con] (lwmutex_addr=0x312e0878): id = 362
[W : PPU[1] Thread (CPUThread)[0x0101d0ac]]: sys_lwmutex warning: *** lwmutex created [FSOpnEn] (attribute=0x12): sq_id = 363
[W : PPU[1] Thread (CPUThread)[0x0101d0f4]]: sys_lwcond warning: Recursive lwmutex(sq=363)
[W : PPU[1] Thread (CPUThread)[0x0101d0f4]]: sys_lwcond warning: *** lwcond created [axl:con] (lwmutex_addr=0x312e0a30): id = 364
[W : PPU[1] Thread (CPUThread)[0x0101d0ac]]: sys_lwmutex warning: *** lwmutex created [FSOpnEn] (attribute=0x12): sq_id = 365
[W : PPU[1] Thread (CPUThread)[0x0101d0f4]]: sys_lwcond warning: Recursive lwmutex(sq=365)
[W : PPU[1] Thread (CPUThread)[0x0101d0f4]]: sys_lwcond warning: *** lwcond created [axl:con] (lwmutex_addr=0x312e0be8): id = 366
[W : PPU[1] Thread (CPUThread)[0x0101d0ac]]: sys_lwmutex warning: *** lwmutex created [FileSta] (attribute=0x12): sq_id = 367
[W : PPU[1] Thread (CPUThread)[0x0101d0ac]]: sys_lwmutex warning: *** lwmutex created [FileSta] (attribute=0x12): sq_id = 368
[W : PPU[1] Thread (CPUThread)[0x0101d0ac]]: sys_lwmutex warning: *** lwmutex created [FileSta] (attribute=0x12): sq_id = 369
[W : PPU[1] Thread (CPUThread)[0x0101d0ac]]: sys_lwmutex warning: *** lwmutex created [FileSta] (attribute=0x12): sq_id = 370
[W : PPU[1] Thread (CPUThread)[0x0101d0ac]]: sys_lwmutex warning: *** lwmutex created [FileSta] (attribute=0x12): sq_id = 371
[W : PPU[1] Thread (CPUThread)[0x0101d0ac]]: sys_lwmutex warning: *** lwmutex created [FileSta] (attribute=0x12): sq_id = 372
[W : PPU[1] Thread (CPUThread)[0x0101d0ac]]: sys_lwmutex warning: *** lwmutex created [FileSta] (attribute=0x12): sq_id = 373
[W : PPU[1] Thread (CPUThread)[0x0101d0ac]]: sys_lwmutex warning: *** lwmutex created [FileSta] (attribute=0x12): sq_id = 374
[W : PPU[1] Thread (CPUThread)[0x0101d0ac]]: sys_lwmutex warning: *** lwmutex created [FileSta] (attribute=0x12): sq_id = 375
[W : PPU[1] Thread (CPUThread)[0x0101d0ac]]: sys_lwmutex warning: *** lwmutex created [FileSta] (attribute=0x12): sq_id = 376
[W : PPU[1] Thread (CPUThread)[0x0101d0ac]]: sys_lwmutex warning: *** lwmutex created [FileSta] (attribute=0x12): sq_id = 377
[W : PPU[1] Thread (CPUThread)[0x0101d0ac]]: sys_lwmutex warning: *** lwmutex created [FileSta] (attribute=0x12): sq_id = 378
[W : PPU[1] Thread (CPUThread)[0x0101d0ac]]: sys_lwmutex warning: *** lwmutex created [FileSta] (attribute=0x12): sq_id = 379
[W : PPU[1] Thread (CPUThread)[0x0101d0ac]]: sys_lwmutex warning: *** lwmutex created [FileSta] (attribute=0x12): sq_id = 380
[W : PPU[1] Thread (CPUThread)[0x0101d0ac]]: sys_lwmutex warning: *** lwmutex created [FileSta] (attribute=0x12): sq_id = 381
[W : PPU[1] Thread (CPUThread)[0x0101d0ac]]: sys_lwmutex warning: *** lwmutex created [FileSta] (attribute=0x12): sq_id = 382
[W : PPU[1] Thread (CPUThread)[0x0101d0ac]]: sys_lwmutex warning: *** lwmutex created [FileSta] (attribute=0x12): sq_id = 383
[W : PPU[1] Thread (CPUThread)[0x0101d0ac]]: sys_lwmutex warning: *** lwmutex created [FileSta] (attribute=0x12): sq_id = 384
[W : PPU[1] Thread (CPUThread)[0x0101d0ac]]: sys_lwmutex warning: *** lwmutex created [FileSta] (attribute=0x12): sq_id = 385
[W : PPU[1] Thread (CPUThread)[0x0101d0ac]]: sys_lwmutex warning: *** lwmutex created [FileSta] (attribute=0x12): sq_id = 386
[W : PPU[1] Thread (CPUThread)[0x0101d0ac]]: sys_lwmutex warning: *** lwmutex created [FileSta] (attribute=0x12): sq_id = 387
[W : PPU[1] Thread (CPUThread)[0x0101d0ac]]: sys_lwmutex warning: *** lwmutex created [FileSta] (attribute=0x12): sq_id = 388
[W : PPU[1] Thread (CPUThread)[0x0101d0ac]]: sys_lwmutex warning: *** lwmutex created [FileSta] (attribute=0x12): sq_id = 389
[W : PPU[1] Thread (CPUThread)[0x0101d0ac]]: sys_lwmutex warning: *** lwmutex created [FileSta] (attribute=0x12): sq_id = 390
[W : PPU[1] Thread (CPUThread)[0x0101d0ac]]: sys_lwmutex warning: *** lwmutex created [FileSta] (attribute=0x12): sq_id = 391
[W : PPU[1] Thread (CPUThread)[0x0101d0ac]]: sys_lwmutex warning: *** lwmutex created [FileSta] (attribute=0x12): sq_id = 392
[W : PPU[1] Thread (CPUThread)[0x0101d0ac]]: sys_lwmutex warning: *** lwmutex created [FileSta] (attribute=0x12): sq_id = 393
[W : PPU[1] Thread (CPUThread)[0x0101d0ac]]: sys_lwmutex warning: *** lwmutex created [FileSta] (attribute=0x12): sq_id = 394
[W : PPU[1] Thread (CPUThread)[0x0101d0ac]]: sys_lwmutex warning: *** lwmutex created [FileSta] (attribute=0x12): sq_id = 395
[W : PPU[1] Thread (CPUThread)[0x0101d0ac]]: sys_lwmutex warning: *** lwmutex created [FileSta] (attribute=0x12): sq_id = 396
[W : PPU[1] Thread (CPUThread)[0x0101d0ac]]: sys_lwmutex warning: *** lwmutex created [FileSta] (attribute=0x12): sq_id = 397
[W : PPU[1] Thread (CPUThread)[0x0101d0ac]]: sys_lwmutex warning: *** lwmutex created [FileSta] (attribute=0x12): sq_id = 398
[W : PPU[1] Thread (CPUThread)[0x0101d0ac]]: sys_lwmutex warning: *** lwmutex created [FileWor] (attribute=0x12): sq_id = 399
[W : PPU[1] Thread (CPUThread)[0x0101d0f4]]: sys_lwcond warning: Recursive lwmutex(sq=399)
[W : PPU[1] Thread (CPUThread)[0x0101d0f4]]: sys_lwcond warning: *** lwcond created [axl:con] (lwmutex_addr=0x312a5308): id = 400
[W : PPU[1] Thread (CPUThread)[0x0101d0f4]]: sys_lwcond warning: Recursive lwmutex(sq=399)
[W : PPU[1] Thread (CPUThread)[0x0101d0f4]]: sys_lwcond warning: *** lwcond created [axl:con] (lwmutex_addr=0x312a5308): id = 401
[W : PPU[1] Thread (CPUThread)[0x0101b0b8]]: cellSysutil warning: cellSysutilRegisterCallback(slot=0, func_addr=0xe248a0, userdata=0x312a5280)
[E : PPU[1] Thread (CPUThread)[0x0101b034]]: TODO: cellSysutilEnableBgmPlayback
[W : PPU[1] Thread (CPUThread)[0x0101d0ac]]: sys_lwmutex warning: *** lwmutex created [GfxResT] (attribute=0x12): sq_id = 403
[W : PPU[1] Thread (CPUThread)[0x0101d0ac]]: sys_lwmutex warning: *** lwmutex created [GfxDevB] (attribute=0x12): sq_id = 404
[W : PPU[1] Thread (CPUThread)[0x0101d0ac]]: sys_lwmutex warning: *** lwmutex created [GfxDevB] (attribute=0x12): sq_id = 405
[W : PPU[1] Thread (CPUThread)[0x0101d0ac]]: sys_lwmutex warning: *** lwmutex created [GfxPVLM] (attribute=0x12): sq_id = 406
[W : PPU[1] Thread (CPUThread)[0x0101d0ac]]: sys_lwmutex warning: *** lwmutex created [GfxUBLM] (attribute=0x12): sq_id = 407
[W : PPU[1] Thread (CPUThread)[0x0101d0ac]]: sys_lwmutex warning: *** lwmutex created [GfxResM] (attribute=0x12): sq_id = 408
[W : PPU[1] Thread (CPUThread)[0x010191cc]]: cellGcmSys warning: cellGcmInitDefaultFifoMode(mode=1)
[W : PPU[1] Thread (CPUThread)[0x01019010]]: cellGcmSys warning: cellGcmInit(context_addr=0xe8cb10,cmdSize=0x181000,ioSize=0x1000000,ioAddress=0x39d10000)
[W : PPU[1] Thread (CPUThread)[0x01019010]]: cellGcmSys warning: *** local memory(addr=0xc0000000, size=0xf900000)
[W : PPU[1] Thread (CPUThread)[0x01019010]]: cellGcmSys warning: cellGcmMapEaIoAddress(ea=0x39d10000, io=0x0, size=0x1000000)
[! : RSXThread]: RSX thread entry
[W : PPU[1] Thread (CPUThread)[0x0101d0e8]]: sys_lwmutex warning: sys_lwmutex_destroy(lwmutex_addr=0x30caa648)
[W : PPU[1] Thread (CPUThread)[0x0101d0e8]]: sys_lwmutex warning: sys_lwmutex_destroy(lwmutex_addr=0x30caa688)
[W : PPU[1] Thread (CPUThread)[0x0101d0e8]]: sys_lwmutex warning: sys_lwmutex_destroy(lwmutex_addr=0x312e4f10)
[W : PPU[1] Thread (CPUThread)[0x0101d0e8]]: sys_lwmutex warning: sys_lwmutex_destroy(lwmutex_addr=0x312e4ee8)
[W : PPU[1] Thread (CPUThread)[0x0101d0ac]]: sys_lwmutex warning: *** lwmutex created [GfxResM] (attribute=0x12): sq_id = 409
[W : PPU[1] Thread (CPUThread)[0x0101d0ac]]: sys_lwmutex warning: *** lwmutex created [GfxIdMg] (attribute=0x12): sq_id = 410
[W : PPU[1] Thread (CPUThread)[0x0101d0ac]]: sys_lwmutex warning: *** lwmutex created [GfxResM] (attribute=0x12): sq_id = 411
[W : PPU[1] Thread (CPUThread)[0x0101d0ac]]: sys_lwmutex warning: *** lwmutex created [GfxResM] (attribute=0x12): sq_id = 412
[E : PPU[1] Thread (CPUThread)[0x006be984]]: Write32 to null block: [000000a0]: e13860
[W : PPU[402] Thread (AxlPack:WorkerThread)[0x0101d0a0]]: sys_lwcond_wait(sq=401) aborted
[W : PPU[238] Thread (Axl:Pack:FsOpenWorker)[0x0101d0a0]]: sys_lwcond_wait(sq=236) aborted
[! : RSXThread]: RSX thread exit...
[!]: Closing memory...
