[!]: path: /dev_hdd0/game/
[!]: Loading 'D:\Emulateurs\Rpcs3\dev_hdd0\game\BLES01880-[FINAL FANTASY XX2 HD Remaster]/PS3_GAME/USRDIR/BOOT.BIN'...
[!]: Mount info:
[!]: /dev_hdd0/ -> D:\Emulateurs\Rpcs3\dev_hdd0\
[!]: /dev_hdd1/ -> D:\Emulateurs\Rpcs3\dev_hdd1\
[!]: /dev_flash/ -> D:\Emulateurs\Rpcs3\dev_flash\
[!]: /dev_usb000/ -> D:\Emulateurs\Rpcs3\dev_usb000\
[!]: /dev_usb/ -> D:\Emulateurs\Rpcs3\dev_usb000\
[!]: /app_home/ -> D:\Emulateurs\Rpcs3\dev_hdd0\game\BLES01880-[FINAL FANTASY XX2 HD Remaster]/PS3_GAME/
[!]: /dev_bdvd/ -> D:\Emulateurs\Rpcs3\dev_hdd0\game\BLES01880-[FINAL FANTASY XX2 HD Remaster]/PS3_GAME/\..\
[!]: /host_root/ -> 
[!]: / -> D:\Emulateurs\Rpcs3\dev_hdd0\game\BLES01880-[FINAL FANTASY XX2 HD Remaster]/PS3_GAME/\USRDIR\
[W]: LoadShdr64 error: shstrndx too big!
[!]: Initing memory...
[!]: Memory initialized.
[W]: Unknown function 0x99406d0b in 'sys_fs' module
[E]: TODO: cellFsChmod
[W : PPU[1] Thread (CPUThread)[0x0002c028]]: sys_lwmutex warning: *** lwmutex created [_lc_mtx] (attribute=0x12): sq_id = 3
[W : PPU[1] Thread (CPUThread)[0x00018684]]: memory warning: sys_memory_get_user_memory_size(mem_info_addr=0xd0020c04)
[W : PPU[1] Thread (CPUThread)[0x0002c028]]: sys_lwmutex warning: *** lwmutex created [_lc_mtx] (attribute=0x12): sq_id = 4
[W : PPU[1] Thread (CPUThread)[0x0002c028]]: sys_lwmutex warning: *** lwmutex created [_lc_mtx] (attribute=0x12): sq_id = 5
[W : PPU[1] Thread (CPUThread)[0x0002c028]]: sys_lwmutex warning: *** lwmutex created [_lc_mtx] (attribute=0x12): sq_id = 6
[W : PPU[1] Thread (CPUThread)[0x0002c028]]: sys_lwmutex warning: *** lwmutex created [_lc_mtx] (attribute=0x12): sq_id = 7
[W : PPU[1] Thread (CPUThread)[0x0002c028]]: sys_lwmutex warning: *** lwmutex created [_lc_mtx] (attribute=0x12): sq_id = 8
[W : PPU[1] Thread (CPUThread)[0x0002c028]]: sys_lwmutex warning: *** lwmutex created [_lc_mtx] (attribute=0x12): sq_id = 9
[W : PPU[1] Thread (CPUThread)[0x0002c028]]: sys_lwmutex warning: *** lwmutex created [_lc_mtx] (attribute=0x12): sq_id = 10
[W : PPU[1] Thread (CPUThread)[0x0002c028]]: sys_lwmutex warning: *** lwmutex created [_lc_mtx] (attribute=0x12): sq_id = 11
[W : PPU[1] Thread (CPUThread)[0x0002c028]]: sys_lwmutex warning: *** lwmutex created [_lc_mtx] (attribute=0x12): sq_id = 12
[W : PPU[1] Thread (CPUThread)[0x00024010]]: cellSysmodule warning: cellSysmoduleLoadModule(CELL_SYSMODULE_SYSUTIL_GAME)
[W : PPU[1] Thread (CPUThread)[0x0002601c]]: cellGame warning: cellGameBootCheck(type_addr=0xd0020b10, attributes_addr=0xd0020b14, size_addr=0xd0020b18, dirName_addr=0xd0020b28)
[W : PPU[1] Thread (CPUThread)[0x00024004]]: cellSysmodule warning: cellSysmoduleUnloadModule(CELL_SYSMODULE_SYSUTIL_GAME)
[W : PPU[1] Thread (CPUThread)[0x00012eac]]: SysCall 988! r3: 0x1, r4: 0x0, pc: 0x12eac
[W : PPU[1] Thread (CPUThread)[0x00015020]]: SysCall 988! r3: 0x2, r4: 0x0, pc: 0x15020
[E : PPU[1] Thread (CPUThread)[0x0002c04c]]: Process error: sys_game_process_exitspawn2 UNIMPLEMENTED
[W : PPU[1] Thread (CPUThread)[0x0002c04c]]: Process warning: path: 
[W : PPU[1] Thread (CPUThread)[0x0002c04c]]: Process warning: argv: 0x30100010
[W : PPU[1] Thread (CPUThread)[0x0002c04c]]: Process warning: envp: 0x0
[W : PPU[1] Thread (CPUThread)[0x0002c04c]]: Process warning: data: 0x0
[W : PPU[1] Thread (CPUThread)[0x0002c04c]]: Process warning: data_size: 0x0
[W : PPU[1] Thread (CPUThread)[0x0002c04c]]: Process warning: prio: 1001
[W : PPU[1] Thread (CPUThread)[0x0002c04c]]: Process warning: flags: 112
[!]: Closing memory...
