[!]: path: /dev_hdd0/game/
[!]: Loading 'D:\Emulateurs\Rpcs3\dev_hdd0\game\BLES01092-[Prince of Persia Trilogy 3D]/PS3_GAME/USRDIR/BOOT.BIN'...
[!]: Mount info:
[!]: /dev_hdd0/ -> D:\Emulateurs\Rpcs3/dev_hdd0/
[!]: /dev_hdd1/ -> D:\Emulateurs\Rpcs3/dev_hdd1/
[!]: /dev_flash/ -> D:\Emulateurs\Rpcs3/dev_flash/
[!]: /dev_usb000/ -> D:\Emulateurs\Rpcs3/dev_usb000/
[!]: /dev_usb/ -> D:\Emulateurs\Rpcs3/dev_usb000/
[!]: /app_home/ -> D:\Emulateurs\Rpcs3\dev_hdd0\game\BLES01092-[Prince of Persia Trilogy 3D]/PS3_GAME//USRDIR/
[!]: /dev_bdvd/ -> D:\Emulateurs\Rpcs3\dev_hdd0\game\BLES01092-[Prince of Persia Trilogy 3D]/PS3_GAME//../
[!]: /host_root/ -> 
[!]: / -> D:\Emulateurs\Rpcs3\dev_hdd0\game\BLES01092-[Prince of Persia Trilogy 3D]/PS3_GAME//USRDIR/
[!]: Initing memory...
[!]: Memory initialized.
[W]: Unknown function 0x63387071 in 'cellGcmSys' module
[E]: TODO: cellGcmGetLastFlipTime
[W]: Unknown function 0x99d397ac in 'cellGcmSys' module
[E]: TODO: cellGcmGetReport
[W]: Unknown function 0xa6b180ac in 'cellGcmSys' module
[E]: TODO: cellGcmGetReportDataLocation
[W]: Unknown function 0xd01b570d in 'cellGcmSys' module
[E]: TODO: cellGcmSetGraphicsHandler
[W]: Unknown function 0x0e091c36 in 'cellSysutil' module
[E]: TODO: cellSaveDataUserListAutoSave
[W]: Unknown function 0x0f03cfb0 in 'cellSysutil' module
[E]: TODO: cellSaveDataUserListSave
[W]: Unknown function 0x20543730 in 'cellSysutil' module
[E]: TODO: cellMsgDialogClose
[W]: Unknown function 0x248bd1d8 in 'cellSysutil' module
[E]: TODO: cellSaveDataUserListAutoLoad
[W]: Unknown function 0x39dd8425 in 'cellSysutil' module
[E]: TODO: cellSaveDataUserListLoad
[W]: Unknown function 0x40b34847 in 'cellSysutil' module
[E]: TODO: cellSaveDataUserFixedSave
[W]: Unknown function 0x6e7264ed in 'cellSysutil' module
[E]: TODO: cellSaveDataUserFixedLoad
[W]: Unknown function 0x8b8a2f48 in 'cellSysutil' module
[E]: TODO: cellSaveDataUserFixedDelete
[W]: Unknown function 0x94862702 in 'cellSysutil' module
[E]: TODO: cellMsgDialogProgressBarInc
[W]: Unknown function 0xfbd5c856 in 'cellSysutil' module
[E]: TODO: cellSaveDataAutoLoad2
[W]: Unknown function 0x66f5e388 in 'cellResc' module
[E]: TODO: cellRescGetLastFlipTime
[W]: Unknown function 0xd3758645 in 'cellResc' module
[E]: TODO: cellRescSetVBlankHandler
[W]: Unknown function 0xe0cef79e in 'cellResc' module
[E]: TODO: cellRescCreateInterlaceTable
[W]: Unknown function 0x051ee3ee in 'sys_net' module
[E]: TODO: socketpoll
[W]: Unknown function 0x13efe7f5 in 'sys_net' module
[E]: TODO: getsockname
[W]: Unknown function 0x28e208bb in 'sys_net' module
[E]: TODO: listen
[W]: Unknown function 0x5a045bd1 in 'sys_net' module
[E]: TODO: getsockopt
[W]: Unknown function 0x71f4c717 in 'sys_net' module
[E]: TODO: gethostbyname
[W]: Unknown function 0x858a930b in 'sys_net' module
[E]: TODO: inet_ntoa
[W]: Unknown function 0xdabbc2c0 in 'sys_net' module
[E]: TODO: inet_addr
[W]: Unknown function 0x0968aa36 in 'sceNp' module
[E]: TODO: sceNpManagerGetTicket
[W]: Unknown function 0x155de760 in 'sceNp' module
[E]: TODO: sceNpSignalingGetConnectionInfo
[W]: Unknown function 0x52a6b523 in 'sceNp' module
[E]: TODO: sceNpManagerUnregisterCallback
[W]: Unknown function 0x58fa4fcd in 'sceNp' module
[E]: TODO: sceNpManagerGetTicketParam
[W]: Unknown function 0x60897c38 in 'sceNp' module
[E]: TODO: sceNpSignalingActivateConnection
[W]: Unknown function 0x6356082e in 'sceNp' module
[E]: TODO: sceNpSignalingCreateCtx
[W]: Unknown function 0x7e2fef28 in 'sceNp' module
[E]: TODO: sceNpManagerRequestTicket
[W]: Unknown function 0x8297f1ec in 'sceNp' module
[E]: TODO: sceNpManagerRequestTicket2
[W]: Unknown function 0xa8cf8451 in 'sceNp' module
[E]: TODO: sceNpSignalingDestroyCtx
[W]: Unknown function 0xb1e0718b in 'sceNp' module
[E]: TODO: sceNpManagerGetAccountRegion
[W]: Unknown function 0xca0a2d04 in 'sceNp' module
[E]: TODO: sceNpSignalingGetConnectionStatus
[W]: Unknown function 0xe7dcd3b4 in 'sceNp' module
[E]: TODO: sceNpManagerRegisterCallback
[W]: Unknown function 0xfd0eb5ae in 'sceNp' module
[E]: TODO: sceNpSignalingDeactivateConnection
[W]: Unknown function 0xfe37a7f4 in 'sceNp' module
[E]: TODO: sceNpManagerGetNpId
[W : PPU[1] Thread (CPUThread)[0x00395034]]: sys_lwmutex warning: *** lwmutex created [_lc_mtx] (attribute=0x12): sq_id = 3
[W : PPU[1] Thread (CPUThread)[0x00235a6c]]: memory warning: sys_memory_get_user_memory_size(mem_info_addr=0xd0020c04)
[W : PPU[1] Thread (CPUThread)[0x00395034]]: sys_lwmutex warning: *** lwmutex created [_lc_mtx] (attribute=0x12): sq_id = 4
[W : PPU[1] Thread (CPUThread)[0x00395034]]: sys_lwmutex warning: *** lwmutex created [_lc_mtx] (attribute=0x12): sq_id = 5
[W : PPU[1] Thread (CPUThread)[0x00395034]]: sys_lwmutex warning: *** lwmutex created [_lc_mtx] (attribute=0x12): sq_id = 6
[W : PPU[1] Thread (CPUThread)[0x00395034]]: sys_lwmutex warning: *** lwmutex created [_lc_mtx] (attribute=0x12): sq_id = 7
[W : PPU[1] Thread (CPUThread)[0x00395034]]: sys_lwmutex warning: *** lwmutex created [_lc_mtx] (attribute=0x12): sq_id = 8
[W : PPU[1] Thread (CPUThread)[0x00395034]]: sys_lwmutex warning: *** lwmutex created [_lc_mtx] (attribute=0x12): sq_id = 9
[W : PPU[1] Thread (CPUThread)[0x00395034]]: sys_lwmutex warning: *** lwmutex created [_lc_mtx] (attribute=0x12): sq_id = 10
[W : PPU[1] Thread (CPUThread)[0x00395034]]: sys_lwmutex warning: *** lwmutex created [_lc_mtx] (attribute=0x12): sq_id = 11
[W : PPU[1] Thread (CPUThread)[0x00395034]]: sys_lwmutex warning: *** lwmutex created [_lc_mtx] (attribute=0x12): sq_id = 12
[W : PPU[1] Thread (CPUThread)[0x00395034]]: sys_lwmutex warning: *** lwmutex created [_lgcmtx] (attribute=0x12): sq_id = 13
[W : PPU[1] Thread (CPUThread)[0x00395034]]: sys_lwmutex warning: *** lwmutex created [_lgcmtx] (attribute=0x22): sq_id = 14
[W : PPU[1] Thread (CPUThread)[0x00395034]]: sys_lwmutex warning: *** lwmutex created [_lc_mtx] (attribute=0x12): sq_id = 15
[W : PPU[1] Thread (CPUThread)[0x00395034]]: sys_lwmutex warning: *** lwmutex created [_lc_mtx] (attribute=0x12): sq_id = 16
[W : PPU[1] Thread (CPUThread)[0x00395034]]: sys_lwmutex warning: *** lwmutex created [_lc_mtx] (attribute=0x12): sq_id = 17
[W : PPU[1] Thread (CPUThread)[0x00395034]]: sys_lwmutex warning: *** lwmutex created [_lc_mtx] (attribute=0x12): sq_id = 18
[W : PPU[1] Thread (CPUThread)[0x00395034]]: sys_lwmutex warning: *** lwmutex created [_lc_mtx] (attribute=0x12): sq_id = 19
[W : PPU[1] Thread (CPUThread)[0x00395034]]: sys_lwmutex warning: *** lwmutex created [_lc_mtx] (attribute=0x12): sq_id = 20
[W : PPU[1] Thread (CPUThread)[0x00395034]]: sys_lwmutex warning: *** lwmutex created [_lc_mtx] (attribute=0x12): sq_id = 21
[W : PPU[1] Thread (CPUThread)[0x00395034]]: sys_lwmutex warning: *** lwmutex created [_lc_mtx] (attribute=0x12): sq_id = 22
[W : PPU[1] Thread (CPUThread)[0x00395034]]: sys_lwmutex warning: *** lwmutex created [_lc_mtx] (attribute=0x12): sq_id = 23
[W : PPU[1] Thread (CPUThread)[0x00395034]]: sys_lwmutex warning: *** lwmutex created [_lc_mtx] (attribute=0x12): sq_id = 24
[W : PPU[1] Thread (CPUThread)[0x00395034]]: sys_lwmutex warning: *** lwmutex created [_lc_mtx] (attribute=0x12): sq_id = 25
[W : PPU[1] Thread (CPUThread)[0x00395034]]: sys_lwmutex warning: *** lwmutex created [_lc_mtx] (attribute=0x12): sq_id = 26
[W : PPU[1] Thread (CPUThread)[0x00395034]]: sys_lwmutex warning: *** lwmutex created [] (attribute=0x22): sq_id = 27
[W : PPU[1] Thread (CPUThread)[0x00395034]]: sys_lwmutex warning: *** lwmutex created [] (attribute=0x22): sq_id = 28
[W : PPU[1] Thread (CPUThread)[0x00318010]]: cellSysmodule warning: cellSysmoduleLoadModule(CELL_SYSMODULE_SYSUTIL_SAVEDATA)
[W : PPU[1] Thread (CPUThread)[0x00395034]]: sys_lwmutex warning: *** lwmutex created [] (attribute=0x12): sq_id = 29
[W : PPU[1] Thread (CPUThread)[0x00395034]]: sys_lwmutex warning: *** lwmutex created [] (attribute=0x12): sq_id = 30
[W : PPU[1] Thread (CPUThread)[0x00395034]]: sys_lwmutex warning: *** lwmutex created [] (attribute=0x12): sq_id = 31
[W : PPU[1] Thread (CPUThread)[0x00395034]]: sys_lwmutex warning: *** lwmutex created [] (attribute=0x12): sq_id = 32
[W : PPU[1] Thread (CPUThread)[0x00395034]]: sys_lwmutex warning: *** lwmutex created [] (attribute=0x12): sq_id = 33
[W : PPU[1] Thread (CPUThread)[0x00395034]]: sys_lwmutex warning: *** lwmutex created [] (attribute=0x12): sq_id = 34
[W : PPU[1] Thread (CPUThread)[0x00395034]]: sys_lwmutex warning: *** lwmutex created [] (attribute=0x12): sq_id = 35
[W : PPU[1] Thread (CPUThread)[0x00395034]]: sys_lwmutex warning: *** lwmutex created [] (attribute=0x12): sq_id = 36
[W : PPU[1] Thread (CPUThread)[0x00395034]]: sys_lwmutex warning: *** lwmutex created [] (attribute=0x12): sq_id = 37
[W : PPU[1] Thread (CPUThread)[0x00395034]]: sys_lwmutex warning: *** lwmutex created [] (attribute=0x12): sq_id = 38
[W : PPU[1] Thread (CPUThread)[0x00395034]]: sys_lwmutex warning: *** lwmutex created [] (attribute=0x12): sq_id = 39
[W : PPU[1] Thread (CPUThread)[0x00395034]]: sys_lwmutex warning: *** lwmutex created [] (attribute=0x12): sq_id = 40
[W : PPU[1] Thread (CPUThread)[0x00395034]]: sys_lwmutex warning: *** lwmutex created [] (attribute=0x12): sq_id = 41
[W : PPU[1] Thread (CPUThread)[0x00395034]]: sys_lwmutex warning: *** lwmutex created [] (attribute=0x12): sq_id = 42
[W : PPU[1] Thread (CPUThread)[0x00318010]]: cellSysmodule warning: cellSysmoduleLoadModule(CELL_SYSMODULE_IO)
[W : PPU[1] Thread (CPUThread)[0x00318010]]: cellSysmodule warning: cellSysmoduleLoadModule(CELL_SYSMODULE_FS)
[W : PPU[1] Thread (CPUThread)[0x00318010]]: cellSysmodule warning: cellSysmoduleLoadModule(CELL_SYSMODULE_SYSUTIL_GAME)
[W : PPU[1] Thread (CPUThread)[0x00383058]]: cellGame warning: cellGameBootCheck(type_addr=0xd0020bb0, attributes_addr=0xd0020bb4, size_addr=0x354540, dirName_addr=0xd0020bb8)
[W : PPU[1] Thread (CPUThread)[0x0038301c]]: cellGame warning: cellGameContentPermit(contentInfoPath_addr=0x3545d0, usrdirPath_addr=0x354550)
[W : PPU[1] Thread (CPUThread)[0x00318010]]: cellSysmodule warning: cellSysmoduleLoadModule(CELL_SYSMODULE_NET)
[W : PPU[1] Thread (CPUThread)[0x00318010]]: cellSysmodule warning: cellSysmoduleLoadModule(CELL_SYSMODULE_IO)
[W : PPU[1] Thread (CPUThread)[0x00318010]]: cellSysmodule warning: cellSysmoduleLoadModule(CELL_SYSMODULE_USBD)
[W : PPU[1] Thread (CPUThread)[0x00318010]]: cellSysmodule warning: cellSysmoduleLoadModule(CELL_SYSMODULE_GCM_SYS)
[W : PPU[1] Thread (CPUThread)[0x00318010]]: cellSysmodule warning: cellSysmoduleLoadModule(CELL_SYSMODULE_RESC)
[W : PPU[1] Thread (CPUThread)[0x002a3fb4]]: sys_spu warning: sys_spu_initialize(max_usable_spu=6, max_raw_spu=3)
[E : PPU[1] Thread (CPUThread)[0x00230300]]: sys_fs error: "/app_home/fwArgs.txt" not found! flags: 0x00000000
[W : PPU[1] Thread (CPUThread)[0x00318010]]: cellSysmodule warning: cellSysmoduleLoadModule(CELL_SYSMODULE_AVCONF_EXT)
[W : PPU[1] Thread (CPUThread)[0x00318010]]: cellSysmodule warning: cellSysmoduleLoadModule(CELL_SYSMODULE_GCM_SYS)
[W : PPU[1] Thread (CPUThread)[0x00318010]]: cellSysmodule warning: cellSysmoduleLoadModule(CELL_SYSMODULE_RESC)
[W : PPU[1] Thread (CPUThread)[0x0003f0f8]]: sys_spu warning: sys_raw_spu_create(id_addr=0x354a64, attr_addr=0xd0020a00)
[W : PPU[1] Thread (CPUThread)[0x0003f4a8]]: RawSPUThread[0]: Read32(MFC_CMDStatus)
[W : PPU[1] Thread (CPUThread)[0x0003f4a8]]: RawSPUThread[0]: Read32(MFC_CMDStatus)
[W : PPU[1] Thread (CPUThread)[0x0003f7a4]]: RawSPUThread[0]: Write32(Prxy_QueryMask, 0x80000000)
[W : PPU[1] Thread (CPUThread)[0x0003f7a8]]: RawSPUThread[0]: Write32(Prxy_QueryType, 0x2)
[W : PPU[1] Thread (CPUThread)[0x0003f7a8]]: RawSPUThread[0]: Prxy Query Immediate.
[W : PPU[1] Thread (CPUThread)[0x0003f7b8]]: RawSPUThread[0]: Read32(MFC_QStatus)
[W : PPU[1] Thread (CPUThread)[0x0003f7f8]]: RawSPUThread[0]: Write32(SPU_NPC, 0xe0)
[W : PPU[1] Thread (CPUThread)[0x0003ee98]]: RawSPUThread[0]: Write32(SPU_NPC, 0xe0)
[W : PPU[1] Thread (CPUThread)[0x0003ee6c]]: RawSPUThread[0]: Write32(SPU_RunCntl, 0x1)
[W : RawSPU[43] Thread (CPUThread)[0x000000e0]]: Starting RawSPU...
[W : PPU[1] Thread (CPUThread)[0x0003758c]]: RawSPUThread[0]: Read32(SPU_Out_MBox)
[W : PPU[1] Thread (CPUThread)[0x000375c8]]: RawSPUThread[0]: Read32(SPU_Out_MBox)
[W : PPU[1] Thread (CPUThread)[0x00316010]]: cellGcmSys warning: cellGcmInit(context_addr=0x3814c0,cmdSize=0x10000,ioSize=0x900000,ioAddress=0x30200000)
[W : PPU[1] Thread (CPUThread)[0x00316010]]: cellGcmSys warning: *** local memory(addr=0xc0000000, size=0xf900000)
[W : PPU[1] Thread (CPUThread)[0x00316010]]: cellGcmSys warning: cellGcmMapEaIoAddress(ea=0x30200000, io=0x0, size=0x900000)
[! : RSXThread]: RSX thread entry
[W : PPU[1] Thread (CPUThread)[0x00316070]]: cellGcmSys warning: cellGcmSetDebugOutputLevel(level=2)
[E : PPU[1] Thread (CPUThread)[0x0031616c]]: TODO: cellGcmSetGraphicsHandler
[E : RSXThread]: TODO: unknown/illegal method [0x00001fec](0x0)
[E : RSXThread]: TODO: cellGcmSetTwoSideLightEn(0x0)
[E : RSXThread]: TODO: cellGcmSetFrequencyDividerOperation(0x0)
[E : RSXThread]: TODO: cellGcmSetLogicOp(0x1503)
[E : RSXThread]: TODO: cellGcmSetPolygonOffsetScaleFactor(0x0, 0x0)
[E : RSXThread]: TODO: cellGcmSetPointSize(0x3f800000)
[W : PPU[1] Thread (CPUThread)[0x00316094]]: cellGcmSys warning: cellGcmMapEaIoAddress(ea=0x30d00000, io=0xe000000, size=0x100000)
[W : PPU[1] Thread (CPUThread)[0x00316184]]: cellGcmSys warning: cellGcmUnbindTile(index=0)
[W : PPU[1] Thread (CPUThread)[0x00316184]]: cellGcmSys warning: cellGcmUnbindTile(index=1)
[W : PPU[1] Thread (CPUThread)[0x00316184]]: cellGcmSys warning: cellGcmUnbindTile(index=2)
[W : PPU[1] Thread (CPUThread)[0x00316184]]: cellGcmSys warning: cellGcmUnbindTile(index=3)
[W : PPU[1] Thread (CPUThread)[0x00316184]]: cellGcmSys warning: cellGcmUnbindTile(index=4)
[W : PPU[1] Thread (CPUThread)[0x00316184]]: cellGcmSys warning: cellGcmUnbindTile(index=5)
[W : PPU[1] Thread (CPUThread)[0x00316184]]: cellGcmSys warning: cellGcmUnbindTile(index=6)
[W : PPU[1] Thread (CPUThread)[0x00316184]]: cellGcmSys warning: cellGcmUnbindTile(index=7)
[W : PPU[1] Thread (CPUThread)[0x00316184]]: cellGcmSys warning: cellGcmUnbindTile(index=8)
[W : PPU[1] Thread (CPUThread)[0x00316184]]: cellGcmSys warning: cellGcmUnbindTile(index=9)
[W : PPU[1] Thread (CPUThread)[0x00316184]]: cellGcmSys warning: cellGcmUnbindTile(index=10)
[W : PPU[1] Thread (CPUThread)[0x00316184]]: cellGcmSys warning: cellGcmUnbindTile(index=11)
[W : PPU[1] Thread (CPUThread)[0x00316184]]: cellGcmSys warning: cellGcmUnbindTile(index=12)
[W : PPU[1] Thread (CPUThread)[0x00316184]]: cellGcmSys warning: cellGcmUnbindTile(index=13)
[W : PPU[1] Thread (CPUThread)[0x00316184]]: cellGcmSys warning: cellGcmUnbindTile(index=14)
[W : PPU[1] Thread (CPUThread)[0x00316148]]: cellGcmSys warning: cellGcmSetTileInfo(index=0, location=0, offset=246022144, size=15073280, pitch=10240, comp=8, base=1, bank=0)
[E : PPU[1] Thread (CPUThread)[0x00316148]]: cellGcmSys error: cellGcmSetTileInfo: bad comp! (8)
[W : PPU[1] Thread (CPUThread)[0x00316058]]: cellGcmSys warning: cellGcmBindTile(index=0)
[W : PPU[1] Thread (CPUThread)[0x00316148]]: cellGcmSys warning: cellGcmSetTileInfo(index=1, location=0, offset=230948864, size=15073280, pitch=10240, comp=8, base=231, bank=0)
[E : PPU[1] Thread (CPUThread)[0x00316148]]: cellGcmSys error: cellGcmSetTileInfo: bad comp! (8)
[W : PPU[1] Thread (CPUThread)[0x00316058]]: cellGcmSys warning: cellGcmBindTile(index=1)
[W : PPU[1] Thread (CPUThread)[0x00316148]]: cellGcmSys warning: cellGcmSetTileInfo(index=2, location=0, offset=227016704, size=3932160, pitch=5120, comp=0, base=0, bank=0)
[W : PPU[1] Thread (CPUThread)[0x00316058]]: cellGcmSys warning: cellGcmBindTile(index=2)
[W : PPU[1] Thread (CPUThread)[0x00316148]]: cellGcmSys warning: cellGcmSetTileInfo(index=2, location=0, offset=223084544, size=7864320, pitch=5120, comp=0, base=0, bank=0)
[W : PPU[1] Thread (CPUThread)[0x00316058]]: cellGcmSys warning: cellGcmBindTile(index=2)
[W : PPU[1] Thread (CPUThread)[0x00316148]]: cellGcmSys warning: cellGcmSetTileInfo(index=3, location=0, offset=208011264, size=15073280, pitch=10240, comp=10, base=461, bank=3)
[E : PPU[1] Thread (CPUThread)[0x00316148]]: cellGcmSys error: cellGcmSetTileInfo: bad comp! (10)
[W : PPU[1] Thread (CPUThread)[0x00316058]]: cellGcmSys warning: cellGcmBindTile(index=3)
[W : PPU[1] Thread (CPUThread)[0x003160dc]]: cellGcmSys warning: TODO: cellGcmBindZcull(index=0)
[W : PPU[1] Thread (CPUThread)[0x0009d198]]: sys_semaphore warning: sys_semaphore_create(sem_addr=0x355128, attr_addr=0xd0020860, initial_count=1, max_count=2)
[W : PPU[1] Thread (CPUThread)[0x003160f4]]: cellGcmSys warning: cellGcmSetFlipHandler(handler_addr=3312432)
[E : PPU[1] Thread (CPUThread)[0x00316130]]: cellGcmSys error: Unimplemented function: cellGcmSetVBlankHandler
[W : PPU[1] Thread (CPUThread)[0x0031a010]]: cellSysutil warning: cellVideoOutConfigure(videoOut=0, config_addr=0xd0020830, option_addr=0x0, waitForEvent=0x0)
[W : PPU[1] Thread (CPUThread)[0x00316064]]: cellGcmSys warning: cellGcmSetFlipMode(mode=1)
[W : PPU[1] Thread (CPUThread)[0x00316100]]: cellGcmSys warning: cellGcmSetDisplayBuffer(id=0x0,offset=0xd880000,pitch=4,width=1280,height=720)
[W : PPU[1] Thread (CPUThread)[0x00316100]]: cellGcmSys warning: cellGcmSetDisplayBuffer(id=0x1,offset=0xd4c0000,pitch=4,width=1280,height=720)
[W : PPU[1] Thread (CPUThread)[0x0003e864]]: sys_mutex warning: *** mutex created [] (protocol=0x2, recursive=false): id = 45
[W : PPU[1] Thread (CPUThread)[0x0003ea0c]]: sys_cond warning: *** condition created [] (mutex_id=45): id = 46
[W : PPU[1] Thread (CPUThread)[0x0031a0c4]]: cellSysutil warning: cellSysutilRegisterCallback(slot=1, func_addr=0x32b318, userdata=0x3014bca0)
[W : PPU[1] Thread (CPUThread)[0x00318010]]: cellSysmodule warning: cellSysmoduleLoadModule(CELL_SYSMODULE_NETCTL)
[W : PPU[1] Thread (CPUThread)[0x00318010]]: cellSysmodule warning: cellSysmoduleLoadModule(CELL_SYSMODULE_NET)
[W : PPU[1] Thread (CPUThread)[0x0031a070]]: cellSysutil warning: cellSysutilGetSystemParamInt: CELL_SYSUTIL_SYSTEMPARAM_ID_CURRENT_USER_HAS_NP_ACCOUNT
[W : PPU[1] Thread (CPUThread)[0x0031a070]]: cellSysutil warning: cellSysutilGetSystemParamInt: CELL_SYSUTIL_SYSTEMPARAM_ID_LANG
[W : PPU[1] Thread (CPUThread)[0x00230300]]: *** cellFsOpen(path="/dev_bdvd/PS3_GAME/USRDIR/DATA/names.txt"): fd = 47
[W : PPU[1] Thread (CPUThread)[0x00395034]]: sys_lwmutex warning: *** lwmutex created [_lc_mtx] (attribute=0x12): sq_id = 48
[W : PPU[1] Thread (CPUThread)[0x00316064]]: cellGcmSys warning: cellGcmSetFlipMode(mode=2)
[E : PPU[1] Thread (CPUThread)[0x00316118]]: TODO: cellGcmGetReportDataLocation
[E : PPU[1] Thread (CPUThread)[0x00316118]]: TODO: cellGcmGetReportDataLocation
[E : PPU[1] Thread (CPUThread)[0x00316118]]: TODO: cellGcmGetReportDataLocation
[E : PPU[1] Thread (CPUThread)[0x00316118]]: TODO: cellGcmGetReportDataLocation
[E : RSXThread]: TODO: cellGcmSetLineStipple(0x0)
[E : RSXThread]: TODO: cellGcmSetPolygonStipple(0x0)
[E : RSXThread]: TODO: cellGcmSetContextDmaReport(0xbad68000)
[E : RSXThread]: TODO: cellGcmSetZcullStatsEnable(0x0)
[E : RSXThread]: NV4097_GET_REPORT: bad type 2
[E : RSXThread]: NV4097_GET_REPORT: bad type 3
[E : RSXThread]: NV4097_GET_REPORT: bad type 4
[E : RSXThread]: NV4097_GET_REPORT: bad type 5
[E : RSXThread]: TODO: cellGcmClearReportValue(0x2)
[E : RSXThread]: TODO: cellGcmSetZcullStatsEnable(0x1)
[W : PPU[1] Thread (CPUThread)[0x0031a0d0]]: cellSysutil warning: cellAudioOutGetSoundAvailability(audioOut=0, type=0, fs=0x4, option=0)
[W : PPU[1] Thread (CPUThread)[0x0031a07c]]: cellSysutil warning: cellAudioOutConfigure(audioOut=0, config_addr=0xd0020778, option_addr=0x0, (!)waitForEvent=0)
[W : PPU[1] Thread (CPUThread)[0x0031a0dc]]: cellSysutil warning: cellAudioOutSetCopyControl(audioOut=0,control=0)
[W : PPU[1] Thread (CPUThread)[0x0038d004]]: cellAudio warning: cellAudioInit()
[! : Audio Thread]: Audio started
[W : PPU[1] Thread (CPUThread)[0x00037db8]]: RawSPUThread[0]: Write32(SPU_In_MBox, 0x80000)
[W : PPU[1] Thread (CPUThread)[0x00037db8]]: RawSPUThread[0]: Write32(SPU_In_MBox, 0x120001)
[W : PPU[1] Thread (CPUThread)[0x00037e3c]]: RawSPUThread[0]: Read32(SPU_Out_MBox)
[W : PPU[1] Thread (CPUThread)[0x00037db8]]: RawSPUThread[0]: Write32(SPU_In_MBox, 0x80002)
[W : PPU[1] Thread (CPUThread)[0x00037db8]]: RawSPUThread[0]: Write32(SPU_In_MBox, 0x120003)
[W : PPU[1] Thread (CPUThread)[0x00037e3c]]: RawSPUThread[0]: Read32(SPU_Out_MBox)
[W : PPU[1] Thread (CPUThread)[0x00230300]]: *** cellFsOpen(path="/dev_bdvd/PS3_GAME/USRDIR/DATA/binks/ubisoft_720.bik"): fd = 49
[W : PPU[1] Thread (CPUThread)[0x0038d04c]]: cellAudio warning: cellAudioPortOpen(audioParam_addr=0xd001ff30, portNum_addr=0x34f6b8)
[W : PPU[1] Thread (CPUThread)[0x0038d04c]]: cellAudio warning: *** audio port opened(nChannel=2, nBlock=16, attr=0x1000, level=1.000000): port = 0
[W : PPU[1] Thread (CPUThread)[0x0038d028]]: cellAudio warning: cellAudioGetPortConfig(portNum=0x0, portConfig_addr=0xd001ff50)
[W : PPU[1] Thread (CPUThread)[0x002a60fc]]: sys_mutex warning: *** mutex created [binkliba] (protocol=0x1, recursive=true): id = 50
[W : PPU[1] Thread (CPUThread)[0x002a6114]]: sys_mutex warning: *** mutex created [binkliba] (protocol=0x1, recursive=true): id = 51
[W : PPU[1] Thread (CPUThread)[0x002bbec8]]: sys_mutex warning: *** mutex created [radcb] (protocol=0x1, recursive=true): id = 53
[W : PPU[1] Thread (CPUThread)[0x002bbef4]]: sys_mutex warning: *** mutex created [radcb] (protocol=0x1, recursive=true): id = 54
[W : PPU[1] Thread (CPUThread)[0x002bc01c]]: sysPrxForUser warning: sys_ppu_thread_set_priority(thread_id=55, prio=650)
[W : PPU[1] Thread (CPUThread)[0x002bc038]]: sys_mutex warning: *** mutex created [radcb] (protocol=0x1, recursive=true): id = 56
[W : PPU[1] Thread (CPUThread)[0x00230300]]: *** cellFsOpen(path="/dev_bdvd/PS3_GAME/USRDIR/DATA/languages/fr/1280/sot_on.dds"): fd = 57
[W : PPU[1] Thread (CPUThread)[0x00395034]]: sys_lwmutex warning: *** lwmutex created [_lc_mtx] (attribute=0x12): sq_id = 58
[W : PPU[1] Thread (CPUThread)[0x00230278]]: sys_fs warning: cellFsClose(fd=57)
[W : PPU[1] Thread (CPUThread)[0x003950a0]]: sys_lwmutex warning: sys_lwmutex_destroy(lwmutex_addr=0x30191ab0)
[W : PPU[1] Thread (CPUThread)[0x00037db8]]: RawSPUThread[0]: Write32(SPU_In_MBox, 0x4)
[W : PPU[1] Thread (CPUThread)[0x00037db8]]: RawSPUThread[0]: Write32(SPU_In_MBox, 0x120005)
[W : PPU[1] Thread (CPUThread)[0x00037e3c]]: RawSPUThread[0]: Read32(SPU_Out_MBox)
[W : PPU[1] Thread (CPUThread)[0x00230300]]: *** cellFsOpen(path="/dev_bdvd/PS3_GAME/USRDIR/DATA/languages/fr/1280/sot_off.dds"): fd = 59
[W : PPU[1] Thread (CPUThread)[0x00395034]]: sys_lwmutex warning: *** lwmutex created [_lc_mtx] (attribute=0x12): sq_id = 60
[W : PPU[1] Thread (CPUThread)[0x00230278]]: sys_fs warning: cellFsClose(fd=59)
[W : PPU[1] Thread (CPUThread)[0x003950a0]]: sys_lwmutex warning: sys_lwmutex_destroy(lwmutex_addr=0x301e1070)
[W : PPU[1] Thread (CPUThread)[0x00037db8]]: RawSPUThread[0]: Write32(SPU_In_MBox, 0x6)
[W : PPU[1] Thread (CPUThread)[0x00037db8]]: RawSPUThread[0]: Write32(SPU_In_MBox, 0x120007)
[W : PPU[1] Thread (CPUThread)[0x00037e3c]]: RawSPUThread[0]: Read32(SPU_Out_MBox)
[W : PPU[1] Thread (CPUThread)[0x00230300]]: *** cellFsOpen(path="/dev_bdvd/PS3_GAME/USRDIR/DATA/languages/fr/1280/sot_on_caption.dds"): fd = 61
[W : PPU[1] Thread (CPUThread)[0x00395034]]: sys_lwmutex warning: *** lwmutex created [_lc_mtx] (attribute=0x12): sq_id = 62
[W : PPU[1] Thread (CPUThread)[0x00230278]]: sys_fs warning: cellFsClose(fd=61)
[W : PPU[1] Thread (CPUThread)[0x003950a0]]: sys_lwmutex warning: sys_lwmutex_destroy(lwmutex_addr=0x301ecd30)
[W : PPU[1] Thread (CPUThread)[0x00037db8]]: RawSPUThread[0]: Write32(SPU_In_MBox, 0x8)
[W : PPU[1] Thread (CPUThread)[0x00037db8]]: RawSPUThread[0]: Write32(SPU_In_MBox, 0x120009)
[W : PPU[1] Thread (CPUThread)[0x00037e3c]]: RawSPUThread[0]: Read32(SPU_Out_MBox)
[W : PPU[1] Thread (CPUThread)[0x00230300]]: *** cellFsOpen(path="/dev_bdvd/PS3_GAME/USRDIR/DATA/languages/fr/1280/sot_off_caption.dds"): fd = 63
[W : PPU[1] Thread (CPUThread)[0x00395034]]: sys_lwmutex warning: *** lwmutex created [_lc_mtx] (attribute=0x12): sq_id = 64
[W : PPU[1] Thread (CPUThread)[0x00230278]]: sys_fs warning: cellFsClose(fd=63)
[W : PPU[1] Thread (CPUThread)[0x003950a0]]: sys_lwmutex warning: sys_lwmutex_destroy(lwmutex_addr=0x301fc020)
[W : PPU[1] Thread (CPUThread)[0x00037db8]]: RawSPUThread[0]: Write32(SPU_In_MBox, 0xa)
[W : PPU[1] Thread (CPUThread)[0x00037db8]]: RawSPUThread[0]: Write32(SPU_In_MBox, 0x12000b)
[W : PPU[1] Thread (CPUThread)[0x00037e3c]]: RawSPUThread[0]: Read32(SPU_Out_MBox)
[W : PPU[1] Thread (CPUThread)[0x00230300]]: *** cellFsOpen(path="/dev_bdvd/PS3_GAME/USRDIR/DATA/languages/fr/1280/select_hint.dds"): fd = 65
[W : PPU[1] Thread (CPUThread)[0x00395034]]: sys_lwmutex warning: *** lwmutex created [_lc_mtx] (attribute=0x12): sq_id = 66
[W : PPU[1] Thread (CPUThread)[0x00230278]]: sys_fs warning: cellFsClose(fd=65)
[W : PPU[1] Thread (CPUThread)[0x003950a0]]: sys_lwmutex warning: sys_lwmutex_destroy(lwmutex_addr=0x3015cd90)
[W : PPU[1] Thread (CPUThread)[0x00037db8]]: RawSPUThread[0]: Write32(SPU_In_MBox, 0xc)
[W : PPU[1] Thread (CPUThread)[0x00037db8]]: RawSPUThread[0]: Write32(SPU_In_MBox, 0x12000d)
[W : PPU[1] Thread (CPUThread)[0x00037e3c]]: RawSPUThread[0]: Read32(SPU_Out_MBox)
[W : PPU[1] Thread (CPUThread)[0x00230300]]: *** cellFsOpen(path="/dev_bdvd/PS3_GAME/USRDIR/DATA/languages/fr/1280/ww_on.dds"): fd = 67
[W : PPU[1] Thread (CPUThread)[0x00395034]]: sys_lwmutex warning: *** lwmutex created [_lc_mtx] (attribute=0x12): sq_id = 68
[W : PPU[1] Thread (CPUThread)[0x00230278]]: sys_fs warning: cellFsClose(fd=67)
[W : PPU[1] Thread (CPUThread)[0x003950a0]]: sys_lwmutex warning: sys_lwmutex_destroy(lwmutex_addr=0x301f68e0)
[W : PPU[1] Thread (CPUThread)[0x00037db8]]: RawSPUThread[0]: Write32(SPU_In_MBox, 0xe)
[W : PPU[1] Thread (CPUThread)[0x00037db8]]: RawSPUThread[0]: Write32(SPU_In_MBox, 0x12000f)
[W : PPU[1] Thread (CPUThread)[0x00037e3c]]: RawSPUThread[0]: Read32(SPU_Out_MBox)
[W : PPU[1] Thread (CPUThread)[0x00230300]]: *** cellFsOpen(path="/dev_bdvd/PS3_GAME/USRDIR/DATA/languages/fr/1280/ww_off.dds"): fd = 69
[W : PPU[1] Thread (CPUThread)[0x00395034]]: sys_lwmutex warning: *** lwmutex created [_lc_mtx] (attribute=0x12): sq_id = 70
[W : PPU[1] Thread (CPUThread)[0x00230278]]: sys_fs warning: cellFsClose(fd=69)
[W : PPU[1] Thread (CPUThread)[0x003950a0]]: sys_lwmutex warning: sys_lwmutex_destroy(lwmutex_addr=0x301f79f0)
[W : PPU[1] Thread (CPUThread)[0x00037db8]]: RawSPUThread[0]: Write32(SPU_In_MBox, 0x0)
[W : PPU[1] Thread (CPUThread)[0x00037db8]]: RawSPUThread[0]: Write32(SPU_In_MBox, 0x120001)
[W : PPU[1] Thread (CPUThread)[0x00037e3c]]: RawSPUThread[0]: Read32(SPU_Out_MBox)
[W : PPU[1] Thread (CPUThread)[0x00230300]]: *** cellFsOpen(path="/dev_bdvd/PS3_GAME/USRDIR/DATA/languages/fr/1280/ww_on_caption.dds"): fd = 71
[W : PPU[1] Thread (CPUThread)[0x00395034]]: sys_lwmutex warning: *** lwmutex created [_lc_mtx] (attribute=0x12): sq_id = 72
[W : PPU[1] Thread (CPUThread)[0x00230278]]: sys_fs warning: cellFsClose(fd=71)
[W : PPU[1] Thread (CPUThread)[0x003950a0]]: sys_lwmutex warning: sys_lwmutex_destroy(lwmutex_addr=0x301b3590)
[W : PPU[1] Thread (CPUThread)[0x00037db8]]: RawSPUThread[0]: Write32(SPU_In_MBox, 0x2)
[W : PPU[1] Thread (CPUThread)[0x00037db8]]: RawSPUThread[0]: Write32(SPU_In_MBox, 0x120003)
[W : PPU[1] Thread (CPUThread)[0x00037e3c]]: RawSPUThread[0]: Read32(SPU_Out_MBox)
[W : PPU[1] Thread (CPUThread)[0x00230300]]: *** cellFsOpen(path="/dev_bdvd/PS3_GAME/USRDIR/DATA/languages/fr/1280/ww_off_caption.dds"): fd = 73
[W : PPU[1] Thread (CPUThread)[0x00395034]]: sys_lwmutex warning: *** lwmutex created [_lc_mtx] (attribute=0x12): sq_id = 74
[W : PPU[1] Thread (CPUThread)[0x00230278]]: sys_fs warning: cellFsClose(fd=73)
[W : PPU[1] Thread (CPUThread)[0x003950a0]]: sys_lwmutex warning: sys_lwmutex_destroy(lwmutex_addr=0x301f1c90)
[W : PPU[1] Thread (CPUThread)[0x00037db8]]: RawSPUThread[0]: Write32(SPU_In_MBox, 0x4)
[W : PPU[1] Thread (CPUThread)[0x00037db8]]: RawSPUThread[0]: Write32(SPU_In_MBox, 0x120005)
[W : PPU[1] Thread (CPUThread)[0x00037e3c]]: RawSPUThread[0]: Read32(SPU_Out_MBox)
[W : PPU[1] Thread (CPUThread)[0x00230300]]: *** cellFsOpen(path="/dev_bdvd/PS3_GAME/USRDIR/DATA/languages/fr/1280/select_hint.dds"): fd = 75
[W : PPU[1] Thread (CPUThread)[0x00395034]]: sys_lwmutex warning: *** lwmutex created [_lc_mtx] (attribute=0x12): sq_id = 76
[W : PPU[1] Thread (CPUThread)[0x00230278]]: sys_fs warning: cellFsClose(fd=75)
[W : PPU[1] Thread (CPUThread)[0x003950a0]]: sys_lwmutex warning: sys_lwmutex_destroy(lwmutex_addr=0x301f3580)
[W : PPU[1] Thread (CPUThread)[0x00037db8]]: RawSPUThread[0]: Write32(SPU_In_MBox, 0x6)
[W : PPU[1] Thread (CPUThread)[0x00037db8]]: RawSPUThread[0]: Write32(SPU_In_MBox, 0x120007)
[W : PPU[1] Thread (CPUThread)[0x00037e3c]]: RawSPUThread[0]: Read32(SPU_Out_MBox)
[W : PPU[1] Thread (CPUThread)[0x00230300]]: *** cellFsOpen(path="/dev_bdvd/PS3_GAME/USRDIR/DATA/languages/fr/1280/tt_on.dds"): fd = 77
[W : PPU[1] Thread (CPUThread)[0x00395034]]: sys_lwmutex warning: *** lwmutex created [_lc_mtx] (attribute=0x12): sq_id = 78
[W : PPU[1] Thread (CPUThread)[0x00230278]]: sys_fs warning: cellFsClose(fd=77)
[W : PPU[1] Thread (CPUThread)[0x003950a0]]: sys_lwmutex warning: sys_lwmutex_destroy(lwmutex_addr=0x30c19dc0)
[W : PPU[1] Thread (CPUThread)[0x00037db8]]: RawSPUThread[0]: Write32(SPU_In_MBox, 0x8)
[W : PPU[1] Thread (CPUThread)[0x00037db8]]: RawSPUThread[0]: Write32(SPU_In_MBox, 0x120009)
[W : PPU[1] Thread (CPUThread)[0x00037e3c]]: RawSPUThread[0]: Read32(SPU_Out_MBox)
[W : PPU[1] Thread (CPUThread)[0x00230300]]: *** cellFsOpen(path="/dev_bdvd/PS3_GAME/USRDIR/DATA/languages/fr/1280/tt_off.dds"): fd = 79
[W : PPU[1] Thread (CPUThread)[0x00395034]]: sys_lwmutex warning: *** lwmutex created [_lc_mtx] (attribute=0x12): sq_id = 80
[W : PPU[1] Thread (CPUThread)[0x00230278]]: sys_fs warning: cellFsClose(fd=79)
[W : PPU[1] Thread (CPUThread)[0x003950a0]]: sys_lwmutex warning: sys_lwmutex_destroy(lwmutex_addr=0x30c2c2c0)
[W : PPU[1] Thread (CPUThread)[0x00037db8]]: RawSPUThread[0]: Write32(SPU_In_MBox, 0xa)
[W : PPU[1] Thread (CPUThread)[0x00037db8]]: RawSPUThread[0]: Write32(SPU_In_MBox, 0x12000b)
[W : PPU[1] Thread (CPUThread)[0x00037e3c]]: RawSPUThread[0]: Read32(SPU_Out_MBox)
[W : PPU[1] Thread (CPUThread)[0x00230300]]: *** cellFsOpen(path="/dev_bdvd/PS3_GAME/USRDIR/DATA/languages/fr/1280/tt_on_caption.dds"): fd = 81
[W : PPU[1] Thread (CPUThread)[0x00395034]]: sys_lwmutex warning: *** lwmutex created [_lc_mtx] (attribute=0x12): sq_id = 82
[W : PPU[1] Thread (CPUThread)[0x00230278]]: sys_fs warning: cellFsClose(fd=81)
[W : PPU[1] Thread (CPUThread)[0x003950a0]]: sys_lwmutex warning: sys_lwmutex_destroy(lwmutex_addr=0x30c2f890)
[W : PPU[1] Thread (CPUThread)[0x00037db8]]: RawSPUThread[0]: Write32(SPU_In_MBox, 0xc)
[W : PPU[1] Thread (CPUThread)[0x00037db8]]: RawSPUThread[0]: Write32(SPU_In_MBox, 0x12000d)
[W : PPU[1] Thread (CPUThread)[0x00037e3c]]: RawSPUThread[0]: Read32(SPU_Out_MBox)
[W : PPU[1] Thread (CPUThread)[0x00230300]]: *** cellFsOpen(path="/dev_bdvd/PS3_GAME/USRDIR/DATA/languages/fr/1280/tt_off_caption.dds"): fd = 83
[W : PPU[1] Thread (CPUThread)[0x00395034]]: sys_lwmutex warning: *** lwmutex created [_lc_mtx] (attribute=0x12): sq_id = 84
[W : PPU[1] Thread (CPUThread)[0x00230278]]: sys_fs warning: cellFsClose(fd=83)
[W : PPU[1] Thread (CPUThread)[0x003950a0]]: sys_lwmutex warning: sys_lwmutex_destroy(lwmutex_addr=0x30c30f90)
[W : PPU[1] Thread (CPUThread)[0x00037db8]]: RawSPUThread[0]: Write32(SPU_In_MBox, 0xe)
[W : PPU[1] Thread (CPUThread)[0x00037db8]]: RawSPUThread[0]: Write32(SPU_In_MBox, 0x12000f)
[W : PPU[1] Thread (CPUThread)[0x00037e3c]]: RawSPUThread[0]: Read32(SPU_Out_MBox)
[W : PPU[1] Thread (CPUThread)[0x00230300]]: *** cellFsOpen(path="/dev_bdvd/PS3_GAME/USRDIR/DATA/languages/fr/1280/select_hint.dds"): fd = 85
[W : PPU[1] Thread (CPUThread)[0x00395034]]: sys_lwmutex warning: *** lwmutex created [_lc_mtx] (attribute=0x12): sq_id = 86
[W : PPU[1] Thread (CPUThread)[0x00230278]]: sys_fs warning: cellFsClose(fd=85)
[W : PPU[1] Thread (CPUThread)[0x003950a0]]: sys_lwmutex warning: sys_lwmutex_destroy(lwmutex_addr=0x30c16670)
[W : PPU[1] Thread (CPUThread)[0x00037db8]]: RawSPUThread[0]: Write32(SPU_In_MBox, 0x0)
[W : PPU[1] Thread (CPUThread)[0x00037db8]]: RawSPUThread[0]: Write32(SPU_In_MBox, 0x120001)
[W : PPU[1] Thread (CPUThread)[0x00037e3c]]: RawSPUThread[0]: Read32(SPU_Out_MBox)
[W : PPU[1] Thread (CPUThread)[0x0031a0c4]]: cellSysutil warning: cellSysutilRegisterCallback(slot=0, func_addr=0x3358c8, userdata=0x0)
[W : PPU[87] Thread (InstallThread)[0x00318010]]: cellSysmodule warning: cellSysmoduleLoadModule(CELL_SYSMODULE_SYSUTIL_GAME)
[W : PPU[87] Thread (InstallThread)[0x00318010]]: cellSysmodule warning: cellSysmoduleLoadModule(CELL_SYSMODULE_SYSUTIL_NP_TROPHY)
[W : PPU[87] Thread (InstallThread)[0x00393070]]: sceNpTrophy warning: sceNpTrophyCreateContext(context_addr=0x30c16f48, commID_addr=0x2f7660, commSign_addr=0x2f7684, options=0x0)
[W : PPU[87] Thread (InstallThread)[0x0031a070]]: cellSysutil warning: cellSysutilGetSystemParamInt: CELL_SYSUTIL_SYSTEMPARAM_ID_LANG
[E : PPU[1] Thread (CPUThread)[0x00316118]]: TODO: cellGcmGetReportDataLocation
[E : PPU[1] Thread (CPUThread)[0x00316118]]: TODO: cellGcmGetReportDataLocation
[E : PPU[1] Thread (CPUThread)[0x00316118]]: TODO: cellGcmGetReportDataLocation
[E : PPU[1] Thread (CPUThread)[0x00316118]]: TODO: cellGcmGetReportDataLocation
[E : RSXThread]: TODO: cellGcmSetLineStipple(0x0)
[E : RSXThread]: TODO: cellGcmSetPolygonStipple(0x0)
[E : RSXThread]: TODO: cellGcmSetContextDmaReport(0xbad68000)
[E : RSXThread]: TODO: cellGcmSetZcullStatsEnable(0x0)
[E : RSXThread]: NV4097_GET_REPORT: bad type 2
[E : RSXThread]: NV4097_GET_REPORT: bad type 3
[E : RSXThread]: NV4097_GET_REPORT: bad type 4
[E : RSXThread]: NV4097_GET_REPORT: bad type 5
[E : RSXThread]: TODO: cellGcmClearReportValue(0x2)
[E : RSXThread]: TODO: cellGcmSetZcullStatsEnable(0x1)
[E : PPU[1] Thread (CPUThread)[0x00316118]]: TODO: cellGcmGetReportDataLocation
[E : PPU[1] Thread (CPUThread)[0x00316118]]: TODO: cellGcmGetReportDataLocation
[E : PPU[1] Thread (CPUThread)[0x00316118]]: TODO: cellGcmGetReportDataLocation
[E : PPU[1] Thread (CPUThread)[0x00316118]]: TODO: cellGcmGetReportDataLocation
[E : RSXThread]: TODO: cellGcmSetLineStipple(0x0)
[E : RSXThread]: TODO: cellGcmSetPolygonStipple(0x0)
[E : RSXThread]: TODO: cellGcmSetContextDmaReport(0xbad68000)
[E : RSXThread]: TODO: cellGcmSetZcullStatsEnable(0x0)
[E : RSXThread]: NV4097_GET_REPORT: bad type 2
[E : RSXThread]: NV4097_GET_REPORT: bad type 3
[E : RSXThread]: NV4097_GET_REPORT: bad type 4
[E : RSXThread]: NV4097_GET_REPORT: bad type 5
[E : RSXThread]: TODO: cellGcmClearReportValue(0x2)
[E : RSXThread]: TODO: cellGcmSetZcullStatsEnable(0x1)
[E : PPU[1] Thread (CPUThread)[0x00316118]]: TODO: cellGcmGetReportDataLocation
[E : PPU[1] Thread (CPUThread)[0x00316118]]: TODO: cellGcmGetReportDataLocation
[E : PPU[1] Thread (CPUThread)[0x00316118]]: TODO: cellGcmGetReportDataLocation
[E : PPU[1] Thread (CPUThread)[0x00316118]]: TODO: cellGcmGetReportDataLocation
[E : RSXThread]: TODO: cellGcmSetLineStipple(0x0)
[E : RSXThread]: TODO: cellGcmSetPolygonStipple(0x0)
[E : RSXThread]: TODO: cellGcmSetContextDmaReport(0xbad68000)
[E : RSXThread]: TODO: cellGcmSetZcullStatsEnable(0x0)
[E : RSXThread]: NV4097_GET_REPORT: bad type 2
[E : RSXThread]: NV4097_GET_REPORT: bad type 3
[E : RSXThread]: NV4097_GET_REPORT: bad type 4
[E : RSXThread]: NV4097_GET_REPORT: bad type 5
[E : RSXThread]: TODO: cellGcmClearReportValue(0x2)
[E : RSXThread]: TODO: cellGcmSetZcullStatsEnable(0x1)
[E : PPU[1] Thread (CPUThread)[0x00316118]]: TODO: cellGcmGetReportDataLocation
[E : PPU[1] Thread (CPUThread)[0x00316118]]: TODO: cellGcmGetReportDataLocation
[E : PPU[1] Thread (CPUThread)[0x00316118]]: TODO: cellGcmGetReportDataLocation
[E : PPU[1] Thread (CPUThread)[0x00316118]]: TODO: cellGcmGetReportDataLocation
[E : RSXThread]: TODO: cellGcmSetLineStipple(0x0)
[E : RSXThread]: TODO: cellGcmSetPolygonStipple(0x0)
[E : RSXThread]: TODO: cellGcmSetContextDmaReport(0xbad68000)
[E : RSXThread]: TODO: cellGcmSetZcullStatsEnable(0x0)
[E : RSXThread]: NV4097_GET_REPORT: bad type 2
[E : RSXThread]: NV4097_GET_REPORT: bad type 3
[E : RSXThread]: NV4097_GET_REPORT: bad type 4
[E : RSXThread]: NV4097_GET_REPORT: bad type 5
[E : RSXThread]: TODO: cellGcmClearReportValue(0x2)
[E : RSXThread]: TODO: cellGcmSetZcullStatsEnable(0x1)
[E : PPU[1] Thread (CPUThread)[0x00316118]]: TODO: cellGcmGetReportDataLocation
[E : PPU[1] Thread (CPUThread)[0x00316118]]: TODO: cellGcmGetReportDataLocation
[E : PPU[1] Thread (CPUThread)[0x00316118]]: TODO: cellGcmGetReportDataLocation
[E : PPU[1] Thread (CPUThread)[0x00316118]]: TODO: cellGcmGetReportDataLocation
[E : RSXThread]: TODO: cellGcmSetLineStipple(0x0)
[E : RSXThread]: TODO: cellGcmSetPolygonStipple(0x0)
[E : RSXThread]: TODO: cellGcmSetContextDmaReport(0xbad68000)
[E : RSXThread]: TODO: cellGcmSetZcullStatsEnable(0x0)
[E : RSXThread]: NV4097_GET_REPORT: bad type 2
[E : RSXThread]: NV4097_GET_REPORT: bad type 3
[E : RSXThread]: NV4097_GET_REPORT: bad type 4
[E : RSXThread]: NV4097_GET_REPORT: bad type 5
[E : RSXThread]: TODO: cellGcmClearReportValue(0x2)
[E : RSXThread]: TODO: cellGcmSetZcullStatsEnable(0x1)
[E : PPU[1] Thread (CPUThread)[0x00316118]]: TODO: cellGcmGetReportDataLocation
[E : PPU[1] Thread (CPUThread)[0x00316118]]: TODO: cellGcmGetReportDataLocation
[E : PPU[1] Thread (CPUThread)[0x00316118]]: TODO: cellGcmGetReportDataLocation
[E : PPU[1] Thread (CPUThread)[0x00316118]]: TODO: cellGcmGetReportDataLocation
[E : RSXThread]: TODO: cellGcmSetLineStipple(0x0)
[E : RSXThread]: TODO: cellGcmSetPolygonStipple(0x0)
[E : RSXThread]: TODO: cellGcmSetContextDmaReport(0xbad68000)
[E : RSXThread]: TODO: cellGcmSetZcullStatsEnable(0x0)
[E : RSXThread]: NV4097_GET_REPORT: bad type 2
[E : RSXThread]: NV4097_GET_REPORT: bad type 3
[E : RSXThread]: NV4097_GET_REPORT: bad type 4
[E : RSXThread]: NV4097_GET_REPORT: bad type 5
[E : RSXThread]: TODO: cellGcmClearReportValue(0x2)
[E : RSXThread]: TODO: cellGcmSetZcullStatsEnable(0x1)
[E : PPU[1] Thread (CPUThread)[0x00316118]]: TODO: cellGcmGetReportDataLocation
[E : PPU[1] Thread (CPUThread)[0x00316118]]: TODO: cellGcmGetReportDataLocation
[E : PPU[1] Thread (CPUThread)[0x00316118]]: TODO: cellGcmGetReportDataLocation
[E : PPU[1] Thread (CPUThread)[0x00316118]]: TODO: cellGcmGetReportDataLocation
[E : RSXThread]: TODO: cellGcmSetLineStipple(0x0)
[E : RSXThread]: TODO: cellGcmSetPolygonStipple(0x0)
[E : RSXThread]: TODO: cellGcmSetContextDmaReport(0xbad68000)
[E : RSXThread]: TODO: cellGcmSetZcullStatsEnable(0x0)
[E : RSXThread]: NV4097_GET_REPORT: bad type 2
[E : RSXThread]: NV4097_GET_REPORT: bad type 3
[E : RSXThread]: NV4097_GET_REPORT: bad type 4
[E : RSXThread]: NV4097_GET_REPORT: bad type 5
[E : RSXThread]: TODO: cellGcmClearReportValue(0x2)
[E : RSXThread]: TODO: cellGcmSetZcullStatsEnable(0x1)
[E : PPU[1] Thread (CPUThread)[0x00316118]]: TODO: cellGcmGetReportDataLocation
[E : PPU[1] Thread (CPUThread)[0x00316118]]: TODO: cellGcmGetReportDataLocation
[E : PPU[1] Thread (CPUThread)[0x00316118]]: TODO: cellGcmGetReportDataLocation
[E : PPU[1] Thread (CPUThread)[0x00316118]]: TODO: cellGcmGetReportDataLocation
[E : RSXThread]: TODO: cellGcmSetLineStipple(0x0)
[E : RSXThread]: TODO: cellGcmSetPolygonStipple(0x0)
[E : RSXThread]: TODO: cellGcmSetContextDmaReport(0xbad68000)
[E : RSXThread]: TODO: cellGcmSetZcullStatsEnable(0x0)
[E : RSXThread]: NV4097_GET_REPORT: bad type 2
[E : RSXThread]: NV4097_GET_REPORT: bad type 3
[E : RSXThread]: NV4097_GET_REPORT: bad type 4
[E : RSXThread]: NV4097_GET_REPORT: bad type 5
[E : RSXThread]: TODO: cellGcmClearReportValue(0x2)
[E : RSXThread]: TODO: cellGcmSetZcullStatsEnable(0x1)
[E : PPU[1] Thread (CPUThread)[0x00316118]]: TODO: cellGcmGetReportDataLocation
[E : PPU[1] Thread (CPUThread)[0x00316118]]: TODO: cellGcmGetReportDataLocation
[E : PPU[1] Thread (CPUThread)[0x00316118]]: TODO: cellGcmGetReportDataLocation
[E : PPU[1] Thread (CPUThread)[0x00316118]]: TODO: cellGcmGetReportDataLocation
[E : RSXThread]: TODO: cellGcmSetLineStipple(0x0)
[E : RSXThread]: TODO: cellGcmSetPolygonStipple(0x0)
[E : RSXThread]: TODO: cellGcmSetContextDmaReport(0xbad68000)
[E : RSXThread]: TODO: cellGcmSetZcullStatsEnable(0x0)
[E : RSXThread]: NV4097_GET_REPORT: bad type 2
[E : RSXThread]: NV4097_GET_REPORT: bad type 3
[E : RSXThread]: NV4097_GET_REPORT: bad type 4
[E : RSXThread]: NV4097_GET_REPORT: bad type 5
[E : RSXThread]: TODO: cellGcmClearReportValue(0x2)
[E : RSXThread]: TODO: cellGcmSetZcullStatsEnable(0x1)
[E : PPU[1] Thread (CPUThread)[0x00316118]]: TODO: cellGcmGetReportDataLocation
[E : PPU[1] Thread (CPUThread)[0x00316118]]: TODO: cellGcmGetReportDataLocation
[E : PPU[1] Thread (CPUThread)[0x00316118]]: TODO: cellGcmGetReportDataLocation
[E : PPU[1] Thread (CPUThread)[0x00316118]]: TODO: cellGcmGetReportDataLocation
[E : RSXThread]: TODO: cellGcmSetLineStipple(0x0)
[E : RSXThread]: TODO: cellGcmSetPolygonStipple(0x0)
[E : RSXThread]: TODO: cellGcmSetContextDmaReport(0xbad68000)
[E : RSXThread]: TODO: cellGcmSetZcullStatsEnable(0x0)
[E : RSXThread]: NV4097_GET_REPORT: bad type 2
[E : RSXThread]: NV4097_GET_REPORT: bad type 3
[E : RSXThread]: NV4097_GET_REPORT: bad type 4
[E : RSXThread]: NV4097_GET_REPORT: bad type 5
[E : RSXThread]: TODO: cellGcmClearReportValue(0x2)
[E : RSXThread]: TODO: cellGcmSetZcullStatsEnable(0x1)
[E : PPU[1] Thread (CPUThread)[0x00316118]]: TODO: cellGcmGetReportDataLocation
[E : PPU[1] Thread (CPUThread)[0x00316118]]: TODO: cellGcmGetReportDataLocation
[E : PPU[1] Thread (CPUThread)[0x00316118]]: TODO: cellGcmGetReportDataLocation
[E : PPU[1] Thread (CPUThread)[0x00316118]]: TODO: cellGcmGetReportDataLocation
[E : RSXThread]: TODO: cellGcmSetLineStipple(0x0)
[E : RSXThread]: TODO: cellGcmSetPolygonStipple(0x0)
[E : RSXThread]: TODO: cellGcmSetContextDmaReport(0xbad68000)
[E : RSXThread]: TODO: cellGcmSetZcullStatsEnable(0x0)
[E : RSXThread]: NV4097_GET_REPORT: bad type 2
[E : RSXThread]: NV4097_GET_REPORT: bad type 3
[E : RSXThread]: NV4097_GET_REPORT: bad type 4
[E : RSXThread]: NV4097_GET_REPORT: bad type 5
[E : RSXThread]: TODO: cellGcmClearReportValue(0x2)
[E : RSXThread]: TODO: cellGcmSetZcullStatsEnable(0x1)
[E : PPU[1] Thread (CPUThread)[0x00316118]]: TODO: cellGcmGetReportDataLocation
[E : PPU[1] Thread (CPUThread)[0x00316118]]: TODO: cellGcmGetReportDataLocation
[E : PPU[1] Thread (CPUThread)[0x00316118]]: TODO: cellGcmGetReportDataLocation
[E : PPU[1] Thread (CPUThread)[0x00316118]]: TODO: cellGcmGetReportDataLocation
[E : RSXThread]: TODO: cellGcmSetLineStipple(0x0)
[E : RSXThread]: TODO: cellGcmSetPolygonStipple(0x0)
[E : RSXThread]: TODO: cellGcmSetContextDmaReport(0xbad68000)
[E : RSXThread]: TODO: cellGcmSetZcullStatsEnable(0x0)
[E : RSXThread]: NV4097_GET_REPORT: bad type 2
[E : RSXThread]: NV4097_GET_REPORT: bad type 3
[E : RSXThread]: NV4097_GET_REPORT: bad type 4
[E : RSXThread]: NV4097_GET_REPORT: bad type 5
[E : RSXThread]: TODO: cellGcmClearReportValue(0x2)
[E : RSXThread]: TODO: cellGcmSetZcullStatsEnable(0x1)
[E : PPU[1] Thread (CPUThread)[0x00316118]]: TODO: cellGcmGetReportDataLocation
[E : PPU[1] Thread (CPUThread)[0x00316118]]: TODO: cellGcmGetReportDataLocation
[E : PPU[1] Thread (CPUThread)[0x00316118]]: TODO: cellGcmGetReportDataLocation
[E : PPU[1] Thread (CPUThread)[0x00316118]]: TODO: cellGcmGetReportDataLocation
[E : RSXThread]: TODO: cellGcmSetLineStipple(0x0)
[E : RSXThread]: TODO: cellGcmSetPolygonStipple(0x0)
[E : RSXThread]: TODO: cellGcmSetContextDmaReport(0xbad68000)
[E : RSXThread]: TODO: cellGcmSetZcullStatsEnable(0x0)
[E : RSXThread]: NV4097_GET_REPORT: bad type 2
[E : RSXThread]: NV4097_GET_REPORT: bad type 3
[E : RSXThread]: NV4097_GET_REPORT: bad type 4
[E : RSXThread]: NV4097_GET_REPORT: bad type 5
[E : RSXThread]: TODO: cellGcmClearReportValue(0x2)
[E : RSXThread]: TODO: cellGcmSetZcullStatsEnable(0x1)
[E : PPU[1] Thread (CPUThread)[0x00316118]]: TODO: cellGcmGetReportDataLocation
[E : PPU[1] Thread (CPUThread)[0x00316118]]: TODO: cellGcmGetReportDataLocation
[E : PPU[1] Thread (CPUThread)[0x00316118]]: TODO: cellGcmGetReportDataLocation
[E : PPU[1] Thread (CPUThread)[0x00316118]]: TODO: cellGcmGetReportDataLocation
[E : RSXThread]: TODO: cellGcmSetLineStipple(0x0)
[E : RSXThread]: TODO: cellGcmSetPolygonStipple(0x0)
[E : RSXThread]: TODO: cellGcmSetContextDmaReport(0xbad68000)
[E : RSXThread]: TODO: cellGcmSetZcullStatsEnable(0x0)
[E : RSXThread]: NV4097_GET_REPORT: bad type 2
[E : RSXThread]: NV4097_GET_REPORT: bad type 3
[E : RSXThread]: NV4097_GET_REPORT: bad type 4
[E : RSXThread]: NV4097_GET_REPORT: bad type 5
[E : RSXThread]: TODO: cellGcmClearReportValue(0x2)
[E : RSXThread]: TODO: cellGcmSetZcullStatsEnable(0x1)
[E : PPU[1] Thread (CPUThread)[0x00316118]]: TODO: cellGcmGetReportDataLocation
[E : PPU[1] Thread (CPUThread)[0x00316118]]: TODO: cellGcmGetReportDataLocation
[E : PPU[1] Thread (CPUThread)[0x00316118]]: TODO: cellGcmGetReportDataLocation
[E : PPU[1] Thread (CPUThread)[0x00316118]]: TODO: cellGcmGetReportDataLocation
[E : RSXThread]: TODO: cellGcmSetLineStipple(0x0)
[E : RSXThread]: TODO: cellGcmSetPolygonStipple(0x0)
[E : RSXThread]: TODO: cellGcmSetContextDmaReport(0xbad68000)
[E : RSXThread]: TODO: cellGcmSetZcullStatsEnable(0x0)
[E : RSXThread]: NV4097_GET_REPORT: bad type 2
[E : RSXThread]: NV4097_GET_REPORT: bad type 3
[E : RSXThread]: NV4097_GET_REPORT: bad type 4
[E : RSXThread]: NV4097_GET_REPORT: bad type 5
[E : RSXThread]: TODO: cellGcmClearReportValue(0x2)
[E : RSXThread]: TODO: cellGcmSetZcullStatsEnable(0x1)
[E : PPU[1] Thread (CPUThread)[0x00316118]]: TODO: cellGcmGetReportDataLocation
[E : PPU[1] Thread (CPUThread)[0x00316118]]: TODO: cellGcmGetReportDataLocation
[E : PPU[1] Thread (CPUThread)[0x00316118]]: TODO: cellGcmGetReportDataLocation
[E : PPU[1] Thread (CPUThread)[0x00316118]]: TODO: cellGcmGetReportDataLocation
[E : RSXThread]: TODO: cellGcmSetLineStipple(0x0)
[E : RSXThread]: TODO: cellGcmSetPolygonStipple(0x0)
[E : RSXThread]: TODO: cellGcmSetContextDmaReport(0xbad68000)
[E : RSXThread]: TODO: cellGcmSetZcullStatsEnable(0x0)
[E : RSXThread]: NV4097_GET_REPORT: bad type 2
[E : RSXThread]: NV4097_GET_REPORT: bad type 3
[E : RSXThread]: NV4097_GET_REPORT: bad type 4
[E : RSXThread]: NV4097_GET_REPORT: bad type 5
[E : RSXThread]: TODO: cellGcmClearReportValue(0x2)
[E : RSXThread]: TODO: cellGcmSetZcullStatsEnable(0x1)
[E : PPU[1] Thread (CPUThread)[0x00316118]]: TODO: cellGcmGetReportDataLocation
[E : PPU[1] Thread (CPUThread)[0x00316118]]: TODO: cellGcmGetReportDataLocation
[E : PPU[1] Thread (CPUThread)[0x00316118]]: TODO: cellGcmGetReportDataLocation
[E : PPU[1] Thread (CPUThread)[0x00316118]]: TODO: cellGcmGetReportDataLocation
[E : RSXThread]: TODO: cellGcmSetLineStipple(0x0)
[E : RSXThread]: TODO: cellGcmSetPolygonStipple(0x0)
[E : RSXThread]: TODO: cellGcmSetContextDmaReport(0xbad68000)
[E : RSXThread]: TODO: cellGcmSetZcullStatsEnable(0x0)
[E : RSXThread]: NV4097_GET_REPORT: bad type 2
[E : RSXThread]: NV4097_GET_REPORT: bad type 3
[E : RSXThread]: NV4097_GET_REPORT: bad type 4
[E : RSXThread]: NV4097_GET_REPORT: bad type 5
[E : RSXThread]: TODO: cellGcmClearReportValue(0x2)
[E : RSXThread]: TODO: cellGcmSetZcullStatsEnable(0x1)
[E : PPU[1] Thread (CPUThread)[0x00316118]]: TODO: cellGcmGetReportDataLocation
[E : PPU[1] Thread (CPUThread)[0x00316118]]: TODO: cellGcmGetReportDataLocation
[E : PPU[1] Thread (CPUThread)[0x00316118]]: TODO: cellGcmGetReportDataLocation
[E : PPU[1] Thread (CPUThread)[0x00316118]]: TODO: cellGcmGetReportDataLocation
[E : RSXThread]: TODO: cellGcmSetLineStipple(0x0)
[E : RSXThread]: TODO: cellGcmSetPolygonStipple(0x0)
[E : RSXThread]: TODO: cellGcmSetContextDmaReport(0xbad68000)
[E : RSXThread]: TODO: cellGcmSetZcullStatsEnable(0x0)
[E : RSXThread]: NV4097_GET_REPORT: bad type 2
[E : RSXThread]: NV4097_GET_REPORT: bad type 3
[E : RSXThread]: NV4097_GET_REPORT: bad type 4
[E : RSXThread]: NV4097_GET_REPORT: bad type 5
[E : RSXThread]: TODO: cellGcmClearReportValue(0x2)
[E : RSXThread]: TODO: cellGcmSetZcullStatsEnable(0x1)
[E : PPU[1] Thread (CPUThread)[0x00316118]]: TODO: cellGcmGetReportDataLocation
[E : PPU[1] Thread (CPUThread)[0x00316118]]: TODO: cellGcmGetReportDataLocation
[E : PPU[1] Thread (CPUThread)[0x00316118]]: TODO: cellGcmGetReportDataLocation
[E : PPU[1] Thread (CPUThread)[0x00316118]]: TODO: cellGcmGetReportDataLocation
[E : RSXThread]: TODO: cellGcmSetLineStipple(0x0)
[E : RSXThread]: TODO: cellGcmSetPolygonStipple(0x0)
[E : RSXThread]: TODO: cellGcmSetContextDmaReport(0xbad68000)
[E : RSXThread]: TODO: cellGcmSetZcullStatsEnable(0x0)
[E : RSXThread]: NV4097_GET_REPORT: bad type 2
[E : RSXThread]: NV4097_GET_REPORT: bad type 3
[E : RSXThread]: NV4097_GET_REPORT: bad type 4
[E : RSXThread]: NV4097_GET_REPORT: bad type 5
[E : RSXThread]: TODO: cellGcmClearReportValue(0x2)
[E : RSXThread]: TODO: cellGcmSetZcullStatsEnable(0x1)
[E : PPU[1] Thread (CPUThread)[0x00316118]]: TODO: cellGcmGetReportDataLocation
[E : PPU[1] Thread (CPUThread)[0x00316118]]: TODO: cellGcmGetReportDataLocation
[E : PPU[1] Thread (CPUThread)[0x00316118]]: TODO: cellGcmGetReportDataLocation
[E : PPU[1] Thread (CPUThread)[0x00316118]]: TODO: cellGcmGetReportDataLocation
[E : RSXThread]: TODO: cellGcmSetLineStipple(0x0)
[E : RSXThread]: TODO: cellGcmSetPolygonStipple(0x0)
[E : RSXThread]: TODO: cellGcmSetContextDmaReport(0xbad68000)
[E : RSXThread]: TODO: cellGcmSetZcullStatsEnable(0x0)
[E : RSXThread]: NV4097_GET_REPORT: bad type 2
[E : RSXThread]: NV4097_GET_REPORT: bad type 3
[E : RSXThread]: NV4097_GET_REPORT: bad type 4
[E : RSXThread]: NV4097_GET_REPORT: bad type 5
[E : RSXThread]: TODO: cellGcmClearReportValue(0x2)
[E : RSXThread]: TODO: cellGcmSetZcullStatsEnable(0x1)
[E : PPU[1] Thread (CPUThread)[0x00316118]]: TODO: cellGcmGetReportDataLocation
[E : PPU[1] Thread (CPUThread)[0x00316118]]: TODO: cellGcmGetReportDataLocation
[E : PPU[1] Thread (CPUThread)[0x00316118]]: TODO: cellGcmGetReportDataLocation
[E : PPU[1] Thread (CPUThread)[0x00316118]]: TODO: cellGcmGetReportDataLocation
[E : RSXThread]: TODO: cellGcmSetLineStipple(0x0)
[E : RSXThread]: TODO: cellGcmSetPolygonStipple(0x0)
[E : RSXThread]: TODO: cellGcmSetContextDmaReport(0xbad68000)
[E : RSXThread]: TODO: cellGcmSetZcullStatsEnable(0x0)
[E : RSXThread]: NV4097_GET_REPORT: bad type 2
[E : RSXThread]: NV4097_GET_REPORT: bad type 3
[E : RSXThread]: NV4097_GET_REPORT: bad type 4
[E : RSXThread]: NV4097_GET_REPORT: bad type 5
[E : RSXThread]: TODO: cellGcmClearReportValue(0x2)
[E : RSXThread]: TODO: cellGcmSetZcullStatsEnable(0x1)
[E : PPU[1] Thread (CPUThread)[0x00316118]]: TODO: cellGcmGetReportDataLocation
[E : PPU[1] Thread (CPUThread)[0x00316118]]: TODO: cellGcmGetReportDataLocation
[E : PPU[1] Thread (CPUThread)[0x00316118]]: TODO: cellGcmGetReportDataLocation
[E : PPU[1] Thread (CPUThread)[0x00316118]]: TODO: cellGcmGetReportDataLocation
[E : RSXThread]: TODO: cellGcmSetLineStipple(0x0)
[E : RSXThread]: TODO: cellGcmSetPolygonStipple(0x0)
[E : RSXThread]: TODO: cellGcmSetContextDmaReport(0xbad68000)
[E : RSXThread]: TODO: cellGcmSetZcullStatsEnable(0x0)
[E : RSXThread]: NV4097_GET_REPORT: bad type 2
[E : RSXThread]: NV4097_GET_REPORT: bad type 3
[E : RSXThread]: NV4097_GET_REPORT: bad type 4
[E : RSXThread]: NV4097_GET_REPORT: bad type 5
[E : RSXThread]: TODO: cellGcmClearReportValue(0x2)
[E : RSXThread]: TODO: cellGcmSetZcullStatsEnable(0x1)
[E : PPU[1] Thread (CPUThread)[0x00316118]]: TODO: cellGcmGetReportDataLocation
[E : PPU[1] Thread (CPUThread)[0x00316118]]: TODO: cellGcmGetReportDataLocation
[E : PPU[1] Thread (CPUThread)[0x00316118]]: TODO: cellGcmGetReportDataLocation
[E : PPU[1] Thread (CPUThread)[0x00316118]]: TODO: cellGcmGetReportDataLocation
[E : RSXThread]: TODO: cellGcmSetLineStipple(0x0)
[E : RSXThread]: TODO: cellGcmSetPolygonStipple(0x0)
[E : RSXThread]: TODO: cellGcmSetContextDmaReport(0xbad68000)
[E : RSXThread]: TODO: cellGcmSetZcullStatsEnable(0x0)
[E : RSXThread]: NV4097_GET_REPORT: bad type 2
[E : RSXThread]: NV4097_GET_REPORT: bad type 3
[E : RSXThread]: NV4097_GET_REPORT: bad type 4
[E : RSXThread]: NV4097_GET_REPORT: bad type 5
[E : RSXThread]: TODO: cellGcmClearReportValue(0x2)
[E : RSXThread]: TODO: cellGcmSetZcullStatsEnable(0x1)
[E : PPU[1] Thread (CPUThread)[0x00316118]]: TODO: cellGcmGetReportDataLocation
[E : PPU[1] Thread (CPUThread)[0x00316118]]: TODO: cellGcmGetReportDataLocation
[E : PPU[1] Thread (CPUThread)[0x00316118]]: TODO: cellGcmGetReportDataLocation
[E : PPU[1] Thread (CPUThread)[0x00316118]]: TODO: cellGcmGetReportDataLocation
[E : RSXThread]: TODO: cellGcmSetLineStipple(0x0)
[E : RSXThread]: TODO: cellGcmSetPolygonStipple(0x0)
[E : RSXThread]: TODO: cellGcmSetContextDmaReport(0xbad68000)
[E : RSXThread]: TODO: cellGcmSetZcullStatsEnable(0x0)
[E : RSXThread]: NV4097_GET_REPORT: bad type 2
[E : RSXThread]: NV4097_GET_REPORT: bad type 3
[E : RSXThread]: NV4097_GET_REPORT: bad type 4
[E : RSXThread]: NV4097_GET_REPORT: bad type 5
[E : RSXThread]: TODO: cellGcmClearReportValue(0x2)
[E : RSXThread]: TODO: cellGcmSetZcullStatsEnable(0x1)
[E : PPU[1] Thread (CPUThread)[0x00316118]]: TODO: cellGcmGetReportDataLocation
[E : PPU[1] Thread (CPUThread)[0x00316118]]: TODO: cellGcmGetReportDataLocation
[E : PPU[1] Thread (CPUThread)[0x00316118]]: TODO: cellGcmGetReportDataLocation
[E : PPU[1] Thread (CPUThread)[0x00316118]]: TODO: cellGcmGetReportDataLocation
[E : RSXThread]: TODO: cellGcmSetLineStipple(0x0)
[E : RSXThread]: TODO: cellGcmSetPolygonStipple(0x0)
[E : RSXThread]: TODO: cellGcmSetContextDmaReport(0xbad68000)
[E : RSXThread]: TODO: cellGcmSetZcullStatsEnable(0x0)
[E : RSXThread]: NV4097_GET_REPORT: bad type 2
[E : RSXThread]: NV4097_GET_REPORT: bad type 3
[E : RSXThread]: NV4097_GET_REPORT: bad type 4
[E : RSXThread]: NV4097_GET_REPORT: bad type 5
[E : RSXThread]: TODO: cellGcmClearReportValue(0x2)
[E : RSXThread]: TODO: cellGcmSetZcullStatsEnable(0x1)
[E : PPU[1] Thread (CPUThread)[0x00316118]]: TODO: cellGcmGetReportDataLocation
[E : PPU[1] Thread (CPUThread)[0x00316118]]: TODO: cellGcmGetReportDataLocation
[E : PPU[1] Thread (CPUThread)[0x00316118]]: TODO: cellGcmGetReportDataLocation
[E : PPU[1] Thread (CPUThread)[0x00316118]]: TODO: cellGcmGetReportDataLocation
[E : RSXThread]: TODO: cellGcmSetLineStipple(0x0)
[E : RSXThread]: TODO: cellGcmSetPolygonStipple(0x0)
[E : RSXThread]: TODO: cellGcmSetContextDmaReport(0xbad68000)
[E : RSXThread]: TODO: cellGcmSetZcullStatsEnable(0x0)
[E : RSXThread]: NV4097_GET_REPORT: bad type 2
[E : RSXThread]: NV4097_GET_REPORT: bad type 3
[E : RSXThread]: NV4097_GET_REPORT: bad type 4
[E : RSXThread]: NV4097_GET_REPORT: bad type 5
[E : RSXThread]: TODO: cellGcmClearReportValue(0x2)
[E : RSXThread]: TODO: cellGcmSetZcullStatsEnable(0x1)
[E : PPU[1] Thread (CPUThread)[0x00316118]]: TODO: cellGcmGetReportDataLocation
[E : PPU[1] Thread (CPUThread)[0x00316118]]: TODO: cellGcmGetReportDataLocation
[E : PPU[1] Thread (CPUThread)[0x00316118]]: TODO: cellGcmGetReportDataLocation
[E : PPU[1] Thread (CPUThread)[0x00316118]]: TODO: cellGcmGetReportDataLocation
[E : RSXThread]: TODO: cellGcmSetLineStipple(0x0)
[E : RSXThread]: TODO: cellGcmSetPolygonStipple(0x0)
[E : RSXThread]: TODO: cellGcmSetContextDmaReport(0xbad68000)
[E : RSXThread]: TODO: cellGcmSetZcullStatsEnable(0x0)
[E : RSXThread]: NV4097_GET_REPORT: bad type 2
[E : RSXThread]: NV4097_GET_REPORT: bad type 3
[E : RSXThread]: NV4097_GET_REPORT: bad type 4
[E : RSXThread]: NV4097_GET_REPORT: bad type 5
[E : RSXThread]: TODO: cellGcmClearReportValue(0x2)
[E : RSXThread]: TODO: cellGcmSetZcullStatsEnable(0x1)
[E : PPU[1] Thread (CPUThread)[0x00316118]]: TODO: cellGcmGetReportDataLocation
[E : PPU[1] Thread (CPUThread)[0x00316118]]: TODO: cellGcmGetReportDataLocation
[E : PPU[1] Thread (CPUThread)[0x00316118]]: TODO: cellGcmGetReportDataLocation
[E : PPU[1] Thread (CPUThread)[0x00316118]]: TODO: cellGcmGetReportDataLocation
[E : RSXThread]: TODO: cellGcmSetLineStipple(0x0)
[E : RSXThread]: TODO: cellGcmSetPolygonStipple(0x0)
[E : RSXThread]: TODO: cellGcmSetContextDmaReport(0xbad68000)
[E : RSXThread]: TODO: cellGcmSetZcullStatsEnable(0x0)
[E : RSXThread]: NV4097_GET_REPORT: bad type 2
[E : RSXThread]: NV4097_GET_REPORT: bad type 3
[E : RSXThread]: NV4097_GET_REPORT: bad type 4
[E : RSXThread]: NV4097_GET_REPORT: bad type 5
[E : RSXThread]: TODO: cellGcmClearReportValue(0x2)
[E : RSXThread]: TODO: cellGcmSetZcullStatsEnable(0x1)
[E : PPU[1] Thread (CPUThread)[0x00316118]]: TODO: cellGcmGetReportDataLocation
[E : PPU[1] Thread (CPUThread)[0x00316118]]: TODO: cellGcmGetReportDataLocation
[E : PPU[1] Thread (CPUThread)[0x00316118]]: TODO: cellGcmGetReportDataLocation
[E : PPU[1] Thread (CPUThread)[0x00316118]]: TODO: cellGcmGetReportDataLocation
[E : RSXThread]: TODO: cellGcmSetLineStipple(0x0)
[E : RSXThread]: TODO: cellGcmSetPolygonStipple(0x0)
[E : RSXThread]: TODO: cellGcmSetContextDmaReport(0xbad68000)
[E : RSXThread]: TODO: cellGcmSetZcullStatsEnable(0x0)
[E : RSXThread]: NV4097_GET_REPORT: bad type 2
[E : RSXThread]: NV4097_GET_REPORT: bad type 3
[E : RSXThread]: NV4097_GET_REPORT: bad type 4
[E : RSXThread]: NV4097_GET_REPORT: bad type 5
[E : RSXThread]: TODO: cellGcmClearReportValue(0x2)
[E : RSXThread]: TODO: cellGcmSetZcullStatsEnable(0x1)
[E : PPU[1] Thread (CPUThread)[0x00316118]]: TODO: cellGcmGetReportDataLocation
[E : PPU[1] Thread (CPUThread)[0x00316118]]: TODO: cellGcmGetReportDataLocation
[E : PPU[1] Thread (CPUThread)[0x00316118]]: TODO: cellGcmGetReportDataLocation
[E : PPU[1] Thread (CPUThread)[0x00316118]]: TODO: cellGcmGetReportDataLocation
[E : RSXThread]: TODO: cellGcmSetLineStipple(0x0)
[E : RSXThread]: TODO: cellGcmSetPolygonStipple(0x0)
[E : RSXThread]: TODO: cellGcmSetContextDmaReport(0xbad68000)
[E : RSXThread]: TODO: cellGcmSetZcullStatsEnable(0x0)
[E : RSXThread]: NV4097_GET_REPORT: bad type 2
[E : RSXThread]: NV4097_GET_REPORT: bad type 3
[E : RSXThread]: NV4097_GET_REPORT: bad type 4
[E : RSXThread]: NV4097_GET_REPORT: bad type 5
[E : RSXThread]: TODO: cellGcmClearReportValue(0x2)
[E : RSXThread]: TODO: cellGcmSetZcullStatsEnable(0x1)
[E : PPU[1] Thread (CPUThread)[0x00316118]]: TODO: cellGcmGetReportDataLocation
[E : PPU[1] Thread (CPUThread)[0x00316118]]: TODO: cellGcmGetReportDataLocation
[E : PPU[1] Thread (CPUThread)[0x00316118]]: TODO: cellGcmGetReportDataLocation
[E : PPU[1] Thread (CPUThread)[0x00316118]]: TODO: cellGcmGetReportDataLocation
[E : RSXThread]: TODO: cellGcmSetLineStipple(0x0)
[E : RSXThread]: TODO: cellGcmSetPolygonStipple(0x0)
[E : RSXThread]: TODO: cellGcmSetContextDmaReport(0xbad68000)
[E : RSXThread]: TODO: cellGcmSetZcullStatsEnable(0x0)
[E : RSXThread]: NV4097_GET_REPORT: bad type 2
[E : RSXThread]: NV4097_GET_REPORT: bad type 3
[E : RSXThread]: NV4097_GET_REPORT: bad type 4
[E : RSXThread]: NV4097_GET_REPORT: bad type 5
[E : RSXThread]: TODO: cellGcmClearReportValue(0x2)
[E : RSXThread]: TODO: cellGcmSetZcullStatsEnable(0x1)
[E : PPU[1] Thread (CPUThread)[0x00316118]]: TODO: cellGcmGetReportDataLocation
[E : PPU[1] Thread (CPUThread)[0x00316118]]: TODO: cellGcmGetReportDataLocation
[E : PPU[1] Thread (CPUThread)[0x00316118]]: TODO: cellGcmGetReportDataLocation
[E : PPU[1] Thread (CPUThread)[0x00316118]]: TODO: cellGcmGetReportDataLocation
[E : RSXThread]: TODO: cellGcmSetLineStipple(0x0)
[E : RSXThread]: TODO: cellGcmSetPolygonStipple(0x0)
[E : RSXThread]: TODO: cellGcmSetContextDmaReport(0xbad68000)
[E : RSXThread]: TODO: cellGcmSetZcullStatsEnable(0x0)
[E : RSXThread]: NV4097_GET_REPORT: bad type 2
[E : RSXThread]: NV4097_GET_REPORT: bad type 3
[E : RSXThread]: NV4097_GET_REPORT: bad type 4
[E : RSXThread]: NV4097_GET_REPORT: bad type 5
[E : RSXThread]: TODO: cellGcmClearReportValue(0x2)
[E : RSXThread]: TODO: cellGcmSetZcullStatsEnable(0x1)
[E : PPU[1] Thread (CPUThread)[0x00316118]]: TODO: cellGcmGetReportDataLocation
[E : PPU[1] Thread (CPUThread)[0x00316118]]: TODO: cellGcmGetReportDataLocation
[E : PPU[1] Thread (CPUThread)[0x00316118]]: TODO: cellGcmGetReportDataLocation
[E : PPU[1] Thread (CPUThread)[0x00316118]]: TODO: cellGcmGetReportDataLocation
[E : RSXThread]: TODO: cellGcmSetLineStipple(0x0)
[E : RSXThread]: TODO: cellGcmSetPolygonStipple(0x0)
[E : RSXThread]: TODO: cellGcmSetContextDmaReport(0xbad68000)
[E : RSXThread]: TODO: cellGcmSetZcullStatsEnable(0x0)
[E : RSXThread]: NV4097_GET_REPORT: bad type 2
[E : RSXThread]: NV4097_GET_REPORT: bad type 3
[E : RSXThread]: NV4097_GET_REPORT: bad type 4
[E : RSXThread]: NV4097_GET_REPORT: bad type 5
[E : RSXThread]: TODO: cellGcmClearReportValue(0x2)
[E : RSXThread]: TODO: cellGcmSetZcullStatsEnable(0x1)
[E : PPU[1] Thread (CPUThread)[0x00316118]]: TODO: cellGcmGetReportDataLocation
[E : PPU[1] Thread (CPUThread)[0x00316118]]: TODO: cellGcmGetReportDataLocation
[E : PPU[1] Thread (CPUThread)[0x00316118]]: TODO: cellGcmGetReportDataLocation
[E : PPU[1] Thread (CPUThread)[0x00316118]]: TODO: cellGcmGetReportDataLocation
[E : RSXThread]: TODO: cellGcmSetLineStipple(0x0)
[E : RSXThread]: TODO: cellGcmSetPolygonStipple(0x0)
[E : RSXThread]: TODO: cellGcmSetContextDmaReport(0xbad68000)
[E : RSXThread]: TODO: cellGcmSetZcullStatsEnable(0x0)
[E : RSXThread]: NV4097_GET_REPORT: bad type 2
[E : RSXThread]: NV4097_GET_REPORT: bad type 3
[E : RSXThread]: NV4097_GET_REPORT: bad type 4
[E : RSXThread]: NV4097_GET_REPORT: bad type 5
[E : RSXThread]: TODO: cellGcmClearReportValue(0x2)
[E : RSXThread]: TODO: cellGcmSetZcullStatsEnable(0x1)
[E : PPU[1] Thread (CPUThread)[0x00316118]]: TODO: cellGcmGetReportDataLocation
[E : PPU[1] Thread (CPUThread)[0x00316118]]: TODO: cellGcmGetReportDataLocation
[E : PPU[1] Thread (CPUThread)[0x00316118]]: TODO: cellGcmGetReportDataLocation
[E : PPU[1] Thread (CPUThread)[0x00316118]]: TODO: cellGcmGetReportDataLocation
[E : RSXThread]: TODO: cellGcmSetLineStipple(0x0)
[E : RSXThread]: TODO: cellGcmSetPolygonStipple(0x0)
[E : RSXThread]: TODO: cellGcmSetContextDmaReport(0xbad68000)
[E : RSXThread]: TODO: cellGcmSetZcullStatsEnable(0x0)
[E : RSXThread]: NV4097_GET_REPORT: bad type 2
[E : RSXThread]: NV4097_GET_REPORT: bad type 3
[E : RSXThread]: NV4097_GET_REPORT: bad type 4
[E : RSXThread]: NV4097_GET_REPORT: bad type 5
[E : RSXThread]: TODO: cellGcmClearReportValue(0x2)
[E : RSXThread]: TODO: cellGcmSetZcullStatsEnable(0x1)
[E : PPU[1] Thread (CPUThread)[0x00316118]]: TODO: cellGcmGetReportDataLocation
[E : PPU[1] Thread (CPUThread)[0x00316118]]: TODO: cellGcmGetReportDataLocation
[E : PPU[1] Thread (CPUThread)[0x00316118]]: TODO: cellGcmGetReportDataLocation
[E : PPU[1] Thread (CPUThread)[0x00316118]]: TODO: cellGcmGetReportDataLocation
[E : RSXThread]: TODO: cellGcmSetLineStipple(0x0)
[E : RSXThread]: TODO: cellGcmSetPolygonStipple(0x0)
[E : RSXThread]: TODO: cellGcmSetContextDmaReport(0xbad68000)
[E : RSXThread]: TODO: cellGcmSetZcullStatsEnable(0x0)
[E : RSXThread]: NV4097_GET_REPORT: bad type 2
[E : RSXThread]: NV4097_GET_REPORT: bad type 3
[E : RSXThread]: NV4097_GET_REPORT: bad type 4
[E : RSXThread]: NV4097_GET_REPORT: bad type 5
[E : RSXThread]: TODO: cellGcmClearReportValue(0x2)
[E : RSXThread]: TODO: cellGcmSetZcullStatsEnable(0x1)
[E : PPU[1] Thread (CPUThread)[0x00316118]]: TODO: cellGcmGetReportDataLocation
[E : PPU[1] Thread (CPUThread)[0x00316118]]: TODO: cellGcmGetReportDataLocation
[E : PPU[1] Thread (CPUThread)[0x00316118]]: TODO: cellGcmGetReportDataLocation
[E : PPU[1] Thread (CPUThread)[0x00316118]]: TODO: cellGcmGetReportDataLocation
[E : RSXThread]: TODO: cellGcmSetLineStipple(0x0)
[E : RSXThread]: TODO: cellGcmSetPolygonStipple(0x0)
[E : RSXThread]: TODO: cellGcmSetContextDmaReport(0xbad68000)
[E : RSXThread]: TODO: cellGcmSetZcullStatsEnable(0x0)
[E : RSXThread]: NV4097_GET_REPORT: bad type 2
[E : RSXThread]: NV4097_GET_REPORT: bad type 3
[E : RSXThread]: NV4097_GET_REPORT: bad type 4
[E : RSXThread]: NV4097_GET_REPORT: bad type 5
[E : RSXThread]: TODO: cellGcmClearReportValue(0x2)
[E : RSXThread]: TODO: cellGcmSetZcullStatsEnable(0x1)
[E : PPU[1] Thread (CPUThread)[0x00316118]]: TODO: cellGcmGetReportDataLocation
[E : PPU[1] Thread (CPUThread)[0x00316118]]: TODO: cellGcmGetReportDataLocation
[E : PPU[1] Thread (CPUThread)[0x00316118]]: TODO: cellGcmGetReportDataLocation
[E : PPU[1] Thread (CPUThread)[0x00316118]]: TODO: cellGcmGetReportDataLocation
[E : RSXThread]: TODO: cellGcmSetLineStipple(0x0)
[E : RSXThread]: TODO: cellGcmSetPolygonStipple(0x0)
[E : RSXThread]: TODO: cellGcmSetContextDmaReport(0xbad68000)
[E : RSXThread]: TODO: cellGcmSetZcullStatsEnable(0x0)
[E : RSXThread]: NV4097_GET_REPORT: bad type 2
[E : RSXThread]: NV4097_GET_REPORT: bad type 3
[E : RSXThread]: NV4097_GET_REPORT: bad type 4
[E : RSXThread]: NV4097_GET_REPORT: bad type 5
[E : RSXThread]: TODO: cellGcmClearReportValue(0x2)
[E : RSXThread]: TODO: cellGcmSetZcullStatsEnable(0x1)
[E : PPU[1] Thread (CPUThread)[0x00316118]]: TODO: cellGcmGetReportDataLocation
[E : PPU[1] Thread (CPUThread)[0x00316118]]: TODO: cellGcmGetReportDataLocation
[E : PPU[1] Thread (CPUThread)[0x00316118]]: TODO: cellGcmGetReportDataLocation
[E : PPU[1] Thread (CPUThread)[0x00316118]]: TODO: cellGcmGetReportDataLocation
[E : RSXThread]: TODO: cellGcmSetLineStipple(0x0)
[E : RSXThread]: TODO: cellGcmSetPolygonStipple(0x0)
[E : RSXThread]: TODO: cellGcmSetContextDmaReport(0xbad68000)
[E : RSXThread]: TODO: cellGcmSetZcullStatsEnable(0x0)
[E : RSXThread]: NV4097_GET_REPORT: bad type 2
[E : RSXThread]: NV4097_GET_REPORT: bad type 3
[E : RSXThread]: NV4097_GET_REPORT: bad type 4
[E : RSXThread]: NV4097_GET_REPORT: bad type 5
[E : RSXThread]: TODO: cellGcmClearReportValue(0x2)
[E : RSXThread]: TODO: cellGcmSetZcullStatsEnable(0x1)
[E : PPU[1] Thread (CPUThread)[0x00316118]]: TODO: cellGcmGetReportDataLocation
[E : PPU[1] Thread (CPUThread)[0x00316118]]: TODO: cellGcmGetReportDataLocation
[E : PPU[1] Thread (CPUThread)[0x00316118]]: TODO: cellGcmGetReportDataLocation
[E : PPU[1] Thread (CPUThread)[0x00316118]]: TODO: cellGcmGetReportDataLocation
[E : RSXThread]: TODO: cellGcmSetLineStipple(0x0)
[E : RSXThread]: TODO: cellGcmSetPolygonStipple(0x0)
[E : RSXThread]: TODO: cellGcmSetContextDmaReport(0xbad68000)
[E : RSXThread]: TODO: cellGcmSetZcullStatsEnable(0x0)
[E : RSXThread]: NV4097_GET_REPORT: bad type 2
[E : RSXThread]: NV4097_GET_REPORT: bad type 3
[E : RSXThread]: NV4097_GET_REPORT: bad type 4
[E : RSXThread]: NV4097_GET_REPORT: bad type 5
[E : RSXThread]: TODO: cellGcmClearReportValue(0x2)
[E : RSXThread]: TODO: cellGcmSetZcullStatsEnable(0x1)
[E : PPU[1] Thread (CPUThread)[0x00316118]]: TODO: cellGcmGetReportDataLocation
[E : PPU[1] Thread (CPUThread)[0x00316118]]: TODO: cellGcmGetReportDataLocation
[E : PPU[1] Thread (CPUThread)[0x00316118]]: TODO: cellGcmGetReportDataLocation
[E : PPU[1] Thread (CPUThread)[0x00316118]]: TODO: cellGcmGetReportDataLocation
[E : RSXThread]: TODO: cellGcmSetLineStipple(0x0)
[E : RSXThread]: TODO: cellGcmSetPolygonStipple(0x0)
[E : RSXThread]: TODO: cellGcmSetContextDmaReport(0xbad68000)
[E : RSXThread]: TODO: cellGcmSetZcullStatsEnable(0x0)
[E : RSXThread]: NV4097_GET_REPORT: bad type 2
[E : RSXThread]: NV4097_GET_REPORT: bad type 3
[E : RSXThread]: NV4097_GET_REPORT: bad type 4
[E : RSXThread]: NV4097_GET_REPORT: bad type 5
[E : RSXThread]: TODO: cellGcmClearReportValue(0x2)
[E : RSXThread]: TODO: cellGcmSetZcullStatsEnable(0x1)
[E : PPU[1] Thread (CPUThread)[0x00316118]]: TODO: cellGcmGetReportDataLocation
[E : PPU[1] Thread (CPUThread)[0x00316118]]: TODO: cellGcmGetReportDataLocation
[E : PPU[1] Thread (CPUThread)[0x00316118]]: TODO: cellGcmGetReportDataLocation
[E : PPU[1] Thread (CPUThread)[0x00316118]]: TODO: cellGcmGetReportDataLocation
[E : RSXThread]: TODO: cellGcmSetLineStipple(0x0)
[E : RSXThread]: TODO: cellGcmSetPolygonStipple(0x0)
[E : RSXThread]: TODO: cellGcmSetContextDmaReport(0xbad68000)
[E : RSXThread]: TODO: cellGcmSetZcullStatsEnable(0x0)
[E : RSXThread]: NV4097_GET_REPORT: bad type 2
[E : RSXThread]: NV4097_GET_REPORT: bad type 3
[E : RSXThread]: NV4097_GET_REPORT: bad type 4
[E : RSXThread]: NV4097_GET_REPORT: bad type 5
[E : RSXThread]: TODO: cellGcmClearReportValue(0x2)
[E : RSXThread]: TODO: cellGcmSetZcullStatsEnable(0x1)
[E : PPU[1] Thread (CPUThread)[0x00316118]]: TODO: cellGcmGetReportDataLocation
[E : PPU[1] Thread (CPUThread)[0x00316118]]: TODO: cellGcmGetReportDataLocation
[E : PPU[1] Thread (CPUThread)[0x00316118]]: TODO: cellGcmGetReportDataLocation
[E : PPU[1] Thread (CPUThread)[0x00316118]]: TODO: cellGcmGetReportDataLocation
[E : RSXThread]: TODO: cellGcmSetLineStipple(0x0)
[E : RSXThread]: TODO: cellGcmSetPolygonStipple(0x0)
[E : RSXThread]: TODO: cellGcmSetContextDmaReport(0xbad68000)
[E : RSXThread]: TODO: cellGcmSetZcullStatsEnable(0x0)
[E : RSXThread]: NV4097_GET_REPORT: bad type 2
[E : RSXThread]: NV4097_GET_REPORT: bad type 3
[E : RSXThread]: NV4097_GET_REPORT: bad type 4
[E : RSXThread]: NV4097_GET_REPORT: bad type 5
[E : RSXThread]: TODO: cellGcmClearReportValue(0x2)
[E : RSXThread]: TODO: cellGcmSetZcullStatsEnable(0x1)
[E : PPU[1] Thread (CPUThread)[0x00316118]]: TODO: cellGcmGetReportDataLocation
[E : PPU[1] Thread (CPUThread)[0x00316118]]: TODO: cellGcmGetReportDataLocation
[E : PPU[1] Thread (CPUThread)[0x00316118]]: TODO: cellGcmGetReportDataLocation
[E : PPU[1] Thread (CPUThread)[0x00316118]]: TODO: cellGcmGetReportDataLocation
[E : RSXThread]: TODO: cellGcmSetLineStipple(0x0)
[E : RSXThread]: TODO: cellGcmSetPolygonStipple(0x0)
[E : RSXThread]: TODO: cellGcmSetContextDmaReport(0xbad68000)
[E : RSXThread]: TODO: cellGcmSetZcullStatsEnable(0x0)
[E : RSXThread]: NV4097_GET_REPORT: bad type 2
[E : RSXThread]: NV4097_GET_REPORT: bad type 3
[E : RSXThread]: NV4097_GET_REPORT: bad type 4
[E : RSXThread]: NV4097_GET_REPORT: bad type 5
[E : RSXThread]: TODO: cellGcmClearReportValue(0x2)
[E : RSXThread]: TODO: cellGcmSetZcullStatsEnable(0x1)
[E : PPU[1] Thread (CPUThread)[0x00316118]]: TODO: cellGcmGetReportDataLocation
[E : PPU[1] Thread (CPUThread)[0x00316118]]: TODO: cellGcmGetReportDataLocation
[E : PPU[1] Thread (CPUThread)[0x00316118]]: TODO: cellGcmGetReportDataLocation
[E : PPU[1] Thread (CPUThread)[0x00316118]]: TODO: cellGcmGetReportDataLocation
[W : RSXThread]: null cmd: addr=0x508cf000, put=0x60f38c00, get=0x8cf000
[W : Audio Thread]: Audio aborted
[! : RSXThread]: RSX thread exit...
[!]: Mutex(54) was owned by thread 1 (recursive=1)
[!]: Mutex(51) was owned by thread 1 (recursive=1)
[!]: Closing memory...
