[!]: scetool: ELF written to F:\torrents\ArTonelico Qoga\BLES01102\PS3_GAME\USRDIR\BOOT.BIN
[!]: Loading 'F:\torrents\ArTonelico Qoga\BLES01102\PS3_GAME\USRDIR\BOOT.BIN'...
[!]: Mount info:
[!]: / -> F:\torrents\ArTonelico Qoga\BLES01102\PS3_GAME\
[!]: /dev_usb/ -> C:\Users\kevin\Desktop\RPCS3\dev_usb000\
[!]: /dev_hdd1/ -> C:\Users\kevin\Desktop\RPCS3\dev_hdd1\
[!]: /dev_hdd0/ -> C:\Users\kevin\Desktop\RPCS3\dev_hdd0\
[!]: /app_home/ -> F:\torrents\ArTonelico Qoga\BLES01102\PS3_GAME\
[!]: /dev_bdvd/ -> F:\torrents\ArTonelico Qoga\BLES01102\PS3_GAME\\..\
[!]: /dev_flash/ -> C:\Users\kevin\Desktop\RPCS3\dev_flash\
[!]: /host_root/ -> 
[!]: /dev_usb000/ -> C:\Users\kevin\Desktop\RPCS3\dev_usb000\
[!]: Initing memory...
[!]: Memory initialized.
[W]: Unknown function 0x1dfbfdd6 in 'cellSysutil' module
[E]: TODO: cellSaveDataListLoad2
[W]: Unknown function 0x20543730 in 'cellSysutil' module
[E]: TODO: cellMsgDialogClose
[W]: Unknown function 0x21425307 in 'cellSysutil' module
[E]: TODO: cellSaveDataListAutoLoad
[W]: Unknown function 0x2a8eada2 in 'cellSysutil' module
[E]: TODO: cellSaveDataFixedLoad2
[W]: Unknown function 0x2aae9ef5 in 'cellSysutil' module
[E]: TODO: cellSaveDataFixedSave2
[W]: Unknown function 0x2de0d663 in 'cellSysutil' module
[E]: TODO: cellSaveDataListSave2
[W]: Unknown function 0x4dd03a4e in 'cellSysutil' module
[E]: TODO: cellSaveDataListAutoSave
[W]: Unknown function 0x62b0f803 in 'cellSysutil' module
[E]: TODO: cellMsgDialogAbort
[W]: Unknown function 0x7bc2c8a8 in 'cellSysutil' module
[E]: TODO: cellMsgDialogProgressBarReset
[W]: Unknown function 0x8b7ed64b in 'cellSysutil' module
[E]: TODO: cellSaveDataAutoSave2
[W]: Unknown function 0x8b8a2f48 in 'cellSysutil' module
[E]: TODO: cellSaveDataUserFixedDelete
[W]: Unknown function 0x94862702 in 'cellSysutil' module
[E]: TODO: cellMsgDialogProgressBarInc
[W]: Unknown function 0x9d6af72a in 'cellSysutil' module
[E]: TODO: cellMsgDialogProgressBarSetMsg
[W]: Unknown function 0xedadd797 in 'cellSysutil' module
[E]: TODO: cellSaveDataDelete2
[W]: Unknown function 0xfbd5c856 in 'cellSysutil' module
[E]: TODO: cellSaveDataAutoLoad2
[W]: Unknown function 0x626e8518 in 'cellGcmSys' module
[E]: TODO: cellGcmMapEaIoAddressWithFlags
[W]: Unknown function 0xacee8542 in 'cellGcmSys' module
[E]: TODO: cellGcmSetFlipImmediate
[W]: Unknown function 0xe0cef79e in 'cellResc' module
[E]: TODO: cellRescCreateInterlaceTable
[W]: Unknown function 0x2664c8ae in 'sys_fs' module
[E]: TODO: cellFsStReadInit
[W]: Unknown function 0x27800c6b in 'sys_fs' module
[E]: TODO: cellFsStRead
[W]: Unknown function 0x8df28ff9 in 'sys_fs' module
[E]: TODO: cellFsStReadStart
[W]: Unknown function 0xd73938df in 'sys_fs' module
[E]: TODO: cellFsStReadFinish
[W]: Unknown function 0xf8e5d9a0 in 'sys_fs' module
[E]: TODO: cellFsStReadStop
[W]: Unknown function 0x6d3bb15b in 'sys_fs' module
[E]: TODO: cellFsSdataOpenByFd
[W]: Unknown function 0x967a162b in 'sys_fs' module
[E]: TODO: cellFsFsync
[W]: Unknown function 0xaa3b4bcd in 'sys_fs' module
[E]: TODO: cellFsGetFreeSize
[W]: Unknown function 0x4e66d483 in 'cellSpurs' module
[E]: TODO: cellSpursDetachLv2EventQueue
[W]: Unknown function 0x57e4dec3 in 'cellSpurs' module
[E]: TODO: cellSpursRemoveWorkload
[W]: Unknown function 0x5fd43fe4 in 'cellSpurs' module
[E]: TODO: cellSpursWaitForWorkloadShutdown
[W]: Unknown function 0x69726aa2 in 'cellSpurs' module
[E]: TODO: cellSpursAddWorkload
[W]: Unknown function 0x7e4ea023 in 'cellSpurs' module
[E]: TODO: cellSpursWakeUp
[W]: Unknown function 0x98d5b343 in 'cellSpurs' module
[E]: TODO: cellSpursShutdownWorkload
[W]: Unknown function 0xa73bf47e in 'cellSpurs' module
[E]: TODO: _cellSpursWorkloadFlagReceiver
[W]: Unknown function 0xacfc8dbc in 'cellSpurs' module
[E]: TODO: cellSpursInitialize
[W]: Unknown function 0xb9bc6207 in 'cellSpurs' module
[E]: TODO: cellSpursAttachLv2EventQueue
[W]: Unknown function 0xc765b995 in 'cellSpurs' module
[E]: TODO: cellSpursGetWorkloadFlag
[W]: Unknown function 0xca4c4600 in 'cellSpurs' module
[E]: TODO: cellSpursFinalize
[W]: Unknown function 0xf843818d in 'cellSpurs' module
[E]: TODO: cellSpursReadyCountStore
[W]: Unknown function 0x011ee38b in 'cellSpurs' module
[E]: TODO: _cellSpursLFQueueInitialize
[W]: Unknown function 0x039d70b7 in 'cellSpurs' module
[E]: TODO: cellSpursQueueDetachLv2EventQueue
[W]: Unknown function 0x07529113 in 'cellSpurs' module
[E]: TODO: cellSpursAttributeSetNamePrefix
[W]: Unknown function 0x082bfb09 in 'cellSpurs' module
[E]: TODO: _cellSpursQueueInitialize
[W]: Unknown function 0x16394a4e in 'cellSpurs' module
[E]: TODO: _cellSpursTasksetAttributeInitialize
[W]: Unknown function 0x1656d49f in 'cellSpurs' module
[E]: TODO: cellSpursLFQueueAttachLv2EventQueue
[W]: Unknown function 0x1d46fedf in 'cellSpurs' module
[E]: TODO: cellSpursCreateTaskWithAttribute
[W]: Unknown function 0x22aab31d in 'cellSpurs' module
[E]: TODO: cellSpursEventFlagDetachLv2EventQueue
[W]: Unknown function 0x373523d4 in 'cellSpurs' module
[E]: TODO: cellSpursEventFlagWait
[W]: Unknown function 0x52cc6c82 in 'cellSpurs' module
[E]: TODO: cellSpursCreateTaskset
[W]: Unknown function 0x5ef96465 in 'cellSpurs' module
[E]: TODO: _cellSpursEventFlagInitialize
[W]: Unknown function 0x652b70e2 in 'cellSpurs' module
[E]: TODO: cellSpursTasksetAttributeSetName
[W]: Unknown function 0x73e06f91 in 'cellSpurs' module
[E]: TODO: cellSpursLFQueueDetachLv2EventQueue
[W]: Unknown function 0x87630976 in 'cellSpurs' module
[E]: TODO: cellSpursEventFlagAttachLv2EventQueue
[W]: Unknown function 0x8a85674d in 'cellSpurs' module
[E]: TODO: _cellSpursLFQueuePushBody
[W]: Unknown function 0x91066667 in 'cellSpurs' module
[E]: TODO: cellSpursQueuePopBody
[W]: Unknown function 0x92cff6ed in 'cellSpurs' module
[E]: TODO: cellSpursQueuePushBody
[W]: Unknown function 0x95180230 in 'cellSpurs' module
[E]: TODO: _cellSpursAttributeInitialize
[W]: Unknown function 0x9f72add3 in 'cellSpurs' module
[E]: TODO: cellSpursJoinTaskset
[W]: Unknown function 0xa789e631 in 'cellSpurs' module
[E]: TODO: cellSpursShutdownTaskset
[W]: Unknown function 0xaa6269a8 in 'cellSpurs' module
[E]: TODO: cellSpursInitializeWithAttribute
[W]: Unknown function 0xb8474eff in 'cellSpurs' module
[E]: TODO: _cellSpursTaskAttributeInitialize
[W]: Unknown function 0xbeb600ac in 'cellSpurs' module
[E]: TODO: cellSpursCreateTask
[W]: Unknown function 0xc10931cb in 'cellSpurs' module
[E]: TODO: cellSpursCreateTasksetWithAttribute
[W]: Unknown function 0xe0a6dbe4 in 'cellSpurs' module
[E]: TODO: _cellSpursSendSignal
[W]: Unknown function 0xe5443be7 in 'cellSpurs' module
[E]: TODO: cellSpursQueueAttachLv2EventQueue
[W]: Unknown function 0xf5507729 in 'cellSpurs' module
[E]: TODO: cellSpursEventFlagSet
[W]: Unknown function 0x1ebcf459 in 'cellSpurs' module
[E]: TODO: cellSpursDestroyTaskset2
[W]: Unknown function 0x4a6465e3 in 'cellSpurs' module
[E]: TODO: cellSpursCreateTaskset2
[W]: Unknown function 0x838fa4f0 in 'cellSpurs' module
[E]: TODO: cellSpursTryJoinTask2
[W]: Unknown function 0xa7a94892 in 'cellSpurs' module
[E]: TODO: cellSpursJoinTask2
[W]: Unknown function 0xc2acdf43 in 'cellSpurs' module
[E]: TODO: _cellSpursTasksetAttribute2Initialize
[W]: Unknown function 0xe14ca62d in 'cellSpurs' module
[E]: TODO: cellSpursCreateTask2
[W]: Unknown function 0x1e585b5d in 'cellNetCtl' module
[E]: TODO: cellNetCtlGetInfo
[W]: Unknown function 0x105ee2cb in 'cellNetCtl' module
[E]: TODO: cellNetCtlTerm
[W]: Unknown function 0x8b3eba69 in 'cellNetCtl' module
[E]: TODO: cellNetCtlGetState
[W]: Unknown function 0xbd5a59fc in 'cellNetCtl' module
[E]: TODO: cellNetCtlInit
[W]: Unknown function 0x06be743d in 'cellFont' module
[E]: TODO: cellFontGetKerning
[W]: Unknown function 0xced4dda9 in 'cellFont' module
[E]: TODO: cellFontGetRenderEffectSlant
[W]: Unknown module 'cellSysutilAvconfExt'
[W]: Unknown module 'cellUserInfo'
[W]: Unknown function 0x1197b52c in 'sceNpTrophy' module
[E]: TODO: sceNpTrophyRegisterContext
[W]: Unknown function 0x1c25470d in 'sceNpTrophy' module
[E]: TODO: sceNpTrophyCreateHandle
[W]: Unknown function 0x370136fe in 'sceNpTrophy' module
[E]: TODO: sceNpTrophyGetRequiredDiskSpace
[W]: Unknown function 0x39567781 in 'sceNpTrophy' module
[E]: TODO: sceNpTrophyInit
[W]: Unknown function 0x48bd97c7 in 'sceNpTrophy' module
[E]: TODO: sceNpTrophyAbortHandle
[W]: Unknown function 0x8ceedd21 in 'sceNpTrophy' module
[E]: TODO: sceNpTrophyUnlockTrophy
[W]: Unknown function 0xe3bf9a28 in 'sceNpTrophy' module
[E]: TODO: sceNpTrophyCreateContext
[W]: Unknown function 0x4885aa18 in 'sceNp' module
[E]: TODO: sceNpTerm
[W]: Unknown function 0xad218faf in 'sceNp' module
[E]: TODO: sceNpDrmIsAvailable
[W]: Unknown function 0xbd28fdbf in 'sceNp' module
[E]: TODO: sceNpInit
[W]: Unknown function 0xf042b14f in 'sceNp' module
[E]: TODO: sceNpDrmIsAvailable2
[W]: Unknown function 0x26fa81b4 in 'cellSpursJq' module
[E]: TODO: cellSpursJobQueuePortFinalize
[W]: Unknown function 0x3d1294fc in 'cellSpursJq' module
[E]: TODO: cellSpursJobQueuePortInitialize
[W]: Unknown function 0x43ddab4f in 'cellSpursJq' module
[E]: TODO: cellSpursJobQueueAttributeInitialize
[W]: Unknown function 0x4e1a17a6 in 'cellSpursJq' module
[E]: TODO: _cellSpursJobQueuePortPushBody
[W]: Unknown function 0x634b1502 in 'cellSpursJq' module
[E]: TODO: cellSpursJobQueuePortSync
[W]: Unknown function 0x8c97a96c in 'cellSpursJq' module
[E]: TODO: cellSpursShutdownJobQueue
[W]: Unknown function 0x8ce4cffa in 'cellSpursJq' module
[E]: TODO: cellSpursJoinJobQueue
[W]: Unknown function 0xf244e799 in 'cellSpursJq' module
[E]: TODO: _cellSpursCreateJobQueue
[W]: Unknown function 0x1c9a942c in 'sysPrxForUser' module
[E]: TODO: sys_lwcond_destroy
[W]: Unknown function 0x26090058 in 'sysPrxForUser' module
[E]: TODO: sys_prx_load_module
[W]: Unknown function 0x2a6d9d51 in 'sysPrxForUser' module
[E]: TODO: sys_lwcond_wait
[W]: Unknown function 0x44265c08 in 'sysPrxForUser' module
[E]: TODO: _sys_heap_memalign
[W]: Unknown function 0x8a561d92 in 'sysPrxForUser' module
[E]: TODO: _sys_heap_free
[W]: Unknown function 0xa330ad84 in 'sysPrxForUser' module
[E]: TODO: sys_prx_load_module_on_memcontainer_by_fd
[W]: Unknown function 0xaa6d9bff in 'sysPrxForUser' module
[E]: TODO: sys_prx_load_module_on_memcontainer
[W]: Unknown function 0xaede4b03 in 'sysPrxForUser' module
[E]: TODO: _sys_heap_delete_heap
[W]: Unknown function 0xda0eb71a in 'sysPrxForUser' module
[E]: TODO: sys_lwcond_create
[W]: Unknown function 0xe9a1bd84 in 'sysPrxForUser' module
[E]: TODO: sys_lwcond_signal_all
[W]: Unknown function 0xef68c17c in 'sysPrxForUser' module
[E]: TODO: sys_prx_load_module_by_fd
[W]: Unknown function 0xef87a695 in 'sysPrxForUser' module
[E]: TODO: sys_lwcond_signal
[W]: Unknown function 0x139a9e9b in 'sys_net' module
[E]: TODO: sys_net_initialize_network_ex
[W]: Unknown function 0x28e208bb in 'sys_net' module
[E]: TODO: listen
[W]: Unknown function 0x3f09e20a in 'sys_net' module
[E]: TODO: socketselect
[W]: Unknown function 0x64f66d35 in 'sys_net' module
[E]: TODO: connect
[W]: Unknown function 0x6db6e8cd in 'sys_net' module
[E]: TODO: socketclose
[W]: Unknown function 0x88f03575 in 'sys_net' module
[E]: TODO: setsockopt
[W]: Unknown function 0x9c056962 in 'sys_net' module
[E]: TODO: socket
[W]: Unknown function 0xb0a59804 in 'sys_net' module
[E]: TODO: bind
[W]: Unknown function 0xb48636c4 in 'sys_net' module
[E]: TODO: sys_net_show_ifconfig
[W]: Unknown function 0xb68d5625 in 'sys_net' module
[E]: TODO: sys_net_finalize_network
[W]: Unknown function 0xc94f6939 in 'sys_net' module
[E]: TODO: accept
[W]: Unknown function 0xdabbc2c0 in 'sys_net' module
[E]: TODO: inet_addr
[W]: Unknown function 0xdc751b40 in 'sys_net' module
[E]: TODO: send
[W]: Unknown function 0xfba04f37 in 'sys_net' module
[E]: TODO: recv
[S]: Game: boot done.
[W : PPU[1] Thread (CPUThread)[0x000124dc]]: cellSysutil warning: cellSysutilGetSystemParamInt: CELL_SYSUTIL_SYSTEMPARAM_ID_TIMEZONE
[W : PPU[1] Thread (CPUThread)[0x000124dc]]: cellSysutil warning: cellSysutilGetSystemParamInt: CELL_SYSUTIL_SYSTEMPARAM_ID_SUMMERTIME
[W : PPU[1] Thread (CPUThread)[0x00018164]]: cellSysutil warning: cellSysutilGetSystemParamInt: CELL_SYSUTIL_SYSTEMPARAM_ID_TIMEZONE
[W : PPU[1] Thread (CPUThread)[0x00018164]]: cellSysutil warning: cellSysutilGetSystemParamInt: CELL_SYSUTIL_SYSTEMPARAM_ID_SUMMERTIME
[W : PPU[1] Thread (CPUThread)[0x000181a8]]: MULHD
[W : PPU[1] Thread (CPUThread)[0x000182c0]]: MULHD
[W : PPU[1] Thread (CPUThread)[0x000182f8]]: MULHD
[W : PPU[1] Thread (CPUThread)[0x00018314]]: MULHD
[W : PPU[1] Thread (CPUThread)[0x000f5708]]: cellSysutil warning: cellSysutilGetSystemParamInt: CELL_SYSUTIL_SYSTEMPARAM_ID_TIMEZONE
[W : PPU[1] Thread (CPUThread)[0x000f5708]]: cellSysutil warning: cellSysutilGetSystemParamInt: CELL_SYSUTIL_SYSTEMPARAM_ID_SUMMERTIME
[W : PPU[1] Thread (CPUThread)[0x00018164]]: cellSysutil warning: cellSysutilGetSystemParamInt: CELL_SYSUTIL_SYSTEMPARAM_ID_TIMEZONE
[W : PPU[1] Thread (CPUThread)[0x00018164]]: cellSysutil warning: cellSysutilGetSystemParamInt: CELL_SYSUTIL_SYSTEMPARAM_ID_SUMMERTIME
[W : PPU[1] Thread (CPUThread)[0x000181a8]]: MULHD
[W : PPU[1] Thread (CPUThread)[0x000182c0]]: MULHD
[W : PPU[1] Thread (CPUThread)[0x000182f8]]: MULHD
[W : PPU[1] Thread (CPUThread)[0x00018314]]: MULHD
[W : PPU[1] Thread (CPUThread)[0x000f56ac]]: cellSysutil warning: cellSysutilGetSystemParamInt: CELL_SYSUTIL_SYSTEMPARAM_ID_TIMEZONE
[W : PPU[1] Thread (CPUThread)[0x000f56ac]]: cellSysutil warning: cellSysutilGetSystemParamInt: CELL_SYSUTIL_SYSTEMPARAM_ID_SUMMERTIME
[W : PPU[1] Thread (CPUThread)[0x000181a8]]: MULHD
[W : PPU[1] Thread (CPUThread)[0x000182c0]]: MULHD
[W : PPU[1] Thread (CPUThread)[0x000182f8]]: MULHD
[W : PPU[1] Thread (CPUThread)[0x00018314]]: MULHD
[W : PPU[1] Thread (CPUThread)[0x000f5708]]: cellSysutil warning: cellSysutilGetSystemParamInt: CELL_SYSUTIL_SYSTEMPARAM_ID_TIMEZONE
[W : PPU[1] Thread (CPUThread)[0x000f5708]]: cellSysutil warning: cellSysutilGetSystemParamInt: CELL_SYSUTIL_SYSTEMPARAM_ID_SUMMERTIME
[W : PPU[1] Thread (CPUThread)[0x000181a8]]: MULHD
[W : PPU[1] Thread (CPUThread)[0x000182c0]]: MULHD
[W : PPU[1] Thread (CPUThread)[0x000182f8]]: MULHD
[W : PPU[1] Thread (CPUThread)[0x00018314]]: MULHD
[W : PPU[1] Thread (CPUThread)[0x0001ddb4]]: memory warning: (HACK!) sys_memory_allocate(size=0x100000, flags=0x400)
[W : PPU[1] Thread (CPUThread)[0x0001ddb4]]: memory warning: (HACK!) sys_memory_allocate(size=0x400000, flags=0x400)
[W : PPU[1] Thread (CPUThread)[0x0001ddb4]]: memory warning: (HACK!) sys_memory_allocate(size=0x7e00000, flags=0x400)
[W : PPU[1] Thread (CPUThread)[0x00f9fa38]]: cellSysmodule warning: cellSysmoduleLoadModule(CELL_SYSMODULE_SYSUTIL_NP)
[W : PPU[1] Thread (CPUThread)[0x00f9fa38]]: cellSysmodule warning: cellSysmoduleLoadModule(CELL_SYSMODULE_SYSUTIL_SAVEDATA)
[W : PPU[1] Thread (CPUThread)[0x00f9fa38]]: cellSysmodule warning: cellSysmoduleLoadModule(CELL_SYSMODULE_SYSUTIL_USERINFO)
[W : PPU[1] Thread (CPUThread)[0x00f9fa38]]: cellSysmodule warning: cellSysmoduleLoadModule(CELL_SYSMODULE_IO)
[W : PPU[1] Thread (CPUThread)[0x00f9fa38]]: cellSysmodule warning: cellSysmoduleLoadModule(CELL_SYSMODULE_FS)
[E : PPU[1] Thread (CPUThread)[0x0178f518]]: TODO: sys_lwcond_create
[E : PPU[1] Thread (CPUThread)[0x0178f234]]: TODO: sceNpInit
[W : PPU[1] Thread (CPUThread)[0x00f9f318]]: cellSysutil warning: cellSysutilRegisterCallback(slot=2, func_addr=0x1047fe8, userdata=0x0)
[W : PPU[1] Thread (CPUThread)[0x00f9fa38]]: cellSysmodule warning: cellSysmoduleLoadModule(CELL_SYSMODULE_USBD)
[W : PPU[1] Thread (CPUThread)[0x00f9fa38]]: cellSysmodule warning: cellSysmoduleLoadModule(CELL_SYSMODULE_NET)
[W : PPU[1] Thread (CPUThread)[0x00f9f318]]: cellSysutil warning: cellSysutilRegisterCallback(slot=0, func_addr=0x1050d18, userdata=0x14ebc00)
[W : PPU[1] Thread (CPUThread)[0x00575278]]: sys_spu warning: sys_spu_initialize(max_usable_spu=6, max_raw_spu=0)
[E : PPU[1] Thread (CPUThread)[0x0001ae90]]: sys_fs error: '/app_home/sampleArg.txt' not found! flags: 0x00000000
[W : PPU[1] Thread (CPUThread)[0x00575994]]: memory warning: (HACK!) sys_memory_allocate(size=0x100000, flags=0x400)
[W : PPU[1] Thread (CPUThread)[0x00f9f47c]]: cellGcmSys warning: cellGcmInit(context_addr=0x143ab68,cmdSize=0xf0000,ioSize=0x100000,ioAddress=0x38700000)
[W : PPU[1] Thread (CPUThread)[0x00f9f47c]]: cellGcmSys warning: *** local memory(addr=0xc0000000, size=0xf900000)
[W : PPU[1] Thread (CPUThread)[0x00f9f47c]]: cellGcmSys warning: cellGcmMapEaIoAddress(ea=0x38700000, io=0x0, size=0x100000)
[E : PPU[1] Thread (CPUThread)[0x00f9f53c]]: cellGcmSys error: Unimplemented function: cellGcmSetVBlankHandler
[W : PPU[1] Thread (CPUThread)[0x00f9f470]]: cellGcmSys warning: cellGcmSetUserHandler(handler=0x1050d48)
[W : PPU[1] Thread (CPUThread)[0x00f9f324]]: cellSysutil warning: cellVideoOutGetResolutionAvailability(videoOut=0, resolutionId=0x2, option_addr=0x2, aspect=0x0, option=0xc48748)
[! : RSXThread]: RSX thread entry
[W : PPU[1] Thread (CPUThread)[0x00f9f464]]: cellGcmSys warning: cellGcmGetTiledPitchSize(size=5120)
[W : PPU[1] Thread (CPUThread)[0x00f9f24c]]: cellSysutil warning: cellVideoOutConfigure(videoOut=0, config_addr=0xd0010b38, option_addr=0x0, waitForEvent=0x0)
[W : PPU[1] Thread (CPUThread)[0x00f9f4b8]]: cellGcmSys warning: cellGcmSetFlipMode(mode=2)
[W : PPU[1] Thread (CPUThread)[0x00f9f488]]: cellGcmSys warning: cellGcmAddressToOffset(address=0xc0000000,offset_addr=0x0)
[W : PPU[1] Thread (CPUThread)[0x00f9f488]]: cellGcmSys warning: cellGcmAddressToOffset(address=0xc03c0000,offset_addr=0x0)
[W : PPU[1] Thread (CPUThread)[0x00f9f554]]: cellGcmSys warning: cellGcmSetTileInfo(index=0, location=0, offset=0, size=7864320, pitch=5120, comp=7, base=0, bank=0)
[E : PPU[1] Thread (CPUThread)[0x00f9f554]]: cellGcmSys error: cellGcmSetTileInfo: bad comp! (7)
[W : PPU[1] Thread (CPUThread)[0x00f9f4ac]]: cellGcmSys warning: cellGcmBindTile(index=0)
[W : PPU[1] Thread (CPUThread)[0x00f9f464]]: cellGcmSys warning: cellGcmGetTiledPitchSize(size=10240)
[W : PPU[1] Thread (CPUThread)[0x00f9f464]]: cellGcmSys warning: cellGcmGetTiledPitchSize(size=10240)
[W : PPU[1] Thread (CPUThread)[0x00f9f488]]: cellGcmSys warning: cellGcmAddressToOffset(address=0xc0780000,offset_addr=0x0)
[W : PPU[1] Thread (CPUThread)[0x00f9f554]]: cellGcmSys warning: cellGcmSetTileInfo(index=1, location=0, offset=7864320, size=15073280, pitch=10240, comp=8, base=120, bank=0)
[E : PPU[1] Thread (CPUThread)[0x00f9f554]]: cellGcmSys error: cellGcmSetTileInfo: bad comp! (8)
[W : PPU[1] Thread (CPUThread)[0x00f9f4ac]]: cellGcmSys warning: cellGcmBindTile(index=1)
[W : PPU[1] Thread (CPUThread)[0x00f9f488]]: cellGcmSys warning: cellGcmAddressToOffset(address=0xc15e0000,offset_addr=0x0)
[W : PPU[1] Thread (CPUThread)[0x00f9f554]]: cellGcmSys warning: cellGcmSetTileInfo(index=2, location=0, offset=22937600, size=15073280, pitch=10240, comp=10, base=350, bank=2)
[E : PPU[1] Thread (CPUThread)[0x00f9f554]]: cellGcmSys error: cellGcmSetTileInfo: bad comp! (10)
[W : PPU[1] Thread (CPUThread)[0x00f9f4ac]]: cellGcmSys warning: cellGcmBindTile(index=2)
[W : PPU[1] Thread (CPUThread)[0x00f9f50c]]: cellGcmSys warning: TODO: cellGcmBindZcull(index=0)
[W : PPU[1] Thread (CPUThread)[0x00f9f518]]: cellGcmSys warning: cellGcmSetDisplayBuffer(id=0x0,offset=0x0,pitch=4,width=1280,height=720)
[W : PPU[1] Thread (CPUThread)[0x00f9f518]]: cellGcmSys warning: cellGcmSetDisplayBuffer(id=0x1,offset=0x3c0000,pitch=4,width=1280,height=720)
[W : PPU[1] Thread (CPUThread)[0x00f9fa38]]: cellSysmodule warning: cellSysmoduleLoadModule(CELL_SYSMODULE_RESC)
[W : PPU[1] Thread (CPUThread)[0x00f9f654]]: cellResc warning: cellRescInit(initConfig_addr=0xd0010b70)
[W : PPU[1] Thread (CPUThread)[0x00f9f63c]]: cellResc warning: cellRescSetDisplayMode(displayMode=1)
[W : PPU[1] Thread (CPUThread)[0x00f9f63c]]: cellSysutil warning: cellVideoOutConfigure(videoOut=0, config_addr=0x38811c30, option_addr=0x0, waitForEvent=0x0)
[W : PPU[1] Thread (CPUThread)[0x00f9f63c]]: cellGcmSys warning: cellGcmSetFlipMode(mode=2)
[W : PPU[1] Thread (CPUThread)[0x00f9f660]]: cellResc warning: cellRescGetBufferSize(colorBuffers_addr=0xd0010ad4, vertexArray_addr=0xd0010ad8, fragmentShader_addr=0xd0010adc)
[W : PPU[1] Thread (CPUThread)[0x00f9f678]]: cellResc warning: cellRescSetBufferAddress(colorBuffers_addr=0xc2440000, vertexArray_addr=0xc2b50000, fragmentShader_addr=0xc2b50400)
[W : PPU[1] Thread (CPUThread)[0x00f9f678]]: cellGcmSys warning: cellGcmAddressToOffset(address=0xc2440000,offset_addr=0x0)
[W : PPU[1] Thread (CPUThread)[0x00f9f678]]: cellGcmSys warning: cellGcmSetDisplayBuffer(id=0x0,offset=0x2440000,pitch=10,width=720,height=480)
[W : PPU[1] Thread (CPUThread)[0x00f9f678]]: cellGcmSys warning: cellGcmSetDisplayBuffer(id=0x1,offset=0x27c4000,pitch=10,width=720,height=480)
[W : PPU[1] Thread (CPUThread)[0x00f9f488]]: cellGcmSys warning: cellGcmAddressToOffset(address=0xc2440000,offset_addr=0x0)
[W : PPU[1] Thread (CPUThread)[0x00f9f554]]: cellGcmSys warning: cellGcmSetTileInfo(index=3, location=0, offset=38010880, size=7405568, pitch=7680, comp=7, base=580, bank=0)
[E : PPU[1] Thread (CPUThread)[0x00f9f554]]: cellGcmSys error: cellGcmSetTileInfo: bad comp! (7)
[W : PPU[1] Thread (CPUThread)[0x00f9f4ac]]: cellGcmSys warning: cellGcmBindTile(index=3)
[E : PPU[1] Thread (CPUThread)[0x00f9f69c]]: TODO: cellRescCreateInterlaceTable
[W : PPU[1] Thread (CPUThread)[0x00f9f488]]: cellGcmSys warning: cellGcmAddressToOffset(address=0xc2b80000,offset_addr=0x0)
[W : PPU[1] Thread (CPUThread)[0x0057cf18]]: memory warning: (HACK!) sys_memory_allocate(size=0x1000000, flags=0x400)
[W : PPU[1] Thread (CPUThread)[0x00f9f4dc]]: cellGcmSys warning: cellGcmMapEaIoAddress(ea=0x38900000, io=0xd100000, size=0xf00000)
[E : PPU[1] Thread (CPUThread)[0x00f9f4d0]]: TODO: cellGcmMapEaIoAddressWithFlags
[W : PPU[1] Thread (CPUThread)[0x00f9f488]]: cellGcmSys warning: cellGcmAddressToOffset(address=0x38900000,offset_addr=0x0)
[W : PPU[1] Thread (CPUThread)[0x00f9fa38]]: cellSysmodule warning: cellSysmoduleLoadModule(CELL_SYSMODULE_NET)
[W : PPU[1] Thread (CPUThread)[0x00f9fa38]]: cellSysmodule warning: cellSysmoduleLoadModule(CELL_SYSMODULE_NETCTL)
[W : PPU[1] Thread (CPUThread)[0x00f9fa38]]: cellSysmodule warning: cellSysmoduleLoadModule(CELL_SYSMODULE_RESC)
[W : PPU[1] Thread (CPUThread)[0x00f9fa38]]: cellSysmodule warning: cellSysmoduleLoadModule(CELL_SYSMODULE_USBD)
[W : PPU[1] Thread (CPUThread)[0x00f9fa38]]: cellSysmodule warning: cellSysmoduleLoadModule(CELL_SYSMODULE_FS)
[W : PPU[1] Thread (CPUThread)[0x00f9fa38]]: cellSysmodule warning: cellSysmoduleLoadModule(CELL_SYSMODULE_SYSUTIL_GAME)
[E : PPU[1] Thread (CPUThread)[0x00f9fc24]]: TODO: cellSpursInitialize
[E : PPU[1] Thread (CPUThread)[0x0178f518]]: TODO: sys_lwcond_create
[E : PPU[1] Thread (CPUThread)[0x0178f518]]: TODO: sys_lwcond_create
[E : PPU[1] Thread (CPUThread)[0x0178f518]]: TODO: sys_lwcond_create
[E : PPU[1] Thread (CPUThread)[0x0178f518]]: TODO: sys_lwcond_create
[E : PPU[1] Thread (CPUThread)[0x0178f518]]: TODO: sys_lwcond_create
[E : PPU[1] Thread (CPUThread)[0x0178f518]]: TODO: sys_lwcond_create
[E : PPU[1] Thread (CPUThread)[0x0178f518]]: TODO: sys_lwcond_create
[E : PPU[1] Thread (CPUThread)[0x0178f518]]: TODO: sys_lwcond_create
[E : PPU[1] Thread (CPUThread)[0x0178f518]]: TODO: sys_lwcond_create
[E : PPU[1] Thread (CPUThread)[0x0178f518]]: TODO: sys_lwcond_create
[E : PPU[1] Thread (CPUThread)[0x0178f518]]: TODO: sys_lwcond_create
[E : PPU[1] Thread (CPUThread)[0x0178f518]]: TODO: sys_lwcond_create
[E : PPU[1] Thread (CPUThread)[0x0178f518]]: TODO: sys_lwcond_create
[E : PPU[1] Thread (CPUThread)[0x0178f518]]: TODO: sys_lwcond_create
[E : PPU[1] Thread (CPUThread)[0x0178f518]]: TODO: sys_lwcond_create
[E : PPU[1] Thread (CPUThread)[0x0178f518]]: TODO: sys_lwcond_create
[E : PPU[1] Thread (CPUThread)[0x0178f518]]: TODO: sys_lwcond_create
[E : PPU[1] Thread (CPUThread)[0x0178f518]]: TODO: sys_lwcond_create
[E : PPU[1] Thread (CPUThread)[0x0178f518]]: TODO: sys_lwcond_create
[E : PPU[1] Thread (CPUThread)[0x0178f518]]: TODO: sys_lwcond_create
[E : PPU[1] Thread (CPUThread)[0x0178f518]]: TODO: sys_lwcond_create
[E : PPU[1] Thread (CPUThread)[0x0178f53c]]: TODO: sys_lwcond_signal_all
[E : PPU[1] Thread (CPUThread)[0x00f9fe0c]]: TODO: cellNetCtlGetInfo
[E : PPU[1] Thread (CPUThread)[0x0178f53c]]: TODO: sys_lwcond_signal_all
[E : PPU[1] Thread (CPUThread)[0x0178f53c]]: TODO: sys_lwcond_signal_all
[E : PPU[1] Thread (CPUThread)[0x0178f53c]]: TODO: sys_lwcond_signal_all
[W : PPU[1] Thread (CPUThread)[0x00f9fa38]]: cellSysmodule warning: cellSysmoduleLoadModule(CELL_SYSMODULE_FS)
[W : PPU[1] Thread (CPUThread)[0x00f9fa38]]: cellSysmodule warning: cellSysmoduleLoadModule(CELL_SYSMODULE_FONT)
[W : PPU[1] Thread (CPUThread)[0x00f9fa38]]: cellSysmodule warning: cellSysmoduleLoadModule(CELL_SYSMODULE_FREETYPE)
[W : PPU[1] Thread (CPUThread)[0x00f9fa38]]: cellSysmodule warning: cellSysmoduleLoadModule(CELL_SYSMODULE_FONTFT)
[W : PPU[1] Thread (CPUThread)[0x00f9ffac]]: cellFont warning: cellFontInitializeWithRevision(revisionFlags=0x61, config=0xd00107a8)
[W : PPU[1] Thread (CPUThread)[0x0178f68c]]: cellFontFT warning: cellFontInitLibraryFreeTypeWithRevision(revisionFlags=0x41, config_addr=0xd00107d0, lib_addr_addr=0x1678640
[W : PPU[1] Thread (CPUThread)[0x00f9ff4c]]: cellFont warning: cellFontCreateRenderer(library_addr=0x39911c30, config_addr=0xd00107bc, Renderer_addr=0x1678644)
[E : PPU[1] Thread (CPUThread)[0x0178f53c]]: TODO: sys_lwcond_signal_all
[E : PPU[1] Thread (CPUThread)[0x0178f53c]]: TODO: sys_lwcond_signal_all
[E : PPU[1] Thread (CPUThread)[0x0178f53c]]: TODO: sys_lwcond_signal_all
[E : PPU[1] Thread (CPUThread)[0x0178f53c]]: TODO: sys_lwcond_signal_all
[E : PPU[1] Thread (CPUThread)[0x0178f53c]]: TODO: sys_lwcond_signal_all
[E : PPU[1] Thread (CPUThread)[0x0178f53c]]: TODO: sys_lwcond_signal_all
[E : PPU[1] Thread (CPUThread)[0x0178f53c]]: TODO: sys_lwcond_signal_all
[E : PPU[1] Thread (CPUThread)[0x0178f53c]]: TODO: sys_lwcond_signal_all
[E : PPU[1] Thread (CPUThread)[0x0178f53c]]: TODO: sys_lwcond_signal_all
[E : PPU[1] Thread (CPUThread)[0x00f9fbf4]]: TODO: cellSpursAddWorkload
[E : PPU[1] Thread (CPUThread)[0x00f9fc18]]: TODO: _cellSpursWorkloadFlagReceiver
[E : PPU[1] Thread (CPUThread)[0x00f9fc54]]: TODO: cellSpursReadyCountStore
[E : PPU[1] Thread (CPUThread)[0x00f9fc00]]: TODO: cellSpursWakeUp
[W : PPU[1] Thread (CPUThread)[0x00f9fa38]]: cellSysmodule warning: cellSysmoduleLoadModule(CELL_SYSMODULE_SYSUTIL_GAME)
[W : PPU[1] Thread (CPUThread)[0x0178f034]]: cellGame warning: cellGameBootCheck(type_addr=0xd0010520, attributes_addr=0xd00106f0, size_addr=0x15f43fc, dirName_addr=0xd0010528)
[W : PPU[1] Thread (CPUThread)[0x0178f010]]: cellGame warning: cellGameContentPermit(contentInfoPath_addr=0xd0010548, usrdirPath_addr=0xd00105c8)
[E : PPU[1] Thread (CPUThread)[0x0178f028]]: cellGame error: Unimplemented function: cellGameDataCheck
[W : PPU[1] Thread (CPUThread)[0x0178f010]]: cellGame warning: cellGameContentPermit(contentInfoPath_addr=0xd0010430, usrdirPath_addr=0xd00104b0)
[W : PPU[1] Thread (CPUThread)[0x0038f500]]: sys_event warning: sys_event_queue_create(equeue_id_addr=0x15eb270, attr_addr=0xd0010720, event_queue_key=0x0, size=3)
[W : PPU[1] Thread (CPUThread)[0x0038f500]]: sys_event warning: name = 
[W : PPU[1] Thread (CPUThread)[0x0038f500]]: sys_event warning: type = 1
[E : PPU[1] Thread (CPUThread)[0x00f9f2b8]]: TODO: cellMsgDialogAbort
[W : PPU[1] Thread (CPUThread)[0x00f9fa38]]: cellSysmodule warning: cellSysmoduleLoadModule(CELL_SYSMODULE_SYSUTIL_NP_TROPHY)
[E : PPU[1] Thread (CPUThread)[0x0178f1cc]]: TODO: sceNpTrophyInit
[E : PPU[1] Thread (CPUThread)[0x0178f1f0]]: TODO: sceNpTrophyCreateContext
[E : PPU[1] Thread (CPUThread)[0x0178f1b4]]: TODO: sceNpTrophyCreateHandle
[E : PPU[1] Thread (CPUThread)[0x0178f1c0]]: TODO: sceNpTrophyGetRequiredDiskSpace
[W : PPU[1] Thread (CPUThread)[0x00f9f4c4]]: cellGcmSys warning: cellGcmGetDefaultCommandWordSize()
[W : PPU[1] Thread (CPUThread)[0x00f9f4f4]]: cellGcmSys warning: cellGcmGetDefaultSegmentWordSize()
[E : PPU[1] Thread (CPUThread)[0x00f9fc3c]]: TODO: cellSpursGetWorkloadFlag
[W : PPU[1] Thread (CPUThread)[0x00f9f488]]: cellGcmSys warning: cellGcmAddressToOffset(address=0x0,offset_addr=0x0)
[E : PPU[1] Thread (CPUThread)[0x0178f53c]]: TODO: sys_lwcond_signal_all
[E : PPU[1] Thread (CPUThread)[0x0178f518]]: TODO: sys_lwcond_create
[E : PPU[1] Thread (CPUThread)[0x0178f518]]: TODO: sys_lwcond_create
[E : PPU[1] Thread (CPUThread)[0x0178f53c]]: TODO: sys_lwcond_signal_all
[E : PPU[1] Thread (CPUThread)[0x00f9fe0c]]: TODO: cellNetCtlGetInfo
[E : PPU[1] Thread (CPUThread)[0x0178f53c]]: TODO: sys_lwcond_signal_all
[E : PPU[1] Thread (CPUThread)[0x0178f53c]]: TODO: sys_lwcond_signal_all
[E : PPU[1] Thread (CPUThread)[0x0178f53c]]: TODO: sys_lwcond_signal_all
[E : PPU[1] Thread (CPUThread)[0x0178f53c]]: TODO: sys_lwcond_signal_all
[W : PPU[1] Thread (CPUThread)[0x00f9f66c]]: cellGcmSys warning: cellGcmSetDisplayBuffer(id=0x0,offset=0x780000,pitch=4,width=2560,height=1440)
[E : PPU[1] Thread (CPUThread)[0x0178f53c]]: TODO: sys_lwcond_signal_all
[E : PPU[1] Thread (CPUThread)[0x0178f53c]]: TODO: sys_lwcond_signal_all
[E : PPU[1] Thread (CPUThread)[0x0178f53c]]: TODO: sys_lwcond_signal_all
[W : PPU[1] Thread (CPUThread)[0x00f9f488]]: cellGcmSys warning: cellGcmAddressToOffset(address=0x38700758,offset_addr=0x0)
[W : PPU[1] Thread (CPUThread)[0x00f9f488]]: cellGcmSys warning: cellGcmAddressToOffset(address=0x38700758,offset_addr=0x0)
[E : RSXThread]: TODO: cellGcmSetBackPolygonMode(0x21b0000)
[W : RSXThread]: NV4097_SET_COLOR_MASK_MRT: f0ff0000
[E : RSXThread]: TODO: unknown/illegal method [0x00001fec](0x0)
[E : RSXThread]: TODO: cellGcmSetFrequencyDividerOperation(0x0)
[E : RSXThread]: TODO: cellGcmSetFrontFace(0x1090000)
[E : RSXThread]: TODO: cellGcmSetLineStipple(0x0)
[E : RSXThread]: TODO: cellGcmSetLogicOp(0x3150000)
[E : RSXThread]: TODO: cellGcmSetPointSize(0x803f)
[E : RSXThread]: TODO: cellGcmSetPolygonOffsetScaleFactor(0x0, 0x0)
[E : RSXThread]: TODO: cellGcmSetPolygonStipple(0x0)
[E : RSXThread]: TODO: cellGcmSetRenderEnable(0x1)
[E : RSXThread]: TODO: cellGcmSetZcullStatsEnable(0x0)
[E : RSXThread]: TODO: cellGcmSetZpassPixelCountEnable(0x0)
[E : RSXThread]: TODO: cellGcmSetTexture_BorderColor(0x0)
[E : RSXThread]: TODO: cellGcmSetTexture_BorderColor(0x0)
[E : RSXThread]: TODO: cellGcmSetTexture_BorderColor(0x0)
[E : RSXThread]: TODO: cellGcmSetTexture_BorderColor(0x0)
[E : RSXThread]: TODO: cellGcmSetTexture_BorderColor(0x0)
[E : RSXThread]: TODO: cellGcmSetTexture_BorderColor(0x0)
[E : RSXThread]: TODO: cellGcmSetTexture_BorderColor(0x0)
[E : RSXThread]: TODO: cellGcmSetTexture_BorderColor(0x0)
[E : RSXThread]: TODO: cellGcmSetTexture_BorderColor(0x0)
[E : RSXThread]: TODO: cellGcmSetTexture_BorderColor(0x0)
[E : RSXThread]: TODO: cellGcmSetTexture_BorderColor(0x0)
[E : RSXThread]: TODO: cellGcmSetTexture_BorderColor(0x0)
[E : RSXThread]: TODO: cellGcmSetTexture_BorderColor(0x0)
[E : RSXThread]: TODO: cellGcmSetTexture_BorderColor(0x0)
[E : RSXThread]: TODO: cellGcmSetTexture_BorderColor(0x0)
[E : RSXThread]: TODO: cellGcmSetTexture_BorderColor(0x0)
[E : RSXThread]: TODO: cellGcmSetVertexTexture_Control0(0x600)
[E : RSXThread]: TODO: cellGcmSetVertexTexture_Filter(0x0)
[E : RSXThread]: TODO: cellGcmSetVertexTexture_Address(0x1010000)
[E : RSXThread]: TODO: cellGcmSetVertexTexture_BorderColor(0x0)
[E : RSXThread]: TODO: cellGcmSetVertexTexture_Control0(0x600)
[E : RSXThread]: TODO: cellGcmSetVertexTexture_Filter(0x0)
[E : RSXThread]: TODO: cellGcmSetVertexTexture_Address(0x1010000)
[E : RSXThread]: TODO: cellGcmSetVertexTexture_BorderColor(0x0)
[E : RSXThread]: TODO: cellGcmSetVertexTexture_Control0(0x600)
[E : RSXThread]: TODO: cellGcmSetVertexTexture_Filter(0x0)
[E : RSXThread]: TODO: cellGcmSetVertexTexture_Address(0x1010000)
[E : RSXThread]: TODO: cellGcmSetVertexTexture_BorderColor(0x0)
[E : RSXThread]: TODO: cellGcmSetVertexTexture_Control0(0x600)
[E : RSXThread]: TODO: cellGcmSetVertexTexture_Filter(0x0)
[E : RSXThread]: TODO: cellGcmSetVertexTexture_Address(0x1010000)
[E : RSXThread]: TODO: cellGcmSetVertexTexture_BorderColor(0x0)
[E : RSXThread]: TODO: cellGcmInvalidateZcull(0x0)
[E : RSXThread]: TODO: cellGcmInvalidateZcull(0x0)
[E : RSXThread]: TODO: cellGcmSetContextDmaReport(0x80d6ba)
[W : PPU[1] Thread (CPUThread)[0x00f9f488]]: cellGcmSys warning: cellGcmAddressToOffset(address=0x38700958,offset_addr=0x0)
[W : PPU[1] Thread (CPUThread)[0x00f9f66c]]: cellGcmSys warning: cellGcmSetDisplayBuffer(id=0x0,offset=0x780000,pitch=4,width=2560,height=1440)
[E : PPU[13] Thread (installGameDataThread)[0x0178f028]]: cellGame error: Unimplemented function: cellGameDataCheck
[W : PPU[13] Thread (installGameDataThread)[0x0178f010]]: cellGame warning: cellGameContentPermit(contentInfoPath_addr=0xd0020a60, usrdirPath_addr=0xd0020ae0)
[W : PPU[1] Thread (CPUThread)[0x00f9f488]]: cellGcmSys warning: cellGcmAddressToOffset(address=0x38700a8c,offset_addr=0x0)
[W : PPU[1] Thread (CPUThread)[0x00f9f488]]: cellGcmSys warning: cellGcmAddressToOffset(address=0x38700a8c,offset_addr=0x0)
[E : RSXThread]: TODO: cellGcmInvalidateZcull(0x0)
[E : RSXThread]: TODO: cellGcmSetContextDmaReport(0x80d6ba)
[W : PPU[1] Thread (CPUThread)[0x00f9f488]]: cellGcmSys warning: cellGcmAddressToOffset(address=0x38700c8c,offset_addr=0x0)
[W : PPU[1] Thread (CPUThread)[0x00f9f66c]]: cellGcmSys warning: cellGcmSetDisplayBuffer(id=0x0,offset=0x780000,pitch=4,width=2560,height=1440)
[W : PPU[1] Thread (CPUThread)[0x00f9f488]]: cellGcmSys warning: cellGcmAddressToOffset(address=0x38700dc0,offset_addr=0x0)
[W : PPU[1] Thread (CPUThread)[0x00f9f488]]: cellGcmSys warning: cellGcmAddressToOffset(address=0x38700dc0,offset_addr=0x0)
[E : RSXThread]: TODO: cellGcmInvalidateZcull(0x0)
[E : RSXThread]: TODO: cellGcmSetContextDmaReport(0x80d6ba)
[W : PPU[1] Thread (CPUThread)[0x00f9f488]]: cellGcmSys warning: cellGcmAddressToOffset(address=0x38700fc0,offset_addr=0x0)
[W : PPU[1] Thread (CPUThread)[0x00f9f66c]]: cellGcmSys warning: cellGcmSetDisplayBuffer(id=0x0,offset=0x780000,pitch=4,width=2560,height=1440)
[E : PPU[1] Thread (CPUThread)[0x0178f53c]]: TODO: sys_lwcond_signal_all
[E : PPU[1] Thread (CPUThread)[0x0178f53c]]: TODO: sys_lwcond_signal_all
[E : PPU[1] Thread (CPUThread)[0x0178f53c]]: TODO: sys_lwcond_signal_all
[E : PPU[1] Thread (CPUThread)[0x0178f028]]: cellGame error: Unimplemented function: cellGameDataCheck
[W : PPU[1] Thread (CPUThread)[0x0178f010]]: cellGame warning: cellGameContentPermit(contentInfoPath_addr=0xd00103a0, usrdirPath_addr=0xd0010420)
[W : PPU[1] Thread (CPUThread)[0x00f9fa38]]: cellSysmodule warning: cellSysmoduleLoadModule(CELL_SYSMODULE_SYSUTIL_GAME)
[W : PPU[1] Thread (CPUThread)[0x0178f034]]: cellGame warning: cellGameBootCheck(type_addr=0xd0010200, attributes_addr=0xd00103d0, size_addr=0x15f43fc, dirName_addr=0xd0010208)
[W : PPU[1] Thread (CPUThread)[0x0178f010]]: cellGame warning: cellGameContentPermit(contentInfoPath_addr=0xd0010228, usrdirPath_addr=0xd00102a8)
[E : PPU[1] Thread (CPUThread)[0x0178f028]]: cellGame error: Unimplemented function: cellGameDataCheck
[W : PPU[1] Thread (CPUThread)[0x0178f010]]: cellGame warning: cellGameContentPermit(contentInfoPath_addr=0xd0010110, usrdirPath_addr=0xd0010190)
[W : PPU[1] Thread (CPUThread)[0x00f9f920]]: sys_fs warning: cellFsStat: '/Res/cg/commonShader.PSSG' not found.
[W : PPU[1] Thread (CPUThread)[0x00f9f920]]: sys_fs warning: cellFsStat: '/Res/cg/commonShader.PSSG' not found.
[E : PPU[1] Thread (CPUThread)[0x00f9f914]]: sys_fs error: '/usr/share/fonts/default/TrueType/' not found! flags: 0x00000000
[E : PPU[1] Thread (CPUThread)[0x00f9f914]]: sys_fs error: '/host_root/usr/share/fonts/default/TrueType/' not found! flags: 0x00000000
[E : PPU[1] Thread (CPUThread)[0x0001509c]]: Read64 from null block: [00000000]
