[!]: path: /dev_hdd0/game/
[W]: SELF: No NPDRM control info found!
[!]: Loading 'D:\Emulateurs\Rpcs3\dev_hdd0\game\BLES00834-[YAKUZA 3]\PS3_GAME\USRDIR/BOOT.BIN'...
[!]: Mount info:
[!]: /dev_hdd0/ -> D:\Emulateurs\Rpcs3\dev_hdd0\
[!]: /dev_hdd1/ -> D:\Emulateurs\Rpcs3\dev_hdd1\
[!]: /dev_flash/ -> D:\Emulateurs\Rpcs3\dev_flash\
[!]: /dev_usb000/ -> D:\Emulateurs\Rpcs3\dev_usb000\
[!]: /dev_usb/ -> D:\Emulateurs\Rpcs3\dev_usb000\
[!]: /app_home/ -> D:\Emulateurs\Rpcs3\dev_hdd0\game\BLES00834-[YAKUZA 3]\PS3_GAME\
[!]: /dev_bdvd/ -> D:\Emulateurs\Rpcs3\dev_hdd0\game\BLES00834-[YAKUZA 3]\PS3_GAME\\..\
[!]: /host_root/ -> 
[!]: / -> D:\Emulateurs\Rpcs3\dev_hdd0\game\BLES00834-[YAKUZA 3]\PS3_GAME\\USRDIR\
[!]: Initing memory...
[!]: Memory initialized.
[W]: Unknown function 0x967a162b in 'sys_fs' module
[E]: TODO: cellFsFsync
[W]: Unknown function 0x1dfbfdd6 in 'cellSysutil' module
[E]: TODO: cellSaveDataListLoad2
[W]: Unknown function 0x20543730 in 'cellSysutil' module
[E]: TODO: cellMsgDialogClose
[W]: Unknown function 0x21425307 in 'cellSysutil' module
[E]: TODO: cellSaveDataListAutoLoad
[W]: Unknown function 0x2a8eada2 in 'cellSysutil' module
[E]: TODO: cellSaveDataFixedLoad2
[W]: Unknown function 0x2aae9ef5 in 'cellSysutil' module
[E]: TODO: cellSaveDataFixedSave2
[W]: Unknown function 0x2de0d663 in 'cellSysutil' module
[E]: TODO: cellSaveDataListSave2
[W]: Unknown function 0x3d1e1931 in 'cellSysutil' module
[E]: TODO: cellOskDialogUnloadAsync
[W]: Unknown function 0x7fcfc915 in 'cellSysutil' module
[E]: TODO: cellOskDialogLoadAsync
[W]: Unknown function 0x9117df20 in 'cellSysutil' module
[E]: TODO: cellHddGameCheck
[W]: Unknown function 0x94862702 in 'cellSysutil' module
[E]: TODO: cellMsgDialogProgressBarInc
[W]: Unknown function 0xedadd797 in 'cellSysutil' module
[E]: TODO: cellSaveDataDelete2
[W]: Unknown function 0xf0ec3ccc in 'cellSysutil' module
[E]: TODO: cellOskDialogSetLayoutMode
[W]: Unknown function 0x13ae18f3 in 'cellSpurs' module
[E]: TODO: cellSpursTaskExitCodeGet
[W]: Unknown function 0x16394a4e in 'cellSpurs' module
[E]: TODO: _cellSpursTasksetAttributeInitialize
[W]: Unknown function 0x1d46fedf in 'cellSpurs' module
[E]: TODO: cellSpursCreateTaskWithAttribute
[W]: Unknown function 0x22aab31d in 'cellSpurs' module
[E]: TODO: cellSpursEventFlagDetachLv2EventQueue
[W]: Unknown function 0x303c19cd in 'cellSpurs' module
[E]: TODO: cellSpursCreateJobChainWithAttribute
[W]: Unknown function 0x34552fa6 in 'cellSpurs' module
[E]: TODO: cellSpursTaskExitCodeInitialize
[W]: Unknown function 0x3548f483 in 'cellSpurs' module
[E]: TODO: _cellSpursJobChainAttributeInitialize
[W]: Unknown function 0x373523d4 in 'cellSpurs' module
[E]: TODO: cellSpursEventFlagWait
[W]: Unknown function 0x5ef96465 in 'cellSpurs' module
[E]: TODO: _cellSpursEventFlagInitialize
[W]: Unknown function 0x652b70e2 in 'cellSpurs' module
[E]: TODO: cellSpursTasksetAttributeSetName
[W]: Unknown function 0x68aaeba9 in 'cellSpurs' module
[E]: TODO: cellSpursJobGuardInitialize
[W]: Unknown function 0x738e40e6 in 'cellSpurs' module
[E]: TODO: cellSpursShutdownJobChain
[W]: Unknown function 0x87630976 in 'cellSpurs' module
[E]: TODO: cellSpursEventFlagAttachLv2EventQueue
[W]: Unknown function 0x8f122ef8 in 'cellSpurs' module
[E]: TODO: cellSpursTasksetAttributeSetTasksetSize
[W]: Unknown function 0x9f72add3 in 'cellSpurs' module
[E]: TODO: cellSpursJoinTaskset
[W]: Unknown function 0x9fef70c2 in 'cellSpurs' module
[E]: TODO: cellSpursJobChainAttributeSetName
[W]: Unknown function 0xa121a224 in 'cellSpurs' module
[E]: TODO: cellSpursTaskAttributeSetExitCodeContainer
[W]: Unknown function 0xa789e631 in 'cellSpurs' module
[E]: TODO: cellSpursShutdownTaskset
[W]: Unknown function 0xa7c066de in 'cellSpurs' module
[E]: TODO: cellSpursJoinJobChain
[W]: Unknown function 0xaa6269a8 in 'cellSpurs' module
[E]: TODO: cellSpursInitializeWithAttribute
[W]: Unknown function 0xb8474eff in 'cellSpurs' module
[E]: TODO: _cellSpursTaskAttributeInitialize
[W]: Unknown function 0xc10931cb in 'cellSpurs' module
[E]: TODO: cellSpursCreateTasksetWithAttribute
[W]: Unknown function 0xd5d0b256 in 'cellSpurs' module
[E]: TODO: cellSpursJobGuardNotify
[W]: Unknown function 0xe717ac73 in 'cellSpurs' module
[E]: TODO: cellSpursTaskExitCodeTryGet
[W]: Unknown function 0xf31731bb in 'cellSpurs' module
[E]: TODO: cellSpursRunJobChain
[W]: Unknown function 0x011ee38b in 'cellSpurs' module
[E]: TODO: _cellSpursLFQueueInitialize
[W]: Unknown function 0x039d70b7 in 'cellSpurs' module
[E]: TODO: cellSpursQueueDetachLv2EventQueue
[W]: Unknown function 0x082bfb09 in 'cellSpurs' module
[E]: TODO: _cellSpursQueueInitialize
[W]: Unknown function 0x1656d49f in 'cellSpurs' module
[E]: TODO: cellSpursLFQueueAttachLv2EventQueue
[W]: Unknown function 0x52cc6c82 in 'cellSpurs' module
[E]: TODO: cellSpursCreateTaskset
[W]: Unknown function 0x73e06f91 in 'cellSpurs' module
[E]: TODO: cellSpursLFQueueDetachLv2EventQueue
[W]: Unknown function 0x8a85674d in 'cellSpurs' module
[E]: TODO: _cellSpursLFQueuePushBody
[W]: Unknown function 0x9034e538 in 'cellSpurs' module
[E]: TODO: cellSpursTaskGetContextSaveAreaSize
[W]: Unknown function 0x91066667 in 'cellSpurs' module
[E]: TODO: cellSpursQueuePopBody
[W]: Unknown function 0x92cff6ed in 'cellSpurs' module
[E]: TODO: cellSpursQueuePushBody
[W]: Unknown function 0xbeb600ac in 'cellSpurs' module
[E]: TODO: cellSpursCreateTask
[W]: Unknown function 0xe5443be7 in 'cellSpurs' module
[E]: TODO: cellSpursQueueAttachLv2EventQueue
[W]: Unknown function 0xf5507729 in 'cellSpurs' module
[E]: TODO: cellSpursEventFlagSet
[W]: Unknown function 0x172c3197 in 'cellGcmSys' module
[E]: TODO: cellGcmSetDefaultCommandBufferAndSegmentWordSize
[W]: Unknown function 0x63387071 in 'cellGcmSys' module
[E]: TODO: cellGcmGetLastFlipTime
[W]: Unknown function 0x99d397ac in 'cellGcmSys' module
[E]: TODO: cellGcmGetReport
[W]: Unknown function 0xffe0160e in 'cellGcmSys' module
[E]: TODO: cellGcmSetVBlankFrequency
[W]: Unknown function 0x28e208bb in 'sys_net' module
[E]: TODO: listen
[W]: Unknown function 0x3f09e20a in 'sys_net' module
[E]: TODO: socketselect
[W]: Unknown function 0xdabbc2c0 in 'sys_net' module
[E]: TODO: inet_addr
[W]: Unknown function 0xe7dcd3b4 in 'sceNp' module
[E]: TODO: sceNpManagerRegisterCallback
[W]: Unknown function 0x0247c69e in 'cellSail' module
[E]: TODO: cellSailGraphicsAdapterGetFrame
[W]: Unknown function 0x0abb318b in 'cellSail' module
[E]: TODO: cellSailDescriptorCreateDatabase
[W]: Unknown function 0x0d0c2f0c in 'cellSail' module
[E]: TODO: cellSailDescriptorSetEs
[W]: Unknown function 0x1139a206 in 'cellSail' module
[E]: TODO: cellSailPlayerSetSoundAdapter
[W]: Unknown function 0x15fd6a2a in 'cellSail' module
[E]: TODO: cellSailDescriptorClose
[W]: Unknown function 0x17932b26 in 'cellSail' module
[E]: TODO: cellSailPlayerInitialize
[W]: Unknown function 0x1872331b in 'cellSail' module
[E]: TODO: cellSailGraphicsAdapterPtsToTimePosition
[W]: Unknown function 0x18b4629d in 'cellSail' module
[E]: TODO: cellSailPlayerFinalize
[W]: Unknown function 0x18bcd21b in 'cellSail' module
[E]: TODO: cellSailPlayerSetGraphicsAdapter
[W]: Unknown function 0x1c983864 in 'cellSail' module
[E]: TODO: cellSailGraphicsAdapterInitialize
[W]: Unknown function 0x28336e89 in 'cellSail' module
[E]: TODO: cellSailDescriptorDestroyDatabase
[W]: Unknown function 0x2e3ccb5e in 'cellSail' module
[E]: TODO: cellSailGraphicsAdapterSetPreferredFormat
[W]: Unknown function 0x346ebba3 in 'cellSail' module
[E]: TODO: cellSailMemAllocatorInitialize
[W]: Unknown function 0x34ecc1b9 in 'cellSail' module
[E]: TODO: cellSailPlayerOpenStream
[W]: Unknown function 0x3a2d806c in 'cellSail' module
[E]: TODO: cellSailFutureGet
[W]: Unknown function 0x3d0d3b72 in 'cellSail' module
[E]: TODO: cellSailSoundAdapterInitialize
[W]: Unknown function 0x44a20e79 in 'cellSail' module
[E]: TODO: cellSailGraphicsAdapterUpdateAvSync
[W]: Unknown function 0x47632810 in 'cellSail' module
[E]: TODO: cellSailPlayerReplaceEventHandler
[W]: Unknown function 0x4ae979df in 'cellSail' module
[E]: TODO: cellSailSoundAdapterPtsToTimePosition
[W]: Unknown function 0x4cc54f8e in 'cellSail' module
[E]: TODO: cellSailFutureInitialize
[W]: Unknown function 0x5f7c7a6f in 'cellSail' module
[E]: TODO: cellSailPlayerSetParameter
[W]: Unknown function 0x752f8585 in 'cellSail' module
[E]: TODO: cellSailPlayerGetDescriptorCount
[W]: Unknown function 0x76488bb1 in 'cellSail' module
[E]: TODO: cellSailGraphicsAdapterFinalize
[W]: Unknown function 0x76b1a425 in 'cellSail' module
[E]: TODO: cellSailDescriptorSetAutoSelection
[W]: Unknown function 0x7c8dff3b in 'cellSail' module
[E]: TODO: cellSailPlayerAddDescriptor
[W]: Unknown function 0x7eb8d6b5 in 'cellSail' module
[E]: TODO: cellSailSoundAdapterGetFrame
[W]: Unknown function 0x85beffcc in 'cellSail' module
[E]: TODO: cellSailPlayerCloseStream
[W]: Unknown function 0x9553af65 in 'cellSail' module
[E]: TODO: cellSailFutureFinalize
[W]: Unknown function 0x9897fbd1 in 'cellSail' module
[E]: TODO: cellSailPlayerRemoveDescriptor
[W]: Unknown function 0xa37fed15 in 'cellSail' module
[E]: TODO: cellSailFutureSet
[W]: Unknown function 0xaafa17b8 in 'cellSail' module
[E]: TODO: cellSailPlayerIsPaused
[W]: Unknown function 0xbdf21b0f in 'cellSail' module
[E]: TODO: cellSailPlayerBoot
[W]: Unknown function 0xc044fab1 in 'cellSail' module
[E]: TODO: cellSailDescriptorOpen
[W]: Unknown function 0xd1462438 in 'cellSail' module
[E]: TODO: cellSailSoundAdapterFinalize
[W]: Unknown function 0xd1d55a90 in 'cellSail' module
[E]: TODO: cellSailPlayerSetPaused
[W]: Unknown function 0xd5f9a15b in 'cellSail' module
[E]: TODO: cellSailDescriptorGetStreamType
[W]: Unknown function 0xd7938b8d in 'cellSail' module
[E]: TODO: cellSailPlayerCreateDescriptor
[W]: Unknown function 0xe535b0d3 in 'cellSail' module
[E]: TODO: cellSailPlayerStart
[W]: Unknown function 0xeba8d4ec in 'cellSail' module
[E]: TODO: cellSailPlayerStop
[W]: Unknown function 0xeec22809 in 'cellSail' module
[E]: TODO: cellSailSoundAdapterUpdateAvSync
[W]: Unknown function 0xf25f197d in 'cellSail' module
[E]: TODO: cellSailSoundAdapterGetFormat
[W]: Unknown function 0xfc5baf8a in 'cellSail' module
[E]: TODO: cellSailPlayerSetRepeatMode
[W]: Unknown function 0xfc839bd4 in 'cellSail' module
[E]: TODO: cellSailPlayerDestroyDescriptor
[W]: Unknown function 0xffd58aa4 in 'cellSail' module
[E]: TODO: cellSailGraphicsAdapterGetFormat
[W]: Unknown function 0x26090058 in 'sysPrxForUser' module
[E]: TODO: sys_prx_load_module
[W]: Unknown function 0x80fb0c19 in 'sysPrxForUser' module
[E]: TODO: sys_prx_stop_module
[W]: Unknown function 0x8a561d92 in 'sysPrxForUser' module
[E]: TODO: _sys_heap_free
[W]: Unknown function 0x9f18429d in 'sysPrxForUser' module
[E]: TODO: sys_prx_start_module
[W]: Unknown function 0xaede4b03 in 'sysPrxForUser' module
[E]: TODO: _sys_heap_delete_heap
[W]: Unknown function 0xdd3b27ac in 'sysPrxForUser' module
[E]: TODO: _sys_spu_printf_finalize
[W]: Unknown function 0xf0aece0d in 'sysPrxForUser' module
[E]: TODO: sys_prx_unload_module
[W : PPU[1] Thread (CPUThread)[0x013b9058]]: sys_lwmutex warning: *** lwmutex created [_lc_mtx] (attribute=0x12): sq_id = 3
[W : PPU[1] Thread (CPUThread)[0x00b8f4a0]]: memory warning: sys_memory_get_user_memory_size(mem_info_addr=0xd0020c04)
[W : PPU[1] Thread (CPUThread)[0x013b9058]]: sys_lwmutex warning: *** lwmutex created [_lc_mtx] (attribute=0x12): sq_id = 4
[W : PPU[1] Thread (CPUThread)[0x013b9058]]: sys_lwmutex warning: *** lwmutex created [_lc_mtx] (attribute=0x12): sq_id = 5
[W : PPU[1] Thread (CPUThread)[0x013b9058]]: sys_lwmutex warning: *** lwmutex created [_lc_mtx] (attribute=0x12): sq_id = 6
[W : PPU[1] Thread (CPUThread)[0x013b9058]]: sys_lwmutex warning: *** lwmutex created [_lc_mtx] (attribute=0x12): sq_id = 7
[W : PPU[1] Thread (CPUThread)[0x013b9058]]: sys_lwmutex warning: *** lwmutex created [_lc_mtx] (attribute=0x12): sq_id = 8
[W : PPU[1] Thread (CPUThread)[0x013b9058]]: sys_lwmutex warning: *** lwmutex created [_lc_mtx] (attribute=0x12): sq_id = 9
[W : PPU[1] Thread (CPUThread)[0x013b9058]]: sys_lwmutex warning: *** lwmutex created [_lc_mtx] (attribute=0x12): sq_id = 10
[W : PPU[1] Thread (CPUThread)[0x013b9058]]: sys_lwmutex warning: *** lwmutex created [_lc_mtx] (attribute=0x12): sq_id = 11
[W : PPU[1] Thread (CPUThread)[0x013b9058]]: sys_lwmutex warning: *** lwmutex created [_lc_mtx] (attribute=0x12): sq_id = 12
[W : PPU[1] Thread (CPUThread)[0x013b9058]]: sys_lwmutex warning: *** lwmutex created [_lgcmtx] (attribute=0x12): sq_id = 13
[W : PPU[1] Thread (CPUThread)[0x013b9058]]: sys_lwmutex warning: *** lwmutex created [_lgcmtx] (attribute=0x12): sq_id = 14
[W : PPU[1] Thread (CPUThread)[0x013b9058]]: sys_lwmutex warning: *** lwmutex created [] (attribute=0x12): sq_id = 15
[E : PPU[1] Thread (CPUThread)[0x013b907c]]: sysPrxForUser error: sys_prx_register_library(lib_addr=0xdbc708)
[E : PPU[1] Thread (CPUThread)[0x013b907c]]: sysPrxForUser error: sys_prx_register_library(lib_addr=0xdbc724)
[W : PPU[1] Thread (CPUThread)[0x013a10b8]]: cellSysutil warning: cellSysutilRegisterCallback(slot=0, func_addr=0xf527e0, userdata=0x0)
[W : PPU[1] Thread (CPUThread)[0x013b9058]]: sys_lwmutex warning: *** lwmutex created [] (attribute=0x12): sq_id = 16
[W : PPU[1] Thread (CPUThread)[0x013b9058]]: sys_lwmutex warning: *** lwmutex created [] (attribute=0x12): sq_id = 17
[W : PPU[1] Thread (CPUThread)[0x013b9058]]: sys_lwmutex warning: *** lwmutex created [] (attribute=0x12): sq_id = 18
[W : PPU[1] Thread (CPUThread)[0x013b9148]]: sys_lwcond warning: Recursive lwmutex(sq=18)
[W : PPU[1] Thread (CPUThread)[0x013b9148]]: sys_lwcond warning: *** lwcond created [] (lwmutex_addr=0x3803d720): id = 19
[W : PPU[1] Thread (CPUThread)[0x013b9058]]: sys_lwmutex warning: *** lwmutex created [] (attribute=0x12): sq_id = 20
[W : PPU[1] Thread (CPUThread)[0x013b9148]]: sys_lwcond warning: Recursive lwmutex(sq=20)
[W : PPU[1] Thread (CPUThread)[0x013b9148]]: sys_lwcond warning: *** lwcond created [] (lwmutex_addr=0x38192e10): id = 21
[W : PPU[1] Thread (CPUThread)[0x013b9058]]: sys_lwmutex warning: *** lwmutex created [] (attribute=0x12): sq_id = 22
[W : PPU[1] Thread (CPUThread)[0x013b9148]]: sys_lwcond warning: Recursive lwmutex(sq=22)
[W : PPU[1] Thread (CPUThread)[0x013b9148]]: sys_lwcond warning: *** lwcond created [] (lwmutex_addr=0x38192e60): id = 23
[W : PPU[1] Thread (CPUThread)[0x013b9058]]: sys_lwmutex warning: *** lwmutex created [] (attribute=0x12): sq_id = 24
[W : PPU[1] Thread (CPUThread)[0x013b9148]]: sys_lwcond warning: Recursive lwmutex(sq=24)
[W : PPU[1] Thread (CPUThread)[0x013b9148]]: sys_lwcond warning: *** lwcond created [] (lwmutex_addr=0x38192eb0): id = 25
[W : PPU[1] Thread (CPUThread)[0x013b9058]]: sys_lwmutex warning: *** lwmutex created [] (attribute=0x12): sq_id = 26
[W : PPU[1] Thread (CPUThread)[0x013b9148]]: sys_lwcond warning: Recursive lwmutex(sq=26)
[W : PPU[1] Thread (CPUThread)[0x013b9148]]: sys_lwcond warning: *** lwcond created [] (lwmutex_addr=0x38192f00): id = 27
[W : PPU[1] Thread (CPUThread)[0x013b9058]]: sys_lwmutex warning: *** lwmutex created [] (attribute=0x12): sq_id = 28
[W : PPU[1] Thread (CPUThread)[0x013b9148]]: sys_lwcond warning: Recursive lwmutex(sq=28)
[W : PPU[1] Thread (CPUThread)[0x013b9148]]: sys_lwcond warning: *** lwcond created [] (lwmutex_addr=0x38192f50): id = 29
[W : PPU[1] Thread (CPUThread)[0x013b9058]]: sys_lwmutex warning: *** lwmutex created [] (attribute=0x12): sq_id = 30
[W : PPU[1] Thread (CPUThread)[0x013b9148]]: sys_lwcond warning: Recursive lwmutex(sq=30)
[W : PPU[1] Thread (CPUThread)[0x013b9148]]: sys_lwcond warning: *** lwcond created [] (lwmutex_addr=0x38192fa0): id = 31
[W : PPU[1] Thread (CPUThread)[0x013b9058]]: sys_lwmutex warning: *** lwmutex created [] (attribute=0x12): sq_id = 32
[W : PPU[1] Thread (CPUThread)[0x013b9148]]: sys_lwcond warning: Recursive lwmutex(sq=32)
[W : PPU[1] Thread (CPUThread)[0x013b9148]]: sys_lwcond warning: *** lwcond created [] (lwmutex_addr=0x38192ff0): id = 33
[W : PPU[1] Thread (CPUThread)[0x013b9058]]: sys_lwmutex warning: *** lwmutex created [] (attribute=0x12): sq_id = 34
[W : PPU[1] Thread (CPUThread)[0x013b9148]]: sys_lwcond warning: Recursive lwmutex(sq=34)
[W : PPU[1] Thread (CPUThread)[0x013b9148]]: sys_lwcond warning: *** lwcond created [] (lwmutex_addr=0x38193040): id = 35
[W : PPU[1] Thread (CPUThread)[0x013b9058]]: sys_lwmutex warning: *** lwmutex created [] (attribute=0x12): sq_id = 36
[W : PPU[1] Thread (CPUThread)[0x013b9148]]: sys_lwcond warning: Recursive lwmutex(sq=36)
[W : PPU[1] Thread (CPUThread)[0x013b9148]]: sys_lwcond warning: *** lwcond created [] (lwmutex_addr=0x38193090): id = 37
[W : PPU[1] Thread (CPUThread)[0x013b9058]]: sys_lwmutex warning: *** lwmutex created [] (attribute=0x12): sq_id = 38
[W : PPU[1] Thread (CPUThread)[0x013b9148]]: sys_lwcond warning: Recursive lwmutex(sq=38)
[W : PPU[1] Thread (CPUThread)[0x013b9148]]: sys_lwcond warning: *** lwcond created [] (lwmutex_addr=0x381930e0): id = 39
[W : PPU[1] Thread (CPUThread)[0x013b9058]]: sys_lwmutex warning: *** lwmutex created [] (attribute=0x12): sq_id = 40
[W : PPU[1] Thread (CPUThread)[0x013b9148]]: sys_lwcond warning: Recursive lwmutex(sq=40)
[W : PPU[1] Thread (CPUThread)[0x013b9148]]: sys_lwcond warning: *** lwcond created [] (lwmutex_addr=0x38193130): id = 41
[W : PPU[1] Thread (CPUThread)[0x013b9058]]: sys_lwmutex warning: *** lwmutex created [] (attribute=0x12): sq_id = 42
[W : PPU[1] Thread (CPUThread)[0x013b9148]]: sys_lwcond warning: Recursive lwmutex(sq=42)
[W : PPU[1] Thread (CPUThread)[0x013b9148]]: sys_lwcond warning: *** lwcond created [] (lwmutex_addr=0x38193180): id = 43
[W : PPU[1] Thread (CPUThread)[0x013b9058]]: sys_lwmutex warning: *** lwmutex created [] (attribute=0x12): sq_id = 44
[W : PPU[1] Thread (CPUThread)[0x013b9148]]: sys_lwcond warning: Recursive lwmutex(sq=44)
[W : PPU[1] Thread (CPUThread)[0x013b9148]]: sys_lwcond warning: *** lwcond created [] (lwmutex_addr=0x381931d0): id = 45
[W : PPU[1] Thread (CPUThread)[0x013b9058]]: sys_lwmutex warning: *** lwmutex created [] (attribute=0x12): sq_id = 46
[W : PPU[1] Thread (CPUThread)[0x013b9148]]: sys_lwcond warning: Recursive lwmutex(sq=46)
[W : PPU[1] Thread (CPUThread)[0x013b9148]]: sys_lwcond warning: *** lwcond created [] (lwmutex_addr=0x38193220): id = 47
[W : PPU[1] Thread (CPUThread)[0x013b9058]]: sys_lwmutex warning: *** lwmutex created [] (attribute=0x12): sq_id = 48
[W : PPU[1] Thread (CPUThread)[0x013b9148]]: sys_lwcond warning: Recursive lwmutex(sq=48)
[W : PPU[1] Thread (CPUThread)[0x013b9148]]: sys_lwcond warning: *** lwcond created [] (lwmutex_addr=0x38193270): id = 49
[W : PPU[1] Thread (CPUThread)[0x013b9058]]: sys_lwmutex warning: *** lwmutex created [] (attribute=0x12): sq_id = 50
[W : PPU[1] Thread (CPUThread)[0x013b9148]]: sys_lwcond warning: Recursive lwmutex(sq=50)
[W : PPU[1] Thread (CPUThread)[0x013b9148]]: sys_lwcond warning: *** lwcond created [] (lwmutex_addr=0x381932c0): id = 51
[W : PPU[1] Thread (CPUThread)[0x013b9058]]: sys_lwmutex warning: *** lwmutex created [] (attribute=0x12): sq_id = 52
[W : PPU[1] Thread (CPUThread)[0x013b9148]]: sys_lwcond warning: Recursive lwmutex(sq=52)
[W : PPU[1] Thread (CPUThread)[0x013b9148]]: sys_lwcond warning: *** lwcond created [] (lwmutex_addr=0x38193310): id = 53
[W : PPU[1] Thread (CPUThread)[0x013b9058]]: sys_lwmutex warning: *** lwmutex created [] (attribute=0x12): sq_id = 54
[W : PPU[1] Thread (CPUThread)[0x013b9148]]: sys_lwcond warning: Recursive lwmutex(sq=54)
[W : PPU[1] Thread (CPUThread)[0x013b9148]]: sys_lwcond warning: *** lwcond created [] (lwmutex_addr=0x38193360): id = 55
[W : PPU[1] Thread (CPUThread)[0x013b9058]]: sys_lwmutex warning: *** lwmutex created [] (attribute=0x12): sq_id = 56
[W : PPU[1] Thread (CPUThread)[0x013b9148]]: sys_lwcond warning: Recursive lwmutex(sq=56)
[W : PPU[1] Thread (CPUThread)[0x013b9148]]: sys_lwcond warning: *** lwcond created [] (lwmutex_addr=0x381933b0): id = 57
[W : PPU[1] Thread (CPUThread)[0x013b9058]]: sys_lwmutex warning: *** lwmutex created [] (attribute=0x12): sq_id = 58
[W : PPU[1] Thread (CPUThread)[0x013b9148]]: sys_lwcond warning: Recursive lwmutex(sq=58)
[W : PPU[1] Thread (CPUThread)[0x013b9148]]: sys_lwcond warning: *** lwcond created [] (lwmutex_addr=0x38193400): id = 59
[W : PPU[1] Thread (CPUThread)[0x013b9058]]: sys_lwmutex warning: *** lwmutex created [] (attribute=0x12): sq_id = 60
[W : PPU[1] Thread (CPUThread)[0x013b9148]]: sys_lwcond warning: Recursive lwmutex(sq=60)
[W : PPU[1] Thread (CPUThread)[0x013b9148]]: sys_lwcond warning: *** lwcond created [] (lwmutex_addr=0x38193450): id = 61
[W : PPU[1] Thread (CPUThread)[0x013b9058]]: sys_lwmutex warning: *** lwmutex created [] (attribute=0x12): sq_id = 62
[W : PPU[1] Thread (CPUThread)[0x013b9148]]: sys_lwcond warning: Recursive lwmutex(sq=62)
[W : PPU[1] Thread (CPUThread)[0x013b9148]]: sys_lwcond warning: *** lwcond created [] (lwmutex_addr=0x381934a0): id = 63
[W : PPU[1] Thread (CPUThread)[0x013b9058]]: sys_lwmutex warning: *** lwmutex created [] (attribute=0x12): sq_id = 64
[W : PPU[1] Thread (CPUThread)[0x013b9148]]: sys_lwcond warning: Recursive lwmutex(sq=64)
[W : PPU[1] Thread (CPUThread)[0x013b9148]]: sys_lwcond warning: *** lwcond created [] (lwmutex_addr=0x381934f0): id = 65
[W : PPU[1] Thread (CPUThread)[0x013b9058]]: sys_lwmutex warning: *** lwmutex created [] (attribute=0x12): sq_id = 66
[W : PPU[1] Thread (CPUThread)[0x013b9148]]: sys_lwcond warning: Recursive lwmutex(sq=66)
[W : PPU[1] Thread (CPUThread)[0x013b9148]]: sys_lwcond warning: *** lwcond created [] (lwmutex_addr=0x38193540): id = 67
[W : PPU[1] Thread (CPUThread)[0x013b9058]]: sys_lwmutex warning: *** lwmutex created [] (attribute=0x12): sq_id = 68
[W : PPU[1] Thread (CPUThread)[0x013b9148]]: sys_lwcond warning: Recursive lwmutex(sq=68)
[W : PPU[1] Thread (CPUThread)[0x013b9148]]: sys_lwcond warning: *** lwcond created [] (lwmutex_addr=0x38193590): id = 69
[W : PPU[1] Thread (CPUThread)[0x013b9058]]: sys_lwmutex warning: *** lwmutex created [] (attribute=0x12): sq_id = 70
[W : PPU[1] Thread (CPUThread)[0x013b9148]]: sys_lwcond warning: Recursive lwmutex(sq=70)
[W : PPU[1] Thread (CPUThread)[0x013b9148]]: sys_lwcond warning: *** lwcond created [] (lwmutex_addr=0x381935e0): id = 71
[W : PPU[1] Thread (CPUThread)[0x013b9058]]: sys_lwmutex warning: *** lwmutex created [] (attribute=0x12): sq_id = 72
[W : PPU[1] Thread (CPUThread)[0x013b9148]]: sys_lwcond warning: Recursive lwmutex(sq=72)
[W : PPU[1] Thread (CPUThread)[0x013b9148]]: sys_lwcond warning: *** lwcond created [] (lwmutex_addr=0x38193630): id = 73
[W : PPU[1] Thread (CPUThread)[0x013b9058]]: sys_lwmutex warning: *** lwmutex created [] (attribute=0x12): sq_id = 74
[W : PPU[1] Thread (CPUThread)[0x013b9148]]: sys_lwcond warning: Recursive lwmutex(sq=74)
[W : PPU[1] Thread (CPUThread)[0x013b9148]]: sys_lwcond warning: *** lwcond created [] (lwmutex_addr=0x38193680): id = 75
[W : PPU[1] Thread (CPUThread)[0x013b9058]]: sys_lwmutex warning: *** lwmutex created [] (attribute=0x12): sq_id = 76
[W : PPU[1] Thread (CPUThread)[0x013b9148]]: sys_lwcond warning: Recursive lwmutex(sq=76)
[W : PPU[1] Thread (CPUThread)[0x013b9148]]: sys_lwcond warning: *** lwcond created [] (lwmutex_addr=0x381936d0): id = 77
[W : PPU[1] Thread (CPUThread)[0x013b9058]]: sys_lwmutex warning: *** lwmutex created [] (attribute=0x12): sq_id = 78
[W : PPU[1] Thread (CPUThread)[0x013b9148]]: sys_lwcond warning: Recursive lwmutex(sq=78)
[W : PPU[1] Thread (CPUThread)[0x013b9148]]: sys_lwcond warning: *** lwcond created [] (lwmutex_addr=0x38193720): id = 79
[W : PPU[1] Thread (CPUThread)[0x013b9058]]: sys_lwmutex warning: *** lwmutex created [] (attribute=0x12): sq_id = 80
[W : PPU[1] Thread (CPUThread)[0x013b9148]]: sys_lwcond warning: Recursive lwmutex(sq=80)
[W : PPU[1] Thread (CPUThread)[0x013b9148]]: sys_lwcond warning: *** lwcond created [] (lwmutex_addr=0x38193770): id = 81
[W : PPU[1] Thread (CPUThread)[0x013b9058]]: sys_lwmutex warning: *** lwmutex created [] (attribute=0x12): sq_id = 82
[W : PPU[1] Thread (CPUThread)[0x013b9148]]: sys_lwcond warning: Recursive lwmutex(sq=82)
[W : PPU[1] Thread (CPUThread)[0x013b9148]]: sys_lwcond warning: *** lwcond created [] (lwmutex_addr=0x381937c0): id = 83
[W : PPU[1] Thread (CPUThread)[0x013b9058]]: sys_lwmutex warning: *** lwmutex created [] (attribute=0x12): sq_id = 84
[W : PPU[1] Thread (CPUThread)[0x013b9148]]: sys_lwcond warning: Recursive lwmutex(sq=84)
[W : PPU[1] Thread (CPUThread)[0x013b9148]]: sys_lwcond warning: *** lwcond created [] (lwmutex_addr=0x38193810): id = 85
[W : PPU[1] Thread (CPUThread)[0x013b9058]]: sys_lwmutex warning: *** lwmutex created [] (attribute=0x12): sq_id = 86
[W : PPU[1] Thread (CPUThread)[0x013b9148]]: sys_lwcond warning: Recursive lwmutex(sq=86)
[W : PPU[1] Thread (CPUThread)[0x013b9148]]: sys_lwcond warning: *** lwcond created [] (lwmutex_addr=0x38193860): id = 87
[W : PPU[1] Thread (CPUThread)[0x013b9058]]: sys_lwmutex warning: *** lwmutex created [] (attribute=0x12): sq_id = 88
[W : PPU[1] Thread (CPUThread)[0x013b9148]]: sys_lwcond warning: Recursive lwmutex(sq=88)
[W : PPU[1] Thread (CPUThread)[0x013b9148]]: sys_lwcond warning: *** lwcond created [] (lwmutex_addr=0x381938b0): id = 89
[W : PPU[1] Thread (CPUThread)[0x013b9058]]: sys_lwmutex warning: *** lwmutex created [] (attribute=0x12): sq_id = 90
[W : PPU[1] Thread (CPUThread)[0x013b9148]]: sys_lwcond warning: Recursive lwmutex(sq=90)
[W : PPU[1] Thread (CPUThread)[0x013b9148]]: sys_lwcond warning: *** lwcond created [] (lwmutex_addr=0x38193900): id = 91
[W : PPU[1] Thread (CPUThread)[0x013b9058]]: sys_lwmutex warning: *** lwmutex created [] (attribute=0x12): sq_id = 92
[W : PPU[1] Thread (CPUThread)[0x013b9148]]: sys_lwcond warning: Recursive lwmutex(sq=92)
[W : PPU[1] Thread (CPUThread)[0x013b9148]]: sys_lwcond warning: *** lwcond created [] (lwmutex_addr=0x38193950): id = 93
[W : PPU[1] Thread (CPUThread)[0x013b9058]]: sys_lwmutex warning: *** lwmutex created [] (attribute=0x12): sq_id = 94
[W : PPU[1] Thread (CPUThread)[0x013b9148]]: sys_lwcond warning: Recursive lwmutex(sq=94)
[W : PPU[1] Thread (CPUThread)[0x013b9148]]: sys_lwcond warning: *** lwcond created [] (lwmutex_addr=0x381939a0): id = 95
[W : PPU[1] Thread (CPUThread)[0x013b9058]]: sys_lwmutex warning: *** lwmutex created [] (attribute=0x12): sq_id = 96
[W : PPU[1] Thread (CPUThread)[0x013b9148]]: sys_lwcond warning: Recursive lwmutex(sq=96)
[W : PPU[1] Thread (CPUThread)[0x013b9148]]: sys_lwcond warning: *** lwcond created [] (lwmutex_addr=0x381939f0): id = 97
[W : PPU[1] Thread (CPUThread)[0x013b9058]]: sys_lwmutex warning: *** lwmutex created [] (attribute=0x12): sq_id = 98
[W : PPU[1] Thread (CPUThread)[0x013b9148]]: sys_lwcond warning: Recursive lwmutex(sq=98)
[W : PPU[1] Thread (CPUThread)[0x013b9148]]: sys_lwcond warning: *** lwcond created [] (lwmutex_addr=0x38193a40): id = 99
[W : PPU[1] Thread (CPUThread)[0x013b9058]]: sys_lwmutex warning: *** lwmutex created [] (attribute=0x12): sq_id = 100
[W : PPU[1] Thread (CPUThread)[0x013b9148]]: sys_lwcond warning: Recursive lwmutex(sq=100)
[W : PPU[1] Thread (CPUThread)[0x013b9148]]: sys_lwcond warning: *** lwcond created [] (lwmutex_addr=0x38193a90): id = 101
[W : PPU[1] Thread (CPUThread)[0x013b9058]]: sys_lwmutex warning: *** lwmutex created [] (attribute=0x12): sq_id = 102
[W : PPU[1] Thread (CPUThread)[0x013b9148]]: sys_lwcond warning: Recursive lwmutex(sq=102)
[W : PPU[1] Thread (CPUThread)[0x013b9148]]: sys_lwcond warning: *** lwcond created [] (lwmutex_addr=0x38193ae0): id = 103
[W : PPU[1] Thread (CPUThread)[0x013b9058]]: sys_lwmutex warning: *** lwmutex created [] (attribute=0x12): sq_id = 104
[W : PPU[1] Thread (CPUThread)[0x013b9148]]: sys_lwcond warning: Recursive lwmutex(sq=104)
[W : PPU[1] Thread (CPUThread)[0x013b9148]]: sys_lwcond warning: *** lwcond created [] (lwmutex_addr=0x38193b30): id = 105
[W : PPU[1] Thread (CPUThread)[0x013b9058]]: sys_lwmutex warning: *** lwmutex created [] (attribute=0x12): sq_id = 106
[W : PPU[1] Thread (CPUThread)[0x013b9148]]: sys_lwcond warning: Recursive lwmutex(sq=106)
[W : PPU[1] Thread (CPUThread)[0x013b9148]]: sys_lwcond warning: *** lwcond created [] (lwmutex_addr=0x38193b80): id = 107
[W : PPU[1] Thread (CPUThread)[0x013b9058]]: sys_lwmutex warning: *** lwmutex created [] (attribute=0x12): sq_id = 108
[W : PPU[1] Thread (CPUThread)[0x013b9148]]: sys_lwcond warning: Recursive lwmutex(sq=108)
[W : PPU[1] Thread (CPUThread)[0x013b9148]]: sys_lwcond warning: *** lwcond created [] (lwmutex_addr=0x38193bd0): id = 109
[W : PPU[1] Thread (CPUThread)[0x013b9058]]: sys_lwmutex warning: *** lwmutex created [] (attribute=0x12): sq_id = 110
[W : PPU[1] Thread (CPUThread)[0x013b9148]]: sys_lwcond warning: Recursive lwmutex(sq=110)
[W : PPU[1] Thread (CPUThread)[0x013b9148]]: sys_lwcond warning: *** lwcond created [] (lwmutex_addr=0x38193c20): id = 111
[W : PPU[1] Thread (CPUThread)[0x013b9058]]: sys_lwmutex warning: *** lwmutex created [] (attribute=0x12): sq_id = 112
[W : PPU[1] Thread (CPUThread)[0x013b9148]]: sys_lwcond warning: Recursive lwmutex(sq=112)
[W : PPU[1] Thread (CPUThread)[0x013b9148]]: sys_lwcond warning: *** lwcond created [] (lwmutex_addr=0x38193c70): id = 113
[W : PPU[1] Thread (CPUThread)[0x013b9058]]: sys_lwmutex warning: *** lwmutex created [] (attribute=0x12): sq_id = 114
[W : PPU[1] Thread (CPUThread)[0x013b9148]]: sys_lwcond warning: Recursive lwmutex(sq=114)
[W : PPU[1] Thread (CPUThread)[0x013b9148]]: sys_lwcond warning: *** lwcond created [] (lwmutex_addr=0x38193cc0): id = 115
[W : PPU[1] Thread (CPUThread)[0x013b9058]]: sys_lwmutex warning: *** lwmutex created [] (attribute=0x12): sq_id = 116
[W : PPU[1] Thread (CPUThread)[0x013b9148]]: sys_lwcond warning: Recursive lwmutex(sq=116)
[W : PPU[1] Thread (CPUThread)[0x013b9148]]: sys_lwcond warning: *** lwcond created [] (lwmutex_addr=0x38193d10): id = 117
[W : PPU[1] Thread (CPUThread)[0x013b9058]]: sys_lwmutex warning: *** lwmutex created [] (attribute=0x12): sq_id = 118
[W : PPU[1] Thread (CPUThread)[0x013b9148]]: sys_lwcond warning: Recursive lwmutex(sq=118)
[W : PPU[1] Thread (CPUThread)[0x013b9148]]: sys_lwcond warning: *** lwcond created [] (lwmutex_addr=0x38193d60): id = 119
[W : PPU[1] Thread (CPUThread)[0x013b9058]]: sys_lwmutex warning: *** lwmutex created [] (attribute=0x12): sq_id = 120
[W : PPU[1] Thread (CPUThread)[0x013b9148]]: sys_lwcond warning: Recursive lwmutex(sq=120)
[W : PPU[1] Thread (CPUThread)[0x013b9148]]: sys_lwcond warning: *** lwcond created [] (lwmutex_addr=0x38193db0): id = 121
[W : PPU[1] Thread (CPUThread)[0x013b9058]]: sys_lwmutex warning: *** lwmutex created [] (attribute=0x12): sq_id = 122
[W : PPU[1] Thread (CPUThread)[0x013b9148]]: sys_lwcond warning: Recursive lwmutex(sq=122)
[W : PPU[1] Thread (CPUThread)[0x013b9148]]: sys_lwcond warning: *** lwcond created [] (lwmutex_addr=0x38193e00): id = 123
[W : PPU[1] Thread (CPUThread)[0x013b9058]]: sys_lwmutex warning: *** lwmutex created [] (attribute=0x12): sq_id = 124
[W : PPU[1] Thread (CPUThread)[0x013b9148]]: sys_lwcond warning: Recursive lwmutex(sq=124)
[W : PPU[1] Thread (CPUThread)[0x013b9148]]: sys_lwcond warning: *** lwcond created [] (lwmutex_addr=0x38193e50): id = 125
[W : PPU[1] Thread (CPUThread)[0x013b9058]]: sys_lwmutex warning: *** lwmutex created [] (attribute=0x12): sq_id = 126
[W : PPU[1] Thread (CPUThread)[0x013b9148]]: sys_lwcond warning: Recursive lwmutex(sq=126)
[W : PPU[1] Thread (CPUThread)[0x013b9148]]: sys_lwcond warning: *** lwcond created [] (lwmutex_addr=0x38193ea0): id = 127
[W : PPU[1] Thread (CPUThread)[0x013b9058]]: sys_lwmutex warning: *** lwmutex created [] (attribute=0x12): sq_id = 128
[W : PPU[1] Thread (CPUThread)[0x013b9148]]: sys_lwcond warning: Recursive lwmutex(sq=128)
[W : PPU[1] Thread (CPUThread)[0x013b9148]]: sys_lwcond warning: *** lwcond created [] (lwmutex_addr=0x38193ef0): id = 129
[W : PPU[1] Thread (CPUThread)[0x013b9058]]: sys_lwmutex warning: *** lwmutex created [] (attribute=0x12): sq_id = 130
[W : PPU[1] Thread (CPUThread)[0x013b9148]]: sys_lwcond warning: Recursive lwmutex(sq=130)
[W : PPU[1] Thread (CPUThread)[0x013b9148]]: sys_lwcond warning: *** lwcond created [] (lwmutex_addr=0x38193f40): id = 131
[W : PPU[1] Thread (CPUThread)[0x013b9058]]: sys_lwmutex warning: *** lwmutex created [] (attribute=0x12): sq_id = 132
[W : PPU[1] Thread (CPUThread)[0x013b9148]]: sys_lwcond warning: Recursive lwmutex(sq=132)
[W : PPU[1] Thread (CPUThread)[0x013b9148]]: sys_lwcond warning: *** lwcond created [] (lwmutex_addr=0x38193f90): id = 133
[W : PPU[1] Thread (CPUThread)[0x013b9058]]: sys_lwmutex warning: *** lwmutex created [] (attribute=0x12): sq_id = 134
[W : PPU[1] Thread (CPUThread)[0x013b9148]]: sys_lwcond warning: Recursive lwmutex(sq=134)
[W : PPU[1] Thread (CPUThread)[0x013b9148]]: sys_lwcond warning: *** lwcond created [] (lwmutex_addr=0x38193fe0): id = 135
[W : PPU[1] Thread (CPUThread)[0x013b9058]]: sys_lwmutex warning: *** lwmutex created [] (attribute=0x12): sq_id = 136
[W : PPU[1] Thread (CPUThread)[0x013b9148]]: sys_lwcond warning: Recursive lwmutex(sq=136)
[W : PPU[1] Thread (CPUThread)[0x013b9148]]: sys_lwcond warning: *** lwcond created [] (lwmutex_addr=0x38194030): id = 137
[W : PPU[1] Thread (CPUThread)[0x013b9058]]: sys_lwmutex warning: *** lwmutex created [] (attribute=0x12): sq_id = 138
[W : PPU[1] Thread (CPUThread)[0x013b9148]]: sys_lwcond warning: Recursive lwmutex(sq=138)
[W : PPU[1] Thread (CPUThread)[0x013b9148]]: sys_lwcond warning: *** lwcond created [] (lwmutex_addr=0x38194080): id = 139
[W : PPU[1] Thread (CPUThread)[0x013b9058]]: sys_lwmutex warning: *** lwmutex created [] (attribute=0x12): sq_id = 140
[W : PPU[1] Thread (CPUThread)[0x013b9148]]: sys_lwcond warning: Recursive lwmutex(sq=140)
[W : PPU[1] Thread (CPUThread)[0x013b9148]]: sys_lwcond warning: *** lwcond created [] (lwmutex_addr=0x381940d0): id = 141
[W : PPU[1] Thread (CPUThread)[0x013b9058]]: sys_lwmutex warning: *** lwmutex created [] (attribute=0x12): sq_id = 142
[W : PPU[1] Thread (CPUThread)[0x013b9148]]: sys_lwcond warning: Recursive lwmutex(sq=142)
[W : PPU[1] Thread (CPUThread)[0x013b9148]]: sys_lwcond warning: *** lwcond created [] (lwmutex_addr=0x38194120): id = 143
[W : PPU[1] Thread (CPUThread)[0x013b9058]]: sys_lwmutex warning: *** lwmutex created [] (attribute=0x12): sq_id = 144
[W : PPU[1] Thread (CPUThread)[0x013b9148]]: sys_lwcond warning: Recursive lwmutex(sq=144)
[W : PPU[1] Thread (CPUThread)[0x013b9148]]: sys_lwcond warning: *** lwcond created [] (lwmutex_addr=0x38194170): id = 145
[W : PPU[1] Thread (CPUThread)[0x00aeaca4]]: sys_semaphore warning: sys_semaphore_create(sem_addr=0xd0020820, attr_addr=0xd0020828, initial_count=0, max_count=2147483647)
[W : PPU[1] Thread (CPUThread)[0x013b9058]]: sys_lwmutex warning: *** lwmutex created [] (attribute=0x12): sq_id = 147
[W : PPU[1] Thread (CPUThread)[0x00aeaca4]]: sys_semaphore warning: sys_semaphore_create(sem_addr=0xd0020820, attr_addr=0xd0020828, initial_count=0, max_count=2147483647)
[W : PPU[1] Thread (CPUThread)[0x013b9058]]: sys_lwmutex warning: *** lwmutex created [] (attribute=0x12): sq_id = 150
[W : PPU[1] Thread (CPUThread)[0x013b9058]]: sys_lwmutex warning: *** lwmutex created [] (attribute=0x12): sq_id = 152
[W : PPU[1] Thread (CPUThread)[0x013b9058]]: sys_lwmutex warning: *** lwmutex created [] (attribute=0x12): sq_id = 153
[W : PPU[1] Thread (CPUThread)[0x013a3010]]: cellSysmodule warning: cellSysmoduleLoadModule(CELL_SYSMODULE_FS)
[W : PPU[1] Thread (CPUThread)[0x013a3010]]: cellSysmodule warning: cellSysmoduleLoadModule(CELL_SYSMODULE_SYSUTIL_GAME)
[W : PPU[1] Thread (CPUThread)[0x00aeaca4]]: sys_semaphore warning: sys_semaphore_create(sem_addr=0xd00209b0, attr_addr=0xd00209b8, initial_count=0, max_count=2147483647)
[W : PPU[1] Thread (CPUThread)[0x00aeaca4]]: sys_semaphore warning: sys_semaphore_create(sem_addr=0xd00209b0, attr_addr=0xd00209b8, initial_count=0, max_count=2147483647)
[E : PPU[1] Thread (CPUThread)[0x013a50c4]]: cellSpurs error: _cellSpursAttributeInitialize(attr_addr=0xd00206f0, nSpus=2, spuPriority=2555905, ppuPriority=5, exitIfNoWork=250)
[E : PPU[1] Thread (CPUThread)[0x013a5004]]: cellSpurs error: cellSpursAttributeSetNamePrefix(attr_addr=0xd00206f0, prefix_addr=0xe6e408, size=0x9)
[E : PPU[1] Thread (CPUThread)[0x013a510c]]: TODO: cellSpursInitializeWithAttribute
[E : PPU[1] Thread (CPUThread)[0x013a501c]]: TODO: _cellSpursTasksetAttributeInitialize
[E : PPU[1] Thread (CPUThread)[0x013a50b8]]: TODO: cellSpursTasksetAttributeSetTasksetSize
[E : PPU[1] Thread (CPUThread)[0x013a5088]]: TODO: cellSpursTasksetAttributeSetName
[E : PPU[1] Thread (CPUThread)[0x013a5130]]: TODO: cellSpursCreateTasksetWithAttribute
[E : PPU[1] Thread (CPUThread)[0x013a507c]]: TODO: _cellSpursEventFlagInitialize
[E : PPU[1] Thread (CPUThread)[0x013a50ac]]: TODO: cellSpursEventFlagAttachLv2EventQueue
[E : PPU[1] Thread (CPUThread)[0x013a5058]]: TODO: _cellSpursJobChainAttributeInitialize
[E : PPU[1] Thread (CPUThread)[0x013a50dc]]: TODO: cellSpursJobChainAttributeSetName
[E : PPU[1] Thread (CPUThread)[0x013a5040]]: TODO: cellSpursCreateJobChainWithAttribute
[E : PPU[1] Thread (CPUThread)[0x013a5094]]: TODO: cellSpursJobGuardInitialize
[E : PPU[1] Thread (CPUThread)[0x013a5148]]: TODO: cellSpursJobGuardNotify
[E : PPU[1] Thread (CPUThread)[0x013a5160]]: TODO: cellSpursRunJobChain
[W : PPU[1] Thread (CPUThread)[0x013a110c]]: cellSysutil warning: cellVideoOutGetDeviceInfo(videoOut=0, deviceIndex=0, info_addr=0xd0020234)
[W : PPU[1] Thread (CPUThread)[0x013a3010]]: cellSysmodule warning: cellSysmoduleLoadModule(CELL_SYSMODULE_GCM_SYS)
[W : PPU[1] Thread (CPUThread)[0x013a70e8]]: cellGcmSys warning: cellGcmInitDefaultFifoMode(mode=0)
[W : PPU[1] Thread (CPUThread)[0x013a7010]]: cellGcmSys warning: cellGcmInit(context_addr=0x1246780,cmdSize=0xa00000,ioSize=0x1c00000,ioAddress=0x38300000)
[W : PPU[1] Thread (CPUThread)[0x013a7010]]: cellGcmSys warning: *** local memory(addr=0xc0000000, size=0xf900000)
[W : PPU[1] Thread (CPUThread)[0x013a7010]]: cellGcmSys warning: cellGcmMapEaIoAddress(ea=0x38300000, io=0x0, size=0x1c00000)
[W : PPU[1] Thread (CPUThread)[0x013a7070]]: cellGcmSys warning: cellGcmGetDefaultCommandWordSize()
[! : RSXThread]: RSX thread entry
[E : PPU[1] Thread (CPUThread)[0x013a701c]]: TODO: cellGcmSetDefaultCommandBufferAndSegmentWordSize
[W : PPU[1] Thread (CPUThread)[0x013a110c]]: cellSysutil warning: cellVideoOutGetDeviceInfo(videoOut=0, deviceIndex=0, info_addr=0xd00203fc)
[W : PPU[1] Thread (CPUThread)[0x013a7004]]: cellGcmSys warning: cellGcmGetTiledPitchSize(size=5120)
[W : PPU[1] Thread (CPUThread)[0x013a1100]]: cellSysutil warning: cellVideoOutConfigure(videoOut=0, config_addr=0xd002020c, option_addr=0x0, waitForEvent=0x0)
[W : PPU[1] Thread (CPUThread)[0x013a7058]]: cellGcmSys warning: cellGcmSetFlipMode(mode=2)
[E : PPU[1] Thread (CPUThread)[0x013a7124]]: TODO: cellGcmSetVBlankFrequency
[W : PPU[1] Thread (CPUThread)[0x013a70dc]]: cellGcmSys warning: cellGcmSetTileInfo(index=0, location=0, offset=0, size=3932160, pitch=5120, comp=7, base=0, bank=0)
[E : PPU[1] Thread (CPUThread)[0x013a70dc]]: cellGcmSys error: cellGcmSetTileInfo: bad comp! (7)
[W : PPU[1] Thread (CPUThread)[0x013a704c]]: cellGcmSys warning: cellGcmBindTile(index=0)
[W : PPU[1] Thread (CPUThread)[0x013a70dc]]: cellGcmSys warning: cellGcmSetTileInfo(index=1, location=0, offset=3932160, size=3932160, pitch=5120, comp=7, base=60, bank=0)
[E : PPU[1] Thread (CPUThread)[0x013a70dc]]: cellGcmSys error: cellGcmSetTileInfo: bad comp! (7)
[W : PPU[1] Thread (CPUThread)[0x013a704c]]: cellGcmSys warning: cellGcmBindTile(index=1)
[W : PPU[1] Thread (CPUThread)[0x013a70dc]]: cellGcmSys warning: cellGcmSetTileInfo(index=2, location=0, offset=7864320, size=3932160, pitch=5120, comp=10, base=120, bank=1)
[E : PPU[1] Thread (CPUThread)[0x013a70dc]]: cellGcmSys error: cellGcmSetTileInfo: bad comp! (10)
[W : PPU[1] Thread (CPUThread)[0x013a704c]]: cellGcmSys warning: cellGcmBindTile(index=2)
[W : PPU[1] Thread (CPUThread)[0x013a70a0]]: cellGcmSys warning: cellGcmSetDisplayBuffer(id=0x0,offset=0x0,pitch=4,width=1280,height=720)
[W : PPU[1] Thread (CPUThread)[0x013a70a0]]: cellGcmSys warning: cellGcmSetDisplayBuffer(id=0x1,offset=0x3c0000,pitch=4,width=1280,height=720)
[W : RSXThread]: null cmd: addr=0x50000000, put=0x64120000, get=0x0
[! : RSXThread]: RSX thread exit...
