[!]: path: /dev_hdd0/game/
[!]: Loading 'D:\New folder\BLJM61010-[NINJA GAIDEN 3 Razors Edge]\PS3_GAME\USRDIR\BOOT.BIN'...
[!]: Mount info:
[!]: /dev_hdd0/ -> C:\Users\venu\Downloads\rpcs3-4af6489-windows-x86-32\rpcs3-4af6489-windows-x86-32\dev_hdd0\
[!]: /dev_hdd1/ -> C:\Users\venu\Downloads\rpcs3-4af6489-windows-x86-32\rpcs3-4af6489-windows-x86-32\dev_hdd1\
[!]: /dev_flash/ -> C:\Users\venu\Downloads\rpcs3-4af6489-windows-x86-32\rpcs3-4af6489-windows-x86-32\dev_flash\
[!]: /dev_usb000/ -> C:\Users\venu\Downloads\rpcs3-4af6489-windows-x86-32\rpcs3-4af6489-windows-x86-32\dev_usb000\
[!]: /dev_usb/ -> C:\Users\venu\Downloads\rpcs3-4af6489-windows-x86-32\rpcs3-4af6489-windows-x86-32\dev_usb000\
[!]: /app_home/ -> D:\New folder\BLJM61010-[NINJA GAIDEN 3 Razors Edge]\PS3_GAME\
[!]: /dev_bdvd/ -> D:\New folder\BLJM61010-[NINJA GAIDEN 3 Razors Edge]\PS3_GAME\\..\
[!]: /host_root/ -> 
[!]: / -> D:\New folder\BLJM61010-[NINJA GAIDEN 3 Razors Edge]\PS3_GAME\
[!]: Initing memory...
[!]: Memory initialized.
[W]: Unknown function 0x21fc151f in 'cellCamera' module
[E]: TODO: cellCameraReadEx
[W]: Unknown function 0x456dc4aa in 'cellCamera' module
[E]: TODO: cellCameraStart
[W]: Unknown function 0x58bc5870 in 'cellCamera' module
[E]: TODO: cellCameraGetType
[W]: Unknown function 0x5ad46570 in 'cellCamera' module
[E]: TODO: cellCameraEnd
[W]: Unknown function 0x5d25f866 in 'cellCamera' module
[E]: TODO: cellCameraOpenEx
[W]: Unknown function 0x81f83db9 in 'cellCamera' module
[E]: TODO: cellCameraReset
[W]: Unknown function 0x8cd56eee in 'cellCamera' module
[E]: TODO: cellCameraSetAttribute
[W]: Unknown function 0xbf47c5dd in 'cellCamera' module
[E]: TODO: cellCameraInit
[W]: Unknown function 0x01036193 in 'cellFiber' module
[E]: TODO: cellFiberPpuContextReturnToThread
[W]: Unknown function 0x31252ec3 in 'cellFiber' module
[E]: TODO: _cellFiberPpuContextAttributeInitialize
[W]: Unknown function 0x34a81091 in 'cellFiber' module
[E]: TODO: cellFiberPpuContextSelf
[W]: Unknown function 0x72086315 in 'cellFiber' module
[E]: TODO: cellFiberPpuContextInitialize
[W]: Unknown function 0xaba1c563 in 'cellFiber' module
[E]: TODO: cellFiberPpuContextRun
[W]: Unknown function 0xb3a48079 in 'cellFiber' module
[E]: TODO: cellFiberPpuContextFinalize
[W]: Unknown function 0xb90c871b in 'cellFiber' module
[E]: TODO: cellFiberPpuContextCheckStackLimit
[W]: Unknown function 0xd0066b17 in 'cellFiber' module
[E]: TODO: cellFiberPpuContextSwitch
[W]: Unknown function 0x55870804 in 'cellFiber' module
[E]: TODO: _cellFiberPpuInitialize
[W]: Unknown function 0x0a862772 in 'cellGcmSys' module
[E]: TODO: cellGcmSetQueueHandler
[W]: Unknown function 0x23ae55a3 in 'cellGcmSys' module
[E]: TODO: cellGcmGetLastSecondVTime
[W]: Unknown function 0x2ad4951b in 'cellGcmSys' module
[E]: TODO: cellGcmGetTimeStampLocation
[W]: Unknown function 0x63387071 in 'cellGcmSys' module
[E]: TODO: cellGcmGetLastFlipTime
[W]: Unknown function 0xa6b180ac in 'cellGcmSys' module
[E]: TODO: cellGcmGetReportDataLocation
[W]: Unknown function 0xacee8542 in 'cellGcmSys' module
[E]: TODO: cellGcmSetFlipImmediate
[W]: Unknown function 0xdc494430 in 'cellGcmSys' module
[E]: TODO: cellGcmSetSecondVHandler
[W]: Unknown module 'libgem'
[W]: Unknown module 'cellHttp'
[W]: Unknown function 0x0582338a in 'cellSpursJq' module
[E]: TODO: cellSpursJobQueueAttributeSetDoBusyWaiting
[W]: Unknown function 0x0f03f712 in 'cellSpursJq' module
[E]: TODO: cellSpursJobQueueAttributeSetSubmitWithEntryLock
[W]: Unknown function 0x1686957e in 'cellSpursJq' module
[E]: TODO: cellSpursJobQueueAttributeSetMaxSizeJobDescriptor
[W]: Unknown function 0x26fa81b4 in 'cellSpursJq' module
[E]: TODO: cellSpursJobQueuePortFinalize
[W]: Unknown function 0x3d1294fc in 'cellSpursJq' module
[E]: TODO: cellSpursJobQueuePortInitialize
[W]: Unknown function 0x43ddab4f in 'cellSpursJq' module
[E]: TODO: cellSpursJobQueueAttributeInitialize
[W]: Unknown function 0x4e1a17a6 in 'cellSpursJq' module
[E]: TODO: _cellSpursJobQueuePortPushBody
[W]: Unknown function 0x634b1502 in 'cellSpursJq' module
[E]: TODO: cellSpursJobQueuePortSync
[W]: Unknown function 0x742cec0d in 'cellSpursJq' module
[E]: TODO: cellSpursJobQueueAttributeSetIsJobTypeMemoryCheck
[W]: Unknown function 0x8c97a96c in 'cellSpursJq' module
[E]: TODO: cellSpursShutdownJobQueue
[W]: Unknown function 0x8ce4cffa in 'cellSpursJq' module
[E]: TODO: cellSpursJoinJobQueue
[W]: Unknown function 0xbd1c5d6b in 'cellSpursJq' module
[E]: TODO: _cellSpursJobQueuePortPushFlush
[W]: Unknown function 0xe70f874e in 'cellSpursJq' module
[E]: TODO: cellSpursJobQueueAttributeSetGrabParameters
[W]: Unknown function 0xf244e799 in 'cellSpursJq' module
[E]: TODO: _cellSpursCreateJobQueue
[W]: Unknown function 0xff03cc79 in 'cellSpursJq' module
[E]: TODO: cellSpursJobQueueAttributeSetIsHaltOnError
[W]: Unknown function 0x01bbf2e0 in 'cellSpursJq' module
[E]: TODO: cellSpursJobQueueGetSpurs
[W]: Unknown function 0xb53436e7 in 'cellSpursJq' module
[E]: TODO: _cellSpursJobQueuePort2PushJobListBody
[W]: Unknown function 0xbfea28ab in 'cellSpursJq' module
[E]: TODO: cellSpursJobQueuePort2PushFlush
[W]: Unknown function 0xc485d207 in 'cellSpursJq' module
[E]: TODO: cellSpursJobQueuePort2Destroy
[W]: Unknown function 0xcf89f218 in 'cellSpursJq' module
[E]: TODO: _cellSpursJobQueuePort2PushJobBody
[W]: Unknown function 0xf11fe0f1 in 'cellSpursJq' module
[E]: TODO: cellSpursJobQueuePort2Create
[W]: Unknown function 0xfacb3ced in 'cellSpursJq' module
[E]: TODO: cellSpursJobQueuePort2Sync
[W]: Unknown function 0xfc526b72 in 'cellSpursJq' module
[E]: TODO: cellSpursJobQueuePort2PushSync
[W]: Unknown function 0xacfc8dbc in 'cellSpurs' module
[E]: TODO: cellSpursInitialize
[W]: Unknown function 0xca4c4600 in 'cellSpurs' module
[E]: TODO: cellSpursFinalize
[W]: Unknown function 0x011ee38b in 'cellSpurs' module
[E]: TODO: _cellSpursLFQueueInitialize
[W]: Unknown function 0x07529113 in 'cellSpurs' module
[E]: TODO: cellSpursAttributeSetNamePrefix
[W]: Unknown function 0x16394a4e in 'cellSpurs' module
[E]: TODO: _cellSpursTasksetAttributeInitialize
[W]: Unknown function 0x1656d49f in 'cellSpurs' module
[E]: TODO: cellSpursLFQueueAttachLv2EventQueue
[W]: Unknown function 0x1d46fedf in 'cellSpurs' module
[E]: TODO: cellSpursCreateTaskWithAttribute
[W]: Unknown function 0x22aab31d in 'cellSpurs' module
[E]: TODO: cellSpursEventFlagDetachLv2EventQueue
[W]: Unknown function 0x303c19cd in 'cellSpurs' module
[E]: TODO: cellSpursCreateJobChainWithAttribute
[W]: Unknown function 0x30aa96c4 in 'cellSpurs' module
[E]: TODO: cellSpursInitializeWithAttribute2
[W]: Unknown function 0x34552fa6 in 'cellSpurs' module
[E]: TODO: cellSpursTaskExitCodeInitialize
[W]: Unknown function 0x3548f483 in 'cellSpurs' module
[E]: TODO: _cellSpursJobChainAttributeInitialize
[W]: Unknown function 0x373523d4 in 'cellSpurs' module
[E]: TODO: cellSpursEventFlagWait
[W]: Unknown function 0x4a6465e3 in 'cellSpurs' module
[E]: TODO: cellSpursCreateTaskset2
[W]: Unknown function 0x4ac7bae4 in 'cellSpurs' module
[E]: TODO: cellSpursEventFlagClear
[W]: Unknown function 0x4e66d483 in 'cellSpurs' module
[E]: TODO: cellSpursDetachLv2EventQueue
[W]: Unknown function 0x52cc6c82 in 'cellSpurs' module
[E]: TODO: cellSpursCreateTaskset
[W]: Unknown function 0x5ef96465 in 'cellSpurs' module
[E]: TODO: _cellSpursEventFlagInitialize
[W]: Unknown function 0x652b70e2 in 'cellSpurs' module
[E]: TODO: cellSpursTasksetAttributeSetName
[W]: Unknown function 0x68aaeba9 in 'cellSpurs' module
[E]: TODO: cellSpursJobGuardInitialize
[W]: Unknown function 0x6d2d9339 in 'cellSpurs' module
[E]: TODO: cellSpursEventFlagTryWait
[W]: Unknown function 0x738e40e6 in 'cellSpurs' module
[E]: TODO: cellSpursShutdownJobChain
[W]: Unknown function 0x73e06f91 in 'cellSpurs' module
[E]: TODO: cellSpursLFQueueDetachLv2EventQueue
[W]: Unknown function 0x87630976 in 'cellSpurs' module
[E]: TODO: cellSpursEventFlagAttachLv2EventQueue
[W]: Unknown function 0x8a85674d in 'cellSpurs' module
[E]: TODO: _cellSpursLFQueuePushBody
[W]: Unknown function 0x8adadf65 in 'cellSpurs' module
[E]: TODO: _cellSpursTaskAttribute2Initialize
[W]: Unknown function 0x8f122ef8 in 'cellSpurs' module
[E]: TODO: cellSpursTasksetAttributeSetTasksetSize
[W]: Unknown function 0x95180230 in 'cellSpurs' module
[E]: TODO: _cellSpursAttributeInitialize
[W]: Unknown function 0x9f72add3 in 'cellSpurs' module
[E]: TODO: cellSpursJoinTaskset
[W]: Unknown function 0xa121a224 in 'cellSpurs' module
[E]: TODO: cellSpursTaskAttributeSetExitCodeContainer
[W]: Unknown function 0xa789e631 in 'cellSpurs' module
[E]: TODO: cellSpursShutdownTaskset
[W]: Unknown function 0xa7a94892 in 'cellSpurs' module
[E]: TODO: cellSpursJoinTask2
[W]: Unknown function 0xa7c066de in 'cellSpurs' module
[E]: TODO: cellSpursJoinJobChain
[W]: Unknown function 0xb8474eff in 'cellSpurs' module
[E]: TODO: _cellSpursTaskAttributeInitialize
[W]: Unknown function 0xb9bc6207 in 'cellSpurs' module
[E]: TODO: cellSpursAttachLv2EventQueue
[W]: Unknown function 0xbeb600ac in 'cellSpurs' module
[E]: TODO: cellSpursCreateTask
[W]: Unknown function 0xc10931cb in 'cellSpurs' module
[E]: TODO: cellSpursCreateTasksetWithAttribute
[W]: Unknown function 0xc2acdf43 in 'cellSpurs' module
[E]: TODO: _cellSpursTasksetAttribute2Initialize
[W]: Unknown function 0xc56defb5 in 'cellSpurs' module
[E]: TODO: cellSpursGetNumSpuThread
[W]: Unknown function 0xd5d0b256 in 'cellSpurs' module
[E]: TODO: cellSpursJobGuardNotify
[W]: Unknown function 0xe0a6dbe4 in 'cellSpurs' module
[E]: TODO: _cellSpursSendSignal
[W]: Unknown function 0xe14ca62d in 'cellSpurs' module
[E]: TODO: cellSpursCreateTask2
[W]: Unknown function 0xe717ac73 in 'cellSpurs' module
[E]: TODO: cellSpursTaskExitCodeTryGet
[W]: Unknown function 0xf31731bb in 'cellSpurs' module
[E]: TODO: cellSpursRunJobChain
[W]: Unknown function 0x1650aea4 in 'cellSsl' module
[E]: TODO: cellSslEnd
[W]: Unknown function 0x571afaca in 'cellSsl' module
[E]: TODO: cellSslCertificateLoader
[W]: Unknown function 0xfb02c9d2 in 'cellSsl' module
[E]: TODO: cellSslInit
[W]: Unknown module 'sceNpCommerce2'
[W]: Unknown function 0x6ee62ed2 in 'sceNp' module
[E]: TODO: sceNpManagerGetContentRatingFlag
[W]: Unknown function 0xb1e0718b in 'sceNp' module
[E]: TODO: sceNpManagerGetAccountRegion
[W]: Unknown function 0xeb7a3d84 in 'sceNp' module
[E]: TODO: sceNpManagerGetChatRestrictionFlag
[W]: Unknown function 0xf042b14f in 'sceNp' module
[E]: TODO: sceNpDrmIsAvailable2
[W]: Unknown function 0x01fbbc9b in 'sceNp' module
[E]: TODO: sceNpBasicSendMessageGui
[W]: Unknown function 0x04372385 in 'sceNp' module
[E]: TODO: sceNpBasicGetFriendListEntry
[W]: Unknown function 0x21206642 in 'sceNp' module
[E]: TODO: sceNpScoreGetRankingByRangeAsync
[W]: Unknown function 0x259113b8 in 'sceNp' module
[E]: TODO: sceNpScoreDestroyTitleCtx
[W]: Unknown function 0x32cf311f in 'sceNp' module
[E]: TODO: sceNpScoreInit
[W]: Unknown function 0x3d1760dc in 'sceNp' module
[E]: TODO: sceNpLookupAbortTransaction
[W]: Unknown function 0x3db7914d in 'sceNp' module
[E]: TODO: sceNpScoreGetRankingByNpIdAsync
[W]: Unknown function 0x4026eac5 in 'sceNp' module
[E]: TODO: sceNpBasicRegisterContextSensitiveHandler
[W]: Unknown function 0x4885aa18 in 'sceNp' module
[E]: TODO: sceNpTerm
[W]: Unknown function 0x52a6b523 in 'sceNp' module
[E]: TODO: sceNpManagerUnregisterCallback
[W]: Unknown function 0x5de61626 in 'sceNp' module
[E]: TODO: sceNpLookupDestroyTitleCtx
[W]: Unknown function 0x5f2d9257 in 'sceNp' module
[E]: TODO: sceNpLookupInit
[W]: Unknown function 0x64a704cc in 'sceNp' module
[E]: TODO: sceNpBasicRecvMessageAttachmentLoad
[W]: Unknown function 0x6f5e8143 in 'sceNp' module
[E]: TODO: sceNpScoreCreateTransactionCtx
[W]: Unknown function 0x73931bd0 in 'sceNp' module
[E]: TODO: sceNpBasicGetBlockListEntryCount
[W]: Unknown function 0x7508112e in 'sceNp' module
[E]: TODO: sceNpLookupPollAsync
[W]: Unknown function 0x7be47e61 in 'sceNp' module
[E]: TODO: sceNpScoreCensorCommentAsync
[W]: Unknown function 0x806960ab in 'sceNp' module
[E]: TODO: sceNpBasicRecvMessageCustom
[W]: Unknown function 0x8440537c in 'sceNp' module
[E]: TODO: sceNpLookupTerm
[W]: Unknown function 0x860b1756 in 'sceNp' module
[E]: TODO: sceNpLookupTitleSmallStorageAsync
[W]: Unknown function 0x9851f805 in 'sceNp' module
[E]: TODO: sceNpScoreTerm
[W]: Unknown function 0xa7a090e5 in 'sceNp' module
[E]: TODO: sceNpScorePollAsync
[W]: Unknown function 0xacb9ee8e in 'sceNp' module
[E]: TODO: sceNpBasicUnregisterHandler
[W]: Unknown function 0xad218faf in 'sceNp' module
[E]: TODO: sceNpDrmIsAvailable
[W]: Unknown function 0xafef640d in 'sceNp' module
[E]: TODO: sceNpBasicGetFriendListEntryCount
[W]: Unknown function 0xb9f93bbb in 'sceNp' module
[E]: TODO: sceNpScoreCreateTitleCtx
[W]: Unknown function 0xbcdbb2ab in 'sceNp' module
[E]: TODO: sceNpBasicAddPlayersHistoryAsync
[W]: Unknown function 0xbd28fdbf in 'sceNp' module
[E]: TODO: sceNpInit
[W]: Unknown function 0xbdc07fd5 in 'sceNp' module
[E]: TODO: sceNpManagerGetNetworkTime
[W]: Unknown function 0xbe07c708 in 'sceNp' module
[E]: TODO: sceNpManagerGetOnlineId
[W]: Unknown function 0xc5f4cf82 in 'sceNp' module
[E]: TODO: sceNpScoreDestroyTransactionCtx
[W]: Unknown function 0xce81c7f0 in 'sceNp' module
[E]: TODO: sceNpLookupCreateTitleCtx
[W]: Unknown function 0xd208f91d in 'sceNp' module
[E]: TODO: sceNpUtilCmpNpId
[W]: Unknown function 0xdb2e4dc2 in 'sceNp' module
[E]: TODO: sceNpScoreGetGameDataAsync
[W]: Unknown function 0xddce7d15 in 'sceNp' module
[E]: TODO: sceNpScoreGetBoardInfoAsync
[W]: Unknown function 0xe035f7d6 in 'sceNp' module
[E]: TODO: sceNpBasicGetEvent
[W]: Unknown function 0xe7dcd3b4 in 'sceNp' module
[E]: TODO: sceNpManagerRegisterCallback
[W]: Unknown function 0xea2e9ffc in 'sceNp' module
[E]: TODO: sceNpLookupCreateTransactionCtx
[W]: Unknown function 0xecd503de in 'sceNp' module
[E]: TODO: sceNpBasicGetMessageEntryCount
[W]: Unknown function 0xee5b20d9 in 'sceNp' module
[E]: TODO: sceNpScoreAbortTransaction
[W]: Unknown function 0xf0b1e399 in 'sceNp' module
[E]: TODO: sceNpScoreRecordScoreAsync
[W]: Unknown function 0xf2b3338a in 'sceNp' module
[E]: TODO: sceNpBasicGetBlockListEntry
[W]: Unknown function 0xf42c0df8 in 'sceNp' module
[E]: TODO: sceNpManagerGetOnlineName
[W]: Unknown function 0xf76847c2 in 'sceNp' module
[E]: TODO: sceNpScoreRecordGameDataAsync
[W]: Unknown function 0xfb87cf5e in 'sceNp' module
[E]: TODO: sceNpLookupDestroyTransactionCtx
[W]: Unknown function 0xfe37a7f4 in 'sceNp' module
[E]: TODO: sceNpManagerGetNpId
[W]: Unknown function 0xbef554a4 in 'sys_fs' module
[E]: TODO: cellFsUtime
[W]: Unknown function 0x3140f6e1 in 'sys_fs' module
[E]: TODO: cellFsSetIoBuffer
[W]: Unknown function 0x6d3bb15b in 'sys_fs' module
[E]: TODO: cellFsSdataOpenByFd
[W]: Unknown function 0x967a162b in 'sys_fs' module
[E]: TODO: cellFsFsync
[W]: Unknown function 0x9b882495 in 'sys_fs' module
[E]: TODO: cellFsGetDirectoryEntries
[W]: Unknown function 0x5e00d433 in 'cellSync2' module
[E]: TODO: _cellSync2QueueAttributeInitialize
[W]: Unknown function 0x6af85cdf in 'cellSync2' module
[E]: TODO: cellSync2QueueFinalize
[W]: Unknown function 0xc08cc0f9 in 'cellSync2' module
[E]: TODO: cellSync2QueueEstimateBufferSize
[W]: Unknown function 0xd83ab0c9 in 'cellSync2' module
[E]: TODO: cellSync2QueuePop
[W]: Unknown function 0xf125e044 in 'cellSync2' module
[E]: TODO: cellSync2QueueInitialize
[W]: Unknown function 0x139a9e9b in 'sys_net' module
[E]: TODO: sys_net_initialize_network_ex
[W]: Unknown function 0x13efe7f5 in 'sys_net' module
[E]: TODO: getsockname
[W]: Unknown function 0x1f953b9f in 'sys_net' module
[E]: TODO: recvfrom
[W]: Unknown function 0x28e208bb in 'sys_net' module
[E]: TODO: listen
[W]: Unknown function 0x3f09e20a in 'sys_net' module
[E]: TODO: socketselect
[W]: Unknown function 0x5a045bd1 in 'sys_net' module
[E]: TODO: getsockopt
[W]: Unknown function 0x6005cde1 in 'sys_net' module
[E]: TODO: _sys_net_errno_loc
[W]: Unknown function 0x64f66d35 in 'sys_net' module
[E]: TODO: connect
[W]: Unknown function 0x6db6e8cd in 'sys_net' module
[E]: TODO: socketclose
[W]: Unknown function 0x88f03575 in 'sys_net' module
[E]: TODO: setsockopt
[W]: Unknown function 0x9647570b in 'sys_net' module
[E]: TODO: sendto
[W]: Unknown function 0x9c056962 in 'sys_net' module
[E]: TODO: socket
[W]: Unknown function 0xa50777c6 in 'sys_net' module
[E]: TODO: shutdown
[W]: Unknown function 0xb0a59804 in 'sys_net' module
[E]: TODO: bind
[W]: Unknown function 0xb68d5625 in 'sys_net' module
[E]: TODO: sys_net_finalize_network
[W]: Unknown function 0xc94f6939 in 'sys_net' module
[E]: TODO: accept
[W]: Unknown function 0xdc751b40 in 'sys_net' module
[E]: TODO: send
[W]: Unknown function 0xf9ec2db6 in 'sys_net' module
[E]: TODO: getpeername
[W]: Unknown function 0xfba04f37 in 'sys_net' module
[E]: TODO: recv
[W]: Unknown function 0xfdb8f926 in 'sys_net' module
[E]: TODO: sys_net_free_thread_context
[W]: Unknown function 0x0247c69e in 'cellSail' module
[E]: TODO: cellSailGraphicsAdapterGetFrame
[W]: Unknown function 0x1139a206 in 'cellSail' module
[E]: TODO: cellSailPlayerSetSoundAdapter
[W]: Unknown function 0x15fd6a2a in 'cellSail' module
[E]: TODO: cellSailDescriptorClose
[W]: Unknown function 0x18b4629d in 'cellSail' module
[E]: TODO: cellSailPlayerFinalize
[W]: Unknown function 0x18bcd21b in 'cellSail' module
[E]: TODO: cellSailPlayerSetGraphicsAdapter
[W]: Unknown function 0x1c983864 in 'cellSail' module
[E]: TODO: cellSailGraphicsAdapterInitialize
[W]: Unknown function 0x23654375 in 'cellSail' module
[E]: TODO: cellSailPlayerInitialize2
[W]: Unknown function 0x2e3ccb5e in 'cellSail' module
[E]: TODO: cellSailGraphicsAdapterSetPreferredFormat
[W]: Unknown function 0x346ebba3 in 'cellSail' module
[E]: TODO: cellSailMemAllocatorInitialize
[W]: Unknown function 0x34ecc1b9 in 'cellSail' module
[E]: TODO: cellSailPlayerOpenStream
[W]: Unknown function 0x3d0d3b72 in 'cellSail' module
[E]: TODO: cellSailSoundAdapterInitialize
[W]: Unknown function 0x44a20e79 in 'cellSail' module
[E]: TODO: cellSailGraphicsAdapterUpdateAvSync
[W]: Unknown function 0x752f8585 in 'cellSail' module
[E]: TODO: cellSailPlayerGetDescriptorCount
[W]: Unknown function 0x76488bb1 in 'cellSail' module
[E]: TODO: cellSailGraphicsAdapterFinalize
[W]: Unknown function 0x7c8dff3b in 'cellSail' module
[E]: TODO: cellSailPlayerAddDescriptor
[W]: Unknown function 0x7eb8d6b5 in 'cellSail' module
[E]: TODO: cellSailSoundAdapterGetFrame
[W]: Unknown function 0x85beffcc in 'cellSail' module
[E]: TODO: cellSailPlayerCloseStream
[W]: Unknown function 0x950d53c1 in 'cellSail' module
[E]: TODO: cellSailPlayerCancel
[W]: Unknown function 0x952269c9 in 'cellSail' module
[E]: TODO: cellSailPlayerGetParameter
[W]: Unknown function 0xbdf21b0f in 'cellSail' module
[E]: TODO: cellSailPlayerBoot
[W]: Unknown function 0xc044fab1 in 'cellSail' module
[E]: TODO: cellSailDescriptorOpen
[W]: Unknown function 0xd1462438 in 'cellSail' module
[E]: TODO: cellSailSoundAdapterFinalize
[W]: Unknown function 0xd1d55a90 in 'cellSail' module
[E]: TODO: cellSailPlayerSetPaused
[W]: Unknown function 0xd7938b8d in 'cellSail' module
[E]: TODO: cellSailPlayerCreateDescriptor
[W]: Unknown function 0xe535b0d3 in 'cellSail' module
[E]: TODO: cellSailPlayerStart
[W]: Unknown function 0xeba8d4ec in 'cellSail' module
[E]: TODO: cellSailPlayerStop
[W]: Unknown function 0xeec22809 in 'cellSail' module
[E]: TODO: cellSailSoundAdapterUpdateAvSync
[W]: Unknown function 0xf25f197d in 'cellSail' module
[E]: TODO: cellSailSoundAdapterGetFormat
[W]: Unknown function 0xfc5baf8a in 'cellSail' module
[E]: TODO: cellSailPlayerSetRepeatMode
[W]: Unknown function 0xfc839bd4 in 'cellSail' module
[E]: TODO: cellSailPlayerDestroyDescriptor
[W]: Unknown function 0xffd58aa4 in 'cellSail' module
[E]: TODO: cellSailGraphicsAdapterGetFormat
[W]: Unknown module 'cellSysutilAvconfExt'
[W]: Unknown function 0x01379fd7 in 'sceNp2' module
[E]: TODO: sceNpMatching2DestroyContext
[W]: Unknown function 0x05bf2fbd in 'sceNp2' module
[E]: TODO: sceNpMatching2GetWorldInfoList
[W]: Unknown function 0x0d22867f in 'sceNp2' module
[E]: TODO: sceNpMatching2SearchRoom
[W]: Unknown function 0x1f372697 in 'sceNp2' module
[E]: TODO: sceNpMatching2LeaveRoom
[W]: Unknown function 0x215b0d75 in 'sceNp2' module
[E]: TODO: sceNpMatching2SetRoomDataExternal
[W]: Unknown function 0x23009d07 in 'sceNp2' module
[E]: TODO: sceNpMatching2Term2
[W]: Unknown function 0x26ae9ff8 in 'sceNp2' module
[E]: TODO: sceNpMatching2SignalingGetConnectionInfo
[W]: Unknown function 0x28cad8b3 in 'sceNp2' module
[E]: TODO: sceNpMatching2SendRoomMessage
[W]: Unknown function 0x3457c0db in 'sceNp2' module
[E]: TODO: sceNpMatching2GetServerInfo
[W]: Unknown function 0x3c00c9d4 in 'sceNp2' module
[E]: TODO: sceNpMatching2GetEventData
[W]: Unknown function 0x41251f74 in 'sceNp2' module
[E]: TODO: sceNp2Init
[W]: Unknown function 0x430ce063 in 'sceNp2' module
[E]: TODO: sceNpMatching2AbortContextStart
[W]: Unknown function 0x490124fd in 'sceNp2' module
[E]: TODO: sceNpMatching2GetRoomMemberIdListLocal
[W]: Unknown function 0x5721e711 in 'sceNp2' module
[E]: TODO: sceNpMatching2JoinRoom
[W]: Unknown function 0x66f19527 in 'sceNp2' module
[E]: TODO: sceNpMatching2KickoutRoomMember
[W]: Unknown function 0x6ba4c668 in 'sceNp2' module
[E]: TODO: sceNpMatching2ContextStartAsync
[W]: Unknown function 0x748029a2 in 'sceNp2' module
[E]: TODO: sceNpMatching2RegisterContextCallback
[W]: Unknown function 0x7bf6e152 in 'sceNp2' module
[E]: TODO: sceNpMatching2SendRoomChatMessage
[W]: Unknown function 0x817d1090 in 'sceNp2' module
[E]: TODO: sceNpMatching2SetRoomDataInternal
[W]: Unknown function 0x8d3f8d49 in 'sceNp2' module
[E]: TODO: sceNpMatching2SignalingGetPingInfo
[W]: Unknown function 0x8e5cfe9f in 'sceNp2' module
[E]: TODO: sceNpMatching2GetServerIdListLocal
[W]: Unknown function 0x9344d41f in 'sceNp2' module
[E]: TODO: sceNpMatching2GrantRoomOwner
[W]: Unknown function 0x9cbce3f2 in 'sceNp2' module
[E]: TODO: sceNpMatching2CreateContext
[W]: Unknown function 0xa9e6103e in 'sceNp2' module
[E]: TODO: sceNpMatching2RegisterSignalingCallback
[W]: Unknown function 0xaa6c2c43 in 'sceNp2' module
[E]: TODO: sceNpMatching2ClearEventData
[W]: Unknown function 0xaadb7c12 in 'sceNp2' module
[E]: TODO: sceNp2Term
[W]: Unknown function 0xdb87b088 in 'sceNp2' module
[E]: TODO: sceNpMatching2SetDefaultRequestOptParam
[W]: Unknown function 0xdcb6b27d in 'sceNp2' module
[E]: TODO: sceNpMatching2RegisterRoomEventCallback
[W]: Unknown function 0xde6d308b in 'sceNp2' module
[E]: TODO: sceNpMatching2GetRoomPasswordLocal
[W]: Unknown function 0xe7a3bc7a in 'sceNp2' module
[E]: TODO: sceNpMatching2CreateJoinRoom
[W]: Unknown function 0xf43c647a in 'sceNp2' module
[E]: TODO: sceNpMatching2ContextStop
[W]: Unknown function 0xf4babd3f in 'sceNp2' module
[E]: TODO: sceNpMatching2Init2
[W]: Unknown function 0xfee11e72 in 'sceNp2' module
[E]: TODO: sceNpMatching2RegisterRoomMessageCallback
[W]: Unknown module 'sceNpTus'
[W]: Unknown function 0x1dfbfdd6 in 'cellSysutil' module
[E]: TODO: cellSaveDataListLoad2
[W]: Unknown function 0x20543730 in 'cellSysutil' module
[E]: TODO: cellMsgDialogClose
[W]: Unknown function 0x21425307 in 'cellSysutil' module
[E]: TODO: cellSaveDataListAutoLoad
[W]: Unknown function 0x2de0d663 in 'cellSysutil' module
[E]: TODO: cellSaveDataListSave2
[W]: Unknown function 0x4dd03a4e in 'cellSysutil' module
[E]: TODO: cellSaveDataListAutoSave
[W]: Unknown function 0x62b0f803 in 'cellSysutil' module
[E]: TODO: cellMsgDialogAbort
[W]: Unknown function 0x7bc2c8a8 in 'cellSysutil' module
[E]: TODO: cellMsgDialogProgressBarReset
[W]: Unknown function 0x8b7ed64b in 'cellSysutil' module
[E]: TODO: cellSaveDataAutoSave2
[W]: Unknown function 0x94862702 in 'cellSysutil' module
[E]: TODO: cellMsgDialogProgressBarInc
[W]: Unknown function 0x9d6af72a in 'cellSysutil' module
[E]: TODO: cellMsgDialogProgressBarSetMsg
[W]: Unknown function 0xced17573 in 'cellSysutil' module
[E]: TODO: cellSaveDataFixedDelete
[W]: Unknown function 0xe7fa820b in 'cellSysutil' module
[E]: TODO: cellSaveDataEnableOverlay
[W]: Unknown function 0xedadd797 in 'cellSysutil' module
[E]: TODO: cellSaveDataDelete2
[W]: Unknown function 0xfbd5c856 in 'cellSysutil' module
[E]: TODO: cellSaveDataAutoLoad2
[W]: Unknown function 0x18d3df30 in 'cellVoice' module
[E]: TODO: cellVoiceDisconnectIPortFromOPort
[W]: Unknown function 0x2a01013e in 'cellVoice' module
[E]: TODO: cellVoiceCreateNotifyEventQueue
[W]: Unknown function 0x2de54871 in 'cellVoice' module
[E]: TODO: cellVoiceCreatePort
[W]: Unknown function 0x35d84910 in 'cellVoice' module
[E]: TODO: cellVoiceSetNotifyEventQueue
[W]: Unknown function 0x36472c57 in 'cellVoice' module
[E]: TODO: cellVoiceReadFromOPort
[W]: Unknown function 0x54ac3519 in 'cellVoice' module
[E]: TODO: cellVoiceGetPortInfo
[W]: Unknown function 0x94d51f92 in 'cellVoice' module
[E]: TODO: cellVoiceStartEx
[W]: Unknown function 0x9d0f4af1 in 'cellVoice' module
[E]: TODO: cellVoiceSetPortAttr
[W]: Unknown function 0x9f70c475 in 'cellVoice' module
[E]: TODO: cellVoiceDeletePort
[W]: Unknown function 0xae6a21d5 in 'cellVoice' module
[E]: TODO: cellVoiceConnectIPortToOPort
[W]: Unknown function 0xb1a2c38f in 'cellVoice' module
[E]: TODO: cellVoiceInitEx
[W]: Unknown function 0xc4f573b8 in 'cellVoice' module
[E]: Unknown func id: 0xc4f573b8
[W]: Unknown function 0xd3a84be1 in 'cellVoice' module
[E]: TODO: cellVoiceStop
[W]: Unknown function 0xdd000886 in 'cellVoice' module
[E]: TODO: cellVoiceRemoveNotifyEventQueue
[W]: Unknown function 0xdde35a0c in 'cellVoice' module
[E]: TODO: cellVoiceSetMuteFlag
[W]: Unknown function 0xe0e1ae12 in 'cellVoice' module
[E]: TODO: cellVoiceEnd
[W]: Unknown function 0x26090058 in 'sysPrxForUser' module
[E]: TODO: sys_prx_load_module
[W]: Unknown function 0x8a561d92 in 'sysPrxForUser' module
[E]: TODO: _sys_heap_free
[W]: Unknown function 0xa330ad84 in 'sysPrxForUser' module
[E]: TODO: sys_prx_load_module_on_memcontainer_by_fd
[W]: Unknown function 0xaa6d9bff in 'sysPrxForUser' module
[E]: TODO: sys_prx_load_module_on_memcontainer
[W]: Unknown function 0xaede4b03 in 'sysPrxForUser' module
[E]: TODO: _sys_heap_delete_heap
[W]: Unknown function 0xdd3b27ac in 'sysPrxForUser' module
[E]: TODO: _sys_spu_printf_finalize
[W]: Unknown function 0xef68c17c in 'sysPrxForUser' module
[E]: TODO: sys_prx_load_module_by_fd
[S]: Game: boot done.
[W : PPU[1] Thread (CPUThread)[0x02bd6058]]: sys_lwmutex warning: *** lwmutex created [_lc_mtx] (attribute=0x12): sq_id = 3
[W : PPU[1] Thread (CPUThread)[0x00b993b8]]: memory warning: sys_memory_get_user_memory_size(mem_info_addr=0xd0020c04)
[W : PPU[1] Thread (CPUThread)[0x02bd6058]]: sys_lwmutex warning: *** lwmutex created [_lc_mtx] (attribute=0x12): sq_id = 4
[W : PPU[1] Thread (CPUThread)[0x02bd6058]]: sys_lwmutex warning: *** lwmutex created [_lc_mtx] (attribute=0x12): sq_id = 5
[W : PPU[1] Thread (CPUThread)[0x02bd6058]]: sys_lwmutex warning: *** lwmutex created [_lc_mtx] (attribute=0x12): sq_id = 6
[W : PPU[1] Thread (CPUThread)[0x02bd6058]]: sys_lwmutex warning: *** lwmutex created [_lc_mtx] (attribute=0x12): sq_id = 7
[W : PPU[1] Thread (CPUThread)[0x02bd6058]]: sys_lwmutex warning: *** lwmutex created [_lc_mtx] (attribute=0x12): sq_id = 8
[W : PPU[1] Thread (CPUThread)[0x02bd6058]]: sys_lwmutex warning: *** lwmutex created [_lc_mtx] (attribute=0x12): sq_id = 9
[W : PPU[1] Thread (CPUThread)[0x02bd6058]]: sys_lwmutex warning: *** lwmutex created [_lc_mtx] (attribute=0x12): sq_id = 10
[W : PPU[1] Thread (CPUThread)[0x02bd6058]]: sys_lwmutex warning: *** lwmutex created [_lc_mtx] (attribute=0x12): sq_id = 11
[W : PPU[1] Thread (CPUThread)[0x02bd6058]]: sys_lwmutex warning: *** lwmutex created [_lc_mtx] (attribute=0x12): sq_id = 12
[W : PPU[1] Thread (CPUThread)[0x02bb4010]]: cellSysmodule warning: cellSysmoduleLoadModule(CELL_SYSMODULE_FS)
[W : PPU[1] Thread (CPUThread)[0x02bb4010]]: cellSysmodule warning: cellSysmoduleLoadModule(CELL_SYSMODULE_SYSUTIL_GAME)
[W : PPU[1] Thread (CPUThread)[0x02bd6058]]: sys_lwmutex warning: *** lwmutex created [_lc_mtx] (attribute=0x12): sq_id = 13
[W : PPU[1] Thread (CPUThread)[0x02bd6058]]: sys_lwmutex warning: *** lwmutex created [_lc_mtx] (attribute=0x12): sq_id = 14
[W : PPU[1] Thread (CPUThread)[0x02bd6058]]: sys_lwmutex warning: *** lwmutex created [_lc_mtx] (attribute=0x12): sq_id = 15
[W : PPU[1] Thread (CPUThread)[0x02bd6058]]: sys_lwmutex warning: *** lwmutex created [_lc_mtx] (attribute=0x12): sq_id = 16
[W : PPU[1] Thread (CPUThread)[0x02bd6058]]: sys_lwmutex warning: *** lwmutex created [_lc_mtx] (attribute=0x12): sq_id = 17
[W : PPU[1] Thread (CPUThread)[0x02bd6058]]: sys_lwmutex warning: *** lwmutex created [_lc_mtx] (attribute=0x12): sq_id = 18
[W : PPU[1] Thread (CPUThread)[0x02bd6058]]: sys_lwmutex warning: *** lwmutex created [_lc_mtx] (attribute=0x12): sq_id = 19
[W : PPU[1] Thread (CPUThread)[0x02bd6058]]: sys_lwmutex warning: *** lwmutex created [_lc_mtx] (attribute=0x12): sq_id = 20
[W : PPU[1] Thread (CPUThread)[0x02bd6058]]: sys_lwmutex warning: *** lwmutex created [_lc_mtx] (attribute=0x12): sq_id = 21
[W : PPU[1] Thread (CPUThread)[0x02bd6058]]: sys_lwmutex warning: *** lwmutex created [_lc_mtx] (attribute=0x12): sq_id = 22
[W : PPU[1] Thread (CPUThread)[0x02bd6058]]: sys_lwmutex warning: *** lwmutex created [_lc_mtx] (attribute=0x12): sq_id = 23
[W : PPU[1] Thread (CPUThread)[0x02bd6058]]: sys_lwmutex warning: *** lwmutex created [_lc_mtx] (attribute=0x12): sq_id = 24
[W : PPU[1] Thread (CPUThread)[0x00b6fcf8]]: cellSysutil warning: cellSysutilGetSystemParamInt: CELL_SYSUTIL_SYSTEMPARAM_ID_TIMEZONE
[W : PPU[1] Thread (CPUThread)[0x00b6fcf8]]: cellSysutil warning: cellSysutilGetSystemParamInt: CELL_SYSUTIL_SYSTEMPARAM_ID_SUMMERTIME
[W : PPU[1] Thread (CPUThread)[0x00b83a64]]: cellSysutil warning: cellSysutilGetSystemParamInt: CELL_SYSUTIL_SYSTEMPARAM_ID_TIMEZONE
[W : PPU[1] Thread (CPUThread)[0x00b83a64]]: cellSysutil warning: cellSysutilGetSystemParamInt: CELL_SYSUTIL_SYSTEMPARAM_ID_SUMMERTIME
[W : PPU[1] Thread (CPUThread)[0x00b83aa8]]: MULHD
[W : PPU[1] Thread (CPUThread)[0x00b83bc0]]: MULHD
[W : PPU[1] Thread (CPUThread)[0x00b83bf8]]: MULHD
[W : PPU[1] Thread (CPUThread)[0x00b83c14]]: MULHD
[W : PPU[1] Thread (CPUThread)[0x00b71c40]]: cellSysutil warning: cellSysutilGetSystemParamInt: CELL_SYSUTIL_SYSTEMPARAM_ID_TIMEZONE
[W : PPU[1] Thread (CPUThread)[0x00b71c40]]: cellSysutil warning: cellSysutilGetSystemParamInt: CELL_SYSUTIL_SYSTEMPARAM_ID_SUMMERTIME
[W : PPU[1] Thread (CPUThread)[0x00b83a64]]: cellSysutil warning: cellSysutilGetSystemParamInt: CELL_SYSUTIL_SYSTEMPARAM_ID_TIMEZONE
[W : PPU[1] Thread (CPUThread)[0x00b83a64]]: cellSysutil warning: cellSysutilGetSystemParamInt: CELL_SYSUTIL_SYSTEMPARAM_ID_SUMMERTIME
[W : PPU[1] Thread (CPUThread)[0x00b83aa8]]: MULHD
[W : PPU[1] Thread (CPUThread)[0x00b83bc0]]: MULHD
[W : PPU[1] Thread (CPUThread)[0x00b83bf8]]: MULHD
[W : PPU[1] Thread (CPUThread)[0x00b83c14]]: MULHD
[W : PPU[1] Thread (CPUThread)[0x00b6f67c]]: cellSysutil warning: cellSysutilGetSystemParamInt: CELL_SYSUTIL_SYSTEMPARAM_ID_TIMEZONE
[W : PPU[1] Thread (CPUThread)[0x00b6f67c]]: cellSysutil warning: cellSysutilGetSystemParamInt: CELL_SYSUTIL_SYSTEMPARAM_ID_SUMMERTIME
[W : PPU[1] Thread (CPUThread)[0x00b83aa8]]: MULHD
[W : PPU[1] Thread (CPUThread)[0x00b83bc0]]: MULHD
[W : PPU[1] Thread (CPUThread)[0x00b83bf8]]: MULHD
[W : PPU[1] Thread (CPUThread)[0x00b83c14]]: MULHD
[W : PPU[1] Thread (CPUThread)[0x00b71c40]]: cellSysutil warning: cellSysutilGetSystemParamInt: CELL_SYSUTIL_SYSTEMPARAM_ID_TIMEZONE
[W : PPU[1] Thread (CPUThread)[0x00b71c40]]: cellSysutil warning: cellSysutilGetSystemParamInt: CELL_SYSUTIL_SYSTEMPARAM_ID_SUMMERTIME
[W : PPU[1] Thread (CPUThread)[0x00b83aa8]]: MULHD
[W : PPU[1] Thread (CPUThread)[0x00b83bc0]]: MULHD
[W : PPU[1] Thread (CPUThread)[0x00b83bf8]]: MULHD
[W : PPU[1] Thread (CPUThread)[0x00b83c14]]: MULHD
[W : PPU[1] Thread (CPUThread)[0x02bd6058]]: sys_lwmutex warning: *** lwmutex created [ps3HDDL] (attribute=0x12): sq_id = 25
[W : PPU[1] Thread (CPUThread)[0x02bb4010]]: cellSysmodule warning: cellSysmoduleLoadModule(CELL_SYSMODULE_SYSUTIL_NP)
[W : PPU[1] Thread (CPUThread)[0x02ba6058]]: cellGcmSys warning: cellGcmGetTiledPitchSize(size=7680)
[E : PPU[1] Thread (CPUThread)[0x02bd607c]]: sysPrxForUser error: sys_prx_register_library(lib_addr=0x144eda0)
[E : PPU[1] Thread (CPUThread)[0x02bd607c]]: sysPrxForUser error: sys_prx_register_library(lib_addr=0x144edbc)
[E : PPU[1] Thread (CPUThread)[0x02bd607c]]: sysPrxForUser error: sys_prx_register_library(lib_addr=0x144edd8)
[E : PPU[1] Thread (CPUThread)[0x02bb0148]]: TODO: _cellSpursAttributeInitialize
[E : PPU[1] Thread (CPUThread)[0x02bb0028]]: TODO: cellSpursAttributeSetNamePrefix
[E : PPU[1] Thread (CPUThread)[0x02bb0070]]: TODO: cellSpursInitializeWithAttribute2
[E : PPU[1] Thread (CPUThread)[0x02bb0148]]: TODO: _cellSpursAttributeInitialize
[E : PPU[1] Thread (CPUThread)[0x02bb0028]]: TODO: cellSpursAttributeSetNamePrefix
[E : PPU[1] Thread (CPUThread)[0x02bb0070]]: TODO: cellSpursInitializeWithAttribute2
[W : PPU[1] Thread (CPUThread)[0x02bd6058]]: sys_lwmutex warning: *** lwmutex created [] (attribute=0x12): sq_id = 26
[W : PPU[1] Thread (CPUThread)[0x02bd6058]]: sys_lwmutex warning: *** lwmutex created [] (attribute=0x12): sq_id = 27
[W : PPU[1] Thread (CPUThread)[0x02bd210c]]: cellSysutil warning: cellSysutilRegisterCallback(slot=2, func_addr=0x168fc20, userdata=0x0)
[W : PPU[1] Thread (CPUThread)[0x02bb4010]]: cellSysmodule warning: cellSysmoduleLoadModule(CELL_SYSMODULE_RTC)
[W : PPU[1] Thread (CPUThread)[0x02bb4010]]: cellSysmodule warning: cellSysmoduleLoadModule(CELL_SYSMODULE_SPURS_JQ)
[W : PPU[1] Thread (CPUThread)[0x02bd6058]]: sys_lwmutex warning: *** lwmutex created [TFW::De] (attribute=0x22): sq_id = 28
[W : PPU[1] Thread (CPUThread)[0x00a5d9b8]]: memory warning: sys_memory_get_user_memory_size(mem_info_addr=0xd0020874)
[W : PPU[1] Thread (CPUThread)[0x02ba6004]]: cellGcmSys warning: cellGcmInit(context_addr=0x255dbc0,cmdSize=0x10000,ioSize=0x9000000,ioAddress=0x30370000)
[W : PPU[1] Thread (CPUThread)[0x02ba6004]]: cellGcmSys warning: *** local memory(addr=0xc0000000, size=0xf900000)
[W : PPU[1] Thread (CPUThread)[0x02ba6004]]: cellGcmSys warning: cellGcmMapEaIoAddress(ea=0x30370000, io=0x0, size=0x9000000)
[! : RSXThread]: RSX thread entry
[W : PPU[1] Thread (CPUThread)[0x02ba6058]]: cellGcmSys warning: cellGcmGetTiledPitchSize(size=5120)
[W : PPU[1] Thread (CPUThread)[0x02bb401c]]: cellSysmodule warning: cellSysmoduleIsLoaded(CELL_SYSMODULE_AVCONF_EXT)
[W : PPU[1] Thread (CPUThread)[0x02bb4010]]: cellSysmodule warning: cellSysmoduleLoadModule(CELL_SYSMODULE_AVCONF_EXT)
[W : PPU[1] Thread (CPUThread)[0x02bd20a0]]: cellSysutil warning: cellVideoOutGetNumberOfDevice(videoOut=0)
[W : PPU[1] Thread (CPUThread)[0x02ba6058]]: cellGcmSys warning: cellGcmGetTiledPitchSize(size=5120)
[W : PPU[1] Thread (CPUThread)[0x02ba6058]]: cellGcmSys warning: cellGcmGetTiledPitchSize(size=5120)
[W : PPU[1] Thread (CPUThread)[0x02bd2010]]: cellSysutil warning: cellVideoOutConfigure(videoOut=0, config_addr=0xd00202f0, option_addr=0x0, waitForEvent=0x0)
[W : PPU[1] Thread (CPUThread)[0x02ba6100]]: cellGcmSys warning: cellGcmSetFlipHandler(handler_addr=23656816)
[E : PPU[1] Thread (CPUThread)[0x02ba6070]]: TODO: cellGcmSetQueueHandler
[E : PPU[1] Thread (CPUThread)[0x02ba6130]]: cellGcmSys error: Unimplemented function: cellGcmSetVBlankHandler
[E : PPU[1] Thread (CPUThread)[0x02ba6154]]: TODO: cellGcmSetSecondVHandler
[W : PPU[1] Thread (CPUThread)[0x02ba6064]]: cellGcmSys warning: cellGcmSetUserHandler(handler=0x168f990)
[W : PPU[1] Thread (CPUThread)[0x02bd6058]]: sys_lwmutex warning: *** lwmutex created [] (attribute=0x21): sq_id = 29
[W : PPU[1] Thread (CPUThread)[0x02bd6058]]: sys_lwmutex warning: *** lwmutex created [] (attribute=0x22): sq_id = 31
[W : PPU[1] Thread (CPUThread)[0x02bd6058]]: sys_lwmutex warning: *** lwmutex created [] (attribute=0x22): sq_id = 32
[W : PPU[1] Thread (CPUThread)[0x02ba60b8]]: cellGcmSys warning: cellGcmSetFlipMode(mode=1)
[W : PPU[1] Thread (CPUThread)[0x02ba60dc]]: cellGcmSys warning: cellGcmMapEaIoAddress(ea=0x30200000, io=0xe000000, size=0x100000)
[W : PPU[1] Thread (CPUThread)[0x02ba60e8]]: cellGcmGetReportDataAddressLocation(location=0, index=1)
[W : PPU[1] Thread (CPUThread)[0x02ba60e8]]: cellGcmGetReportDataAddressLocation(location=1, index=1)
[W : PPU[1] Thread (CPUThread)[0x02ba60e8]]: cellGcmGetReportDataAddressLocation(location=2, index=1)
[W : PPU[1] Thread (CPUThread)[0x02ba60e8]]: cellGcmGetReportDataAddressLocation(location=3, index=1)
[W : PPU[1] Thread (CPUThread)[0x02ba60e8]]: cellGcmGetReportDataAddressLocation(location=4, index=1)
[W : PPU[1] Thread (CPUThread)[0x02ba60e8]]: cellGcmGetReportDataAddressLocation(location=5, index=1)
[W : PPU[1] Thread (CPUThread)[0x02ba60e8]]: cellGcmGetReportDataAddressLocation(location=6, index=1)
[W : PPU[1] Thread (CPUThread)[0x02ba60e8]]: cellGcmGetReportDataAddressLocation(location=7, index=1)
[W : PPU[1] Thread (CPUThread)[0x02ba6058]]: cellGcmSys warning: cellGcmGetTiledPitchSize(size=2880)
[W : PPU[1] Thread (CPUThread)[0x02ba6058]]: cellGcmSys warning: cellGcmGetTiledPitchSize(size=2880)
[W : PPU[1] Thread (CPUThread)[0x02ba6058]]: cellGcmSys warning: cellGcmGetTiledPitchSize(size=5120)
[W : PPU[1] Thread (CPUThread)[0x02ba6148]]: cellGcmSys warning: cellGcmSetTileInfo(index=0, location=0, offset=65536, size=8716288, pitch=5120, comp=0, base=0, bank=0)
[W : PPU[1] Thread (CPUThread)[0x02ba60ac]]: cellGcmSys warning: cellGcmBindTile(index=0)
[W : PPU[1] Thread (CPUThread)[0x02ba610c]]: cellGcmSys warning: cellGcmSetDisplayBuffer(id=0x0,offset=0x10000,pitch=7,width=720,height=480)
[W : PPU[1] Thread (CPUThread)[0x02ba610c]]: cellGcmSys warning: cellGcmSetDisplayBuffer(id=0x1,offset=0x268000,pitch=7,width=720,height=480)
[E : PPU[1] Thread (CPUThread)[0x02bb01c0]]: TODO: _cellSpursTasksetAttribute2Initialize
[E : PPU[1] Thread (CPUThread)[0x02bb00a0]]: TODO: cellSpursCreateTaskset2
[E : PPU[1] Thread (CPUThread)[0x02bb001c]]: TODO: _cellSpursLFQueueInitialize
[E : PPU[1] Thread (CPUThread)[0x02bb0040]]: TODO: cellSpursLFQueueAttachLv2EventQueue
[E : PPU[1] Thread (CPUThread)[0x02bb00d0]]: TODO: _cellSpursEventFlagInitialize
[E : PPU[1] Thread (CPUThread)[0x02bb0118]]: TODO: cellSpursEventFlagAttachLv2EventQueue
[E : PPU[1] Thread (CPUThread)[0x02bb0088]]: TODO: _cellSpursJobChainAttributeInitialize
[E : PPU[1] Thread (CPUThread)[0x02bb0064]]: TODO: cellSpursCreateJobChainWithAttribute
[E : PPU[1] Thread (CPUThread)[0x02bb00e8]]: TODO: cellSpursJobGuardInitialize
[E : PPU[1] Thread (CPUThread)[0x02bb00e8]]: TODO: cellSpursJobGuardInitialize
[E : PPU[1] Thread (CPUThread)[0x02bb00e8]]: TODO: cellSpursJobGuardInitialize
[E : PPU[1] Thread (CPUThread)[0x02bb0208]]: TODO: cellSpursRunJobChain
[W : PPU[1] Thread (CPUThread)[0x02ba6058]]: cellGcmSys warning: cellGcmGetTiledPitchSize(size=5120)
[W : PPU[1] Thread (CPUThread)[0x02ba6058]]: cellGcmSys warning: cellGcmGetTiledPitchSize(size=5120)
[W : PPU[1] Thread (CPUThread)[0x02ba6058]]: cellGcmSys warning: cellGcmGetTiledPitchSize(size=10240)
[W : PPU[1] Thread (CPUThread)[0x02ba6058]]: cellGcmSys warning: cellGcmGetTiledPitchSize(size=10240)
[W : PPU[1] Thread (CPUThread)[0x02ba6058]]: cellGcmSys warning: cellGcmGetTiledPitchSize(size=1280)
[W : PPU[1] Thread (CPUThread)[0x02ba6058]]: cellGcmSys warning: cellGcmGetTiledPitchSize(size=1280)
[W : PPU[1] Thread (CPUThread)[0x02ba6058]]: cellGcmSys warning: cellGcmGetTiledPitchSize(size=2560)
[W : PPU[1] Thread (CPUThread)[0x02ba6058]]: cellGcmSys warning: cellGcmGetTiledPitchSize(size=1280)
[W : PPU[1] Thread (CPUThread)[0x02ba6058]]: cellGcmSys warning: cellGcmGetTiledPitchSize(size=512)
[W : PPU[1] Thread (CPUThread)[0x02ba6058]]: cellGcmSys warning: cellGcmGetTiledPitchSize(size=512)
[W : PPU[1] Thread (CPUThread)[0x02ba6058]]: cellGcmSys warning: cellGcmGetTiledPitchSize(size=512)
[W : PPU[1] Thread (CPUThread)[0x02ba6058]]: cellGcmSys warning: cellGcmGetTiledPitchSize(size=96)
[W : PPU[1] Thread (CPUThread)[0x02ba6058]]: cellGcmSys warning: cellGcmGetTiledPitchSize(size=96)
[W : PPU[1] Thread (CPUThread)[0x02ba6058]]: cellGcmSys warning: cellGcmGetTiledPitchSize(size=192)
[W : PPU[1] Thread (CPUThread)[0x02ba6058]]: cellGcmSys warning: cellGcmGetTiledPitchSize(size=1280)
[W : PPU[1] Thread (CPUThread)[0x02ba6058]]: cellGcmSys warning: cellGcmGetTiledPitchSize(size=1280)
[W : PPU[1] Thread (CPUThread)[0x02ba6058]]: cellGcmSys warning: cellGcmGetTiledPitchSize(size=1280)
[W : PPU[1] Thread (CPUThread)[0x02ba6058]]: cellGcmSys warning: cellGcmGetTiledPitchSize(size=256)
[W : PPU[1] Thread (CPUThread)[0x02ba6058]]: cellGcmSys warning: cellGcmGetTiledPitchSize(size=2560)
[W : PPU[1] Thread (CPUThread)[0x02ba6058]]: cellGcmSys warning: cellGcmGetTiledPitchSize(size=2560)
[W : PPU[1] Thread (CPUThread)[0x02ba6058]]: cellGcmSys warning: cellGcmGetTiledPitchSize(size=5120)
[W : PPU[1] Thread (CPUThread)[0x02ba6058]]: cellGcmSys warning: cellGcmGetTiledPitchSize(size=2560)
[W : PPU[1] Thread (CPUThread)[0x02ba6058]]: cellGcmSys warning: cellGcmGetTiledPitchSize(size=2560)
[W : PPU[1] Thread (CPUThread)[0x02ba6058]]: cellGcmSys warning: cellGcmGetTiledPitchSize(size=2560)
[W : PPU[1] Thread (CPUThread)[0x02ba6058]]: cellGcmSys warning: cellGcmGetTiledPitchSize(size=2560)
[W : PPU[1] Thread (CPUThread)[0x02ba6058]]: cellGcmSys warning: cellGcmGetTiledPitchSize(size=2560)
[W : PPU[1] Thread (CPUThread)[0x02ba6058]]: cellGcmSys warning: cellGcmGetTiledPitchSize(size=2560)
[W : PPU[1] Thread (CPUThread)[0x02ba6058]]: cellGcmSys warning: cellGcmGetTiledPitchSize(size=1024)
[W : PPU[1] Thread (CPUThread)[0x02ba6058]]: cellGcmSys warning: cellGcmGetTiledPitchSize(size=1024)
[W : PPU[1] Thread (CPUThread)[0x02ba6058]]: cellGcmSys warning: cellGcmGetTiledPitchSize(size=1704)
[W : PPU[1] Thread (CPUThread)[0x02ba6058]]: cellGcmSys warning: cellGcmGetTiledPitchSize(size=1704)
[W : PPU[1] Thread (CPUThread)[0x02ba6058]]: cellGcmSys warning: cellGcmGetTiledPitchSize(size=1704)
[W : PPU[1] Thread (CPUThread)[0x02ba6058]]: cellGcmSys warning: cellGcmGetTiledPitchSize(size=1704)
[W : PPU[1] Thread (CPUThread)[0x02ba6058]]: cellGcmSys warning: cellGcmGetTiledPitchSize(size=1704)
[W : PPU[1] Thread (CPUThread)[0x02ba6058]]: cellGcmSys warning: cellGcmGetTiledPitchSize(size=5120)
[W : PPU[1] Thread (CPUThread)[0x02ba6058]]: cellGcmSys warning: cellGcmGetTiledPitchSize(size=2560)
[W : PPU[1] Thread (CPUThread)[0x02ba6058]]: cellGcmSys warning: cellGcmGetTiledPitchSize(size=2560)
[W : PPU[1] Thread (CPUThread)[0x02ba6058]]: cellGcmSys warning: cellGcmGetTiledPitchSize(size=2560)
[W : PPU[1] Thread (CPUThread)[0x02ba6058]]: cellGcmSys warning: cellGcmGetTiledPitchSize(size=5120)
[W : PPU[1] Thread (CPUThread)[0x02ba6058]]: cellGcmSys warning: cellGcmGetTiledPitchSize(size=2560)
[W : PPU[1] Thread (CPUThread)[0x02ba6058]]: cellGcmSys warning: cellGcmGetTiledPitchSize(size=2048)
[W : PPU[1] Thread (CPUThread)[0x02ba6058]]: cellGcmSys warning: cellGcmGetTiledPitchSize(size=2560)
[W : PPU[1] Thread (CPUThread)[0x02ba6058]]: cellGcmSys warning: cellGcmGetTiledPitchSize(size=1024)
[W : PPU[1] Thread (CPUThread)[0x02ba6058]]: cellGcmSys warning: cellGcmGetTiledPitchSize(size=1024)
[W : PPU[1] Thread (CPUThread)[0x02ba6058]]: cellGcmSys warning: cellGcmGetTiledPitchSize(size=1024)
[W : PPU[1] Thread (CPUThread)[0x02ba6058]]: cellGcmSys warning: cellGcmGetTiledPitchSize(size=1024)
[W : PPU[1] Thread (CPUThread)[0x02ba6058]]: cellGcmSys warning: cellGcmGetTiledPitchSize(size=1024)
[W : PPU[1] Thread (CPUThread)[0x02ba6058]]: cellGcmSys warning: cellGcmGetTiledPitchSize(size=1024)
[W : PPU[1] Thread (CPUThread)[0x02ba6058]]: cellGcmSys warning: cellGcmGetTiledPitchSize(size=2048)
[W : PPU[1] Thread (CPUThread)[0x02ba6058]]: cellGcmSys warning: cellGcmGetTiledPitchSize(size=1024)
[W : PPU[1] Thread (CPUThread)[0x02ba6058]]: cellGcmSys warning: cellGcmGetTiledPitchSize(size=2048)
[W : PPU[1] Thread (CPUThread)[0x02ba6058]]: cellGcmSys warning: cellGcmGetTiledPitchSize(size=2048)
[W : PPU[1] Thread (CPUThread)[0x02ba6058]]: cellGcmSys warning: cellGcmGetTiledPitchSize(size=5120)
[W : PPU[1] Thread (CPUThread)[0x02ba6058]]: cellGcmSys warning: cellGcmGetTiledPitchSize(size=5120)
[W : PPU[1] Thread (CPUThread)[0x02ba6058]]: cellGcmSys warning: cellGcmGetTiledPitchSize(size=5120)
[W : PPU[1] Thread (CPUThread)[0x02ba6148]]: cellGcmSys warning: cellGcmSetTileInfo(index=1, location=0, offset=26279936, size=7536640, pitch=10240, comp=7, base=0, bank=0)
[E : PPU[1] Thread (CPUThread)[0x02ba6148]]: cellGcmSys error: cellGcmSetTileInfo: bad comp! (7)
[W : PPU[1] Thread (CPUThread)[0x02ba60ac]]: cellGcmSys warning: cellGcmBindTile(index=1)
[W : PPU[1] Thread (CPUThread)[0x02ba6148]]: cellGcmSys warning: cellGcmSetTileInfo(index=2, location=0, offset=33882112, size=7536640, pitch=10240, comp=11, base=115, bank=2)
[E : PPU[1] Thread (CPUThread)[0x02ba6148]]: cellGcmSys error: cellGcmSetTileInfo: bad comp! (11)
[W : PPU[1] Thread (CPUThread)[0x02ba60ac]]: cellGcmSys warning: cellGcmBindTile(index=2)
[W : PPU[1] Thread (CPUThread)[0x02ba6148]]: cellGcmSys warning: cellGcmSetTileInfo(index=3, location=0, offset=41484288, size=14745600, pitch=5120, comp=0, base=0, bank=0)
[W : PPU[1] Thread (CPUThread)[0x02ba60ac]]: cellGcmSys warning: cellGcmBindTile(index=3)
[W : PPU[1] Thread (CPUThread)[0x02ba6148]]: cellGcmSys warning: cellGcmSetTileInfo(index=4, location=0, offset=56295424, size=3801088, pitch=5120, comp=9, base=0, bank=2)
[E : PPU[1] Thread (CPUThread)[0x02ba6148]]: cellGcmSys error: cellGcmSetTileInfo: bad comp! (9)
[W : PPU[1] Thread (CPUThread)[0x02ba60ac]]: cellGcmSys warning: cellGcmBindTile(index=4)
[W : PPU[1] Thread (CPUThread)[0x02ba6148]]: cellGcmSys warning: cellGcmSetTileInfo(index=5, location=0, offset=60162048, size=3735552, pitch=2560, comp=0, base=0, bank=0)
[W : PPU[1] Thread (CPUThread)[0x02ba60ac]]: cellGcmSys warning: cellGcmBindTile(index=5)
[W : PPU[1] Thread (CPUThread)[0x02ba6148]]: cellGcmSys warning: cellGcmSetTileInfo(index=6, location=0, offset=63963136, size=3145728, pitch=2048, comp=0, base=0, bank=0)
[W : PPU[1] Thread (CPUThread)[0x02ba60ac]]: cellGcmSys warning: cellGcmBindTile(index=6)
[W : PPU[1] Thread (CPUThread)[0x02ba6148]]: cellGcmSys warning: cellGcmSetTileInfo(index=7, location=0, offset=67174400, size=131072, pitch=1280, comp=0, base=0, bank=0)
[W : PPU[1] Thread (CPUThread)[0x02ba60ac]]: cellGcmSys warning: cellGcmBindTile(index=7)
[W : PPU[1] Thread (CPUThread)[0x02ba6148]]: cellGcmSys warning: cellGcmSetTileInfo(index=8, location=0, offset=67371008, size=524288, pitch=1024, comp=0, base=0, bank=0)
[W : PPU[1] Thread (CPUThread)[0x02ba60ac]]: cellGcmSys warning: cellGcmBindTile(index=8)
[W : PPU[1] Thread (CPUThread)[0x02ba6148]]: cellGcmSys warning: cellGcmSetTileInfo(index=9, location=0, offset=67960832, size=196608, pitch=512, comp=0, base=0, bank=0)
[W : PPU[1] Thread (CPUThread)[0x02ba60ac]]: cellGcmSys warning: cellGcmBindTile(index=9)
[W : PPU[1] Thread (CPUThread)[0x02ba6148]]: cellGcmSys warning: cellGcmSetTileInfo(index=10, location=0, offset=68222976, size=196608, pitch=256, comp=0, base=0, bank=0)
[W : PPU[1] Thread (CPUThread)[0x02ba60ac]]: cellGcmSys warning: cellGcmBindTile(index=10)
[W : PPU[1] Thread (CPUThread)[0x02ba6148]]: cellGcmSys warning: cellGcmSetTileInfo(index=11, location=1, offset=6684672, size=65536, pitch=192, comp=0, base=0, bank=0)
[W : PPU[1] Thread (CPUThread)[0x02ba60ac]]: cellGcmSys warning: cellGcmBindTile(index=11)
[W : PPU[1] Thread (CPUThread)[0x02ba6148]]: cellGcmSys warning: cellGcmSetTileInfo(index=12, location=0, offset=68485120, size=262144, pitch=1280, comp=9, base=0, bank=2)
[E : PPU[1] Thread (CPUThread)[0x02ba6148]]: cellGcmSys error: cellGcmSetTileInfo: bad comp! (9)
[W : PPU[1] Thread (CPUThread)[0x02ba60ac]]: cellGcmSys warning: cellGcmBindTile(index=12)
[W : PPU[1] Thread (CPUThread)[0x02ba6148]]: cellGcmSys warning: cellGcmSetTileInfo(index=13, location=0, offset=68812800, size=262144, pitch=1024, comp=9, base=0, bank=2)
[E : PPU[1] Thread (CPUThread)[0x02ba6148]]: cellGcmSys error: cellGcmSetTileInfo: bad comp! (9)
[W : PPU[1] Thread (CPUThread)[0x02ba60ac]]: cellGcmSys warning: cellGcmBindTile(index=13)
[W : PPU[1] Thread (CPUThread)[0x02ba6148]]: cellGcmSys warning: cellGcmSetTileInfo(index=14, location=1, offset=6815744, size=65536, pitch=96, comp=0, base=0, bank=0)
[W : PPU[1] Thread (CPUThread)[0x02ba60ac]]: cellGcmSys warning: cellGcmBindTile(index=14)
[W : PPU[1] Thread (CPUThread)[0x02ba60f4]]: cellGcmSys warning: TODO: cellGcmBindZcull(index=0)
[W : PPU[1] Thread (CPUThread)[0x02ba60f4]]: cellGcmSys warning: TODO: cellGcmBindZcull(index=1)
[W : PPU[1] Thread (CPUThread)[0x02ba60f4]]: cellGcmSys warning: TODO: cellGcmBindZcull(index=3)
[W : PPU[1] Thread (CPUThread)[0x02ba60f4]]: cellGcmSys warning: TODO: cellGcmBindZcull(index=4)
[W : PPU[1] Thread (CPUThread)[0x02ba60f4]]: cellGcmSys warning: TODO: cellGcmBindZcull(index=2)
[W : PPU[33] Thread[0x02bb6070]]: cellGame warning: cellGameBootCheck(type_addr=0x2683eb4, attributes_addr=0x2683eb8, size_addr=0x2684828, dirName_addr=0x2684840)
[W : PPU[33] Thread[0x02bb601c]]: cellGame warning: cellGameGetParamString(id=0, buf_addr=0x2683ec0, bufsize=128)
[W : PPU[33] Thread[0x02bb601c]]: cellGame warning: cellGameGetParamString(id=1, buf_addr=0x2683f44, bufsize=128)
[W : PPU[33] Thread[0x02bb601c]]: cellGame warning: cellGameGetParamString(id=2, buf_addr=0x2683fc8, bufsize=128)
[W : PPU[33] Thread[0x02bb601c]]: cellGame warning: cellGameGetParamString(id=3, buf_addr=0x268404c, bufsize=128)
[W : PPU[33] Thread[0x02bb601c]]: cellGame warning: cellGameGetParamString(id=4, buf_addr=0x26840d0, bufsize=128)
[W : PPU[33] Thread[0x02bb601c]]: cellGame warning: cellGameGetParamString(id=5, buf_addr=0x2684154, bufsize=128)
[W : PPU[33] Thread[0x02bb601c]]: cellGame warning: cellGameGetParamString(id=6, buf_addr=0x26841d8, bufsize=128)
[W : PPU[33] Thread[0x02bb601c]]: cellGame warning: cellGameGetParamString(id=7, buf_addr=0x268425c, bufsize=128)
[W : PPU[33] Thread[0x02bb601c]]: cellGame warning: cellGameGetParamString(id=8, buf_addr=0x26842e0, bufsize=128)
[W : PPU[33] Thread[0x02bb601c]]: cellGame warning: cellGameGetParamString(id=9, buf_addr=0x2684364, bufsize=128)
[W : PPU[33] Thread[0x02bb601c]]: cellGame warning: cellGameGetParamString(id=10, buf_addr=0x26843e8, bufsize=128)
[W : PPU[33] Thread[0x02bb601c]]: cellGame warning: cellGameGetParamString(id=11, buf_addr=0x268446c, bufsize=128)
[W : PPU[33] Thread[0x02bb601c]]: cellGame warning: cellGameGetParamString(id=12, buf_addr=0x26844f0, bufsize=128)
[W : PPU[33] Thread[0x02bb601c]]: cellGame warning: cellGameGetParamString(id=13, buf_addr=0x2684574, bufsize=128)
[W : PPU[33] Thread[0x02bb601c]]: cellGame warning: cellGameGetParamString(id=14, buf_addr=0x26845f8, bufsize=128)
[W : PPU[33] Thread[0x02bb601c]]: cellGame warning: cellGameGetParamString(id=15, buf_addr=0x268467c, bufsize=128)
[W : PPU[33] Thread[0x02bb601c]]: cellGame warning: cellGameGetParamString(id=16, buf_addr=0x2684700, bufsize=128)
[W : PPU[33] Thread[0x02bb601c]]: cellGame warning: cellGameGetParamString(id=17, buf_addr=0x2684784, bufsize=128)
[W : PPU[33] Thread[0x02bb601c]]: cellGame warning: cellGameGetParamString(id=100, buf_addr=0x2684808, bufsize=10)
[W : PPU[33] Thread[0x02bb601c]]: cellGame warning: cellGameGetParamString(id=101, buf_addr=0x2684818, bufsize=6)
[W : PPU[33] Thread[0x02bb6040]]: cellGame warning: cellGameGetParamInt(id=102, value_addr=0x2684824)
[W : PPU[33] Thread[0x02bb6004]]: cellGame warning: cellGameContentPermit(contentInfoPath_addr=0x18672e4, usrdirPath_addr=0x1867364)
[E : PPU[34] Thread[0x02bb6010]]: cellGame error: Unimplemented function: cellGameDataCheck
[W : PPU[34] Thread[0x02bb601c]]: cellGame warning: cellGameGetParamString(id=0, buf_addr=0x2683ec0, bufsize=128)
[W : PPU[34] Thread[0x02bb601c]]: cellGame warning: cellGameGetParamString(id=1, buf_addr=0x2683f44, bufsize=128)
[W : PPU[34] Thread[0x02bb601c]]: cellGame warning: cellGameGetParamString(id=2, buf_addr=0x2683fc8, bufsize=128)
[W : PPU[34] Thread[0x02bb601c]]: cellGame warning: cellGameGetParamString(id=3, buf_addr=0x268404c, bufsize=128)
[W : PPU[34] Thread[0x02bb601c]]: cellGame warning: cellGameGetParamString(id=4, buf_addr=0x26840d0, bufsize=128)
[W : PPU[34] Thread[0x02bb601c]]: cellGame warning: cellGameGetParamString(id=5, buf_addr=0x2684154, bufsize=128)
[W : PPU[34] Thread[0x02bb601c]]: cellGame warning: cellGameGetParamString(id=6, buf_addr=0x26841d8, bufsize=128)
[W : PPU[34] Thread[0x02bb601c]]: cellGame warning: cellGameGetParamString(id=7, buf_addr=0x268425c, bufsize=128)
[W : PPU[34] Thread[0x02bb601c]]: cellGame warning: cellGameGetParamString(id=8, buf_addr=0x26842e0, bufsize=128)
[W : PPU[34] Thread[0x02bb601c]]: cellGame warning: cellGameGetParamString(id=9, buf_addr=0x2684364, bufsize=128)
[W : PPU[34] Thread[0x02bb601c]]: cellGame warning: cellGameGetParamString(id=10, buf_addr=0x26843e8, bufsize=128)
[W : PPU[34] Thread[0x02bb601c]]: cellGame warning: cellGameGetParamString(id=11, buf_addr=0x268446c, bufsize=128)
[W : PPU[34] Thread[0x02bb601c]]: cellGame warning: cellGameGetParamString(id=12, buf_addr=0x26844f0, bufsize=128)
[W : PPU[34] Thread[0x02bb601c]]: cellGame warning: cellGameGetParamString(id=13, buf_addr=0x2684574, bufsize=128)
[W : PPU[34] Thread[0x02bb601c]]: cellGame warning: cellGameGetParamString(id=14, buf_addr=0x26845f8, bufsize=128)
[W : PPU[34] Thread[0x02bb601c]]: cellGame warning: cellGameGetParamString(id=15, buf_addr=0x268467c, bufsize=128)
[W : PPU[34] Thread[0x02bb601c]]: cellGame warning: cellGameGetParamString(id=16, buf_addr=0x2684700, bufsize=128)
[W : PPU[34] Thread[0x02bb601c]]: cellGame warning: cellGameGetParamString(id=17, buf_addr=0x2684784, bufsize=128)
[W : PPU[34] Thread[0x02bb601c]]: cellGame warning: cellGameGetParamString(id=100, buf_addr=0x2684808, bufsize=10)
[W : PPU[34] Thread[0x02bb601c]]: cellGame warning: cellGameGetParamString(id=101, buf_addr=0x2684818, bufsize=6)
[W : PPU[34] Thread[0x02bb6040]]: cellGame warning: cellGameGetParamInt(id=102, value_addr=0x2684824)
[W : PPU[34] Thread[0x02bb6004]]: cellGame warning: cellGameContentPermit(contentInfoPath_addr=0xd0050ce0, usrdirPath_addr=0xd0050d60)
[E : PPU[35] Thread[0x02bb6010]]: cellGame error: Unimplemented function: cellGameDataCheck
[W : PPU[35] Thread[0x02bb601c]]: cellGame warning: cellGameGetParamString(id=0, buf_addr=0x2683ec0, bufsize=128)
[W : PPU[35] Thread[0x02bb601c]]: cellGame warning: cellGameGetParamString(id=1, buf_addr=0x2683f44, bufsize=128)
[W : PPU[35] Thread[0x02bb601c]]: cellGame warning: cellGameGetParamString(id=2, buf_addr=0x2683fc8, bufsize=128)
[W : PPU[35] Thread[0x02bb601c]]: cellGame warning: cellGameGetParamString(id=3, buf_addr=0x268404c, bufsize=128)
[W : PPU[35] Thread[0x02bb601c]]: cellGame warning: cellGameGetParamString(id=4, buf_addr=0x26840d0, bufsize=128)
[W : PPU[35] Thread[0x02bb601c]]: cellGame warning: cellGameGetParamString(id=5, buf_addr=0x2684154, bufsize=128)
[W : PPU[35] Thread[0x02bb601c]]: cellGame warning: cellGameGetParamString(id=6, buf_addr=0x26841d8, bufsize=128)
[W : PPU[35] Thread[0x02bb601c]]: cellGame warning: cellGameGetParamString(id=7, buf_addr=0x268425c, bufsize=128)
[W : PPU[35] Thread[0x02bb601c]]: cellGame warning: cellGameGetParamString(id=8, buf_addr=0x26842e0, bufsize=128)
[W : PPU[35] Thread[0x02bb601c]]: cellGame warning: cellGameGetParamString(id=9, buf_addr=0x2684364, bufsize=128)
[W : PPU[35] Thread[0x02bb601c]]: cellGame warning: cellGameGetParamString(id=10, buf_addr=0x26843e8, bufsize=128)
[W : PPU[35] Thread[0x02bb601c]]: cellGame warning: cellGameGetParamString(id=11, buf_addr=0x268446c, bufsize=128)
[W : PPU[35] Thread[0x02bb601c]]: cellGame warning: cellGameGetParamString(id=12, buf_addr=0x26844f0, bufsize=128)
[W : PPU[35] Thread[0x02bb601c]]: cellGame warning: cellGameGetParamString(id=13, buf_addr=0x2684574, bufsize=128)
[W : PPU[35] Thread[0x02bb601c]]: cellGame warning: cellGameGetParamString(id=14, buf_addr=0x26845f8, bufsize=128)
[W : PPU[35] Thread[0x02bb601c]]: cellGame warning: cellGameGetParamString(id=15, buf_addr=0x268467c, bufsize=128)
[W : PPU[35] Thread[0x02bb601c]]: cellGame warning: cellGameGetParamString(id=16, buf_addr=0x2684700, bufsize=128)
[W : PPU[35] Thread[0x02bb601c]]: cellGame warning: cellGameGetParamString(id=17, buf_addr=0x2684784, bufsize=128)
[W : PPU[35] Thread[0x02bb601c]]: cellGame warning: cellGameGetParamString(id=100, buf_addr=0x2684808, bufsize=10)
[W : PPU[35] Thread[0x02bb601c]]: cellGame warning: cellGameGetParamString(id=101, buf_addr=0x2684818, bufsize=6)
[W : PPU[35] Thread[0x02bb6040]]: cellGame warning: cellGameGetParamInt(id=102, value_addr=0x2684824)
[W : PPU[35] Thread[0x02bb6004]]: cellGame warning: cellGameContentPermit(contentInfoPath_addr=0xd0060ce0, usrdirPath_addr=0xd0060d60)
[E : PPU[36] Thread[0x02bb6010]]: cellGame error: Unimplemented function: cellGameDataCheck
[W : PPU[36] Thread[0x02bb6004]]: cellGame warning: cellGameContentPermit(contentInfoPath_addr=0x18674e4, usrdirPath_addr=0x1867564)
