[!]: path: /dev_hdd0/game/
[!]: Loading 'D:\Emulateurs\Rpcs3\dev_hdd0\game\BLJS10258-[J-Stars Victory VS]/PS3_GAME/USRDIR/BOOT.BIN'...
[!]: Mount info:
[!]: /dev_hdd0/ -> D:\Emulateurs\Rpcs3\dev_hdd0\
[!]: /dev_hdd1/ -> D:\Emulateurs\Rpcs3\dev_hdd1\
[!]: /dev_flash/ -> D:\Emulateurs\Rpcs3\dev_flash\
[!]: /dev_usb000/ -> D:\Emulateurs\Rpcs3\dev_usb000\
[!]: /dev_usb/ -> D:\Emulateurs\Rpcs3\dev_usb000\
[!]: /app_home/ -> D:\Emulateurs\Rpcs3\dev_hdd0\game\BLJS10258-[J-Stars Victory VS]/PS3_GAME/
[!]: /dev_bdvd/ -> D:\Emulateurs\Rpcs3\dev_hdd0\game\BLJS10258-[J-Stars Victory VS]/PS3_GAME/\..\
[!]: /host_root/ -> 
[!]: / -> D:\Emulateurs\Rpcs3\dev_hdd0\game\BLJS10258-[J-Stars Victory VS]/PS3_GAME/\USRDIR\
[!]: Initing memory...
[!]: Memory initialized.
[W]: Unknown function 0x99d397ac in 'cellGcmSys' module
[E]: TODO: cellGcmGetReport
[W]: Unknown function 0xffe0160e in 'cellGcmSys' module
[E]: TODO: cellGcmSetVBlankFrequency
[W]: Unknown function 0x22aab31d in 'cellSpurs' module
[E]: TODO: cellSpursEventFlagDetachLv2EventQueue
[W]: Unknown function 0x303c19cd in 'cellSpurs' module
[E]: TODO: cellSpursCreateJobChainWithAttribute
[W]: Unknown function 0x3548f483 in 'cellSpurs' module
[E]: TODO: _cellSpursJobChainAttributeInitialize
[W]: Unknown function 0x373523d4 in 'cellSpurs' module
[E]: TODO: cellSpursEventFlagWait
[W]: Unknown function 0x5ef96465 in 'cellSpurs' module
[E]: TODO: _cellSpursEventFlagInitialize
[W]: Unknown function 0x68aaeba9 in 'cellSpurs' module
[E]: TODO: cellSpursJobGuardInitialize
[W]: Unknown function 0x6d2d9339 in 'cellSpurs' module
[E]: TODO: cellSpursEventFlagTryWait
[W]: Unknown function 0x738e40e6 in 'cellSpurs' module
[E]: TODO: cellSpursShutdownJobChain
[W]: Unknown function 0x87630976 in 'cellSpurs' module
[E]: TODO: cellSpursEventFlagAttachLv2EventQueue
[W]: Unknown function 0x9fef70c2 in 'cellSpurs' module
[E]: TODO: cellSpursJobChainAttributeSetName
[W]: Unknown function 0xa7c066de in 'cellSpurs' module
[E]: TODO: cellSpursJoinJobChain
[W]: Unknown function 0xd5d0b256 in 'cellSpurs' module
[E]: TODO: cellSpursJobGuardNotify
[W]: Unknown function 0xf31731bb in 'cellSpurs' module
[E]: TODO: cellSpursRunJobChain
[W]: Unknown function 0xaa6269a8 in 'cellSpurs' module
[E]: TODO: cellSpursInitializeWithAttribute
[W]: Unknown function 0x039d70b7 in 'cellSpurs' module
[E]: TODO: cellSpursQueueDetachLv2EventQueue
[W]: Unknown function 0x082bfb09 in 'cellSpurs' module
[E]: TODO: _cellSpursQueueInitialize
[W]: Unknown function 0x13ae18f3 in 'cellSpurs' module
[E]: TODO: cellSpursTaskExitCodeGet
[W]: Unknown function 0x16394a4e in 'cellSpurs' module
[E]: TODO: _cellSpursTasksetAttributeInitialize
[W]: Unknown function 0x1d46fedf in 'cellSpurs' module
[E]: TODO: cellSpursCreateTaskWithAttribute
[W]: Unknown function 0x34552fa6 in 'cellSpurs' module
[E]: TODO: cellSpursTaskExitCodeInitialize
[W]: Unknown function 0x652b70e2 in 'cellSpurs' module
[E]: TODO: cellSpursTasksetAttributeSetName
[W]: Unknown function 0x8f122ef8 in 'cellSpurs' module
[E]: TODO: cellSpursTasksetAttributeSetTasksetSize
[W]: Unknown function 0x91066667 in 'cellSpurs' module
[E]: TODO: cellSpursQueuePopBody
[W]: Unknown function 0x92cff6ed in 'cellSpurs' module
[E]: TODO: cellSpursQueuePushBody
[W]: Unknown function 0x9f72add3 in 'cellSpurs' module
[E]: TODO: cellSpursJoinTaskset
[W]: Unknown function 0xa121a224 in 'cellSpurs' module
[E]: TODO: cellSpursTaskAttributeSetExitCodeContainer
[W]: Unknown function 0xa789e631 in 'cellSpurs' module
[E]: TODO: cellSpursShutdownTaskset
[W]: Unknown function 0xb8474eff in 'cellSpurs' module
[E]: TODO: _cellSpursTaskAttributeInitialize
[W]: Unknown function 0xc10931cb in 'cellSpurs' module
[E]: TODO: cellSpursCreateTasksetWithAttribute
[W]: Unknown function 0xe5443be7 in 'cellSpurs' module
[E]: TODO: cellSpursQueueAttachLv2EventQueue
[W]: Unknown function 0x12b1acf0 in 'cellFiber' module
[E]: TODO: cellFiberPpuRunFibers
[W]: Unknown function 0x6c164b3b in 'cellFiber' module
[E]: TODO: cellFiberPpuWaitSignal
[W]: Unknown function 0x7c2f4034 in 'cellFiber' module
[E]: TODO: cellFiberPpuCreateFiber
[W]: Unknown function 0x8afb8356 in 'cellFiber' module
[E]: TODO: cellFiberPpuSendSignal
[W]: Unknown function 0x8b6baa01 in 'cellFiber' module
[E]: TODO: cellFiberPpuFinalizeScheduler
[W]: Unknown function 0xa6004249 in 'cellFiber' module
[E]: TODO: cellFiberPpuJoinFiber
[W]: Unknown function 0xee3b604d in 'cellFiber' module
[E]: TODO: cellFiberPpuInitializeScheduler
[W]: Unknown function 0x55870804 in 'cellFiber' module
[E]: TODO: _cellFiberPpuInitialize
[W]: Unknown function 0x967a162b in 'sys_fs' module
[E]: TODO: cellFsFsync
[W]: Unknown function 0x43ddab4f in 'cellSpursJq' module
[E]: TODO: cellSpursJobQueueAttributeInitialize
[W]: Unknown function 0x8c97a96c in 'cellSpursJq' module
[E]: TODO: cellSpursShutdownJobQueue
[W]: Unknown function 0x8ce4cffa in 'cellSpursJq' module
[E]: TODO: cellSpursJoinJobQueue
[W]: Unknown function 0x983be7fc in 'cellSpursJq' module
[E]: TODO: _cellSpursCreateJobQueueWithJobDescriptorPool
[W]: Unknown function 0xc39173a4 in 'cellSpursJq' module
[E]: TODO: _cellSpursJobQueuePort2CopyPushJobBody
[W]: Unknown function 0xc485d207 in 'cellSpursJq' module
[E]: TODO: cellSpursJobQueuePort2Destroy
[W]: Unknown function 0xcf89f218 in 'cellSpursJq' module
[E]: TODO: _cellSpursJobQueuePort2PushJobBody
[W]: Unknown function 0xf11fe0f1 in 'cellSpursJq' module
[E]: TODO: cellSpursJobQueuePort2Create
[W]: Unknown function 0xfacb3ced in 'cellSpursJq' module
[E]: TODO: cellSpursJobQueuePort2Sync
[W]: Unknown function 0x3929948d in 'cellSync' module
[E]: TODO: cellSyncQueueInitialize
[W]: Unknown function 0x4da349b2 in 'cellSync' module
[E]: TODO: cellSyncQueueSize
[W]: Unknown function 0x4da6d7e0 in 'cellSync' module
[E]: TODO: cellSyncQueuePop
[W]: Unknown function 0xa5362e73 in 'cellSync' module
[E]: TODO: cellSyncQueueClear
[W]: Unknown function 0x1dfbfdd6 in 'cellSysutil' module
[E]: TODO: cellSaveDataListLoad2
[W]: Unknown function 0x20543730 in 'cellSysutil' module
[E]: TODO: cellMsgDialogClose
[W]: Unknown function 0x21425307 in 'cellSysutil' module
[E]: TODO: cellSaveDataListAutoLoad
[W]: Unknown function 0x2a8eada2 in 'cellSysutil' module
[E]: TODO: cellSaveDataFixedLoad2
[W]: Unknown function 0x2aae9ef5 in 'cellSysutil' module
[E]: TODO: cellSaveDataFixedSave2
[W]: Unknown function 0x2de0d663 in 'cellSysutil' module
[E]: TODO: cellSaveDataListSave2
[W]: Unknown function 0x35beade0 in 'cellSysutil' module
[E]: TODO: cellOskDialogGetSize
[W]: Unknown function 0x3d1e1931 in 'cellSysutil' module
[E]: TODO: cellOskDialogUnloadAsync
[W]: Unknown function 0x4dd03a4e in 'cellSysutil' module
[E]: TODO: cellSaveDataListAutoSave
[W]: Unknown function 0x7f21c918 in 'cellSysutil' module
[E]: TODO: cellOskDialogAddSupportLanguage
[W]: Unknown function 0x7fcfc915 in 'cellSysutil' module
[E]: TODO: cellOskDialogLoadAsync
[W]: Unknown function 0x8b7ed64b in 'cellSysutil' module
[E]: TODO: cellSaveDataAutoSave2
[W]: Unknown function 0x94862702 in 'cellSysutil' module
[E]: TODO: cellMsgDialogProgressBarInc
[W]: Unknown function 0xb53c54fa in 'cellSysutil' module
[E]: TODO: cellOskDialogSetKeyLayoutOption
[W]: Unknown function 0xc427890c in 'cellSysutil' module
[E]: TODO: cellOskDialogSetInitialKeyLayout
[W]: Unknown function 0xced17573 in 'cellSysutil' module
[E]: TODO: cellSaveDataFixedDelete
[W]: Unknown function 0xe7fa820b in 'cellSysutil' module
[E]: TODO: cellSaveDataEnableOverlay
[W]: Unknown function 0xedadd797 in 'cellSysutil' module
[E]: TODO: cellSaveDataDelete2
[W]: Unknown function 0xf0ec3ccc in 'cellSysutil' module
[E]: TODO: cellOskDialogSetLayoutMode
[W]: Unknown function 0xfbd5c856 in 'cellSysutil' module
[E]: TODO: cellSaveDataAutoLoad2
[W]: Unknown function 0x220894e3 in 'cellSysutil' module
[E]: TODO: cellSysutilEnableBgmPlayback
[W]: Unknown function 0x6cfd856f in 'cellSysutil' module
[E]: TODO: cellSysutilGetBgmPlaybackStatus2
[W]: Unknown function 0xcfdd8e87 in 'cellSysutil' module
[E]: TODO: cellSysutilDisableBgmPlayback
[W]: Unknown function 0x28724522 in 'cellL10n' module
[E]: TODO: UTF8toUCS2
[W]: Unknown function 0x596df41c in 'cellL10n' module
[E]: TODO: UCS2toSJIS
[W]: Unknown function 0x6122e000 in 'cellL10n' module
[E]: TODO: SJIStoUTF8
[W]: Unknown function 0xa9a76fb8 in 'cellL10n' module
[E]: TODO: UCS2toUTF8
[W]: Unknown function 0xbdd44ee3 in 'cellL10n' module
[E]: TODO: SJIStoUCS2
[W]: Unknown function 0xeb3dc670 in 'cellL10n' module
[E]: TODO: UTF8toSJIS
[W]: Unknown function 0x06ddb53e in 'cellAtrac' module
[E]: TODO: cellAtracSetSecondBuffer
[W]: Unknown function 0x2642d4cc in 'cellAtrac' module
[E]: TODO: cellAtracCreateDecoderExt
[W]: Unknown function 0x2bfff084 in 'cellAtrac' module
[E]: TODO: cellAtracGetStreamDataInfo
[W]: Unknown function 0x46cfc013 in 'cellAtrac' module
[E]: TODO: cellAtracAddStreamData
[W]: Unknown function 0x66afc68e in 'cellAtrac' module
[E]: TODO: cellAtracSetDataAndGetMemSize
[W]: Unknown function 0x761cb9be in 'cellAtrac' module
[E]: TODO: cellAtracDeleteDecoder
[W]: Unknown function 0x7772eb2b in 'cellAtrac' module
[E]: TODO: cellAtracResetPlayPosition
[W]: Unknown function 0x78ba5c41 in 'cellAtrac' module
[E]: TODO: cellAtracSetLoopNum
[W]: Unknown function 0x8eb0e65f in 'cellAtrac' module
[E]: TODO: cellAtracDecode
[W]: Unknown function 0x99efe171 in 'cellAtrac' module
[E]: TODO: cellAtracIsSecondBufferNeeded
[W]: Unknown function 0x99fb73d1 in 'cellAtrac' module
[E]: TODO: cellAtracGetBufferInfoForResetting
[W]: Unknown function 0xab6b6dbf in 'cellAtrac' module
[E]: TODO: cellAtracGetLoopInfo
[W]: Unknown function 0xb5c11938 in 'cellAtrac' module
[E]: TODO: cellAtracGetInternalErrorInfo
[W]: Unknown function 0xbe07f05e in 'cellAtrac' module
[E]: TODO: cellAtracGetSecondBufferInfo
[W]: Unknown module 'cellSearchUtility'
[W]: Unknown module 'cellMusicUtility'
[W]: Unknown function 0x01fbbc9b in 'sceNp' module
[E]: TODO: sceNpBasicSendMessageGui
[W]: Unknown function 0x04372385 in 'sceNp' module
[E]: TODO: sceNpBasicGetFriendListEntry
[W]: Unknown function 0x155de760 in 'sceNp' module
[E]: TODO: sceNpSignalingGetConnectionInfo
[W]: Unknown function 0x21206642 in 'sceNp' module
[E]: TODO: sceNpScoreGetRankingByRangeAsync
[W]: Unknown function 0x259113b8 in 'sceNp' module
[E]: TODO: sceNpScoreDestroyTitleCtx
[W]: Unknown function 0x29dd45dc in 'sceNp' module
[E]: TODO: sceNpScoreSetTimeout
[W]: Unknown function 0x32cf311f in 'sceNp' module
[E]: TODO: sceNpScoreInit
[W]: Unknown function 0x3db7914d in 'sceNp' module
[E]: TODO: sceNpScoreGetRankingByNpIdAsync
[W]: Unknown function 0x4026eac5 in 'sceNp' module
[E]: TODO: sceNpBasicRegisterContextSensitiveHandler
[W]: Unknown function 0x50b86d94 in 'sceNp' module
[E]: TODO: sceNpSignalingAddExtendedHandler
[W]: Unknown function 0x60897c38 in 'sceNp' module
[E]: TODO: sceNpSignalingActivateConnection
[W]: Unknown function 0x6356082e in 'sceNp' module
[E]: TODO: sceNpSignalingCreateCtx
[W]: Unknown function 0x64a704cc in 'sceNp' module
[E]: TODO: sceNpBasicRecvMessageAttachmentLoad
[W]: Unknown function 0x6ee62ed2 in 'sceNp' module
[E]: TODO: sceNpManagerGetContentRatingFlag
[W]: Unknown function 0x6f5e8143 in 'sceNp' module
[E]: TODO: sceNpScoreCreateTransactionCtx
[W]: Unknown function 0x73931bd0 in 'sceNp' module
[E]: TODO: sceNpBasicGetBlockListEntryCount
[W]: Unknown function 0x806960ab in 'sceNp' module
[E]: TODO: sceNpBasicRecvMessageCustom
[W]: Unknown function 0x9851f805 in 'sceNp' module
[E]: TODO: sceNpScoreTerm
[W]: Unknown function 0xa7a090e5 in 'sceNp' module
[E]: TODO: sceNpScorePollAsync
[W]: Unknown function 0xa8afa7d4 in 'sceNp' module
[E]: TODO: sceNpBasicGetCustomInvitationEntryCount
[W]: Unknown function 0xa8cf8451 in 'sceNp' module
[E]: TODO: sceNpSignalingDestroyCtx
[W]: Unknown function 0xafef640d in 'sceNp' module
[E]: TODO: sceNpBasicGetFriendListEntryCount
[W]: Unknown function 0xb1e0718b in 'sceNp' module
[E]: TODO: sceNpManagerGetAccountRegion
[W]: Unknown function 0xb9f93bbb in 'sceNp' module
[E]: TODO: sceNpScoreCreateTitleCtx
[W]: Unknown function 0xbcdbb2ab in 'sceNp' module
[E]: TODO: sceNpBasicAddPlayersHistoryAsync
[W]: Unknown function 0xbdc07fd5 in 'sceNp' module
[E]: TODO: sceNpManagerGetNetworkTime
[W]: Unknown function 0xc5f4cf82 in 'sceNp' module
[E]: TODO: sceNpScoreDestroyTransactionCtx
[W]: Unknown function 0xca0a2d04 in 'sceNp' module
[E]: TODO: sceNpSignalingGetConnectionStatus
[W]: Unknown function 0xceeebc7a in 'sceNp' module
[E]: TODO: sceNpProfileCallGui
[W]: Unknown function 0xd208f91d in 'sceNp' module
[E]: TODO: sceNpUtilCmpNpId
[W]: Unknown function 0xe035f7d6 in 'sceNp' module
[E]: TODO: sceNpBasicGetEvent
[W]: Unknown function 0xe7dcd3b4 in 'sceNp' module
[E]: TODO: sceNpManagerRegisterCallback
[W]: Unknown function 0xeb7a3d84 in 'sceNp' module
[E]: TODO: sceNpManagerGetChatRestrictionFlag
[W]: Unknown function 0xee5b20d9 in 'sceNp' module
[E]: TODO: sceNpScoreAbortTransaction
[W]: Unknown function 0xf0b1e399 in 'sceNp' module
[E]: TODO: sceNpScoreRecordScoreAsync
[W]: Unknown function 0xf2b3338a in 'sceNp' module
[E]: TODO: sceNpBasicGetBlockListEntry
[W]: Unknown function 0xfd0eb5ae in 'sceNp' module
[E]: TODO: sceNpSignalingDeactivateConnection
[W]: Unknown function 0xfe37a7f4 in 'sceNp' module
[E]: TODO: sceNpManagerGetNpId
[W]: Unknown function 0xa9a079e0 in 'sys_net' module
[E]: TODO: inet_aton
[W]: Unknown function 0xdabbc2c0 in 'sys_net' module
[E]: TODO: inet_addr
[W]: Unknown function 0x01379fd7 in 'sceNp2' module
[E]: TODO: sceNpMatching2DestroyContext
[W]: Unknown function 0x05bf2fbd in 'sceNp2' module
[E]: TODO: sceNpMatching2GetWorldInfoList
[W]: Unknown function 0x0d22867f in 'sceNp2' module
[E]: TODO: sceNpMatching2SearchRoom
[W]: Unknown function 0x16b3e5a4 in 'sceNp2' module
[E]: TODO: sceNpMatching2CreateServerContext
[W]: Unknown function 0x1f372697 in 'sceNp2' module
[E]: TODO: sceNpMatching2LeaveRoom
[W]: Unknown function 0x215b0d75 in 'sceNp2' module
[E]: TODO: sceNpMatching2SetRoomDataExternal
[W]: Unknown function 0x2ed909dc in 'sceNp2' module
[E]: TODO: sceNpMatching2AbortRequest
[W]: Unknown function 0x3457c0db in 'sceNp2' module
[E]: TODO: sceNpMatching2GetServerInfo
[W]: Unknown function 0x3c00c9d4 in 'sceNp2' module
[E]: TODO: sceNpMatching2GetEventData
[W]: Unknown function 0x41251f74 in 'sceNp2' module
[E]: TODO: sceNp2Init
[W]: Unknown function 0x430ce063 in 'sceNp2' module
[E]: TODO: sceNpMatching2AbortContextStart
[W]: Unknown function 0x5721e711 in 'sceNp2' module
[E]: TODO: sceNpMatching2JoinRoom
[W]: Unknown function 0x66f19527 in 'sceNp2' module
[E]: TODO: sceNpMatching2KickoutRoomMember
[W]: Unknown function 0x6ba4c668 in 'sceNp2' module
[E]: TODO: sceNpMatching2ContextStartAsync
[W]: Unknown function 0x748029a2 in 'sceNp2' module
[E]: TODO: sceNpMatching2RegisterContextCallback
[W]: Unknown function 0x8d3f8d49 in 'sceNp2' module
[E]: TODO: sceNpMatching2SignalingGetPingInfo
[W]: Unknown function 0x8e5cfe9f in 'sceNp2' module
[E]: TODO: sceNpMatching2GetServerIdListLocal
[W]: Unknown function 0x9cbce3f2 in 'sceNp2' module
[E]: TODO: sceNpMatching2CreateContext
[W]: Unknown function 0xaadb7c12 in 'sceNp2' module
[E]: TODO: sceNp2Term
[W]: Unknown function 0xdcb6b27d in 'sceNp2' module
[E]: TODO: sceNpMatching2RegisterRoomEventCallback
[W]: Unknown function 0xe7a3bc7a in 'sceNp2' module
[E]: TODO: sceNpMatching2CreateJoinRoom
[W]: Unknown function 0xf43c647a in 'sceNp2' module
[E]: TODO: sceNpMatching2ContextStop
[W]: Unknown function 0xf4babd3f in 'sceNp2' module
[E]: TODO: sceNpMatching2Init2
[W]: Unknown module 'cellSysutilAvc2'
[W]: Unknown module 'cellSaveData'
[W]: Unknown module 'cellOskExtUtility'
[W]: Unknown module 'sceNpTus'
[W]: Unknown function 0xdd3b27ac in 'sysPrxForUser' module
[E]: TODO: _sys_spu_printf_finalize
[W : PPU[1] Thread (CPUThread)[0x009bd04c]]: sys_lwmutex warning: *** lwmutex created [_lc_mtx] (attribute=0x12): sq_id = 3
[W : PPU[1] Thread (CPUThread)[0x007008bc]]: memory warning: sys_memory_get_user_memory_size(mem_info_addr=0xd0020c04)
[W : PPU[1] Thread (CPUThread)[0x009bd04c]]: sys_lwmutex warning: *** lwmutex created [_lc_mtx] (attribute=0x12): sq_id = 4
[W : PPU[1] Thread (CPUThread)[0x009bd04c]]: sys_lwmutex warning: *** lwmutex created [_lc_mtx] (attribute=0x12): sq_id = 5
[W : PPU[1] Thread (CPUThread)[0x009bd04c]]: sys_lwmutex warning: *** lwmutex created [_lc_mtx] (attribute=0x12): sq_id = 6
[W : PPU[1] Thread (CPUThread)[0x009bd04c]]: sys_lwmutex warning: *** lwmutex created [_lc_mtx] (attribute=0x12): sq_id = 7
[W : PPU[1] Thread (CPUThread)[0x009bd04c]]: sys_lwmutex warning: *** lwmutex created [_lc_mtx] (attribute=0x12): sq_id = 8
[W : PPU[1] Thread (CPUThread)[0x009bd04c]]: sys_lwmutex warning: *** lwmutex created [_lc_mtx] (attribute=0x12): sq_id = 9
[W : PPU[1] Thread (CPUThread)[0x009bd04c]]: sys_lwmutex warning: *** lwmutex created [_lc_mtx] (attribute=0x12): sq_id = 10
[W : PPU[1] Thread (CPUThread)[0x009bd04c]]: sys_lwmutex warning: *** lwmutex created [_lc_mtx] (attribute=0x12): sq_id = 11
[W : PPU[1] Thread (CPUThread)[0x009bd04c]]: sys_lwmutex warning: *** lwmutex created [_lc_mtx] (attribute=0x12): sq_id = 12
[W : PPU[1] Thread (CPUThread)[0x00654e58]]: memory warning: sys_memory_get_user_memory_size(mem_info_addr=0xd0020b20)
[W : PPU[1] Thread (CPUThread)[0x009bd04c]]: sys_lwmutex warning: *** lwmutex created [] (attribute=0x22): sq_id = 13
[W : PPU[1] Thread (CPUThread)[0x009bd04c]]: sys_lwmutex warning: *** lwmutex created [] (attribute=0x22): sq_id = 14
[W : PPU[1] Thread (CPUThread)[0x00999070]]: cellSysutil warning: cellSysutilGetSystemParamInt: CELL_SYSUTIL_SYSTEMPARAM_ID_LANG
[E : PPU[1] Thread (CPUThread)[0x00999184]]: TODO: cellSysutilGetBgmPlaybackStatus2
[E : PPU[1] Thread (CPUThread)[0x00999178]]: TODO: cellSysutilEnableBgmPlayback
[W : PPU[1] Thread (CPUThread)[0x0099f010]]: cellSysmodule warning: cellSysmoduleLoadModule(CELL_SYSMODULE_SYSUTIL_GAME)
[W : PPU[1] Thread (CPUThread)[0x009a1064]]: cellGame warning: cellGameBootCheck(type_addr=0xd0020954, attributes_addr=0xd0020950, size_addr=0xd002096c, dirName_addr=0x3ce009fc)
[W : PPU[1] Thread (CPUThread)[0x009a1010]]: cellGame warning: cellGameContentPermit(contentInfoPath_addr=0x3ce00a7d, usrdirPath_addr=0x3ce00afe)
[E : PPU[1] Thread (CPUThread)[0x009a104c]]: cellGame error: Unimplemented function: cellGameDataCheck
[W : PPU[1] Thread (CPUThread)[0x009a1010]]: cellGame warning: cellGameContentPermit(contentInfoPath_addr=0x3ce00b7f, usrdirPath_addr=0x3ce00c00)
[W : PPU[1] Thread (CPUThread)[0x0099f004]]: cellSysmodule warning: cellSysmoduleUnloadModule(CELL_SYSMODULE_SYSUTIL_GAME)
[W : PPU[1] Thread (CPUThread)[0x00999070]]: cellSysutil warning: cellSysutilGetSystemParamInt: CELL_SYSUTIL_SYSTEMPARAM_ID_ENTER_BUTTON_ASSIGN
[W : PPU[1] Thread (CPUThread)[0x00999190]]: cellSysutil warning: cellSysutilRegisterCallback(slot=0, func_addr=0x8d9a78, userdata=0x0)
[W : PPU[1] Thread (CPUThread)[0x0099f010]]: cellSysmodule warning: cellSysmoduleLoadModule(CELL_SYSMODULE_IO)
[W : PPU[1] Thread (CPUThread)[0x0099f010]]: cellSysmodule warning: cellSysmoduleLoadModule(CELL_SYSMODULE_FS)
[W : PPU[1] Thread (CPUThread)[0x0099f010]]: cellSysmodule warning: cellSysmoduleLoadModule(CELL_SYSMODULE_GCM_SYS)
[W : PPU[1] Thread (CPUThread)[0x0099f010]]: cellSysmodule warning: cellSysmoduleLoadModule(CELL_SYSMODULE_AUDIO)
[W : PPU[1] Thread (CPUThread)[0x0099f010]]: cellSysmodule warning: cellSysmoduleLoadModule(CELL_SYSMODULE_FIBER)
[W : PPU[1] Thread (CPUThread)[0x0099f010]]: cellSysmodule warning: cellSysmoduleLoadModule(CELL_SYSMODULE_L10N)
[W : PPU[1] Thread (CPUThread)[0x0099f010]]: cellSysmodule warning: cellSysmoduleLoadModule(CELL_SYSMODULE_RTC)
[W : PPU[1] Thread (CPUThread)[0x0099f010]]: cellSysmodule warning: cellSysmoduleLoadModule(CELL_SYSMODULE_VDEC_MPEG2)
[W : PPU[1] Thread (CPUThread)[0x0099f010]]: cellSysmodule warning: cellSysmoduleLoadModule(CELL_SYSMODULE_SYSUTIL_NP2)
[W : PPU[1] Thread (CPUThread)[0x0099f010]]: cellSysmodule warning: cellSysmoduleLoadModule(CELL_SYSMODULE_NET)
[W : PPU[1] Thread (CPUThread)[0x0099f010]]: cellSysmodule warning: cellSysmoduleLoadModule(CELL_SYSMODULE_RTC)
[W : PPU[1] Thread (CPUThread)[0x0099f010]]: cellSysmodule warning: cellSysmoduleLoadModule(CELL_SYSMODULE_SYSUTIL_SAVEDATA)
[W : PPU[1] Thread (CPUThread)[0x0099f010]]: cellSysmodule warning: cellSysmoduleLoadModule(CELL_SYSMODULE_SYSUTIL_GAME)
[W : PPU[1] Thread (CPUThread)[0x0099f010]]: cellSysmodule warning: cellSysmoduleLoadModule(CELL_SYSMODULE_SYSUTIL_AVCHAT2)
[W : PPU[1] Thread (CPUThread)[0x0099f010]]: cellSysmodule warning: cellSysmoduleLoadModule(CELL_SYSMODULE_SYSUTIL_SEARCH)
[W : PPU[1] Thread (CPUThread)[0x0099f010]]: cellSysmodule warning: cellSysmoduleLoadModule(CELL_SYSMODULE_SYSUTIL_MUSIC2)
[W : PPU[1] Thread (CPUThread)[0x0099f010]]: cellSysmodule warning: cellSysmoduleLoadModule(CELL_SYSMODULE_SYSUTIL_NP_TUS)
[W : PPU[1] Thread (CPUThread)[0x009bd04c]]: sys_lwmutex warning: *** lwmutex created [] (attribute=0x22): sq_id = 15
[W : PPU[1] Thread (CPUThread)[0x009bd04c]]: sys_lwmutex warning: *** lwmutex created [] (attribute=0x22): sq_id = 16
[W : PPU[1] Thread (CPUThread)[0x0051fdd0]]: sys_spu warning: sys_spu_initialize(max_usable_spu=6, max_raw_spu=0)
[W : PPU[1] Thread (CPUThread)[0x009bd0ac]]: sysPrxForUser warning: sys_ppu_thread_once(once_ctrl_addr=0x98649c, entry=0x8ded20)
[W : PPU[17] Thread (CPUThread)[0x009bd04c]]: sys_lwmutex warning: *** lwmutex created [_lc_spf] (attribute=0x22): sq_id = 18
[!]: Closing memory...
