[!]: Loading 'E:\BLJS10133\PS3_GAME\USRDIR\BOOT.BIN'...
[!]: Mount info:
[!]: /dev_hdd0/ -> F:\rpcs3\dev_hdd0\
[!]: /dev_hdd1/ -> F:\rpcs3\dev_hdd1\
[!]: /dev_flash/ -> F:\rpcs3\dev_flash\
[!]: /dev_usb000/ -> F:\rpcs3\dev_usb000\
[!]: /dev_usb/ -> F:\rpcs3\dev_usb000\
[!]: /app_home/ -> E:\BLJS10133\PS3_GAME\
[!]: /dev_bdvd/ -> E:\BLJS10133\PS3_GAME\\..\
[!]: /host_root/ -> 
[!]: / -> E:\BLJS10133\PS3_GAME\
[!]: Initing memory...
[!]: Memory initialized.
[W]: Unknown function 0x2664c8ae in 'sys_fs' module
[E]: TODO: cellFsStReadInit
[W]: Unknown function 0x27800c6b in 'sys_fs' module
[E]: TODO: cellFsStRead
[W]: Unknown function 0x8df28ff9 in 'sys_fs' module
[E]: TODO: cellFsStReadStart
[W]: Unknown function 0xbef554a4 in 'sys_fs' module
[E]: TODO: cellFsUtime
[W]: Unknown function 0xd73938df in 'sys_fs' module
[E]: TODO: cellFsStReadFinish
[W]: Unknown function 0xf8e5d9a0 in 'sys_fs' module
[E]: TODO: cellFsStReadStop
[W]: Unknown function 0x6d3bb15b in 'sys_fs' module
[E]: TODO: cellFsSdataOpenByFd
[W]: Unknown function 0x967a162b in 'sys_fs' module
[E]: TODO: cellFsFsync
[W]: Unknown function 0xaa3b4bcd in 'sys_fs' module
[E]: TODO: cellFsGetFreeSize
[W]: Unknown function 0x626e8518 in 'cellGcmSys' module
[E]: TODO: cellGcmMapEaIoAddressWithFlags
[W]: Unknown function 0x63387071 in 'cellGcmSys' module
[E]: TODO: cellGcmGetLastFlipTime
[W]: Unknown function 0x1dfbfdd6 in 'cellSysutil' module
[E]: TODO: cellSaveDataListLoad2
[W]: Unknown function 0x20543730 in 'cellSysutil' module
[E]: TODO: cellMsgDialogClose
[W]: Unknown function 0x2a8eada2 in 'cellSysutil' module
[E]: TODO: cellSaveDataFixedLoad2
[W]: Unknown function 0x2aae9ef5 in 'cellSysutil' module
[E]: TODO: cellSaveDataFixedSave2
[W]: Unknown function 0x2de0d663 in 'cellSysutil' module
[E]: TODO: cellSaveDataListSave2
[W]: Unknown function 0x62b0f803 in 'cellSysutil' module
[E]: TODO: cellMsgDialogAbort
[W]: Unknown function 0x7bc2c8a8 in 'cellSysutil' module
[E]: TODO: cellMsgDialogProgressBarReset
[W]: Unknown function 0x8b7ed64b in 'cellSysutil' module
[E]: TODO: cellSaveDataAutoSave2
[W]: Unknown function 0x94862702 in 'cellSysutil' module
[E]: TODO: cellMsgDialogProgressBarInc
[W]: Unknown function 0x9d6af72a in 'cellSysutil' module
[E]: TODO: cellMsgDialogProgressBarSetMsg
[W]: Unknown function 0xedadd797 in 'cellSysutil' module
[E]: TODO: cellSaveDataDelete2
[W]: Unknown function 0xfbd5c856 in 'cellSysutil' module
[E]: TODO: cellSaveDataAutoLoad2
[W]: Unknown function 0xd3758645 in 'cellResc' module
[E]: TODO: cellRescSetVBlankHandler
[W]: Unknown function 0x0247c69e in 'cellSail' module
[E]: TODO: cellSailGraphicsAdapterGetFrame
[W]: Unknown function 0x0abb318b in 'cellSail' module
[E]: TODO: cellSailDescriptorCreateDatabase
[W]: Unknown function 0x10298371 in 'cellSail' module
[E]: TODO: cellSailAviMovieGetHeader
[W]: Unknown function 0x1139a206 in 'cellSail' module
[E]: TODO: cellSailPlayerSetSoundAdapter
[W]: Unknown function 0x18b4629d in 'cellSail' module
[E]: TODO: cellSailPlayerFinalize
[W]: Unknown function 0x18bcd21b in 'cellSail' module
[E]: TODO: cellSailPlayerSetGraphicsAdapter
[W]: Unknown function 0x1c983864 in 'cellSail' module
[E]: TODO: cellSailGraphicsAdapterInitialize
[W]: Unknown function 0x23654375 in 'cellSail' module
[E]: TODO: cellSailPlayerInitialize2
[W]: Unknown function 0x26563ddc in 'cellSail' module
[E]: TODO: cellSailPlayerNext
[W]: Unknown function 0x28336e89 in 'cellSail' module
[E]: TODO: cellSailDescriptorDestroyDatabase
[W]: Unknown function 0x2e3ccb5e in 'cellSail' module
[E]: TODO: cellSailGraphicsAdapterSetPreferredFormat
[W]: Unknown function 0x346ebba3 in 'cellSail' module
[E]: TODO: cellSailMemAllocatorInitialize
[W]: Unknown function 0x34ecc1b9 in 'cellSail' module
[E]: TODO: cellSailPlayerOpenStream
[W]: Unknown function 0x38144ecf in 'cellSail' module
[E]: TODO: cellSailPlayerGetRepeatMode
[W]: Unknown function 0x3a2d806c in 'cellSail' module
[E]: TODO: cellSailFutureGet
[W]: Unknown function 0x3d0d3b72 in 'cellSail' module
[E]: TODO: cellSailSoundAdapterInitialize
[W]: Unknown function 0x44a20e79 in 'cellSail' module
[E]: TODO: cellSailGraphicsAdapterUpdateAvSync
[W]: Unknown function 0x47632810 in 'cellSail' module
[E]: TODO: cellSailPlayerReplaceEventHandler
[W]: Unknown function 0x4ae979df in 'cellSail' module
[E]: TODO: cellSailSoundAdapterPtsToTimePosition
[W]: Unknown function 0x4c191088 in 'cellSail' module
[E]: TODO: cellSailDescriptorGetUri
[W]: Unknown function 0x4cc54f8e in 'cellSail' module
[E]: TODO: cellSailFutureInitialize
[W]: Unknown function 0x5783a454 in 'cellSail' module
[E]: TODO: cellSailMp4MovieGetMovieInfo
[W]: Unknown function 0x5f7c7a6f in 'cellSail' module
[E]: TODO: cellSailPlayerSetParameter
[W]: Unknown function 0x6e83f5c0 in 'cellSail' module
[E]: TODO: cellSailAviMovieGetMovieInfo
[W]: Unknown function 0x752f8585 in 'cellSail' module
[E]: TODO: cellSailPlayerGetDescriptorCount
[W]: Unknown function 0x75fca288 in 'cellSail' module
[E]: TODO: cellSailPlayerGetCurrentDescriptor
[W]: Unknown function 0x76488bb1 in 'cellSail' module
[E]: TODO: cellSailGraphicsAdapterFinalize
[W]: Unknown function 0x7c8dff3b in 'cellSail' module
[E]: TODO: cellSailPlayerAddDescriptor
[W]: Unknown function 0x7eb8d6b5 in 'cellSail' module
[E]: TODO: cellSailSoundAdapterGetFrame
[W]: Unknown function 0x85beffcc in 'cellSail' module
[E]: TODO: cellSailPlayerCloseStream
[W]: Unknown function 0x9553af65 in 'cellSail' module
[E]: TODO: cellSailFutureFinalize
[W]: Unknown function 0x9897fbd1 in 'cellSail' module
[E]: TODO: cellSailPlayerRemoveDescriptor
[W]: Unknown function 0xa37fed15 in 'cellSail' module
[E]: TODO: cellSailFutureSet
[W]: Unknown function 0xa48be428 in 'cellSail' module
[E]: TODO: cellSailMp4TrackGetTrackInfo
[W]: Unknown function 0xaafa17b8 in 'cellSail' module
[E]: TODO: cellSailPlayerIsPaused
[W]: Unknown function 0xac9c3b1f in 'cellSail' module
[E]: TODO: cellSailDescriptorGetCapabilities
[W]: Unknown function 0xbdf21b0f in 'cellSail' module
[E]: TODO: cellSailPlayerBoot
[W]: Unknown function 0xc2d90ec9 in 'cellSail' module
[E]: TODO: cellSailMp4MovieGetTrackByTypeAndIndex
[W]: Unknown function 0xd1462438 in 'cellSail' module
[E]: TODO: cellSailSoundAdapterFinalize
[W]: Unknown function 0xd1d55a90 in 'cellSail' module
[E]: TODO: cellSailPlayerSetPaused
[W]: Unknown function 0xd5f9a15b in 'cellSail' module
[E]: TODO: cellSailDescriptorGetStreamType
[W]: Unknown function 0xd7938b8d in 'cellSail' module
[E]: TODO: cellSailPlayerCreateDescriptor
[W]: Unknown function 0xe535b0d3 in 'cellSail' module
[E]: TODO: cellSailPlayerStart
[W]: Unknown function 0xeba8d4ec in 'cellSail' module
[E]: TODO: cellSailPlayerStop
[W]: Unknown function 0xeec22809 in 'cellSail' module
[E]: TODO: cellSailSoundAdapterUpdateAvSync
[W]: Unknown function 0xf25f197d in 'cellSail' module
[E]: TODO: cellSailSoundAdapterGetFormat
[W]: Unknown function 0xfc5baf8a in 'cellSail' module
[E]: TODO: cellSailPlayerSetRepeatMode
[W]: Unknown function 0xfc839bd4 in 'cellSail' module
[E]: TODO: cellSailPlayerDestroyDescriptor
[W]: Unknown function 0xffd58aa4 in 'cellSail' module
[E]: TODO: cellSailGraphicsAdapterGetFormat
[W]: Unknown function 0x07529113 in 'cellSpurs' module
[E]: TODO: cellSpursAttributeSetNamePrefix
[W]: Unknown function 0x16394a4e in 'cellSpurs' module
[E]: TODO: _cellSpursTasksetAttributeInitialize
[W]: Unknown function 0x22aab31d in 'cellSpurs' module
[E]: TODO: cellSpursEventFlagDetachLv2EventQueue
[W]: Unknown function 0x30aa96c4 in 'cellSpurs' module
[E]: TODO: cellSpursInitializeWithAttribute2
[W]: Unknown function 0x373523d4 in 'cellSpurs' module
[E]: TODO: cellSpursEventFlagWait
[W]: Unknown function 0x4ac7bae4 in 'cellSpurs' module
[E]: TODO: cellSpursEventFlagClear
[W]: Unknown function 0x4e66d483 in 'cellSpurs' module
[E]: TODO: cellSpursDetachLv2EventQueue
[W]: Unknown function 0x57e4dec3 in 'cellSpurs' module
[E]: TODO: cellSpursRemoveWorkload
[W]: Unknown function 0x5ef96465 in 'cellSpurs' module
[E]: TODO: _cellSpursEventFlagInitialize
[W]: Unknown function 0x5fd43fe4 in 'cellSpurs' module
[E]: TODO: cellSpursWaitForWorkloadShutdown
[W]: Unknown function 0x652b70e2 in 'cellSpurs' module
[E]: TODO: cellSpursTasksetAttributeSetName
[W]: Unknown function 0x69726aa2 in 'cellSpurs' module
[E]: TODO: cellSpursAddWorkload
[W]: Unknown function 0x7e4ea023 in 'cellSpurs' module
[E]: TODO: cellSpursWakeUp
[W]: Unknown function 0x87630976 in 'cellSpurs' module
[E]: TODO: cellSpursEventFlagAttachLv2EventQueue
[W]: Unknown function 0x95180230 in 'cellSpurs' module
[E]: TODO: _cellSpursAttributeInitialize
[W]: Unknown function 0x98d5b343 in 'cellSpurs' module
[E]: TODO: cellSpursShutdownWorkload
[W]: Unknown function 0x9f72add3 in 'cellSpurs' module
[E]: TODO: cellSpursJoinTaskset
[W]: Unknown function 0xa73bf47e in 'cellSpurs' module
[E]: TODO: _cellSpursWorkloadFlagReceiver
[W]: Unknown function 0xa789e631 in 'cellSpurs' module
[E]: TODO: cellSpursShutdownTaskset
[W]: Unknown function 0xb9bc6207 in 'cellSpurs' module
[E]: TODO: cellSpursAttachLv2EventQueue
[W]: Unknown function 0xc10931cb in 'cellSpurs' module
[E]: TODO: cellSpursCreateTasksetWithAttribute
[W]: Unknown function 0xc765b995 in 'cellSpurs' module
[E]: TODO: cellSpursGetWorkloadFlag
[W]: Unknown function 0xca4c4600 in 'cellSpurs' module
[E]: TODO: cellSpursFinalize
[W]: Unknown function 0xf843818d in 'cellSpurs' module
[E]: TODO: cellSpursReadyCountStore
[W]: Unknown function 0x011ee38b in 'cellSpurs' module
[E]: TODO: _cellSpursLFQueueInitialize
[W]: Unknown function 0x1656d49f in 'cellSpurs' module
[E]: TODO: cellSpursLFQueueAttachLv2EventQueue
[W]: Unknown function 0x52cc6c82 in 'cellSpurs' module
[E]: TODO: cellSpursCreateTaskset
[W]: Unknown function 0x73e06f91 in 'cellSpurs' module
[E]: TODO: cellSpursLFQueueDetachLv2EventQueue
[W]: Unknown function 0x8a85674d in 'cellSpurs' module
[E]: TODO: _cellSpursLFQueuePushBody
[W]: Unknown function 0xbeb600ac in 'cellSpurs' module
[E]: TODO: cellSpursCreateTask
[W]: Unknown function 0xe0a6dbe4 in 'cellSpurs' module
[E]: TODO: _cellSpursSendSignal
[W]: Unknown function 0xf042b14f in 'sceNp' module
[E]: TODO: sceNpDrmIsAvailable2
[W]: Unknown function 0x0c44f441 in 'cellFiber' module
[E]: TODO: cellFiberPpuYield
[W]: Unknown function 0x5d9a7034 in 'cellFiber' module
[E]: TODO: cellFiberPpuSelf
[W]: Unknown function 0x6c164b3b in 'cellFiber' module
[E]: TODO: cellFiberPpuWaitSignal
[W]: Unknown function 0x55870804 in 'cellFiber' module
[E]: TODO: _cellFiberPpuInitialize
[W]: Unknown function 0x01bbf2e0 in 'cellSpursJq' module
[E]: TODO: cellSpursJobQueueGetSpurs
[W]: Unknown function 0x0582338a in 'cellSpursJq' module
[E]: TODO: cellSpursJobQueueAttributeSetDoBusyWaiting
[W]: Unknown function 0x0f03f712 in 'cellSpursJq' module
[E]: TODO: cellSpursJobQueueAttributeSetSubmitWithEntryLock
[W]: Unknown function 0x1686957e in 'cellSpursJq' module
[E]: TODO: cellSpursJobQueueAttributeSetMaxSizeJobDescriptor
[W]: Unknown function 0x26fa81b4 in 'cellSpursJq' module
[E]: TODO: cellSpursJobQueuePortFinalize
[W]: Unknown function 0x3d1294fc in 'cellSpursJq' module
[E]: TODO: cellSpursJobQueuePortInitialize
[W]: Unknown function 0x43ddab4f in 'cellSpursJq' module
[E]: TODO: cellSpursJobQueueAttributeInitialize
[W]: Unknown function 0x4e1a17a6 in 'cellSpursJq' module
[E]: TODO: _cellSpursJobQueuePortPushBody
[W]: Unknown function 0x742cec0d in 'cellSpursJq' module
[E]: TODO: cellSpursJobQueueAttributeSetIsJobTypeMemoryCheck
[W]: Unknown function 0x8c97a96c in 'cellSpursJq' module
[E]: TODO: cellSpursShutdownJobQueue
[W]: Unknown function 0x8ce4cffa in 'cellSpursJq' module
[E]: TODO: cellSpursJoinJobQueue
[W]: Unknown function 0x90c88f84 in 'cellSpursJq' module
[E]: TODO: cellSpursJobQueuePortGetJobQueue
[W]: Unknown function 0xe70f874e in 'cellSpursJq' module
[E]: TODO: cellSpursJobQueueAttributeSetGrabParameters
[W]: Unknown function 0xf244e799 in 'cellSpursJq' module
[E]: TODO: _cellSpursCreateJobQueue
[W]: Unknown function 0xff03cc79 in 'cellSpursJq' module
[E]: TODO: cellSpursJobQueueAttributeSetIsHaltOnError
[W]: Unknown function 0x26090058 in 'sysPrxForUser' module
[E]: TODO: sys_prx_load_module
[W]: Unknown function 0x71a8472a in 'sysPrxForUser' module
[E]: TODO: sys_get_random_number
[W]: Unknown function 0x8a561d92 in 'sysPrxForUser' module
[E]: TODO: _sys_heap_free
[W]: Unknown function 0xa330ad84 in 'sysPrxForUser' module
[E]: TODO: sys_prx_load_module_on_memcontainer_by_fd
[W]: Unknown function 0xaa6d9bff in 'sysPrxForUser' module
[E]: TODO: sys_prx_load_module_on_memcontainer
[W]: Unknown function 0xaede4b03 in 'sysPrxForUser' module
[E]: TODO: _sys_heap_delete_heap
[W]: Unknown function 0xef68c17c in 'sysPrxForUser' module
[E]: TODO: sys_prx_load_module_by_fd
[S]: Game: boot done.
[! : PPU[1] Thread (CPUThread)[0x00010240]]: PPU[1] Thread (CPUThread) enter
[W : PPU[1] Thread (CPUThread)[0x0099d504]]: memory warning: sys_memory_get_user_memory_size(mem_info_addr=0xd0020c04)
[W : PPU[1] Thread (CPUThread)[0x0098cf50]]: cellSysutil warning: cellSysutilGetSystemParamInt: CELL_SYSUTIL_SYSTEMPARAM_ID_TIMEZONE
[W : PPU[1] Thread (CPUThread)[0x0098cf50]]: cellSysutil warning: cellSysutilGetSystemParamInt: CELL_SYSUTIL_SYSTEMPARAM_ID_SUMMERTIME
[W : PPU[1] Thread (CPUThread)[0x0099433c]]: cellSysutil warning: cellSysutilGetSystemParamInt: CELL_SYSUTIL_SYSTEMPARAM_ID_TIMEZONE
[W : PPU[1] Thread (CPUThread)[0x0099433c]]: cellSysutil warning: cellSysutilGetSystemParamInt: CELL_SYSUTIL_SYSTEMPARAM_ID_SUMMERTIME
[W : PPU[1] Thread (CPUThread)[0x00994380]]: MULHD
[W : PPU[1] Thread (CPUThread)[0x00994498]]: MULHD
[W : PPU[1] Thread (CPUThread)[0x009944d0]]: MULHD
[W : PPU[1] Thread (CPUThread)[0x009944ec]]: MULHD
[W : PPU[1] Thread (CPUThread)[0x0098e9c0]]: cellSysutil warning: cellSysutilGetSystemParamInt: CELL_SYSUTIL_SYSTEMPARAM_ID_TIMEZONE
[W : PPU[1] Thread (CPUThread)[0x0098e9c0]]: cellSysutil warning: cellSysutilGetSystemParamInt: CELL_SYSUTIL_SYSTEMPARAM_ID_SUMMERTIME
[W : PPU[1] Thread (CPUThread)[0x0099433c]]: cellSysutil warning: cellSysutilGetSystemParamInt: CELL_SYSUTIL_SYSTEMPARAM_ID_TIMEZONE
[W : PPU[1] Thread (CPUThread)[0x0099433c]]: cellSysutil warning: cellSysutilGetSystemParamInt: CELL_SYSUTIL_SYSTEMPARAM_ID_SUMMERTIME
[W : PPU[1] Thread (CPUThread)[0x00994380]]: MULHD
[W : PPU[1] Thread (CPUThread)[0x00994498]]: MULHD
[W : PPU[1] Thread (CPUThread)[0x009944d0]]: MULHD
[W : PPU[1] Thread (CPUThread)[0x009944ec]]: MULHD
[W : PPU[1] Thread (CPUThread)[0x0098cefc]]: cellSysutil warning: cellSysutilGetSystemParamInt: CELL_SYSUTIL_SYSTEMPARAM_ID_TIMEZONE
[W : PPU[1] Thread (CPUThread)[0x0098cefc]]: cellSysutil warning: cellSysutilGetSystemParamInt: CELL_SYSUTIL_SYSTEMPARAM_ID_SUMMERTIME
[W : PPU[1] Thread (CPUThread)[0x00994380]]: MULHD
[W : PPU[1] Thread (CPUThread)[0x00994498]]: MULHD
[W : PPU[1] Thread (CPUThread)[0x009944d0]]: MULHD
[W : PPU[1] Thread (CPUThread)[0x009944ec]]: MULHD
[W : PPU[1] Thread (CPUThread)[0x0098e9c0]]: cellSysutil warning: cellSysutilGetSystemParamInt: CELL_SYSUTIL_SYSTEMPARAM_ID_TIMEZONE
[W : PPU[1] Thread (CPUThread)[0x0098e9c0]]: cellSysutil warning: cellSysutilGetSystemParamInt: CELL_SYSUTIL_SYSTEMPARAM_ID_SUMMERTIME
[W : PPU[1] Thread (CPUThread)[0x00994380]]: MULHD
[W : PPU[1] Thread (CPUThread)[0x00994498]]: MULHD
[W : PPU[1] Thread (CPUThread)[0x009944d0]]: MULHD
[W : PPU[1] Thread (CPUThread)[0x009944ec]]: MULHD
[W : PPU[1] Thread (CPUThread)[0x00f59148]]: sys_lwcond warning: sys_lwcond_create(lwcond_addr=0x30010e60, lwmutex_addr=0x30010e40, attr_addr=0x30010e68)
[W : PPU[1] Thread (CPUThread)[0x00f59148]]: sys_lwcond warning: *** lwcond created [TManWEve] (attr=0x11, lwmutex.sq=0x29): id = 42
[W : PPU[1] Thread (CPUThread)[0x008eda08]]: memory warning: sys_memory_get_user_memory_size(mem_info_addr=0xd00207a0)
[W : PPU[1] Thread (CPUThread)[0x008eda3c]]: memory warning: sys_memory_get_user_memory_size(mem_info_addr=0xd00207a8)
[! : PPU[45] Thread (PMEM_POOL000)[0x008f4da4]]: PPU[45] Thread (PMEM_POOL000) enter
[W : PPU[45] Thread (PMEM_POOL000)[0x00f59148]]: sys_lwcond warning: sys_lwcond_create(lwcond_addr=0x301004b8, lwmutex_addr=0x30100498, attr_addr=0x301004c0)
[W : PPU[45] Thread (PMEM_POOL000)[0x00f59148]]: sys_lwcond warning: *** lwcond created [] (attr=0x11, lwmutex.sq=0x2e): id = 47
[W : PPU[45] Thread (PMEM_POOL000)[0x00f59148]]: sys_lwcond warning: sys_lwcond_create(lwcond_addr=0x30100518, lwmutex_addr=0x301004f8, attr_addr=0x30100520)
[W : PPU[45] Thread (PMEM_POOL000)[0x00f59148]]: sys_lwcond warning: *** lwcond created [PoolWoke] (attr=0x11, lwmutex.sq=0x30): id = 49
[W : PPU[1] Thread (CPUThread)[0x00012434]]: sys_rwlock warning: sys_rwlock_create(rw_lock_id_addr=0xd898c0, attr_addr=0xd0020bb0)
[W : PPU[1] Thread (CPUThread)[0x00012434]]: sys_rwlock warning: TODO: SYS_SYNC_PRIORITY attr
[W : PPU[1] Thread (CPUThread)[0x00012434]]: sys_rwlock warning: *** rwlock created [FRCtrl] (protocol=0x2): id = 69
[E : PPU[1] Thread (CPUThread)[0x00f590ac]]: TODO: sys_get_random_number
[E : PPU[1] Thread (CPUThread)[0x00f590ac]]: TODO: sys_get_random_number
[W : PPU[1] Thread (CPUThread)[0x00f45010]]: cellSysmodule warning: cellSysmoduleLoadModule(CELL_SYSMODULE_NET)
[W : PPU[1] Thread (CPUThread)[0x00f45010]]: cellSysmodule warning: cellSysmoduleLoadModule(CELL_SYSMODULE_RESC)
[W : PPU[1] Thread (CPUThread)[0x00f45010]]: cellSysmodule warning: cellSysmoduleLoadModule(CELL_SYSMODULE_SPURS_JQ)
[W : PPU[1] Thread (CPUThread)[0x00f45010]]: cellSysmodule warning: cellSysmoduleLoadModule(CELL_SYSMODULE_SYSUTIL_GAME)
[W : PPU[1] Thread (CPUThread)[0x00f45010]]: cellSysmodule warning: cellSysmoduleLoadModule(CELL_SYSMODULE_FIBER)
[W : PPU[1] Thread (CPUThread)[0x00f4501c]]: cellSysmodule warning: cellSysmoduleIsLoaded(CELL_SYSMODULE_FIBER)
[E : PPU[1] Thread (CPUThread)[0x00f55028]]: TODO: _cellFiberPpuInitialize
[W : PPU[1] Thread (CPUThread)[0x00019f0c]]: sys_spu warning: sys_spu_initialize(max_usable_spu=6, max_raw_spu=0)
[W : PPU[1] Thread (CPUThread)[0x00f59148]]: sys_lwcond warning: sys_lwcond_create(lwcond_addr=0x31000090, lwmutex_addr=0x31000070, attr_addr=0x31000098)
[W : PPU[1] Thread (CPUThread)[0x00f59148]]: sys_lwcond warning: *** lwcond created [MWThread] (attr=0x11, lwmutex.sq=0x47): id = 72
[E : PPU[1] Thread (CPUThread)[0x0001522c]]: Write8 to null block: [00001aea]: 1
[W : PPU[1] Thread (CPUThread)[0x00f5901c]]: sys_lwcond warning: sys_lwcond_destroy(lwcond_addr=0x31000090)
[W : PPU[1] Thread (CPUThread)[0x00f45004]]: cellSysmodule warning: cellSysmoduleUnloadModule(CELL_SYSMODULE_NET)
[W : PPU[1] Thread (CPUThread)[0x00f45004]]: cellSysmodule warning: cellSysmoduleUnloadModule(CELL_SYSMODULE_RESC)
[W : PPU[1] Thread (CPUThread)[0x00f45004]]: cellSysmodule warning: cellSysmoduleUnloadModule(CELL_SYSMODULE_SPURS_JQ)
[W : PPU[1] Thread (CPUThread)[0x00f45004]]: cellSysmodule warning: cellSysmoduleUnloadModule(CELL_SYSMODULE_SYSUTIL_GAME)
[W : PPU[1] Thread (CPUThread)[0x00f45004]]: cellSysmodule warning: cellSysmoduleUnloadModule(CELL_SYSMODULE_FIBER)
[W : PPU[1] Thread (CPUThread)[0x0098c178]]: SysCall 988! r3: 0x1, r4: 0x0, pc: 0x98c178
[W : PPU[1] Thread (CPUThread)[0x000124fc]]: sys_rwlock warning: sys_rwlock_destroy(rw_lock_id=69)
[W : PPU[1] Thread (CPUThread)[0x00f59148]]: sys_lwcond warning: sys_lwcond_create(lwcond_addr=0x30010278, lwmutex_addr=0x30010260, attr_addr=0xd00206f0)
[W : PPU[1] Thread (CPUThread)[0x00f59148]]: sys_lwcond warning: *** lwcond created [] (attr=0x22, lwmutex.sq=0x49): id = 74
[! : PPU[1] Thread (CPUThread)[0x00b854c8]]: PPU[1] Thread (CPUThread) leave
[W : PPU[45] Thread (PMEM_POOL000)[0x00f59004]]: sys_lwmutex_t::lock(sq=41) aborted
[! : PPU[45] Thread (PMEM_POOL000)[0x00f59008]]: PPU[45] Thread (PMEM_POOL000) leave
[!]: Closing memory...
