[!]: path: /dev_hdd0/game/
[!]: Loading 'D:\Emulateur\Rpcs3\dev_hdd0\game\BLUS30823-[Dragon Ball Z Ultimate Tenkaichi]\PS3_GAME\USRDIR\BOOT.BIN'...
[!]: Mount info:
[!]: /dev_hdd0/ -> D:\Emulateur\Rpcs3\dev_hdd0\
[!]: /dev_hdd1/ -> D:\Emulateur\Rpcs3\dev_hdd1\
[!]: /dev_flash/ -> D:\Emulateur\Rpcs3\dev_flash\
[!]: /dev_usb000/ -> D:\Emulateur\Rpcs3\dev_usb000\
[!]: /dev_usb/ -> D:\Emulateur\Rpcs3\dev_usb000\
[!]: /app_home/ -> D:\Emulateur\Rpcs3\dev_hdd0\game\BLUS30823-[Dragon Ball Z Ultimate Tenkaichi]\PS3_GAME\
[!]: /dev_bdvd/ -> D:\Emulateur\Rpcs3\dev_hdd0\game\BLUS30823-[Dragon Ball Z Ultimate Tenkaichi]\PS3_GAME\\..\
[!]: /host_root/ -> 
[!]: / -> D:\Emulateur\Rpcs3\dev_hdd0\game\BLUS30823-[Dragon Ball Z Ultimate Tenkaichi]\PS3_GAME\
[!]: Initing memory...
[!]: Memory initialized.
[W]: Unknown function 0x1dfbfdd6 in 'cellSysutil' module
[E]: TODO: cellSaveDataListLoad2
[W]: Unknown function 0x20543730 in 'cellSysutil' module
[E]: TODO: cellMsgDialogClose
[W]: Unknown function 0x21425307 in 'cellSysutil' module
[E]: TODO: cellSaveDataListAutoLoad
[W]: Unknown function 0x220894e3 in 'cellSysutil' module
[E]: TODO: cellSysutilEnableBgmPlayback
[W]: Unknown function 0x2a8eada2 in 'cellSysutil' module
[E]: TODO: cellSaveDataFixedLoad2
[W]: Unknown function 0x2aae9ef5 in 'cellSysutil' module
[E]: TODO: cellSaveDataFixedSave2
[W]: Unknown function 0x2de0d663 in 'cellSysutil' module
[E]: TODO: cellSaveDataListSave2
[W]: Unknown function 0x35beade0 in 'cellSysutil' module
[E]: TODO: cellOskDialogGetSize
[W]: Unknown function 0x3d1e1931 in 'cellSysutil' module
[E]: TODO: cellOskDialogUnloadAsync
[W]: Unknown function 0x4dd03a4e in 'cellSysutil' module
[E]: TODO: cellSaveDataListAutoSave
[W]: Unknown function 0x6cfd856f in 'cellSysutil' module
[E]: TODO: cellSysutilGetBgmPlaybackStatus2
[W]: Unknown function 0x7f21c918 in 'cellSysutil' module
[E]: TODO: cellOskDialogAddSupportLanguage
[W]: Unknown function 0x7fcfc915 in 'cellSysutil' module
[E]: TODO: cellOskDialogLoadAsync
[W]: Unknown function 0x8b7ed64b in 'cellSysutil' module
[E]: TODO: cellSaveDataAutoSave2
[W]: Unknown function 0x94862702 in 'cellSysutil' module
[E]: TODO: cellMsgDialogProgressBarInc
[W]: Unknown function 0x9d6af72a in 'cellSysutil' module
[E]: TODO: cellMsgDialogProgressBarSetMsg
[W]: Unknown function 0xb53c54fa in 'cellSysutil' module
[E]: TODO: cellOskDialogSetKeyLayoutOption
[W]: Unknown function 0xc427890c in 'cellSysutil' module
[E]: TODO: cellOskDialogSetInitialKeyLayout
[W]: Unknown function 0xced17573 in 'cellSysutil' module
[E]: TODO: cellSaveDataFixedDelete
[W]: Unknown function 0xcfdd8e87 in 'cellSysutil' module
[E]: TODO: cellSysutilDisableBgmPlayback
[W]: Unknown function 0xe7fa820b in 'cellSysutil' module
[E]: TODO: cellSaveDataEnableOverlay
[W]: Unknown function 0xedadd797 in 'cellSysutil' module
[E]: TODO: cellSaveDataDelete2
[W]: Unknown function 0xf0ec3ccc in 'cellSysutil' module
[E]: TODO: cellOskDialogSetLayoutMode
[W]: Unknown function 0xfbd5c856 in 'cellSysutil' module
[E]: TODO: cellSaveDataAutoLoad2
[W]: Unknown function 0x28724522 in 'cellL10n' module
[E]: TODO: UTF8toUCS2
[W]: Unknown function 0x596df41c in 'cellL10n' module
[E]: TODO: UCS2toSJIS
[W]: Unknown function 0x6122e000 in 'cellL10n' module
[E]: TODO: SJIStoUTF8
[W]: Unknown function 0xa9a76fb8 in 'cellL10n' module
[E]: TODO: UCS2toUTF8
[W]: Unknown function 0xbdd44ee3 in 'cellL10n' module
[E]: TODO: SJIStoUCS2
[W]: Unknown function 0xeb3dc670 in 'cellL10n' module
[E]: TODO: UTF8toSJIS
[W]: Unknown function 0x99d397ac in 'cellGcmSys' module
[E]: TODO: cellGcmGetReport
[W]: Unknown function 0xffe0160e in 'cellGcmSys' module
[E]: TODO: cellGcmSetVBlankFrequency
[W]: Unknown function 0x07529113 in 'cellSpurs' module
[E]: TODO: cellSpursAttributeSetNamePrefix
[W]: Unknown function 0x1051d134 in 'cellSpurs' module
[E]: TODO: cellSpursAttributeEnableSpuPrintfIfAvailable
[W]: Unknown function 0x22aab31d in 'cellSpurs' module
[E]: TODO: cellSpursEventFlagDetachLv2EventQueue
[W]: Unknown function 0x303c19cd in 'cellSpurs' module
[E]: TODO: cellSpursCreateJobChainWithAttribute
[W]: Unknown function 0x3548f483 in 'cellSpurs' module
[E]: TODO: _cellSpursJobChainAttributeInitialize
[W]: Unknown function 0x373523d4 in 'cellSpurs' module
[E]: TODO: cellSpursEventFlagWait
[W]: Unknown function 0x5ef96465 in 'cellSpurs' module
[E]: TODO: _cellSpursEventFlagInitialize
[W]: Unknown function 0x68aaeba9 in 'cellSpurs' module
[E]: TODO: cellSpursJobGuardInitialize
[W]: Unknown function 0x6d2d9339 in 'cellSpurs' module
[E]: TODO: cellSpursEventFlagTryWait
[W]: Unknown function 0x738e40e6 in 'cellSpurs' module
[E]: TODO: cellSpursShutdownJobChain
[W]: Unknown function 0x87630976 in 'cellSpurs' module
[E]: TODO: cellSpursEventFlagAttachLv2EventQueue
[W]: Unknown function 0x95180230 in 'cellSpurs' module
[E]: TODO: _cellSpursAttributeInitialize
[W]: Unknown function 0x9fef70c2 in 'cellSpurs' module
[E]: TODO: cellSpursJobChainAttributeSetName
[W]: Unknown function 0xa7c066de in 'cellSpurs' module
[E]: TODO: cellSpursJoinJobChain
[W]: Unknown function 0xaa6269a8 in 'cellSpurs' module
[E]: TODO: cellSpursInitializeWithAttribute
[W]: Unknown function 0xca4c4600 in 'cellSpurs' module
[E]: TODO: cellSpursFinalize
[W]: Unknown function 0xd5d0b256 in 'cellSpurs' module
[E]: TODO: cellSpursJobGuardNotify
[W]: Unknown function 0xf31731bb in 'cellSpurs' module
[E]: TODO: cellSpursRunJobChain
[W]: Unknown function 0x12b1acf0 in 'cellFiber' module
[E]: TODO: cellFiberPpuRunFibers
[W]: Unknown function 0x6c164b3b in 'cellFiber' module
[E]: TODO: cellFiberPpuWaitSignal
[W]: Unknown function 0x7c2f4034 in 'cellFiber' module
[E]: TODO: cellFiberPpuCreateFiber
[W]: Unknown function 0x8afb8356 in 'cellFiber' module
[E]: TODO: cellFiberPpuSendSignal
[W]: Unknown function 0x8b6baa01 in 'cellFiber' module
[E]: TODO: cellFiberPpuFinalizeScheduler
[W]: Unknown function 0xa6004249 in 'cellFiber' module
[E]: TODO: cellFiberPpuJoinFiber
[W]: Unknown function 0xee3b604d in 'cellFiber' module
[E]: TODO: cellFiberPpuInitializeScheduler
[W]: Unknown function 0x55870804 in 'cellFiber' module
[E]: TODO: _cellFiberPpuInitialize
[W]: Unknown function 0x139a9e9b in 'sys_net' module
[E]: TODO: sys_net_initialize_network_ex
[W]: Unknown function 0x1f953b9f in 'sys_net' module
[E]: TODO: recvfrom
[W]: Unknown function 0x28e208bb in 'sys_net' module
[E]: TODO: listen
[W]: Unknown function 0x3f09e20a in 'sys_net' module
[E]: TODO: socketselect
[W]: Unknown function 0x5420e419 in 'sys_net' module
[E]: TODO: sys_net_show_nameserver
[W]: Unknown function 0x6005cde1 in 'sys_net' module
[E]: TODO: _sys_net_errno_loc
[W]: Unknown function 0x64f66d35 in 'sys_net' module
[E]: TODO: connect
[W]: Unknown function 0x6db6e8cd in 'sys_net' module
[E]: TODO: socketclose
[W]: Unknown function 0x79b61646 in 'sys_net' module
[E]: TODO: sys_net_show_route
[W]: Unknown function 0x858a930b in 'sys_net' module
[E]: TODO: inet_ntoa
[W]: Unknown function 0x88f03575 in 'sys_net' module
[E]: TODO: setsockopt
[W]: Unknown function 0x8d1b77fb in 'sys_net' module
[E]: TODO: sys_net_abort_socket
[W]: Unknown function 0x9647570b in 'sys_net' module
[E]: TODO: sendto
[W]: Unknown function 0x9c056962 in 'sys_net' module
[E]: TODO: socket
[W]: Unknown function 0xa50777c6 in 'sys_net' module
[E]: TODO: shutdown
[W]: Unknown function 0xa9a079e0 in 'sys_net' module
[E]: TODO: inet_aton
[W]: Unknown function 0xb0a59804 in 'sys_net' module
[E]: TODO: bind
[W]: Unknown function 0xb48636c4 in 'sys_net' module
[E]: TODO: sys_net_show_ifconfig
[W]: Unknown function 0xb68d5625 in 'sys_net' module
[E]: TODO: sys_net_finalize_network
[W]: Unknown function 0xc94f6939 in 'sys_net' module
[E]: TODO: accept
[W]: Unknown function 0xdabbc2c0 in 'sys_net' module
[E]: TODO: inet_addr
[W]: Unknown function 0xdc751b40 in 'sys_net' module
[E]: TODO: send
[W]: Unknown function 0xfba04f37 in 'sys_net' module
[E]: TODO: recv
[W]: Unknown function 0xfdb8f926 in 'sys_net' module
[E]: TODO: sys_net_free_thread_context
[W]: Unknown function 0x01fbbc9b in 'sceNp' module
[E]: TODO: sceNpBasicSendMessageGui
[W]: Unknown function 0x04372385 in 'sceNp' module
[E]: TODO: sceNpBasicGetFriendListEntry
[W]: Unknown function 0x155de760 in 'sceNp' module
[E]: TODO: sceNpSignalingGetConnectionInfo
[W]: Unknown function 0x21206642 in 'sceNp' module
[E]: TODO: sceNpScoreGetRankingByRangeAsync
[W]: Unknown function 0x259113b8 in 'sceNp' module
[E]: TODO: sceNpScoreDestroyTitleCtx
[W]: Unknown function 0x29dd45dc in 'sceNp' module
[E]: TODO: sceNpScoreSetTimeout
[W]: Unknown function 0x32200389 in 'sceNp' module
[E]: TODO: sceNpManagerGetMyLanguages
[W]: Unknown function 0x32cf311f in 'sceNp' module
[E]: TODO: sceNpScoreInit
[W]: Unknown function 0x3db7914d in 'sceNp' module
[E]: TODO: sceNpScoreGetRankingByNpIdAsync
[W]: Unknown function 0x4026eac5 in 'sceNp' module
[E]: TODO: sceNpBasicRegisterContextSensitiveHandler
[W]: Unknown function 0x50b86d94 in 'sceNp' module
[E]: TODO: sceNpSignalingAddExtendedHandler
[W]: Unknown function 0x52a6b523 in 'sceNp' module
[E]: TODO: sceNpManagerUnregisterCallback
[W]: Unknown function 0x60897c38 in 'sceNp' module
[E]: TODO: sceNpSignalingActivateConnection
[W]: Unknown function 0x6356082e in 'sceNp' module
[E]: TODO: sceNpSignalingCreateCtx
[W]: Unknown function 0x64a704cc in 'sceNp' module
[E]: TODO: sceNpBasicRecvMessageAttachmentLoad
[W]: Unknown function 0x6ee62ed2 in 'sceNp' module
[E]: TODO: sceNpManagerGetContentRatingFlag
[W]: Unknown function 0x6f5e8143 in 'sceNp' module
[E]: TODO: sceNpScoreCreateTransactionCtx
[W]: Unknown function 0x73931bd0 in 'sceNp' module
[E]: TODO: sceNpBasicGetBlockListEntryCount
[W]: Unknown function 0x806960ab in 'sceNp' module
[E]: TODO: sceNpBasicRecvMessageCustom
[W]: Unknown function 0x95c7bba3 in 'sceNp' module
[E]: TODO: sceNpSignalingTerminateConnection
[W]: Unknown function 0x9851f805 in 'sceNp' module
[E]: TODO: sceNpScoreTerm
[W]: Unknown function 0xa7a090e5 in 'sceNp' module
[E]: TODO: sceNpScorePollAsync
[W]: Unknown function 0xa8afa7d4 in 'sceNp' module
[E]: TODO: sceNpBasicGetCustomInvitationEntryCount
[W]: Unknown function 0xa8cf8451 in 'sceNp' module
[E]: TODO: sceNpSignalingDestroyCtx
[W]: Unknown function 0xacb9ee8e in 'sceNp' module
[E]: TODO: sceNpBasicUnregisterHandler
[W]: Unknown function 0xad218faf in 'sceNp' module
[E]: TODO: sceNpDrmIsAvailable
[W]: Unknown function 0xafef640d in 'sceNp' module
[E]: TODO: sceNpBasicGetFriendListEntryCount
[W]: Unknown function 0xb1e0718b in 'sceNp' module
[E]: TODO: sceNpManagerGetAccountRegion
[W]: Unknown function 0xb9f93bbb in 'sceNp' module
[E]: TODO: sceNpScoreCreateTitleCtx
[W]: Unknown function 0xbcdbb2ab in 'sceNp' module
[E]: TODO: sceNpBasicAddPlayersHistoryAsync
[W]: Unknown function 0xbe81c71c in 'sceNp' module
[E]: TODO: sceNpBasicSetPresenceDetails
[W]: Unknown function 0xc5f4cf82 in 'sceNp' module
[E]: TODO: sceNpScoreDestroyTransactionCtx
[W]: Unknown function 0xca0a2d04 in 'sceNp' module
[E]: TODO: sceNpSignalingGetConnectionStatus
[W]: Unknown function 0xceeebc7a in 'sceNp' module
[E]: TODO: sceNpProfileCallGui
[W]: Unknown function 0xd208f91d in 'sceNp' module
[E]: TODO: sceNpUtilCmpNpId
[W]: Unknown function 0xe035f7d6 in 'sceNp' module
[E]: TODO: sceNpBasicGetEvent
[W]: Unknown function 0xe7dcd3b4 in 'sceNp' module
[E]: TODO: sceNpManagerRegisterCallback
[W]: Unknown function 0xeb7a3d84 in 'sceNp' module
[E]: TODO: sceNpManagerGetChatRestrictionFlag
[W]: Unknown function 0xee5b20d9 in 'sceNp' module
[E]: TODO: sceNpScoreAbortTransaction
[W]: Unknown function 0xf0b1e399 in 'sceNp' module
[E]: TODO: sceNpScoreRecordScoreAsync
[W]: Unknown function 0xf2b3338a in 'sceNp' module
[E]: TODO: sceNpBasicGetBlockListEntry
[W]: Unknown function 0xfd0eb5ae in 'sceNp' module
[E]: TODO: sceNpSignalingDeactivateConnection
[W]: Unknown function 0xfe37a7f4 in 'sceNp' module
[E]: TODO: sceNpManagerGetNpId
[W]: Unknown function 0x01379fd7 in 'sceNp2' module
[E]: TODO: sceNpMatching2DestroyContext
[W]: Unknown function 0x05bf2fbd in 'sceNp2' module
[E]: TODO: sceNpMatching2GetWorldInfoList
[W]: Unknown function 0x0d22867f in 'sceNp2' module
[E]: TODO: sceNpMatching2SearchRoom
[W]: Unknown function 0x16b3e5a4 in 'sceNp2' module
[E]: TODO: sceNpMatching2CreateServerContext
[W]: Unknown function 0x1f372697 in 'sceNp2' module
[E]: TODO: sceNpMatching2LeaveRoom
[W]: Unknown function 0x215b0d75 in 'sceNp2' module
[E]: TODO: sceNpMatching2SetRoomDataExternal
[W]: Unknown function 0x23009d07 in 'sceNp2' module
[E]: TODO: sceNpMatching2Term2
[W]: Unknown function 0x2ed909dc in 'sceNp2' module
[E]: TODO: sceNpMatching2AbortRequest
[W]: Unknown function 0x3457c0db in 'sceNp2' module
[E]: TODO: sceNpMatching2GetServerInfo
[W]: Unknown function 0x3c00c9d4 in 'sceNp2' module
[E]: TODO: sceNpMatching2GetEventData
[W]: Unknown function 0x41251f74 in 'sceNp2' module
[E]: TODO: sceNp2Init
[W]: Unknown function 0x5721e711 in 'sceNp2' module
[E]: TODO: sceNpMatching2JoinRoom
[W]: Unknown function 0x66f19527 in 'sceNp2' module
[E]: TODO: sceNpMatching2KickoutRoomMember
[W]: Unknown function 0x6ba4c668 in 'sceNp2' module
[E]: TODO: sceNpMatching2ContextStartAsync
[W]: Unknown function 0x748029a2 in 'sceNp2' module
[E]: TODO: sceNpMatching2RegisterContextCallback
[W]: Unknown function 0x817d1090 in 'sceNp2' module
[E]: TODO: sceNpMatching2SetRoomDataInternal
[W]: Unknown function 0x8d3f8d49 in 'sceNp2' module
[E]: TODO: sceNpMatching2SignalingGetPingInfo
[W]: Unknown function 0x8e5cfe9f in 'sceNp2' module
[E]: TODO: sceNpMatching2GetServerIdListLocal
[W]: Unknown function 0x9cbce3f2 in 'sceNp2' module
[E]: TODO: sceNpMatching2CreateContext
[W]: Unknown function 0xaadb7c12 in 'sceNp2' module
[E]: TODO: sceNp2Term
[W]: Unknown function 0xdcb6b27d in 'sceNp2' module
[E]: TODO: sceNpMatching2RegisterRoomEventCallback
[W]: Unknown function 0xe7a3bc7a in 'sceNp2' module
[E]: TODO: sceNpMatching2CreateJoinRoom
[W]: Unknown function 0xf4babd3f in 'sceNp2' module
[E]: TODO: sceNpMatching2Init2
[W]: Unknown module 'cellSysutilAvc2'
[W]: Unknown module 'cellSaveData'
[W]: Unknown module 'cellOskExtUtility'
[W]: Unknown function 0x8a561d92 in 'sysPrxForUser' module
[E]: TODO: _sys_heap_free
[W]: Unknown function 0xaede4b03 in 'sysPrxForUser' module
[E]: TODO: _sys_heap_delete_heap
[W]: Unknown function 0xdd3b27ac in 'sysPrxForUser' module
[E]: TODO: _sys_spu_printf_finalize
[W : PPU[1] Thread (CPUThread)[0x00939034]]: sys_lwmutex warning: *** lwmutex created [_lc_mtx] (attribute=0x12): sq_id = 3
[W : PPU[1] Thread (CPUThread)[0x0068ffa8]]: memory warning: sys_memory_get_user_memory_size(mem_info_addr=0xd0020c04)
[W : PPU[1] Thread (CPUThread)[0x00939034]]: sys_lwmutex warning: *** lwmutex created [_lc_mtx] (attribute=0x12): sq_id = 4
[W : PPU[1] Thread (CPUThread)[0x00939034]]: sys_lwmutex warning: *** lwmutex created [_lc_mtx] (attribute=0x12): sq_id = 5
[W : PPU[1] Thread (CPUThread)[0x00939034]]: sys_lwmutex warning: *** lwmutex created [_lc_mtx] (attribute=0x12): sq_id = 6
[W : PPU[1] Thread (CPUThread)[0x00939034]]: sys_lwmutex warning: *** lwmutex created [_lc_mtx] (attribute=0x12): sq_id = 7
[W : PPU[1] Thread (CPUThread)[0x00939034]]: sys_lwmutex warning: *** lwmutex created [_lc_mtx] (attribute=0x12): sq_id = 8
[W : PPU[1] Thread (CPUThread)[0x00939034]]: sys_lwmutex warning: *** lwmutex created [_lc_mtx] (attribute=0x12): sq_id = 9
[W : PPU[1] Thread (CPUThread)[0x00939034]]: sys_lwmutex warning: *** lwmutex created [_lc_mtx] (attribute=0x12): sq_id = 10
[W : PPU[1] Thread (CPUThread)[0x00939034]]: sys_lwmutex warning: *** lwmutex created [_lc_mtx] (attribute=0x12): sq_id = 11
[W : PPU[1] Thread (CPUThread)[0x00939034]]: sys_lwmutex warning: *** lwmutex created [_lc_mtx] (attribute=0x12): sq_id = 12
[W : PPU[1] Thread (CPUThread)[0x005fdc5c]]: memory warning: sys_memory_get_user_memory_size(mem_info_addr=0xd0020bb0)
[W : PPU[1] Thread (CPUThread)[0x00939034]]: sys_lwmutex warning: *** lwmutex created [] (attribute=0x22): sq_id = 13
[W : PPU[1] Thread (CPUThread)[0x00939034]]: sys_lwmutex warning: *** lwmutex created [] (attribute=0x22): sq_id = 14
[W : PPU[1] Thread (CPUThread)[0x00939034]]: sys_lwmutex warning: *** lwmutex created [] (attribute=0x22): sq_id = 15
[W : PPU[1] Thread (CPUThread)[0x00939034]]: sys_lwmutex warning: *** lwmutex created [] (attribute=0x22): sq_id = 16
[W : PPU[1] Thread (CPUThread)[0x00939034]]: sys_lwmutex warning: *** lwmutex created [] (attribute=0x22): sq_id = 17
[W : PPU[1] Thread (CPUThread)[0x00939034]]: sys_lwmutex warning: *** lwmutex created [] (attribute=0x22): sq_id = 18
[W : PPU[1] Thread (CPUThread)[0x00939034]]: sys_lwmutex warning: *** lwmutex created [] (attribute=0x22): sq_id = 19
[W : PPU[1] Thread (CPUThread)[0x00939034]]: sys_lwmutex warning: *** lwmutex created [] (attribute=0x22): sq_id = 20
[W : PPU[1] Thread (CPUThread)[0x00939034]]: sys_lwmutex warning: *** lwmutex created [] (attribute=0x22): sq_id = 21
[W : PPU[1] Thread (CPUThread)[0x00939034]]: sys_lwmutex warning: *** lwmutex created [] (attribute=0x22): sq_id = 22
[W : PPU[1] Thread (CPUThread)[0x0075f094]]: cellSysutil warning: cellSysutilGetSystemParamInt: CELL_SYSUTIL_SYSTEMPARAM_ID_LANG
[E : PPU[1] Thread (CPUThread)[0x0075f0b8]]: TODO: cellSysutilGetBgmPlaybackStatus2
[E : PPU[1] Thread (CPUThread)[0x0075f04c]]: TODO: cellSysutilEnableBgmPlayback
[W : PPU[1] Thread (CPUThread)[0x00923010]]: cellSysmodule warning: cellSysmoduleLoadModule(CELL_SYSMODULE_SYSUTIL_GAME)
[W : PPU[1] Thread (CPUThread)[0x00925028]]: cellGame warning: cellGameBootCheck(type_addr=0xd00209b4, attributes_addr=0xd00209b0, size_addr=0xd00209c0, dirName_addr=0x3ce1002c)
[W : PPU[1] Thread (CPUThread)[0x00925004]]: cellGame warning: cellGameContentPermit(contentInfoPath_addr=0x3ce100ad, usrdirPath_addr=0x3ce1012e)
[W : PPU[1] Thread (CPUThread)[0x00923004]]: cellSysmodule warning: cellSysmoduleUnloadModule(CELL_SYSMODULE_SYSUTIL_GAME)
[W : PPU[1] Thread (CPUThread)[0x0075f094]]: cellSysutil warning: cellSysutilGetSystemParamInt: CELL_SYSUTIL_SYSTEMPARAM_ID_ENTER_BUTTON_ASSIGN
[W : PPU[1] Thread (CPUThread)[0x0075f118]]: cellSysutil warning: cellSysutilRegisterCallback(slot=0, func_addr=0x7a2788, userdata=0x0)
[W : PPU[1] Thread (CPUThread)[0x00923010]]: cellSysmodule warning: cellSysmoduleLoadModule(CELL_SYSMODULE_IO)
[W : PPU[1] Thread (CPUThread)[0x00923010]]: cellSysmodule warning: cellSysmoduleLoadModule(CELL_SYSMODULE_FS)
[W : PPU[1] Thread (CPUThread)[0x00923010]]: cellSysmodule warning: cellSysmoduleLoadModule(CELL_SYSMODULE_GCM_SYS)
[W : PPU[1] Thread (CPUThread)[0x00923010]]: cellSysmodule warning: cellSysmoduleLoadModule(CELL_SYSMODULE_AUDIO)
[W : PPU[1] Thread (CPUThread)[0x00923010]]: cellSysmodule warning: cellSysmoduleLoadModule(CELL_SYSMODULE_FIBER)
[W : PPU[1] Thread (CPUThread)[0x00923010]]: cellSysmodule warning: cellSysmoduleLoadModule(CELL_SYSMODULE_L10N)
[W : PPU[1] Thread (CPUThread)[0x00923010]]: cellSysmodule warning: cellSysmoduleLoadModule(CELL_SYSMODULE_RTC)
[W : PPU[1] Thread (CPUThread)[0x00923010]]: cellSysmodule warning: cellSysmoduleLoadModule(CELL_SYSMODULE_VDEC_MPEG2)
[W : PPU[1] Thread (CPUThread)[0x00923010]]: cellSysmodule warning: cellSysmoduleLoadModule(CELL_SYSMODULE_SYSUTIL_NP2)
[W : PPU[1] Thread (CPUThread)[0x00923010]]: cellSysmodule warning: cellSysmoduleLoadModule(CELL_SYSMODULE_NET)
[W : PPU[1] Thread (CPUThread)[0x00939034]]: sys_lwmutex warning: *** lwmutex created [] (attribute=0x12): sq_id = 23
[W : PPU[1] Thread (CPUThread)[0x00669a68]]: sys_mutex warning: *** mutex created [] (protocol=0x2, recursive=true): id = 24
[W : PPU[1] Thread (CPUThread)[0x00669a9c]]: sys_cond warning: *** condition on recursive mutex(24)
[W : PPU[1] Thread (CPUThread)[0x00669a9c]]: sys_cond warning: *** condition created [] (mutex_id=24): id = 25
[W : PPU[1] Thread (CPUThread)[0x00939034]]: sys_lwmutex warning: *** lwmutex created [] (attribute=0x12): sq_id = 26
[W : PPU[1] Thread (CPUThread)[0x00939034]]: sys_lwmutex warning: *** lwmutex created [] (attribute=0x12): sq_id = 28
[W : PPU[1] Thread (CPUThread)[0x00939034]]: sys_lwmutex warning: *** lwmutex created [] (attribute=0x12): sq_id = 29
[W : PPU[1] Thread (CPUThread)[0x00939034]]: sys_lwmutex warning: *** lwmutex created [] (attribute=0x12): sq_id = 30
[W : PPU[1] Thread (CPUThread)[0x00669a68]]: sys_mutex warning: *** mutex created [] (protocol=0x2, recursive=true): id = 31
[W : PPU[1] Thread (CPUThread)[0x00669a9c]]: sys_cond warning: *** condition on recursive mutex(31)
[W : PPU[1] Thread (CPUThread)[0x00669a9c]]: sys_cond warning: *** condition created [] (mutex_id=31): id = 32
[W : PPU[1] Thread (CPUThread)[0x00939034]]: sys_lwmutex warning: *** lwmutex created [] (attribute=0x12): sq_id = 33
[W : PPU[1] Thread (CPUThread)[0x00939034]]: sys_lwmutex warning: *** lwmutex created [] (attribute=0x12): sq_id = 35
[W : PPU[1] Thread (CPUThread)[0x0092101c]]: *** cellFsOpen(path="/dev_bdvd/PS3_GAME/USRDIR/data/PS3/st_pack_ps3.dir"): fd = 36
[W : PPU[1] Thread (CPUThread)[0x00921004]]: sys_fs warning: cellFsClose(fd=36)
[W : PPU[1] Thread (CPUThread)[0x0092101c]]: *** cellFsOpen(path="/dev_bdvd/PS3_GAME/USRDIR/data/PS3/st_pack_boot_pt_ps3.afs"): fd = 37
[W : PPU[1] Thread (CPUThread)[0x0092101c]]: *** cellFsOpen(path="/dev_bdvd/PS3_GAME/USRDIR/data/PS3/st_pack_battle_character_pt_ps3.afs"): fd = 38
[W : PPU[1] Thread (CPUThread)[0x0092101c]]: *** cellFsOpen(path="/dev_bdvd/PS3_GAME/USRDIR/data/PS3/st_pack_battle_map_pt_ps3.afs"): fd = 39
[W : PPU[1] Thread (CPUThread)[0x0092101c]]: *** cellFsOpen(path="/dev_bdvd/PS3_GAME/USRDIR/data/PS3/st_pack_battle_others_pt_ps3.afs"): fd = 40
[W : PPU[1] Thread (CPUThread)[0x0092101c]]: *** cellFsOpen(path="/dev_bdvd/PS3_GAME/USRDIR/data/PS3/st_pack_progress_pt_ps3.afs"): fd = 41
[W : PPU[1] Thread (CPUThread)[0x0092101c]]: *** cellFsOpen(path="/dev_bdvd/PS3_GAME/USRDIR/data/PS3/st_pack_sound_pt_ps3.afs"): fd = 42
[W : PPU[1] Thread (CPUThread)[0x00939034]]: sys_lwmutex warning: *** lwmutex created [] (attribute=0x12): sq_id = 43
[W : PPU[1] Thread (CPUThread)[0x00622da8]]: sys_mutex warning: *** mutex created [] (protocol=0x2, recursive=true): id = 44
[W : PPU[1] Thread (CPUThread)[0x00622de0]]: sys_cond warning: *** condition on recursive mutex(44)
[W : PPU[1] Thread (CPUThread)[0x00622de0]]: sys_cond warning: *** condition created [] (mutex_id=44): id = 45
[W : PPU[1] Thread (CPUThread)[0x00622da8]]: sys_mutex warning: *** mutex created [] (protocol=0x2, recursive=true): id = 46
[W : PPU[1] Thread (CPUThread)[0x00622de0]]: sys_cond warning: *** condition on recursive mutex(46)
[W : PPU[1] Thread (CPUThread)[0x00622de0]]: sys_cond warning: *** condition created [] (mutex_id=46): id = 47
[W : PPU[1] Thread (CPUThread)[0x00622da8]]: sys_mutex warning: *** mutex created [] (protocol=0x2, recursive=true): id = 48
[W : PPU[1] Thread (CPUThread)[0x00622de0]]: sys_cond warning: *** condition on recursive mutex(48)
[W : PPU[1] Thread (CPUThread)[0x00622de0]]: sys_cond warning: *** condition created [] (mutex_id=48): id = 49
[W : PPU[1] Thread (CPUThread)[0x00622da8]]: sys_mutex warning: *** mutex created [] (protocol=0x2, recursive=true): id = 50
[W : PPU[1] Thread (CPUThread)[0x00622de0]]: sys_cond warning: *** condition on recursive mutex(50)
[W : PPU[1] Thread (CPUThread)[0x00622de0]]: sys_cond warning: *** condition created [] (mutex_id=50): id = 51
[W : PPU[1] Thread (CPUThread)[0x00939034]]: sys_lwmutex warning: *** lwmutex created [] (attribute=0x12): sq_id = 52
[W : PPU[1] Thread (CPUThread)[0x00939034]]: sys_lwmutex warning: *** lwmutex created [] (attribute=0x12): sq_id = 53
[W : PPU[1] Thread (CPUThread)[0x00939034]]: sys_lwmutex warning: *** lwmutex created [] (attribute=0x12): sq_id = 54
[W : PPU[1] Thread (CPUThread)[0x00939034]]: sys_lwmutex warning: *** lwmutex created [] (attribute=0x12): sq_id = 55
[W : PPU[1] Thread (CPUThread)[0x00939034]]: sys_lwmutex warning: *** lwmutex created [] (attribute=0x12): sq_id = 56
[W : PPU[1] Thread (CPUThread)[0x00939034]]: sys_lwmutex warning: *** lwmutex created [] (attribute=0x12): sq_id = 57
[W : PPU[1] Thread (CPUThread)[0x00939034]]: sys_lwmutex warning: *** lwmutex created [] (attribute=0x12): sq_id = 58
[W : PPU[1] Thread (CPUThread)[0x00939034]]: sys_lwmutex warning: *** lwmutex created [] (attribute=0x12): sq_id = 59
[W : PPU[1] Thread (CPUThread)[0x00939034]]: sys_lwmutex warning: *** lwmutex created [] (attribute=0x12): sq_id = 60
[W : PPU[1] Thread (CPUThread)[0x00939034]]: sys_lwmutex warning: *** lwmutex created [] (attribute=0x12): sq_id = 62
[W : PPU[1] Thread (CPUThread)[0x00939034]]: sys_lwmutex warning: *** lwmutex created [] (attribute=0x12): sq_id = 64
[W : PPU[1] Thread (CPUThread)[0x00939034]]: sys_lwmutex warning: *** lwmutex created [] (attribute=0x12): sq_id = 66
[W : PPU[1] Thread (CPUThread)[0x006232dc]]: sysPrxForUser warning: sys_ppu_thread_set_priority(thread_id=1, prio=1001)
[W : PPU[1] Thread (CPUThread)[0x0075f13c]]: cellSysutil warning: cellAudioOutGetSoundAvailability(audioOut=0, type=0, fs=0x4, option=0)
[W : PPU[1] Thread (CPUThread)[0x0075f13c]]: cellSysutil warning: cellAudioOutGetSoundAvailability(audioOut=0, type=1, fs=0x4, option=0)
[W : PPU[1] Thread (CPUThread)[0x0075f13c]]: cellSysutil warning: cellAudioOutGetSoundAvailability(audioOut=0, type=6, fs=0x4, option=0)
[W : PPU[1] Thread (CPUThread)[0x0075f0a0]]: cellSysutil warning: cellAudioOutConfigure(audioOut=0, config_addr=0xd0020928, option_addr=0x0, (!)waitForEvent=0)
[W : PPU[1] Thread (CPUThread)[0x0075f19c]]: cellSysutil warning: cellAudioOutGetState(audioOut=0x0,deviceIndex=0x0,state_addr=0xd002094c)
[W : PPU[1] Thread (CPUThread)[0x00917010]]: cellAudio warning: cellAudioInit()
[! : Audio Thread]: Audio started
[W : PPU[1] Thread (CPUThread)[0x009390e8]]: sys_heap warning: sys_heap_create_heap(heap_addr=0x72d5f0, align=0x20000, size=0x110000)
[W : PPU[1] Thread (CPUThread)[0x009390e8]]: sys_heap warning: *** sys_heap created: id = 68
[W : PPU[1] Thread (CPUThread)[0x00939064]]: sys_heap warning: _sys_heap_memalign(heap_id=68, align=0x10, size=0x1080)
[W : PPU[1] Thread (CPUThread)[0x00939034]]: sys_lwmutex warning: *** lwmutex created [_mxr004] (attribute=0x22): sq_id = 69
[W : PPU[1] Thread (CPUThread)[0x00939064]]: sys_heap warning: _sys_heap_memalign(heap_id=68, align=0x10, size=0x8280)
[W : PPU[1] Thread (CPUThread)[0x0060f4a8]]: sys_mutex warning: *** mutex created [_mxr005] (protocol=0x2, recursive=false): id = 70
[W : PPU[1] Thread (CPUThread)[0x0060f4cc]]: sys_cond warning: *** condition created [] (mutex_id=70): id = 71
[W : PPU[1] Thread (CPUThread)[0x0060f558]]: sys_mutex warning: *** mutex created [_mxr007] (protocol=0x2, recursive=false): id = 72
[W : PPU[1] Thread (CPUThread)[0x0060f57c]]: sys_cond warning: *** condition created [] (mutex_id=72): id = 73
[W : PPU[1] Thread (CPUThread)[0x0060f600]]: sys_mutex warning: *** mutex created [_mxr009] (protocol=0x2, recursive=false): id = 74
[W : PPU[1] Thread (CPUThread)[0x0060f624]]: sys_cond warning: *** condition created [] (mutex_id=74): id = 75
[W : PPU[1] Thread (CPUThread)[0x00939034]]: sys_lwmutex warning: *** lwmutex created [_mxr001] (attribute=0x22): sq_id = 77
[W : PPU[1] Thread (CPUThread)[0x00939034]]: sys_lwmutex warning: *** lwmutex created [_mxr002] (attribute=0x22): sq_id = 78
[W : PPU[1] Thread (CPUThread)[0x00939034]]: sys_lwmutex warning: *** lwmutex created [_mxr003] (attribute=0x22): sq_id = 80
[W : PPU[79] Thread (_cellsurMixerMain)[0x0061186c]]: sys_event warning: sys_event_queue_create(equeue_id_addr=0x8ef724, attr_addr=0x8f07d0, event_queue_key=0x8000cafe02460300, size=2)
[W : PPU[1] Thread (CPUThread)[0x00917070]]: cellAudio warning: cellAudioPortOpen(audioParam_addr=0x8ef768, portNum_addr=0x8ef6d8)
[W : PPU[79] Thread (_cellsurMixerMain)[0x0061186c]]: sys_event warning: *** event_queue created [_mxr000] (protocol=0x1, type=0x1): id = 81
[W : PPU[1] Thread (CPUThread)[0x00917070]]: cellAudio warning: *** audio port opened(nChannel=8, nBlock=8, attr=0x0, level=1.000000): port = 0
[W : PPU[1] Thread (CPUThread)[0x0091704c]]: cellAudio warning: cellAudioGetPortConfig(portNum=0x0, portConfig_addr=0x8ef788)
[W : PPU[1] Thread (CPUThread)[0x00939034]]: sys_lwmutex warning: *** lwmutex created [] (attribute=0x12): sq_id = 82
[W : PPU[1] Thread (CPUThread)[0x00917058]]: cellAudio warning: cellAudioPortStart(portNum=0x0)
[W : PPU[1] Thread (CPUThread)[0x0091701c]]: cellAudio warning: cellAudioSetNotifyEventQueue(key=0x8000cafe02460300)
[W : PPU[1] Thread (CPUThread)[0x00939034]]: sys_lwmutex warning: *** lwmutex created [] (attribute=0x12): sq_id = 83
[W : PPU[1] Thread (CPUThread)[0x00939034]]: sys_lwmutex warning: *** lwmutex created [] (attribute=0x12): sq_id = 84
[W : PPU[1] Thread (CPUThread)[0x00939034]]: sys_lwmutex warning: *** lwmutex created [] (attribute=0x12): sq_id = 85
[W : PPU[1] Thread (CPUThread)[0x00939034]]: sys_lwmutex warning: *** lwmutex created [] (attribute=0x12): sq_id = 86
[W : PPU[1] Thread (CPUThread)[0x00939034]]: sys_lwmutex warning: *** lwmutex created [] (attribute=0x12): sq_id = 87
[W : PPU[1] Thread (CPUThread)[0x00939034]]: sys_lwmutex warning: *** lwmutex created [] (attribute=0x12): sq_id = 88
[W : PPU[1] Thread (CPUThread)[0x00939034]]: sys_lwmutex warning: *** lwmutex created [] (attribute=0x12): sq_id = 89
[W : PPU[1] Thread (CPUThread)[0x00939034]]: sys_lwmutex warning: *** lwmutex created [] (attribute=0x12): sq_id = 90
[W : PPU[1] Thread (CPUThread)[0x00939034]]: sys_lwmutex warning: *** lwmutex created [] (attribute=0x12): sq_id = 91
[W : PPU[1] Thread (CPUThread)[0x00939034]]: sys_lwmutex warning: *** lwmutex created [] (attribute=0x12): sq_id = 92
[W : PPU[1] Thread (CPUThread)[0x00939034]]: sys_lwmutex warning: *** lwmutex created [] (attribute=0x22): sq_id = 93
[W : PPU[1] Thread (CPUThread)[0x00939034]]: sys_lwmutex warning: *** lwmutex created [] (attribute=0x22): sq_id = 94
[W : PPU[1] Thread (CPUThread)[0x005e2744]]: sys_spu warning: sys_spu_initialize(max_usable_spu=6, max_raw_spu=0)
[W : PPU[1] Thread (CPUThread)[0x009390b8]]: sysPrxForUser warning: sys_ppu_thread_once(once_ctrl_addr=0x8ff03c, entry=0x7aff00)
[W : PPU[95] Thread (CPUThread)[0x00939034]]: sys_lwmutex warning: *** lwmutex created [_lc_spf] (attribute=0x22): sq_id = 96
[W : Audio Thread]: Audio aborted
[W : PPU[79] Thread (_cellsurMixerMain)[0x00611a94]]: sys_event_queue_receive(equeue=81) aborted
[W : PPU[65] Thread (cri_adxm_fs_proc)[0x00622938]]: sys_cond_wait(id=47) aborted
[W : PPU[34] Thread (cri_dlg)[0x00669d54]]: sys_cond_wait(id=32) aborted
[W : PPU[27] Thread (cri_dlg)[0x00669d54]]: sys_cond_wait(id=25) aborted
[W : PPU[76] Thread (_sys_mixerSurBusReq)[0x0060e7b4]]: sys_cond_wait(id=71) aborted
[W : PPU[63] Thread (cri_adxm_vsync_proc)[0x00622938]]: sys_cond_wait(id=45) aborted
[W : PPU[67] Thread (cri_adxm_idle_proc)[0x00622938]]: sys_cond_wait(id=49) aborted
[!]: Closing memory...
