[!]: path: /dev_hdd0/game/
[!]: Loading 'D:\Emulateur\Rpcs3\dev_hdd0\game\MRTC00003-[FINAL FANTASY XIII]\PS3_GAME\USRDIR\BOOT.BIN'...
[!]: Mount info:
[!]: /dev_hdd0/ -> D:\Emulateur\Rpcs3\dev_hdd0\
[!]: /dev_hdd1/ -> D:\Emulateur\Rpcs3\dev_hdd1\
[!]: /dev_flash/ -> D:\Emulateur\Rpcs3\dev_flash\
[!]: /dev_usb000/ -> D:\Emulateur\Rpcs3\dev_usb000\
[!]: /dev_usb/ -> D:\Emulateur\Rpcs3\dev_usb000\
[!]: /app_home/ -> D:\Emulateur\Rpcs3\dev_hdd0\game\MRTC00003-[FINAL FANTASY XIII]\PS3_GAME\
[!]: /dev_bdvd/ -> D:\Emulateur\Rpcs3\dev_hdd0\game\MRTC00003-[FINAL FANTASY XIII]\PS3_GAME\\..\
[!]: /host_root/ -> 
[!]: / -> D:\Emulateur\Rpcs3\dev_hdd0\game\MRTC00003-[FINAL FANTASY XIII]\PS3_GAME\
[!]: Initing memory...
[!]: Memory initialized.
[W]: Unknown function 0x139a9e9b in 'sys_net' module
[E]: TODO: sys_net_initialize_network_ex
[W]: Unknown function 0x64f66d35 in 'sys_net' module
[E]: TODO: connect
[W]: Unknown function 0x6db6e8cd in 'sys_net' module
[E]: TODO: socketclose
[W]: Unknown function 0x88f03575 in 'sys_net' module
[E]: TODO: setsockopt
[W]: Unknown function 0x9c056962 in 'sys_net' module
[E]: TODO: socket
[W]: Unknown function 0xb0a59804 in 'sys_net' module
[E]: TODO: bind
[W]: Unknown function 0xdabbc2c0 in 'sys_net' module
[E]: TODO: inet_addr
[W]: Unknown function 0xdc751b40 in 'sys_net' module
[E]: TODO: send
[W]: Unknown function 0xfba04f37 in 'sys_net' module
[E]: TODO: recv
[W]: Unknown function 0x1dfbfdd6 in 'cellSysutil' module
[E]: TODO: cellSaveDataListLoad2
[W]: Unknown function 0x2a8eada2 in 'cellSysutil' module
[E]: TODO: cellSaveDataFixedLoad2
[W]: Unknown function 0x2de0d663 in 'cellSysutil' module
[E]: TODO: cellSaveDataListSave2
[W]: Unknown function 0xedadd797 in 'cellSysutil' module
[E]: TODO: cellSaveDataDelete2
[W]: Unknown function 0x0a862772 in 'cellGcmSys' module
[E]: TODO: cellGcmSetQueueHandler
[W]: Unknown function 0x626e8518 in 'cellGcmSys' module
[E]: TODO: cellGcmMapEaIoAddressWithFlags
[W]: Unknown function 0x63387071 in 'cellGcmSys' module
[E]: TODO: cellGcmGetLastFlipTime
[W]: Unknown function 0x99d397ac in 'cellGcmSys' module
[E]: TODO: cellGcmGetReport
[W]: Unknown function 0xacee8542 in 'cellGcmSys' module
[E]: TODO: cellGcmSetFlipImmediate
[W]: Unknown function 0xd01b570d in 'cellGcmSys' module
[E]: TODO: cellGcmSetGraphicsHandler
[W]: Unknown function 0xfce9e764 in 'cellGcmSys' module
[E]: TODO: cellGcmInitSystemMode
[W]: Unknown function 0xffe0160e in 'cellGcmSys' module
[E]: TODO: cellGcmSetVBlankFrequency
[W]: Unknown function 0x011ee38b in 'cellSpurs' module
[E]: TODO: _cellSpursLFQueueInitialize
[W]: Unknown function 0x07529113 in 'cellSpurs' module
[E]: TODO: cellSpursAttributeSetNamePrefix
[W]: Unknown function 0x082bfb09 in 'cellSpurs' module
[E]: TODO: _cellSpursQueueInitialize
[W]: Unknown function 0x1051d134 in 'cellSpurs' module
[E]: TODO: cellSpursAttributeEnableSpuPrintfIfAvailable
[W]: Unknown function 0x16394a4e in 'cellSpurs' module
[E]: TODO: _cellSpursTasksetAttributeInitialize
[W]: Unknown function 0x1656d49f in 'cellSpurs' module
[E]: TODO: cellSpursLFQueueAttachLv2EventQueue
[W]: Unknown function 0x1d344406 in 'cellSpurs' module
[E]: TODO: cellSpursTaskGetLoadableSegmentPattern
[W]: Unknown function 0x1d46fedf in 'cellSpurs' module
[E]: TODO: cellSpursCreateTaskWithAttribute
[W]: Unknown function 0x22aab31d in 'cellSpurs' module
[E]: TODO: cellSpursEventFlagDetachLv2EventQueue
[W]: Unknown function 0x303c19cd in 'cellSpurs' module
[E]: TODO: cellSpursCreateJobChainWithAttribute
[W]: Unknown function 0x3548f483 in 'cellSpurs' module
[E]: TODO: _cellSpursJobChainAttributeInitialize
[W]: Unknown function 0x373523d4 in 'cellSpurs' module
[E]: TODO: cellSpursEventFlagWait
[W]: Unknown function 0x4ac7bae4 in 'cellSpurs' module
[E]: TODO: cellSpursEventFlagClear
[W]: Unknown function 0x52cc6c82 in 'cellSpurs' module
[E]: TODO: cellSpursCreateTaskset
[W]: Unknown function 0x569674e3 in 'cellSpurs' module
[E]: TODO: cellSpursTraceInitialize
[W]: Unknown function 0x5ef96465 in 'cellSpurs' module
[E]: TODO: _cellSpursEventFlagInitialize
[W]: Unknown function 0x652b70e2 in 'cellSpurs' module
[E]: TODO: cellSpursTasksetAttributeSetName
[W]: Unknown function 0x68aaeba9 in 'cellSpurs' module
[E]: TODO: cellSpursJobGuardInitialize
[W]: Unknown function 0x6d2d9339 in 'cellSpurs' module
[E]: TODO: cellSpursEventFlagTryWait
[W]: Unknown function 0x738e40e6 in 'cellSpurs' module
[E]: TODO: cellSpursShutdownJobChain
[W]: Unknown function 0x73e06f91 in 'cellSpurs' module
[E]: TODO: cellSpursLFQueueDetachLv2EventQueue
[W]: Unknown function 0x7b9cbb74 in 'cellSpurs' module
[E]: TODO: cellSpursTraceFinalize
[W]: Unknown function 0x7cb33c2e in 'cellSpurs' module
[E]: TODO: cellSpursTaskGetReadOnlyAreaPattern
[W]: Unknown function 0x87630976 in 'cellSpurs' module
[E]: TODO: cellSpursEventFlagAttachLv2EventQueue
[W]: Unknown function 0x8a85674d in 'cellSpurs' module
[E]: TODO: _cellSpursLFQueuePushBody
[W]: Unknown function 0x92cff6ed in 'cellSpurs' module
[E]: TODO: cellSpursQueuePushBody
[W]: Unknown function 0x95180230 in 'cellSpurs' module
[E]: TODO: _cellSpursAttributeInitialize
[W]: Unknown function 0x9f72add3 in 'cellSpurs' module
[E]: TODO: cellSpursJoinTaskset
[W]: Unknown function 0x9fef70c2 in 'cellSpurs' module
[E]: TODO: cellSpursJobChainAttributeSetName
[W]: Unknown function 0xa789e631 in 'cellSpurs' module
[E]: TODO: cellSpursShutdownTaskset
[W]: Unknown function 0xa7c066de in 'cellSpurs' module
[E]: TODO: cellSpursJoinJobChain
[W]: Unknown function 0xa839a4d9 in 'cellSpurs' module
[E]: TODO: cellSpursAttributeSetSpuThreadGroupType
[W]: Unknown function 0xaa6269a8 in 'cellSpurs' module
[E]: TODO: cellSpursInitializeWithAttribute
[W]: Unknown function 0xb8474eff in 'cellSpurs' module
[E]: TODO: _cellSpursTaskAttributeInitialize
[W]: Unknown function 0xbb68d76e in 'cellSpurs' module
[E]: TODO: cellSpursJobChainAttributeSetHaltOnError
[W]: Unknown function 0xbeb600ac in 'cellSpurs' module
[E]: TODO: cellSpursCreateTask
[W]: Unknown function 0xc10931cb in 'cellSpurs' module
[E]: TODO: cellSpursCreateTasksetWithAttribute
[W]: Unknown function 0xc56defb5 in 'cellSpurs' module
[E]: TODO: cellSpursGetNumSpuThread
[W]: Unknown function 0xca4c4600 in 'cellSpurs' module
[E]: TODO: cellSpursFinalize
[W]: Unknown function 0xce853fbf in 'cellSpurs' module
[E]: TODO: cellSpursTraceStart
[W]: Unknown function 0xd5d0b256 in 'cellSpurs' module
[E]: TODO: cellSpursJobGuardNotify
[W]: Unknown function 0xddc81b5a in 'cellSpurs' module
[E]: TODO: cellSpursTraceStop
[W]: Unknown function 0xf31731bb in 'cellSpurs' module
[E]: TODO: cellSpursRunJobChain
[W]: Unknown function 0xf5507729 in 'cellSpurs' module
[E]: TODO: cellSpursEventFlagSet
[W]: Unknown function 0x4e66d483 in 'cellSpurs' module
[E]: TODO: cellSpursDetachLv2EventQueue
[W]: Unknown function 0xb9bc6207 in 'cellSpurs' module
[E]: TODO: cellSpursAttachLv2EventQueue
[W]: Unknown function 0xe0a6dbe4 in 'cellSpurs' module
[E]: TODO: _cellSpursSendSignal
[W]: Unknown function 0x0d5b4a14 in 'sys_fs' module
[E]: TODO: cellFsReadWithOffset
[W]: Unknown function 0x8cb722d5 in 'sys_fs' module
[E]: TODO: cellFsWriteWithOffset
[W]: Unknown function 0x967a162b in 'sys_fs' module
[E]: TODO: cellFsFsync
[W]: Unknown function 0x9b882495 in 'sys_fs' module
[E]: TODO: cellFsGetDirectoryEntries
[W]: Unknown function 0x5ae841e5 in 'cellSync' module
[E]: TODO: cellSyncQueuePush
[W]: Unknown function 0x0247c69e in 'cellSail' module
[E]: TODO: cellSailGraphicsAdapterGetFrame
[W]: Unknown function 0x1139a206 in 'cellSail' module
[E]: TODO: cellSailPlayerSetSoundAdapter
[W]: Unknown function 0x1872331b in 'cellSail' module
[E]: TODO: cellSailGraphicsAdapterPtsToTimePosition
[W]: Unknown function 0x18b4629d in 'cellSail' module
[E]: TODO: cellSailPlayerFinalize
[W]: Unknown function 0x18bcd21b in 'cellSail' module
[E]: TODO: cellSailPlayerSetGraphicsAdapter
[W]: Unknown function 0x1c983864 in 'cellSail' module
[E]: TODO: cellSailGraphicsAdapterInitialize
[W]: Unknown function 0x23654375 in 'cellSail' module
[E]: TODO: cellSailPlayerInitialize2
[W]: Unknown function 0x2e3ccb5e in 'cellSail' module
[E]: TODO: cellSailGraphicsAdapterSetPreferredFormat
[W]: Unknown function 0x346ebba3 in 'cellSail' module
[E]: TODO: cellSailMemAllocatorInitialize
[W]: Unknown function 0x34ecc1b9 in 'cellSail' module
[E]: TODO: cellSailPlayerOpenStream
[W]: Unknown function 0x3d0d3b72 in 'cellSail' module
[E]: TODO: cellSailSoundAdapterInitialize
[W]: Unknown function 0x44a20e79 in 'cellSail' module
[E]: TODO: cellSailGraphicsAdapterUpdateAvSync
[W]: Unknown function 0x4ae979df in 'cellSail' module
[E]: TODO: cellSailSoundAdapterPtsToTimePosition
[W]: Unknown function 0x54c53688 in 'cellSail' module
[E]: TODO: cellSailSourceNotifyInputEos
[W]: Unknown function 0x5f7c7a6f in 'cellSail' module
[E]: TODO: cellSailPlayerSetParameter
[W]: Unknown function 0x752f8585 in 'cellSail' module
[E]: TODO: cellSailPlayerGetDescriptorCount
[W]: Unknown function 0x76488bb1 in 'cellSail' module
[E]: TODO: cellSailGraphicsAdapterFinalize
[W]: Unknown function 0x764ec2d2 in 'cellSail' module
[E]: TODO: cellSailSourceNotifyCallCompleted
[W]: Unknown function 0x7c8dff3b in 'cellSail' module
[E]: TODO: cellSailPlayerAddDescriptor
[W]: Unknown function 0x7eb8d6b5 in 'cellSail' module
[E]: TODO: cellSailSoundAdapterGetFrame
[W]: Unknown function 0x85beffcc in 'cellSail' module
[E]: TODO: cellSailPlayerCloseStream
[W]: Unknown function 0x95ee1695 in 'cellSail' module
[E]: TODO: cellSailSourceNotifyStreamOut
[W]: Unknown function 0x9d30bdce in 'cellSail' module
[E]: TODO: cellSailSourceInitialize
[W]: Unknown function 0xbdf21b0f in 'cellSail' module
[E]: TODO: cellSailPlayerBoot
[W]: Unknown function 0xbedccc74 in 'cellSail' module
[E]: TODO: cellSailPlayerRegisterSource
[W]: Unknown function 0xd1462438 in 'cellSail' module
[E]: TODO: cellSailSoundAdapterFinalize
[W]: Unknown function 0xd1d55a90 in 'cellSail' module
[E]: TODO: cellSailPlayerSetPaused
[W]: Unknown function 0xd5f9a15b in 'cellSail' module
[E]: TODO: cellSailDescriptorGetStreamType
[W]: Unknown function 0xd7938b8d in 'cellSail' module
[E]: TODO: cellSailPlayerCreateDescriptor
[W]: Unknown function 0xe535b0d3 in 'cellSail' module
[E]: TODO: cellSailPlayerStart
[W]: Unknown function 0xeba8d4ec in 'cellSail' module
[E]: TODO: cellSailPlayerStop
[W]: Unknown function 0xee724c99 in 'cellSail' module
[E]: TODO: cellSailSourceFinalize
[W]: Unknown function 0xeec22809 in 'cellSail' module
[E]: TODO: cellSailSoundAdapterUpdateAvSync
[W]: Unknown function 0xf25f197d in 'cellSail' module
[E]: TODO: cellSailSoundAdapterGetFormat
[W]: Unknown function 0xfc839bd4 in 'cellSail' module
[E]: TODO: cellSailPlayerDestroyDescriptor
[W]: Unknown function 0xffd58aa4 in 'cellSail' module
[E]: TODO: cellSailGraphicsAdapterGetFormat
[W]: Unknown function 0x0c44f441 in 'cellFiber' module
[E]: TODO: cellFiberPpuYield
[W]: Unknown function 0x12b1acf0 in 'cellFiber' module
[E]: TODO: cellFiberPpuRunFibers
[W]: Unknown function 0x5d9a7034 in 'cellFiber' module
[E]: TODO: cellFiberPpuSelf
[W]: Unknown function 0x7c2f4034 in 'cellFiber' module
[E]: TODO: cellFiberPpuCreateFiber
[W]: Unknown function 0x8b6baa01 in 'cellFiber' module
[E]: TODO: cellFiberPpuFinalizeScheduler
[W]: Unknown function 0x9e25c72d in 'cellFiber' module
[E]: TODO: _cellFiberPpuSchedulerAttributeInitialize
[W]: Unknown function 0xa4599cf3 in 'cellFiber' module
[E]: TODO: cellFiberPpuWaitFlag
[W]: Unknown function 0xa6004249 in 'cellFiber' module
[E]: TODO: cellFiberPpuJoinFiber
[W]: Unknown function 0xb0594b2d in 'cellFiber' module
[E]: TODO: cellFiberPpuGetScheduler
[W]: Unknown function 0xc11f8056 in 'cellFiber' module
[E]: TODO: _cellFiberPpuAttributeInitialize
[W]: Unknown function 0xe492a675 in 'cellFiber' module
[E]: TODO: cellFiberPpuHasRunnableFiber
[W]: Unknown function 0xee3b604d in 'cellFiber' module
[E]: TODO: cellFiberPpuInitializeScheduler
[W]: Unknown function 0xf6c6900c in 'cellFiber' module
[E]: TODO: cellFiberPpuCheckFlags
[W]: Unknown function 0x55870804 in 'cellFiber' module
[E]: TODO: _cellFiberPpuInitialize
[W]: Unknown module 'cellSysutilAvconfExt'
[W]: Unknown function 0x5267cb35 in 'sysPrxForUser' module
[E]: TODO: sys_spinlock_unlock
[W]: Unknown function 0x8a561d92 in 'sysPrxForUser' module
[E]: TODO: _sys_heap_free
[W]: Unknown function 0x8c2bb498 in 'sysPrxForUser' module
[E]: TODO: sys_spinlock_initialize
[W]: Unknown function 0xa285139d in 'sysPrxForUser' module
[E]: TODO: sys_spinlock_lock
[W]: Unknown function 0xaede4b03 in 'sysPrxForUser' module
[E]: TODO: _sys_heap_delete_heap
[W]: Unknown function 0xdd3b27ac in 'sysPrxForUser' module
[E]: TODO: _sys_spu_printf_finalize
[W : PPU[1] Thread (CPUThread)[0x013e604c]]: sys_lwmutex warning: *** lwmutex created [_lc_mtx] (attribute=0x12): sq_id = 3
[W : PPU[1] Thread (CPUThread)[0x00a6576c]]: memory warning: sys_memory_get_user_memory_size(mem_info_addr=0xd0020c04)
[W : PPU[1] Thread (CPUThread)[0x013e604c]]: sys_lwmutex warning: *** lwmutex created [_lc_mtx] (attribute=0x12): sq_id = 4
[W : PPU[1] Thread (CPUThread)[0x013e604c]]: sys_lwmutex warning: *** lwmutex created [_lc_mtx] (attribute=0x12): sq_id = 5
[W : PPU[1] Thread (CPUThread)[0x013e604c]]: sys_lwmutex warning: *** lwmutex created [_lc_mtx] (attribute=0x12): sq_id = 6
[W : PPU[1] Thread (CPUThread)[0x013e604c]]: sys_lwmutex warning: *** lwmutex created [_lc_mtx] (attribute=0x12): sq_id = 7
[W : PPU[1] Thread (CPUThread)[0x013e604c]]: sys_lwmutex warning: *** lwmutex created [_lc_mtx] (attribute=0x12): sq_id = 8
[W : PPU[1] Thread (CPUThread)[0x013e604c]]: sys_lwmutex warning: *** lwmutex created [_lc_mtx] (attribute=0x12): sq_id = 9
[W : PPU[1] Thread (CPUThread)[0x013e604c]]: sys_lwmutex warning: *** lwmutex created [_lc_mtx] (attribute=0x12): sq_id = 10
[W : PPU[1] Thread (CPUThread)[0x013e604c]]: sys_lwmutex warning: *** lwmutex created [_lc_mtx] (attribute=0x12): sq_id = 11
[W : PPU[1] Thread (CPUThread)[0x013e604c]]: sys_lwmutex warning: *** lwmutex created [_lc_mtx] (attribute=0x12): sq_id = 12
[W : PPU[1] Thread (CPUThread)[0x013e604c]]: sys_lwmutex warning: *** lwmutex created [_lc_mtx] (attribute=0x12): sq_id = 13
[W : PPU[1] Thread (CPUThread)[0x013e604c]]: sys_lwmutex warning: *** lwmutex created [_lc_mtx] (attribute=0x12): sq_id = 14
[W : PPU[1] Thread (CPUThread)[0x013e604c]]: sys_lwmutex warning: *** lwmutex created [_lc_mtx] (attribute=0x12): sq_id = 15
[W : PPU[1] Thread (CPUThread)[0x013e604c]]: sys_lwmutex warning: *** lwmutex created [_lc_mtx] (attribute=0x12): sq_id = 16
[W : PPU[1] Thread (CPUThread)[0x013e604c]]: sys_lwmutex warning: *** lwmutex created [_lc_mtx] (attribute=0x12): sq_id = 17
[W : PPU[1] Thread (CPUThread)[0x013e604c]]: sys_lwmutex warning: *** lwmutex created [_lc_mtx] (attribute=0x12): sq_id = 18
[W : PPU[1] Thread (CPUThread)[0x013e604c]]: sys_lwmutex warning: *** lwmutex created [_lc_mtx] (attribute=0x12): sq_id = 19
[W : PPU[1] Thread (CPUThread)[0x013e604c]]: sys_lwmutex warning: *** lwmutex created [_lc_mtx] (attribute=0x12): sq_id = 20
[W : PPU[1] Thread (CPUThread)[0x013e604c]]: sys_lwmutex warning: *** lwmutex created [_lc_mtx] (attribute=0x12): sq_id = 21
[W : PPU[1] Thread (CPUThread)[0x013e604c]]: sys_lwmutex warning: *** lwmutex created [_lc_mtx] (attribute=0x12): sq_id = 22
[W : PPU[1] Thread (CPUThread)[0x013e604c]]: sys_lwmutex warning: *** lwmutex created [_lc_mtx] (attribute=0x12): sq_id = 23
[W : PPU[1] Thread (CPUThread)[0x013e604c]]: sys_lwmutex warning: *** lwmutex created [_lc_mtx] (attribute=0x12): sq_id = 24
[W : PPU[1] Thread (CPUThread)[0x013e604c]]: sys_lwmutex warning: *** lwmutex created [] (attribute=0x12): sq_id = 25
[E : PPU[1] Thread (CPUThread)[0x013e60c4]]: TODO: sys_spinlock_initialize
[E : PPU[1] Thread (CPUThread)[0x013e60dc]]: TODO: sys_spinlock_lock
[E : PPU[1] Thread (CPUThread)[0x013e6094]]: TODO: sys_spinlock_unlock
[E : PPU[1] Thread (CPUThread)[0x013e60dc]]: TODO: sys_spinlock_lock
[E : PPU[1] Thread (CPUThread)[0x013e6094]]: TODO: sys_spinlock_unlock
[E : PPU[1] Thread (CPUThread)[0x013e60dc]]: TODO: sys_spinlock_lock
[E : PPU[1] Thread (CPUThread)[0x013e6094]]: TODO: sys_spinlock_unlock
[E : PPU[1] Thread (CPUThread)[0x013e60dc]]: TODO: sys_spinlock_lock
[E : PPU[1] Thread (CPUThread)[0x013e6094]]: TODO: sys_spinlock_unlock
[E : PPU[1] Thread (CPUThread)[0x013e60dc]]: TODO: sys_spinlock_lock
[E : PPU[1] Thread (CPUThread)[0x013e6094]]: TODO: sys_spinlock_unlock
[E : PPU[1] Thread (CPUThread)[0x013e60dc]]: TODO: sys_spinlock_lock
[E : PPU[1] Thread (CPUThread)[0x013e6094]]: TODO: sys_spinlock_unlock
[E : PPU[1] Thread (CPUThread)[0x013e60dc]]: TODO: sys_spinlock_lock
[E : PPU[1] Thread (CPUThread)[0x013e6094]]: TODO: sys_spinlock_unlock
[E : PPU[1] Thread (CPUThread)[0x013e60dc]]: TODO: sys_spinlock_lock
[E : PPU[1] Thread (CPUThread)[0x013e6094]]: TODO: sys_spinlock_unlock
[E : PPU[1] Thread (CPUThread)[0x013e60dc]]: TODO: sys_spinlock_lock
[E : PPU[1] Thread (CPUThread)[0x013e6094]]: TODO: sys_spinlock_unlock
[E : PPU[1] Thread (CPUThread)[0x013e60dc]]: TODO: sys_spinlock_lock
[E : PPU[1] Thread (CPUThread)[0x013e6094]]: TODO: sys_spinlock_unlock
[E : PPU[1] Thread (CPUThread)[0x013e60dc]]: TODO: sys_spinlock_lock
[E : PPU[1] Thread (CPUThread)[0x013e6094]]: TODO: sys_spinlock_unlock
[E : PPU[1] Thread (CPUThread)[0x013e60dc]]: TODO: sys_spinlock_lock
[E : PPU[1] Thread (CPUThread)[0x013e6094]]: TODO: sys_spinlock_unlock
[E : PPU[1] Thread (CPUThread)[0x013e60dc]]: TODO: sys_spinlock_lock
[E : PPU[1] Thread (CPUThread)[0x013e6094]]: TODO: sys_spinlock_unlock
[E : PPU[1] Thread (CPUThread)[0x013e60dc]]: TODO: sys_spinlock_lock
[E : PPU[1] Thread (CPUThread)[0x013e6094]]: TODO: sys_spinlock_unlock
[W : PPU[1] Thread (CPUThread)[0x013e604c]]: sys_lwmutex warning: *** lwmutex created [] (attribute=0x12): sq_id = 26
[E : PPU[1] Thread (CPUThread)[0x013e60dc]]: TODO: sys_spinlock_lock
[E : PPU[1] Thread (CPUThread)[0x013e6094]]: TODO: sys_spinlock_unlock
[E : PPU[1] Thread (CPUThread)[0x013e60dc]]: TODO: sys_spinlock_lock
[E : PPU[1] Thread (CPUThread)[0x013e6094]]: TODO: sys_spinlock_unlock
[E : PPU[1] Thread (CPUThread)[0x013e60dc]]: TODO: sys_spinlock_lock
[E : PPU[1] Thread (CPUThread)[0x013e6094]]: TODO: sys_spinlock_unlock
[E : PPU[1] Thread (CPUThread)[0x013e60dc]]: TODO: sys_spinlock_lock
[E : PPU[1] Thread (CPUThread)[0x013e6094]]: TODO: sys_spinlock_unlock
[E : PPU[1] Thread (CPUThread)[0x013e60dc]]: TODO: sys_spinlock_lock
[E : PPU[1] Thread (CPUThread)[0x013e6094]]: TODO: sys_spinlock_unlock
[E : PPU[1] Thread (CPUThread)[0x013e60dc]]: TODO: sys_spinlock_lock
[E : PPU[1] Thread (CPUThread)[0x013e6094]]: TODO: sys_spinlock_unlock
[E : PPU[1] Thread (CPUThread)[0x013e60dc]]: TODO: sys_spinlock_lock
[E : PPU[1] Thread (CPUThread)[0x013e6094]]: TODO: sys_spinlock_unlock
[E : PPU[1] Thread (CPUThread)[0x013e60dc]]: TODO: sys_spinlock_lock
[E : PPU[1] Thread (CPUThread)[0x013e6094]]: TODO: sys_spinlock_unlock
[E : PPU[1] Thread (CPUThread)[0x013e60dc]]: TODO: sys_spinlock_lock
[E : PPU[1] Thread (CPUThread)[0x013e6094]]: TODO: sys_spinlock_unlock
[E : PPU[1] Thread (CPUThread)[0x013e60c4]]: TODO: sys_spinlock_initialize
[E : PPU[1] Thread (CPUThread)[0x013e60dc]]: TODO: sys_spinlock_lock
[E : PPU[1] Thread (CPUThread)[0x013e6094]]: TODO: sys_spinlock_unlock
[E : PPU[1] Thread (CPUThread)[0x013e60dc]]: TODO: sys_spinlock_lock
[E : PPU[1] Thread (CPUThread)[0x013e6094]]: TODO: sys_spinlock_unlock
[W : PPU[1] Thread (CPUThread)[0x013e604c]]: sys_lwmutex warning: *** lwmutex created [] (attribute=0x12): sq_id = 27
[E : PPU[1] Thread (CPUThread)[0x013e60c4]]: TODO: sys_spinlock_initialize
[W : PPU[1] Thread (CPUThread)[0x013e604c]]: sys_lwmutex warning: *** lwmutex created [] (attribute=0x12): sq_id = 28
[E : PPU[1] Thread (CPUThread)[0x013e60dc]]: TODO: sys_spinlock_lock
[E : PPU[1] Thread (CPUThread)[0x013e6094]]: TODO: sys_spinlock_unlock
[E : PPU[1] Thread (CPUThread)[0x013e60dc]]: TODO: sys_spinlock_lock
[E : PPU[1] Thread (CPUThread)[0x013e6094]]: TODO: sys_spinlock_unlock
[E : PPU[1] Thread (CPUThread)[0x013e60dc]]: TODO: sys_spinlock_lock
[E : PPU[1] Thread (CPUThread)[0x013e6094]]: TODO: sys_spinlock_unlock
[E : PPU[1] Thread (CPUThread)[0x013e60dc]]: TODO: sys_spinlock_lock
[E : PPU[1] Thread (CPUThread)[0x013e6094]]: TODO: sys_spinlock_unlock
[E : PPU[1] Thread (CPUThread)[0x013e60dc]]: TODO: sys_spinlock_lock
[E : PPU[1] Thread (CPUThread)[0x013e6094]]: TODO: sys_spinlock_unlock
[E : PPU[1] Thread (CPUThread)[0x013e60dc]]: TODO: sys_spinlock_lock
[E : PPU[1] Thread (CPUThread)[0x013e6094]]: TODO: sys_spinlock_unlock
[E : PPU[1] Thread (CPUThread)[0x013e60dc]]: TODO: sys_spinlock_lock
[E : PPU[1] Thread (CPUThread)[0x013e6094]]: TODO: sys_spinlock_unlock
[E : PPU[1] Thread (CPUThread)[0x013e60dc]]: TODO: sys_spinlock_lock
[E : PPU[1] Thread (CPUThread)[0x013e6094]]: TODO: sys_spinlock_unlock
[W : PPU[1] Thread (CPUThread)[0x013e604c]]: sys_lwmutex warning: *** lwmutex created [] (attribute=0x11): sq_id = 29
[W : PPU[1] Thread (CPUThread)[0x013e604c]]: sys_lwmutex warning: *** lwmutex created [] (attribute=0x11): sq_id = 30
[W : PPU[1] Thread (CPUThread)[0x013e604c]]: sys_lwmutex warning: *** lwmutex created [] (attribute=0x11): sq_id = 31
[W : PPU[1] Thread (CPUThread)[0x013e604c]]: sys_lwmutex warning: *** lwmutex created [] (attribute=0x11): sq_id = 32
[E : PPU[1] Thread (CPUThread)[0x013e60dc]]: TODO: sys_spinlock_lock
[E : PPU[1] Thread (CPUThread)[0x013e6094]]: TODO: sys_spinlock_unlock
[W : PPU[1] Thread (CPUThread)[0x013e604c]]: sys_lwmutex warning: *** lwmutex created [] (attribute=0x11): sq_id = 33
[W : PPU[1] Thread (CPUThread)[0x013e604c]]: sys_lwmutex warning: *** lwmutex created [] (attribute=0x12): sq_id = 34
[W : PPU[1] Thread (CPUThread)[0x013e604c]]: sys_lwmutex warning: *** lwmutex created [] (attribute=0x11): sq_id = 35
[W : PPU[1] Thread (CPUThread)[0x013e604c]]: sys_lwmutex warning: *** lwmutex created [] (attribute=0x11): sq_id = 36
[W : PPU[1] Thread (CPUThread)[0x013e604c]]: sys_lwmutex warning: *** lwmutex created [] (attribute=0x11): sq_id = 37
[W : PPU[1] Thread (CPUThread)[0x013e604c]]: sys_lwmutex warning: *** lwmutex created [] (attribute=0x11): sq_id = 38
[W : PPU[1] Thread (CPUThread)[0x013e604c]]: sys_lwmutex warning: *** lwmutex created [] (attribute=0x11): sq_id = 39
[W : PPU[1] Thread (CPUThread)[0x013e604c]]: sys_lwmutex warning: *** lwmutex created [] (attribute=0x11): sq_id = 40
[W : PPU[1] Thread (CPUThread)[0x013e604c]]: sys_lwmutex warning: *** lwmutex created [] (attribute=0x11): sq_id = 41
[W : PPU[1] Thread (CPUThread)[0x013e604c]]: sys_lwmutex warning: *** lwmutex created [] (attribute=0x11): sq_id = 42
[W : PPU[1] Thread (CPUThread)[0x013e604c]]: sys_lwmutex warning: *** lwmutex created [] (attribute=0x11): sq_id = 43
[W : PPU[1] Thread (CPUThread)[0x013e604c]]: sys_lwmutex warning: *** lwmutex created [] (attribute=0x11): sq_id = 44
[W : PPU[1] Thread (CPUThread)[0x013e604c]]: sys_lwmutex warning: *** lwmutex created [] (attribute=0x11): sq_id = 45
[E : PPU[1] Thread (CPUThread)[0x013e60dc]]: TODO: sys_spinlock_lock
[E : PPU[1] Thread (CPUThread)[0x013e6094]]: TODO: sys_spinlock_unlock
[W : PPU[1] Thread (CPUThread)[0x013e604c]]: sys_lwmutex warning: *** lwmutex created [] (attribute=0x11): sq_id = 46
[E : PPU[1] Thread (CPUThread)[0x013e60dc]]: TODO: sys_spinlock_lock
[E : PPU[1] Thread (CPUThread)[0x013e6094]]: TODO: sys_spinlock_unlock
[E : PPU[1] Thread (CPUThread)[0x013e60dc]]: TODO: sys_spinlock_lock
[E : PPU[1] Thread (CPUThread)[0x013e6094]]: TODO: sys_spinlock_unlock
[W : PPU[1] Thread (CPUThread)[0x013e604c]]: sys_lwmutex warning: *** lwmutex created [] (attribute=0x12): sq_id = 47
[W : PPU[1] Thread (CPUThread)[0x013e604c]]: sys_lwmutex warning: *** lwmutex created [] (attribute=0x12): sq_id = 48
[W : PPU[1] Thread (CPUThread)[0x013e604c]]: sys_lwmutex warning: *** lwmutex created [] (attribute=0x11): sq_id = 49
[W : PPU[1] Thread (CPUThread)[0x013e604c]]: sys_lwmutex warning: *** lwmutex created [] (attribute=0x11): sq_id = 50
[W : PPU[1] Thread (CPUThread)[0x013e604c]]: sys_lwmutex warning: *** lwmutex created [] (attribute=0x11): sq_id = 51
[W : PPU[1] Thread (CPUThread)[0x013e604c]]: sys_lwmutex warning: *** lwmutex created [] (attribute=0x11): sq_id = 52
[W : PPU[1] Thread (CPUThread)[0x013e604c]]: sys_lwmutex warning: *** lwmutex created [] (attribute=0x11): sq_id = 53
[W : PPU[1] Thread (CPUThread)[0x013e604c]]: sys_lwmutex warning: *** lwmutex created [] (attribute=0x11): sq_id = 54
[W : PPU[1] Thread (CPUThread)[0x013e604c]]: sys_lwmutex warning: *** lwmutex created [] (attribute=0x11): sq_id = 55
[W : PPU[1] Thread (CPUThread)[0x013e604c]]: sys_lwmutex warning: *** lwmutex created [] (attribute=0x11): sq_id = 56
[W : PPU[1] Thread (CPUThread)[0x013e604c]]: sys_lwmutex warning: *** lwmutex created [] (attribute=0x11): sq_id = 57
[W : PPU[1] Thread (CPUThread)[0x013e604c]]: sys_lwmutex warning: *** lwmutex created [] (attribute=0x11): sq_id = 58
[W : PPU[1] Thread (CPUThread)[0x013e604c]]: sys_lwmutex warning: *** lwmutex created [] (attribute=0x11): sq_id = 59
[E : PPU[1] Thread (CPUThread)[0x013e60dc]]: TODO: sys_spinlock_lock
[E : PPU[1] Thread (CPUThread)[0x013e6094]]: TODO: sys_spinlock_unlock
[W : PPU[1] Thread (CPUThread)[0x013e604c]]: sys_lwmutex warning: *** lwmutex created [] (attribute=0x11): sq_id = 60
[W : PPU[1] Thread (CPUThread)[0x013e604c]]: sys_lwmutex warning: *** lwmutex created [] (attribute=0x11): sq_id = 61
[W : PPU[1] Thread (CPUThread)[0x013e604c]]: sys_lwmutex warning: *** lwmutex created [] (attribute=0x11): sq_id = 62
[W : PPU[1] Thread (CPUThread)[0x00896274]]: memory warning: sys_memory_get_user_memory_size(mem_info_addr=0xd00208ac)
[W : PPU[1] Thread (CPUThread)[0x013cc088]]: cellSysutil warning: cellSysutilRegisterCallback(slot=0, func_addr=0x1115a98, userdata=0x0)
[W : PPU[1] Thread (CPUThread)[0x013d6010]]: cellSysmodule warning: cellSysmoduleLoadModule(CELL_SYSMODULE_FS)
[W : PPU[1] Thread (CPUThread)[0x013d6010]]: cellSysmodule warning: cellSysmoduleLoadModule(CELL_SYSMODULE_AVCONF_EXT)
[W : PPU[1] Thread (CPUThread)[0x013d6010]]: cellSysmodule warning: cellSysmoduleLoadModule(CELL_SYSMODULE_SYSUTIL_NP_TROPHY)
[W : PPU[1] Thread (CPUThread)[0x013d6010]]: cellSysmodule warning: cellSysmoduleLoadModule(CELL_SYSMODULE_SYSUTIL_GAME)
[W : PPU[1] Thread (CPUThread)[0x00896304]]: sys_spu warning: sys_spu_initialize(max_usable_spu=6, max_raw_spu=0)
[E : PPU[1] Thread (CPUThread)[0x013d213c]]: TODO: _cellSpursAttributeInitialize
[E : PPU[1] Thread (CPUThread)[0x013d2010]]: TODO: cellSpursAttributeSetNamePrefix
[E : PPU[1] Thread (CPUThread)[0x013d2178]]: TODO: cellSpursAttributeSetSpuThreadGroupType
[E : PPU[1] Thread (CPUThread)[0x013d2184]]: TODO: cellSpursInitializeWithAttribute
[E : PPU[1] Thread (CPUThread)[0x013d213c]]: TODO: _cellSpursAttributeInitialize
[E : PPU[1] Thread (CPUThread)[0x013d2010]]: TODO: cellSpursAttributeSetNamePrefix
[E : PPU[1] Thread (CPUThread)[0x013d2184]]: TODO: cellSpursInitializeWithAttribute
[E : PPU[1] Thread (CPUThread)[0x013e60c4]]: TODO: sys_spinlock_initialize
[E : PPU[1] Thread (CPUThread)[0x013e60c4]]: TODO: sys_spinlock_initialize
[E : PPU[1] Thread (CPUThread)[0x013e60dc]]: TODO: sys_spinlock_lock
[E : PPU[1] Thread (CPUThread)[0x013e60dc]]: TODO: sys_spinlock_lock
[E : PPU[1] Thread (CPUThread)[0x013e6094]]: TODO: sys_spinlock_unlock
[E : PPU[1] Thread (CPUThread)[0x013e6094]]: TODO: sys_spinlock_unlock
[E : PPU[1] Thread (CPUThread)[0x013e60c4]]: TODO: sys_spinlock_initialize
[E : PPU[1] Thread (CPUThread)[0x013e60dc]]: TODO: sys_spinlock_lock
[E : PPU[1] Thread (CPUThread)[0x013e60dc]]: TODO: sys_spinlock_lock
[E : PPU[1] Thread (CPUThread)[0x013e6094]]: TODO: sys_spinlock_unlock
[E : PPU[1] Thread (CPUThread)[0x013e6094]]: TODO: sys_spinlock_unlock
[E : PPU[1] Thread (CPUThread)[0x013e60c4]]: TODO: sys_spinlock_initialize
[E : PPU[1] Thread (CPUThread)[0x013e60c4]]: TODO: sys_spinlock_initialize
[E : PPU[1] Thread (CPUThread)[0x013e60dc]]: TODO: sys_spinlock_lock
[E : PPU[1] Thread (CPUThread)[0x013e60dc]]: TODO: sys_spinlock_lock
[E : PPU[1] Thread (CPUThread)[0x013e6094]]: TODO: sys_spinlock_unlock
[E : PPU[1] Thread (CPUThread)[0x013e6094]]: TODO: sys_spinlock_unlock
[W : PPU[1] Thread (CPUThread)[0x013e604c]]: sys_lwmutex warning: *** lwmutex created [] (attribute=0x12): sq_id = 63
[E : PPU[1] Thread (CPUThread)[0x013e60dc]]: TODO: sys_spinlock_lock
[E : PPU[1] Thread (CPUThread)[0x013e6094]]: TODO: sys_spinlock_unlock
[E : PPU[1] Thread (CPUThread)[0x013e60dc]]: TODO: sys_spinlock_lock
[E : PPU[1] Thread (CPUThread)[0x013e60dc]]: TODO: sys_spinlock_lock
[E : PPU[1] Thread (CPUThread)[0x013e6094]]: TODO: sys_spinlock_unlock
[E : PPU[1] Thread (CPUThread)[0x013e6094]]: TODO: sys_spinlock_unlock
[W : PPU[1] Thread (CPUThread)[0x013e604c]]: sys_lwmutex warning: *** lwmutex created [] (attribute=0x12): sq_id = 64
[E : PPU[1] Thread (CPUThread)[0x013e60dc]]: TODO: sys_spinlock_lock
[E : PPU[1] Thread (CPUThread)[0x013e6094]]: TODO: sys_spinlock_unlock
[E : PPU[1] Thread (CPUThread)[0x013e60dc]]: TODO: sys_spinlock_lock
[E : PPU[1] Thread (CPUThread)[0x013e60dc]]: TODO: sys_spinlock_lock
[E : PPU[1] Thread (CPUThread)[0x013e6094]]: TODO: sys_spinlock_unlock
[E : PPU[1] Thread (CPUThread)[0x013e6094]]: TODO: sys_spinlock_unlock
[W : PPU[1] Thread (CPUThread)[0x013e604c]]: sys_lwmutex warning: *** lwmutex created [] (attribute=0x12): sq_id = 65
[E : PPU[1] Thread (CPUThread)[0x013e60dc]]: TODO: sys_spinlock_lock
[E : PPU[1] Thread (CPUThread)[0x013e60dc]]: TODO: sys_spinlock_lock
[E : PPU[1] Thread (CPUThread)[0x013e6094]]: TODO: sys_spinlock_unlock
[E : PPU[1] Thread (CPUThread)[0x013e6094]]: TODO: sys_spinlock_unlock
[W : PPU[1] Thread (CPUThread)[0x013e604c]]: sys_lwmutex warning: *** lwmutex created [] (attribute=0x12): sq_id = 66
[E : PPU[1] Thread (CPUThread)[0x013e60dc]]: TODO: sys_spinlock_lock
[E : PPU[1] Thread (CPUThread)[0x013e60dc]]: TODO: sys_spinlock_lock
[E : PPU[1] Thread (CPUThread)[0x013e6094]]: TODO: sys_spinlock_unlock
[E : PPU[1] Thread (CPUThread)[0x013e6094]]: TODO: sys_spinlock_unlock
[E : PPU[1] Thread (CPUThread)[0x013e60c4]]: TODO: sys_spinlock_initialize
[E : PPU[1] Thread (CPUThread)[0x013e60dc]]: TODO: sys_spinlock_lock
[E : PPU[1] Thread (CPUThread)[0x013e60dc]]: TODO: sys_spinlock_lock
[E : PPU[1] Thread (CPUThread)[0x013e6094]]: TODO: sys_spinlock_unlock
[E : PPU[1] Thread (CPUThread)[0x013e6094]]: TODO: sys_spinlock_unlock
[E : PPU[1] Thread (CPUThread)[0x013e60dc]]: TODO: sys_spinlock_lock
[E : PPU[1] Thread (CPUThread)[0x013e60dc]]: TODO: sys_spinlock_lock
[E : PPU[1] Thread (CPUThread)[0x013e6094]]: TODO: sys_spinlock_unlock
[E : PPU[1] Thread (CPUThread)[0x013e6094]]: TODO: sys_spinlock_unlock
[E : PPU[1] Thread (CPUThread)[0x013e60dc]]: TODO: sys_spinlock_lock
[E : PPU[1] Thread (CPUThread)[0x013e60dc]]: TODO: sys_spinlock_lock
[E : PPU[1] Thread (CPUThread)[0x013e6094]]: TODO: sys_spinlock_unlock
[E : PPU[1] Thread (CPUThread)[0x013e6094]]: TODO: sys_spinlock_unlock
[E : PPU[1] Thread (CPUThread)[0x013e60dc]]: TODO: sys_spinlock_lock
[E : PPU[1] Thread (CPUThread)[0x013e6094]]: TODO: sys_spinlock_unlock
[E : PPU[1] Thread (CPUThread)[0x013e60dc]]: TODO: sys_spinlock_lock
[E : PPU[1] Thread (CPUThread)[0x013e60dc]]: TODO: sys_spinlock_lock
[E : PPU[1] Thread (CPUThread)[0x013e6094]]: TODO: sys_spinlock_unlock
[E : PPU[1] Thread (CPUThread)[0x013e6094]]: TODO: sys_spinlock_unlock
[E : PPU[1] Thread (CPUThread)[0x013e60c4]]: TODO: sys_spinlock_initialize
[E : PPU[1] Thread (CPUThread)[0x013e60dc]]: TODO: sys_spinlock_lock
[E : PPU[1] Thread (CPUThread)[0x013e60dc]]: TODO: sys_spinlock_lock
[E : PPU[1] Thread (CPUThread)[0x013e6094]]: TODO: sys_spinlock_unlock
[E : PPU[1] Thread (CPUThread)[0x013e6094]]: TODO: sys_spinlock_unlock
[E : PPU[1] Thread (CPUThread)[0x013e60c4]]: TODO: sys_spinlock_initialize
[E : PPU[1] Thread (CPUThread)[0x013e60dc]]: TODO: sys_spinlock_lock
[E : PPU[1] Thread (CPUThread)[0x013e60dc]]: TODO: sys_spinlock_lock
[E : PPU[1] Thread (CPUThread)[0x013e6094]]: TODO: sys_spinlock_unlock
[E : PPU[1] Thread (CPUThread)[0x013e6094]]: TODO: sys_spinlock_unlock
[E : PPU[1] Thread (CPUThread)[0x013e60c4]]: TODO: sys_spinlock_initialize
[E : PPU[1] Thread (CPUThread)[0x013e60dc]]: TODO: sys_spinlock_lock
[E : PPU[1] Thread (CPUThread)[0x013e60dc]]: TODO: sys_spinlock_lock
[E : PPU[1] Thread (CPUThread)[0x013e6094]]: TODO: sys_spinlock_unlock
[E : PPU[1] Thread (CPUThread)[0x013e6094]]: TODO: sys_spinlock_unlock
[E : PPU[1] Thread (CPUThread)[0x013e60c4]]: TODO: sys_spinlock_initialize
[W : PPU[1] Thread (CPUThread)[0x013e604c]]: sys_lwmutex warning: *** lwmutex created [] (attribute=0x12): sq_id = 67
[W : PPU[1] Thread (CPUThread)[0x0089d58c]]: sys_semaphore warning: sys_semaphore_create(sem_addr=0x31f92348, attr_addr=0xd0020650, initial_count=16, max_count=16)
[E : PPU[1] Thread (CPUThread)[0x013d2034]]: TODO: _cellSpursTasksetAttributeInitialize
[E : PPU[1] Thread (CPUThread)[0x013d20c4]]: TODO: cellSpursTasksetAttributeSetName
[E : PPU[1] Thread (CPUThread)[0x013d21b4]]: TODO: cellSpursCreateTasksetWithAttribute
[E : PPU[1] Thread (CPUThread)[0x013e60dc]]: TODO: sys_spinlock_lock
[E : PPU[1] Thread (CPUThread)[0x013e60dc]]: TODO: sys_spinlock_lock
[E : PPU[1] Thread (CPUThread)[0x013e6094]]: TODO: sys_spinlock_unlock
[E : PPU[1] Thread (CPUThread)[0x013e6094]]: TODO: sys_spinlock_unlock
[E : PPU[1] Thread (CPUThread)[0x013d2004]]: TODO: _cellSpursLFQueueInitialize
[E : PPU[1] Thread (CPUThread)[0x013d2040]]: TODO: cellSpursLFQueueAttachLv2EventQueue
[E : PPU[1] Thread (CPUThread)[0x013d210c]]: TODO: cellSpursTaskGetReadOnlyAreaPattern
[E : PPU[1] Thread (CPUThread)[0x013d204c]]: TODO: cellSpursTaskGetLoadableSegmentPattern
[E : PPU[1] Thread (CPUThread)[0x013e60dc]]: TODO: sys_spinlock_lock
[E : PPU[1] Thread (CPUThread)[0x013e60dc]]: TODO: sys_spinlock_lock
[E : PPU[1] Thread (CPUThread)[0x013e6094]]: TODO: sys_spinlock_unlock
[E : PPU[1] Thread (CPUThread)[0x013e6094]]: TODO: sys_spinlock_unlock
[E : PPU[1] Thread (CPUThread)[0x013d21a8]]: TODO: cellSpursCreateTask
[E : PPU[1] Thread (CPUThread)[0x013e60dc]]: TODO: sys_spinlock_lock
[E : PPU[1] Thread (CPUThread)[0x013e60dc]]: TODO: sys_spinlock_lock
[E : PPU[1] Thread (CPUThread)[0x013e6094]]: TODO: sys_spinlock_unlock
[E : PPU[1] Thread (CPUThread)[0x013e6094]]: TODO: sys_spinlock_unlock
[E : PPU[1] Thread (CPUThread)[0x013d21a8]]: TODO: cellSpursCreateTask
[E : PPU[1] Thread (CPUThread)[0x013d20b8]]: TODO: _cellSpursEventFlagInitialize
[E : PPU[1] Thread (CPUThread)[0x013d2118]]: TODO: cellSpursEventFlagAttachLv2EventQueue
[W : PPU[1] Thread (CPUThread)[0x013e604c]]: sys_lwmutex warning: *** lwmutex created [] (attribute=0x11): sq_id = 69
[W : PPU[1] Thread (CPUThread)[0x013e604c]]: sys_lwmutex warning: *** lwmutex created [] (attribute=0x11): sq_id = 70
[W : PPU[1] Thread (CPUThread)[0x013e604c]]: sys_lwmutex warning: *** lwmutex created [] (attribute=0x11): sq_id = 71
[W : PPU[1] Thread (CPUThread)[0x013e604c]]: sys_lwmutex warning: *** lwmutex created [] (attribute=0x11): sq_id = 72
[E : PPU[1] Thread (CPUThread)[0x013e60dc]]: TODO: sys_spinlock_lock
[E : PPU[1] Thread (CPUThread)[0x013e60dc]]: TODO: sys_spinlock_lock
[E : PPU[1] Thread (CPUThread)[0x013e6094]]: TODO: sys_spinlock_unlock
[E : PPU[1] Thread (CPUThread)[0x013e6094]]: TODO: sys_spinlock_unlock
[E : PPU[1] Thread (CPUThread)[0x013e60dc]]: TODO: sys_spinlock_lock
[E : PPU[1] Thread (CPUThread)[0x013e6094]]: TODO: sys_spinlock_unlock
[E : PPU[1] Thread (CPUThread)[0x013e60c4]]: TODO: sys_spinlock_initialize
[E : PPU[1] Thread (CPUThread)[0x013e60dc]]: TODO: sys_spinlock_lock
[E : PPU[1] Thread (CPUThread)[0x013e6094]]: TODO: sys_spinlock_unlock
[E : PPU[1] Thread (CPUThread)[0x013e60dc]]: TODO: sys_spinlock_lock
[E : PPU[1] Thread (CPUThread)[0x013e6094]]: TODO: sys_spinlock_unlock
[E : PPU[1] Thread (CPUThread)[0x013e60dc]]: TODO: sys_spinlock_lock
[E : PPU[1] Thread (CPUThread)[0x013e6094]]: TODO: sys_spinlock_unlock
[W : PPU[1] Thread (CPUThread)[0x009fd7d0]]: sys_event_flag warning: sys_event_flag_create(eflag_id_addr=0x31f92638, attr_addr=0xd0020580, init=0x0)
[W : PPU[1] Thread (CPUThread)[0x009fd7d0]]: sys_event_flag warning: TODO: SYS_SYNC_PRIORITY attr
[W : PPU[1] Thread (CPUThread)[0x009fd7d0]]: sys_event_flag warning: TODO: SYS_SYNC_WAITER_MULTIPLE type
[W : PPU[1] Thread (CPUThread)[0x009fd7d0]]: sys_event_flag warning: *** event_flag created [] (protocol=0x2, type=0x20000): id = 73
[E : PPU[1] Thread (CPUThread)[0x013e60dc]]: TODO: sys_spinlock_lock
[E : PPU[1] Thread (CPUThread)[0x013e60dc]]: TODO: sys_spinlock_lock
[E : PPU[1] Thread (CPUThread)[0x013e6094]]: TODO: sys_spinlock_unlock
[E : PPU[1] Thread (CPUThread)[0x013e6094]]: TODO: sys_spinlock_unlock
[E : PPU[1] Thread (CPUThread)[0x013e60dc]]: TODO: sys_spinlock_lock
[E : PPU[1] Thread (CPUThread)[0x013e6094]]: TODO: sys_spinlock_unlock
[E : PPU[1] Thread (CPUThread)[0x013e60dc]]: TODO: sys_spinlock_lock
[E : PPU[1] Thread (CPUThread)[0x013e6094]]: TODO: sys_spinlock_unlock
[W : PPU[1] Thread (CPUThread)[0x013e604c]]: sys_lwmutex warning: *** lwmutex created [] (attribute=0x12): sq_id = 74
[W : PPU[1] Thread (CPUThread)[0x013e604c]]: sys_lwmutex warning: *** lwmutex created [] (attribute=0x12): sq_id = 75
[W : PPU[1] Thread (CPUThread)[0x013e604c]]: sys_lwmutex warning: *** lwmutex created [] (attribute=0x12): sq_id = 76
[W : PPU[1] Thread (CPUThread)[0x013e604c]]: sys_lwmutex warning: *** lwmutex created [] (attribute=0x12): sq_id = 77
[W : PPU[1] Thread (CPUThread)[0x013e604c]]: sys_lwmutex warning: *** lwmutex created [] (attribute=0x12): sq_id = 78
[W : PPU[1] Thread (CPUThread)[0x013e604c]]: sys_lwmutex warning: *** lwmutex created [] (attribute=0x12): sq_id = 79
[E : PPU[1] Thread (CPUThread)[0x013e60dc]]: TODO: sys_spinlock_lock
[E : PPU[1] Thread (CPUThread)[0x013e6094]]: TODO: sys_spinlock_unlock
[E : PPU[1] Thread (CPUThread)[0x013e60dc]]: TODO: sys_spinlock_lock
[E : PPU[1] Thread (CPUThread)[0x013e6094]]: TODO: sys_spinlock_unlock
[E : PPU[1] Thread (CPUThread)[0x013e60dc]]: TODO: sys_spinlock_lock
[E : PPU[1] Thread (CPUThread)[0x013e6094]]: TODO: sys_spinlock_unlock
[E : PPU[1] Thread (CPUThread)[0x013e60dc]]: TODO: sys_spinlock_lock
[E : PPU[1] Thread (CPUThread)[0x013e6094]]: TODO: sys_spinlock_unlock
[E : PPU[1] Thread (CPUThread)[0x013e60dc]]: TODO: sys_spinlock_lock
[E : PPU[1] Thread (CPUThread)[0x013e6094]]: TODO: sys_spinlock_unlock
[E : PPU[1] Thread (CPUThread)[0x013e60dc]]: TODO: sys_spinlock_lock
[E : PPU[1] Thread (CPUThread)[0x013e6094]]: TODO: sys_spinlock_unlock
[E : PPU[1] Thread (CPUThread)[0x013e60dc]]: TODO: sys_spinlock_lock
[E : PPU[1] Thread (CPUThread)[0x013e6094]]: TODO: sys_spinlock_unlock
[E : PPU[1] Thread (CPUThread)[0x013e60dc]]: TODO: sys_spinlock_lock
[E : PPU[1] Thread (CPUThread)[0x013e6094]]: TODO: sys_spinlock_unlock
[W : PPU[1] Thread (CPUThread)[0x013e604c]]: sys_lwmutex warning: *** lwmutex created [] (attribute=0x12): sq_id = 80
[E : PPU[1] Thread (CPUThread)[0x013e60dc]]: TODO: sys_spinlock_lock
[E : PPU[1] Thread (CPUThread)[0x013e6094]]: TODO: sys_spinlock_unlock
[W : PPU[1] Thread (CPUThread)[0x013e604c]]: sys_lwmutex warning: *** lwmutex created [] (attribute=0x11): sq_id = 81
[W : PPU[1] Thread (CPUThread)[0x002d8d44]]: sys_semaphore warning: sys_semaphore_create(sem_addr=0xd0020670, attr_addr=0xd0020678, initial_count=0, max_count=268435455)
[W : PPU[1] Thread (CPUThread)[0x002d8d44]]: sys_semaphore warning: sys_semaphore_create(sem_addr=0xd0020670, attr_addr=0xd0020678, initial_count=0, max_count=268435455)
[W : PPU[1] Thread (CPUThread)[0x002d8d44]]: sys_semaphore warning: sys_semaphore_create(sem_addr=0xd0020670, attr_addr=0xd0020678, initial_count=0, max_count=268435455)
[W : PPU[1] Thread (CPUThread)[0x002d8d44]]: sys_semaphore warning: sys_semaphore_create(sem_addr=0xd0020670, attr_addr=0xd0020678, initial_count=0, max_count=268435455)
[W : PPU[1] Thread (CPUThread)[0x002d8d44]]: sys_semaphore warning: sys_semaphore_create(sem_addr=0xd0020670, attr_addr=0xd0020678, initial_count=0, max_count=268435455)
[W : PPU[1] Thread (CPUThread)[0x002d8d44]]: sys_semaphore warning: sys_semaphore_create(sem_addr=0xd0020670, attr_addr=0xd0020678, initial_count=0, max_count=268435455)
[W : PPU[1] Thread (CPUThread)[0x002d8d44]]: sys_semaphore warning: sys_semaphore_create(sem_addr=0xd0020670, attr_addr=0xd0020678, initial_count=0, max_count=268435455)
[W : PPU[1] Thread (CPUThread)[0x002d8d44]]: sys_semaphore warning: sys_semaphore_create(sem_addr=0xd0020670, attr_addr=0xd0020678, initial_count=0, max_count=268435455)
[W : PPU[1] Thread (CPUThread)[0x002d8d44]]: sys_semaphore warning: sys_semaphore_create(sem_addr=0xd0020670, attr_addr=0xd0020678, initial_count=0, max_count=268435455)
[W : PPU[1] Thread (CPUThread)[0x002d8d44]]: sys_semaphore warning: sys_semaphore_create(sem_addr=0xd0020670, attr_addr=0xd0020678, initial_count=0, max_count=268435455)
[W : PPU[1] Thread (CPUThread)[0x002d8d44]]: sys_semaphore warning: sys_semaphore_create(sem_addr=0xd0020670, attr_addr=0xd0020678, initial_count=0, max_count=268435455)
[W : PPU[1] Thread (CPUThread)[0x002d8d44]]: sys_semaphore warning: sys_semaphore_create(sem_addr=0xd0020670, attr_addr=0xd0020678, initial_count=0, max_count=268435455)
[E : PPU[1] Thread (CPUThread)[0x013e60dc]]: TODO: sys_spinlock_lock
[E : PPU[1] Thread (CPUThread)[0x013e6094]]: TODO: sys_spinlock_unlock
[W : PPU[1] Thread (CPUThread)[0x013e604c]]: sys_lwmutex warning: *** lwmutex created [] (attribute=0x11): sq_id = 94
[W : PPU[1] Thread (CPUThread)[0x013e604c]]: sys_lwmutex warning: *** lwmutex created [] (attribute=0x11): sq_id = 95
[E : PPU[1] Thread (CPUThread)[0x013e60dc]]: TODO: sys_spinlock_lock
[E : PPU[1] Thread (CPUThread)[0x013e6094]]: TODO: sys_spinlock_unlock
[W : PPU[1] Thread (CPUThread)[0x013e604c]]: sys_lwmutex warning: *** lwmutex created [] (attribute=0x11): sq_id = 96
[W : PPU[1] Thread (CPUThread)[0x013e604c]]: sys_lwmutex warning: *** lwmutex created [] (attribute=0x11): sq_id = 97
[E : PPU[1] Thread (CPUThread)[0x013e60dc]]: TODO: sys_spinlock_lock
[E : PPU[1] Thread (CPUThread)[0x013e6094]]: TODO: sys_spinlock_unlock
[W : PPU[1] Thread (CPUThread)[0x013e604c]]: sys_lwmutex warning: *** lwmutex created [] (attribute=0x11): sq_id = 98
[W : PPU[1] Thread (CPUThread)[0x013e604c]]: sys_lwmutex warning: *** lwmutex created [] (attribute=0x11): sq_id = 99
[W : PPU[1] Thread (CPUThread)[0x013e604c]]: sys_lwmutex warning: *** lwmutex created [] (attribute=0x11): sq_id = 100
[E : PPU[1] Thread (CPUThread)[0x013e60dc]]: TODO: sys_spinlock_lock
[E : PPU[1] Thread (CPUThread)[0x013e6094]]: TODO: sys_spinlock_unlock
[W : PPU[1] Thread (CPUThread)[0x013e604c]]: sys_lwmutex warning: *** lwmutex created [] (attribute=0x11): sq_id = 101
[E : PPU[1] Thread (CPUThread)[0x013e60dc]]: TODO: sys_spinlock_lock
[E : PPU[1] Thread (CPUThread)[0x013e6094]]: TODO: sys_spinlock_unlock
[W : PPU[1] Thread (CPUThread)[0x013e604c]]: sys_lwmutex warning: *** lwmutex created [] (attribute=0x11): sq_id = 102
[E : PPU[1] Thread (CPUThread)[0x013e60dc]]: TODO: sys_spinlock_lock
[E : PPU[1] Thread (CPUThread)[0x013e6094]]: TODO: sys_spinlock_unlock
[E : PPU[1] Thread (CPUThread)[0x013e60dc]]: TODO: sys_spinlock_lock
[E : PPU[1] Thread (CPUThread)[0x013e6094]]: TODO: sys_spinlock_unlock
[E : PPU[1] Thread (CPUThread)[0x013e60dc]]: TODO: sys_spinlock_lock
[E : PPU[1] Thread (CPUThread)[0x013e6094]]: TODO: sys_spinlock_unlock
[E : PPU[1] Thread (CPUThread)[0x013e60dc]]: TODO: sys_spinlock_lock
[E : PPU[1] Thread (CPUThread)[0x013e6094]]: TODO: sys_spinlock_unlock
[W : PPU[1] Thread (CPUThread)[0x013e604c]]: sys_lwmutex warning: *** lwmutex created [] (attribute=0x11): sq_id = 103
[E : PPU[1] Thread (CPUThread)[0x013e60dc]]: TODO: sys_spinlock_lock
[E : PPU[1] Thread (CPUThread)[0x013e6094]]: TODO: sys_spinlock_unlock
[E : PPU[1] Thread (CPUThread)[0x013e60dc]]: TODO: sys_spinlock_lock
[E : PPU[1] Thread (CPUThread)[0x013e6094]]: TODO: sys_spinlock_unlock
[E : PPU[1] Thread (CPUThread)[0x013e60dc]]: TODO: sys_spinlock_lock
[E : PPU[1] Thread (CPUThread)[0x013e6094]]: TODO: sys_spinlock_unlock
[E : PPU[1] Thread (CPUThread)[0x013e60dc]]: TODO: sys_spinlock_lock
[E : PPU[1] Thread (CPUThread)[0x013e6094]]: TODO: sys_spinlock_unlock
[E : PPU[1] Thread (CPUThread)[0x013e60dc]]: TODO: sys_spinlock_lock
[E : PPU[1] Thread (CPUThread)[0x013e6094]]: TODO: sys_spinlock_unlock
[E : PPU[1] Thread (CPUThread)[0x013e60dc]]: TODO: sys_spinlock_lock
[E : PPU[1] Thread (CPUThread)[0x013e6094]]: TODO: sys_spinlock_unlock
[E : PPU[1] Thread (CPUThread)[0x013e60dc]]: TODO: sys_spinlock_lock
[E : PPU[1] Thread (CPUThread)[0x013e6094]]: TODO: sys_spinlock_unlock
[E : PPU[1] Thread (CPUThread)[0x013e60dc]]: TODO: sys_spinlock_lock
[E : PPU[1] Thread (CPUThread)[0x013e6094]]: TODO: sys_spinlock_unlock
[E : PPU[1] Thread (CPUThread)[0x013e60dc]]: TODO: sys_spinlock_lock
[E : PPU[1] Thread (CPUThread)[0x013e6094]]: TODO: sys_spinlock_unlock
[E : PPU[1] Thread (CPUThread)[0x013e60dc]]: TODO: sys_spinlock_lock
[E : PPU[1] Thread (CPUThread)[0x013e6094]]: TODO: sys_spinlock_unlock
[E : PPU[1] Thread (CPUThread)[0x013e60dc]]: TODO: sys_spinlock_lock
[E : PPU[1] Thread (CPUThread)[0x013e6094]]: TODO: sys_spinlock_unlock
[E : PPU[1] Thread (CPUThread)[0x013e60dc]]: TODO: sys_spinlock_lock
[E : PPU[1] Thread (CPUThread)[0x013e6094]]: TODO: sys_spinlock_unlock
[E : PPU[1] Thread (CPUThread)[0x013e60dc]]: TODO: sys_spinlock_lock
[E : PPU[1] Thread (CPUThread)[0x013e6094]]: TODO: sys_spinlock_unlock
[E : PPU[1] Thread (CPUThread)[0x013e60dc]]: TODO: sys_spinlock_lock
[E : PPU[1] Thread (CPUThread)[0x013e6094]]: TODO: sys_spinlock_unlock
[E : PPU[1] Thread (CPUThread)[0x013e60dc]]: TODO: sys_spinlock_lock
[E : PPU[1] Thread (CPUThread)[0x013e6094]]: TODO: sys_spinlock_unlock
[E : PPU[1] Thread (CPUThread)[0x013e60dc]]: TODO: sys_spinlock_lock
[E : PPU[1] Thread (CPUThread)[0x013e6094]]: TODO: sys_spinlock_unlock
[E : PPU[1] Thread (CPUThread)[0x013e60dc]]: TODO: sys_spinlock_lock
[E : PPU[1] Thread (CPUThread)[0x013e6094]]: TODO: sys_spinlock_unlock
[E : PPU[1] Thread (CPUThread)[0x013e60dc]]: TODO: sys_spinlock_lock
[E : PPU[1] Thread (CPUThread)[0x013e6094]]: TODO: sys_spinlock_unlock
[E : PPU[1] Thread (CPUThread)[0x013e60dc]]: TODO: sys_spinlock_lock
[E : PPU[1] Thread (CPUThread)[0x013e6094]]: TODO: sys_spinlock_unlock
[E : PPU[1] Thread (CPUThread)[0x013e60dc]]: TODO: sys_spinlock_lock
[E : PPU[1] Thread (CPUThread)[0x013e6094]]: TODO: sys_spinlock_unlock
[E : PPU[1] Thread (CPUThread)[0x013e60dc]]: TODO: sys_spinlock_lock
[E : PPU[1] Thread (CPUThread)[0x013e6094]]: TODO: sys_spinlock_unlock
[E : PPU[1] Thread (CPUThread)[0x013e60dc]]: TODO: sys_spinlock_lock
[E : PPU[1] Thread (CPUThread)[0x013e6094]]: TODO: sys_spinlock_unlock
[E : PPU[1] Thread (CPUThread)[0x013e60dc]]: TODO: sys_spinlock_lock
[E : PPU[1] Thread (CPUThread)[0x013e6094]]: TODO: sys_spinlock_unlock
[E : PPU[1] Thread (CPUThread)[0x013e60dc]]: TODO: sys_spinlock_lock
[E : PPU[1] Thread (CPUThread)[0x013e6094]]: TODO: sys_spinlock_unlock
[E : PPU[1] Thread (CPUThread)[0x013e60dc]]: TODO: sys_spinlock_lock
[E : PPU[1] Thread (CPUThread)[0x013e6094]]: TODO: sys_spinlock_unlock
[E : PPU[1] Thread (CPUThread)[0x013e60dc]]: TODO: sys_spinlock_lock
[E : PPU[1] Thread (CPUThread)[0x013e6094]]: TODO: sys_spinlock_unlock
[E : PPU[1] Thread (CPUThread)[0x013e60dc]]: TODO: sys_spinlock_lock
[E : PPU[1] Thread (CPUThread)[0x013e6094]]: TODO: sys_spinlock_unlock
[E : PPU[1] Thread (CPUThread)[0x013e60dc]]: TODO: sys_spinlock_lock
[E : PPU[1] Thread (CPUThread)[0x013e6094]]: TODO: sys_spinlock_unlock
[E : PPU[1] Thread (CPUThread)[0x013e60dc]]: TODO: sys_spinlock_lock
[E : PPU[1] Thread (CPUThread)[0x013e6094]]: TODO: sys_spinlock_unlock
[E : PPU[1] Thread (CPUThread)[0x013e60dc]]: TODO: sys_spinlock_lock
[E : PPU[1] Thread (CPUThread)[0x013e6094]]: TODO: sys_spinlock_unlock
[E : PPU[1] Thread (CPUThread)[0x013e60dc]]: TODO: sys_spinlock_lock
[E : PPU[1] Thread (CPUThread)[0x013e6094]]: TODO: sys_spinlock_unlock
[E : PPU[1] Thread (CPUThread)[0x013e60dc]]: TODO: sys_spinlock_lock
[E : PPU[1] Thread (CPUThread)[0x013e6094]]: TODO: sys_spinlock_unlock
[E : PPU[1] Thread (CPUThread)[0x013e60dc]]: TODO: sys_spinlock_lock
[E : PPU[1] Thread (CPUThread)[0x013e6094]]: TODO: sys_spinlock_unlock
[E : PPU[1] Thread (CPUThread)[0x013e60dc]]: TODO: sys_spinlock_lock
[E : PPU[1] Thread (CPUThread)[0x013e6094]]: TODO: sys_spinlock_unlock
[E : PPU[1] Thread (CPUThread)[0x013e60dc]]: TODO: sys_spinlock_lock
[E : PPU[1] Thread (CPUThread)[0x013e6094]]: TODO: sys_spinlock_unlock
[E : PPU[1] Thread (CPUThread)[0x013e60dc]]: TODO: sys_spinlock_lock
[E : PPU[1] Thread (CPUThread)[0x013e6094]]: TODO: sys_spinlock_unlock
[E : PPU[1] Thread (CPUThread)[0x013e60dc]]: TODO: sys_spinlock_lock
[E : PPU[1] Thread (CPUThread)[0x013e6094]]: TODO: sys_spinlock_unlock
[E : PPU[1] Thread (CPUThread)[0x013e60dc]]: TODO: sys_spinlock_lock
[E : PPU[1] Thread (CPUThread)[0x013e6094]]: TODO: sys_spinlock_unlock
[E : PPU[1] Thread (CPUThread)[0x013e60dc]]: TODO: sys_spinlock_lock
[E : PPU[1] Thread (CPUThread)[0x013e6094]]: TODO: sys_spinlock_unlock
[E : PPU[1] Thread (CPUThread)[0x013e60dc]]: TODO: sys_spinlock_lock
[E : PPU[1] Thread (CPUThread)[0x013e6094]]: TODO: sys_spinlock_unlock
[E : PPU[1] Thread (CPUThread)[0x013e60dc]]: TODO: sys_spinlock_lock
[E : PPU[1] Thread (CPUThread)[0x013e6094]]: TODO: sys_spinlock_unlock
[E : PPU[1] Thread (CPUThread)[0x013e60dc]]: TODO: sys_spinlock_lock
[E : PPU[1] Thread (CPUThread)[0x013e6094]]: TODO: sys_spinlock_unlock
[E : PPU[1] Thread (CPUThread)[0x013e60dc]]: TODO: sys_spinlock_lock
[E : PPU[1] Thread (CPUThread)[0x013e6094]]: TODO: sys_spinlock_unlock
[E : PPU[1] Thread (CPUThread)[0x013e60dc]]: TODO: sys_spinlock_lock
[E : PPU[1] Thread (CPUThread)[0x013e6094]]: TODO: sys_spinlock_unlock
[E : PPU[1] Thread (CPUThread)[0x013e60dc]]: TODO: sys_spinlock_lock
[E : PPU[1] Thread (CPUThread)[0x013e6094]]: TODO: sys_spinlock_unlock
[E : PPU[1] Thread (CPUThread)[0x013e60dc]]: TODO: sys_spinlock_lock
[E : PPU[1] Thread (CPUThread)[0x013e6094]]: TODO: sys_spinlock_unlock
[E : PPU[1] Thread (CPUThread)[0x013e60dc]]: TODO: sys_spinlock_lock
[E : PPU[1] Thread (CPUThread)[0x013e6094]]: TODO: sys_spinlock_unlock
[E : PPU[1] Thread (CPUThread)[0x013e60dc]]: TODO: sys_spinlock_lock
[E : PPU[1] Thread (CPUThread)[0x013e6094]]: TODO: sys_spinlock_unlock
[E : PPU[1] Thread (CPUThread)[0x013e60dc]]: TODO: sys_spinlock_lock
[E : PPU[1] Thread (CPUThread)[0x013e6094]]: TODO: sys_spinlock_unlock
[E : PPU[1] Thread (CPUThread)[0x013e60dc]]: TODO: sys_spinlock_lock
[E : PPU[1] Thread (CPUThread)[0x013e6094]]: TODO: sys_spinlock_unlock
[E : PPU[1] Thread (CPUThread)[0x013e60dc]]: TODO: sys_spinlock_lock
[E : PPU[1] Thread (CPUThread)[0x013e6094]]: TODO: sys_spinlock_unlock
[E : PPU[1] Thread (CPUThread)[0x013e60dc]]: TODO: sys_spinlock_lock
[E : PPU[1] Thread (CPUThread)[0x013e6094]]: TODO: sys_spinlock_unlock
[E : PPU[1] Thread (CPUThread)[0x013e60dc]]: TODO: sys_spinlock_lock
[E : PPU[1] Thread (CPUThread)[0x013e6094]]: TODO: sys_spinlock_unlock
[E : PPU[1] Thread (CPUThread)[0x013e60dc]]: TODO: sys_spinlock_lock
[E : PPU[1] Thread (CPUThread)[0x013e6094]]: TODO: sys_spinlock_unlock
[E : PPU[1] Thread (CPUThread)[0x013e60dc]]: TODO: sys_spinlock_lock
[E : PPU[1] Thread (CPUThread)[0x013e6094]]: TODO: sys_spinlock_unlock
[E : PPU[1] Thread (CPUThread)[0x013e60dc]]: TODO: sys_spinlock_lock
[E : PPU[1] Thread (CPUThread)[0x013e6094]]: TODO: sys_spinlock_unlock
[E : PPU[1] Thread (CPUThread)[0x013e60dc]]: TODO: sys_spinlock_lock
[E : PPU[1] Thread (CPUThread)[0x013e6094]]: TODO: sys_spinlock_unlock
[E : PPU[1] Thread (CPUThread)[0x013e60dc]]: TODO: sys_spinlock_lock
[E : PPU[1] Thread (CPUThread)[0x013e6094]]: TODO: sys_spinlock_unlock
[E : PPU[1] Thread (CPUThread)[0x013e60dc]]: TODO: sys_spinlock_lock
[E : PPU[1] Thread (CPUThread)[0x013e6094]]: TODO: sys_spinlock_unlock
[E : PPU[1] Thread (CPUThread)[0x013e60dc]]: TODO: sys_spinlock_lock
[E : PPU[1] Thread (CPUThread)[0x013e6094]]: TODO: sys_spinlock_unlock
[E : PPU[1] Thread (CPUThread)[0x013e60dc]]: TODO: sys_spinlock_lock
[E : PPU[1] Thread (CPUThread)[0x013e6094]]: TODO: sys_spinlock_unlock
[E : PPU[1] Thread (CPUThread)[0x013e60dc]]: TODO: sys_spinlock_lock
[E : PPU[1] Thread (CPUThread)[0x013e6094]]: TODO: sys_spinlock_unlock
[E : PPU[1] Thread (CPUThread)[0x013e60dc]]: TODO: sys_spinlock_lock
[E : PPU[1] Thread (CPUThread)[0x013e6094]]: TODO: sys_spinlock_unlock
[E : PPU[1] Thread (CPUThread)[0x013e60dc]]: TODO: sys_spinlock_lock
[E : PPU[1] Thread (CPUThread)[0x013e6094]]: TODO: sys_spinlock_unlock
[E : PPU[1] Thread (CPUThread)[0x013e60dc]]: TODO: sys_spinlock_lock
[E : PPU[1] Thread (CPUThread)[0x013e6094]]: TODO: sys_spinlock_unlock
[E : PPU[1] Thread (CPUThread)[0x013e60dc]]: TODO: sys_spinlock_lock
[E : PPU[1] Thread (CPUThread)[0x013e6094]]: TODO: sys_spinlock_unlock
[E : PPU[1] Thread (CPUThread)[0x013e60dc]]: TODO: sys_spinlock_lock
[E : PPU[1] Thread (CPUThread)[0x013e6094]]: TODO: sys_spinlock_unlock
[E : PPU[1] Thread (CPUThread)[0x013e60dc]]: TODO: sys_spinlock_lock
[E : PPU[1] Thread (CPUThread)[0x013e6094]]: TODO: sys_spinlock_unlock
[E : PPU[1] Thread (CPUThread)[0x013e60dc]]: TODO: sys_spinlock_lock
[E : PPU[1] Thread (CPUThread)[0x013e6094]]: TODO: sys_spinlock_unlock
[E : PPU[1] Thread (CPUThread)[0x013e60dc]]: TODO: sys_spinlock_lock
[E : PPU[1] Thread (CPUThread)[0x013e6094]]: TODO: sys_spinlock_unlock
[E : PPU[1] Thread (CPUThread)[0x013e60dc]]: TODO: sys_spinlock_lock
[E : PPU[1] Thread (CPUThread)[0x013e6094]]: TODO: sys_spinlock_unlock
[E : PPU[1] Thread (CPUThread)[0x013e60dc]]: TODO: sys_spinlock_lock
[E : PPU[1] Thread (CPUThread)[0x013e6094]]: TODO: sys_spinlock_unlock
[E : PPU[1] Thread (CPUThread)[0x013e60dc]]: TODO: sys_spinlock_lock
[E : PPU[1] Thread (CPUThread)[0x013e6094]]: TODO: sys_spinlock_unlock
[E : PPU[1] Thread (CPUThread)[0x013e60dc]]: TODO: sys_spinlock_lock
[E : PPU[1] Thread (CPUThread)[0x013e6094]]: TODO: sys_spinlock_unlock
[E : PPU[1] Thread (CPUThread)[0x013e60dc]]: TODO: sys_spinlock_lock
[E : PPU[1] Thread (CPUThread)[0x013e6094]]: TODO: sys_spinlock_unlock
[E : PPU[1] Thread (CPUThread)[0x013e60dc]]: TODO: sys_spinlock_lock
[E : PPU[1] Thread (CPUThread)[0x013e6094]]: TODO: sys_spinlock_unlock
[E : PPU[1] Thread (CPUThread)[0x013e60dc]]: TODO: sys_spinlock_lock
[E : PPU[1] Thread (CPUThread)[0x013e6094]]: TODO: sys_spinlock_unlock
[E : PPU[1] Thread (CPUThread)[0x013e60dc]]: TODO: sys_spinlock_lock
[E : PPU[1] Thread (CPUThread)[0x013e6094]]: TODO: sys_spinlock_unlock
[E : PPU[1] Thread (CPUThread)[0x013e60dc]]: TODO: sys_spinlock_lock
[E : PPU[1] Thread (CPUThread)[0x013e6094]]: TODO: sys_spinlock_unlock
[E : PPU[1] Thread (CPUThread)[0x013e60dc]]: TODO: sys_spinlock_lock
[E : PPU[1] Thread (CPUThread)[0x013e6094]]: TODO: sys_spinlock_unlock
[E : PPU[1] Thread (CPUThread)[0x013e60dc]]: TODO: sys_spinlock_lock
[E : PPU[1] Thread (CPUThread)[0x013e6094]]: TODO: sys_spinlock_unlock
[E : PPU[1] Thread (CPUThread)[0x013e60dc]]: TODO: sys_spinlock_lock
[E : PPU[1] Thread (CPUThread)[0x013e6094]]: TODO: sys_spinlock_unlock
[E : PPU[1] Thread (CPUThread)[0x013e60dc]]: TODO: sys_spinlock_lock
[E : PPU[1] Thread (CPUThread)[0x013e6094]]: TODO: sys_spinlock_unlock
[E : PPU[1] Thread (CPUThread)[0x013e60dc]]: TODO: sys_spinlock_lock
[E : PPU[1] Thread (CPUThread)[0x013e6094]]: TODO: sys_spinlock_unlock
[E : PPU[1] Thread (CPUThread)[0x013e60dc]]: TODO: sys_spinlock_lock
[E : PPU[1] Thread (CPUThread)[0x013e6094]]: TODO: sys_spinlock_unlock
[E : PPU[1] Thread (CPUThread)[0x013e60dc]]: TODO: sys_spinlock_lock
[E : PPU[1] Thread (CPUThread)[0x013e6094]]: TODO: sys_spinlock_unlock
[E : PPU[1] Thread (CPUThread)[0x013e60dc]]: TODO: sys_spinlock_lock
[E : PPU[1] Thread (CPUThread)[0x013e6094]]: TODO: sys_spinlock_unlock
[E : PPU[1] Thread (CPUThread)[0x013e60dc]]: TODO: sys_spinlock_lock
[E : PPU[1] Thread (CPUThread)[0x013e6094]]: TODO: sys_spinlock_unlock
[E : PPU[1] Thread (CPUThread)[0x013e60dc]]: TODO: sys_spinlock_lock
[E : PPU[1] Thread (CPUThread)[0x013e6094]]: TODO: sys_spinlock_unlock
[E : PPU[1] Thread (CPUThread)[0x013e60dc]]: TODO: sys_spinlock_lock
[E : PPU[1] Thread (CPUThread)[0x013e6094]]: TODO: sys_spinlock_unlock
[E : PPU[1] Thread (CPUThread)[0x013e60dc]]: TODO: sys_spinlock_lock
[E : PPU[1] Thread (CPUThread)[0x013e6094]]: TODO: sys_spinlock_unlock
[E : PPU[1] Thread (CPUThread)[0x013e60dc]]: TODO: sys_spinlock_lock
[E : PPU[1] Thread (CPUThread)[0x013e6094]]: TODO: sys_spinlock_unlock
[E : PPU[1] Thread (CPUThread)[0x013e60dc]]: TODO: sys_spinlock_lock
[E : PPU[1] Thread (CPUThread)[0x013e6094]]: TODO: sys_spinlock_unlock
[E : PPU[1] Thread (CPUThread)[0x013e60dc]]: TODO: sys_spinlock_lock
[E : PPU[1] Thread (CPUThread)[0x013e6094]]: TODO: sys_spinlock_unlock
[E : PPU[1] Thread (CPUThread)[0x013e60dc]]: TODO: sys_spinlock_lock
[E : PPU[1] Thread (CPUThread)[0x013e6094]]: TODO: sys_spinlock_unlock
[E : PPU[1] Thread (CPUThread)[0x013e60dc]]: TODO: sys_spinlock_lock
[E : PPU[1] Thread (CPUThread)[0x013e6094]]: TODO: sys_spinlock_unlock
[E : PPU[1] Thread (CPUThread)[0x013e60dc]]: TODO: sys_spinlock_lock
[E : PPU[1] Thread (CPUThread)[0x013e6094]]: TODO: sys_spinlock_unlock
[E : PPU[1] Thread (CPUThread)[0x013e60dc]]: TODO: sys_spinlock_lock
[E : PPU[1] Thread (CPUThread)[0x013e6094]]: TODO: sys_spinlock_unlock
[E : PPU[1] Thread (CPUThread)[0x013e60dc]]: TODO: sys_spinlock_lock
[E : PPU[1] Thread (CPUThread)[0x013e6094]]: TODO: sys_spinlock_unlock
[E : PPU[1] Thread (CPUThread)[0x013e60dc]]: TODO: sys_spinlock_lock
[E : PPU[1] Thread (CPUThread)[0x013e6094]]: TODO: sys_spinlock_unlock
[E : PPU[1] Thread (CPUThread)[0x013e60dc]]: TODO: sys_spinlock_lock
[E : PPU[1] Thread (CPUThread)[0x013e6094]]: TODO: sys_spinlock_unlock
[E : PPU[1] Thread (CPUThread)[0x013e60dc]]: TODO: sys_spinlock_lock
[E : PPU[1] Thread (CPUThread)[0x013e6094]]: TODO: sys_spinlock_unlock
[E : PPU[1] Thread (CPUThread)[0x013e60dc]]: TODO: sys_spinlock_lock
[E : PPU[1] Thread (CPUThread)[0x013e6094]]: TODO: sys_spinlock_unlock
[W : PPU[1] Thread (CPUThread)[0x013e604c]]: sys_lwmutex warning: *** lwmutex created [] (attribute=0x11): sq_id = 104
[W : PPU[1] Thread (CPUThread)[0x013e604c]]: sys_lwmutex warning: *** lwmutex created [] (attribute=0x11): sq_id = 105
[W : PPU[1] Thread (CPUThread)[0x013e604c]]: sys_lwmutex warning: *** lwmutex created [] (attribute=0x11): sq_id = 106
[W : PPU[1] Thread (CPUThread)[0x013e604c]]: sys_lwmutex warning: *** lwmutex created [] (attribute=0x11): sq_id = 107
[W : PPU[1] Thread (CPUThread)[0x013e604c]]: sys_lwmutex warning: *** lwmutex created [] (attribute=0x11): sq_id = 108
[E : PPU[1] Thread (CPUThread)[0x013e60dc]]: TODO: sys_spinlock_lock
[E : PPU[1] Thread (CPUThread)[0x013e6094]]: TODO: sys_spinlock_unlock
[W : PPU[1] Thread (CPUThread)[0x013e604c]]: sys_lwmutex warning: *** lwmutex created [] (attribute=0x11): sq_id = 109
[W : PPU[1] Thread (CPUThread)[0x013e604c]]: sys_lwmutex warning: *** lwmutex created [] (attribute=0x11): sq_id = 110
[E : PPU[1] Thread (CPUThread)[0x013e60dc]]: TODO: sys_spinlock_lock
[E : PPU[1] Thread (CPUThread)[0x013e6094]]: TODO: sys_spinlock_unlock
[E : PPU[1] Thread (CPUThread)[0x013e60c4]]: TODO: sys_spinlock_initialize
[E : PPU[1] Thread (CPUThread)[0x013e60dc]]: TODO: sys_spinlock_lock
[E : PPU[1] Thread (CPUThread)[0x013e6094]]: TODO: sys_spinlock_unlock
[W : PPU[1] Thread (CPUThread)[0x013e604c]]: sys_lwmutex warning: *** lwmutex created [] (attribute=0x11): sq_id = 111
[W : PPU[1] Thread (CPUThread)[0x013e604c]]: sys_lwmutex warning: *** lwmutex created [] (attribute=0x11): sq_id = 112
[W : PPU[1] Thread (CPUThread)[0x013e604c]]: sys_lwmutex warning: *** lwmutex created [] (attribute=0x11): sq_id = 113
[E : PPU[1] Thread (CPUThread)[0x013e60dc]]: TODO: sys_spinlock_lock
[E : PPU[1] Thread (CPUThread)[0x013e6094]]: TODO: sys_spinlock_unlock
[E : PPU[1] Thread (CPUThread)[0x013e60dc]]: TODO: sys_spinlock_lock
[E : PPU[1] Thread (CPUThread)[0x013e6094]]: TODO: sys_spinlock_unlock
[W : PPU[1] Thread (CPUThread)[0x013e604c]]: sys_lwmutex warning: *** lwmutex created [] (attribute=0x11): sq_id = 114
[W : PPU[1] Thread (CPUThread)[0x013e604c]]: sys_lwmutex warning: *** lwmutex created [] (attribute=0x11): sq_id = 115
[W : PPU[1] Thread (CPUThread)[0x013e604c]]: sys_lwmutex warning: *** lwmutex created [] (attribute=0x11): sq_id = 116
[W : PPU[1] Thread (CPUThread)[0x013e604c]]: sys_lwmutex warning: *** lwmutex created [] (attribute=0x11): sq_id = 117
[W : PPU[1] Thread (CPUThread)[0x013e604c]]: sys_lwmutex warning: *** lwmutex created [] (attribute=0x11): sq_id = 118
[W : PPU[1] Thread (CPUThread)[0x013e604c]]: sys_lwmutex warning: *** lwmutex created [] (attribute=0x11): sq_id = 119
[E : PPU[1] Thread (CPUThread)[0x013e60dc]]: TODO: sys_spinlock_lock
[E : PPU[1] Thread (CPUThread)[0x013e6094]]: TODO: sys_spinlock_unlock
[E : PPU[1] Thread (CPUThread)[0x013e60dc]]: TODO: sys_spinlock_lock
[E : PPU[1] Thread (CPUThread)[0x013e6094]]: TODO: sys_spinlock_unlock
[W : PPU[1] Thread (CPUThread)[0x013e604c]]: sys_lwmutex warning: *** lwmutex created [] (attribute=0x11): sq_id = 120
[W : PPU[1] Thread (CPUThread)[0x013e604c]]: sys_lwmutex warning: *** lwmutex created [] (attribute=0x11): sq_id = 121
[E : PPU[1] Thread (CPUThread)[0x013e60dc]]: TODO: sys_spinlock_lock
[E : PPU[1] Thread (CPUThread)[0x013e6094]]: TODO: sys_spinlock_unlock
[W : PPU[1] Thread (CPUThread)[0x013e604c]]: sys_lwmutex warning: *** lwmutex created [] (attribute=0x11): sq_id = 122
[W : PPU[1] Thread (CPUThread)[0x002d8d44]]: sys_semaphore warning: sys_semaphore_create(sem_addr=0xd0020350, attr_addr=0xd0020358, initial_count=0, max_count=268435455)
[W : PPU[1] Thread (CPUThread)[0x002d8d44]]: sys_semaphore warning: sys_semaphore_create(sem_addr=0xd0020350, attr_addr=0xd0020358, initial_count=0, max_count=268435455)
[W : PPU[1] Thread (CPUThread)[0x002d8d44]]: sys_semaphore warning: sys_semaphore_create(sem_addr=0xd0020350, attr_addr=0xd0020358, initial_count=0, max_count=268435455)
[W : PPU[1] Thread (CPUThread)[0x002d8d44]]: sys_semaphore warning: sys_semaphore_create(sem_addr=0xd0020350, attr_addr=0xd0020358, initial_count=0, max_count=268435455)
[E : PPU[1] Thread (CPUThread)[0x013e60dc]]: TODO: sys_spinlock_lock
[E : PPU[1] Thread (CPUThread)[0x013e6094]]: TODO: sys_spinlock_unlock
[W : PPU[1] Thread (CPUThread)[0x013e604c]]: sys_lwmutex warning: *** lwmutex created [] (attribute=0x11): sq_id = 127
[W : PPU[1] Thread (CPUThread)[0x002d8d44]]: sys_semaphore warning: sys_semaphore_create(sem_addr=0xd0020350, attr_addr=0xd0020358, initial_count=0, max_count=268435455)
[W : PPU[1] Thread (CPUThread)[0x002d8d44]]: sys_semaphore warning: sys_semaphore_create(sem_addr=0xd0020350, attr_addr=0xd0020358, initial_count=0, max_count=268435455)
[W : PPU[1] Thread (CPUThread)[0x002d8d44]]: sys_semaphore warning: sys_semaphore_create(sem_addr=0xd0020350, attr_addr=0xd0020358, initial_count=0, max_count=268435455)
[W : PPU[1] Thread (CPUThread)[0x002d8d44]]: sys_semaphore warning: sys_semaphore_create(sem_addr=0xd0020350, attr_addr=0xd0020358, initial_count=0, max_count=268435455)
[E : PPU[1] Thread (CPUThread)[0x013e60dc]]: TODO: sys_spinlock_lock
[E : PPU[1] Thread (CPUThread)[0x013e6094]]: TODO: sys_spinlock_unlock
[W : PPU[1] Thread (CPUThread)[0x002d8d44]]: sys_semaphore warning: sys_semaphore_create(sem_addr=0xd0020250, attr_addr=0xd0020258, initial_count=0, max_count=268435455)
[W : PPU[1] Thread (CPUThread)[0x013e604c]]: sys_lwmutex warning: *** lwmutex created [] (attribute=0x11): sq_id = 133
[E : PPU[1] Thread (CPUThread)[0x013e60dc]]: TODO: sys_spinlock_lock
[E : PPU[1] Thread (CPUThread)[0x013e6094]]: TODO: sys_spinlock_unlock
[E : PPU[1] Thread (CPUThread)[0x013e60dc]]: TODO: sys_spinlock_lock
[E : PPU[1] Thread (CPUThread)[0x013e6094]]: TODO: sys_spinlock_unlock
[W : PPU[1] Thread (CPUThread)[0x013e604c]]: sys_lwmutex warning: *** lwmutex created [] (attribute=0x11): sq_id = 135
[E : PPU[1] Thread (CPUThread)[0x013e60dc]]: TODO: sys_spinlock_lock
[E : PPU[1] Thread (CPUThread)[0x013e6094]]: TODO: sys_spinlock_unlock
[W : PPU[1] Thread (CPUThread)[0x013e604c]]: sys_lwmutex warning: *** lwmutex created [] (attribute=0x11): sq_id = 136
[W : PPU[1] Thread (CPUThread)[0x002d8d44]]: sys_semaphore warning: sys_semaphore_create(sem_addr=0xd0020430, attr_addr=0xd0020438, initial_count=0, max_count=268435455)
[W : PPU[1] Thread (CPUThread)[0x002d8d44]]: sys_semaphore warning: sys_semaphore_create(sem_addr=0xd0020430, attr_addr=0xd0020438, initial_count=0, max_count=268435455)
[W : PPU[1] Thread (CPUThread)[0x002d8d44]]: sys_semaphore warning: sys_semaphore_create(sem_addr=0xd0020430, attr_addr=0xd0020438, initial_count=0, max_count=268435455)
[W : PPU[1] Thread (CPUThread)[0x002d8d44]]: sys_semaphore warning: sys_semaphore_create(sem_addr=0xd0020430, attr_addr=0xd0020438, initial_count=0, max_count=268435455)
[W : PPU[1] Thread (CPUThread)[0x013e604c]]: sys_lwmutex warning: *** lwmutex created [] (attribute=0x11): sq_id = 141
[E : PPU[1] Thread (CPUThread)[0x013e60dc]]: TODO: sys_spinlock_lock
[E : PPU[1] Thread (CPUThread)[0x013e6094]]: TODO: sys_spinlock_unlock
[W : PPU[1] Thread (CPUThread)[0x013e604c]]: sys_lwmutex warning: *** lwmutex created [] (attribute=0x11): sq_id = 142
[W : PPU[1] Thread (CPUThread)[0x002d8d44]]: sys_semaphore warning: sys_semaphore_create(sem_addr=0xd0020430, attr_addr=0xd0020438, initial_count=0, max_count=268435455)
[W : PPU[1] Thread (CPUThread)[0x002d8d44]]: sys_semaphore warning: sys_semaphore_create(sem_addr=0xd0020430, attr_addr=0xd0020438, initial_count=0, max_count=268435455)
[W : PPU[1] Thread (CPUThread)[0x002d8d44]]: sys_semaphore warning: sys_semaphore_create(sem_addr=0xd0020430, attr_addr=0xd0020438, initial_count=0, max_count=268435455)
[W : PPU[1] Thread (CPUThread)[0x002d8d44]]: sys_semaphore warning: sys_semaphore_create(sem_addr=0xd0020430, attr_addr=0xd0020438, initial_count=0, max_count=268435455)
[E : PPU[134] Thread (ZDecode)[0x013e60dc]]: TODO: sys_spinlock_lock
[E : PPU[134] Thread (ZDecode)[0x013e6094]]: TODO: sys_spinlock_unlock
[E : PPU[1] Thread (CPUThread)[0x013e60dc]]: TODO: sys_spinlock_lock
[E : PPU[1] Thread (CPUThread)[0x013e6094]]: TODO: sys_spinlock_unlock
[E : PPU[1] Thread (CPUThread)[0x013e60dc]]: TODO: sys_spinlock_lock
[E : PPU[1] Thread (CPUThread)[0x013e6094]]: TODO: sys_spinlock_unlock
[W : PPU[1] Thread (CPUThread)[0x002d8d44]]: sys_semaphore warning: sys_semaphore_create(sem_addr=0xd0020330, attr_addr=0xd0020338, initial_count=0, max_count=268435455)
[W : PPU[1] Thread (CPUThread)[0x013e604c]]: sys_lwmutex warning: *** lwmutex created [] (attribute=0x11): sq_id = 148
[E : PPU[1] Thread (CPUThread)[0x013e60dc]]: TODO: sys_spinlock_lock
[E : PPU[1] Thread (CPUThread)[0x013e6094]]: TODO: sys_spinlock_unlock
[W : PPU[1] Thread (CPUThread)[0x013e604c]]: sys_lwmutex warning: *** lwmutex created [] (attribute=0x11): sq_id = 150
[W : PPU[1] Thread (CPUThread)[0x013e604c]]: sys_lwmutex warning: *** lwmutex created [] (attribute=0x11): sq_id = 151
[W : PPU[1] Thread (CPUThread)[0x013e604c]]: sys_lwmutex warning: *** lwmutex created [] (attribute=0x11): sq_id = 152
[E : PPU[1] Thread (CPUThread)[0x013e60dc]]: TODO: sys_spinlock_lock
[E : PPU[1] Thread (CPUThread)[0x013e6094]]: TODO: sys_spinlock_unlock
[E : PPU[1] Thread (CPUThread)[0x013e60dc]]: TODO: sys_spinlock_lock
[E : PPU[1] Thread (CPUThread)[0x013e6094]]: TODO: sys_spinlock_unlock
[W : PPU[1] Thread (CPUThread)[0x002d8d44]]: sys_semaphore warning: sys_semaphore_create(sem_addr=0xd0020420, attr_addr=0xd0020428, initial_count=0, max_count=268435455)
[W : PPU[1] Thread (CPUThread)[0x013e604c]]: sys_lwmutex warning: *** lwmutex created [] (attribute=0x11): sq_id = 154
[E : PPU[1] Thread (CPUThread)[0x013e60dc]]: TODO: sys_spinlock_lock
[E : PPU[1] Thread (CPUThread)[0x013e6094]]: TODO: sys_spinlock_unlock
[W : PPU[1] Thread (CPUThread)[0x013e604c]]: sys_lwmutex warning: *** lwmutex created [] (attribute=0x11): sq_id = 156
[W : PPU[1] Thread (CPUThread)[0x013e604c]]: sys_lwmutex warning: *** lwmutex created [] (attribute=0x11): sq_id = 157
[W : PPU[1] Thread (CPUThread)[0x013e604c]]: sys_lwmutex warning: *** lwmutex created [] (attribute=0x11): sq_id = 158
[E : PPU[1] Thread (CPUThread)[0x013e60dc]]: TODO: sys_spinlock_lock
[E : PPU[1] Thread (CPUThread)[0x013e6094]]: TODO: sys_spinlock_unlock
[E : PPU[1] Thread (CPUThread)[0x013e60dc]]: TODO: sys_spinlock_lock
[E : PPU[1] Thread (CPUThread)[0x013e6094]]: TODO: sys_spinlock_unlock
[W : PPU[1] Thread (CPUThread)[0x002d8d44]]: sys_semaphore warning: sys_semaphore_create(sem_addr=0xd0020420, attr_addr=0xd0020428, initial_count=0, max_count=268435455)
[W : PPU[1] Thread (CPUThread)[0x013e604c]]: sys_lwmutex warning: *** lwmutex created [] (attribute=0x11): sq_id = 160
[E : PPU[1] Thread (CPUThread)[0x013e60dc]]: TODO: sys_spinlock_lock
[E : PPU[1] Thread (CPUThread)[0x013e6094]]: TODO: sys_spinlock_unlock
[W : PPU[1] Thread (CPUThread)[0x002d8d44]]: sys_semaphore warning: sys_semaphore_create(sem_addr=0xd0020420, attr_addr=0xd0020428, initial_count=0, max_count=268435455)
[W : PPU[1] Thread (CPUThread)[0x013e604c]]: sys_lwmutex warning: *** lwmutex created [] (attribute=0x11): sq_id = 163
[E : PPU[1] Thread (CPUThread)[0x013e60dc]]: TODO: sys_spinlock_lock
[E : PPU[1] Thread (CPUThread)[0x013e6094]]: TODO: sys_spinlock_unlock
[W : PPU[1] Thread (CPUThread)[0x013e604c]]: sys_lwmutex warning: *** lwmutex created [] (attribute=0x11): sq_id = 165
[W : PPU[1] Thread (CPUThread)[0x013e604c]]: sys_lwmutex warning: *** lwmutex created [] (attribute=0x11): sq_id = 166
[W : PPU[1] Thread (CPUThread)[0x013e604c]]: sys_lwmutex warning: *** lwmutex created [] (attribute=0x11): sq_id = 167
[E : PPU[1] Thread (CPUThread)[0x013e60dc]]: TODO: sys_spinlock_lock
[E : PPU[1] Thread (CPUThread)[0x013e6094]]: TODO: sys_spinlock_unlock
[E : PPU[1] Thread (CPUThread)[0x013e60dc]]: TODO: sys_spinlock_lock
[E : PPU[1] Thread (CPUThread)[0x013e6094]]: TODO: sys_spinlock_unlock
[E : PPU[1] Thread (CPUThread)[0x013e60dc]]: TODO: sys_spinlock_lock
[E : PPU[1] Thread (CPUThread)[0x013e6094]]: TODO: sys_spinlock_unlock
[E : PPU[1] Thread (CPUThread)[0x013e60dc]]: TODO: sys_spinlock_lock
[E : PPU[1] Thread (CPUThread)[0x013e6094]]: TODO: sys_spinlock_unlock
[E : PPU[1] Thread (CPUThread)[0x013e60c4]]: TODO: sys_spinlock_initialize
[W : PPU[1] Thread (CPUThread)[0x00895f98]]: sys_event_flag warning: sys_event_flag_create(eflag_id_addr=0x32017310, attr_addr=0xd0020390, init=0x1)
[W : PPU[1] Thread (CPUThread)[0x00895f98]]: sys_event_flag warning: TODO: SYS_SYNC_PRIORITY attr
[W : PPU[1] Thread (CPUThread)[0x00895f98]]: sys_event_flag warning: TODO: SYS_SYNC_WAITER_MULTIPLE type
[W : PPU[1] Thread (CPUThread)[0x00895f98]]: sys_event_flag warning: *** event_flag created [] (protocol=0x2, type=0x20000): id = 168
[E : PPU[1] Thread (CPUThread)[0x013e60dc]]: TODO: sys_spinlock_lock
[E : PPU[1] Thread (CPUThread)[0x013e6094]]: TODO: sys_spinlock_unlock
[W : PPU[1] Thread (CPUThread)[0x008c66a0]]: sys_event_flag warning: sys_event_flag_create(eflag_id_addr=0x32017330, attr_addr=0xd001fd80, init=0x1)
[W : PPU[1] Thread (CPUThread)[0x008c66a0]]: sys_event_flag warning: TODO: SYS_SYNC_PRIORITY attr
[W : PPU[1] Thread (CPUThread)[0x008c66a0]]: sys_event_flag warning: TODO: SYS_SYNC_WAITER_MULTIPLE type
[W : PPU[1] Thread (CPUThread)[0x008c66a0]]: sys_event_flag warning: *** event_flag created [] (protocol=0x2, type=0x20000): id = 169
[E : PPU[1] Thread (CPUThread)[0x013d0160]]: TODO: cellGcmInitSystemMode
[W : PPU[1] Thread (CPUThread)[0x013d0118]]: cellGcmSys warning: cellGcmInitDefaultFifoMode(mode=1)
[W : PPU[1] Thread (CPUThread)[0x013d0178]]: cellGcmSys warning: cellGcmInit(context_addr=0x137f9b8,cmdSize=0xff000,ioSize=0x100000,ioAddress=0x3b110000)
[W : PPU[1] Thread (CPUThread)[0x013d0178]]: cellGcmSys warning: *** local memory(addr=0xc0000000, size=0xf900000)
[W : PPU[1] Thread (CPUThread)[0x013d0178]]: cellGcmSys warning: cellGcmMapEaIoAddress(ea=0x3b110000, io=0x0, size=0x100000)
[! : RSXThread]: RSX thread entry
[E : PPU[1] Thread (CPUThread)[0x013e60dc]]: TODO: sys_spinlock_lock
[E : PPU[1] Thread (CPUThread)[0x013e6094]]: TODO: sys_spinlock_unlock
[E : PPU[1] Thread (CPUThread)[0x013e60dc]]: TODO: sys_spinlock_lock
[E : PPU[1] Thread (CPUThread)[0x013e6094]]: TODO: sys_spinlock_unlock
[W : PPU[1] Thread (CPUThread)[0x013d0070]]: cellGcmSys warning: cellGcmSetDebugOutputLevel(level=2)
[E : PPU[1] Thread (CPUThread)[0x013e60dc]]: TODO: sys_spinlock_lock
[E : PPU[1] Thread (CPUThread)[0x013e6094]]: TODO: sys_spinlock_unlock
[W : PPU[1] Thread (CPUThread)[0x013e604c]]: sys_lwmutex warning: *** lwmutex created [] (attribute=0x12): sq_id = 170
[E : PPU[1] Thread (CPUThread)[0x013e60dc]]: TODO: sys_spinlock_lock
[E : PPU[1] Thread (CPUThread)[0x013e6094]]: TODO: sys_spinlock_unlock
[E : PPU[1] Thread (CPUThread)[0x013e60dc]]: TODO: sys_spinlock_lock
[E : PPU[1] Thread (CPUThread)[0x013e6094]]: TODO: sys_spinlock_unlock
[W : PPU[1] Thread (CPUThread)[0x013e604c]]: sys_lwmutex warning: *** lwmutex created [] (attribute=0x12): sq_id = 171
[E : PPU[1] Thread (CPUThread)[0x013e60dc]]: TODO: sys_spinlock_lock
[E : PPU[1] Thread (CPUThread)[0x013e6094]]: TODO: sys_spinlock_unlock
[W : PPU[1] Thread (CPUThread)[0x013d00b8]]: cellGcmSys warning: cellGcmMapMainMemory(ea=0x30110000,size=0x3b00000,offset_addr=0xd0020340)
[W : PPU[1] Thread (CPUThread)[0x013d00b8]]: cellGcmSys warning: cellGcmMapMainMemory(ea=0x33c10000,size=0x1100000,offset_addr=0xd0020340)
[W : PPU[1] Thread (CPUThread)[0x013d00b8]]: cellGcmSys warning: cellGcmMapMainMemory(ea=0x34f10000,size=0x5a00000,offset_addr=0xd0020340)
[W : PPU[1] Thread (CPUThread)[0x013d00b8]]: cellGcmSys warning: cellGcmMapMainMemory(ea=0x3ab10000,size=0x600000,offset_addr=0xd0020340)
[W : PPU[1] Thread (CPUThread)[0x013d00b8]]: cellGcmSys warning: cellGcmMapMainMemory(ea=0x3a910000,size=0x200000,offset_addr=0xd0020340)
[W : PPU[1] Thread (CPUThread)[0x013d00b8]]: cellGcmSys warning: cellGcmMapMainMemory(ea=0x3b210000,size=0x300000,offset_addr=0xd0020340)
[W : PPU[1] Thread (CPUThread)[0x013d00b8]]: cellGcmSys warning: cellGcmMapMainMemory(ea=0x10000000,size=0x100000,offset_addr=0xd0020340)
[W : PPU[1] Thread (CPUThread)[0x013d0004]]: cellGcmSys warning: cellGcmGetTiledPitchSize(size=7680)
[E : PPU[1] Thread (CPUThread)[0x013e60dc]]: TODO: sys_spinlock_lock
[E : PPU[1] Thread (CPUThread)[0x013e6094]]: TODO: sys_spinlock_unlock
[E : PPU[1] Thread (CPUThread)[0x013e60dc]]: TODO: sys_spinlock_lock
[E : PPU[1] Thread (CPUThread)[0x013e6094]]: TODO: sys_spinlock_unlock
[E : PPU[1] Thread (CPUThread)[0x013e60dc]]: TODO: sys_spinlock_lock
[E : PPU[1] Thread (CPUThread)[0x013e6094]]: TODO: sys_spinlock_unlock
[W : PPU[1] Thread (CPUThread)[0x013d0004]]: cellGcmSys warning: cellGcmGetTiledPitchSize(size=5120)
[E : PPU[1] Thread (CPUThread)[0x013e60dc]]: TODO: sys_spinlock_lock
[E : PPU[1] Thread (CPUThread)[0x013e6094]]: TODO: sys_spinlock_unlock
[E : PPU[1] Thread (CPUThread)[0x013e60dc]]: TODO: sys_spinlock_lock
[E : PPU[1] Thread (CPUThread)[0x013e6094]]: TODO: sys_spinlock_unlock
[W : PPU[1] Thread (CPUThread)[0x013d0004]]: cellGcmSys warning: cellGcmGetTiledPitchSize(size=5120)
[E : PPU[1] Thread (CPUThread)[0x013e60dc]]: TODO: sys_spinlock_lock
[E : PPU[1] Thread (CPUThread)[0x013e6094]]: TODO: sys_spinlock_unlock
[W : PPU[1] Thread (CPUThread)[0x013d00d0]]: cellGcmSys warning: cellGcmSetDisplayBuffer(id=0x0,offset=0x0,pitch=4,width=1280,height=720)
[E : PPU[1] Thread (CPUThread)[0x013e60dc]]: TODO: sys_spinlock_lock
[E : PPU[1] Thread (CPUThread)[0x013e6094]]: TODO: sys_spinlock_unlock
[E : PPU[1] Thread (CPUThread)[0x013e60dc]]: TODO: sys_spinlock_lock
[E : PPU[1] Thread (CPUThread)[0x013e6094]]: TODO: sys_spinlock_unlock
[W : PPU[1] Thread (CPUThread)[0x013d0004]]: cellGcmSys warning: cellGcmGetTiledPitchSize(size=5120)
[E : PPU[1] Thread (CPUThread)[0x013e60dc]]: TODO: sys_spinlock_lock
[E : PPU[1] Thread (CPUThread)[0x013e6094]]: TODO: sys_spinlock_unlock
[W : PPU[1] Thread (CPUThread)[0x013d00d0]]: cellGcmSys warning: cellGcmSetDisplayBuffer(id=0x1,offset=0x398000,pitch=4,width=1280,height=720)
[W : PPU[1] Thread (CPUThread)[0x013d0004]]: cellGcmSys warning: cellGcmGetTiledPitchSize(size=5120)
[W : PPU[1] Thread (CPUThread)[0x013d0004]]: cellGcmSys warning: cellGcmGetTiledPitchSize(size=5120)
[! : RSXThread]: RSX thread exit...
