[!]: path: /dev_hdd0/game/
[!]: Loading 'D:\Emulateur\Rpcs3\dev_hdd0\game\MRTC00001\PS3_GAME\USRDIR\BOOT.BIN'...
[!]: Mount info:
[!]: /dev_hdd0/ -> D:\Emulateur\Rpcs3\dev_hdd0\
[!]: /dev_hdd1/ -> D:\Emulateur\Rpcs3\dev_hdd1\
[!]: /dev_flash/ -> D:\Emulateur\Rpcs3\dev_flash\
[!]: /dev_usb000/ -> D:\Emulateur\Rpcs3\dev_usb000\
[!]: /dev_usb/ -> D:\Emulateur\Rpcs3\dev_usb000\
[!]: /app_home/ -> D:\Emulateur\Rpcs3\dev_hdd0\game\MRTC00001\PS3_GAME\
[!]: /dev_bdvd/ -> D:\Emulateur\Rpcs3\dev_hdd0\game\MRTC00001\PS3_GAME\\..\
[!]: /host_root/ -> 
[!]: / -> D:\Emulateur\Rpcs3\dev_hdd0\game\MRTC00001\PS3_GAME\\USRDIR\
[!]: Initing memory...
[!]: Memory initialized.
[W]: Unknown function 0x0d5b4a14 in 'sys_fs' module
[E]: TODO: cellFsReadWithOffset
[W]: Unknown function 0x967a162b in 'sys_fs' module
[E]: TODO: cellFsFsync
[W]: Unknown function 0x1dfbfdd6 in 'cellSysutil' module
[E]: TODO: cellSaveDataListLoad2
[W]: Unknown function 0x20543730 in 'cellSysutil' module
[E]: TODO: cellMsgDialogClose
[W]: Unknown function 0x21425307 in 'cellSysutil' module
[E]: TODO: cellSaveDataListAutoLoad
[W]: Unknown function 0x2a8eada2 in 'cellSysutil' module
[E]: TODO: cellSaveDataFixedLoad2
[W]: Unknown function 0x2aae9ef5 in 'cellSysutil' module
[E]: TODO: cellSaveDataFixedSave2
[W]: Unknown function 0x2de0d663 in 'cellSysutil' module
[E]: TODO: cellSaveDataListSave2
[W]: Unknown function 0x4dd03a4e in 'cellSysutil' module
[E]: TODO: cellSaveDataListAutoSave
[W]: Unknown function 0x62b0f803 in 'cellSysutil' module
[E]: TODO: cellMsgDialogAbort
[W]: Unknown function 0x7bc2c8a8 in 'cellSysutil' module
[E]: TODO: cellMsgDialogProgressBarReset
[W]: Unknown function 0x8b7ed64b in 'cellSysutil' module
[E]: TODO: cellSaveDataAutoSave2
[W]: Unknown function 0x94862702 in 'cellSysutil' module
[E]: TODO: cellMsgDialogProgressBarInc
[W]: Unknown function 0x9d6af72a in 'cellSysutil' module
[E]: TODO: cellMsgDialogProgressBarSetMsg
[W]: Unknown function 0xb72bc4e6 in 'cellSysutil' module
[E]: TODO: cellDiscGameGetBootDiscInfo
[W]: Unknown function 0xdfdd302e in 'cellSysutil' module
[E]: TODO: cellDiscGameRegisterDiscChangeCallback
[W]: Unknown function 0xedc34e1a in 'cellSysutil' module
[E]: TODO: cellDiscGameUnregisterDiscChangeCallback
[W]: Unknown function 0x3d1e1931 in 'cellSysutil' module
[E]: TODO: cellOskDialogUnloadAsync
[W]: Unknown function 0x7fcfc915 in 'cellSysutil' module
[E]: TODO: cellOskDialogLoadAsync
[W]: Unknown function 0xb53c54fa in 'cellSysutil' module
[E]: TODO: cellOskDialogSetKeyLayoutOption
[W]: Unknown function 0xc427890c in 'cellSysutil' module
[E]: TODO: cellOskDialogSetInitialKeyLayout
[W]: Unknown module 'cellSysutilAvconfExt'
[W]: Unknown function 0x039d70b7 in 'cellSpurs' module
[E]: TODO: cellSpursQueueDetachLv2EventQueue
[W]: Unknown function 0x082bfb09 in 'cellSpurs' module
[E]: TODO: _cellSpursQueueInitialize
[W]: Unknown function 0x13ae18f3 in 'cellSpurs' module
[E]: TODO: cellSpursTaskExitCodeGet
[W]: Unknown function 0x16394a4e in 'cellSpurs' module
[E]: TODO: _cellSpursTasksetAttributeInitialize
[W]: Unknown function 0x17001000 in 'cellSpurs' module
[E]: TODO: cellSpursAddUrgentCommand
[W]: Unknown function 0x1d344406 in 'cellSpurs' module
[E]: TODO: cellSpursTaskGetLoadableSegmentPattern
[W]: Unknown function 0x1d46fedf in 'cellSpurs' module
[E]: TODO: cellSpursCreateTaskWithAttribute
[W]: Unknown function 0x22aab31d in 'cellSpurs' module
[E]: TODO: cellSpursEventFlagDetachLv2EventQueue
[W]: Unknown function 0x303c19cd in 'cellSpurs' module
[E]: TODO: cellSpursCreateJobChainWithAttribute
[W]: Unknown function 0x34552fa6 in 'cellSpurs' module
[E]: TODO: cellSpursTaskExitCodeInitialize
[W]: Unknown function 0x3548f483 in 'cellSpurs' module
[E]: TODO: _cellSpursJobChainAttributeInitialize
[W]: Unknown function 0x373523d4 in 'cellSpurs' module
[E]: TODO: cellSpursEventFlagWait
[W]: Unknown function 0x4ac7bae4 in 'cellSpurs' module
[E]: TODO: cellSpursEventFlagClear
[W]: Unknown function 0x5ef96465 in 'cellSpurs' module
[E]: TODO: _cellSpursEventFlagInitialize
[W]: Unknown function 0x652b70e2 in 'cellSpurs' module
[E]: TODO: cellSpursTasksetAttributeSetName
[W]: Unknown function 0x68aaeba9 in 'cellSpurs' module
[E]: TODO: cellSpursJobGuardInitialize
[W]: Unknown function 0x6d2d9339 in 'cellSpurs' module
[E]: TODO: cellSpursEventFlagTryWait
[W]: Unknown function 0x738e40e6 in 'cellSpurs' module
[E]: TODO: cellSpursShutdownJobChain
[W]: Unknown function 0x7cb33c2e in 'cellSpurs' module
[E]: TODO: cellSpursTaskGetReadOnlyAreaPattern
[W]: Unknown function 0x87630976 in 'cellSpurs' module
[E]: TODO: cellSpursEventFlagAttachLv2EventQueue
[W]: Unknown function 0x8f122ef8 in 'cellSpurs' module
[E]: TODO: cellSpursTasksetAttributeSetTasksetSize
[W]: Unknown function 0x9034e538 in 'cellSpurs' module
[E]: TODO: cellSpursTaskGetContextSaveAreaSize
[W]: Unknown function 0x91066667 in 'cellSpurs' module
[E]: TODO: cellSpursQueuePopBody
[W]: Unknown function 0x9197915f in 'cellSpurs' module
[E]: TODO: cellSpursTaskGenerateLsPattern
[W]: Unknown function 0x92cff6ed in 'cellSpurs' module
[E]: TODO: cellSpursQueuePushBody
[W]: Unknown function 0x9f72add3 in 'cellSpurs' module
[E]: TODO: cellSpursJoinTaskset
[W]: Unknown function 0x9fef70c2 in 'cellSpurs' module
[E]: TODO: cellSpursJobChainAttributeSetName
[W]: Unknown function 0xa121a224 in 'cellSpurs' module
[E]: TODO: cellSpursTaskAttributeSetExitCodeContainer
[W]: Unknown function 0xa789e631 in 'cellSpurs' module
[E]: TODO: cellSpursShutdownTaskset
[W]: Unknown function 0xa7c066de in 'cellSpurs' module
[E]: TODO: cellSpursJoinJobChain
[W]: Unknown function 0xaa6269a8 in 'cellSpurs' module
[E]: TODO: cellSpursInitializeWithAttribute
[W]: Unknown function 0xb8474eff in 'cellSpurs' module
[E]: TODO: _cellSpursTaskAttributeInitialize
[W]: Unknown function 0xc10931cb in 'cellSpurs' module
[E]: TODO: cellSpursCreateTasksetWithAttribute
[W]: Unknown function 0xd5d0b256 in 'cellSpurs' module
[E]: TODO: cellSpursJobGuardNotify
[W]: Unknown function 0xe5443be7 in 'cellSpurs' module
[E]: TODO: cellSpursQueueAttachLv2EventQueue
[W]: Unknown function 0xf31731bb in 'cellSpurs' module
[E]: TODO: cellSpursRunJobChain
[W]: Unknown function 0xf5507729 in 'cellSpurs' module
[E]: TODO: cellSpursEventFlagSet
[W]: Unknown function 0x011ee38b in 'cellSpurs' module
[E]: TODO: _cellSpursLFQueueInitialize
[W]: Unknown function 0x1656d49f in 'cellSpurs' module
[E]: TODO: cellSpursLFQueueAttachLv2EventQueue
[W]: Unknown function 0x52cc6c82 in 'cellSpurs' module
[E]: TODO: cellSpursCreateTaskset
[W]: Unknown function 0x73e06f91 in 'cellSpurs' module
[E]: TODO: cellSpursLFQueueDetachLv2EventQueue
[W]: Unknown function 0x8a85674d in 'cellSpurs' module
[E]: TODO: _cellSpursLFQueuePushBody
[W]: Unknown function 0xbeb600ac in 'cellSpurs' module
[E]: TODO: cellSpursCreateTask
[W]: Unknown function 0xe0a6dbe4 in 'cellSpurs' module
[E]: TODO: _cellSpursSendSignal
[W]: Unknown function 0x63387071 in 'cellGcmSys' module
[E]: TODO: cellGcmGetLastFlipTime
[W]: Unknown function 0x99d397ac in 'cellGcmSys' module
[E]: TODO: cellGcmGetReport
[W]: Unknown function 0x0247c69e in 'cellSail' module
[E]: TODO: cellSailGraphicsAdapterGetFrame
[W]: Unknown function 0x0abb318b in 'cellSail' module
[E]: TODO: cellSailDescriptorCreateDatabase
[W]: Unknown function 0x0d0c2f0c in 'cellSail' module
[E]: TODO: cellSailDescriptorSetEs
[W]: Unknown function 0x1139a206 in 'cellSail' module
[E]: TODO: cellSailPlayerSetSoundAdapter
[W]: Unknown function 0x1872331b in 'cellSail' module
[E]: TODO: cellSailGraphicsAdapterPtsToTimePosition
[W]: Unknown function 0x18b4629d in 'cellSail' module
[E]: TODO: cellSailPlayerFinalize
[W]: Unknown function 0x18bcd21b in 'cellSail' module
[E]: TODO: cellSailPlayerSetGraphicsAdapter
[W]: Unknown function 0x1c983864 in 'cellSail' module
[E]: TODO: cellSailGraphicsAdapterInitialize
[W]: Unknown function 0x23654375 in 'cellSail' module
[E]: TODO: cellSailPlayerInitialize2
[W]: Unknown function 0x28336e89 in 'cellSail' module
[E]: TODO: cellSailDescriptorDestroyDatabase
[W]: Unknown function 0x2e3ccb5e in 'cellSail' module
[E]: TODO: cellSailGraphicsAdapterSetPreferredFormat
[W]: Unknown function 0x346ebba3 in 'cellSail' module
[E]: TODO: cellSailMemAllocatorInitialize
[W]: Unknown function 0x34ecc1b9 in 'cellSail' module
[E]: TODO: cellSailPlayerOpenStream
[W]: Unknown function 0x3a2d806c in 'cellSail' module
[E]: TODO: cellSailFutureGet
[W]: Unknown function 0x3d0d3b72 in 'cellSail' module
[E]: TODO: cellSailSoundAdapterInitialize
[W]: Unknown function 0x44a20e79 in 'cellSail' module
[E]: TODO: cellSailGraphicsAdapterUpdateAvSync
[W]: Unknown function 0x47632810 in 'cellSail' module
[E]: TODO: cellSailPlayerReplaceEventHandler
[W]: Unknown function 0x4ae979df in 'cellSail' module
[E]: TODO: cellSailSoundAdapterPtsToTimePosition
[W]: Unknown function 0x4c191088 in 'cellSail' module
[E]: TODO: cellSailDescriptorGetUri
[W]: Unknown function 0x4cc54f8e in 'cellSail' module
[E]: TODO: cellSailFutureInitialize
[W]: Unknown function 0x54c53688 in 'cellSail' module
[E]: TODO: cellSailSourceNotifyInputEos
[W]: Unknown function 0x5f7c7a6f in 'cellSail' module
[E]: TODO: cellSailPlayerSetParameter
[W]: Unknown function 0x752f8585 in 'cellSail' module
[E]: TODO: cellSailPlayerGetDescriptorCount
[W]: Unknown function 0x76488bb1 in 'cellSail' module
[E]: TODO: cellSailGraphicsAdapterFinalize
[W]: Unknown function 0x764ec2d2 in 'cellSail' module
[E]: TODO: cellSailSourceNotifyCallCompleted
[W]: Unknown function 0x76b1a425 in 'cellSail' module
[E]: TODO: cellSailDescriptorSetAutoSelection
[W]: Unknown function 0x7c8dff3b in 'cellSail' module
[E]: TODO: cellSailPlayerAddDescriptor
[W]: Unknown function 0x7eb8d6b5 in 'cellSail' module
[E]: TODO: cellSailSoundAdapterGetFrame
[W]: Unknown function 0x85beffcc in 'cellSail' module
[E]: TODO: cellSailPlayerCloseStream
[W]: Unknown function 0x9553af65 in 'cellSail' module
[E]: TODO: cellSailFutureFinalize
[W]: Unknown function 0x95ee1695 in 'cellSail' module
[E]: TODO: cellSailSourceNotifyStreamOut
[W]: Unknown function 0x9d30bdce in 'cellSail' module
[E]: TODO: cellSailSourceInitialize
[W]: Unknown function 0xa37fed15 in 'cellSail' module
[E]: TODO: cellSailFutureSet
[W]: Unknown function 0xbdf21b0f in 'cellSail' module
[E]: TODO: cellSailPlayerBoot
[W]: Unknown function 0xbedccc74 in 'cellSail' module
[E]: TODO: cellSailPlayerRegisterSource
[W]: Unknown function 0xc044fab1 in 'cellSail' module
[E]: TODO: cellSailDescriptorOpen
[W]: Unknown function 0xc2d90ec9 in 'cellSail' module
[E]: TODO: cellSailMp4MovieGetTrackByTypeAndIndex
[W]: Unknown function 0xd1462438 in 'cellSail' module
[E]: TODO: cellSailSoundAdapterFinalize
[W]: Unknown function 0xd1d55a90 in 'cellSail' module
[E]: TODO: cellSailPlayerSetPaused
[W]: Unknown function 0xd5f9a15b in 'cellSail' module
[E]: TODO: cellSailDescriptorGetStreamType
[W]: Unknown function 0xd7938b8d in 'cellSail' module
[E]: TODO: cellSailPlayerCreateDescriptor
[W]: Unknown function 0xddebd2a5 in 'cellSail' module
[E]: TODO: cellSailAviMovieGetStreamByTypeAndIndex
[W]: Unknown function 0xe535b0d3 in 'cellSail' module
[E]: TODO: cellSailPlayerStart
[W]: Unknown function 0xeba8d4ec in 'cellSail' module
[E]: TODO: cellSailPlayerStop
[W]: Unknown function 0xeec22809 in 'cellSail' module
[E]: TODO: cellSailSoundAdapterUpdateAvSync
[W]: Unknown function 0xf25f197d in 'cellSail' module
[E]: TODO: cellSailSoundAdapterGetFormat
[W]: Unknown function 0xfc5baf8a in 'cellSail' module
[E]: TODO: cellSailPlayerSetRepeatMode
[W]: Unknown function 0xfc839bd4 in 'cellSail' module
[E]: TODO: cellSailPlayerDestroyDescriptor
[W]: Unknown function 0xffd58aa4 in 'cellSail' module
[E]: TODO: cellSailGraphicsAdapterGetFormat
[W]: Unknown function 0xd3758645 in 'cellResc' module
[E]: TODO: cellRescSetVBlankHandler
[W]: Unknown function 0x01036193 in 'cellFiber' module
[E]: TODO: cellFiberPpuContextReturnToThread
[W]: Unknown function 0x34a81091 in 'cellFiber' module
[E]: TODO: cellFiberPpuContextSelf
[W]: Unknown function 0x72086315 in 'cellFiber' module
[E]: TODO: cellFiberPpuContextInitialize
[W]: Unknown function 0xaba1c563 in 'cellFiber' module
[E]: TODO: cellFiberPpuContextRun
[W]: Unknown function 0xb3a48079 in 'cellFiber' module
[E]: TODO: cellFiberPpuContextFinalize
[W]: Unknown function 0xd0066b17 in 'cellFiber' module
[E]: TODO: cellFiberPpuContextSwitch
[W]: Unknown function 0x55870804 in 'cellFiber' module
[E]: TODO: _cellFiberPpuInitialize
[W]: Unknown function 0x26090058 in 'sysPrxForUser' module
[E]: TODO: sys_prx_load_module
[W]: Unknown function 0x80fb0c19 in 'sysPrxForUser' module
[E]: TODO: sys_prx_stop_module
[W]: Unknown function 0x84bb6774 in 'sysPrxForUser' module
[E]: TODO: sys_prx_get_module_info
[W]: Unknown function 0x8a561d92 in 'sysPrxForUser' module
[E]: TODO: _sys_heap_free
[W]: Unknown function 0x9f18429d in 'sysPrxForUser' module
[E]: TODO: sys_prx_start_module
[W]: Unknown function 0xa5d06bf0 in 'sysPrxForUser' module
[E]: TODO: sys_prx_get_module_list
[W]: Unknown function 0xaede4b03 in 'sysPrxForUser' module
[E]: TODO: _sys_heap_delete_heap
[W]: Unknown function 0xf0aece0d in 'sysPrxForUser' module
[E]: TODO: sys_prx_unload_module
[W : PPU[1] Thread (CPUThread)[0x0005ebf0]]: memory warning: sys_memory_get_user_memory_size(mem_info_addr=0xd0020cb4)
[W : PPU[1] Thread (CPUThread)[0x0003c300]]: sys_semaphore warning: sys_semaphore_create(sem_addr=0x301000ac, attr_addr=0xd0020b90, initial_count=0, max_count=2147483647)
[W : PPU[1] Thread (CPUThread)[0x01005040]]: sys_lwmutex warning: *** lwmutex created [_lc_mtx] (attribute=0x12): sq_id = 4
[W : PPU[1] Thread (CPUThread)[0x01005040]]: sys_lwmutex warning: *** lwmutex created [_lc_mtx] (attribute=0x12): sq_id = 5
[W : PPU[1] Thread (CPUThread)[0x01005040]]: sys_lwmutex warning: *** lwmutex created [_lc_mtx] (attribute=0x12): sq_id = 6
[W : PPU[1] Thread (CPUThread)[0x01005040]]: sys_lwmutex warning: *** lwmutex created [_lc_mtx] (attribute=0x12): sq_id = 7
[W : PPU[1] Thread (CPUThread)[0x01005040]]: sys_lwmutex warning: *** lwmutex created [_lc_mtx] (attribute=0x12): sq_id = 8
[W : PPU[1] Thread (CPUThread)[0x01005040]]: sys_lwmutex warning: *** lwmutex created [_lc_mtx] (attribute=0x12): sq_id = 9
[W : PPU[1] Thread (CPUThread)[0x01005040]]: sys_lwmutex warning: *** lwmutex created [_lc_mtx] (attribute=0x12): sq_id = 10
[W : PPU[1] Thread (CPUThread)[0x01005040]]: sys_lwmutex warning: *** lwmutex created [_lc_mtx] (attribute=0x12): sq_id = 11
[W : PPU[1] Thread (CPUThread)[0x01005040]]: sys_lwmutex warning: *** lwmutex created [_lc_mtx] (attribute=0x12): sq_id = 12
[W : PPU[1] Thread (CPUThread)[0x01005040]]: sys_lwmutex warning: *** lwmutex created [_lgcmtx] (attribute=0x12): sq_id = 13
[W : PPU[1] Thread (CPUThread)[0x01005040]]: sys_lwmutex warning: *** lwmutex created [_lgcmtx] (attribute=0x12): sq_id = 14
[W : PPU[1] Thread (CPUThread)[0x0003c300]]: sys_semaphore warning: sys_semaphore_create(sem_addr=0xf83160, attr_addr=0xd0020b40, initial_count=0, max_count=2147483647)
[W : PPU[1] Thread (CPUThread)[0x0003c300]]: sys_semaphore warning: sys_semaphore_create(sem_addr=0xf6b480, attr_addr=0xd0020b40, initial_count=0, max_count=2147483647)
[W : PPU[1] Thread (CPUThread)[0x0003c300]]: sys_semaphore warning: sys_semaphore_create(sem_addr=0xf6be00, attr_addr=0xd0020b40, initial_count=0, max_count=2147483647)
[W : PPU[1] Thread (CPUThread)[0x0003c300]]: sys_semaphore warning: sys_semaphore_create(sem_addr=0xf72f80, attr_addr=0xd0020b40, initial_count=0, max_count=2147483647)
[W : PPU[1] Thread (CPUThread)[0x0003c300]]: sys_semaphore warning: sys_semaphore_create(sem_addr=0xf83000, attr_addr=0xd0020b40, initial_count=0, max_count=2147483647)
[W : PPU[1] Thread (CPUThread)[0x0003c300]]: sys_semaphore warning: sys_semaphore_create(sem_addr=0xf612f8, attr_addr=0xd0020b70, initial_count=0, max_count=2147483647)
[W : PPU[1] Thread (CPUThread)[0x0003c300]]: sys_semaphore warning: sys_semaphore_create(sem_addr=0xf5f1bc, attr_addr=0xd0020b70, initial_count=0, max_count=2147483647)
[W : PPU[1] Thread (CPUThread)[0x0003c300]]: sys_semaphore warning: sys_semaphore_create(sem_addr=0xf5e8e0, attr_addr=0xd0020b30, initial_count=0, max_count=2147483647)
[W : PPU[1] Thread (CPUThread)[0x0003c300]]: sys_semaphore warning: sys_semaphore_create(sem_addr=0xf5ea60, attr_addr=0xd0020b30, initial_count=0, max_count=2147483647)
[W : PPU[1] Thread (CPUThread)[0x0003c300]]: sys_semaphore warning: sys_semaphore_create(sem_addr=0xf5ebe0, attr_addr=0xd0020b30, initial_count=0, max_count=2147483647)
[W : PPU[1] Thread (CPUThread)[0x0003c300]]: sys_semaphore warning: sys_semaphore_create(sem_addr=0xf5ed60, attr_addr=0xd0020b30, initial_count=0, max_count=2147483647)
[W : PPU[1] Thread (CPUThread)[0x0003c300]]: sys_semaphore warning: sys_semaphore_create(sem_addr=0xf5eee0, attr_addr=0xd0020b30, initial_count=0, max_count=2147483647)
[W : PPU[1] Thread (CPUThread)[0x0003c300]]: sys_semaphore warning: sys_semaphore_create(sem_addr=0xf5eff8, attr_addr=0xd0020b30, initial_count=0, max_count=2147483647)
[W : PPU[1] Thread (CPUThread)[0x0003c300]]: sys_semaphore warning: sys_semaphore_create(sem_addr=0xf5e71c, attr_addr=0xd0020b40, initial_count=0, max_count=2147483647)
[W : PPU[1] Thread (CPUThread)[0x0003c300]]: sys_semaphore warning: sys_semaphore_create(sem_addr=0xf5e540, attr_addr=0xd0020b40, initial_count=0, max_count=2147483647)
[W : PPU[1] Thread (CPUThread)[0x0003c300]]: sys_semaphore warning: sys_semaphore_create(sem_addr=0xf5c560, attr_addr=0xd0020b50, initial_count=0, max_count=2147483647)
[W : PPU[1] Thread (CPUThread)[0x0003bdb4]]: sys_semaphore warning: sys_semaphore_create(sem_addr=0xf43ea8, attr_addr=0xd0020b50, initial_count=1, max_count=1)
[W : PPU[1] Thread (CPUThread)[0x0003c300]]: sys_semaphore warning: sys_semaphore_create(sem_addr=0xf43a0c, attr_addr=0xd0020b70, initial_count=0, max_count=2147483647)
[W : PPU[1] Thread (CPUThread)[0x0003c300]]: sys_semaphore warning: sys_semaphore_create(sem_addr=0xf03578, attr_addr=0xd0020b50, initial_count=0, max_count=2147483647)
[W : PPU[1] Thread (CPUThread)[0x0003c300]]: sys_semaphore warning: sys_semaphore_create(sem_addr=0xf03474, attr_addr=0xd0020b50, initial_count=0, max_count=2147483647)
[W : PPU[1] Thread (CPUThread)[0x0003c300]]: sys_semaphore warning: sys_semaphore_create(sem_addr=0xf034f0, attr_addr=0xd0020b50, initial_count=0, max_count=2147483647)
[W : PPU[1] Thread (CPUThread)[0x00ff1010]]: cellSysmodule warning: cellSysmoduleLoadModule(CELL_SYSMODULE_SYSUTIL_GAME)
[W : PPU[1] Thread (CPUThread)[0x00fff040]]: cellGame warning: cellGameBootCheck(type_addr=0xd0020540, attributes_addr=0xd0020544, size_addr=0xd0020554, dirName_addr=0xd0020760)
[W : PPU[1] Thread (CPUThread)[0x00fff004]]: cellGame warning: cellGameGetParamString(id=100, buf_addr=0xd0020548, bufsize=10)
[W : PPU[1] Thread (CPUThread)[0x00fff01c]]: cellGame warning: cellGameContentPermit(contentInfoPath_addr=0xd0020760, usrdirPath_addr=0xd0020560)
[W : PPU[1] Thread (CPUThread)[0x00fed0f4]]: cellSysutil warning: cellSysutilRegisterCallback(slot=1, func_addr=0xe63368, userdata=0x0)
[W : PPU[1] Thread (CPUThread)[0x00ff1010]]: cellSysmodule warning: cellSysmoduleLoadModule(CELL_SYSMODULE_FIBER)
[W : PPU[1] Thread (CPUThread)[0x00ff101c]]: cellSysmodule warning: cellSysmoduleIsLoaded(CELL_SYSMODULE_FIBER)
[E : PPU[1] Thread (CPUThread)[0x0100304c]]: TODO: _cellFiberPpuInitialize
[W : PPU[1] Thread (CPUThread)[0x0003c12c]]: sys_semaphore warning: sys_semaphore_create(sem_addr=0xf43e48, attr_addr=0xd0020b50, initial_count=0, max_count=1)
[W : PPU[1] Thread (CPUThread)[0x00ff1010]]: cellSysmodule warning: cellSysmoduleLoadModule(CELL_SYSMODULE_FS)
[W : PPU[1] Thread (CPUThread)[0x00ff1010]]: cellSysmodule warning: cellSysmoduleLoadModule(CELL_SYSMODULE_RTC)
[W : PPU[1] Thread (CPUThread)[0x00ff1010]]: cellSysmodule warning: cellSysmoduleLoadModule(CELL_SYSMODULE_GCM_SYS)
[E : PPU[1] Thread (CPUThread)[0x00fed10c]]: TODO: cellDiscGameGetBootDiscInfo
[E : PPU[1] Thread (CPUThread)[0x01005028]]: TODO: sys_prx_load_module
[E : PPU[1] Thread (CPUThread)[0x01005028]]: TODO: sys_prx_load_module
[E : PPU[1] Thread (CPUThread)[0x01005028]]: TODO: sys_prx_load_module
[E : PPU[1] Thread (CPUThread)[0x01005028]]: TODO: sys_prx_load_module
[E : PPU[1] Thread (CPUThread)[0x010050d0]]: TODO: sys_prx_start_module
[W : PPU[1] Thread (CPUThread)[0x00ff313c]]: cellSpurs warning: cellSpursAttributeInitialize(attr_addr=0xd00207d0, nSpus=2, spuPriority=2555905, ppuPriority=5, exitIfNoWork=250)
[W : PPU[1] Thread (CPUThread)[0x00ff3184]]: cellSpurs warning: cellSpursAttributeSetSpuThreadGroupType(attr_addr=0xd00207d0, type=24)
[W : PPU[1] Thread (CPUThread)[0x00ff3010]]: cellSpurs warning: cellSpursAttributeSetNamePrefix(attr_addr=0xd00207d0, prefix_addr=0xd615d0, size=0xc)
[E : PPU[1] Thread (CPUThread)[0x00ff3190]]: TODO: cellSpursInitializeWithAttribute
[W : PPU[1] Thread (CPUThread)[0x00ff313c]]: cellSpurs warning: cellSpursAttributeInitialize(attr_addr=0xd00207d0, nSpus=2, spuPriority=2555905, ppuPriority=1, exitIfNoWork=250)
[W : PPU[1] Thread (CPUThread)[0x00ff3184]]: cellSpurs warning: cellSpursAttributeSetSpuThreadGroupType(attr_addr=0xd00207d0, type=0)
[W : PPU[1] Thread (CPUThread)[0x00ff3010]]: cellSpurs warning: cellSpursAttributeSetNamePrefix(attr_addr=0xd00207d0, prefix_addr=0xd615e0, size=0x9)
[E : PPU[1] Thread (CPUThread)[0x00ff3190]]: TODO: cellSpursInitializeWithAttribute
[W : PPU[1] Thread (CPUThread)[0x00ff501c]]: cellGcmSys warning: cellGcmInit(context_addr=0xf9fc80,cmdSize=0x10000,ioSize=0x200000,ioAddress=0x30200000)
[W : PPU[1] Thread (CPUThread)[0x00ff501c]]: cellGcmSys warning: *** local memory(addr=0xc0000000, size=0xf900000)
[W : PPU[1] Thread (CPUThread)[0x00ff501c]]: cellGcmSys warning: cellGcmMapEaIoAddress(ea=0x30200000, io=0x0, size=0x200000)
[! : RSXThread]: RSX thread entry
[W : PPU[1] Thread (CPUThread)[0x00ff5064]]: cellGcmSys warning: cellGcmSetDebugOutputLevel(level=2)
[W : PPU[1] Thread (CPUThread)[0x0003c300]]: sys_semaphore warning: sys_semaphore_create(sem_addr=0x30102d1c, attr_addr=0xd00208c0, initial_count=0, max_count=2147483647)
[W : PPU[1] Thread (CPUThread)[0x0003c300]]: sys_semaphore warning: sys_semaphore_create(sem_addr=0x30102ecc, attr_addr=0xd0020950, initial_count=0, max_count=2147483647)
[W : PPU[1] Thread (CPUThread)[0x0003c300]]: sys_semaphore warning: sys_semaphore_create(sem_addr=0x30102f48, attr_addr=0xd0020950, initial_count=0, max_count=2147483647)
[W : PPU[1] Thread (CPUThread)[0x0003c300]]: sys_semaphore warning: sys_semaphore_create(sem_addr=0x3010302c, attr_addr=0xd0020960, initial_count=0, max_count=2147483647)
[W : PPU[1] Thread (CPUThread)[0x00ff50a0]]: cellGcmSys warning: cellGcmMapMainMemory(ea=0x30500000,size=0x800000,offset_addr=0xd0020a00)
[W : PPU[1] Thread (CPUThread)[0x00ff1010]]: cellSysmodule warning: cellSysmoduleLoadModule(CELL_SYSMODULE_AVCONF_EXT)
[E : PPU[1] Thread (CPUThread)[0x00fef004]]: TODO: cellVideoOutSetGamma
[W : PPU[1] Thread (CPUThread)[0x00ff5058]]: cellGcmSys warning: cellGcmSetFlipMode(mode=2)
[W : PPU[1] Thread (CPUThread)[0x00ff1010]]: cellSysmodule warning: cellSysmoduleLoadModule(CELL_SYSMODULE_RESC)
[E : PPU[1] Thread (CPUThread)[0x00ff3088]]: TODO: _cellSpursJobChainAttributeInitialize
[E : PPU[1] Thread (CPUThread)[0x00ff3154]]: TODO: cellSpursJobChainAttributeSetName
[E : PPU[1] Thread (CPUThread)[0x00ff3070]]: TODO: cellSpursCreateJobChainWithAttribute
[E : PPU[1] Thread (CPUThread)[0x00ff30c4]]: TODO: cellSpursJobGuardInitialize
[W : PPU[1] Thread (CPUThread)[0x01005040]]: sys_lwmutex warning: *** lwmutex created [CritSec] (attribute=0x22): sq_id = 41
[W : PPU[1] Thread (CPUThread)[0x01005040]]: sys_lwmutex warning: *** lwmutex created [CritSec] (attribute=0x22): sq_id = 42
[W : PPU[1] Thread (CPUThread)[0x01005040]]: sys_lwmutex warning: *** lwmutex created [CritSec] (attribute=0x22): sq_id = 43
[W : PPU[1] Thread (CPUThread)[0x0001a784]]: sys_event_flag warning: sys_event_flag_create(eflag_id_addr=0x301d0c9c, attr_addr=0xd0020ac0, init=0x1)
[W : PPU[1] Thread (CPUThread)[0x0001a784]]: sys_event_flag warning: TODO: SYS_SYNC_PRIORITY attr
[W : PPU[1] Thread (CPUThread)[0x0001a784]]: sys_event_flag warning: TODO: SYS_SYNC_WAITER_MULTIPLE type
[W : PPU[1] Thread (CPUThread)[0x0001a784]]: sys_event_flag warning: *** event_flag created [] (protocol=0x2, type=0x20000): id = 44
[W : PPU[1] Thread (CPUThread)[0x01005040]]: sys_lwmutex warning: *** lwmutex created [CritSec] (attribute=0x22): sq_id = 45
[W : PPU[1] Thread (CPUThread)[0x0003c300]]: sys_semaphore warning: sys_semaphore_create(sem_addr=0x301d1364, attr_addr=0xd0020ac0, initial_count=0, max_count=2147483647)
[W : PPU[1] Thread (CPUThread)[0x0003bdb4]]: sys_semaphore warning: sys_semaphore_create(sem_addr=0x301d1368, attr_addr=0xd0020aa0, initial_count=1, max_count=1)
[W : PPU[1] Thread (CPUThread)[0x0001a784]]: sys_event_flag warning: sys_event_flag_create(eflag_id_addr=0x301d136c, attr_addr=0xd0020aa0, init=0x0)
[W : PPU[1] Thread (CPUThread)[0x0001a784]]: sys_event_flag warning: TODO: SYS_SYNC_PRIORITY attr
[W : PPU[1] Thread (CPUThread)[0x0001a784]]: sys_event_flag warning: TODO: SYS_SYNC_WAITER_MULTIPLE type
[W : PPU[1] Thread (CPUThread)[0x0001a784]]: sys_event_flag warning: *** event_flag created [] (protocol=0x2, type=0x20000): id = 48
[W : PPU[1] Thread (CPUThread)[0x0003c444]]: sys_semaphore warning: sys_semaphore_create(sem_addr=0x301d12c8, attr_addr=0xd0020a70, initial_count=0, max_count=1)
[W : PPU[1] Thread (CPUThread)[0x00fed004]]: cellSysutil warning: cellSysutilUnregisterCallback(slot=1)
[W : PPU[1] Thread (CPUThread)[0x00fed0f4]]: cellSysutil warning: cellSysutilRegisterCallback(slot=0, func_addr=0xe63368, userdata=0x301d8450)
[W : PPU[1] Thread (CPUThread)[0x0003c300]]: sys_semaphore warning: sys_semaphore_create(sem_addr=0x301d8578, attr_addr=0xd0020a10, initial_count=0, max_count=2147483647)
[W : PPU[1] Thread (CPUThread)[0x00ff1010]]: cellSysmodule warning: cellSysmoduleLoadModule(CELL_SYSMODULE_FS)
[W : PPU[1] Thread (CPUThread)[0x01005040]]: sys_lwmutex warning: *** lwmutex created [CritSec] (attribute=0x22): sq_id = 51
[W : PPU[1] Thread (CPUThread)[0x0001a784]]: sys_event_flag warning: sys_event_flag_create(eflag_id_addr=0x31070158, attr_addr=0xd0020990, init=0x0)
[W : PPU[1] Thread (CPUThread)[0x0001a784]]: sys_event_flag warning: TODO: SYS_SYNC_PRIORITY attr
[W : PPU[1] Thread (CPUThread)[0x0001a784]]: sys_event_flag warning: TODO: SYS_SYNC_WAITER_MULTIPLE type
[W : PPU[1] Thread (CPUThread)[0x0001a784]]: sys_event_flag warning: *** event_flag created [] (protocol=0x2, type=0x20000): id = 52
[W : PPU[1] Thread (CPUThread)[0x0003c300]]: sys_semaphore warning: sys_semaphore_create(sem_addr=0x3107030c, attr_addr=0xd00209b0, initial_count=0, max_count=2147483647)
[W : PPU[1] Thread (CPUThread)[0x0003c444]]: sys_semaphore warning: sys_semaphore_create(sem_addr=0x31070128, attr_addr=0xd0020960, initial_count=0, max_count=1)
[W : PPU[1] Thread (CPUThread)[0x00ff1010]]: cellSysmodule warning: cellSysmoduleLoadModule(CELL_SYSMODULE_FS)
[W : PPU[1] Thread (CPUThread)[0x0003bdb4]]: sys_semaphore warning: sys_semaphore_create(sem_addr=0x301dbeb8, attr_addr=0xd0020ac0, initial_count=1, max_count=1)
[W : PPU[1] Thread (CPUThread)[0x00d9f034]]: *** cellFsOpen(path="/aska0000.bin"): fd = 56
[E : PPU[1] Thread (CPUThread)[0x00d9f004]]: TODO: cellFsReadWithOffset
[! : RSXThread]: RSX thread exit...
[!]: Closing memory...
