[!]: PKG: extracting...
[W]: UnPkg: Retail PKG detected.
[!]: Magic: 0x7f504b47
[!]: Release Type: 0x8000
[!]: Platform Type: 0x1
[!]: Header size: 0xc0
[!]: Unk1: 0x8
[!]: Metadata size: 0xc0
[!]: File count: 1571
[!]: Pkg size: 2194300912
[!]: Data offset: 0x180
[!]: Data size: 0x2194300432
[!]: TitleID: EP9000-NPEA00394_00-RAIN000000000001
[!]: QA Digest: 
[!]: KLicensee: 
[S]: PKG: extract done.
[W]: UnPkg: Retail PKG detected.
[!]: Magic: 0x7f504b47
[!]: Release Type: 0x8000
[!]: Platform Type: 0x1
[!]: Header size: 0xc0
[!]: Unk1: 0x8
[!]: Metadata size: 0xc0
[!]: File count: 1571
[!]: Pkg size: 2194300912
[!]: Data offset: 0x180
[!]: Data size: 0x2194300432
[!]: TitleID: EP9000-NPEA00394_00-RAIN000000000001
[!]: QA Digest: 
[!]: KLicensee: 
[E]: Ps3 executable not found in folder (D:\Emulateur\Rpcs3\dev_hdd0\game\NPEA00394)

[E]: Boot error: elf not found! [D:\Emulateur\Rpcs3\dev_hdd0\game\NPEA00394]

