[!]: Loading 'D:\Emulateur\Rpcs3\dev_hdd0\game\NPEA00094\USRDIR\BOOT.BIN'...
[!]: Mount info:
[!]: / -> D:\Emulateur\Rpcs3\dev_hdd0\game\NPEA00094\
[!]: /dev_usb/ -> D:\Emulateur\Rpcs3\dev_usb000\
[!]: /dev_hdd1/ -> D:\Emulateur\Rpcs3\dev_hdd1\
[!]: /dev_hdd0/ -> D:\Emulateur\Rpcs3\dev_hdd0\
[!]: /app_home/ -> D:\Emulateur\Rpcs3\dev_hdd0\game\NPEA00094\
[!]: /dev_bdvd/ -> D:\Emulateur\Rpcs3\dev_hdd0\game\NPEA00094\\..\
[!]: /dev_flash/ -> D:\Emulateur\Rpcs3\dev_flash\
[!]: /host_root/ -> 
[!]: /dev_usb000/ -> D:\Emulateur\Rpcs3\dev_usb000\
[!]: Initing memory...
[!]: Memory initialized.
[W]: Unknown function 0x8b7ed64b in 'cellSysutil' module
[E]: TODO: cellSaveDataAutoSave2
[W]: Unknown function 0xfbd5c856 in 'cellSysutil' module
[E]: TODO: cellSaveDataAutoLoad2
[W]: Unknown function 0x9117df20 in 'cellSysutil' module
[E]: TODO: cellHddGameCheck
[W]: Unknown function 0x2664c8ae in 'sys_fs' module
[E]: TODO: cellFsStReadInit
[W]: Unknown function 0x27800c6b in 'sys_fs' module
[E]: TODO: cellFsStRead
[W]: Unknown function 0x8df28ff9 in 'sys_fs' module
[E]: TODO: cellFsStReadStart
[W]: Unknown function 0xd73938df in 'sys_fs' module
[E]: TODO: cellFsStReadFinish
[W]: Unknown function 0xf8e5d9a0 in 'sys_fs' module
[E]: TODO: cellFsStReadStop
[W]: Unknown function 0x139a9e9b in 'sys_net' module
[E]: TODO: sys_net_initialize_network_ex
[W]: Unknown function 0xb68d5625 in 'sys_net' module
[E]: TODO: sys_net_finalize_network
[W]: Unknown function 0x1051d134 in 'cellSpurs' module
[E]: TODO: cellSpursAttributeEnableSpuPrintfIfAvailable
[W]: Unknown function 0x303c19cd in 'cellSpurs' module
[E]: TODO: cellSpursCreateJobChainWithAttribute
[W]: Unknown function 0x3548f483 in 'cellSpurs' module
[E]: TODO: _cellSpursJobChainAttributeInitialize
[W]: Unknown function 0x68aaeba9 in 'cellSpurs' module
[E]: TODO: cellSpursJobGuardInitialize
[W]: Unknown function 0x738e40e6 in 'cellSpurs' module
[E]: TODO: cellSpursShutdownJobChain
[W]: Unknown function 0x95180230 in 'cellSpurs' module
[E]: TODO: _cellSpursAttributeInitialize
[W]: Unknown function 0x9fef70c2 in 'cellSpurs' module
[E]: TODO: cellSpursJobChainAttributeSetName
[W]: Unknown function 0xa7c066de in 'cellSpurs' module
[E]: TODO: cellSpursJoinJobChain
[W]: Unknown function 0xa839a4d9 in 'cellSpurs' module
[E]: TODO: cellSpursAttributeSetSpuThreadGroupType
[W]: Unknown function 0xaa6269a8 in 'cellSpurs' module
[E]: TODO: cellSpursInitializeWithAttribute
[W]: Unknown function 0xca4c4600 in 'cellSpurs' module
[E]: TODO: cellSpursFinalize
[W]: Unknown function 0xd5d0b256 in 'cellSpurs' module
[E]: TODO: cellSpursJobGuardNotify
[W]: Unknown function 0xf31731bb in 'cellSpurs' module
[E]: TODO: cellSpursRunJobChain
[W]: Unknown function 0x4e66d483 in 'cellSpurs' module
[E]: TODO: cellSpursDetachLv2EventQueue
[W]: Unknown function 0x57e4dec3 in 'cellSpurs' module
[E]: TODO: cellSpursRemoveWorkload
[W]: Unknown function 0x5fd43fe4 in 'cellSpurs' module
[E]: TODO: cellSpursWaitForWorkloadShutdown
[W]: Unknown function 0x69726aa2 in 'cellSpurs' module
[E]: TODO: cellSpursAddWorkload
[W]: Unknown function 0x7e4ea023 in 'cellSpurs' module
[E]: TODO: cellSpursWakeUp
[W]: Unknown function 0x98d5b343 in 'cellSpurs' module
[E]: TODO: cellSpursShutdownWorkload
[W]: Unknown function 0xacfc8dbc in 'cellSpurs' module
[E]: TODO: cellSpursInitialize
[W]: Unknown function 0xb9bc6207 in 'cellSpurs' module
[E]: TODO: cellSpursAttachLv2EventQueue
[W]: Unknown function 0xf843818d in 'cellSpurs' module
[E]: TODO: cellSpursReadyCountStore
[W]: Unknown function 0x182d9890 in 'cellSpurs' module
[E]: TODO: cellSpursRequestIdleSpu
[W]: Unknown function 0x1f402f8f in 'cellSpurs' module
[E]: TODO: cellSpursGetInfo
[W]: Unknown function 0x4a5eab63 in 'cellSpurs' module
[E]: TODO: cellSpursWorkloadAttributeSetName
[W]: Unknown function 0x4e153e3e in 'cellSpurs' module
[E]: TODO: cellSpursGetWorkloadInfo
[W]: Unknown function 0x80a29e27 in 'cellSpurs' module
[E]: TODO: cellSpursSetPriorities
[W]: Unknown function 0xc0158d8b in 'cellSpurs' module
[E]: TODO: cellSpursAddWorkloadWithAttribute
[W]: Unknown function 0xd2e23fa9 in 'cellSpurs' module
[E]: TODO: cellSpursSetExceptionEventHandler
[W]: Unknown function 0xefeb2679 in 'cellSpurs' module
[E]: TODO: _cellSpursWorkloadAttributeInitialize
[W]: Unknown function 0x4885aa18 in 'sceNp' module
[E]: TODO: sceNpTerm
[W]: Unknown function 0xad218faf in 'sceNp' module
[E]: TODO: sceNpDrmIsAvailable
[W]: Unknown function 0xbd28fdbf in 'sceNp' module
[E]: TODO: sceNpInit
[W]: Unknown function 0x16698e83 in 'libvdec' module
[E]: TODO: cellVdecClose
[W]: Unknown function 0x17c702b9 in 'libvdec' module
[E]: TODO: cellVdecGetPicItem
[W]: Unknown function 0x2bf4ddd2 in 'libvdec' module
[E]: TODO: cellVdecDecodeAu
[W]: Unknown function 0x807c861a in 'libvdec' module
[E]: TODO: cellVdecGetPicture
[W]: Unknown function 0x824433f0 in 'libvdec' module
[E]: TODO: cellVdecEndSeq
[W]: Unknown function 0xb6bbcd5d in 'libvdec' module
[E]: TODO: cellVdecOpen
[W]: Unknown function 0xc757c2aa in 'libvdec' module
[E]: TODO: cellVdecStartSeq
[W]: Unknown function 0xe13ef6fc in 'libvdec' module
[E]: TODO: cellVdecSetFrameRate
[W]: Unknown function 0xff6f6ebe in 'libvdec' module
[E]: TODO: cellVdecQueryAttr
[W]: Unknown function 0x1529e506 in 'cellAdec' module
[E]: TODO: cellAdecDecodeAu
[W]: Unknown function 0x487b613e in 'cellAdec' module
[E]: TODO: cellAdecStartSeq
[W]: Unknown function 0x7e4a4a49 in 'cellAdec' module
[E]: TODO: cellAdecQueryAttr
[W]: Unknown function 0x847d2380 in 'cellAdec' module
[E]: TODO: cellAdecClose
[W]: Unknown function 0x97ff2af1 in 'cellAdec' module
[E]: TODO: cellAdecGetPcm
[W]: Unknown function 0xbd75f78b in 'cellAdec' module
[E]: TODO: cellAdecGetPcmItem
[W]: Unknown function 0xd00a6988 in 'cellAdec' module
[E]: TODO: cellAdecOpen
[W]: Unknown function 0xe2ea549b in 'cellAdec' module
[E]: TODO: cellAdecEndSeq
[W]: Unknown function 0x1e585b5d in 'cellNetCtl' module
[E]: TODO: cellNetCtlGetInfo
[W]: Unknown function 0xacee8542 in 'cellGcmSys' module
[E]: TODO: cellGcmSetFlipImmediate
[W]: Unknown function 0x26090058 in 'sysPrxForUser' module
[E]: TODO: sys_prx_load_module
[W]: Unknown function 0x80fb0c19 in 'sysPrxForUser' module
[E]: TODO: sys_prx_stop_module
[W]: Unknown function 0x8a561d92 in 'sysPrxForUser' module
[E]: TODO: _sys_heap_free
[W]: Unknown function 0x9f18429d in 'sysPrxForUser' module
[E]: TODO: sys_prx_start_module
[W]: Unknown function 0xaede4b03 in 'sysPrxForUser' module
[E]: TODO: _sys_heap_delete_heap
[W]: Unknown function 0xd0ea47a7 in 'sysPrxForUser' module
[E]: TODO: sys_prx_unregister_library
[W]: Unknown function 0xdd3b27ac in 'sysPrxForUser' module
[E]: TODO: _sys_spu_printf_finalize
[W]: Unknown function 0xf0aece0d in 'sysPrxForUser' module
[E]: TODO: sys_prx_unload_module
[! : PPU[1] Thread (CPUThread)[0x00010230]]: PPU[1] Thread (CPUThread) enter
[W : PPU[1] Thread (CPUThread)[0x0003d328]]: memory warning: sys_memory_get_user_memory_size(mem_info_addr=0xd0020c04)
[E : PPU[1] Thread (CPUThread)[0x01ba107c]]: sysPrxForUser error: sys_prx_register_library(lib_addr=0x6f3850)
[E : PPU[1] Thread (CPUThread)[0x01ba107c]]: sysPrxForUser error: sys_prx_register_library(lib_addr=0x6f386c)
[E : PPU[1] Thread (CPUThread)[0x01ba107c]]: sysPrxForUser error: sys_prx_register_library(lib_addr=0x6f3888)
[W : PPU[1] Thread (CPUThread)[0x01b8b010]]: cellSysmodule warning: cellSysmoduleLoadModule(CELL_SYSMODULE_USBD)
[W : PPU[1] Thread (CPUThread)[0x01b8b010]]: cellSysmodule warning: cellSysmoduleLoadModule(CELL_SYSMODULE_NET)
[W : PPU[1] Thread (CPUThread)[0x007dc07c]]: cellSysutil warning: cellSysutilRegisterCallback(slot=0, func_addr=0x86e938, userdata=0x9f5680)
[W : PPU[1] Thread (CPUThread)[0x005ddf40]]: sys_spu warning: sys_spu_initialize(max_usable_spu=6, max_raw_spu=0)
[E : PPU[1] Thread (CPUThread)[0x00037510]]: sys_fs error: "/app_home/sampleArg.txt" not found! flags: 0x00000000
[W : PPU[1] Thread (CPUThread)[0x01b9d028]]: cellGcmSys warning: cellGcmInit(context_addr=0x9ee23c,cmdSize=0xf0000,ioSize=0x100000,ioAddress=0x30100000)
[W : PPU[1] Thread (CPUThread)[0x01b9d028]]: cellGcmSys warning: *** local memory(addr=0xc0000000, size=0xf900000)
[W : PPU[1] Thread (CPUThread)[0x01b9d028]]: cellGcmSys warning: cellGcmMapEaIoAddress(ea=0x30100000, io=0x0, size=0x100000)
[! : RSXThread]: RSX thread entry
[E : PPU[1] Thread (CPUThread)[0x01b9d0d0]]: cellGcmSys error: Unimplemented function: cellGcmSetVBlankHandler
[W : PPU[1] Thread (CPUThread)[0x01b9d010]]: cellGcmSys warning: cellGcmSetUserHandler(handler=0x86e9e8)
[W : PPU[1] Thread (CPUThread)[0x01b9d004]]: cellGcmSys warning: cellGcmGetTiledPitchSize(size=5120)
[W : PPU[1] Thread (CPUThread)[0x01b9d004]]: cellGcmSys warning: cellGcmGetTiledPitchSize(size=0)
[W : PPU[1] Thread (CPUThread)[0x007dc040]]: cellSysutil warning: cellVideoOutConfigure(videoOut=0, config_addr=0xd0020b74, option_addr=0x0, waitForEvent=0x0)
[W : PPU[1] Thread (CPUThread)[0x01b9d064]]: cellGcmSys warning: cellGcmSetFlipMode(mode=2)
[W : PPU[1] Thread (CPUThread)[0x01b9d0f4]]: cellGcmSys warning: cellGcmSetTileInfo(index=0, location=0, offset=0, size=7864320, pitch=5120, comp=7, base=0, bank=0)
[E : PPU[1] Thread (CPUThread)[0x01b9d0f4]]: cellGcmSys error: cellGcmSetTileInfo: bad comp! (7)
[W : PPU[1] Thread (CPUThread)[0x01b9d058]]: cellGcmSys warning: cellGcmBindTile(index=0)
[W : PPU[1] Thread (CPUThread)[0x01b9d0ac]]: cellGcmSys warning: cellGcmSetDisplayBuffer(id=0x0,offset=0x0,pitch=4,width=1280,height=720)
[W : PPU[1] Thread (CPUThread)[0x01b9d0ac]]: cellGcmSys warning: cellGcmSetDisplayBuffer(id=0x1,offset=0x3c0000,pitch=4,width=1280,height=720)
[W : PPU[1] Thread (CPUThread)[0x01b9d0a0]]: cellGcmSys warning: cellGcmMapMainMemory(ea=0x30500000,size=0x3c00000,offset_addr=0xd0020a90)
[W : PPU[1] Thread (CPUThread)[0x01b8b010]]: cellSysmodule warning: cellSysmoduleLoadModule(CELL_SYSMODULE_NET)
[W : PPU[1] Thread (CPUThread)[0x01b8b010]]: cellSysmodule warning: cellSysmoduleLoadModule(CELL_SYSMODULE_NETCTL)
[W : PPU[1] Thread (CPUThread)[0x01b8b010]]: cellSysmodule warning: cellSysmoduleLoadModule(CELL_SYSMODULE_RESC)
[W : PPU[1] Thread (CPUThread)[0x01b8b010]]: cellSysmodule warning: cellSysmoduleLoadModule(CELL_SYSMODULE_USBD)
[W : PPU[1] Thread (CPUThread)[0x01b8b010]]: cellSysmodule warning: cellSysmoduleLoadModule(CELL_SYSMODULE_FS)
[E : PPU[1] Thread (CPUThread)[0x01b8d0e8]]: TODO: cellSpursInitialize
[W : PPU[1] Thread (CPUThread)[0x01ba1160]]: sys_lwcond warning: sys_lwcond_create(lwcond_addr=0x30027858, lwmutex_addr=0x30027840, attr_addr=0xd00205a0)
[W : PPU[1] Thread (CPUThread)[0x01ba1160]]: sys_lwcond warning: *** lwcond created [] (attr=0x22, lwmutex.sq=0x1b): id = 28
[W : PPU[1] Thread (CPUThread)[0x01ba1160]]: sys_lwcond warning: sys_lwcond_create(lwcond_addr=0x3002a0f8, lwmutex_addr=0x3002a0e0, attr_addr=0xd0020630)
[W : PPU[1] Thread (CPUThread)[0x01ba1160]]: sys_lwcond warning: *** lwcond created [] (attr=0x22, lwmutex.sq=0x1d): id = 30
[W : PPU[1] Thread (CPUThread)[0x01ba1160]]: sys_lwcond warning: sys_lwcond_create(lwcond_addr=0x3002a168, lwmutex_addr=0x3002a150, attr_addr=0xd0020500)
[W : PPU[1] Thread (CPUThread)[0x01ba1160]]: sys_lwcond warning: *** lwcond created [] (attr=0x22, lwmutex.sq=0x1f): id = 32
[! : PPU[1] Thread (CPUThread)[0x00539938]]: PPU[1] Thread (CPUThread) leave
[! : RSXThread]: RSX thread exit...
[!]: Closing memory...
[!]: Loading 'D:\Emulateur\Rpcs3\dev_hdd0\game\NPEA00288-[Journey]\USRDIR\BOOT.BIN'...
[!]: Mount info:
[!]: / -> D:\Emulateur\Rpcs3\dev_hdd0\game\NPEA00288-[Journey]\
[!]: /dev_usb/ -> D:\Emulateur\Rpcs3\dev_usb000\
[!]: /dev_hdd0/ -> D:\Emulateur\Rpcs3\dev_hdd0\
[!]: /dev_hdd1/ -> D:\Emulateur\Rpcs3\dev_hdd1\
[!]: /app_home/ -> D:\Emulateur\Rpcs3\dev_hdd0\game\NPEA00288-[Journey]\
[!]: /dev_bdvd/ -> D:\Emulateur\Rpcs3\dev_hdd0\game\NPEA00288-[Journey]\\..\
[!]: /dev_flash/ -> D:\Emulateur\Rpcs3\dev_flash\
[!]: /host_root/ -> 
[!]: /dev_usb000/ -> D:\Emulateur\Rpcs3\dev_usb000\
[!]: Initing memory...
[!]: Memory initialized.
[W]: Unknown module 'HotLoadEUGold'
[W]: Unknown module 'elfEUGold'
[W]: Unknown function 0x8b7ed64b in 'cellSysutil' module
[E]: TODO: cellSaveDataAutoSave2
[W]: Unknown function 0xfbd5c856 in 'cellSysutil' module
[E]: TODO: cellSaveDataAutoLoad2
[W]: Unknown function 0x2664c8ae in 'sys_fs' module
[E]: TODO: cellFsStReadInit
[W]: Unknown function 0x27800c6b in 'sys_fs' module
[E]: TODO: cellFsStRead
[W]: Unknown function 0x4cef342e in 'sys_fs' module
[E]: TODO: cellFsAioWrite
[W]: Unknown function 0x7f13fc8c in 'sys_fs' module
[E]: TODO: cellFsAioCancel
[W]: Unknown function 0x8df28ff9 in 'sys_fs' module
[E]: TODO: cellFsStReadStart
[W]: Unknown function 0xd73938df in 'sys_fs' module
[E]: TODO: cellFsStReadFinish
[W]: Unknown function 0xf8e5d9a0 in 'sys_fs' module
[E]: TODO: cellFsStReadStop
[W]: Unknown function 0x10b81ed6 in 'sys_net' module
[E]: TODO: sys_net_set_udpp2p_test_param
[W]: Unknown function 0x139a9e9b in 'sys_net' module
[E]: TODO: sys_net_initialize_network_ex
[W]: Unknown function 0x3f09e20a in 'sys_net' module
[E]: TODO: socketselect
[W]: Unknown function 0x6005cde1 in 'sys_net' module
[E]: TODO: _sys_net_errno_loc
[W]: Unknown function 0x64f66d35 in 'sys_net' module
[E]: TODO: connect
[W]: Unknown function 0x6db6e8cd in 'sys_net' module
[E]: TODO: socketclose
[W]: Unknown function 0x71f4c717 in 'sys_net' module
[E]: TODO: gethostbyname
[W]: Unknown function 0x88f03575 in 'sys_net' module
[E]: TODO: setsockopt
[W]: Unknown function 0x9647570b in 'sys_net' module
[E]: TODO: sendto
[W]: Unknown function 0x9c056962 in 'sys_net' module
[E]: TODO: socket
[W]: Unknown function 0xb0a59804 in 'sys_net' module
[E]: TODO: bind
[W]: Unknown function 0xb68d5625 in 'sys_net' module
[E]: TODO: sys_net_finalize_network
[W]: Unknown function 0xfba04f37 in 'sys_net' module
[E]: TODO: recv
[W]: Unknown function 0x1051d134 in 'cellSpurs' module
[E]: TODO: cellSpursAttributeEnableSpuPrintfIfAvailable
[W]: Unknown function 0x16394a4e in 'cellSpurs' module
[E]: TODO: _cellSpursTasksetAttributeInitialize
[W]: Unknown function 0x1d46fedf in 'cellSpurs' module
[E]: TODO: cellSpursCreateTaskWithAttribute
[W]: Unknown function 0x303c19cd in 'cellSpurs' module
[E]: TODO: cellSpursCreateJobChainWithAttribute
[W]: Unknown function 0x3548f483 in 'cellSpurs' module
[E]: TODO: _cellSpursJobChainAttributeInitialize
[W]: Unknown function 0x652b70e2 in 'cellSpurs' module
[E]: TODO: cellSpursTasksetAttributeSetName
[W]: Unknown function 0x68aaeba9 in 'cellSpurs' module
[E]: TODO: cellSpursJobGuardInitialize
[W]: Unknown function 0x738e40e6 in 'cellSpurs' module
[E]: TODO: cellSpursShutdownJobChain
[W]: Unknown function 0x7fdf4fef in 'cellSpurs' module
[E]: TODO: cellSpursBarrierInitialize
[W]: Unknown function 0x8f122ef8 in 'cellSpurs' module
[E]: TODO: cellSpursTasksetAttributeSetTasksetSize
[W]: Unknown function 0x9034e538 in 'cellSpurs' module
[E]: TODO: cellSpursTaskGetContextSaveAreaSize
[W]: Unknown function 0x95180230 in 'cellSpurs' module
[E]: TODO: _cellSpursAttributeInitialize
[W]: Unknown function 0x9dcbcb5d in 'cellSpurs' module
[E]: TODO: cellSpursAttributeEnableSystemWorkload
[W]: Unknown function 0x9f72add3 in 'cellSpurs' module
[E]: TODO: cellSpursJoinTaskset
[W]: Unknown function 0x9fef70c2 in 'cellSpurs' module
[E]: TODO: cellSpursJobChainAttributeSetName
[W]: Unknown function 0xa789e631 in 'cellSpurs' module
[E]: TODO: cellSpursShutdownTaskset
[W]: Unknown function 0xa7c066de in 'cellSpurs' module
[E]: TODO: cellSpursJoinJobChain
[W]: Unknown function 0xaa6269a8 in 'cellSpurs' module
[E]: TODO: cellSpursInitializeWithAttribute
[W]: Unknown function 0xb8474eff in 'cellSpurs' module
[E]: TODO: _cellSpursTaskAttributeInitialize
[W]: Unknown function 0xc10931cb in 'cellSpurs' module
[E]: TODO: cellSpursCreateTasksetWithAttribute
[W]: Unknown function 0xca4c4600 in 'cellSpurs' module
[E]: TODO: cellSpursFinalize
[W]: Unknown function 0xd5d0b256 in 'cellSpurs' module
[E]: TODO: cellSpursJobGuardNotify
[W]: Unknown function 0xe0a6dbe4 in 'cellSpurs' module
[E]: TODO: _cellSpursSendSignal
[W]: Unknown function 0xf31731bb in 'cellSpurs' module
[E]: TODO: cellSpursRunJobChain
[W]: Unknown function 0x1f402f8f in 'cellSpurs' module
[E]: TODO: cellSpursGetInfo
[W]: Unknown function 0x4e66d483 in 'cellSpurs' module
[E]: TODO: cellSpursDetachLv2EventQueue
[W]: Unknown function 0x57e4dec3 in 'cellSpurs' module
[E]: TODO: cellSpursRemoveWorkload
[W]: Unknown function 0x5fd43fe4 in 'cellSpurs' module
[E]: TODO: cellSpursWaitForWorkloadShutdown
[W]: Unknown function 0x69726aa2 in 'cellSpurs' module
[E]: TODO: cellSpursAddWorkload
[W]: Unknown function 0x7e4ea023 in 'cellSpurs' module
[E]: TODO: cellSpursWakeUp
[W]: Unknown function 0x98d5b343 in 'cellSpurs' module
[E]: TODO: cellSpursShutdownWorkload
[W]: Unknown function 0xa73bf47e in 'cellSpurs' module
[E]: TODO: _cellSpursWorkloadFlagReceiver
[W]: Unknown function 0xacfc8dbc in 'cellSpurs' module
[E]: TODO: cellSpursInitialize
[W]: Unknown function 0xb9bc6207 in 'cellSpurs' module
[E]: TODO: cellSpursAttachLv2EventQueue
[W]: Unknown function 0xc765b995 in 'cellSpurs' module
[E]: TODO: cellSpursGetWorkloadFlag
[W]: Unknown function 0xf843818d in 'cellSpurs' module
[E]: TODO: cellSpursReadyCountStore
[W]: Unknown function 0x182d9890 in 'cellSpurs' module
[E]: TODO: cellSpursRequestIdleSpu
[W]: Unknown function 0x4a5eab63 in 'cellSpurs' module
[E]: TODO: cellSpursWorkloadAttributeSetName
[W]: Unknown function 0x4e153e3e in 'cellSpurs' module
[E]: TODO: cellSpursGetWorkloadInfo
[W]: Unknown function 0x80a29e27 in 'cellSpurs' module
[E]: TODO: cellSpursSetPriorities
[W]: Unknown function 0xc0158d8b in 'cellSpurs' module
[E]: TODO: cellSpursAddWorkloadWithAttribute
[W]: Unknown function 0xd2e23fa9 in 'cellSpurs' module
[E]: TODO: cellSpursSetExceptionEventHandler
[W]: Unknown function 0xefeb2679 in 'cellSpurs' module
[E]: TODO: _cellSpursWorkloadAttributeInitialize
[W]: Unknown function 0x04459230 in 'cellNetCtl' module
[E]: TODO: cellNetCtlNetStartDialogLoadAsync
[W]: Unknown function 0x0f1f13d3 in 'cellNetCtl' module
[E]: TODO: cellNetCtlNetStartDialogUnloadAsync
[W]: Unknown function 0x105ee2cb in 'cellNetCtl' module
[E]: TODO: cellNetCtlTerm
[W]: Unknown function 0xbd5a59fc in 'cellNetCtl' module
[E]: TODO: cellNetCtlInit
[W]: Unknown function 0x1e585b5d in 'cellNetCtl' module
[E]: TODO: cellNetCtlGetInfo
[W]: Unknown module 'cellHttp'
[W]: Unknown function 0x32faaf58 in 'cellHttpUtil' module
[E]: TODO: cellHttpUtilParseUri
[W]: Unknown function 0x0c2983ac in 'cellSync2' module
[E]: TODO: cellSync2SemaphoreRelease
[W]: Unknown function 0x164843a7 in 'cellSync2' module
[E]: TODO: cellSync2SemaphoreFinalize
[W]: Unknown function 0x2d77fe17 in 'cellSync2' module
[E]: TODO: _cellSync2SemaphoreAttributeInitialize
[W]: Unknown function 0xc5dee254 in 'cellSync2' module
[E]: TODO: cellSync2SemaphoreInitialize
[W]: Unknown function 0xd1b0d146 in 'cellSync2' module
[E]: TODO: cellSync2SemaphoreAcquire
[W]: Unknown module 'cellSysutilNpEula'
[W]: Unknown function 0x155de760 in 'sceNp' module
[E]: TODO: sceNpSignalingGetConnectionInfo
[W]: Unknown function 0x50b86d94 in 'sceNp' module
[E]: TODO: sceNpSignalingAddExtendedHandler
[W]: Unknown function 0x5de61626 in 'sceNp' module
[E]: TODO: sceNpLookupDestroyTitleCtx
[W]: Unknown function 0x5f2d9257 in 'sceNp' module
[E]: TODO: sceNpLookupInit
[W]: Unknown function 0x60897c38 in 'sceNp' module
[E]: TODO: sceNpSignalingActivateConnection
[W]: Unknown function 0x6356082e in 'sceNp' module
[E]: TODO: sceNpSignalingCreateCtx
[W]: Unknown function 0x6ee62ed2 in 'sceNp' module
[E]: TODO: sceNpManagerGetContentRatingFlag
[W]: Unknown function 0x7508112e in 'sceNp' module
[E]: TODO: sceNpLookupPollAsync
[W]: Unknown function 0x8440537c in 'sceNp' module
[E]: TODO: sceNpLookupTerm
[W]: Unknown function 0x860b1756 in 'sceNp' module
[E]: TODO: sceNpLookupTitleSmallStorageAsync
[W]: Unknown function 0x95c7bba3 in 'sceNp' module
[E]: TODO: sceNpSignalingTerminateConnection
[W]: Unknown function 0x9ad7fbd1 in 'sceNp' module
[E]: TODO: sceNpSignalingGetLocalNetInfo
[W]: Unknown function 0xa7bff757 in 'sceNp' module
[E]: TODO: sceNpManagerGetStatus
[W]: Unknown function 0xa8cf8451 in 'sceNp' module
[E]: TODO: sceNpSignalingDestroyCtx
[W]: Unknown function 0xad218faf in 'sceNp' module
[E]: TODO: sceNpDrmIsAvailable
[W]: Unknown function 0xb1e0718b in 'sceNp' module
[E]: TODO: sceNpManagerGetAccountRegion
[W]: Unknown function 0xbcdbb2ab in 'sceNp' module
[E]: TODO: sceNpBasicAddPlayersHistoryAsync
[W]: Unknown function 0xca0a2d04 in 'sceNp' module
[E]: TODO: sceNpSignalingGetConnectionStatus
[W]: Unknown function 0xce81c7f0 in 'sceNp' module
[E]: TODO: sceNpLookupCreateTitleCtx
[W]: Unknown function 0xd208f91d in 'sceNp' module
[E]: TODO: sceNpUtilCmpNpId
[W]: Unknown function 0xe7dcd3b4 in 'sceNp' module
[E]: TODO: sceNpManagerRegisterCallback
[W]: Unknown function 0xe853d388 in 'sceNp' module
[E]: TODO: sceNpSignalingGetConnectionFromNpId
[W]: Unknown function 0xea2e9ffc in 'sceNp' module
[E]: TODO: sceNpLookupCreateTransactionCtx
[W]: Unknown function 0xfb87cf5e in 'sceNp' module
[E]: TODO: sceNpLookupDestroyTransactionCtx
[W]: Unknown function 0xfe37a7f4 in 'sceNp' module
[E]: TODO: sceNpManagerGetNpId
[W]: Unknown function 0x01379fd7 in 'sceNp2' module
[E]: TODO: sceNpMatching2DestroyContext
[W]: Unknown function 0x05bf2fbd in 'sceNp2' module
[E]: TODO: sceNpMatching2GetWorldInfoList
[W]: Unknown function 0x0d22867f in 'sceNp2' module
[E]: TODO: sceNpMatching2SearchRoom
[W]: Unknown function 0x16b3e5a4 in 'sceNp2' module
[E]: TODO: sceNpMatching2CreateServerContext
[W]: Unknown function 0x1f372697 in 'sceNp2' module
[E]: TODO: sceNpMatching2LeaveRoom
[W]: Unknown function 0x23009d07 in 'sceNp2' module
[E]: TODO: sceNpMatching2Term2
[W]: Unknown function 0x28cad8b3 in 'sceNp2' module
[E]: TODO: sceNpMatching2SendRoomMessage
[W]: Unknown function 0x3457c0db in 'sceNp2' module
[E]: TODO: sceNpMatching2GetServerInfo
[W]: Unknown function 0x3c00c9d4 in 'sceNp2' module
[E]: TODO: sceNpMatching2GetEventData
[W]: Unknown function 0x41251f74 in 'sceNp2' module
[E]: TODO: sceNp2Init
[W]: Unknown function 0x5721e711 in 'sceNp2' module
[E]: TODO: sceNpMatching2JoinRoom
[W]: Unknown function 0x6ba4c668 in 'sceNp2' module
[E]: TODO: sceNpMatching2ContextStartAsync
[W]: Unknown function 0x748029a2 in 'sceNp2' module
[E]: TODO: sceNpMatching2RegisterContextCallback
[W]: Unknown function 0x8e5cfe9f in 'sceNp2' module
[E]: TODO: sceNpMatching2GetServerIdListLocal
[W]: Unknown function 0x9cbce3f2 in 'sceNp2' module
[E]: TODO: sceNpMatching2CreateContext
[W]: Unknown function 0xaa6c2c43 in 'sceNp2' module
[E]: TODO: sceNpMatching2ClearEventData
[W]: Unknown function 0xaadb7c12 in 'sceNp2' module
[E]: TODO: sceNp2Term
[W]: Unknown function 0xdb87b088 in 'sceNp2' module
[E]: TODO: sceNpMatching2SetDefaultRequestOptParam
[W]: Unknown function 0xdcb6b27d in 'sceNp2' module
[E]: TODO: sceNpMatching2RegisterRoomEventCallback
[W]: Unknown function 0xe7a3bc7a in 'sceNp2' module
[E]: TODO: sceNpMatching2CreateJoinRoom
[W]: Unknown function 0xf43c647a in 'sceNp2' module
[E]: TODO: sceNpMatching2ContextStop
[W]: Unknown function 0xf4babd3f in 'sceNp2' module
[E]: TODO: sceNpMatching2Init2
[W]: Unknown function 0xfee11e72 in 'sceNp2' module
[E]: TODO: sceNpMatching2RegisterRoomMessageCallback
[W]: Unknown module 'sceNpCommerce2'
[W]: Unknown module 'cellRec'
[W]: Unknown function 0x2ad4951b in 'cellGcmSys' module
[E]: TODO: cellGcmGetTimeStampLocation
[W]: Unknown function 0x626e8518 in 'cellGcmSys' module
[E]: TODO: cellGcmMapEaIoAddressWithFlags
[W]: Unknown function 0xacee8542 in 'cellGcmSys' module
[E]: TODO: cellGcmSetFlipImmediate
[W]: Unknown module 'cellSysutilAvconfExt'
[W]: Unknown function 0x26090058 in 'sysPrxForUser' module
[E]: TODO: sys_prx_load_module
[W]: Unknown function 0x80fb0c19 in 'sysPrxForUser' module
[E]: TODO: sys_prx_stop_module
[W]: Unknown function 0x9f18429d in 'sysPrxForUser' module
[E]: TODO: sys_prx_start_module
[W]: Unknown function 0xd0ea47a7 in 'sysPrxForUser' module
[E]: TODO: sys_prx_unregister_library
[W]: Unknown function 0xdd3b27ac in 'sysPrxForUser' module
[E]: TODO: _sys_spu_printf_finalize
[W]: Unknown function 0xf0aece0d in 'sysPrxForUser' module
[E]: TODO: sys_prx_unload_module
[! : PPU[1] Thread (CPUThread)[0x001c4450]]: PPU[1] Thread (CPUThread) enter
[W : PPU[1] Thread (CPUThread)[0x003443d0]]: memory warning: sys_memory_get_user_memory_size(mem_info_addr=0xd0020c04)
[E : PPU[1] Thread (CPUThread)[0x00eed070]]: sysPrxForUser error: sys_prx_register_library(lib_addr=0x50b580)
[E : PPU[1] Thread (CPUThread)[0x00eed070]]: sysPrxForUser error: sys_prx_register_library(lib_addr=0x50b59c)
[E : PPU[1] Thread (CPUThread)[0x00eed070]]: sysPrxForUser error: sys_prx_register_library(lib_addr=0x50b5b8)
[W : PPU[1] Thread (CPUThread)[0x00ecd010]]: cellSysmodule warning: cellSysmoduleLoadModule(CELL_SYSMODULE_USBD)
[W : PPU[1] Thread (CPUThread)[0x00ecd010]]: cellSysmodule warning: cellSysmoduleLoadModule(CELL_SYSMODULE_NET)
[W : PPU[1] Thread (CPUThread)[0x006d707c]]: cellSysutil warning: cellSysutilRegisterCallback(slot=0, func_addr=0x70eb60, userdata=0x9c6900)
[W : PPU[1] Thread (CPUThread)[0x002c73e8]]: sys_spu warning: sys_spu_initialize(max_usable_spu=6, max_raw_spu=0)
[E : PPU[1] Thread (CPUThread)[0x0033e544]]: sys_fs error: "/app_home/sampleArg.txt" not found! flags: 0x00000000
[W : PPU[1] Thread (CPUThread)[0x00ee704c]]: cellGcmSys warning: cellGcmInit(context_addr=0xe397c0,cmdSize=0xf0000,ioSize=0x100000,ioAddress=0x34b10000)
[W : PPU[1] Thread (CPUThread)[0x00ee704c]]: cellGcmSys warning: *** local memory(addr=0xc0000000, size=0xf900000)
[W : PPU[1] Thread (CPUThread)[0x00ee704c]]: cellGcmSys warning: cellGcmMapEaIoAddress(ea=0x34b10000, io=0x0, size=0x100000)
[! : RSXThread]: RSX thread entry
[E : PPU[1] Thread (CPUThread)[0x00ee70f4]]: cellGcmSys error: Unimplemented function: cellGcmSetVBlankHandler
[W : PPU[1] Thread (CPUThread)[0x00ee7034]]: cellGcmSys warning: cellGcmSetUserHandler(handler=0x70eb80)
[W : PPU[1] Thread (CPUThread)[0x00ee7028]]: cellGcmSys warning: cellGcmGetTiledPitchSize(size=5120)
[W : PPU[1] Thread (CPUThread)[0x006d7064]]: cellSysutil warning: cellVideoOutConfigure(videoOut=0, config_addr=0xd0020b30, option_addr=0x0, waitForEvent=0x0)
[W : PPU[1] Thread (CPUThread)[0x00ee7088]]: cellGcmSys warning: cellGcmSetFlipMode(mode=2)
[W : PPU[1] Thread (CPUThread)[0x00ee7118]]: cellGcmSys warning: cellGcmSetTileInfo(index=0, location=0, offset=0, size=7864320, pitch=5120, comp=7, base=0, bank=0)
[E : PPU[1] Thread (CPUThread)[0x00ee7118]]: cellGcmSys error: cellGcmSetTileInfo: bad comp! (7)
[W : PPU[1] Thread (CPUThread)[0x00ee707c]]: cellGcmSys warning: cellGcmBindTile(index=0)
[W : PPU[1] Thread (CPUThread)[0x00ee7028]]: cellGcmSys warning: cellGcmGetTiledPitchSize(size=0)
[W : PPU[1] Thread (CPUThread)[0x00ee70dc]]: cellGcmSys warning: cellGcmSetDisplayBuffer(id=0x0,offset=0x0,pitch=4,width=1280,height=720)
[W : PPU[1] Thread (CPUThread)[0x00ee70dc]]: cellGcmSys warning: cellGcmSetDisplayBuffer(id=0x1,offset=0x3c0000,pitch=4,width=1280,height=720)
[W : PPU[1] Thread (CPUThread)[0x00ee70ac]]: cellGcmSys warning: cellGcmMapEaIoAddress(ea=0x34c16000, io=0xb300000, size=0x2d00000)
[E : PPU[1] Thread (CPUThread)[0x00ee70a0]]: TODO: cellGcmMapEaIoAddressWithFlags
[W : PPU[1] Thread (CPUThread)[0x00ecd010]]: cellSysmodule warning: cellSysmoduleLoadModule(CELL_SYSMODULE_NET)
[W : PPU[1] Thread (CPUThread)[0x00ecd010]]: cellSysmodule warning: cellSysmoduleLoadModule(CELL_SYSMODULE_NETCTL)
[W : PPU[1] Thread (CPUThread)[0x00ecd010]]: cellSysmodule warning: cellSysmoduleLoadModule(CELL_SYSMODULE_RESC)
[W : PPU[1] Thread (CPUThread)[0x00ecd010]]: cellSysmodule warning: cellSysmoduleLoadModule(CELL_SYSMODULE_USBD)
[W : PPU[1] Thread (CPUThread)[0x00ecd010]]: cellSysmodule warning: cellSysmoduleLoadModule(CELL_SYSMODULE_FS)
[W : PPU[1] Thread (CPUThread)[0x00ecd010]]: cellSysmodule warning: cellSysmoduleLoadModule(CELL_SYSMODULE_SYSUTIL_GAME)
[W : PPU[1] Thread (CPUThread)[0x00eed124]]: sys_lwcond warning: sys_lwcond_create(lwcond_addr=0x3014d6a8, lwmutex_addr=0x3014d690, attr_addr=0xd0020790)
[W : PPU[1] Thread (CPUThread)[0x00eed124]]: sys_lwcond warning: *** lwcond created [] (attr=0x22, lwmutex.sq=0x2c): id = 45
[W : PPU[1] Thread (CPUThread)[0x00eed124]]: sys_lwcond warning: sys_lwcond_create(lwcond_addr=0x3014d718, lwmutex_addr=0x3014d700, attr_addr=0xd0020710)
[W : PPU[1] Thread (CPUThread)[0x00eed124]]: sys_lwcond warning: *** lwcond created [] (attr=0x22, lwmutex.sq=0x2e): id = 47
[W : PPU[1] Thread (CPUThread)[0x00eed124]]: sys_lwcond warning: sys_lwcond_create(lwcond_addr=0x3014d778, lwmutex_addr=0x3014d760, attr_addr=0xd0020810)
[W : PPU[1] Thread (CPUThread)[0x00eed124]]: sys_lwcond warning: *** lwcond created [] (attr=0x22, lwmutex.sq=0x30): id = 49
[W : PPU[1] Thread (CPUThread)[0x00eed124]]: sys_lwcond warning: sys_lwcond_create(lwcond_addr=0x3014d7b8, lwmutex_addr=0x3014d7a0, attr_addr=0xd00207a0)
[W : PPU[1] Thread (CPUThread)[0x00eed124]]: sys_lwcond warning: *** lwcond created [] (attr=0x22, lwmutex.sq=0x32): id = 51
[W : PPU[1] Thread (CPUThread)[0x00eed124]]: sys_lwcond warning: sys_lwcond_create(lwcond_addr=0x3014d7f8, lwmutex_addr=0x3014d7e0, attr_addr=0xd00207a0)
[W : PPU[1] Thread (CPUThread)[0x00eed124]]: sys_lwcond warning: *** lwcond created [] (attr=0x22, lwmutex.sq=0x34): id = 53
[W : PPU[1] Thread (CPUThread)[0x00eed124]]: sys_lwcond warning: sys_lwcond_create(lwcond_addr=0x3014d838, lwmutex_addr=0x3014d820, attr_addr=0xd00207a0)
[W : PPU[1] Thread (CPUThread)[0x00eed124]]: sys_lwcond warning: *** lwcond created [] (attr=0x22, lwmutex.sq=0x36): id = 55
[W : PPU[1] Thread (CPUThread)[0x00eed124]]: sys_lwcond warning: sys_lwcond_create(lwcond_addr=0x3014d878, lwmutex_addr=0x3014d860, attr_addr=0xd00207a0)
[W : PPU[1] Thread (CPUThread)[0x00eed124]]: sys_lwcond warning: *** lwcond created [] (attr=0x22, lwmutex.sq=0x38): id = 57
[W : PPU[1] Thread (CPUThread)[0x00eed124]]: sys_lwcond warning: sys_lwcond_create(lwcond_addr=0x3014d8b8, lwmutex_addr=0x3014d8a0, attr_addr=0xd00207a0)
[W : PPU[1] Thread (CPUThread)[0x00eed124]]: sys_lwcond warning: *** lwcond created [] (attr=0x22, lwmutex.sq=0x3a): id = 59
[W : PPU[1] Thread (CPUThread)[0x00eed124]]: sys_lwcond warning: sys_lwcond_create(lwcond_addr=0x3014d8f8, lwmutex_addr=0x3014d8e0, attr_addr=0xd00207a0)
[W : PPU[1] Thread (CPUThread)[0x00eed124]]: sys_lwcond warning: *** lwcond created [] (attr=0x22, lwmutex.sq=0x3c): id = 61
[W : PPU[1] Thread (CPUThread)[0x00eed124]]: sys_lwcond warning: sys_lwcond_create(lwcond_addr=0x3014d938, lwmutex_addr=0x3014d920, attr_addr=0xd00207a0)
[W : PPU[1] Thread (CPUThread)[0x00eed124]]: sys_lwcond warning: *** lwcond created [] (attr=0x22, lwmutex.sq=0x3e): id = 63
[W : PPU[1] Thread (CPUThread)[0x00eed124]]: sys_lwcond warning: sys_lwcond_create(lwcond_addr=0x3014d9a8, lwmutex_addr=0x3014d990, attr_addr=0xd00207a0)
[W : PPU[1] Thread (CPUThread)[0x00eed124]]: sys_lwcond warning: *** lwcond created [] (attr=0x22, lwmutex.sq=0x40): id = 65
[W : PPU[1] Thread (CPUThread)[0x00eed124]]: sys_lwcond warning: sys_lwcond_create(lwcond_addr=0x3014d9e8, lwmutex_addr=0x3014d9d0, attr_addr=0xd00207a0)
[W : PPU[1] Thread (CPUThread)[0x00eed124]]: sys_lwcond warning: *** lwcond created [] (attr=0x22, lwmutex.sq=0x42): id = 67
[W : PPU[1] Thread (CPUThread)[0x00eed124]]: sys_lwcond warning: sys_lwcond_create(lwcond_addr=0x3014da28, lwmutex_addr=0x3014da10, attr_addr=0xd00207a0)
[W : PPU[1] Thread (CPUThread)[0x00eed124]]: sys_lwcond warning: *** lwcond created [] (attr=0x22, lwmutex.sq=0x44): id = 69
[W : PPU[1] Thread (CPUThread)[0x00eed124]]: sys_lwcond warning: sys_lwcond_create(lwcond_addr=0x3014da68, lwmutex_addr=0x3014da50, attr_addr=0xd00207a0)
[W : PPU[1] Thread (CPUThread)[0x00eed124]]: sys_lwcond warning: *** lwcond created [] (attr=0x22, lwmutex.sq=0x46): id = 71
[W : PPU[1] Thread (CPUThread)[0x00eed124]]: sys_lwcond warning: sys_lwcond_create(lwcond_addr=0x3014daa8, lwmutex_addr=0x3014da90, attr_addr=0xd00207a0)
[W : PPU[1] Thread (CPUThread)[0x00eed124]]: sys_lwcond warning: *** lwcond created [] (attr=0x22, lwmutex.sq=0x48): id = 73
[W : PPU[1] Thread (CPUThread)[0x00eed124]]: sys_lwcond warning: sys_lwcond_create(lwcond_addr=0x3014db18, lwmutex_addr=0x3014db00, attr_addr=0xd0020720)
[W : PPU[1] Thread (CPUThread)[0x00eed124]]: sys_lwcond warning: *** lwcond created [] (attr=0x22, lwmutex.sq=0x4a): id = 75
[W : PPU[1] Thread (CPUThread)[0x00eed124]]: sys_lwcond warning: sys_lwcond_create(lwcond_addr=0x3014db88, lwmutex_addr=0x3014db70, attr_addr=0xd0020720)
[W : PPU[1] Thread (CPUThread)[0x00eed124]]: sys_lwcond warning: *** lwcond created [] (attr=0x22, lwmutex.sq=0x4c): id = 77
[W : PPU[1] Thread (CPUThread)[0x00eed124]]: sys_lwcond warning: sys_lwcond_create(lwcond_addr=0x3014dbc8, lwmutex_addr=0x3014dbb0, attr_addr=0xd0020780)
[W : PPU[1] Thread (CPUThread)[0x00eed124]]: sys_lwcond warning: *** lwcond created [] (attr=0x22, lwmutex.sq=0x4e): id = 79
[W : PPU[1] Thread (CPUThread)[0x00eed124]]: sys_lwcond warning: sys_lwcond_create(lwcond_addr=0x3014e6b8, lwmutex_addr=0x3014e6a0, attr_addr=0xd0020600)
[W : PPU[1] Thread (CPUThread)[0x00eed124]]: sys_lwcond warning: *** lwcond created [] (attr=0x22, lwmutex.sq=0x50): id = 81
[! : PPU[1] Thread (CPUThread)[0x0028a144]]: PPU[1] Thread (CPUThread) leave
[! : RSXThread]: RSX thread exit...
[!]: Closing memory...
[!]: Loading 'D:\Emulateur\Rpcs3\dev_hdd0\game\NPEA00322-[inFamous Festival of Blood]\USRDIR\BOOT.BIN'...
[!]: Mount info:
[!]: / -> D:\Emulateur\Rpcs3\dev_hdd0\game\NPEA00322-[inFamous Festival of Blood]\
[!]: /dev_usb/ -> D:\Emulateur\Rpcs3\dev_usb000\
[!]: /dev_hdd0/ -> D:\Emulateur\Rpcs3\dev_hdd0\
[!]: /dev_hdd1/ -> D:\Emulateur\Rpcs3\dev_hdd1\
[!]: /app_home/ -> D:\Emulateur\Rpcs3\dev_hdd0\game\NPEA00322-[inFamous Festival of Blood]\
[!]: /dev_bdvd/ -> D:\Emulateur\Rpcs3\dev_hdd0\game\NPEA00322-[inFamous Festival of Blood]\\..\
[!]: /dev_flash/ -> D:\Emulateur\Rpcs3\dev_flash\
[!]: /host_root/ -> 
[!]: /dev_usb000/ -> D:\Emulateur\Rpcs3\dev_usb000\
[!]: Initing memory...
[!]: Memory initialized.
[W]: Unknown function 0x16394a4e in 'cellSpurs' module
[E]: TODO: _cellSpursTasksetAttributeInitialize
[W]: Unknown function 0x182d9890 in 'cellSpurs' module
[E]: TODO: cellSpursRequestIdleSpu
[W]: Unknown function 0x1f402f8f in 'cellSpurs' module
[E]: TODO: cellSpursGetInfo
[W]: Unknown function 0x22aab31d in 'cellSpurs' module
[E]: TODO: cellSpursEventFlagDetachLv2EventQueue
[W]: Unknown function 0x373523d4 in 'cellSpurs' module
[E]: TODO: cellSpursEventFlagWait
[W]: Unknown function 0x4a5eab63 in 'cellSpurs' module
[E]: TODO: cellSpursWorkloadAttributeSetName
[W]: Unknown function 0x4ac7bae4 in 'cellSpurs' module
[E]: TODO: cellSpursEventFlagClear
[W]: Unknown function 0x4e153e3e in 'cellSpurs' module
[E]: TODO: cellSpursGetWorkloadInfo
[W]: Unknown function 0x4e66d483 in 'cellSpurs' module
[E]: TODO: cellSpursDetachLv2EventQueue
[W]: Unknown function 0x57e4dec3 in 'cellSpurs' module
[E]: TODO: cellSpursRemoveWorkload
[W]: Unknown function 0x5ef96465 in 'cellSpurs' module
[E]: TODO: _cellSpursEventFlagInitialize
[W]: Unknown function 0x5fd43fe4 in 'cellSpurs' module
[E]: TODO: cellSpursWaitForWorkloadShutdown
[W]: Unknown function 0x652b70e2 in 'cellSpurs' module
[E]: TODO: cellSpursTasksetAttributeSetName
[W]: Unknown function 0x80a29e27 in 'cellSpurs' module
[E]: TODO: cellSpursSetPriorities
[W]: Unknown function 0x87630976 in 'cellSpurs' module
[E]: TODO: cellSpursEventFlagAttachLv2EventQueue
[W]: Unknown function 0x95180230 in 'cellSpurs' module
[E]: TODO: _cellSpursAttributeInitialize
[W]: Unknown function 0x98d5b343 in 'cellSpurs' module
[E]: TODO: cellSpursShutdownWorkload
[W]: Unknown function 0x9f72add3 in 'cellSpurs' module
[E]: TODO: cellSpursJoinTaskset
[W]: Unknown function 0xa789e631 in 'cellSpurs' module
[E]: TODO: cellSpursShutdownTaskset
[W]: Unknown function 0xaa6269a8 in 'cellSpurs' module
[E]: TODO: cellSpursInitializeWithAttribute
[W]: Unknown function 0xb9bc6207 in 'cellSpurs' module
[E]: TODO: cellSpursAttachLv2EventQueue
[W]: Unknown function 0xc0158d8b in 'cellSpurs' module
[E]: TODO: cellSpursAddWorkloadWithAttribute
[W]: Unknown function 0xc10931cb in 'cellSpurs' module
[E]: TODO: cellSpursCreateTasksetWithAttribute
[W]: Unknown function 0xca4c4600 in 'cellSpurs' module
[E]: TODO: cellSpursFinalize
[W]: Unknown function 0xd2e23fa9 in 'cellSpurs' module
[E]: TODO: cellSpursSetExceptionEventHandler
[W]: Unknown function 0xefeb2679 in 'cellSpurs' module
[E]: TODO: _cellSpursWorkloadAttributeInitialize
[W]: Unknown function 0xf843818d in 'cellSpurs' module
[E]: TODO: cellSpursReadyCountStore
[W]: Unknown function 0x011ee38b in 'cellSpurs' module
[E]: TODO: _cellSpursLFQueueInitialize
[W]: Unknown function 0x07529113 in 'cellSpurs' module
[E]: TODO: cellSpursAttributeSetNamePrefix
[W]: Unknown function 0x1656d49f in 'cellSpurs' module
[E]: TODO: cellSpursLFQueueAttachLv2EventQueue
[W]: Unknown function 0x303c19cd in 'cellSpurs' module
[E]: TODO: cellSpursCreateJobChainWithAttribute
[W]: Unknown function 0x3548f483 in 'cellSpurs' module
[E]: TODO: _cellSpursJobChainAttributeInitialize
[W]: Unknown function 0x68aaeba9 in 'cellSpurs' module
[E]: TODO: cellSpursJobGuardInitialize
[W]: Unknown function 0x738e40e6 in 'cellSpurs' module
[E]: TODO: cellSpursShutdownJobChain
[W]: Unknown function 0x73e06f91 in 'cellSpurs' module
[E]: TODO: cellSpursLFQueueDetachLv2EventQueue
[W]: Unknown function 0x8a85674d in 'cellSpurs' module
[E]: TODO: _cellSpursLFQueuePushBody
[W]: Unknown function 0x9fef70c2 in 'cellSpurs' module
[E]: TODO: cellSpursJobChainAttributeSetName
[W]: Unknown function 0xa7c066de in 'cellSpurs' module
[E]: TODO: cellSpursJoinJobChain
[W]: Unknown function 0xbeb600ac in 'cellSpurs' module
[E]: TODO: cellSpursCreateTask
[W]: Unknown function 0xd5d0b256 in 'cellSpurs' module
[E]: TODO: cellSpursJobGuardNotify
[W]: Unknown function 0xf31731bb in 'cellSpurs' module
[E]: TODO: cellSpursRunJobChain
[W]: Unknown function 0x6d3bb15b in 'sys_fs' module
[E]: TODO: cellFsSdataOpenByFd
[W]: Unknown function 0x967a162b in 'sys_fs' module
[E]: TODO: cellFsFsync
[W]: Unknown function 0x9b882495 in 'sys_fs' module
[E]: TODO: cellFsGetDirectoryEntries
[W]: Unknown function 0xaa3b4bcd in 'sys_fs' module
[E]: TODO: cellFsGetFreeSize
[W]: Unknown function 0xbef554a4 in 'sys_fs' module
[E]: TODO: cellFsUtime
[W]: Unknown function 0x4cc9b68d in 'sys_io' module
[E]: TODO: cellPadPeriphGetInfo
[W]: Unknown function 0x139a9e9b in 'sys_net' module
[E]: TODO: sys_net_initialize_network_ex
[W]: Unknown function 0x1f953b9f in 'sys_net' module
[E]: TODO: recvfrom
[W]: Unknown function 0x28e208bb in 'sys_net' module
[E]: TODO: listen
[W]: Unknown function 0x3f09e20a in 'sys_net' module
[E]: TODO: socketselect
[W]: Unknown function 0x44328aa2 in 'sys_net' module
[E]: TODO: sys_net_close_dump
[W]: Unknown function 0x5a045bd1 in 'sys_net' module
[E]: TODO: getsockopt
[W]: Unknown function 0x6005cde1 in 'sys_net' module
[E]: TODO: _sys_net_errno_loc
[W]: Unknown function 0x64f66d35 in 'sys_net' module
[E]: TODO: connect
[W]: Unknown function 0x6db6e8cd in 'sys_net' module
[E]: TODO: socketclose
[W]: Unknown function 0x71f4c717 in 'sys_net' module
[E]: TODO: gethostbyname
[W]: Unknown function 0x858a930b in 'sys_net' module
[E]: TODO: inet_ntoa
[W]: Unknown function 0x88f03575 in 'sys_net' module
[E]: TODO: setsockopt
[W]: Unknown function 0x89c9917c in 'sys_net' module
[E]: TODO: sys_net_read_dump
[W]: Unknown function 0x9647570b in 'sys_net' module
[E]: TODO: sendto
[W]: Unknown function 0x9c056962 in 'sys_net' module
[E]: TODO: socket
[W]: Unknown function 0xa50777c6 in 'sys_net' module
[E]: TODO: shutdown
[W]: Unknown function 0xab447704 in 'sys_net' module
[E]: TODO: sys_net_open_dump
[W]: Unknown function 0xb0a59804 in 'sys_net' module
[E]: TODO: bind
[W]: Unknown function 0xb48636c4 in 'sys_net' module
[E]: TODO: sys_net_show_ifconfig
[W]: Unknown function 0xb68d5625 in 'sys_net' module
[E]: TODO: sys_net_finalize_network
[W]: Unknown function 0xc94f6939 in 'sys_net' module
[E]: TODO: accept
[W]: Unknown function 0xdabbc2c0 in 'sys_net' module
[E]: TODO: inet_addr
[W]: Unknown function 0xdc751b40 in 'sys_net' module
[E]: TODO: send
[W]: Unknown function 0xfba04f37 in 'sys_net' module
[E]: TODO: recv
[W]: Unknown function 0x04459230 in 'cellNetCtl' module
[E]: TODO: cellNetCtlNetStartDialogLoadAsync
[W]: Unknown function 0x0ce13c6b in 'cellNetCtl' module
[E]: TODO: cellNetCtlAddHandler
[W]: Unknown function 0x0f1f13d3 in 'cellNetCtl' module
[E]: TODO: cellNetCtlNetStartDialogUnloadAsync
[W]: Unknown function 0x105ee2cb in 'cellNetCtl' module
[E]: TODO: cellNetCtlTerm
[W]: Unknown function 0x1e585b5d in 'cellNetCtl' module
[E]: TODO: cellNetCtlGetInfo
[W]: Unknown function 0x8b3eba69 in 'cellNetCtl' module
[E]: TODO: cellNetCtlGetState
[W]: Unknown function 0x901815c3 in 'cellNetCtl' module
[E]: TODO: cellNetCtlDelHandler
[W]: Unknown function 0xbd5a59fc in 'cellNetCtl' module
[E]: TODO: cellNetCtlInit
[W]: Unknown module 'cellHttp'
[W]: Unknown function 0x32faaf58 in 'cellHttpUtil' module
[E]: TODO: cellHttpUtilParseUri
[W]: Unknown function 0x02f5ced0 in 'cellCamera' module
[E]: TODO: cellCameraStop
[W]: Unknown function 0x0e63c444 in 'cellCamera' module
[E]: TODO: cellCameraGetBufferInfoEx
[W]: Unknown function 0x21fc151f in 'cellCamera' module
[E]: TODO: cellCameraReadEx
[W]: Unknown function 0x379c5dd6 in 'cellCamera' module
[E]: TODO: cellCameraClose
[W]: Unknown function 0x44673f07 in 'cellCamera' module
[E]: TODO: cellCameraRemoveNotifyEventQueue2
[W]: Unknown function 0x456dc4aa in 'cellCamera' module
[E]: TODO: cellCameraStart
[W]: Unknown function 0x58bc5870 in 'cellCamera' module
[E]: TODO: cellCameraGetType
[W]: Unknown function 0x5ad46570 in 'cellCamera' module
[E]: TODO: cellCameraEnd
[W]: Unknown function 0x5d25f866 in 'cellCamera' module
[E]: TODO: cellCameraOpenEx
[W]: Unknown function 0x81f83db9 in 'cellCamera' module
[E]: TODO: cellCameraReset
[W]: Unknown function 0x8cd56eee in 'cellCamera' module
[E]: TODO: cellCameraSetAttribute
[W]: Unknown function 0xa7fd2f5b in 'cellCamera' module
[E]: TODO: cellCameraSetNotifyEventQueue2
[W]: Unknown function 0xbf47c5dd in 'cellCamera' module
[E]: TODO: cellCameraInit
[W]: Unknown function 0x1dfbfdd6 in 'cellSysutil' module
[E]: TODO: cellSaveDataListLoad2
[W]: Unknown function 0x20543730 in 'cellSysutil' module
[E]: TODO: cellMsgDialogClose
[W]: Unknown function 0x21425307 in 'cellSysutil' module
[E]: TODO: cellSaveDataListAutoLoad
[W]: Unknown function 0x2de0d663 in 'cellSysutil' module
[E]: TODO: cellSaveDataListSave2
[W]: Unknown function 0x3d1e1931 in 'cellSysutil' module
[E]: TODO: cellOskDialogUnloadAsync
[W]: Unknown function 0x62b0f803 in 'cellSysutil' module
[E]: TODO: cellMsgDialogAbort
[W]: Unknown function 0x7f21c918 in 'cellSysutil' module
[E]: TODO: cellOskDialogAddSupportLanguage
[W]: Unknown function 0x7fcfc915 in 'cellSysutil' module
[E]: TODO: cellOskDialogLoadAsync
[W]: Unknown function 0x8b7ed64b in 'cellSysutil' module
[E]: TODO: cellSaveDataAutoSave2
[W]: Unknown function 0xa11552f6 in 'cellSysutil' module
[E]: TODO: cellSysutilGetBgmPlaybackStatus
[W]: Unknown function 0xb53c54fa in 'cellSysutil' module
[E]: TODO: cellOskDialogSetKeyLayoutOption
[W]: Unknown function 0xb6d84526 in 'cellSysutil' module
[E]: TODO: cellOskDialogAbort
[W]: Unknown function 0x0968aa36 in 'sceNp' module
[E]: TODO: sceNpManagerGetTicket
[W]: Unknown function 0x4885aa18 in 'sceNp' module
[E]: TODO: sceNpTerm
[W]: Unknown function 0x52a6b523 in 'sceNp' module
[E]: TODO: sceNpManagerUnregisterCallback
[W]: Unknown function 0x58fa4fcd in 'sceNp' module
[E]: TODO: sceNpManagerGetTicketParam
[W]: Unknown function 0x6ee62ed2 in 'sceNp' module
[E]: TODO: sceNpManagerGetContentRatingFlag
[W]: Unknown function 0x8297f1ec in 'sceNp' module
[E]: TODO: sceNpManagerRequestTicket2
[W]: Unknown function 0xa7bff757 in 'sceNp' module
[E]: TODO: sceNpManagerGetStatus
[W]: Unknown function 0xad218faf in 'sceNp' module
[E]: TODO: sceNpDrmIsAvailable
[W]: Unknown function 0xb1e0718b in 'sceNp' module
[E]: TODO: sceNpManagerGetAccountRegion
[W]: Unknown function 0xbd28fdbf in 'sceNp' module
[E]: TODO: sceNpInit
[W]: Unknown function 0xbdc07fd5 in 'sceNp' module
[E]: TODO: sceNpManagerGetNetworkTime
[W]: Unknown function 0xbe07c708 in 'sceNp' module
[E]: TODO: sceNpManagerGetOnlineId
[W]: Unknown function 0xe7dcd3b4 in 'sceNp' module
[E]: TODO: sceNpManagerRegisterCallback
[W]: Unknown function 0xeb7a3d84 in 'sceNp' module
[E]: TODO: sceNpManagerGetChatRestrictionFlag
[W]: Unknown function 0xf042b14f in 'sceNp' module
[E]: TODO: sceNpDrmIsAvailable2
[W]: Unknown function 0xfe37a7f4 in 'sceNp' module
[E]: TODO: sceNpManagerGetNpId
[W]: Unknown module 'cellSysutilAvconfExt'
[W]: Unknown function 0x0a862772 in 'cellGcmSys' module
[E]: TODO: cellGcmSetQueueHandler
[W]: Unknown function 0x1f61b3ff in 'cellGcmSys' module
[E]: TODO: cellGcmDumpGraphicsError
[W]: Unknown function 0x25b40ab4 in 'cellGcmSys' module
[E]: TODO: cellGcmSortRemapEaIoAddress
[W]: Unknown function 0x626e8518 in 'cellGcmSys' module
[E]: TODO: cellGcmMapEaIoAddressWithFlags
[W]: Unknown function 0xacee8542 in 'cellGcmSys' module
[E]: TODO: cellGcmSetFlipImmediate
[W]: Unknown function 0xd01b570d in 'cellGcmSys' module
[E]: TODO: cellGcmSetGraphicsHandler
[W]: Unknown module 'libgem'
[W]: Unknown function 0x1650aea4 in 'cellSsl' module
[E]: TODO: cellSslEnd
[W]: Unknown function 0x571afaca in 'cellSsl' module
[E]: TODO: cellSslCertificateLoader
[W]: Unknown function 0xfb02c9d2 in 'cellSsl' module
[E]: TODO: cellSslInit
[W]: Unknown module 'cellSysutilNpEula'
[W]: Unknown function 0x26090058 in 'sysPrxForUser' module
[E]: TODO: sys_prx_load_module
[W]: Unknown function 0xa330ad84 in 'sysPrxForUser' module
[E]: TODO: sys_prx_load_module_on_memcontainer_by_fd
[W]: Unknown function 0xaa6d9bff in 'sysPrxForUser' module
[E]: TODO: sys_prx_load_module_on_memcontainer
[W]: Unknown function 0xef68c17c in 'sysPrxForUser' module
[E]: TODO: sys_prx_load_module_by_fd
[! : PPU[1] Thread (CPUThread)[0x00010230]]: PPU[1] Thread (CPUThread) enter
[W : PPU[1] Thread (CPUThread)[0x006687d8]]: memory warning: sys_memory_get_user_memory_size(mem_info_addr=0xd0020c04)
[W : PPU[1] Thread (CPUThread)[0x0065aa04]]: cellSysutil warning: cellSysutilGetSystemParamInt: CELL_SYSUTIL_SYSTEMPARAM_ID_TIMEZONE
[W : PPU[1] Thread (CPUThread)[0x0065aa04]]: cellSysutil warning: cellSysutilGetSystemParamInt: CELL_SYSUTIL_SYSTEMPARAM_ID_SUMMERTIME
[W : PPU[1] Thread (CPUThread)[0x00661494]]: cellSysutil warning: cellSysutilGetSystemParamInt: CELL_SYSUTIL_SYSTEMPARAM_ID_TIMEZONE
[W : PPU[1] Thread (CPUThread)[0x00661494]]: cellSysutil warning: cellSysutilGetSystemParamInt: CELL_SYSUTIL_SYSTEMPARAM_ID_SUMMERTIME
[W : PPU[1] Thread (CPUThread)[0x0065c4d4]]: cellSysutil warning: cellSysutilGetSystemParamInt: CELL_SYSUTIL_SYSTEMPARAM_ID_TIMEZONE
[W : PPU[1] Thread (CPUThread)[0x0065c4d4]]: cellSysutil warning: cellSysutilGetSystemParamInt: CELL_SYSUTIL_SYSTEMPARAM_ID_SUMMERTIME
[W : PPU[1] Thread (CPUThread)[0x00661494]]: cellSysutil warning: cellSysutilGetSystemParamInt: CELL_SYSUTIL_SYSTEMPARAM_ID_TIMEZONE
[W : PPU[1] Thread (CPUThread)[0x00661494]]: cellSysutil warning: cellSysutilGetSystemParamInt: CELL_SYSUTIL_SYSTEMPARAM_ID_SUMMERTIME
[W : PPU[1] Thread (CPUThread)[0x0065a9a8]]: cellSysutil warning: cellSysutilGetSystemParamInt: CELL_SYSUTIL_SYSTEMPARAM_ID_TIMEZONE
[W : PPU[1] Thread (CPUThread)[0x0065a9a8]]: cellSysutil warning: cellSysutilGetSystemParamInt: CELL_SYSUTIL_SYSTEMPARAM_ID_SUMMERTIME
[W : PPU[1] Thread (CPUThread)[0x0065c4d4]]: cellSysutil warning: cellSysutilGetSystemParamInt: CELL_SYSUTIL_SYSTEMPARAM_ID_TIMEZONE
[W : PPU[1] Thread (CPUThread)[0x0065c4d4]]: cellSysutil warning: cellSysutilGetSystemParamInt: CELL_SYSUTIL_SYSTEMPARAM_ID_SUMMERTIME
[W : PPU[1] Thread (CPUThread)[0x00c1d0f4]]: sys_lwcond warning: sys_lwcond_create(lwcond_addr=0xac53b8, lwmutex_addr=0xac53a0, attr_addr=0xd0020a80)
[W : PPU[1] Thread (CPUThread)[0x00c1d0f4]]: sys_lwcond warning: *** lwcond created [] (attr=0x12, lwmutex.sq=0x29): id = 42
[W : PPU[1] Thread (CPUThread)[0x00c1d0f4]]: sys_lwcond warning: sys_lwcond_create(lwcond_addr=0xac53c0, lwmutex_addr=0xac53a0, attr_addr=0xd0020a80)
[W : PPU[1] Thread (CPUThread)[0x00c1d0f4]]: sys_lwcond warning: *** lwcond created [] (attr=0x12, lwmutex.sq=0x29): id = 43
[W : PPU[1] Thread (CPUThread)[0x00c1d0f4]]: sys_lwcond warning: sys_lwcond_create(lwcond_addr=0xac53c8, lwmutex_addr=0xac53a0, attr_addr=0xd0020a80)
[W : PPU[1] Thread (CPUThread)[0x00c1d0f4]]: sys_lwcond warning: *** lwcond created [] (attr=0x12, lwmutex.sq=0x29): id = 44
[W : PPU[1] Thread (CPUThread)[0x00c1d0f4]]: sys_lwcond warning: sys_lwcond_create(lwcond_addr=0xac53d0, lwmutex_addr=0xac53a0, attr_addr=0xd0020a80)
[W : PPU[1] Thread (CPUThread)[0x00c1d0f4]]: sys_lwcond warning: *** lwcond created [] (attr=0x12, lwmutex.sq=0x29): id = 45
[W : PPU[1] Thread (CPUThread)[0x00c1d0f4]]: sys_lwcond warning: sys_lwcond_create(lwcond_addr=0xac5468, lwmutex_addr=0xac5450, attr_addr=0xd0020a00)
[W : PPU[1] Thread (CPUThread)[0x00c1d0f4]]: sys_lwcond warning: *** lwcond created [] (attr=0x12, lwmutex.sq=0x2e): id = 47
[W : PPU[1] Thread (CPUThread)[0x00c1d0f4]]: sys_lwcond warning: sys_lwcond_create(lwcond_addr=0xab38f0, lwmutex_addr=0xab38d8, attr_addr=0xd0020b30)
[W : PPU[1] Thread (CPUThread)[0x00c1d0f4]]: sys_lwcond warning: *** lwcond created [] (attr=0x12, lwmutex.sq=0x31): id = 50
[W : PPU[1] Thread (CPUThread)[0x00c1d0f4]]: sys_lwcond warning: sys_lwcond_create(lwcond_addr=0xa92080, lwmutex_addr=0xa92068, attr_addr=0xd0020b40)
[W : PPU[1] Thread (CPUThread)[0x00c1d0f4]]: sys_lwcond warning: *** lwcond created [] (attr=0x12, lwmutex.sq=0x33): id = 52
[W : PPU[1] Thread (CPUThread)[0x002004c8]]: memory warning: sys_memory_get_user_memory_size(mem_info_addr=0xd0020cc0)
[W : PPU[1] Thread (CPUThread)[0x00bf7010]]: cellSysmodule warning: cellSysmoduleLoadModule(CELL_SYSMODULE_FS)
[W : PPU[1] Thread (CPUThread)[0x00bf7010]]: cellSysmodule warning: cellSysmoduleLoadModule(CELL_SYSMODULE_SPURS)
[W : PPU[1] Thread (CPUThread)[0x00bf7010]]: cellSysmodule warning: cellSysmoduleLoadModule(CELL_SYSMODULE_IO)
[W : PPU[1] Thread (CPUThread)[0x00bf7010]]: cellSysmodule warning: cellSysmoduleLoadModule(CELL_SYSMODULE_RTC)
[W : PPU[1] Thread (CPUThread)[0x00bf7010]]: cellSysmodule warning: cellSysmoduleLoadModule(CELL_SYSMODULE_NET)
[W : PPU[1] Thread (CPUThread)[0x00bf7010]]: cellSysmodule warning: cellSysmoduleLoadModule(CELL_SYSMODULE_NETCTL)
[W : PPU[1] Thread (CPUThread)[0x00bf7010]]: cellSysmodule warning: cellSysmoduleLoadModule(CELL_SYSMODULE_HTTP)
[W : PPU[1] Thread (CPUThread)[0x00bf7010]]: cellSysmodule warning: cellSysmoduleLoadModule(CELL_SYSMODULE_HTTPS)
[W : PPU[1] Thread (CPUThread)[0x00bf7010]]: cellSysmodule warning: cellSysmoduleLoadModule()
[W : PPU[1] Thread (CPUThread)[0x00bf7010]]: cellSysmodule warning: cellSysmoduleLoadModule(CELL_SYSMODULE_AUDIO)
[W : PPU[1] Thread (CPUThread)[0x00bf7010]]: cellSysmodule warning: cellSysmoduleLoadModule(CELL_SYSMODULE_CAMERA)
[W : PPU[1] Thread (CPUThread)[0x00bf7010]]: cellSysmodule warning: cellSysmoduleLoadModule(CELL_SYSMODULE_MIC)
[W : PPU[1] Thread (CPUThread)[0x00bf7010]]: cellSysmodule warning: cellSysmoduleLoadModule(CELL_SYSMODULE_GEM)
[W : PPU[1] Thread (CPUThread)[0x00bf7010]]: cellSysmodule warning: cellSysmoduleLoadModule(CELL_SYSMODULE_SYSUTIL)
[W : PPU[1] Thread (CPUThread)[0x00bf7010]]: cellSysmodule warning: cellSysmoduleLoadModule(CELL_SYSMODULE_SYSUTIL_SAVEDATA)
[W : PPU[1] Thread (CPUThread)[0x00bf7010]]: cellSysmodule warning: cellSysmoduleLoadModule(CELL_SYSMODULE_GCM_SYS)
[W : PPU[1] Thread (CPUThread)[0x00bf7010]]: cellSysmodule warning: cellSysmoduleLoadModule(CELL_SYSMODULE_USBD)
[W : PPU[1] Thread (CPUThread)[0x00bf7010]]: cellSysmodule warning: cellSysmoduleLoadModule(CELL_SYSMODULE_SYSUTIL_NP_TROPHY)
[W : PPU[1] Thread (CPUThread)[0x00bf7010]]: cellSysmodule warning: cellSysmoduleLoadModule(CELL_SYSMODULE_SYSUTIL_NP)
[W : PPU[1] Thread (CPUThread)[0x00bf7010]]: cellSysmodule warning: cellSysmoduleLoadModule(CELL_SYSMODULE_SYSUTIL_GAME)
[W : PPU[1] Thread (CPUThread)[0x00bf7010]]: cellSysmodule warning: cellSysmoduleLoadModule(CELL_SYSMODULE_AVCONF_EXT)
[W : PPU[1] Thread (CPUThread)[0x00c0b0e8]]: cellSysutil warning: cellSysutilRegisterCallback(slot=0, func_addr=0xa05948, userdata=0x0)
[W : PPU[1] Thread (CPUThread)[0x003aab4c]]: sys_spu warning: sys_spu_initialize(max_usable_spu=6, max_raw_spu=0)
[E : PPU[1] Thread (CPUThread)[0x00bf50b8]]: TODO: _cellSpursAttributeInitialize
[E : PPU[1] Thread (CPUThread)[0x00bf50e8]]: TODO: cellSpursInitializeWithAttribute
[W : PPU[1] Thread (CPUThread)[0x00580730]]: sys_event warning: sys_event_queue_create(equeue_id_addr=0xa8f590, attr_addr=0xd00206c4, event_queue_key=0x0, size=127)
[W : PPU[1] Thread (CPUThread)[0x00580730]]: sys_event warning: *** event_queue created [] (protocol=0x2, type=0x1): id = 53
[! : PPU[54] Thread (Job Manager Event Handler)[0x00580548]]: PPU[54] Thread (Job Manager Event Handler) enter
[W : PPU[1] Thread (CPUThread)[0x00580774]]: sys_event warning: sys_event_port_create(eport_id_addr=0xa8f5a4, port_type=0x1, name=0xd0a77)
[W : PPU[1] Thread (CPUThread)[0x00580774]]: sys_event warning: *** sys_event_port created: id = 55
[W : PPU[54] Thread (Job Manager Event Handler)[0x00580598]]: sys_event warning: sys_event_queue_receive(equeue_id=53, event_addr=0xd0030ca0, timeout=0)
[W : PPU[1] Thread (CPUThread)[0x00580784]]: sys_event warning: sys_event_port_connect_local(eport_id=55, equeue_id=53)
[E : PPU[1] Thread (CPUThread)[0x00bf50f4]]: TODO: cellSpursAttachLv2EventQueue
[E : PPU[1] Thread (CPUThread)[0x00bf50b8]]: TODO: _cellSpursAttributeInitialize
[E : PPU[1] Thread (CPUThread)[0x00bf50e8]]: TODO: cellSpursInitializeWithAttribute
[W : PPU[1] Thread (CPUThread)[0x00580730]]: sys_event warning: sys_event_queue_create(equeue_id_addr=0xa8f5b8, attr_addr=0xd00206c4, event_queue_key=0x0, size=127)
[W : PPU[1] Thread (CPUThread)[0x00580730]]: sys_event warning: *** event_queue created [] (protocol=0x2, type=0x1): id = 56
[W : PPU[1] Thread (CPUThread)[0x00580774]]: sys_event warning: sys_event_port_create(eport_id_addr=0xa8f5cc, port_type=0x1, name=0xd0a77)
[! : PPU[57] Thread (Job Manager Event Handler)[0x00580548]]: PPU[57] Thread (Job Manager Event Handler) enter
[W : PPU[1] Thread (CPUThread)[0x00580774]]: sys_event warning: *** sys_event_port created: id = 58
[W : PPU[57] Thread (Job Manager Event Handler)[0x00580598]]: sys_event warning: sys_event_queue_receive(equeue_id=56, event_addr=0xd0040ca0, timeout=0)
[W : PPU[1] Thread (CPUThread)[0x00580784]]: sys_event warning: sys_event_port_connect_local(eport_id=58, equeue_id=56)
[E : PPU[1] Thread (CPUThread)[0x00bf50f4]]: TODO: cellSpursAttachLv2EventQueue
[E : PPU[1] Thread (CPUThread)[0x00bf501c]]: TODO: cellSpursGetInfo
[E : PPU[1] Thread (CPUThread)[0x00bf5130]]: TODO: _cellSpursWorkloadAttributeInitialize
[E : PPU[1] Thread (CPUThread)[0x00bf5040]]: TODO: cellSpursWorkloadAttributeSetName
[E : PPU[1] Thread (CPUThread)[0x00bf5100]]: TODO: cellSpursAddWorkloadWithAttribute
[E : PPU[1] Thread (CPUThread)[0x00bf5010]]: TODO: cellSpursRequestIdleSpu
[E : PPU[1] Thread (CPUThread)[0x00bf5124]]: TODO: cellSpursSetExceptionEventHandler
[W : PPU[1] Thread (CPUThread)[0x00c0d058]]: cellGame warning: cellGameBootCheck(type_addr=0xd002087c, attributes_addr=0xd0020878, size_addr=0xd002089c, dirName_addr=0xd0020a68)
[W : PPU[1] Thread (CPUThread)[0x00c0d034]]: cellGame warning: cellGameGetParamInt(id=102, value_addr=0xd0020884)
[W : PPU[1] Thread (CPUThread)[0x00c0d004]]: cellGame warning: cellGameGetParamString(id=100, buf_addr=0xd0020890, bufsize=10)
[W : PPU[1] Thread (CPUThread)[0x00c0d004]]: cellGame warning: cellGameGetParamString(id=0, buf_addr=0xd00208e8, bufsize=128)
[W : PPU[1] Thread (CPUThread)[0x00c0d004]]: cellGame warning: cellGameGetParamString(id=106, buf_addr=0xd0020888, bufsize=6)
[W : PPU[1] Thread (CPUThread)[0x00c0d01c]]: cellGame warning: cellGameContentPermit(contentInfoPath_addr=0xd00209e8, usrdirPath_addr=0xd0020968)
[W : PPU[1] Thread (CPUThread)[0x00c0b070]]: cellSysutil warning: cellSysutilGetSystemParamInt: CELL_SYSUTIL_SYSTEMPARAM_ID_LANG
[W : PPU[1] Thread (CPUThread)[0x00c0b070]]: cellSysutil warning: cellSysutilGetSystemParamInt: CELL_SYSUTIL_SYSTEMPARAM_ID_ENTER_BUTTON_ASSIGN
[W : PPU[1] Thread (CPUThread)[0x00c0b070]]: cellSysutil warning: cellSysutilGetSystemParamInt: CELL_SYSUTIL_SYSTEMPARAM_ID_DATE_FORMAT
[W : PPU[1] Thread (CPUThread)[0x00c0b070]]: cellSysutil warning: cellSysutilGetSystemParamInt: CELL_SYSUTIL_SYSTEMPARAM_ID_TIME_FORMAT
[W : PPU[1] Thread (CPUThread)[0x00c0b070]]: cellSysutil warning: cellSysutilGetSystemParamInt: CELL_SYSUTIL_SYSTEMPARAM_ID_GAME_PARENTAL_LEVEL
[W : PPU[1] Thread (CPUThread)[0x00c0b0dc]]: cellSysutil warning: cellSysutilGetSystemParamString: CELL_SYSUTIL_SYSTEMPARAM_ID_CURRENT_USERNAME
[W : PPU[1] Thread (CPUThread)[0x00c0b0dc]]: cellSysutil warning: cellSysutilGetSystemParamString: CELL_SYSUTIL_SYSTEMPARAM_ID_NICKNAME
[W : PPU[1] Thread (CPUThread)[0x00c0b094]]: cellSysutil warning: cellVideoOutGetNumberOfDevice(videoOut=0)
[W : PPU[1] Thread (CPUThread)[0x00c0b034]]: cellSysutil warning: cellVideoOutGetDeviceInfo(videoOut=0, deviceIndex=0, info_addr=0xd00207d8)
[W : PPU[1] Thread (CPUThread)[0x00c0b100]]: cellSysutil warning: cellVideoOutGetResolutionAvailability(videoOut=0, resolutionId=0x1, option_addr=0x0, aspect=0x0, option=0xd4946640)
[E : PPU[1] Thread (CPUThread)[0x00142630]]: Read8 from null block: [00000000]
[W : PPU[57] Thread (Job Manager Event Handler)[0x00580598]]: sys_event_queue_receive(equeue=56) aborted
[! : PPU[1] Thread (CPUThread)[0x00142634]]: PPU[1] Thread (CPUThread) leave
[W : PPU[54] Thread (Job Manager Event Handler)[0x00580598]]: sys_event_queue_receive(equeue=53) aborted
[! : PPU[57] Thread (Job Manager Event Handler)[0x0058059c]]: PPU[57] Thread (Job Manager Event Handler) leave
[! : PPU[54] Thread (Job Manager Event Handler)[0x0058059c]]: PPU[54] Thread (Job Manager Event Handler) leave
[!]: Closing memory...
