[!]: Loading 'D:\Emulateur\Rpcs3\dev_hdd0\game\NPUB30051\USRDIR\BOOT.BIN'...
[!]: Mount info:
[!]: /dev_hdd0/ -> D:\Emulateur\Rpcs3\dev_hdd0\
[!]: /dev_hdd1/ -> D:\Emulateur\Rpcs3\dev_hdd1\
[!]: /dev_flash/ -> D:\Emulateur\Rpcs3\dev_flash\
[!]: /dev_usb000/ -> D:\Emulateur\Rpcs3\dev_usb000\
[!]: /dev_usb/ -> D:\Emulateur\Rpcs3\dev_usb000\
[!]: /app_home/ -> D:\Emulateur\Rpcs3\dev_hdd0\game\NPUB30051\
[!]: /dev_bdvd/ -> D:\Emulateur\Rpcs3\dev_hdd0\game\NPUB30051\\..\
[!]: /host_root/ -> 
[!]: / -> D:\Emulateur\Rpcs3\dev_hdd0\game\NPUB30051\
[!]: Initing memory...
[!]: Memory initialized.
[W]: Unknown function 0x01fbbc9b in 'sceNp' module
[E]: TODO: sceNpBasicSendMessageGui
[W]: Unknown function 0x21206642 in 'sceNp' module
[E]: TODO: sceNpScoreGetRankingByRangeAsync
[W]: Unknown function 0x259113b8 in 'sceNp' module
[E]: TODO: sceNpScoreDestroyTitleCtx
[W]: Unknown function 0x2ecd48ed in 'sceNp' module
[E]: TODO: sceNpDrmVerifyUpgradeLicense
[W]: Unknown function 0x32cf311f in 'sceNp' module
[E]: TODO: sceNpScoreInit
[W]: Unknown function 0x3db7914d in 'sceNp' module
[E]: TODO: sceNpScoreGetRankingByNpIdAsync
[W]: Unknown function 0x3f0808aa in 'sceNp' module
[E]: TODO: sceNpBasicSetPresence
[W]: Unknown function 0x5de61626 in 'sceNp' module
[E]: TODO: sceNpLookupDestroyTitleCtx
[W]: Unknown function 0x5f2d9257 in 'sceNp' module
[E]: TODO: sceNpLookupInit
[W]: Unknown function 0x64a704cc in 'sceNp' module
[E]: TODO: sceNpBasicRecvMessageAttachmentLoad
[W]: Unknown function 0x6ee62ed2 in 'sceNp' module
[E]: TODO: sceNpManagerGetContentRatingFlag
[W]: Unknown function 0x6f5e8143 in 'sceNp' module
[E]: TODO: sceNpScoreCreateTransactionCtx
[W]: Unknown function 0x806960ab in 'sceNp' module
[E]: TODO: sceNpBasicRecvMessageCustom
[W]: Unknown function 0x8440537c in 'sceNp' module
[E]: TODO: sceNpLookupTerm
[W]: Unknown function 0x9851f805 in 'sceNp' module
[E]: TODO: sceNpScoreTerm
[W]: Unknown function 0xa7a090e5 in 'sceNp' module
[E]: TODO: sceNpScorePollAsync
[W]: Unknown function 0xa7bff757 in 'sceNp' module
[E]: TODO: sceNpManagerGetStatus
[W]: Unknown function 0xad218faf in 'sceNp' module
[E]: TODO: sceNpDrmIsAvailable
[W]: Unknown function 0xb1e0718b in 'sceNp' module
[E]: TODO: sceNpManagerGetAccountRegion
[W]: Unknown function 0xb9f93bbb in 'sceNp' module
[E]: TODO: sceNpScoreCreateTitleCtx
[W]: Unknown function 0xbcc09fe7 in 'sceNp' module
[E]: TODO: sceNpBasicRegisterHandler
[W]: Unknown function 0xbcdbb2ab in 'sceNp' module
[E]: TODO: sceNpBasicAddPlayersHistoryAsync
[W]: Unknown function 0xc5f4cf82 in 'sceNp' module
[E]: TODO: sceNpScoreDestroyTransactionCtx
[W]: Unknown function 0xe035f7d6 in 'sceNp' module
[E]: TODO: sceNpBasicGetEvent
[W]: Unknown function 0xeb7a3d84 in 'sceNp' module
[E]: TODO: sceNpManagerGetChatRestrictionFlag
[W]: Unknown function 0xee5b20d9 in 'sceNp' module
[E]: TODO: sceNpScoreAbortTransaction
[W]: Unknown function 0xf0b1e399 in 'sceNp' module
[E]: TODO: sceNpScoreRecordScoreAsync
[W]: Unknown function 0xf283c143 in 'sceNp' module
[E]: TODO: sceNpDrmExecuteGamePurchase
[W]: Unknown function 0xfe37a7f4 in 'sceNp' module
[E]: TODO: sceNpManagerGetNpId
[W]: Unknown function 0x01379fd7 in 'sceNp2' module
[E]: TODO: sceNpMatching2DestroyContext
[W]: Unknown function 0x05bf2fbd in 'sceNp2' module
[E]: TODO: sceNpMatching2GetWorldInfoList
[W]: Unknown function 0x0d22867f in 'sceNp2' module
[E]: TODO: sceNpMatching2SearchRoom
[W]: Unknown function 0x0ebe4c6b in 'sceNp2' module
[E]: TODO: sceNpMatching2SignalingGetConnectionStatus
[W]: Unknown function 0x12d0b0f9 in 'sceNp2' module
[E]: TODO: sceNpMatching2ContextStart
[W]: Unknown function 0x1f372697 in 'sceNp2' module
[E]: TODO: sceNpMatching2LeaveRoom
[W]: Unknown function 0x215b0d75 in 'sceNp2' module
[E]: TODO: sceNpMatching2SetRoomDataExternal
[W]: Unknown function 0x23009d07 in 'sceNp2' module
[E]: TODO: sceNpMatching2Term2
[W]: Unknown function 0x26ae9ff8 in 'sceNp2' module
[E]: TODO: sceNpMatching2SignalingGetConnectionInfo
[W]: Unknown function 0x3457c0db in 'sceNp2' module
[E]: TODO: sceNpMatching2GetServerInfo
[W]: Unknown function 0x3c00c9d4 in 'sceNp2' module
[E]: TODO: sceNpMatching2GetEventData
[W]: Unknown function 0x41251f74 in 'sceNp2' module
[E]: TODO: sceNp2Init
[W]: Unknown function 0x5721e711 in 'sceNp2' module
[E]: TODO: sceNpMatching2JoinRoom
[W]: Unknown function 0x66f19527 in 'sceNp2' module
[E]: TODO: sceNpMatching2KickoutRoomMember
[W]: Unknown function 0x748029a2 in 'sceNp2' module
[E]: TODO: sceNpMatching2RegisterContextCallback
[W]: Unknown function 0x817d1090 in 'sceNp2' module
[E]: TODO: sceNpMatching2SetRoomDataInternal
[W]: Unknown function 0x8b209ca2 in 'sceNp2' module
[E]: TODO: sceNpMatching2GetRoomDataInternal
[W]: Unknown function 0x8d3f8d49 in 'sceNp2' module
[E]: TODO: sceNpMatching2SignalingGetPingInfo
[W]: Unknown function 0x8e5cfe9f in 'sceNp2' module
[E]: TODO: sceNpMatching2GetServerIdListLocal
[W]: Unknown function 0x9cbce3f2 in 'sceNp2' module
[E]: TODO: sceNpMatching2CreateContext
[W]: Unknown function 0xa9e6103e in 'sceNp2' module
[E]: TODO: sceNpMatching2RegisterSignalingCallback
[W]: Unknown function 0xaadb7c12 in 'sceNp2' module
[E]: TODO: sceNp2Term
[W]: Unknown function 0xdb87b088 in 'sceNp2' module
[E]: TODO: sceNpMatching2SetDefaultRequestOptParam
[W]: Unknown function 0xdcb6b27d in 'sceNp2' module
[E]: TODO: sceNpMatching2RegisterRoomEventCallback
[W]: Unknown function 0xe4ac32ca in 'sceNp2' module
[E]: TODO: sceNpMatching2GetRoomDataExternalList
[W]: Unknown function 0xe7a3bc7a in 'sceNp2' module
[E]: TODO: sceNpMatching2CreateJoinRoom
[W]: Unknown function 0xf43c647a in 'sceNp2' module
[E]: TODO: sceNpMatching2ContextStop
[W]: Unknown function 0xf4babd3f in 'sceNp2' module
[E]: TODO: sceNpMatching2Init2
[W]: Unknown function 0xfee11e72 in 'sceNp2' module
[E]: TODO: sceNpMatching2RegisterRoomMessageCallback
[W]: Unknown function 0xbe5be3ba in 'sys_io' module
[E]: TODO: cellPadSetSensorMode
[W]: Unknown function 0xdbf4c59c in 'sys_io' module
[E]: Unknown func id: 0xdbf4c59c
[W]: Unknown function 0xf83f8182 in 'sys_io' module
[E]: TODO: cellPadSetPressMode
[W]: Unknown module 'cellSysutilAvc2'
[W]: Unknown function 0x52aac4fa in 'cellSysutil' module
[E]: TODO: cellSaveDataUserAutoSave
[W]: Unknown function 0x9117df20 in 'cellSysutil' module
[E]: TODO: cellHddGameCheck
[W]: Unknown function 0xcdc6aefd in 'cellSysutil' module
[E]: TODO: cellSaveDataUserAutoLoad
[W]: Unknown function 0xbd6d60d9 in 'cellGcmSys' module
[E]: TODO: cellGcmSetInvalidateTile
[W]: Unknown function 0x14bf2dc1 in 'cellKey2char' module
[E]: TODO: cellKey2CharClose
[W]: Unknown function 0x56776c0d in 'cellKey2char' module
[E]: TODO: cellKey2CharGetChar
[W]: Unknown function 0xabf629c1 in 'cellKey2char' module
[E]: TODO: cellKey2CharOpen
[W]: Unknown function 0xbfc03768 in 'cellKey2char' module
[E]: TODO: cellKey2CharSetMode
[W]: Unknown function 0x967a162b in 'sys_fs' module
[E]: TODO: cellFsFsync
[W]: Unknown function 0x139a9e9b in 'sys_net' module
[E]: TODO: sys_net_initialize_network_ex
[W]: Unknown function 0x1f953b9f in 'sys_net' module
[E]: TODO: recvfrom
[W]: Unknown function 0x3f09e20a in 'sys_net' module
[E]: TODO: socketselect
[W]: Unknown function 0x6db6e8cd in 'sys_net' module
[E]: TODO: socketclose
[W]: Unknown function 0x88f03575 in 'sys_net' module
[E]: TODO: setsockopt
[W]: Unknown function 0x9647570b in 'sys_net' module
[E]: TODO: sendto
[W]: Unknown function 0x9c056962 in 'sys_net' module
[E]: TODO: socket
[W]: Unknown function 0xb0a59804 in 'sys_net' module
[E]: TODO: bind
[W]: Unknown function 0xb68d5625 in 'sys_net' module
[E]: TODO: sys_net_finalize_network
[W]: Unknown function 0x04459230 in 'cellNetCtl' module
[E]: TODO: cellNetCtlNetStartDialogLoadAsync
[W]: Unknown function 0x0f1f13d3 in 'cellNetCtl' module
[E]: TODO: cellNetCtlNetStartDialogUnloadAsync
[W]: Unknown function 0x105ee2cb in 'cellNetCtl' module
[E]: TODO: cellNetCtlTerm
[W]: Unknown function 0xbd5a59fc in 'cellNetCtl' module
[E]: TODO: cellNetCtlInit
[W]: Unknown function 0x07529113 in 'cellSpurs' module
[E]: TODO: cellSpursAttributeSetNamePrefix
[W]: Unknown function 0x22aab31d in 'cellSpurs' module
[E]: TODO: cellSpursEventFlagDetachLv2EventQueue
[W]: Unknown function 0x303c19cd in 'cellSpurs' module
[E]: TODO: cellSpursCreateJobChainWithAttribute
[W]: Unknown function 0x3548f483 in 'cellSpurs' module
[E]: TODO: _cellSpursJobChainAttributeInitialize
[W]: Unknown function 0x373523d4 in 'cellSpurs' module
[E]: TODO: cellSpursEventFlagWait
[W]: Unknown function 0x4e66d483 in 'cellSpurs' module
[E]: TODO: cellSpursDetachLv2EventQueue
[W]: Unknown function 0x52cc6c82 in 'cellSpurs' module
[E]: TODO: cellSpursCreateTaskset
[W]: Unknown function 0x5ef96465 in 'cellSpurs' module
[E]: TODO: _cellSpursEventFlagInitialize
[W]: Unknown function 0x87630976 in 'cellSpurs' module
[E]: TODO: cellSpursEventFlagAttachLv2EventQueue
[W]: Unknown function 0x95180230 in 'cellSpurs' module
[E]: TODO: _cellSpursAttributeInitialize
[W]: Unknown function 0x9f72add3 in 'cellSpurs' module
[E]: TODO: cellSpursJoinTaskset
[W]: Unknown function 0x9fef70c2 in 'cellSpurs' module
[E]: TODO: cellSpursJobChainAttributeSetName
[W]: Unknown function 0xa789e631 in 'cellSpurs' module
[E]: TODO: cellSpursShutdownTaskset
[W]: Unknown function 0xa7c066de in 'cellSpurs' module
[E]: TODO: cellSpursJoinJobChain
[W]: Unknown function 0xaa6269a8 in 'cellSpurs' module
[E]: TODO: cellSpursInitializeWithAttribute
[W]: Unknown function 0xacfc8dbc in 'cellSpurs' module
[E]: TODO: cellSpursInitialize
[W]: Unknown function 0xb9bc6207 in 'cellSpurs' module
[E]: TODO: cellSpursAttachLv2EventQueue
[W]: Unknown function 0xbeb600ac in 'cellSpurs' module
[E]: TODO: cellSpursCreateTask
[W]: Unknown function 0xca4c4600 in 'cellSpurs' module
[E]: TODO: cellSpursFinalize
[W]: Unknown function 0xe0a6dbe4 in 'cellSpurs' module
[E]: TODO: _cellSpursSendSignal
[W]: Unknown function 0xf31731bb in 'cellSpurs' module
[E]: TODO: cellSpursRunJobChain
[! : PPU[1] Thread (CPUThread)[0x00010230]]: PPU[1] Thread (CPUThread) enter
[W : PPU[1] Thread (CPUThread)[0x0030a034]]: sys_lwmutex warning: *** lwmutex created [_lc_mtx] (attribute=0x12): sq_id = 3
[W : PPU[1] Thread (CPUThread)[0x0003cab0]]: memory warning: sys_memory_get_user_memory_size(mem_info_addr=0xd0020c04)
[W : PPU[1] Thread (CPUThread)[0x0030a034]]: sys_lwmutex warning: *** lwmutex created [_lc_mtx] (attribute=0x12): sq_id = 4
[W : PPU[1] Thread (CPUThread)[0x0030a034]]: sys_lwmutex warning: *** lwmutex created [_lc_mtx] (attribute=0x12): sq_id = 5
[W : PPU[1] Thread (CPUThread)[0x0030a034]]: sys_lwmutex warning: *** lwmutex created [_lc_mtx] (attribute=0x12): sq_id = 6
[W : PPU[1] Thread (CPUThread)[0x0030a034]]: sys_lwmutex warning: *** lwmutex created [_lc_mtx] (attribute=0x12): sq_id = 7
[W : PPU[1] Thread (CPUThread)[0x0030a034]]: sys_lwmutex warning: *** lwmutex created [_lc_mtx] (attribute=0x12): sq_id = 8
[W : PPU[1] Thread (CPUThread)[0x0030a034]]: sys_lwmutex warning: *** lwmutex created [_lc_mtx] (attribute=0x12): sq_id = 9
[W : PPU[1] Thread (CPUThread)[0x0030a034]]: sys_lwmutex warning: *** lwmutex created [_lc_mtx] (attribute=0x12): sq_id = 10
[W : PPU[1] Thread (CPUThread)[0x0030a034]]: sys_lwmutex warning: *** lwmutex created [_lc_mtx] (attribute=0x12): sq_id = 11
[W : PPU[1] Thread (CPUThread)[0x0030a034]]: sys_lwmutex warning: *** lwmutex created [_lc_mtx] (attribute=0x12): sq_id = 12
[W : PPU[1] Thread (CPUThread)[0x0030a034]]: sys_lwmutex warning: *** lwmutex created [_lgcmtx] (attribute=0x12): sq_id = 13
[W : PPU[1] Thread (CPUThread)[0x0030a034]]: sys_lwmutex warning: *** lwmutex created [_lgcmtx] (attribute=0x12): sq_id = 14
[W : PPU[1] Thread (CPUThread)[0x002fc010]]: cellSysmodule warning: cellSysmoduleLoadModule(CELL_SYSMODULE_IO)
[W : PPU[1] Thread (CPUThread)[0x002fc010]]: cellSysmodule warning: cellSysmoduleLoadModule(CELL_SYSMODULE_USBD)
[W : PPU[1] Thread (CPUThread)[0x002fc010]]: cellSysmodule warning: cellSysmoduleLoadModule(CELL_SYSMODULE_FS)
[W : PPU[1] Thread (CPUThread)[0x002fc010]]: cellSysmodule warning: cellSysmoduleLoadModule(CELL_SYSMODULE_NET)
[W : PPU[1] Thread (CPUThread)[0x002fc010]]: cellSysmodule warning: cellSysmoduleLoadModule(CELL_SYSMODULE_RTC)
[W : PPU[1] Thread (CPUThread)[0x002fc010]]: cellSysmodule warning: cellSysmoduleLoadModule(CELL_SYSMODULE_KEY2CHAR)
[W : PPU[1] Thread (CPUThread)[0x002fc010]]: cellSysmodule warning: cellSysmoduleLoadModule(CELL_SYSMODULE_AUDIO)
[W : PPU[1] Thread (CPUThread)[0x002f607c]]: cellSysutil warning: cellSysutilRegisterCallback(slot=3, func_addr=0x1b29c8, userdata=0x0)
[W : PPU[1] Thread (CPUThread)[0x002f6058]]: cellSysutil warning: cellVideoOutGetNumberOfDevice(videoOut=0)
[W : PPU[1] Thread (CPUThread)[0x002f6028]]: cellSysutil warning: cellVideoOutGetDeviceInfo(videoOut=0, deviceIndex=0, info_addr=0xd002096c)
[W : PPU[1] Thread (CPUThread)[0x0030207c]]: sys_fs warning: cellFsAioInit(mount_point_addr=0x1bc921 (/app_home/))
[W : PPU[1] Thread (CPUThread)[0x00302010]]: sys_fs warning: cellFsOpendir(path="/app_home", fd_addr=0xd00206a0)
[E : PPU[1] Thread (CPUThread)[0x00302034]]: sys_fs error: "/app_home/flog_ps3.fpg" not found! flags: 0x00000000
[E : PPU[1] Thread (CPUThread)[0x002f20d0]]: TODO: cellPadSetPressMode
[E : PPU[1] Thread (CPUThread)[0x002f207c]]: TODO: cellPadSetSensorMode
[E : PPU[1] Thread (CPUThread)[0x002f20d0]]: TODO: cellPadSetPressMode
[E : PPU[1] Thread (CPUThread)[0x002f207c]]: TODO: cellPadSetSensorMode
[E : PPU[1] Thread (CPUThread)[0x002f20d0]]: TODO: cellPadSetPressMode
[E : PPU[1] Thread (CPUThread)[0x002f207c]]: TODO: cellPadSetSensorMode
[E : PPU[1] Thread (CPUThread)[0x002f20d0]]: TODO: cellPadSetPressMode
[E : PPU[1] Thread (CPUThread)[0x002f207c]]: TODO: cellPadSetSensorMode
[E : PPU[1] Thread (CPUThread)[0x002f20d0]]: TODO: cellPadSetPressMode
[E : PPU[1] Thread (CPUThread)[0x002f207c]]: TODO: cellPadSetSensorMode
[E : PPU[1] Thread (CPUThread)[0x002f20d0]]: TODO: cellPadSetPressMode
[E : PPU[1] Thread (CPUThread)[0x002f207c]]: TODO: cellPadSetSensorMode
[E : PPU[1] Thread (CPUThread)[0x002f20d0]]: TODO: cellPadSetPressMode
[E : PPU[1] Thread (CPUThread)[0x002f207c]]: TODO: cellPadSetSensorMode
[E : PPU[1] Thread (CPUThread)[0x002fe01c]]: TODO: cellKey2CharOpen
[W : PPU[1] Thread (CPUThread)[0x002fc010]]: cellSysmodule warning: cellSysmoduleLoadModule(CELL_SYSMODULE_GCM_SYS)
[W : PPU[1] Thread (CPUThread)[0x002fa010]]: cellGcmSys warning: cellGcmInit(context_addr=0x1d8cb8,cmdSize=0x400000,ioSize=0x2800000,ioAddress=0x30100000)
[W : PPU[1] Thread (CPUThread)[0x002fa010]]: cellGcmSys warning: *** local memory(addr=0xc0000000, size=0xf900000)
[W : PPU[1] Thread (CPUThread)[0x002fa010]]: cellGcmSys warning: cellGcmMapEaIoAddress(ea=0x30100000, io=0x0, size=0x2800000)
[! : RSXThread]: RSX thread entry
[W : PPU[1] Thread (CPUThread)[0x0030a034]]: sys_lwmutex warning: *** lwmutex created [] (attribute=0x22): sq_id = 16
[W : PPU[1] Thread (CPUThread)[0x001570e4]]: sys_semaphore warning: sys_semaphore_create(sem_addr=0x28b178, attr_addr=0xd00209e8, initial_count=0, max_count=1)
[W : PPU[1] Thread (CPUThread)[0x001570fc]]: sys_semaphore warning: sys_semaphore_create(sem_addr=0x28b17c, attr_addr=0xd00209e8, initial_count=0, max_count=1)
[! : PPU[19] Thread (crCommandQueue)[0x00157140]]: PPU[19] Thread (crCommandQueue) enter
[W : PPU[1] Thread (CPUThread)[0x0014dcf8]]: sys_semaphore warning: sys_semaphore_create(sem_addr=0x28b13c, attr_addr=0xd0020a00, initial_count=0, max_count=1)
[W : PPU[1] Thread (CPUThread)[0x002fa04c]]: cellGcmSys warning: cellGcmSetFlipHandler(handler_addr=1785696)
[W : PPU[1] Thread (CPUThread)[0x002f6028]]: cellSysutil warning: cellVideoOutGetDeviceInfo(videoOut=0, deviceIndex=0, info_addr=0xd0020854)
[W : PPU[1] Thread (CPUThread)[0x002f6088]]: cellSysutil warning: cellVideoOutGetResolutionAvailability(videoOut=0, resolutionId=0x1, option_addr=0x0, aspect=0x0, option=0x989081e0)
[W : PPU[1] Thread (CPUThread)[0x001576c0]]: sys_semaphore warning: sys_semaphore_create(sem_addr=0x28b1ac, attr_addr=0xd0020a20, initial_count=0, max_count=1)
[W : PPU[1] Thread (CPUThread)[0x00157890]]: sys_semaphore warning: sys_semaphore_create(sem_addr=0x28b1bc, attr_addr=0xd0020a20, initial_count=0, max_count=1)
[W : PPU[1] Thread (CPUThread)[0x0030a034]]: sys_lwmutex warning: *** lwmutex created [] (attribute=0x22): sq_id = 23
[W : PPU[1] Thread (CPUThread)[0x00157d34]]: sys_semaphore warning: sys_semaphore_create(sem_addr=0x28d498, attr_addr=0xd00209e8, initial_count=0, max_count=1)
[W : PPU[1] Thread (CPUThread)[0x00157d4c]]: sys_semaphore warning: sys_semaphore_create(sem_addr=0x28d49c, attr_addr=0xd00209e8, initial_count=0, max_count=1)
[W : PPU[1] Thread (CPUThread)[0x00158694]]: sys_spu warning: sys_spu_initialize(max_usable_spu=6, max_raw_spu=0)
[! : PPU[26] Thread (crTaskQueue)[0x00157e40]]: PPU[26] Thread (crTaskQueue) enter
[E : PPU[1] Thread (CPUThread)[0x00308070]]: TODO: _cellSpursAttributeInitialize
[E : PPU[1] Thread (CPUThread)[0x00308004]]: TODO: cellSpursAttributeSetNamePrefix
[E : PPU[1] Thread (CPUThread)[0x003080ac]]: TODO: cellSpursInitializeWithAttribute
[W : PPU[1] Thread (CPUThread)[0x00158734]]: sys_event warning: sys_event_queue_create(equeue_id_addr=0x28d4bc, attr_addr=0xd00207e4, event_queue_key=0x0, size=8)
[W : PPU[1] Thread (CPUThread)[0x00158734]]: sys_event warning: *** event_queue created [] (protocol=0x2, type=0x1): id = 27
[W : PPU[1] Thread (CPUThread)[0x00158778]]: sys_event warning: sys_event_port_create(eport_id_addr=0x28d4c8, port_type=0x1, name=0xfee1dead)
[W : PPU[1] Thread (CPUThread)[0x00158778]]: sys_event warning: *** sys_event_port created: id = 29
[! : PPU[28] Thread (CrSpursPrintf)[0x001587f0]]: PPU[28] Thread (CrSpursPrintf) enter
[W : PPU[1] Thread (CPUThread)[0x00158788]]: sys_event warning: sys_event_port_connect_local(eport_id=29, equeue_id=27)
[E : PPU[1] Thread (CPUThread)[0x003080c4]]: TODO: cellSpursAttachLv2EventQueue
[W : PPU[1] Thread (CPUThread)[0x002fa004]]: cellGcmSys warning: cellGcmGetTiledPitchSize(size=7680)
[W : PPU[1] Thread (CPUThread)[0x002fa004]]: cellGcmSys warning: cellGcmGetTiledPitchSize(size=7680)
[E : PPU[26] Thread (crTaskQueue)[0x00308028]]: TODO: _cellSpursJobChainAttributeInitialize
[E : PPU[26] Thread (crTaskQueue)[0x00308088]]: TODO: cellSpursJobChainAttributeSetName
[E : PPU[26] Thread (crTaskQueue)[0x0030801c]]: TODO: cellSpursCreateJobChainWithAttribute
[E : PPU[26] Thread (crTaskQueue)[0x003080f4]]: TODO: cellSpursRunJobChain
[E : PPU[26] Thread (crTaskQueue)[0x003080a0]]: TODO: cellSpursJoinJobChain
[E : PPU[26] Thread (crTaskQueue)[0x00308028]]: TODO: _cellSpursJobChainAttributeInitialize
[E : PPU[26] Thread (crTaskQueue)[0x00308088]]: TODO: cellSpursJobChainAttributeSetName
[E : PPU[26] Thread (crTaskQueue)[0x0030801c]]: TODO: cellSpursCreateJobChainWithAttribute
[E : PPU[26] Thread (crTaskQueue)[0x003080f4]]: TODO: cellSpursRunJobChain
[E : PPU[26] Thread (crTaskQueue)[0x003080a0]]: TODO: cellSpursJoinJobChain
[E : PPU[26] Thread (crTaskQueue)[0x00308028]]: TODO: _cellSpursJobChainAttributeInitialize
[E : PPU[26] Thread (crTaskQueue)[0x00308088]]: TODO: cellSpursJobChainAttributeSetName
[E : PPU[26] Thread (crTaskQueue)[0x0030801c]]: TODO: cellSpursCreateJobChainWithAttribute
[E : PPU[26] Thread (crTaskQueue)[0x003080f4]]: TODO: cellSpursRunJobChain
[E : PPU[26] Thread (crTaskQueue)[0x003080a0]]: TODO: cellSpursJoinJobChain
[W : PPU[1] Thread (CPUThread)[0x002fa07c]]: cellGcmSys warning: cellGcmSetTile(index=0, location=0, offset=0, size=8388608, pitch=7680, comp=0, base=0, bank=0)
[E : PPU[26] Thread (crTaskQueue)[0x00308028]]: TODO: _cellSpursJobChainAttributeInitialize
[E : PPU[26] Thread (crTaskQueue)[0x00308088]]: TODO: cellSpursJobChainAttributeSetName
[E : PPU[26] Thread (crTaskQueue)[0x0030801c]]: TODO: cellSpursCreateJobChainWithAttribute
[E : PPU[26] Thread (crTaskQueue)[0x003080f4]]: TODO: cellSpursRunJobChain
[E : PPU[26] Thread (crTaskQueue)[0x003080a0]]: TODO: cellSpursJoinJobChain
[E : PPU[26] Thread (crTaskQueue)[0x00308028]]: TODO: _cellSpursJobChainAttributeInitialize
[E : PPU[26] Thread (crTaskQueue)[0x00308088]]: TODO: cellSpursJobChainAttributeSetName
[E : PPU[26] Thread (crTaskQueue)[0x0030801c]]: TODO: cellSpursCreateJobChainWithAttribute
[E : PPU[26] Thread (crTaskQueue)[0x003080f4]]: TODO: cellSpursRunJobChain
[E : PPU[26] Thread (crTaskQueue)[0x003080a0]]: TODO: cellSpursJoinJobChain
[E : PPU[26] Thread (crTaskQueue)[0x00308028]]: TODO: _cellSpursJobChainAttributeInitialize
[E : PPU[26] Thread (crTaskQueue)[0x00308088]]: TODO: cellSpursJobChainAttributeSetName
[E : PPU[26] Thread (crTaskQueue)[0x0030801c]]: TODO: cellSpursCreateJobChainWithAttribute
[E : PPU[26] Thread (crTaskQueue)[0x003080f4]]: TODO: cellSpursRunJobChain
[E : PPU[26] Thread (crTaskQueue)[0x003080a0]]: TODO: cellSpursJoinJobChain
[W : PPU[1] Thread (CPUThread)[0x002fa07c]]: cellGcmSys warning: cellGcmSetTile(index=1, location=0, offset=8388608, size=8388608, pitch=7680, comp=0, base=0, bank=0)
[W : PPU[1] Thread (CPUThread)[0x002fa004]]: cellGcmSys warning: cellGcmGetTiledPitchSize(size=15360)
[E : PPU[26] Thread (crTaskQueue)[0x00308028]]: TODO: _cellSpursJobChainAttributeInitialize
[E : PPU[26] Thread (crTaskQueue)[0x00308088]]: TODO: cellSpursJobChainAttributeSetName
[E : PPU[26] Thread (crTaskQueue)[0x0030801c]]: TODO: cellSpursCreateJobChainWithAttribute
[E : PPU[26] Thread (crTaskQueue)[0x003080f4]]: TODO: cellSpursRunJobChain
[E : PPU[26] Thread (crTaskQueue)[0x003080a0]]: TODO: cellSpursJoinJobChain
[E : PPU[26] Thread (crTaskQueue)[0x00308028]]: TODO: _cellSpursJobChainAttributeInitialize
[E : PPU[26] Thread (crTaskQueue)[0x00308088]]: TODO: cellSpursJobChainAttributeSetName
[E : PPU[26] Thread (crTaskQueue)[0x0030801c]]: TODO: cellSpursCreateJobChainWithAttribute
[E : PPU[26] Thread (crTaskQueue)[0x003080f4]]: TODO: cellSpursRunJobChain
[E : PPU[26] Thread (crTaskQueue)[0x003080a0]]: TODO: cellSpursJoinJobChain
[E : PPU[26] Thread (crTaskQueue)[0x00308028]]: TODO: _cellSpursJobChainAttributeInitialize
[E : PPU[26] Thread (crTaskQueue)[0x00308088]]: TODO: cellSpursJobChainAttributeSetName
[E : PPU[26] Thread (crTaskQueue)[0x0030801c]]: TODO: cellSpursCreateJobChainWithAttribute
[E : PPU[26] Thread (crTaskQueue)[0x003080f4]]: TODO: cellSpursRunJobChain
[E : PPU[26] Thread (crTaskQueue)[0x003080a0]]: TODO: cellSpursJoinJobChain
[W : PPU[1] Thread (CPUThread)[0x002fa07c]]: cellGcmSys warning: cellGcmSetTile(index=2, location=0, offset=16777216, size=16711680, pitch=15360, comp=9, base=0, bank=1)
[E : PPU[1] Thread (CPUThread)[0x002fa07c]]: cellGcmSys error: cellGcmSetTileInfo: bad comp! (9)
[W : PPU[1] Thread (CPUThread)[0x002fa004]]: cellGcmSys warning: cellGcmGetTiledPitchSize(size=15360)
[E : PPU[26] Thread (crTaskQueue)[0x00308028]]: TODO: _cellSpursJobChainAttributeInitialize
[E : PPU[26] Thread (crTaskQueue)[0x00308088]]: TODO: cellSpursJobChainAttributeSetName
[E : PPU[26] Thread (crTaskQueue)[0x0030801c]]: TODO: cellSpursCreateJobChainWithAttribute
[E : PPU[26] Thread (crTaskQueue)[0x003080f4]]: TODO: cellSpursRunJobChain
[E : PPU[26] Thread (crTaskQueue)[0x003080a0]]: TODO: cellSpursJoinJobChain
[E : PPU[26] Thread (crTaskQueue)[0x00308028]]: TODO: _cellSpursJobChainAttributeInitialize
[E : PPU[26] Thread (crTaskQueue)[0x00308088]]: TODO: cellSpursJobChainAttributeSetName
[E : PPU[26] Thread (crTaskQueue)[0x0030801c]]: TODO: cellSpursCreateJobChainWithAttribute
[E : PPU[26] Thread (crTaskQueue)[0x003080f4]]: TODO: cellSpursRunJobChain
[E : PPU[26] Thread (crTaskQueue)[0x003080a0]]: TODO: cellSpursJoinJobChain
[E : PPU[26] Thread (crTaskQueue)[0x00308028]]: TODO: _cellSpursJobChainAttributeInitialize
[E : PPU[26] Thread (crTaskQueue)[0x00308088]]: TODO: cellSpursJobChainAttributeSetName
[E : PPU[26] Thread (crTaskQueue)[0x0030801c]]: TODO: cellSpursCreateJobChainWithAttribute
[E : PPU[26] Thread (crTaskQueue)[0x003080f4]]: TODO: cellSpursRunJobChain
[E : PPU[26] Thread (crTaskQueue)[0x003080a0]]: TODO: cellSpursJoinJobChain
[W : PPU[1] Thread (CPUThread)[0x002fa07c]]: cellGcmSys warning: cellGcmSetTile(index=3, location=0, offset=33488896, size=16711680, pitch=15360, comp=0, base=0, bank=3)
[W : PPU[1] Thread (CPUThread)[0x002fa004]]: cellGcmSys warning: cellGcmGetTiledPitchSize(size=7680)
[W : PPU[1] Thread (CPUThread)[0x002fa004]]: cellGcmSys warning: cellGcmGetTiledPitchSize(size=3840)
[W : PPU[1] Thread (CPUThread)[0x002fa004]]: cellGcmSys warning: cellGcmGetTiledPitchSize(size=1920)
[W : PPU[1] Thread (CPUThread)[0x002fa004]]: cellGcmSys warning: cellGcmGetTiledPitchSize(size=960)
[W : PPU[1] Thread (CPUThread)[0x002fa004]]: cellGcmSys warning: cellGcmGetTiledPitchSize(size=320)
[E : PPU[26] Thread (crTaskQueue)[0x00308028]]: TODO: _cellSpursJobChainAttributeInitialize
[E : PPU[26] Thread (crTaskQueue)[0x00308088]]: TODO: cellSpursJobChainAttributeSetName
[E : PPU[26] Thread (crTaskQueue)[0x0030801c]]: TODO: cellSpursCreateJobChainWithAttribute
[E : PPU[26] Thread (crTaskQueue)[0x003080f4]]: TODO: cellSpursRunJobChain
[E : PPU[26] Thread (crTaskQueue)[0x003080a0]]: TODO: cellSpursJoinJobChain
[E : PPU[26] Thread (crTaskQueue)[0x00308028]]: TODO: _cellSpursJobChainAttributeInitialize
[E : PPU[26] Thread (crTaskQueue)[0x00308088]]: TODO: cellSpursJobChainAttributeSetName
[E : PPU[26] Thread (crTaskQueue)[0x0030801c]]: TODO: cellSpursCreateJobChainWithAttribute
[E : PPU[26] Thread (crTaskQueue)[0x003080f4]]: TODO: cellSpursRunJobChain
[E : PPU[26] Thread (crTaskQueue)[0x003080a0]]: TODO: cellSpursJoinJobChain
[E : PPU[26] Thread (crTaskQueue)[0x00308028]]: TODO: _cellSpursJobChainAttributeInitialize
[E : PPU[26] Thread (crTaskQueue)[0x00308088]]: TODO: cellSpursJobChainAttributeSetName
[E : PPU[26] Thread (crTaskQueue)[0x0030801c]]: TODO: cellSpursCreateJobChainWithAttribute
[E : PPU[26] Thread (crTaskQueue)[0x003080f4]]: TODO: cellSpursRunJobChain
[E : PPU[26] Thread (crTaskQueue)[0x003080a0]]: TODO: cellSpursJoinJobChain
[W : PPU[1] Thread (CPUThread)[0x002fa07c]]: cellGcmSys warning: cellGcmSetTile(index=4, location=0, offset=50200576, size=8388608, pitch=7680, comp=0, base=0, bank=2)
[E : PPU[26] Thread (crTaskQueue)[0x00308028]]: TODO: _cellSpursJobChainAttributeInitialize
[E : PPU[26] Thread (crTaskQueue)[0x00308088]]: TODO: cellSpursJobChainAttributeSetName
[E : PPU[26] Thread (crTaskQueue)[0x0030801c]]: TODO: cellSpursCreateJobChainWithAttribute
[E : PPU[26] Thread (crTaskQueue)[0x003080f4]]: TODO: cellSpursRunJobChain
[E : PPU[26] Thread (crTaskQueue)[0x003080a0]]: TODO: cellSpursJoinJobChain
[E : PPU[26] Thread (crTaskQueue)[0x00308028]]: TODO: _cellSpursJobChainAttributeInitialize
[E : PPU[26] Thread (crTaskQueue)[0x00308088]]: TODO: cellSpursJobChainAttributeSetName
[E : PPU[26] Thread (crTaskQueue)[0x0030801c]]: TODO: cellSpursCreateJobChainWithAttribute
[E : PPU[26] Thread (crTaskQueue)[0x003080f4]]: TODO: cellSpursRunJobChain
[E : PPU[26] Thread (crTaskQueue)[0x003080a0]]: TODO: cellSpursJoinJobChain
[E : PPU[26] Thread (crTaskQueue)[0x00308028]]: TODO: _cellSpursJobChainAttributeInitialize
[E : PPU[26] Thread (crTaskQueue)[0x00308088]]: TODO: cellSpursJobChainAttributeSetName
[E : PPU[26] Thread (crTaskQueue)[0x0030801c]]: TODO: cellSpursCreateJobChainWithAttribute
[E : PPU[26] Thread (crTaskQueue)[0x003080f4]]: TODO: cellSpursRunJobChain
[E : PPU[26] Thread (crTaskQueue)[0x003080a0]]: TODO: cellSpursJoinJobChain
[W : PPU[1] Thread (CPUThread)[0x002fa07c]]: cellGcmSys warning: cellGcmSetTile(index=5, location=0, offset=58589184, size=2228224, pitch=3840, comp=0, base=0, bank=1)
[E : PPU[26] Thread (crTaskQueue)[0x00308028]]: TODO: _cellSpursJobChainAttributeInitialize
[E : PPU[26] Thread (crTaskQueue)[0x00308088]]: TODO: cellSpursJobChainAttributeSetName
[E : PPU[26] Thread (crTaskQueue)[0x0030801c]]: TODO: cellSpursCreateJobChainWithAttribute
[E : PPU[26] Thread (crTaskQueue)[0x003080f4]]: TODO: cellSpursRunJobChain
[E : PPU[26] Thread (crTaskQueue)[0x003080a0]]: TODO: cellSpursJoinJobChain
[E : PPU[26] Thread (crTaskQueue)[0x00308028]]: TODO: _cellSpursJobChainAttributeInitialize
[E : PPU[26] Thread (crTaskQueue)[0x00308088]]: TODO: cellSpursJobChainAttributeSetName
[E : PPU[26] Thread (crTaskQueue)[0x0030801c]]: TODO: cellSpursCreateJobChainWithAttribute
[E : PPU[26] Thread (crTaskQueue)[0x003080f4]]: TODO: cellSpursRunJobChain
[E : PPU[26] Thread (crTaskQueue)[0x003080a0]]: TODO: cellSpursJoinJobChain
[E : PPU[26] Thread (crTaskQueue)[0x00308028]]: TODO: _cellSpursJobChainAttributeInitialize
[E : PPU[26] Thread (crTaskQueue)[0x00308088]]: TODO: cellSpursJobChainAttributeSetName
[E : PPU[26] Thread (crTaskQueue)[0x0030801c]]: TODO: cellSpursCreateJobChainWithAttribute
[E : PPU[26] Thread (crTaskQueue)[0x003080f4]]: TODO: cellSpursRunJobChain
[E : PPU[26] Thread (crTaskQueue)[0x003080a0]]: TODO: cellSpursJoinJobChain
[W : PPU[1] Thread (CPUThread)[0x002fa07c]]: cellGcmSys warning: cellGcmSetTile(index=6, location=0, offset=60817408, size=655360, pitch=1920, comp=0, base=0, bank=2)
[E : PPU[26] Thread (crTaskQueue)[0x00308028]]: TODO: _cellSpursJobChainAttributeInitialize
[E : PPU[26] Thread (crTaskQueue)[0x00308088]]: TODO: cellSpursJobChainAttributeSetName
[E : PPU[26] Thread (crTaskQueue)[0x0030801c]]: TODO: cellSpursCreateJobChainWithAttribute
[E : PPU[26] Thread (crTaskQueue)[0x003080f4]]: TODO: cellSpursRunJobChain
[E : PPU[26] Thread (crTaskQueue)[0x003080a0]]: TODO: cellSpursJoinJobChain
[E : PPU[26] Thread (crTaskQueue)[0x00308028]]: TODO: _cellSpursJobChainAttributeInitialize
[E : PPU[26] Thread (crTaskQueue)[0x00308088]]: TODO: cellSpursJobChainAttributeSetName
[E : PPU[26] Thread (crTaskQueue)[0x0030801c]]: TODO: cellSpursCreateJobChainWithAttribute
[E : PPU[26] Thread (crTaskQueue)[0x003080f4]]: TODO: cellSpursRunJobChain
[E : PPU[26] Thread (crTaskQueue)[0x003080a0]]: TODO: cellSpursJoinJobChain
[E : PPU[26] Thread (crTaskQueue)[0x00308028]]: TODO: _cellSpursJobChainAttributeInitialize
[E : PPU[26] Thread (crTaskQueue)[0x00308088]]: TODO: cellSpursJobChainAttributeSetName
[E : PPU[26] Thread (crTaskQueue)[0x0030801c]]: TODO: cellSpursCreateJobChainWithAttribute
[E : PPU[26] Thread (crTaskQueue)[0x003080f4]]: TODO: cellSpursRunJobChain
[E : PPU[26] Thread (crTaskQueue)[0x003080a0]]: TODO: cellSpursJoinJobChain
[W : PPU[1] Thread (CPUThread)[0x002fa07c]]: cellGcmSys warning: cellGcmSetTile(index=7, location=0, offset=61472768, size=196608, pitch=960, comp=0, base=0, bank=1)
[W : PPU[1] Thread (CPUThread)[0x002f6004]]: cellSysutil warning: cellVideoOutConfigure(videoOut=0, config_addr=0xd00209a0, option_addr=0x0, waitForEvent=0x0)
[E : PPU[26] Thread (crTaskQueue)[0x00308028]]: TODO: _cellSpursJobChainAttributeInitialize
[E : PPU[26] Thread (crTaskQueue)[0x00308088]]: TODO: cellSpursJobChainAttributeSetName
[E : PPU[26] Thread (crTaskQueue)[0x0030801c]]: TODO: cellSpursCreateJobChainWithAttribute
[E : PPU[26] Thread (crTaskQueue)[0x003080f4]]: TODO: cellSpursRunJobChain
[E : PPU[26] Thread (crTaskQueue)[0x003080a0]]: TODO: cellSpursJoinJobChain
[E : PPU[26] Thread (crTaskQueue)[0x00308028]]: TODO: _cellSpursJobChainAttributeInitialize
[E : PPU[26] Thread (crTaskQueue)[0x00308088]]: TODO: cellSpursJobChainAttributeSetName
[E : PPU[26] Thread (crTaskQueue)[0x0030801c]]: TODO: cellSpursCreateJobChainWithAttribute
[E : PPU[26] Thread (crTaskQueue)[0x003080f4]]: TODO: cellSpursRunJobChain
[E : PPU[26] Thread (crTaskQueue)[0x003080a0]]: TODO: cellSpursJoinJobChain
[E : PPU[26] Thread (crTaskQueue)[0x00308028]]: TODO: _cellSpursJobChainAttributeInitialize
[E : PPU[26] Thread (crTaskQueue)[0x00308088]]: TODO: cellSpursJobChainAttributeSetName
[E : PPU[26] Thread (crTaskQueue)[0x0030801c]]: TODO: cellSpursCreateJobChainWithAttribute
[E : PPU[26] Thread (crTaskQueue)[0x003080f4]]: TODO: cellSpursRunJobChain
[E : PPU[26] Thread (crTaskQueue)[0x003080a0]]: TODO: cellSpursJoinJobChain
[W : PPU[1] Thread (CPUThread)[0x002fa058]]: cellGcmSys warning: cellGcmSetDisplayBuffer(id=0x0,offset=0x0,pitch=4,width=1920,height=1080)
[E : PPU[26] Thread (crTaskQueue)[0x00308028]]: TODO: _cellSpursJobChainAttributeInitialize
[E : PPU[26] Thread (crTaskQueue)[0x00308088]]: TODO: cellSpursJobChainAttributeSetName
[E : PPU[26] Thread (crTaskQueue)[0x0030801c]]: TODO: cellSpursCreateJobChainWithAttribute
[E : PPU[26] Thread (crTaskQueue)[0x003080f4]]: TODO: cellSpursRunJobChain
[E : PPU[26] Thread (crTaskQueue)[0x003080a0]]: TODO: cellSpursJoinJobChain
[E : PPU[26] Thread (crTaskQueue)[0x00308028]]: TODO: _cellSpursJobChainAttributeInitialize
[E : PPU[26] Thread (crTaskQueue)[0x00308088]]: TODO: cellSpursJobChainAttributeSetName
[E : PPU[26] Thread (crTaskQueue)[0x0030801c]]: TODO: cellSpursCreateJobChainWithAttribute
[E : PPU[26] Thread (crTaskQueue)[0x003080f4]]: TODO: cellSpursRunJobChain
[E : PPU[26] Thread (crTaskQueue)[0x003080a0]]: TODO: cellSpursJoinJobChain
[E : PPU[26] Thread (crTaskQueue)[0x00308028]]: TODO: _cellSpursJobChainAttributeInitialize
[E : PPU[26] Thread (crTaskQueue)[0x00308088]]: TODO: cellSpursJobChainAttributeSetName
[E : PPU[26] Thread (crTaskQueue)[0x0030801c]]: TODO: cellSpursCreateJobChainWithAttribute
[E : PPU[26] Thread (crTaskQueue)[0x003080f4]]: TODO: cellSpursRunJobChain
[E : PPU[26] Thread (crTaskQueue)[0x003080a0]]: TODO: cellSpursJoinJobChain
[W : PPU[1] Thread (CPUThread)[0x002fa058]]: cellGcmSys warning: cellGcmSetDisplayBuffer(id=0x1,offset=0x800000,pitch=4,width=1920,height=1080)
[E : PPU[26] Thread (crTaskQueue)[0x00308028]]: TODO: _cellSpursJobChainAttributeInitialize
[E : PPU[26] Thread (crTaskQueue)[0x00308088]]: TODO: cellSpursJobChainAttributeSetName
[E : PPU[26] Thread (crTaskQueue)[0x0030801c]]: TODO: cellSpursCreateJobChainWithAttribute
[E : PPU[26] Thread (crTaskQueue)[0x003080f4]]: TODO: cellSpursRunJobChain
[E : PPU[26] Thread (crTaskQueue)[0x003080a0]]: TODO: cellSpursJoinJobChain
[E : PPU[26] Thread (crTaskQueue)[0x00308028]]: TODO: _cellSpursJobChainAttributeInitialize
[E : PPU[26] Thread (crTaskQueue)[0x00308088]]: TODO: cellSpursJobChainAttributeSetName
[E : PPU[26] Thread (crTaskQueue)[0x0030801c]]: TODO: cellSpursCreateJobChainWithAttribute
[E : PPU[26] Thread (crTaskQueue)[0x003080f4]]: TODO: cellSpursRunJobChain
[E : PPU[26] Thread (crTaskQueue)[0x003080a0]]: TODO: cellSpursJoinJobChain
[E : PPU[26] Thread (crTaskQueue)[0x00308028]]: TODO: _cellSpursJobChainAttributeInitialize
[E : PPU[26] Thread (crTaskQueue)[0x00308088]]: TODO: cellSpursJobChainAttributeSetName
[E : PPU[26] Thread (crTaskQueue)[0x0030801c]]: TODO: cellSpursCreateJobChainWithAttribute
[E : PPU[26] Thread (crTaskQueue)[0x003080f4]]: TODO: cellSpursRunJobChain
[E : PPU[26] Thread (crTaskQueue)[0x003080a0]]: TODO: cellSpursJoinJobChain
[W : PPU[1] Thread (CPUThread)[0x002fa088]]: cellGcmSys warning: TODO: cellGcmSetZcull(index=0, offset=0x1000000, width=3840, height=1088, cullStart=0x0, zFormat=0x2, aaFormat=0x0, zCullDir=0x201, zCullFormat=0x1, sFunc=0x7, sRef=0x80, sMask=0xff)
[E : PPU[26] Thread (crTaskQueue)[0x00308028]]: TODO: _cellSpursJobChainAttributeInitialize
[E : PPU[26] Thread (crTaskQueue)[0x00308088]]: TODO: cellSpursJobChainAttributeSetName
[E : PPU[26] Thread (crTaskQueue)[0x0030801c]]: TODO: cellSpursCreateJobChainWithAttribute
[E : PPU[26] Thread (crTaskQueue)[0x003080f4]]: TODO: cellSpursRunJobChain
[E : PPU[26] Thread (crTaskQueue)[0x003080a0]]: TODO: cellSpursJoinJobChain
[E : PPU[26] Thread (crTaskQueue)[0x00308028]]: TODO: _cellSpursJobChainAttributeInitialize
[E : PPU[26] Thread (crTaskQueue)[0x00308088]]: TODO: cellSpursJobChainAttributeSetName
[E : PPU[26] Thread (crTaskQueue)[0x0030801c]]: TODO: cellSpursCreateJobChainWithAttribute
[E : PPU[26] Thread (crTaskQueue)[0x003080f4]]: TODO: cellSpursRunJobChain
[E : PPU[26] Thread (crTaskQueue)[0x003080a0]]: TODO: cellSpursJoinJobChain
[W : PPU[19] Thread (crCommandQueue)[0x002fa040]]: cellGcmSys warning: cellGcmSetFlipMode(mode=1)
[E : PPU[26] Thread (crTaskQueue)[0x00308028]]: TODO: _cellSpursJobChainAttributeInitialize
[E : PPU[26] Thread (crTaskQueue)[0x00308088]]: TODO: cellSpursJobChainAttributeSetName
[E : PPU[26] Thread (crTaskQueue)[0x0030801c]]: TODO: cellSpursCreateJobChainWithAttribute
[E : PPU[26] Thread (crTaskQueue)[0x003080f4]]: TODO: cellSpursRunJobChain
[E : PPU[26] Thread (crTaskQueue)[0x003080a0]]: TODO: cellSpursJoinJobChain
[E : RSXThread]: TODO: cellGcmSetBackPolygonMode(0x1b02)
[W : RSXThread]: VP not found in buffer!
[W : RSXThread]: FP not found in buffer!
[E : PPU[26] Thread (crTaskQueue)[0x00308028]]: TODO: _cellSpursJobChainAttributeInitialize
[E : PPU[26] Thread (crTaskQueue)[0x00308088]]: TODO: cellSpursJobChainAttributeSetName
[E : PPU[26] Thread (crTaskQueue)[0x0030801c]]: TODO: cellSpursCreateJobChainWithAttribute
[E : PPU[26] Thread (crTaskQueue)[0x003080f4]]: TODO: cellSpursRunJobChain
[E : PPU[26] Thread (crTaskQueue)[0x003080a0]]: TODO: cellSpursJoinJobChain
[E : Fragment Shader Decompiler Thread]: Unknown opcode 0x14 (inst 1049565)
[E : Fragment Shader Decompiler Thread]: Unknown opcode 0x18 (inst 1049566)
[E : Fragment Shader Decompiler Thread]: Unknown opcode 0x20 (inst 1049568)
[E : Fragment Shader Decompiler Thread]: Unknown opcode 0x24 (inst 1049569)
[E : Fragment Shader Decompiler Thread]: Unknown opcode 0x28 (inst 1049570)
[E : Fragment Shader Decompiler Thread]: Unknown opcode 0x2c (inst 1049571)
[E : Fragment Shader Decompiler Thread]: Unknown opcode 0x30 (inst 1049572)
[E : Fragment Shader Decompiler Thread]: Unknown opcode 0x34 (inst 1049573)
[E : Fragment Shader Decompiler Thread]: Unknown opcode 0x3c (inst 1049575)
[E : Fragment Shader Decompiler Thread]: Unknown opcode 0x14 (inst 1049581)
[E : Fragment Shader Decompiler Thread]: Unknown opcode 0x18 (inst 1049582)
[E : Fragment Shader Decompiler Thread]: Unknown opcode 0x20 (inst 1049584)
[E : Fragment Shader Decompiler Thread]: Unknown opcode 0x24 (inst 1049585)
[E : Fragment Shader Decompiler Thread]: Unknown opcode 0x28 (inst 1049586)
[E : Fragment Shader Decompiler Thread]: Unknown opcode 0x2c (inst 1049587)
[E : Fragment Shader Decompiler Thread]: Unknown opcode 0x30 (inst 1049588)
[E : Fragment Shader Decompiler Thread]: Unknown opcode 0x34 (inst 1049589)
[E : Fragment Shader Decompiler Thread]: Unknown opcode 0x3c (inst 1049591)
[E : Fragment Shader Decompiler Thread]: Unknown opcode 0x40 (inst 1049592)
[E : Fragment Shader Decompiler Thread]: Unknown opcode 0x44 (inst 1049593)
[E : Fragment Shader Decompiler Thread]: Unknown opcode 0x48 (inst 1049594)
[E : Fragment Shader Decompiler Thread]: Unknown opcode 0x4c (inst 1049595)
[E : Fragment Shader Decompiler Thread]: Unknown opcode 0x50 (inst 1049596)
[E : Fragment Shader Decompiler Thread]: Unknown opcode 0x54 (inst 1049597)
[E : Fragment Shader Decompiler Thread]: Unknown opcode 0x58 (inst 1049598)
[E : Fragment Shader Decompiler Thread]: Unknown opcode 0x5c (inst 1049599)
[E : Fragment Shader Decompiler Thread]: Unknown opcode 0x60 (inst 1049600)
[E : Fragment Shader Decompiler Thread]: Unknown opcode 0x64 (inst 1049601)
[E : Fragment Shader Decompiler Thread]: Unknown opcode 0x68 (inst 1049602)
[E : Fragment Shader Decompiler Thread]: Unknown opcode 0x6c (inst 1049603)
[E : Fragment Shader Decompiler Thread]: Unknown opcode 0x70 (inst 1049604)
[E : Fragment Shader Decompiler Thread]: Unknown opcode 0x74 (inst 1049605)
[E : Fragment Shader Decompiler Thread]: Unknown opcode 0x78 (inst 1049606)
[E : Fragment Shader Decompiler Thread]: Unknown opcode 0x7c (inst 1049607)
[E : Fragment Shader Decompiler Thread]: Unknown opcode 0x40 (inst 1049608)
[E : Fragment Shader Decompiler Thread]: Unknown opcode 0x44 (inst 1049609)
[E : Fragment Shader Decompiler Thread]: Unknown opcode 0x48 (inst 1049610)
[E : Fragment Shader Decompiler Thread]: Unknown opcode 0x4c (inst 1049611)
[E : Fragment Shader Decompiler Thread]: Unknown opcode 0x50 (inst 1049612)
[E : Fragment Shader Decompiler Thread]: Unknown opcode 0x54 (inst 1049613)
[E : Fragment Shader Decompiler Thread]: Unknown opcode 0x58 (inst 1049614)
[E : Fragment Shader Decompiler Thread]: Unknown opcode 0x5c (inst 1049615)
[E : Fragment Shader Decompiler Thread]: Unknown opcode 0x60 (inst 1049616)
[E : Fragment Shader Decompiler Thread]: Unknown opcode 0x64 (inst 1049617)
[E : Fragment Shader Decompiler Thread]: Unknown opcode 0x68 (inst 1049618)
[E : Fragment Shader Decompiler Thread]: Unknown opcode 0x6c (inst 1049619)
[E : Fragment Shader Decompiler Thread]: Unknown opcode 0x70 (inst 1049620)
[E : Fragment Shader Decompiler Thread]: Unknown opcode 0x74 (inst 1049621)
[E : Fragment Shader Decompiler Thread]: Unknown opcode 0x78 (inst 1049622)
[E : Fragment Shader Decompiler Thread]: Unknown opcode 0x7c (inst 1049623)
[E : Fragment Shader Decompiler Thread]: Unknown opcode 0x14 (inst 1049781)
[E : Fragment Shader Decompiler Thread]: Unknown opcode 0x18 (inst 1049782)
[E : Fragment Shader Decompiler Thread]: Unknown opcode 0x20 (inst 1049784)
[E : Fragment Shader Decompiler Thread]: Unknown opcode 0x24 (inst 1049785)
[E : Fragment Shader Decompiler Thread]: Unknown opcode 0x28 (inst 1049786)
[E : Fragment Shader Decompiler Thread]: Unknown opcode 0x2c (inst 1049787)
[E : Fragment Shader Decompiler Thread]: Unknown opcode 0x30 (inst 1049788)
[E : Fragment Shader Decompiler Thread]: Unknown opcode 0x34 (inst 1049789)
[E : Fragment Shader Decompiler Thread]: Unknown opcode 0x3c (inst 1049791)
[E : Fragment Shader Decompiler Thread]: Unknown opcode 0x14 (inst 1049797)
[E : Fragment Shader Decompiler Thread]: Unknown opcode 0x18 (inst 1049798)
[E : Fragment Shader Decompiler Thread]: Unknown opcode 0x20 (inst 1049800)
[E : Fragment Shader Decompiler Thread]: Unknown opcode 0x24 (inst 1049801)
[E : Fragment Shader Decompiler Thread]: Unknown opcode 0x28 (inst 1049802)
[E : Fragment Shader Decompiler Thread]: Unknown opcode 0x2c (inst 1049803)
[E : Fragment Shader Decompiler Thread]: Unknown opcode 0x30 (inst 1049804)
[E : Fragment Shader Decompiler Thread]: Unknown opcode 0x34 (inst 1049805)
[E : Fragment Shader Decompiler Thread]: Unknown opcode 0x3c (inst 1049807)
[E : Fragment Shader Decompiler Thread]: Unknown opcode 0x40 (inst 1049808)
[E : Fragment Shader Decompiler Thread]: Unknown opcode 0x44 (inst 1049809)
[E : Fragment Shader Decompiler Thread]: Unknown opcode 0x48 (inst 1049810)
[E : Fragment Shader Decompiler Thread]: Unknown opcode 0x4c (inst 1049811)
[E : Fragment Shader Decompiler Thread]: Unknown opcode 0x50 (inst 1049812)
[E : Fragment Shader Decompiler Thread]: Unknown opcode 0x54 (inst 1049813)
[E : Fragment Shader Decompiler Thread]: Unknown opcode 0x58 (inst 1049814)
[E : Fragment Shader Decompiler Thread]: Unknown opcode 0x5c (inst 1049815)
[E : Fragment Shader Decompiler Thread]: Unknown opcode 0x60 (inst 1049816)
[E : Fragment Shader Decompiler Thread]: Unknown opcode 0x64 (inst 1049817)
[E : Fragment Shader Decompiler Thread]: Unknown opcode 0x68 (inst 1049818)
[E : Fragment Shader Decompiler Thread]: Unknown opcode 0x6c (inst 1049819)
[E : Fragment Shader Decompiler Thread]: Unknown opcode 0x70 (inst 1049820)
[E : Fragment Shader Decompiler Thread]: Unknown opcode 0x74 (inst 1049821)
[E : Fragment Shader Decompiler Thread]: Unknown opcode 0x78 (inst 1049822)
[E : Fragment Shader Decompiler Thread]: Unknown opcode 0x7c (inst 1049823)
[E : Fragment Shader Decompiler Thread]: Unknown opcode 0x40 (inst 1049824)
[E : Fragment Shader Decompiler Thread]: Unknown opcode 0x44 (inst 1049825)
[E : Fragment Shader Decompiler Thread]: Unknown opcode 0x48 (inst 1049826)
[E : Fragment Shader Decompiler Thread]: Unknown opcode 0x4c (inst 1049827)
[E : Fragment Shader Decompiler Thread]: Unknown opcode 0x50 (inst 1049828)
[E : Fragment Shader Decompiler Thread]: Unknown opcode 0x54 (inst 1049829)
[E : Fragment Shader Decompiler Thread]: Unknown opcode 0x58 (inst 1049830)
[E : Fragment Shader Decompiler Thread]: Unknown opcode 0x5c (inst 1049831)
[E : Fragment Shader Decompiler Thread]: Unknown opcode 0x60 (inst 1049832)
[E : Fragment Shader Decompiler Thread]: Unknown opcode 0x64 (inst 1049833)
[E : Fragment Shader Decompiler Thread]: Unknown opcode 0x68 (inst 1049834)
[E : Fragment Shader Decompiler Thread]: Unknown opcode 0x6c (inst 1049835)
[E : Fragment Shader Decompiler Thread]: Unknown opcode 0x70 (inst 1049836)
[E : Fragment Shader Decompiler Thread]: Unknown opcode 0x74 (inst 1049837)
[E : Fragment Shader Decompiler Thread]: Unknown opcode 0x78 (inst 1049838)
[E : Fragment Shader Decompiler Thread]: Unknown opcode 0x7c (inst 1049839)
[E : Fragment Shader Decompiler Thread]: Unknown opcode 0x1e (inst 1049920)
[E : Fragment Shader Decompiler Thread]: Unknown opcode 0x5c (inst 1049921)
[E : Fragment Shader Decompiler Thread]: Unknown opcode 0x5c (inst 1049922)
[E : Fragment Shader Decompiler Thread]: Unknown opcode 0x5c (inst 1049923)
[E : Fragment Shader Decompiler Thread]: Unknown opcode 0x5c (inst 1049924)
[! : RSXThread]: Add program (0):
[! : RSXThread]: *** prog id = 3
[! : RSXThread]: *** vp id = 2
[! : RSXThread]: *** fp id = 1
[! : RSXThread]: *** vp data size = 192
[! : RSXThread]: *** fp data size = 16798800
[! : RSXThread]: *** vp shader = 
#version 330

uniform mat4 scaleOffsetMat = mat4(1.0);
uniform vec4 vc13;
uniform vec4 vc4;
uniform vec4 vc5;
uniform vec4 vc6;
uniform vec4 vc467;
uniform vec4 vc8;
uniform vec4 vc7;
uniform vec4 vc3;
uniform vec4 vc2;
uniform vec4 vc1;
uniform vec4 vc0;
layout (location = 3) in vec4 in_col0;
layout (location = 0) in vec4 in_pos;
layout (location = 8) in vec4 in_tc0;
out vec4 col0;
out vec4 tc0;
vec4 tmp0;
vec4 tmp1;


void main()
{
	gl_Position = vec4(0.0f, 0.0f, 0.0f, 1.0f);
	col0 = (in_col0 * vc13);
	tmp0.x = vec2(dot(vec4(in_pos.xyzx.xyz, 1), vc4), 0).xxxx.x;
	tmp0.y = vec2(dot(vec4(in_pos.xyzx.xyz, 1), vc5), 0).xxxx.y;
	tmp0.z = vec2(dot(vec4(in_pos.xyzx.xyz, 1), vc6), 0).xxxx.z;
	tmp1.xy = in_tc0.xyxx.xy;
	tmp1.z = vc467.xxxx.z;
	tc0.y = vec2(dot(vec4(tmp1.xyzx.xyz, 1), vc8), 0).xxxx.y;
	tc0.x = vec2(dot(vec4(tmp1.xyzx.xyz, 1), vc7), 0).xxxx.x;
	gl_Position.w = vec2(dot(vec4(tmp0.xyzx.xyz, 1), vc3), 0).xxxx.w;
	gl_Position.z = vec2(dot(vec4(tmp0.xyzx.xyz, 1), vc2), 0).xxxx.z;
	gl_Position.y = vec2(dot(vec4(tmp0.xyzx.xyz, 1), vc1), 0).xxxx.y;
	gl_Position.x = vec2(dot(vec4(tmp0.xyzx.xyz, 1), vc0), 0).xxxx.x;
	gl_Position = gl_Position * scaleOffsetMat;
}

[! : RSXThread]: *** fp shader = 
#version 330

vec4 r0 = vec4(0.0, 0.0, 0.0, 0.0);
vec4 h0 = vec4(0.0, 0.0, 0.0, 0.0);
layout (location = 0) out vec4 ocol;

void main()
{
	ocol = h0;
}

[W : RSXThread]: New FBO (1920x1080)
[W : RSXThread]: m_set_restart_index requires glPrimitiveRestartIndex()
[! : RSXThread]: RSX thread exit...
[W : PPU[28] Thread (CrSpursPrintf)[0x00158824]]: sys_event_queue_receive(equeue=27) aborted
[! : PPU[1] Thread (CPUThread)[0x0015556c]]: PPU[1] Thread (CPUThread) leave
[! : PPU[28] Thread (CrSpursPrintf)[0x00158828]]: PPU[28] Thread (CrSpursPrintf) leave
