[!]: path: /dev_hdd0/game/
[!]: (S)ELF: booting...
[!]: Loading 'E:\PS3 Game\Red Dead Redemption\PS3_GAME\USRDIR\BOOT.BIN'...
[!]: Mount info:
[!]: /dev_hdd0/ -> e:\RPCS3\bin\dev_hdd0\
[!]: /dev_hdd1/ -> e:\RPCS3\bin\dev_hdd1\
[!]: /dev_flash/ -> e:\RPCS3\bin\dev_flash\
[!]: /dev_usb000/ -> e:\RPCS3\bin\dev_usb000\
[!]: /dev_usb/ -> e:\RPCS3\bin\dev_usb000\
[!]: /app_home/ -> E:\PS3 Game\Red Dead Redemption\PS3_GAME\
[!]: /dev_bdvd/ -> E:\PS3 Game\Red Dead Redemption\PS3_GAME\\..\
[!]: /host_root/ -> 
[!]: Initing memory...
[!]: Memory initialized.
[W]: Unknown function 0x0a563878 in 'cellVoice' module
[E]: TODO: cellVoiceStart
[W]: Unknown function 0x18d3df30 in 'cellVoice' module
[E]: TODO: cellVoiceDisconnectIPortFromOPort
[W]: Unknown function 0x2de54871 in 'cellVoice' module
[E]: TODO: cellVoiceCreatePort
[W]: Unknown function 0x36472c57 in 'cellVoice' module
[E]: TODO: cellVoiceReadFromOPort
[W]: Unknown function 0x3dad26e7 in 'cellVoice' module
[E]: TODO: cellVoiceWriteToIPort
[W]: Unknown function 0x54ac3519 in 'cellVoice' module
[E]: TODO: cellVoiceGetPortInfo
[W]: Unknown function 0x9d0f4af1 in 'cellVoice' module
[E]: TODO: cellVoiceSetPortAttr
[W]: Unknown function 0x9f70c475 in 'cellVoice' module
[E]: TODO: cellVoiceDeletePort
[W]: Unknown function 0xae6a21d5 in 'cellVoice' module
[E]: TODO: cellVoiceConnectIPortToOPort
[W]: Unknown function 0xbef53a2b in 'cellVoice' module
[E]: TODO: cellVoiceGetBitRate
[W]: Unknown function 0xc7cf1182 in 'cellVoice' module
[E]: TODO: cellVoiceInit
[W]: Unknown function 0xd3a84be1 in 'cellVoice' module
[E]: TODO: cellVoiceStop
[W]: Unknown function 0xe0e1ae12 in 'cellVoice' module
[E]: TODO: cellVoiceEnd
[W]: Unknown function 0x0968aa36 in 'sceNp' module
[E]: TODO: sceNpManagerGetTicket
[W]: Unknown function 0x155de760 in 'sceNp' module
[E]: TODO: sceNpSignalingGetConnectionInfo
[W]: Unknown function 0x27c69eba in 'sceNp' module
[E]: TODO: sceNpBasicAddFriend
[W]: Unknown function 0x34ce82a0 in 'sceNp' module
[E]: TODO: sceNpSignalingGetConnectionFromPeerAddress
[W]: Unknown function 0x3f0808aa in 'sceNp' module
[E]: TODO: sceNpBasicSetPresence
[W]: Unknown function 0x4026eac5 in 'sceNp' module
[E]: TODO: sceNpBasicRegisterContextSensitiveHandler
[W]: Unknown function 0x50b86d94 in 'sceNp' module
[E]: TODO: sceNpSignalingAddExtendedHandler
[W]: Unknown function 0x52a6b523 in 'sceNp' module
[E]: TODO: sceNpManagerUnregisterCallback
[W]: Unknown function 0x58fa4fcd in 'sceNp' module
[E]: TODO: sceNpManagerGetTicketParam
[W]: Unknown function 0x5de61626 in 'sceNp' module
[E]: TODO: sceNpLookupDestroyTitleCtx
[W]: Unknown function 0x5f2d9257 in 'sceNp' module
[E]: TODO: sceNpLookupInit
[W]: Unknown function 0x60897c38 in 'sceNp' module
[E]: TODO: sceNpSignalingActivateConnection
[W]: Unknown function 0x6356082e in 'sceNp' module
[E]: TODO: sceNpSignalingCreateCtx
[W]: Unknown function 0x6ee62ed2 in 'sceNp' module
[E]: TODO: sceNpManagerGetContentRatingFlag
[W]: Unknown function 0x71e5af7e in 'sceNp' module
[E]: TODO: sceNpLookupSetTimeout
[W]: Unknown function 0x7508112e in 'sceNp' module
[E]: TODO: sceNpLookupPollAsync
[W]: Unknown function 0x7e2fef28 in 'sceNp' module
[E]: TODO: sceNpManagerRequestTicket
[W]: Unknown function 0x8440537c in 'sceNp' module
[E]: TODO: sceNpLookupTerm
[W]: Unknown function 0x860b1756 in 'sceNp' module
[E]: TODO: sceNpLookupTitleSmallStorageAsync
[W]: Unknown function 0x95c7bba3 in 'sceNp' module
[E]: TODO: sceNpSignalingTerminateConnection
[W]: Unknown function 0xa8cf8451 in 'sceNp' module
[E]: TODO: sceNpSignalingDestroyCtx
[W]: Unknown function 0xacb9ee8e in 'sceNp' module
[E]: TODO: sceNpBasicUnregisterHandler
[W]: Unknown function 0xad218faf in 'sceNp' module
[E]: TODO: sceNpDrmIsAvailable
[W]: Unknown function 0xbcdbb2ab in 'sceNp' module
[E]: TODO: sceNpBasicAddPlayersHistoryAsync
[W]: Unknown function 0xbdc07fd5 in 'sceNp' module
[E]: TODO: sceNpManagerGetNetworkTime
[W]: Unknown function 0xca0a2d04 in 'sceNp' module
[E]: TODO: sceNpSignalingGetConnectionStatus
[W]: Unknown function 0xce81c7f0 in 'sceNp' module
[E]: TODO: sceNpLookupCreateTitleCtx
[W]: Unknown function 0xd12e40ae in 'sceNp' module
[E]: TODO: sceNpLookupNpIdAsync
[W]: Unknown function 0xd208f91d in 'sceNp' module
[E]: TODO: sceNpUtilCmpNpId
[W]: Unknown function 0xe035f7d6 in 'sceNp' module
[E]: TODO: sceNpBasicGetEvent
[W]: Unknown function 0xe7dcd3b4 in 'sceNp' module
[E]: TODO: sceNpManagerRegisterCallback
[W]: Unknown function 0xe853d388 in 'sceNp' module
[E]: TODO: sceNpSignalingGetConnectionFromNpId
[W]: Unknown function 0xea2e9ffc in 'sceNp' module
[E]: TODO: sceNpLookupCreateTransactionCtx
[W]: Unknown function 0xeb7a3d84 in 'sceNp' module
[E]: TODO: sceNpManagerGetChatRestrictionFlag
[W]: Unknown function 0xec0a1fbf in 'sceNp' module
[E]: TODO: sceNpBasicSendMessage
[W]: Unknown function 0xfb87cf5e in 'sceNp' module
[E]: TODO: sceNpLookupDestroyTransactionCtx
[W]: Unknown function 0xfd39ae13 in 'sceNp' module
[E]: TODO: sceNpBasicGetFriendPresenceByNpId
[W]: Unknown function 0xfe37a7f4 in 'sceNp' module
[E]: TODO: sceNpManagerGetNpId
[W]: Unknown function 0x01379fd7 in 'sceNp2' module
[E]: TODO: sceNpMatching2DestroyContext
[W]: Unknown function 0x03a2f42a in 'sceNp2' module
[E]: TODO: sceNpMatching2RegisterLobbyMessageCallback
[W]: Unknown function 0x05bf2fbd in 'sceNp2' module
[E]: TODO: sceNpMatching2GetWorldInfoList
[W]: Unknown function 0x0884fc95 in 'sceNp2' module
[E]: TODO: sceNpMatching2RegisterLobbyEventCallback
[W]: Unknown function 0x0d22867f in 'sceNp2' module
[E]: TODO: sceNpMatching2SearchRoom
[W]: Unknown function 0x1f372697 in 'sceNp2' module
[E]: TODO: sceNpMatching2LeaveRoom
[W]: Unknown function 0x215b0d75 in 'sceNp2' module
[E]: TODO: sceNpMatching2SetRoomDataExternal
[W]: Unknown function 0x23009d07 in 'sceNp2' module
[E]: TODO: sceNpMatching2Term2
[W]: Unknown function 0x2ed909dc in 'sceNp2' module
[E]: TODO: sceNpMatching2AbortRequest
[W]: Unknown function 0x3457c0db in 'sceNp2' module
[E]: TODO: sceNpMatching2GetServerInfo
[W]: Unknown function 0x3c00c9d4 in 'sceNp2' module
[E]: TODO: sceNpMatching2GetEventData
[W]: Unknown function 0x41251f74 in 'sceNp2' module
[E]: TODO: sceNp2Init
[W]: Unknown function 0x5721e711 in 'sceNp2' module
[E]: TODO: sceNpMatching2JoinRoom
[W]: Unknown function 0x6ba4c668 in 'sceNp2' module
[E]: TODO: sceNpMatching2ContextStartAsync
[W]: Unknown function 0x748029a2 in 'sceNp2' module
[E]: TODO: sceNpMatching2RegisterContextCallback
[W]: Unknown function 0x817d1090 in 'sceNp2' module
[E]: TODO: sceNpMatching2SetRoomDataInternal
[W]: Unknown function 0x8e5cfe9f in 'sceNp2' module
[E]: TODO: sceNpMatching2GetServerIdListLocal
[W]: Unknown function 0x9cbce3f2 in 'sceNp2' module
[E]: TODO: sceNpMatching2CreateContext
[W]: Unknown function 0xa9e6103e in 'sceNp2' module
[E]: TODO: sceNpMatching2RegisterSignalingCallback
[W]: Unknown function 0xaa6c2c43 in 'sceNp2' module
[E]: TODO: sceNpMatching2ClearEventData
[W]: Unknown function 0xaadb7c12 in 'sceNp2' module
[E]: TODO: sceNp2Term
[W]: Unknown function 0xdcb6b27d in 'sceNp2' module
[E]: TODO: sceNpMatching2RegisterRoomEventCallback
[W]: Unknown function 0xe4ac32ca in 'sceNp2' module
[E]: TODO: sceNpMatching2GetRoomDataExternalList
[W]: Unknown function 0xe7a3bc7a in 'sceNp2' module
[E]: TODO: sceNpMatching2CreateJoinRoom
[W]: Unknown function 0xf43c647a in 'sceNp2' module
[E]: TODO: sceNpMatching2ContextStop
[W]: Unknown function 0xf4babd3f in 'sceNp2' module
[E]: TODO: sceNpMatching2Init2
[W]: Unknown function 0xfee11e72 in 'sceNp2' module
[E]: TODO: sceNpMatching2RegisterRoomMessageCallback
[W]: Unknown function 0x139a9e9b in 'sys_net' module
[E]: TODO: sys_net_initialize_network_ex
[W]: Unknown function 0x13efe7f5 in 'sys_net' module
[E]: TODO: getsockname
[W]: Unknown function 0x1f953b9f in 'sys_net' module
[E]: TODO: recvfrom
[W]: Unknown function 0x28e208bb in 'sys_net' module
[E]: TODO: listen
[W]: Unknown function 0x3b27c780 in 'sys_net' module
[E]: TODO: sys_net_get_sockinfo
[W]: Unknown function 0x3f09e20a in 'sys_net' module
[E]: TODO: socketselect
[W]: Unknown function 0x5a045bd1 in 'sys_net' module
[E]: TODO: getsockopt
[W]: Unknown function 0x6005cde1 in 'sys_net' module
[E]: TODO: _sys_net_errno_loc
[W]: Unknown function 0x64f66d35 in 'sys_net' module
[E]: TODO: connect
[W]: Unknown function 0x6db6e8cd in 'sys_net' module
[E]: TODO: socketclose
[W]: Unknown function 0x71f4c717 in 'sys_net' module
[E]: TODO: gethostbyname
[W]: Unknown function 0x7687d48c in 'sys_net' module
[E]: TODO: sys_net_set_resolver_configurations
[W]: Unknown function 0x858a930b in 'sys_net' module
[E]: TODO: inet_ntoa
[W]: Unknown function 0x88f03575 in 'sys_net' module
[E]: TODO: setsockopt
[W]: Unknown function 0x8af3825e in 'sys_net' module
[E]: TODO: inet_pton
[W]: Unknown function 0x9647570b in 'sys_net' module
[E]: TODO: sendto
[W]: Unknown function 0x9c056962 in 'sys_net' module
[E]: TODO: socket
[W]: Unknown function 0xa50777c6 in 'sys_net' module
[E]: TODO: shutdown
[W]: Unknown function 0xb0a59804 in 'sys_net' module
[E]: TODO: bind
[W]: Unknown function 0xb48636c4 in 'sys_net' module
[E]: TODO: sys_net_show_ifconfig
[W]: Unknown function 0xb68d5625 in 'sys_net' module
[E]: TODO: sys_net_finalize_network
[W]: Unknown function 0xc94f6939 in 'sys_net' module
[E]: TODO: accept
[W]: Unknown function 0xc98a3146 in 'sys_net' module
[E]: TODO: inet_ntop
[W]: Unknown function 0xdabbc2c0 in 'sys_net' module
[E]: TODO: inet_addr
[W]: Unknown function 0xdc751b40 in 'sys_net' module
[E]: TODO: send
[W]: Unknown function 0xf7ac8941 in 'sys_net' module
[E]: TODO: gethostbyaddr
[W]: Unknown function 0xfba04f37 in 'sys_net' module
[E]: TODO: recv
[W]: Unknown function 0xfdb8f926 in 'sys_net' module
[E]: TODO: sys_net_free_thread_context
[W]: Unknown function 0x2ad4951b in 'cellGcmSys' module
[E]: TODO: cellGcmGetTimeStampLocation
[W]: Unknown function 0x99d397ac in 'cellGcmSys' module
[E]: TODO: cellGcmGetReport
[W]: Unknown module 'cellSysutilAvconfExt'
[W]: Unknown function 0x20543730 in 'cellSysutil' module
[E]: TODO: cellMsgDialogClose
[W]: Unknown function 0x21425307 in 'cellSysutil' module
[E]: TODO: cellSaveDataListAutoLoad
[W]: Unknown function 0x220894e3 in 'cellSysutil' module
[E]: TODO: cellSysutilEnableBgmPlayback
[W]: Unknown function 0x3d1e1931 in 'cellSysutil' module
[E]: TODO: cellOskDialogUnloadAsync
[W]: Unknown function 0x62b0f803 in 'cellSysutil' module
[E]: TODO: cellMsgDialogAbort
[W]: Unknown function 0x7fcfc915 in 'cellSysutil' module
[E]: TODO: cellOskDialogLoadAsync
[W]: Unknown function 0x8b7ed64b in 'cellSysutil' module
[E]: TODO: cellSaveDataAutoSave2
[W]: Unknown function 0x94862702 in 'cellSysutil' module
[E]: TODO: cellMsgDialogProgressBarInc
[W]: Unknown function 0xa11552f6 in 'cellSysutil' module
[E]: TODO: cellSysutilGetBgmPlaybackStatus
[W]: Unknown function 0xb53c54fa in 'cellSysutil' module
[E]: TODO: cellOskDialogSetKeyLayoutOption
[W]: Unknown function 0xb6d84526 in 'cellSysutil' module
[E]: TODO: cellOskDialogAbort
[W]: Unknown function 0xcfdd8e87 in 'cellSysutil' module
[E]: TODO: cellSysutilDisableBgmPlayback
[W]: Unknown function 0xd3790a86 in 'cellSysutil' module
[E]: TODO: cellOskDialogSetDeviceMask
[W]: Unknown function 0xedadd797 in 'cellSysutil' module
[E]: TODO: cellSaveDataDelete2
[W]: Unknown function 0xf0ec3ccc in 'cellSysutil' module
[E]: TODO: cellOskDialogSetLayoutMode
[W]: Unknown function 0xfbd5c856 in 'cellSysutil' module
[E]: TODO: cellSaveDataAutoLoad2
[W]: Unknown function 0x0d5b4a14 in 'sys_fs' module
[E]: TODO: cellFsReadWithOffset
[W]: Unknown function 0x7a0329a1 in 'sys_fs' module
[E]: TODO: cellFsAllocateFileAreaWithoutZeroFill
[W]: Unknown function 0x8cb722d5 in 'sys_fs' module
[E]: TODO: cellFsWriteWithOffset
[W]: Unknown function 0x967a162b in 'sys_fs' module
[E]: TODO: cellFsFsync
[W]: Unknown function 0x99406d0b in 'sys_fs' module
[E]: TODO: cellFsChmod
[W]: Unknown function 0xbef554a4 in 'sys_fs' module
[E]: TODO: cellFsUtime
[W]: Unknown function 0x00af2519 in 'cellSpurs' module
[E]: TODO: cellSpursJobGuardReset
[W]: Unknown function 0x039d70b7 in 'cellSpurs' module
[E]: TODO: cellSpursQueueDetachLv2EventQueue
[W]: Unknown function 0x082bfb09 in 'cellSpurs' module
[E]: TODO: _cellSpursQueueInitialize
[W]: Unknown function 0x16394a4e in 'cellSpurs' module
[E]: TODO: _cellSpursTasksetAttributeInitialize
[W]: Unknown function 0x1d344406 in 'cellSpurs' module
[E]: TODO: cellSpursTaskGetLoadableSegmentPattern
[W]: Unknown function 0x22aab31d in 'cellSpurs' module
[E]: TODO: cellSpursEventFlagDetachLv2EventQueue
[W]: Unknown function 0x303c19cd in 'cellSpurs' module
[E]: TODO: cellSpursCreateJobChainWithAttribute
[W]: Unknown function 0x3548f483 in 'cellSpurs' module
[E]: TODO: _cellSpursJobChainAttributeInitialize
[W]: Unknown function 0x373523d4 in 'cellSpurs' module
[E]: TODO: cellSpursEventFlagWait
[W]: Unknown function 0x5ef96465 in 'cellSpurs' module
[E]: TODO: _cellSpursEventFlagInitialize
[W]: Unknown function 0x652b70e2 in 'cellSpurs' module
[E]: TODO: cellSpursTasksetAttributeSetName
[W]: Unknown function 0x68aaeba9 in 'cellSpurs' module
[E]: TODO: cellSpursJobGuardInitialize
[W]: Unknown function 0x738e40e6 in 'cellSpurs' module
[E]: TODO: cellSpursShutdownJobChain
[W]: Unknown function 0x77cdac0c in 'cellSpurs' module
[E]: TODO: _cellSpursSemaphoreInitialize
[W]: Unknown function 0x7cb33c2e in 'cellSpurs' module
[E]: TODO: cellSpursTaskGetReadOnlyAreaPattern
[W]: Unknown function 0x87630976 in 'cellSpurs' module
[E]: TODO: cellSpursEventFlagAttachLv2EventQueue
[W]: Unknown function 0x8f122ef8 in 'cellSpurs' module
[E]: TODO: cellSpursTasksetAttributeSetTasksetSize
[W]: Unknown function 0x9034e538 in 'cellSpurs' module
[E]: TODO: cellSpursTaskGetContextSaveAreaSize
[W]: Unknown function 0x91066667 in 'cellSpurs' module
[E]: TODO: cellSpursQueuePopBody
[W]: Unknown function 0x9197915f in 'cellSpurs' module
[E]: TODO: cellSpursTaskGenerateLsPattern
[W]: Unknown function 0x9f72add3 in 'cellSpurs' module
[E]: TODO: cellSpursJoinTaskset
[W]: Unknown function 0x9fef70c2 in 'cellSpurs' module
[E]: TODO: cellSpursJobChainAttributeSetName
[W]: Unknown function 0xa789e631 in 'cellSpurs' module
[E]: TODO: cellSpursShutdownTaskset
[W]: Unknown function 0xa7c066de in 'cellSpurs' module
[E]: TODO: cellSpursJoinJobChain
[W]: Unknown function 0xaa6269a8 in 'cellSpurs' module
[E]: TODO: cellSpursInitializeWithAttribute
[W]: Unknown function 0xbb68d76e in 'cellSpurs' module
[E]: TODO: cellSpursJobChainAttributeSetHaltOnError
[W]: Unknown function 0xbeb600ac in 'cellSpurs' module
[E]: TODO: cellSpursCreateTask
[W]: Unknown function 0xc10931cb in 'cellSpurs' module
[E]: TODO: cellSpursCreateTasksetWithAttribute
[W]: Unknown function 0xd5d0b256 in 'cellSpurs' module
[E]: TODO: cellSpursJobGuardNotify
[W]: Unknown function 0xe5443be7 in 'cellSpurs' module
[E]: TODO: cellSpursQueueAttachLv2EventQueue
[W]: Unknown function 0xf31731bb in 'cellSpurs' module
[E]: TODO: cellSpursRunJobChain
[W]: Unknown function 0xf5507729 in 'cellSpurs' module
[E]: TODO: cellSpursEventFlagSet
[W]: Unknown function 0x52cc6c82 in 'cellSpurs' module
[E]: TODO: cellSpursCreateTaskset
[W]: Unknown function 0xe0a6dbe4 in 'cellSpurs' module
[E]: TODO: _cellSpursSendSignal
[W]: Unknown function 0x59b1ede1 in 'cellGameExec' module
[E]: TODO: cellGameGetHomeDataExportPath
[W]: Unknown module 'cellHttp'
[W]: Unknown function 0x1650aea4 in 'cellSsl' module
[E]: TODO: cellSslEnd
[W]: Unknown function 0x571afaca in 'cellSsl' module
[E]: TODO: cellSslCertificateLoader
[W]: Unknown function 0xfb02c9d2 in 'cellSsl' module
[E]: TODO: cellSslInit
[W]: Unknown module 'sceNpCommerce2'
[W]: Unknown function 0x0c44f441 in 'cellFiber' module
[E]: TODO: cellFiberPpuYield
[W]: Unknown function 0x12b1acf0 in 'cellFiber' module
[E]: TODO: cellFiberPpuRunFibers
[W]: Unknown function 0x7c2f4034 in 'cellFiber' module
[E]: TODO: cellFiberPpuCreateFiber
[W]: Unknown function 0x9e25c72d in 'cellFiber' module
[E]: TODO: _cellFiberPpuSchedulerAttributeInitialize
[W]: Unknown function 0xa6004249 in 'cellFiber' module
[E]: TODO: cellFiberPpuJoinFiber
[W]: Unknown function 0xc11f8056 in 'cellFiber' module
[E]: TODO: _cellFiberPpuAttributeInitialize
[W]: Unknown function 0xee3b604d in 'cellFiber' module
[E]: TODO: cellFiberPpuInitializeScheduler
[W]: Unknown function 0x55870804 in 'cellFiber' module
[E]: TODO: _cellFiberPpuInitialize
[W]: Unknown module 'cellSaveData'
[S]: (S)ELF: boot done.
[! : PPU[1] Thread (CPUThread)[0x000112cc]]: PPU[1] Thread (CPUThread) enter
[! : PPU[1] Thread (CPUThread)[0x017da058]]: sysPrxForUser: sys_initialize_tls()
[W : PPU[1] Thread (CPUThread)[0x017da058]]: SysCall[0x744680a2] done with code [0x0]! #pc: 0x17da058
[E : PPU[1] Thread (CPUThread)[0x017da058]]: TODO: sys_initialize_tls
[! : PPU[1] Thread (CPUThread)[0x017da034]]: sys_lwmutex: sys_lwmutex_create(lwmutex_addr=0x177b538, lwmutex_attr_addr=0x117e9d0)
[W : PPU[1] Thread (CPUThread)[0x017da034]]: sys_lwmutex warning: *** lwmutex created [_lc_mtx] (attribute=0x12): sq_id = 3
[W : PPU[1] Thread (CPUThread)[0x017da034]]: SysCall[0x2f85c0ef] done with code [0x0]! #pc: 0x17da034
[E : PPU[1] Thread (CPUThread)[0x017da034]]: TODO: sys_lwmutex_create
[! : PPU[1] Thread (CPUThread)[0x017da034]]: sys_lwmutex: sys_lwmutex_create(lwmutex_addr=0x177acc8, lwmutex_attr_addr=0x117e9d0)
[W : PPU[1] Thread (CPUThread)[0x017da034]]: sys_lwmutex warning: *** lwmutex created [_lc_mtx] (attribute=0x12): sq_id = 4
[W : PPU[1] Thread (CPUThread)[0x017da034]]: SysCall[0x2f85c0ef] done with code [0x0]! #pc: 0x17da034
[E : PPU[1] Thread (CPUThread)[0x017da034]]: TODO: sys_lwmutex_create
[! : PPU[1] Thread (CPUThread)[0x017da034]]: sys_lwmutex: sys_lwmutex_create(lwmutex_addr=0x177acf0, lwmutex_attr_addr=0x117e9d0)
[W : PPU[1] Thread (CPUThread)[0x017da034]]: sys_lwmutex warning: *** lwmutex created [_lc_mtx] (attribute=0x12): sq_id = 5
[W : PPU[1] Thread (CPUThread)[0x017da034]]: SysCall[0x2f85c0ef] done with code [0x0]! #pc: 0x17da034
[E : PPU[1] Thread (CPUThread)[0x017da034]]: TODO: sys_lwmutex_create
[! : PPU[1] Thread (CPUThread)[0x017da034]]: sys_lwmutex: sys_lwmutex_create(lwmutex_addr=0x177ad18, lwmutex_attr_addr=0x117e9d0)
[W : PPU[1] Thread (CPUThread)[0x017da034]]: sys_lwmutex warning: *** lwmutex created [_lc_mtx] (attribute=0x12): sq_id = 6
[W : PPU[1] Thread (CPUThread)[0x017da034]]: SysCall[0x2f85c0ef] done with code [0x0]! #pc: 0x17da034
[E : PPU[1] Thread (CPUThread)[0x017da034]]: TODO: sys_lwmutex_create
[! : PPU[1] Thread (CPUThread)[0x017da034]]: sys_lwmutex: sys_lwmutex_create(lwmutex_addr=0x177ac00, lwmutex_attr_addr=0x117e9d0)
[W : PPU[1] Thread (CPUThread)[0x017da034]]: sys_lwmutex warning: *** lwmutex created [_lc_mtx] (attribute=0x12): sq_id = 7
[W : PPU[1] Thread (CPUThread)[0x017da034]]: SysCall[0x2f85c0ef] done with code [0x0]! #pc: 0x17da034
[E : PPU[1] Thread (CPUThread)[0x017da034]]: TODO: sys_lwmutex_create
[! : PPU[1] Thread (CPUThread)[0x017da034]]: sys_lwmutex: sys_lwmutex_create(lwmutex_addr=0x177ac28, lwmutex_attr_addr=0x117e9d0)
[W : PPU[1] Thread (CPUThread)[0x017da034]]: sys_lwmutex warning: *** lwmutex created [_lc_mtx] (attribute=0x12): sq_id = 8
[W : PPU[1] Thread (CPUThread)[0x017da034]]: SysCall[0x2f85c0ef] done with code [0x0]! #pc: 0x17da034
[E : PPU[1] Thread (CPUThread)[0x017da034]]: TODO: sys_lwmutex_create
[! : PPU[1] Thread (CPUThread)[0x017da034]]: sys_lwmutex: sys_lwmutex_create(lwmutex_addr=0x177ac50, lwmutex_attr_addr=0x117e9d0)
[W : PPU[1] Thread (CPUThread)[0x017da034]]: sys_lwmutex warning: *** lwmutex created [_lc_mtx] (attribute=0x12): sq_id = 9
[W : PPU[1] Thread (CPUThread)[0x017da034]]: SysCall[0x2f85c0ef] done with code [0x0]! #pc: 0x17da034
[E : PPU[1] Thread (CPUThread)[0x017da034]]: TODO: sys_lwmutex_create
[! : PPU[1] Thread (CPUThread)[0x017da034]]: sys_lwmutex: sys_lwmutex_create(lwmutex_addr=0x177ac78, lwmutex_attr_addr=0x117e9d0)
[W : PPU[1] Thread (CPUThread)[0x017da034]]: sys_lwmutex warning: *** lwmutex created [_lc_mtx] (attribute=0x12): sq_id = 10
[W : PPU[1] Thread (CPUThread)[0x017da034]]: SysCall[0x2f85c0ef] done with code [0x0]! #pc: 0x17da034
[E : PPU[1] Thread (CPUThread)[0x017da034]]: TODO: sys_lwmutex_create
[! : PPU[1] Thread (CPUThread)[0x017da034]]: sys_lwmutex: sys_lwmutex_create(lwmutex_addr=0x177aca0, lwmutex_attr_addr=0x117e9d0)
[W : PPU[1] Thread (CPUThread)[0x017da034]]: sys_lwmutex warning: *** lwmutex created [_lc_mtx] (attribute=0x12): sq_id = 11
[W : PPU[1] Thread (CPUThread)[0x017da034]]: SysCall[0x2f85c0ef] done with code [0x0]! #pc: 0x17da034
[E : PPU[1] Thread (CPUThread)[0x017da034]]: TODO: sys_lwmutex_create
[! : PPU[1] Thread (CPUThread)[0x017da064]]: sys_time: sys_time_get_system_time()
[W : PPU[1] Thread (CPUThread)[0x017da064]]: SysCall[0x8461e528] done with code [0x343fe6239]! #pc: 0x17da064
[E : PPU[1] Thread (CPUThread)[0x017da064]]: TODO: sys_time_get_system_time
[! : PPU[1] Thread (CPUThread)[0x017da040]]: sysPrxForUser: sys_ppu_thread_get_id(id_addr=0xd0020970)
[W : PPU[1] Thread (CPUThread)[0x017da040]]: SysCall[0x350d454e] done with code [0x0]! #pc: 0x17da040
[E : PPU[1] Thread (CPUThread)[0x017da040]]: TODO: sys_ppu_thread_get_id
[! : PPU[1] Thread (CPUThread)[0x017da004]]: sys_lwmutex: sys_lwmutex_lock(lwmutex_addr=0x177acf0, timeout=0)
[W : PPU[1] Thread (CPUThread)[0x017da004]]: SysCall[0x1573dc3f] done with code [0x0]! #pc: 0x17da004
[E : PPU[1] Thread (CPUThread)[0x017da004]]: TODO: sys_lwmutex_lock
[! : PPU[1] Thread (CPUThread)[0x017da010]]: sys_lwmutex: sys_lwmutex_unlock(lwmutex_addr=0x177acf0)
[W : PPU[1] Thread (CPUThread)[0x017da010]]: SysCall[0x1bc200f4] done with code [0x0]! #pc: 0x17da010
[E : PPU[1] Thread (CPUThread)[0x017da010]]: TODO: sys_lwmutex_unlock
[! : PPU[1] Thread (CPUThread)[0x017da040]]: sysPrxForUser: sys_ppu_thread_get_id(id_addr=0xd0020970)
[W : PPU[1] Thread (CPUThread)[0x017da040]]: SysCall[0x350d454e] done with code [0x0]! #pc: 0x17da040
[E : PPU[1] Thread (CPUThread)[0x017da040]]: TODO: sys_ppu_thread_get_id
[! : PPU[1] Thread (CPUThread)[0x017da004]]: sys_lwmutex: sys_lwmutex_lock(lwmutex_addr=0x177ad18, timeout=0)
[W : PPU[1] Thread (CPUThread)[0x017da004]]: SysCall[0x1573dc3f] done with code [0x0]! #pc: 0x17da004
[E : PPU[1] Thread (CPUThread)[0x017da004]]: TODO: sys_lwmutex_lock
[! : PPU[1] Thread (CPUThread)[0x017da010]]: sys_lwmutex: sys_lwmutex_unlock(lwmutex_addr=0x177ad18)
[W : PPU[1] Thread (CPUThread)[0x017da010]]: SysCall[0x1bc200f4] done with code [0x0]! #pc: 0x17da010
[E : PPU[1] Thread (CPUThread)[0x017da010]]: TODO: sys_lwmutex_unlock
[W : PPU[1] Thread (CPUThread)[0x00010c18]]: memory warning: sys_memory_get_user_memory_size(mem_info_addr=0xd0020b2c)
[W : PPU[1] Thread (CPUThread)[0x00010c18]]: SysCall[0x160] done with code [0x0]! #pc: 0x10c18
[W : PPU[1] Thread (CPUThread)[0x017ce01c]]: cellSysmodule warning: cellSysmoduleIsLoaded(CELL_SYSMODULE_NET)
[W : PPU[1] Thread (CPUThread)[0x017ce01c]]: SysCall[0x5a59e258] done with code [0xffffffff80012003]! #pc: 0x17ce01c
[E : PPU[1] Thread (CPUThread)[0x017ce01c]]: TODO: cellSysmoduleIsLoaded
[W : PPU[1] Thread (CPUThread)[0x017ce010]]: cellSysmodule warning: cellSysmoduleLoadModule(CELL_SYSMODULE_NET)
[W : PPU[1] Thread (CPUThread)[0x017ce010]]: SysCall[0x32267a31] done with code [0x0]! #pc: 0x17ce010
[E : PPU[1] Thread (CPUThread)[0x017ce010]]: TODO: cellSysmoduleLoadModule
[W : PPU[1] Thread (CPUThread)[0x017ce01c]]: cellSysmodule warning: cellSysmoduleIsLoaded(CELL_SYSMODULE_FS)
[W : PPU[1] Thread (CPUThread)[0x017ce01c]]: SysCall[0x5a59e258] done with code [0xffffffff80012003]! #pc: 0x17ce01c
[E : PPU[1] Thread (CPUThread)[0x017ce01c]]: TODO: cellSysmoduleIsLoaded
[W : PPU[1] Thread (CPUThread)[0x017ce010]]: cellSysmodule warning: cellSysmoduleLoadModule(CELL_SYSMODULE_FS)
[W : PPU[1] Thread (CPUThread)[0x017ce010]]: SysCall[0x32267a31] done with code [0x0]! #pc: 0x17ce010
[E : PPU[1] Thread (CPUThread)[0x017ce010]]: TODO: cellSysmoduleLoadModule
[W : PPU[1] Thread (CPUThread)[0x017ce01c]]: cellSysmodule warning: cellSysmoduleIsLoaded(CELL_SYSMODULE_VOICE)
[W : PPU[1] Thread (CPUThread)[0x017ce01c]]: SysCall[0x5a59e258] done with code [0xffffffff80012003]! #pc: 0x17ce01c
[E : PPU[1] Thread (CPUThread)[0x017ce01c]]: TODO: cellSysmoduleIsLoaded
[W : PPU[1] Thread (CPUThread)[0x017ce010]]: cellSysmodule warning: cellSysmoduleLoadModule(CELL_SYSMODULE_VOICE)
[W : PPU[1] Thread (CPUThread)[0x017ce010]]: SysCall[0x32267a31] done with code [0x0]! #pc: 0x17ce010
[E : PPU[1] Thread (CPUThread)[0x017ce010]]: TODO: cellSysmoduleLoadModule
[W : PPU[1] Thread (CPUThread)[0x017ce01c]]: cellSysmodule warning: cellSysmoduleIsLoaded(CELL_SYSMODULE_RTC)
[W : PPU[1] Thread (CPUThread)[0x017ce01c]]: SysCall[0x5a59e258] done with code [0xffffffff80012003]! #pc: 0x17ce01c
[E : PPU[1] Thread (CPUThread)[0x017ce01c]]: TODO: cellSysmoduleIsLoaded
[W : PPU[1] Thread (CPUThread)[0x017ce010]]: cellSysmodule warning: cellSysmoduleLoadModule(CELL_SYSMODULE_RTC)
[W : PPU[1] Thread (CPUThread)[0x017ce010]]: SysCall[0x32267a31] done with code [0x0]! #pc: 0x17ce010
[E : PPU[1] Thread (CPUThread)[0x017ce010]]: TODO: cellSysmoduleLoadModule
[W : PPU[1] Thread (CPUThread)[0x017ce01c]]: cellSysmodule warning: cellSysmoduleIsLoaded(CELL_SYSMODULE_SYSUTIL_NP_TROPHY)
[W : PPU[1] Thread (CPUThread)[0x017ce01c]]: SysCall[0x5a59e258] done with code [0xffffffff80012003]! #pc: 0x17ce01c
[E : PPU[1] Thread (CPUThread)[0x017ce01c]]: TODO: cellSysmoduleIsLoaded
[W : PPU[1] Thread (CPUThread)[0x017ce010]]: cellSysmodule warning: cellSysmoduleLoadModule(CELL_SYSMODULE_SYSUTIL_NP_TROPHY)
[W : PPU[1] Thread (CPUThread)[0x017ce010]]: SysCall[0x32267a31] done with code [0x0]! #pc: 0x17ce010
[E : PPU[1] Thread (CPUThread)[0x017ce010]]: TODO: cellSysmoduleLoadModule
[W : PPU[1] Thread (CPUThread)[0x017ce01c]]: cellSysmodule warning: cellSysmoduleIsLoaded(CELL_SYSMODULE_SYSUTIL_NP2)
[W : PPU[1] Thread (CPUThread)[0x017ce01c]]: SysCall[0x5a59e258] done with code [0xffffffff80012003]! #pc: 0x17ce01c
[E : PPU[1] Thread (CPUThread)[0x017ce01c]]: TODO: cellSysmoduleIsLoaded
[W : PPU[1] Thread (CPUThread)[0x017ce010]]: cellSysmodule warning: cellSysmoduleLoadModule(CELL_SYSMODULE_SYSUTIL_NP2)
[W : PPU[1] Thread (CPUThread)[0x017ce010]]: SysCall[0x32267a31] done with code [0x0]! #pc: 0x17ce010
[E : PPU[1] Thread (CPUThread)[0x017ce010]]: TODO: cellSysmoduleLoadModule
[W : PPU[1] Thread (CPUThread)[0x017ce01c]]: cellSysmodule warning: cellSysmoduleIsLoaded(CELL_SYSMODULE_SYSUTIL_SAVEDATA)
[W : PPU[1] Thread (CPUThread)[0x017ce01c]]: SysCall[0x5a59e258] done with code [0xffffffff80012003]! #pc: 0x17ce01c
[E : PPU[1] Thread (CPUThread)[0x017ce01c]]: TODO: cellSysmoduleIsLoaded
[W : PPU[1] Thread (CPUThread)[0x017ce010]]: cellSysmodule warning: cellSysmoduleLoadModule(CELL_SYSMODULE_SYSUTIL_SAVEDATA)
[W : PPU[1] Thread (CPUThread)[0x017ce010]]: SysCall[0x32267a31] done with code [0x0]! #pc: 0x17ce010
[E : PPU[1] Thread (CPUThread)[0x017ce010]]: TODO: cellSysmoduleLoadModule
[W : PPU[1] Thread (CPUThread)[0x00010cd4]]: vm warning: sys_vm_memory_map(vsize=0x2000000,psize=0x200000,cidr=0xffffffff,flags=0x200,policy=0x1,addr=0x14ec080)
[W : PPU[1] Thread (CPUThread)[0x00010cd4]]: SysCall[0x12c] done with code [0x0]! #pc: 0x10cd4
[W : PPU[1] Thread (CPUThread)[0x00010ce4]]: vm warning: Unimplemented function: sys_vm_touch(addr=0x30010000,size=0x200000)
[W : PPU[1] Thread (CPUThread)[0x00010ce4]]: SysCall[0x132] done with code [0x0]! #pc: 0x10ce4
[W : PPU[1] Thread (CPUThread)[0x00010cfc]]: memory warning: sys_memory_get_user_memory_size(mem_info_addr=0xd0020b2c)
[W : PPU[1] Thread (CPUThread)[0x00010cfc]]: SysCall[0x160] done with code [0x0]! #pc: 0x10cfc
[! : PPU[1] Thread (CPUThread)[0x017da040]]: sysPrxForUser: sys_ppu_thread_get_id(id_addr=0xd0020a80)
[W : PPU[1] Thread (CPUThread)[0x017da040]]: SysCall[0x350d454e] done with code [0x0]! #pc: 0x17da040
[E : PPU[1] Thread (CPUThread)[0x017da040]]: TODO: sys_ppu_thread_get_id
[! : PPU[1] Thread (CPUThread)[0x0052cd40]]: sysPrxForUser: sys_ppu_thread_get_priority(thread_id=1, prio_addr=0xd0020a88)
[W : PPU[1] Thread (CPUThread)[0x0052cd40]]: SysCall[0x30] done with code [0x0]! #pc: 0x52cd40
[W : PPU[1] Thread (CPUThread)[0x017d6118]]: cellSpurs warning: cellSpursAttributeInitialize(attr_addr=0x1646200, nSpus=2, spuPriority=3145728, ppuPriority=5, exitIfNoWork=200)
[W : PPU[1] Thread (CPUThread)[0x017d6118]]: SysCall[0x95180230] done with code [0x0]! #pc: 0x17d6118
[E : PPU[1] Thread (CPUThread)[0x017d6118]]: TODO: _cellSpursAttributeInitialize
[W : PPU[1] Thread (CPUThread)[0x017d6154]]: cellSpurs warning: cellSpursAttributeSetSpuThreadGroupType(attr_addr=0x1646200, type=24)
[W : PPU[1] Thread (CPUThread)[0x017d6154]]: SysCall[0xa839a4d9] done with code [0x0]! #pc: 0x17d6154
[E : PPU[1] Thread (CPUThread)[0x017d6154]]: TODO: cellSpursAttributeSetSpuThreadGroupType
[W : PPU[1] Thread (CPUThread)[0x017d601c]]: cellSpurs warning: cellSpursAttributeSetNamePrefix(attr_addr=0x1646200, prefix_addr=0x11216c0, size=0x7)
[W : PPU[1] Thread (CPUThread)[0x017d601c]]: SysCall[0x7529113] done with code [0x0]! #pc: 0x17d601c
[E : PPU[1] Thread (CPUThread)[0x017d601c]]: TODO: cellSpursAttributeSetNamePrefix
[E : PPU[1] Thread (CPUThread)[0x017d6160]]: TODO: cellSpursInitializeWithAttribute
[W : PPU[1] Thread (CPUThread)[0x017d6160]]: SysCall[0xaa6269a8] done with code [0x0]! #pc: 0x17d6160
[E : PPU[1] Thread (CPUThread)[0x017d6160]]: TODO: cellSpursInitializeWithAttribute
[W : PPU[1] Thread (CPUThread)[0x017d6118]]: cellSpurs warning: cellSpursAttributeInitialize(attr_addr=0x1647400, nSpus=2, spuPriority=3145728, ppuPriority=1, exitIfNoWork=201)
[W : PPU[1] Thread (CPUThread)[0x017d6118]]: SysCall[0x95180230] done with code [0x0]! #pc: 0x17d6118
[E : PPU[1] Thread (CPUThread)[0x017d6118]]: TODO: _cellSpursAttributeInitialize
[W : PPU[1] Thread (CPUThread)[0x017d601c]]: cellSpurs warning: cellSpursAttributeSetNamePrefix(attr_addr=0x1647400, prefix_addr=0x11216c8, size=0x9)
[W : PPU[1] Thread (CPUThread)[0x017d601c]]: SysCall[0x7529113] done with code [0x0]! #pc: 0x17d601c
[E : PPU[1] Thread (CPUThread)[0x017d601c]]: TODO: cellSpursAttributeSetNamePrefix
[E : PPU[1] Thread (CPUThread)[0x017d6160]]: TODO: cellSpursInitializeWithAttribute
[W : PPU[1] Thread (CPUThread)[0x017d6160]]: SysCall[0xaa6269a8] done with code [0x0]! #pc: 0x17d6160
[E : PPU[1] Thread (CPUThread)[0x017d6160]]: TODO: cellSpursInitializeWithAttribute
[W : PPU[1] Thread (CPUThread)[0x00010d24]]: memory warning: sys_memory_get_user_memory_size(mem_info_addr=0xd0020b2c)
[W : PPU[1] Thread (CPUThread)[0x00010d24]]: SysCall[0x160] done with code [0x0]! #pc: 0x10d24
[W : PPU[1] Thread (CPUThread)[0x00010d40]]: memory warning: sys_memory_get_user_memory_size(mem_info_addr=0xd0020b2c)
[W : PPU[1] Thread (CPUThread)[0x00010d40]]: SysCall[0x160] done with code [0x0]! #pc: 0x10d40
[! : PPU[1] Thread (CPUThread)[0x017da040]]: sysPrxForUser: sys_ppu_thread_get_id(id_addr=0xd0020970)
[W : PPU[1] Thread (CPUThread)[0x017da040]]: SysCall[0x350d454e] done with code [0x0]! #pc: 0x17da040
[E : PPU[1] Thread (CPUThread)[0x017da040]]: TODO: sys_ppu_thread_get_id
[! : PPU[1] Thread (CPUThread)[0x017da004]]: sys_lwmutex: sys_lwmutex_lock(lwmutex_addr=0x177acf0, timeout=0)
[W : PPU[1] Thread (CPUThread)[0x017da004]]: SysCall[0x1573dc3f] done with code [0x0]! #pc: 0x17da004
[E : PPU[1] Thread (CPUThread)[0x017da004]]: TODO: sys_lwmutex_lock
[! : PPU[1] Thread (CPUThread)[0x017da040]]: sysPrxForUser: sys_ppu_thread_get_id(id_addr=0xd00206c0)
[W : PPU[1] Thread (CPUThread)[0x017da040]]: SysCall[0x350d454e] done with code [0x0]! #pc: 0x17da040
[E : PPU[1] Thread (CPUThread)[0x017da040]]: TODO: sys_ppu_thread_get_id
[! : PPU[1] Thread (CPUThread)[0x017da040]]: sysPrxForUser: sys_ppu_thread_get_id(id_addr=0xd0020520)
[W : PPU[1] Thread (CPUThread)[0x017da040]]: SysCall[0x350d454e] done with code [0x0]! #pc: 0x17da040
[E : PPU[1] Thread (CPUThread)[0x017da040]]: TODO: sys_ppu_thread_get_id
[! : PPU[1] Thread (CPUThread)[0x017da040]]: sysPrxForUser: sys_ppu_thread_get_id(id_addr=0xd00206c0)
[W : PPU[1] Thread (CPUThread)[0x017da040]]: SysCall[0x350d454e] done with code [0x0]! #pc: 0x17da040
[E : PPU[1] Thread (CPUThread)[0x017da040]]: TODO: sys_ppu_thread_get_id
[! : PPU[1] Thread (CPUThread)[0x017da040]]: sysPrxForUser: sys_ppu_thread_get_id(id_addr=0xd0020520)
[W : PPU[1] Thread (CPUThread)[0x017da040]]: SysCall[0x350d454e] done with code [0x0]! #pc: 0x17da040
[E : PPU[1] Thread (CPUThread)[0x017da040]]: TODO: sys_ppu_thread_get_id
[! : PPU[1] Thread (CPUThread)[0x017da040]]: sysPrxForUser: sys_ppu_thread_get_id(id_addr=0xd00206c0)
[W : PPU[1] Thread (CPUThread)[0x017da040]]: SysCall[0x350d454e] done with code [0x0]! #pc: 0x17da040
[E : PPU[1] Thread (CPUThread)[0x017da040]]: TODO: sys_ppu_thread_get_id
[! : PPU[1] Thread (CPUThread)[0x017da040]]: sysPrxForUser: sys_ppu_thread_get_id(id_addr=0xd0020520)
[W : PPU[1] Thread (CPUThread)[0x017da040]]: SysCall[0x350d454e] done with code [0x0]! #pc: 0x17da040
[E : PPU[1] Thread (CPUThread)[0x017da040]]: TODO: sys_ppu_thread_get_id
[! : PPU[1] Thread (CPUThread)[0x017da040]]: sysPrxForUser: sys_ppu_thread_get_id(id_addr=0xd00206c0)
[W : PPU[1] Thread (CPUThread)[0x017da040]]: SysCall[0x350d454e] done with code [0x0]! #pc: 0x17da040
[E : PPU[1] Thread (CPUThread)[0x017da040]]: TODO: sys_ppu_thread_get_id
[! : PPU[1] Thread (CPUThread)[0x017da040]]: sysPrxForUser: sys_ppu_thread_get_id(id_addr=0xd0020630)
[W : PPU[1] Thread (CPUThread)[0x017da040]]: SysCall[0x350d454e] done with code [0x0]! #pc: 0x17da040
[E : PPU[1] Thread (CPUThread)[0x017da040]]: TODO: sys_ppu_thread_get_id
[W : PPU[1] Thread (CPUThread)[0x00d0b5b4]]: SysCall[0x193] done with code [0x0]! #pc: 0xd0b5b4
[! : PPU[1] Thread (CPUThread)[0x017da010]]: sys_lwmutex: sys_lwmutex_unlock(lwmutex_addr=0x177acf0)
[W : PPU[1] Thread (CPUThread)[0x017da010]]: SysCall[0x1bc200f4] done with code [0x0]! #pc: 0x17da010
[E : PPU[1] Thread (CPUThread)[0x017da010]]: TODO: sys_lwmutex_unlock
[! : PPU[1] Thread (CPUThread)[0x017da040]]: sysPrxForUser: sys_ppu_thread_get_id(id_addr=0xd0020970)
[W : PPU[1] Thread (CPUThread)[0x017da040]]: SysCall[0x350d454e] done with code [0x0]! #pc: 0x17da040
[E : PPU[1] Thread (CPUThread)[0x017da040]]: TODO: sys_ppu_thread_get_id
[! : PPU[1] Thread (CPUThread)[0x017da004]]: sys_lwmutex: sys_lwmutex_lock(lwmutex_addr=0x177acf0, timeout=0)
[W : PPU[1] Thread (CPUThread)[0x017da004]]: SysCall[0x1573dc3f] done with code [0x0]! #pc: 0x17da004
[E : PPU[1] Thread (CPUThread)[0x017da004]]: TODO: sys_lwmutex_lock
[! : PPU[1] Thread (CPUThread)[0x017da040]]: sysPrxForUser: sys_ppu_thread_get_id(id_addr=0xd00206c0)
[W : PPU[1] Thread (CPUThread)[0x017da040]]: SysCall[0x350d454e] done with code [0x0]! #pc: 0x17da040
[E : PPU[1] Thread (CPUThread)[0x017da040]]: TODO: sys_ppu_thread_get_id
[! : PPU[1] Thread (CPUThread)[0x017da040]]: sysPrxForUser: sys_ppu_thread_get_id(id_addr=0xd0020520)
[W : PPU[1] Thread (CPUThread)[0x017da040]]: SysCall[0x350d454e] done with code [0x0]! #pc: 0x17da040
[E : PPU[1] Thread (CPUThread)[0x017da040]]: TODO: sys_ppu_thread_get_id
[! : PPU[1] Thread (CPUThread)[0x017da040]]: sysPrxForUser: sys_ppu_thread_get_id(id_addr=0xd00206c0)
[W : PPU[1] Thread (CPUThread)[0x017da040]]: SysCall[0x350d454e] done with code [0x0]! #pc: 0x17da040
[E : PPU[1] Thread (CPUThread)[0x017da040]]: TODO: sys_ppu_thread_get_id
[! : PPU[1] Thread (CPUThread)[0x017da040]]: sysPrxForUser: sys_ppu_thread_get_id(id_addr=0xd0020520)
[W : PPU[1] Thread (CPUThread)[0x017da040]]: SysCall[0x350d454e] done with code [0x0]! #pc: 0x17da040
[E : PPU[1] Thread (CPUThread)[0x017da040]]: TODO: sys_ppu_thread_get_id
[! : PPU[1] Thread (CPUThread)[0x017da040]]: sysPrxForUser: sys_ppu_thread_get_id(id_addr=0xd00206c0)
[W : PPU[1] Thread (CPUThread)[0x017da040]]: SysCall[0x350d454e] done with code [0x0]! #pc: 0x17da040
[E : PPU[1] Thread (CPUThread)[0x017da040]]: TODO: sys_ppu_thread_get_id
[! : PPU[1] Thread (CPUThread)[0x017da040]]: sysPrxForUser: sys_ppu_thread_get_id(id_addr=0xd0020520)
[W : PPU[1] Thread (CPUThread)[0x017da040]]: SysCall[0x350d454e] done with code [0x0]! #pc: 0x17da040
[E : PPU[1] Thread (CPUThread)[0x017da040]]: TODO: sys_ppu_thread_get_id
[! : PPU[1] Thread (CPUThread)[0x017da040]]: sysPrxForUser: sys_ppu_thread_get_id(id_addr=0xd00206c0)
[W : PPU[1] Thread (CPUThread)[0x017da040]]: SysCall[0x350d454e] done with code [0x0]! #pc: 0x17da040
[E : PPU[1] Thread (CPUThread)[0x017da040]]: TODO: sys_ppu_thread_get_id
[! : PPU[1] Thread (CPUThread)[0x017da040]]: sysPrxForUser: sys_ppu_thread_get_id(id_addr=0xd0020520)
[W : PPU[1] Thread (CPUThread)[0x017da040]]: SysCall[0x350d454e] done with code [0x0]! #pc: 0x17da040
[E : PPU[1] Thread (CPUThread)[0x017da040]]: TODO: sys_ppu_thread_get_id
[! : PPU[1] Thread (CPUThread)[0x017da040]]: sysPrxForUser: sys_ppu_thread_get_id(id_addr=0xd00206c0)
[W : PPU[1] Thread (CPUThread)[0x017da040]]: SysCall[0x350d454e] done with code [0x0]! #pc: 0x17da040
[E : PPU[1] Thread (CPUThread)[0x017da040]]: TODO: sys_ppu_thread_get_id
[! : PPU[1] Thread (CPUThread)[0x017da040]]: sysPrxForUser: sys_ppu_thread_get_id(id_addr=0xd0020520)
[W : PPU[1] Thread (CPUThread)[0x017da040]]: SysCall[0x350d454e] done with code [0x0]! #pc: 0x17da040
[E : PPU[1] Thread (CPUThread)[0x017da040]]: TODO: sys_ppu_thread_get_id
[! : PPU[1] Thread (CPUThread)[0x017da040]]: sysPrxForUser: sys_ppu_thread_get_id(id_addr=0xd00206c0)
[W : PPU[1] Thread (CPUThread)[0x017da040]]: SysCall[0x350d454e] done with code [0x0]! #pc: 0x17da040
[E : PPU[1] Thread (CPUThread)[0x017da040]]: TODO: sys_ppu_thread_get_id
[! : PPU[1] Thread (CPUThread)[0x017da040]]: sysPrxForUser: sys_ppu_thread_get_id(id_addr=0xd0020630)
[W : PPU[1] Thread (CPUThread)[0x017da040]]: SysCall[0x350d454e] done with code [0x0]! #pc: 0x17da040
[E : PPU[1] Thread (CPUThread)[0x017da040]]: TODO: sys_ppu_thread_get_id
[W : PPU[1] Thread (CPUThread)[0x00d0b5b4]]: SysCall[0x193] done with code [0x0]! #pc: 0xd0b5b4
[! : PPU[1] Thread (CPUThread)[0x017da010]]: sys_lwmutex: sys_lwmutex_unlock(lwmutex_addr=0x177acf0)
[W : PPU[1] Thread (CPUThread)[0x017da010]]: SysCall[0x1bc200f4] done with code [0x0]! #pc: 0x17da010
[E : PPU[1] Thread (CPUThread)[0x017da010]]: TODO: sys_lwmutex_unlock
[W : PPU[1] Thread (CPUThread)[0x00010e38]]: memory warning: sys_mmapper_allocate_address(size=0x10000000, flags=0xf0, alignment=0x10000000, alloc_addr=0xd0020b24)
[W : PPU[1] Thread (CPUThread)[0x00010e38]]: SysCall[0x14a] done with code [0x0]! #pc: 0x10e38
[W : PPU[1] Thread (CPUThread)[0x00010e50]]: memory warning: sys_mmapper_allocate_address(size=0x10000000, flags=0xf0, alignment=0x10000000, alloc_addr=0xd0020b24)
[W : PPU[1] Thread (CPUThread)[0x00010e50]]: SysCall[0x14a] done with code [0x0]! #pc: 0x10e50
[W : PPU[1] Thread (CPUThread)[0x00010e68]]: memory warning: sys_mmapper_allocate_address(size=0x10000000, flags=0xf0, alignment=0x10000000, alloc_addr=0xd0020b24)
[W : PPU[1] Thread (CPUThread)[0x00010e68]]: SysCall[0x14a] done with code [0x0]! #pc: 0x10e68
[! : PPU[1] Thread (CPUThread)[0x017da040]]: sysPrxForUser: sys_ppu_thread_get_id(id_addr=0xd0020970)
[W : PPU[1] Thread (CPUThread)[0x017da040]]: SysCall[0x350d454e] done with code [0x0]! #pc: 0x17da040
[E : PPU[1] Thread (CPUThread)[0x017da040]]: TODO: sys_ppu_thread_get_id
[! : PPU[1] Thread (CPUThread)[0x017da004]]: sys_lwmutex: sys_lwmutex_lock(lwmutex_addr=0x177acf0, timeout=0)
[W : PPU[1] Thread (CPUThread)[0x017da004]]: SysCall[0x1573dc3f] done with code [0x0]! #pc: 0x17da004
[E : PPU[1] Thread (CPUThread)[0x017da004]]: TODO: sys_lwmutex_lock
[! : PPU[1] Thread (CPUThread)[0x017da040]]: sysPrxForUser: sys_ppu_thread_get_id(id_addr=0xd00206c0)
[W : PPU[1] Thread (CPUThread)[0x017da040]]: SysCall[0x350d454e] done with code [0x0]! #pc: 0x17da040
[E : PPU[1] Thread (CPUThread)[0x017da040]]: TODO: sys_ppu_thread_get_id
[! : PPU[1] Thread (CPUThread)[0x017da040]]: sysPrxForUser: sys_ppu_thread_get_id(id_addr=0xd0020520)
[W : PPU[1] Thread (CPUThread)[0x017da040]]: SysCall[0x350d454e] done with code [0x0]! #pc: 0x17da040
[E : PPU[1] Thread (CPUThread)[0x017da040]]: TODO: sys_ppu_thread_get_id
[! : PPU[1] Thread (CPUThread)[0x017da040]]: sysPrxForUser: sys_ppu_thread_get_id(id_addr=0xd00206c0)
[W : PPU[1] Thread (CPUThread)[0x017da040]]: SysCall[0x350d454e] done with code [0x0]! #pc: 0x17da040
[E : PPU[1] Thread (CPUThread)[0x017da040]]: TODO: sys_ppu_thread_get_id
[! : PPU[1] Thread (CPUThread)[0x017da040]]: sysPrxForUser: sys_ppu_thread_get_id(id_addr=0xd0020630)
[W : PPU[1] Thread (CPUThread)[0x017da040]]: SysCall[0x350d454e] done with code [0x0]! #pc: 0x17da040
[E : PPU[1] Thread (CPUThread)[0x017da040]]: TODO: sys_ppu_thread_get_id
[W : PPU[1] Thread (CPUThread)[0x00d0b5b4]]: SysCall[0x193] done with code [0x0]! #pc: 0xd0b5b4
[! : PPU[1] Thread (CPUThread)[0x017da010]]: sys_lwmutex: sys_lwmutex_unlock(lwmutex_addr=0x177acf0)
[W : PPU[1] Thread (CPUThread)[0x017da010]]: SysCall[0x1bc200f4] done with code [0x0]! #pc: 0x17da010
[E : PPU[1] Thread (CPUThread)[0x017da010]]: TODO: sys_lwmutex_unlock
[! : PPU[1] Thread (CPUThread)[0x00010e90]]: memory: sys_memory_allocate(size=0xb500000, flags=0x400)
[! : PPU[1] Thread (CPUThread)[0x00010e90]]: memory: Memory allocated! [addr: 0x30300000, size: 0xb500000]
[W : PPU[1] Thread (CPUThread)[0x00010e90]]: SysCall[0x15c] done with code [0x0]! #pc: 0x10e90
[! : PPU[1] Thread (CPUThread)[0x017da040]]: sysPrxForUser: sys_ppu_thread_get_id(id_addr=0xd0020970)
[W : PPU[1] Thread (CPUThread)[0x017da040]]: SysCall[0x350d454e] done with code [0x0]! #pc: 0x17da040
[E : PPU[1] Thread (CPUThread)[0x017da040]]: TODO: sys_ppu_thread_get_id
[! : PPU[1] Thread (CPUThread)[0x017da004]]: sys_lwmutex: sys_lwmutex_lock(lwmutex_addr=0x177acf0, timeout=0)
[W : PPU[1] Thread (CPUThread)[0x017da004]]: SysCall[0x1573dc3f] done with code [0x0]! #pc: 0x17da004
[E : PPU[1] Thread (CPUThread)[0x017da004]]: TODO: sys_lwmutex_lock
[! : PPU[1] Thread (CPUThread)[0x017da040]]: sysPrxForUser: sys_ppu_thread_get_id(id_addr=0xd00206c0)
[W : PPU[1] Thread (CPUThread)[0x017da040]]: SysCall[0x350d454e] done with code [0x0]! #pc: 0x17da040
[E : PPU[1] Thread (CPUThread)[0x017da040]]: TODO: sys_ppu_thread_get_id
[! : PPU[1] Thread (CPUThread)[0x017da040]]: sysPrxForUser: sys_ppu_thread_get_id(id_addr=0xd0020520)
[W : PPU[1] Thread (CPUThread)[0x017da040]]: SysCall[0x350d454e] done with code [0x0]! #pc: 0x17da040
[E : PPU[1] Thread (CPUThread)[0x017da040]]: TODO: sys_ppu_thread_get_id
[! : PPU[1] Thread (CPUThread)[0x017da040]]: sysPrxForUser: sys_ppu_thread_get_id(id_addr=0xd00206c0)
[W : PPU[1] Thread (CPUThread)[0x017da040]]: SysCall[0x350d454e] done with code [0x0]! #pc: 0x17da040
[E : PPU[1] Thread (CPUThread)[0x017da040]]: TODO: sys_ppu_thread_get_id
[! : PPU[1] Thread (CPUThread)[0x017da040]]: sysPrxForUser: sys_ppu_thread_get_id(id_addr=0xd0020520)
[W : PPU[1] Thread (CPUThread)[0x017da040]]: SysCall[0x350d454e] done with code [0x0]! #pc: 0x17da040
[E : PPU[1] Thread (CPUThread)[0x017da040]]: TODO: sys_ppu_thread_get_id
[! : PPU[1] Thread (CPUThread)[0x017da040]]: sysPrxForUser: sys_ppu_thread_get_id(id_addr=0xd00206c0)
[W : PPU[1] Thread (CPUThread)[0x017da040]]: SysCall[0x350d454e] done with code [0x0]! #pc: 0x17da040
[E : PPU[1] Thread (CPUThread)[0x017da040]]: TODO: sys_ppu_thread_get_id
[! : PPU[1] Thread (CPUThread)[0x017da040]]: sysPrxForUser: sys_ppu_thread_get_id(id_addr=0xd0020630)
[W : PPU[1] Thread (CPUThread)[0x017da040]]: SysCall[0x350d454e] done with code [0x0]! #pc: 0x17da040
[E : PPU[1] Thread (CPUThread)[0x017da040]]: TODO: sys_ppu_thread_get_id
[W : PPU[1] Thread (CPUThread)[0x00d0b5b4]]: SysCall[0x193] done with code [0x0]! #pc: 0xd0b5b4
[! : PPU[1] Thread (CPUThread)[0x017da010]]: sys_lwmutex: sys_lwmutex_unlock(lwmutex_addr=0x177acf0)
[W : PPU[1] Thread (CPUThread)[0x017da010]]: SysCall[0x1bc200f4] done with code [0x0]! #pc: 0x17da010
[E : PPU[1] Thread (CPUThread)[0x017da010]]: TODO: sys_lwmutex_unlock
[W : PPU[1] Thread (CPUThread)[0x00010ed8]]: memory warning: sys_memory_get_user_memory_size(mem_info_addr=0xd0020b2c)
[W : PPU[1] Thread (CPUThread)[0x00010ed8]]: SysCall[0x160] done with code [0x0]! #pc: 0x10ed8
[! : PPU[1] Thread (CPUThread)[0x017da040]]: sysPrxForUser: sys_ppu_thread_get_id(id_addr=0xd0020970)
[W : PPU[1] Thread (CPUThread)[0x017da040]]: SysCall[0x350d454e] done with code [0x0]! #pc: 0x17da040
[E : PPU[1] Thread (CPUThread)[0x017da040]]: TODO: sys_ppu_thread_get_id
[! : PPU[1] Thread (CPUThread)[0x017da004]]: sys_lwmutex: sys_lwmutex_lock(lwmutex_addr=0x177acf0, timeout=0)
[W : PPU[1] Thread (CPUThread)[0x017da004]]: SysCall[0x1573dc3f] done with code [0x0]! #pc: 0x17da004
[E : PPU[1] Thread (CPUThread)[0x017da004]]: TODO: sys_lwmutex_lock
[! : PPU[1] Thread (CPUThread)[0x017da040]]: sysPrxForUser: sys_ppu_thread_get_id(id_addr=0xd00206c0)
[W : PPU[1] Thread (CPUThread)[0x017da040]]: SysCall[0x350d454e] done with code [0x0]! #pc: 0x17da040
[E : PPU[1] Thread (CPUThread)[0x017da040]]: TODO: sys_ppu_thread_get_id
[! : PPU[1] Thread (CPUThread)[0x017da040]]: sysPrxForUser: sys_ppu_thread_get_id(id_addr=0xd0020520)
[W : PPU[1] Thread (CPUThread)[0x017da040]]: SysCall[0x350d454e] done with code [0x0]! #pc: 0x17da040
[E : PPU[1] Thread (CPUThread)[0x017da040]]: TODO: sys_ppu_thread_get_id
[! : PPU[1] Thread (CPUThread)[0x017da040]]: sysPrxForUser: sys_ppu_thread_get_id(id_addr=0xd00206c0)
[W : PPU[1] Thread (CPUThread)[0x017da040]]: SysCall[0x350d454e] done with code [0x0]! #pc: 0x17da040
[E : PPU[1] Thread (CPUThread)[0x017da040]]: TODO: sys_ppu_thread_get_id
[! : PPU[1] Thread (CPUThread)[0x017da040]]: sysPrxForUser: sys_ppu_thread_get_id(id_addr=0xd0020520)
[W : PPU[1] Thread (CPUThread)[0x017da040]]: SysCall[0x350d454e] done with code [0x0]! #pc: 0x17da040
[E : PPU[1] Thread (CPUThread)[0x017da040]]: TODO: sys_ppu_thread_get_id
[! : PPU[1] Thread (CPUThread)[0x017da040]]: sysPrxForUser: sys_ppu_thread_get_id(id_addr=0xd00206c0)
[W : PPU[1] Thread (CPUThread)[0x017da040]]: SysCall[0x350d454e] done with code [0x0]! #pc: 0x17da040
[E : PPU[1] Thread (CPUThread)[0x017da040]]: TODO: sys_ppu_thread_get_id
[! : PPU[1] Thread (CPUThread)[0x017da040]]: sysPrxForUser: sys_ppu_thread_get_id(id_addr=0xd0020520)
[W : PPU[1] Thread (CPUThread)[0x017da040]]: SysCall[0x350d454e] done with code [0x0]! #pc: 0x17da040
[E : PPU[1] Thread (CPUThread)[0x017da040]]: TODO: sys_ppu_thread_get_id
[! : PPU[1] Thread (CPUThread)[0x017da040]]: sysPrxForUser: sys_ppu_thread_get_id(id_addr=0xd00206c0)
[W : PPU[1] Thread (CPUThread)[0x017da040]]: SysCall[0x350d454e] done with code [0x0]! #pc: 0x17da040
[E : PPU[1] Thread (CPUThread)[0x017da040]]: TODO: sys_ppu_thread_get_id
[! : PPU[1] Thread (CPUThread)[0x017da040]]: sysPrxForUser: sys_ppu_thread_get_id(id_addr=0xd0020520)
[W : PPU[1] Thread (CPUThread)[0x017da040]]: SysCall[0x350d454e] done with code [0x0]! #pc: 0x17da040
[E : PPU[1] Thread (CPUThread)[0x017da040]]: TODO: sys_ppu_thread_get_id
[! : PPU[1] Thread (CPUThread)[0x017da040]]: sysPrxForUser: sys_ppu_thread_get_id(id_addr=0xd00206c0)
[W : PPU[1] Thread (CPUThread)[0x017da040]]: SysCall[0x350d454e] done with code [0x0]! #pc: 0x17da040
[E : PPU[1] Thread (CPUThread)[0x017da040]]: TODO: sys_ppu_thread_get_id
[! : PPU[1] Thread (CPUThread)[0x017da040]]: sysPrxForUser: sys_ppu_thread_get_id(id_addr=0xd0020630)
[W : PPU[1] Thread (CPUThread)[0x017da040]]: SysCall[0x350d454e] done with code [0x0]! #pc: 0x17da040
[E : PPU[1] Thread (CPUThread)[0x017da040]]: TODO: sys_ppu_thread_get_id
[W : PPU[1] Thread (CPUThread)[0x00d0b5b4]]: SysCall[0x193] done with code [0x0]! #pc: 0xd0b5b4
[! : PPU[1] Thread (CPUThread)[0x017da010]]: sys_lwmutex: sys_lwmutex_unlock(lwmutex_addr=0x177acf0)
[W : PPU[1] Thread (CPUThread)[0x017da010]]: SysCall[0x1bc200f4] done with code [0x0]! #pc: 0x17da010
[E : PPU[1] Thread (CPUThread)[0x017da010]]: TODO: sys_lwmutex_unlock
[! : PPU[1] Thread (CPUThread)[0x00010f38]]: memory: sys_memory_allocate(size=0x70000, flags=0x200)
[! : PPU[1] Thread (CPUThread)[0x00010f38]]: memory: Memory allocated! [addr: 0x30210000, size: 0x70000]
[W : PPU[1] Thread (CPUThread)[0x00010f38]]: SysCall[0x15c] done with code [0x0]! #pc: 0x10f38
[! : PPU[1] Thread (CPUThread)[0x017da040]]: sysPrxForUser: sys_ppu_thread_get_id(id_addr=0xd0020970)
[W : PPU[1] Thread (CPUThread)[0x017da040]]: SysCall[0x350d454e] done with code [0x0]! #pc: 0x17da040
[E : PPU[1] Thread (CPUThread)[0x017da040]]: TODO: sys_ppu_thread_get_id
[! : PPU[1] Thread (CPUThread)[0x017da004]]: sys_lwmutex: sys_lwmutex_lock(lwmutex_addr=0x177acf0, timeout=0)
[W : PPU[1] Thread (CPUThread)[0x017da004]]: SysCall[0x1573dc3f] done with code [0x0]! #pc: 0x17da004
[E : PPU[1] Thread (CPUThread)[0x017da004]]: TODO: sys_lwmutex_lock
[! : PPU[1] Thread (CPUThread)[0x017da040]]: sysPrxForUser: sys_ppu_thread_get_id(id_addr=0xd00206c0)
[W : PPU[1] Thread (CPUThread)[0x017da040]]: SysCall[0x350d454e] done with code [0x0]! #pc: 0x17da040
[E : PPU[1] Thread (CPUThread)[0x017da040]]: TODO: sys_ppu_thread_get_id
[! : PPU[1] Thread (CPUThread)[0x017da040]]: sysPrxForUser: sys_ppu_thread_get_id(id_addr=0xd0020520)
[W : PPU[1] Thread (CPUThread)[0x017da040]]: SysCall[0x350d454e] done with code [0x0]! #pc: 0x17da040
[E : PPU[1] Thread (CPUThread)[0x017da040]]: TODO: sys_ppu_thread_get_id
[! : PPU[1] Thread (CPUThread)[0x017da040]]: sysPrxForUser: sys_ppu_thread_get_id(id_addr=0xd00206c0)
[W : PPU[1] Thread (CPUThread)[0x017da040]]: SysCall[0x350d454e] done with code [0x0]! #pc: 0x17da040
[E : PPU[1] Thread (CPUThread)[0x017da040]]: TODO: sys_ppu_thread_get_id
[! : PPU[1] Thread (CPUThread)[0x017da040]]: sysPrxForUser: sys_ppu_thread_get_id(id_addr=0xd0020630)
[W : PPU[1] Thread (CPUThread)[0x017da040]]: SysCall[0x350d454e] done with code [0x0]! #pc: 0x17da040
[E : PPU[1] Thread (CPUThread)[0x017da040]]: TODO: sys_ppu_thread_get_id
[W : PPU[1] Thread (CPUThread)[0x00d0b5b4]]: SysCall[0x193] done with code [0x0]! #pc: 0xd0b5b4
[! : PPU[1] Thread (CPUThread)[0x017da010]]: sys_lwmutex: sys_lwmutex_unlock(lwmutex_addr=0x177acf0)
[W : PPU[1] Thread (CPUThread)[0x017da010]]: SysCall[0x1bc200f4] done with code [0x0]! #pc: 0x17da010
[E : PPU[1] Thread (CPUThread)[0x017da010]]: TODO: sys_lwmutex_unlock
[! : PPU[1] Thread (CPUThread)[0x017da034]]: sys_lwmutex: sys_lwmutex_create(lwmutex_addr=0x177a8a8, lwmutex_attr_addr=0xd0020b60)
[W : PPU[1] Thread (CPUThread)[0x017da034]]: sys_lwmutex warning: *** lwmutex created [critsec] (attribute=0x11): sq_id = 12
[W : PPU[1] Thread (CPUThread)[0x017da034]]: SysCall[0x2f85c0ef] done with code [0x0]! #pc: 0x17da034
[E : PPU[1] Thread (CPUThread)[0x017da034]]: TODO: sys_lwmutex_create
[! : PPU[1] Thread (CPUThread)[0x017da034]]: sys_lwmutex: sys_lwmutex_create(lwmutex_addr=0x17793a8, lwmutex_attr_addr=0xd0020b70)
[W : PPU[1] Thread (CPUThread)[0x017da034]]: sys_lwmutex warning: *** lwmutex created [critsec] (attribute=0x11): sq_id = 13
[W : PPU[1] Thread (CPUThread)[0x017da034]]: SysCall[0x2f85c0ef] done with code [0x0]! #pc: 0x17da034
[E : PPU[1] Thread (CPUThread)[0x017da034]]: TODO: sys_lwmutex_create
[! : PPU[1] Thread (CPUThread)[0x017da040]]: sysPrxForUser: sys_ppu_thread_get_id(id_addr=0xd0020840)
[W : PPU[1] Thread (CPUThread)[0x017da040]]: SysCall[0x350d454e] done with code [0x0]! #pc: 0x17da040
[E : PPU[1] Thread (CPUThread)[0x017da040]]: TODO: sys_ppu_thread_get_id
[! : PPU[1] Thread (CPUThread)[0x017da004]]: sys_lwmutex: sys_lwmutex_lock(lwmutex_addr=0x177acf0, timeout=0)
[W : PPU[1] Thread (CPUThread)[0x017da004]]: SysCall[0x1573dc3f] done with code [0x0]! #pc: 0x17da004
[E : PPU[1] Thread (CPUThread)[0x017da004]]: TODO: sys_lwmutex_lock
[! : PPU[1] Thread (CPUThread)[0x017da040]]: sysPrxForUser: sys_ppu_thread_get_id(id_addr=0xd0020590)
[W : PPU[1] Thread (CPUThread)[0x017da040]]: SysCall[0x350d454e] done with code [0x0]! #pc: 0x17da040
[E : PPU[1] Thread (CPUThread)[0x017da040]]: TODO: sys_ppu_thread_get_id
[! : PPU[1] Thread (CPUThread)[0x017da040]]: sysPrxForUser: sys_ppu_thread_get_id(id_addr=0xd00203f0)
[W : PPU[1] Thread (CPUThread)[0x017da040]]: SysCall[0x350d454e] done with code [0x0]! #pc: 0x17da040
[E : PPU[1] Thread (CPUThread)[0x017da040]]: TODO: sys_ppu_thread_get_id
[! : PPU[1] Thread (CPUThread)[0x017da040]]: sysPrxForUser: sys_ppu_thread_get_id(id_addr=0xd0020590)
[W : PPU[1] Thread (CPUThread)[0x017da040]]: SysCall[0x350d454e] done with code [0x0]! #pc: 0x17da040
[E : PPU[1] Thread (CPUThread)[0x017da040]]: TODO: sys_ppu_thread_get_id
[! : PPU[1] Thread (CPUThread)[0x017da040]]: sysPrxForUser: sys_ppu_thread_get_id(id_addr=0xd0020500)
[W : PPU[1] Thread (CPUThread)[0x017da040]]: SysCall[0x350d454e] done with code [0x0]! #pc: 0x17da040
[E : PPU[1] Thread (CPUThread)[0x017da040]]: TODO: sys_ppu_thread_get_id
[W : PPU[1] Thread (CPUThread)[0x00d0b5b4]]: SysCall[0x193] done with code [0x0]! #pc: 0xd0b5b4
[! : PPU[1] Thread (CPUThread)[0x017da010]]: sys_lwmutex: sys_lwmutex_unlock(lwmutex_addr=0x177acf0)
[W : PPU[1] Thread (CPUThread)[0x017da010]]: SysCall[0x1bc200f4] done with code [0x0]! #pc: 0x17da010
[E : PPU[1] Thread (CPUThread)[0x017da010]]: TODO: sys_lwmutex_unlock
[! : PPU[1] Thread (CPUThread)[0x017da040]]: sysPrxForUser: sys_ppu_thread_get_id(id_addr=0xd00205b0)
[W : PPU[1] Thread (CPUThread)[0x017da040]]: SysCall[0x350d454e] done with code [0x0]! #pc: 0x17da040
[E : PPU[1] Thread (CPUThread)[0x017da040]]: TODO: sys_ppu_thread_get_id
[! : PPU[1] Thread (CPUThread)[0x017da004]]: sys_lwmutex: sys_lwmutex_lock(lwmutex_addr=0x177acc8, timeout=0)
[W : PPU[1] Thread (CPUThread)[0x017da004]]: SysCall[0x1573dc3f] done with code [0x0]! #pc: 0x17da004
[E : PPU[1] Thread (CPUThread)[0x017da004]]: TODO: sys_lwmutex_lock
[! : PPU[1] Thread (CPUThread)[0x017da010]]: sys_lwmutex: sys_lwmutex_unlock(lwmutex_addr=0x177acc8)
[W : PPU[1] Thread (CPUThread)[0x017da010]]: SysCall[0x1bc200f4] done with code [0x0]! #pc: 0x17da010
[E : PPU[1] Thread (CPUThread)[0x017da010]]: TODO: sys_lwmutex_unlock
[! : PPU[1] Thread (CPUThread)[0x017da040]]: sysPrxForUser: sys_ppu_thread_get_id(id_addr=0xd0020640)
[W : PPU[1] Thread (CPUThread)[0x017da040]]: SysCall[0x350d454e] done with code [0x0]! #pc: 0x17da040
[E : PPU[1] Thread (CPUThread)[0x017da040]]: TODO: sys_ppu_thread_get_id
[! : PPU[1] Thread (CPUThread)[0x017da004]]: sys_lwmutex: sys_lwmutex_lock(lwmutex_addr=0x177ac50, timeout=0)
[W : PPU[1] Thread (CPUThread)[0x017da004]]: SysCall[0x1573dc3f] done with code [0x0]! #pc: 0x17da004
[E : PPU[1] Thread (CPUThread)[0x017da004]]: TODO: sys_lwmutex_lock
[! : PPU[1] Thread (CPUThread)[0x017da040]]: sysPrxForUser: sys_ppu_thread_get_id(id_addr=0xd00206b0)
[W : PPU[1] Thread (CPUThread)[0x017da040]]: SysCall[0x350d454e] done with code [0x0]! #pc: 0x17da040
[E : PPU[1] Thread (CPUThread)[0x017da040]]: TODO: sys_ppu_thread_get_id
[! : PPU[1] Thread (CPUThread)[0x017da004]]: sys_lwmutex: sys_lwmutex_lock(lwmutex_addr=0x177acc8, timeout=0)
[W : PPU[1] Thread (CPUThread)[0x017da004]]: SysCall[0x1573dc3f] done with code [0x0]! #pc: 0x17da004
[E : PPU[1] Thread (CPUThread)[0x017da004]]: TODO: sys_lwmutex_lock
[! : PPU[1] Thread (CPUThread)[0x017da010]]: sys_lwmutex: sys_lwmutex_unlock(lwmutex_addr=0x177acc8)
[W : PPU[1] Thread (CPUThread)[0x017da010]]: SysCall[0x1bc200f4] done with code [0x0]! #pc: 0x17da010
[E : PPU[1] Thread (CPUThread)[0x017da010]]: TODO: sys_lwmutex_unlock
[W : PPU[1] Thread (CPUThread)[0x017da0a0]]: sys_lwmutex warning: sys_lwmutex_destroy(lwmutex_addr=0x177acc8)
[W : PPU[1] Thread (CPUThread)[0x017da0a0]]: SysCall[0xc3476d0c] done with code [0x0]! #pc: 0x17da0a0
[E : PPU[1] Thread (CPUThread)[0x017da0a0]]: TODO: sys_lwmutex_destroy
[! : PPU[1] Thread (CPUThread)[0x017da010]]: sys_lwmutex: sys_lwmutex_unlock(lwmutex_addr=0x177ac50)
[W : PPU[1] Thread (CPUThread)[0x017da010]]: SysCall[0x1bc200f4] done with code [0x0]! #pc: 0x17da010
[E : PPU[1] Thread (CPUThread)[0x017da010]]: TODO: sys_lwmutex_unlock
[! : PPU[1] Thread (CPUThread)[0x017da040]]: sysPrxForUser: sys_ppu_thread_get_id(id_addr=0xd00205b0)
[W : PPU[1] Thread (CPUThread)[0x017da040]]: SysCall[0x350d454e] done with code [0x0]! #pc: 0x17da040
[E : PPU[1] Thread (CPUThread)[0x017da040]]: TODO: sys_ppu_thread_get_id
[! : PPU[1] Thread (CPUThread)[0x017da004]]: sys_lwmutex: sys_lwmutex_lock(lwmutex_addr=0x177acf0, timeout=0)
[W : PPU[1] Thread (CPUThread)[0x017da004]]: SysCall[0x1573dc3f] done with code [0x0]! #pc: 0x17da004
[E : PPU[1] Thread (CPUThread)[0x017da004]]: TODO: sys_lwmutex_lock
[! : PPU[1] Thread (CPUThread)[0x017da010]]: sys_lwmutex: sys_lwmutex_unlock(lwmutex_addr=0x177acf0)
[W : PPU[1] Thread (CPUThread)[0x017da010]]: SysCall[0x1bc200f4] done with code [0x0]! #pc: 0x17da010
[E : PPU[1] Thread (CPUThread)[0x017da010]]: TODO: sys_lwmutex_unlock
[! : PPU[1] Thread (CPUThread)[0x017da040]]: sysPrxForUser: sys_ppu_thread_get_id(id_addr=0xd0020640)
[W : PPU[1] Thread (CPUThread)[0x017da040]]: SysCall[0x350d454e] done with code [0x0]! #pc: 0x17da040
[E : PPU[1] Thread (CPUThread)[0x017da040]]: TODO: sys_ppu_thread_get_id
[! : PPU[1] Thread (CPUThread)[0x017da004]]: sys_lwmutex: sys_lwmutex_lock(lwmutex_addr=0x177ac50, timeout=0)
[W : PPU[1] Thread (CPUThread)[0x017da004]]: SysCall[0x1573dc3f] done with code [0x0]! #pc: 0x17da004
[E : PPU[1] Thread (CPUThread)[0x017da004]]: TODO: sys_lwmutex_lock
[! : PPU[1] Thread (CPUThread)[0x017da040]]: sysPrxForUser: sys_ppu_thread_get_id(id_addr=0xd00206b0)
[W : PPU[1] Thread (CPUThread)[0x017da040]]: SysCall[0x350d454e] done with code [0x0]! #pc: 0x17da040
[E : PPU[1] Thread (CPUThread)[0x017da040]]: TODO: sys_ppu_thread_get_id
[! : PPU[1] Thread (CPUThread)[0x017da004]]: sys_lwmutex: sys_lwmutex_lock(lwmutex_addr=0x177acf0, timeout=0)
[W : PPU[1] Thread (CPUThread)[0x017da004]]: SysCall[0x1573dc3f] done with code [0x0]! #pc: 0x17da004
[E : PPU[1] Thread (CPUThread)[0x017da004]]: TODO: sys_lwmutex_lock
[! : PPU[1] Thread (CPUThread)[0x017da010]]: sys_lwmutex: sys_lwmutex_unlock(lwmutex_addr=0x177acf0)
[W : PPU[1] Thread (CPUThread)[0x017da010]]: SysCall[0x1bc200f4] done with code [0x0]! #pc: 0x17da010
[E : PPU[1] Thread (CPUThread)[0x017da010]]: TODO: sys_lwmutex_unlock
[W : PPU[1] Thread (CPUThread)[0x017da0a0]]: sys_lwmutex warning: sys_lwmutex_destroy(lwmutex_addr=0x177acf0)
[W : PPU[1] Thread (CPUThread)[0x017da0a0]]: SysCall[0xc3476d0c] done with code [0x0]! #pc: 0x17da0a0
[E : PPU[1] Thread (CPUThread)[0x017da0a0]]: TODO: sys_lwmutex_destroy
[! : PPU[1] Thread (CPUThread)[0x017da010]]: sys_lwmutex: sys_lwmutex_unlock(lwmutex_addr=0x177ac50)
[W : PPU[1] Thread (CPUThread)[0x017da010]]: SysCall[0x1bc200f4] done with code [0x0]! #pc: 0x17da010
[E : PPU[1] Thread (CPUThread)[0x017da010]]: TODO: sys_lwmutex_unlock
[! : PPU[1] Thread (CPUThread)[0x017da040]]: sysPrxForUser: sys_ppu_thread_get_id(id_addr=0xd0020640)
[W : PPU[1] Thread (CPUThread)[0x017da040]]: SysCall[0x350d454e] done with code [0x0]! #pc: 0x17da040
[E : PPU[1] Thread (CPUThread)[0x017da040]]: TODO: sys_ppu_thread_get_id
[! : PPU[1] Thread (CPUThread)[0x017da004]]: sys_lwmutex: sys_lwmutex_lock(lwmutex_addr=0x177ad18, timeout=0)
[W : PPU[1] Thread (CPUThread)[0x017da004]]: SysCall[0x1573dc3f] done with code [0x0]! #pc: 0x17da004
[E : PPU[1] Thread (CPUThread)[0x017da004]]: TODO: sys_lwmutex_lock
[! : PPU[1] Thread (CPUThread)[0x017da010]]: sys_lwmutex: sys_lwmutex_unlock(lwmutex_addr=0x177ad18)
[W : PPU[1] Thread (CPUThread)[0x017da010]]: SysCall[0x1bc200f4] done with code [0x0]! #pc: 0x17da010
[E : PPU[1] Thread (CPUThread)[0x017da010]]: TODO: sys_lwmutex_unlock
[! : PPU[1] Thread (CPUThread)[0x017da040]]: sysPrxForUser: sys_ppu_thread_get_id(id_addr=0xd00206d0)
[W : PPU[1] Thread (CPUThread)[0x017da040]]: SysCall[0x350d454e] done with code [0x0]! #pc: 0x17da040
[E : PPU[1] Thread (CPUThread)[0x017da040]]: TODO: sys_ppu_thread_get_id
[! : PPU[1] Thread (CPUThread)[0x017da004]]: sys_lwmutex: sys_lwmutex_lock(lwmutex_addr=0x177ac50, timeout=0)
[W : PPU[1] Thread (CPUThread)[0x017da004]]: SysCall[0x1573dc3f] done with code [0x0]! #pc: 0x17da004
[E : PPU[1] Thread (CPUThread)[0x017da004]]: TODO: sys_lwmutex_lock
[! : PPU[1] Thread (CPUThread)[0x017da040]]: sysPrxForUser: sys_ppu_thread_get_id(id_addr=0xd0020740)
[W : PPU[1] Thread (CPUThread)[0x017da040]]: SysCall[0x350d454e] done with code [0x0]! #pc: 0x17da040
[E : PPU[1] Thread (CPUThread)[0x017da040]]: TODO: sys_ppu_thread_get_id
[! : PPU[1] Thread (CPUThread)[0x017da004]]: sys_lwmutex: sys_lwmutex_lock(lwmutex_addr=0x177ad18, timeout=0)
[W : PPU[1] Thread (CPUThread)[0x017da004]]: SysCall[0x1573dc3f] done with code [0x0]! #pc: 0x17da004
[E : PPU[1] Thread (CPUThread)[0x017da004]]: TODO: sys_lwmutex_lock
[! : PPU[1] Thread (CPUThread)[0x017da010]]: sys_lwmutex: sys_lwmutex_unlock(lwmutex_addr=0x177ad18)
[W : PPU[1] Thread (CPUThread)[0x017da010]]: SysCall[0x1bc200f4] done with code [0x0]! #pc: 0x17da010
[E : PPU[1] Thread (CPUThread)[0x017da010]]: TODO: sys_lwmutex_unlock
[W : PPU[1] Thread (CPUThread)[0x017da0a0]]: sys_lwmutex warning: sys_lwmutex_destroy(lwmutex_addr=0x177ad18)
[W : PPU[1] Thread (CPUThread)[0x017da0a0]]: SysCall[0xc3476d0c] done with code [0x0]! #pc: 0x17da0a0
[E : PPU[1] Thread (CPUThread)[0x017da0a0]]: TODO: sys_lwmutex_destroy
[! : PPU[1] Thread (CPUThread)[0x017da010]]: sys_lwmutex: sys_lwmutex_unlock(lwmutex_addr=0x177ac50)
[W : PPU[1] Thread (CPUThread)[0x017da010]]: SysCall[0x1bc200f4] done with code [0x0]! #pc: 0x17da010
[E : PPU[1] Thread (CPUThread)[0x017da010]]: TODO: sys_lwmutex_unlock
[W : PPU[1] Thread (CPUThread)[0x017da0a0]]: sys_lwmutex warning: sys_lwmutex_destroy(lwmutex_addr=0x177ac00)
[W : PPU[1] Thread (CPUThread)[0x017da0a0]]: SysCall[0xc3476d0c] done with code [0x0]! #pc: 0x17da0a0
[E : PPU[1] Thread (CPUThread)[0x017da0a0]]: TODO: sys_lwmutex_destroy
[W : PPU[1] Thread (CPUThread)[0x017da0a0]]: sys_lwmutex warning: sys_lwmutex_destroy(lwmutex_addr=0x177ac28)
[W : PPU[1] Thread (CPUThread)[0x017da0a0]]: SysCall[0xc3476d0c] done with code [0x0]! #pc: 0x17da0a0
[E : PPU[1] Thread (CPUThread)[0x017da0a0]]: TODO: sys_lwmutex_destroy
[W : PPU[1] Thread (CPUThread)[0x017da0a0]]: sys_lwmutex warning: sys_lwmutex_destroy(lwmutex_addr=0x177ac50)
[W : PPU[1] Thread (CPUThread)[0x017da0a0]]: SysCall[0xc3476d0c] done with code [0x0]! #pc: 0x17da0a0
[E : PPU[1] Thread (CPUThread)[0x017da0a0]]: TODO: sys_lwmutex_destroy
[W : PPU[1] Thread (CPUThread)[0x017da0a0]]: sys_lwmutex warning: sys_lwmutex_destroy(lwmutex_addr=0x177ac78)
[W : PPU[1] Thread (CPUThread)[0x017da0a0]]: SysCall[0xc3476d0c] done with code [0x0]! #pc: 0x17da0a0
[E : PPU[1] Thread (CPUThread)[0x017da0a0]]: TODO: sys_lwmutex_destroy
[W : PPU[1] Thread (CPUThread)[0x017da0a0]]: sys_lwmutex warning: sys_lwmutex_destroy(lwmutex_addr=0x177aca0)
[W : PPU[1] Thread (CPUThread)[0x017da0a0]]: SysCall[0xc3476d0c] done with code [0x0]! #pc: 0x17da0a0
[E : PPU[1] Thread (CPUThread)[0x017da0a0]]: TODO: sys_lwmutex_destroy
[W : PPU[1] Thread (CPUThread)[0x017da0a0]]: sys_lwmutex warning: sys_lwmutex_destroy(lwmutex_addr=0x177b538)
[W : PPU[1] Thread (CPUThread)[0x017da0a0]]: SysCall[0xc3476d0c] done with code [0x0]! #pc: 0x17da0a0
[E : PPU[1] Thread (CPUThread)[0x017da0a0]]: TODO: sys_lwmutex_destroy
[W : PPU[1] Thread (CPUThread)[0x017da0b8]]: Process warning: sys_process_exit(1)
[S : PPU[1] Thread (CPUThread)[0x017da0b8]]: Process finished
[W : PPU[1] Thread (CPUThread)[0x017da0b8]]: SysCall[0xe6f2c1e7] done with code [0x0]! #pc: 0x17da0b8
[E : PPU[1] Thread (CPUThread)[0x017da0b8]]: TODO: sys_process_exit
