[!]: path: /dev_hdd0/game/
[!]: Loading 'D:\Emulateur\Rpcs3\dev_hdd0\game\NPEA00154-[Gravity Crash_]\USRDIR\BOOT.BIN'...
[!]: Mount info:
[!]: /dev_hdd0/ -> D:\Emulateur\Rpcs3\dev_hdd0\
[!]: /dev_hdd1/ -> D:\Emulateur\Rpcs3\dev_hdd1\
[!]: /dev_flash/ -> D:\Emulateur\Rpcs3\dev_flash\
[!]: /dev_usb000/ -> D:\Emulateur\Rpcs3\dev_usb000\
[!]: /dev_usb/ -> D:\Emulateur\Rpcs3\dev_usb000\
[!]: /app_home/ -> D:\Emulateur\Rpcs3\dev_hdd0\game\NPEA00154-[Gravity Crash_]\
[!]: /dev_bdvd/ -> D:\Emulateur\Rpcs3\dev_hdd0\game\NPEA00154-[Gravity Crash_]\\..\
[!]: /host_root/ -> 
[!]: / -> D:\Emulateur\Rpcs3\dev_hdd0\game\NPEA00154-[Gravity Crash_]\\USRDIR\
[!]: Initing memory...
[!]: Memory initialized.
[W]: Unknown function 0x6d3bb15b in 'sys_fs' module
[E]: TODO: cellFsSdataOpenByFd
[W]: Unknown function 0x967a162b in 'sys_fs' module
[E]: TODO: cellFsFsync
[W]: Unknown function 0x3d1e1931 in 'cellSysutil' module
[E]: TODO: cellOskDialogUnloadAsync
[W]: Unknown function 0x62b0f803 in 'cellSysutil' module
[E]: TODO: cellMsgDialogAbort
[W]: Unknown function 0x7fcfc915 in 'cellSysutil' module
[E]: TODO: cellOskDialogLoadAsync
[W]: Unknown function 0x8b7ed64b in 'cellSysutil' module
[E]: TODO: cellSaveDataAutoSave2
[W]: Unknown function 0xb53c54fa in 'cellSysutil' module
[E]: TODO: cellOskDialogSetKeyLayoutOption
[W]: Unknown function 0xb6d84526 in 'cellSysutil' module
[E]: TODO: cellOskDialogAbort
[W]: Unknown function 0xc427890c in 'cellSysutil' module
[E]: TODO: cellOskDialogSetInitialKeyLayout
[W]: Unknown function 0xf0ec3ccc in 'cellSysutil' module
[E]: TODO: cellOskDialogSetLayoutMode
[W]: Unknown function 0xf3b4b43e in 'cellSysutil' module
[E]: TODO: cellOskDialogSetInitialInputDevice
[W]: Unknown function 0xfbd5c856 in 'cellSysutil' module
[E]: TODO: cellSaveDataAutoLoad2
[W]: Unknown function 0xa11552f6 in 'cellSysutil' module
[E]: TODO: cellSysutilGetBgmPlaybackStatus
[W]: Unknown function 0x66f5e388 in 'cellResc' module
[E]: TODO: cellRescGetLastFlipTime
[W]: Unknown function 0xd3758645 in 'cellResc' module
[E]: TODO: cellRescSetVBlankHandler
[W]: Unknown function 0xe0cef79e in 'cellResc' module
[E]: TODO: cellRescCreateInterlaceTable
[W]: Unknown function 0x63387071 in 'cellGcmSys' module
[E]: TODO: cellGcmGetLastFlipTime
[W]: Unknown function 0x99d397ac in 'cellGcmSys' module
[E]: TODO: cellGcmGetReport
[W]: Unknown function 0xa6b180ac in 'cellGcmSys' module
[E]: TODO: cellGcmGetReportDataLocation
[W]: Unknown function 0xd01b570d in 'cellGcmSys' module
[E]: TODO: cellGcmSetGraphicsHandler
[W]: Unknown function 0x16394a4e in 'cellSpurs' module
[E]: TODO: _cellSpursTasksetAttributeInitialize
[W]: Unknown function 0x1d46fedf in 'cellSpurs' module
[E]: TODO: cellSpursCreateTaskWithAttribute
[W]: Unknown function 0x34552fa6 in 'cellSpurs' module
[E]: TODO: cellSpursTaskExitCodeInitialize
[W]: Unknown function 0x652b70e2 in 'cellSpurs' module
[E]: TODO: cellSpursTasksetAttributeSetName
[W]: Unknown function 0x8f122ef8 in 'cellSpurs' module
[E]: TODO: cellSpursTasksetAttributeSetTasksetSize
[W]: Unknown function 0x9f72add3 in 'cellSpurs' module
[E]: TODO: cellSpursJoinTaskset
[W]: Unknown function 0xa121a224 in 'cellSpurs' module
[E]: TODO: cellSpursTaskAttributeSetExitCodeContainer
[W]: Unknown function 0xa789e631 in 'cellSpurs' module
[E]: TODO: cellSpursShutdownTaskset
[W]: Unknown function 0xaa6269a8 in 'cellSpurs' module
[E]: TODO: cellSpursInitializeWithAttribute
[W]: Unknown function 0xb8474eff in 'cellSpurs' module
[E]: TODO: _cellSpursTaskAttributeInitialize
[W]: Unknown function 0xc10931cb in 'cellSpurs' module
[E]: TODO: cellSpursCreateTasksetWithAttribute
[W]: Unknown function 0xe717ac73 in 'cellSpurs' module
[E]: TODO: cellSpursTaskExitCodeTryGet
[W]: Unknown function 0x139a9e9b in 'sys_net' module
[E]: TODO: sys_net_initialize_network_ex
[W]: Unknown function 0xb68d5625 in 'sys_net' module
[E]: TODO: sys_net_finalize_network
[W]: Unknown function 0x28e208bb in 'sys_net' module
[E]: TODO: listen
[W]: Unknown function 0x3f09e20a in 'sys_net' module
[E]: TODO: socketselect
[W]: Unknown function 0x6005cde1 in 'sys_net' module
[E]: TODO: _sys_net_errno_loc
[W]: Unknown function 0x64f66d35 in 'sys_net' module
[E]: TODO: connect
[W]: Unknown function 0x6db6e8cd in 'sys_net' module
[E]: TODO: socketclose
[W]: Unknown function 0x88f03575 in 'sys_net' module
[E]: TODO: setsockopt
[W]: Unknown function 0x9c056962 in 'sys_net' module
[E]: TODO: socket
[W]: Unknown function 0xb0a59804 in 'sys_net' module
[E]: TODO: bind
[W]: Unknown function 0xc94f6939 in 'sys_net' module
[E]: TODO: accept
[W]: Unknown function 0xdabbc2c0 in 'sys_net' module
[E]: TODO: inet_addr
[W]: Unknown function 0xdc751b40 in 'sys_net' module
[E]: TODO: send
[W]: Unknown function 0xfba04f37 in 'sys_net' module
[E]: TODO: recv
[W]: Unknown function 0x931ff25a in 'cellL10n' module
[E]: TODO: L10nConvertStr
[W]: Unknown function 0x04372385 in 'sceNp' module
[E]: TODO: sceNpBasicGetFriendListEntry
[W]: Unknown function 0x0968aa36 in 'sceNp' module
[E]: TODO: sceNpManagerGetTicket
[W]: Unknown function 0x21206642 in 'sceNp' module
[E]: TODO: sceNpScoreGetRankingByRangeAsync
[W]: Unknown function 0x259113b8 in 'sceNp' module
[E]: TODO: sceNpScoreDestroyTitleCtx
[W]: Unknown function 0x32cf311f in 'sceNp' module
[E]: TODO: sceNpScoreInit
[W]: Unknown function 0x3d1760dc in 'sceNp' module
[E]: TODO: sceNpLookupAbortTransaction
[W]: Unknown function 0x3db7914d in 'sceNp' module
[E]: TODO: sceNpScoreGetRankingByNpIdAsync
[W]: Unknown function 0x52a6b523 in 'sceNp' module
[E]: TODO: sceNpManagerUnregisterCallback
[W]: Unknown function 0x5de61626 in 'sceNp' module
[E]: TODO: sceNpLookupDestroyTitleCtx
[W]: Unknown function 0x5f2d9257 in 'sceNp' module
[E]: TODO: sceNpLookupInit
[W]: Unknown function 0x6ee62ed2 in 'sceNp' module
[E]: TODO: sceNpManagerGetContentRatingFlag
[W]: Unknown function 0x6f5e8143 in 'sceNp' module
[E]: TODO: sceNpScoreCreateTransactionCtx
[W]: Unknown function 0x7508112e in 'sceNp' module
[E]: TODO: sceNpLookupPollAsync
[W]: Unknown function 0x8297f1ec in 'sceNp' module
[E]: TODO: sceNpManagerRequestTicket2
[W]: Unknown function 0x8440537c in 'sceNp' module
[E]: TODO: sceNpLookupTerm
[W]: Unknown function 0x9851f805 in 'sceNp' module
[E]: TODO: sceNpScoreTerm
[W]: Unknown function 0xa7a090e5 in 'sceNp' module
[E]: TODO: sceNpScorePollAsync
[W]: Unknown function 0xad218faf in 'sceNp' module
[E]: TODO: sceNpDrmIsAvailable
[W]: Unknown function 0xafef640d in 'sceNp' module
[E]: TODO: sceNpBasicGetFriendListEntryCount
[W]: Unknown function 0xb1e0718b in 'sceNp' module
[E]: TODO: sceNpManagerGetAccountRegion
[W]: Unknown function 0xb9f93bbb in 'sceNp' module
[E]: TODO: sceNpScoreCreateTitleCtx
[W]: Unknown function 0xbdc07fd5 in 'sceNp' module
[E]: TODO: sceNpManagerGetNetworkTime
[W]: Unknown function 0xbe07c708 in 'sceNp' module
[E]: TODO: sceNpManagerGetOnlineId
[W]: Unknown function 0xbe0e3ee2 in 'sceNp' module
[E]: TODO: sceNpDrmVerifyUpgradeLicense2
[W]: Unknown function 0xc5f4cf82 in 'sceNp' module
[E]: TODO: sceNpScoreDestroyTransactionCtx
[W]: Unknown function 0xce81c7f0 in 'sceNp' module
[E]: TODO: sceNpLookupCreateTitleCtx
[W]: Unknown function 0xd12e40ae in 'sceNp' module
[E]: TODO: sceNpLookupNpIdAsync
[W]: Unknown function 0xe7dcd3b4 in 'sceNp' module
[E]: TODO: sceNpManagerRegisterCallback
[W]: Unknown function 0xea2e9ffc in 'sceNp' module
[E]: TODO: sceNpLookupCreateTransactionCtx
[W]: Unknown function 0xee5b20d9 in 'sceNp' module
[E]: TODO: sceNpScoreAbortTransaction
[W]: Unknown function 0xf0b1e399 in 'sceNp' module
[E]: TODO: sceNpScoreRecordScoreAsync
[W]: Unknown function 0xfb87cf5e in 'sceNp' module
[E]: TODO: sceNpLookupDestroyTransactionCtx
[W]: Unknown function 0xfe37a7f4 in 'sceNp' module
[E]: TODO: sceNpManagerGetNpId
[W]: Unknown function 0xf042b14f in 'sceNp' module
[E]: TODO: sceNpDrmIsAvailable2
[W]: Unknown function 0x41251f74 in 'sceNp2' module
[E]: TODO: sceNp2Init
[W]: Unknown module 'sceNpTus'
[W]: Unknown module 'cellUserInfo'
[W]: Unknown module 'cellSysutilAvconfExt'
[W]: Unknown function 0x1650aea4 in 'cellSsl' module
[E]: TODO: cellSslEnd
[W]: Unknown function 0x571afaca in 'cellSsl' module
[E]: TODO: cellSslCertificateLoader
[W]: Unknown function 0xfb02c9d2 in 'cellSsl' module
[E]: TODO: cellSslInit
[W]: Unknown module 'cellHttp'
[W]: Unknown function 0x32faaf58 in 'cellHttpUtil' module
[E]: TODO: cellHttpUtilParseUri
[W]: Unknown function 0x9003b1f2 in 'cellHttpUtil' module
[E]: TODO: cellHttpUtilEscapeUri
[W]: Unknown module 'sceNpCommerce2'
[W]: Unknown function 0x12d9b6c5 in 'cellJpgEnc' module
[E]: TODO: cellJpgEncQueryAttr
[W]: Unknown function 0x2ae79be8 in 'cellJpgEnc' module
[E]: TODO: cellJpgEncWaitForInput
[W]: Unknown function 0x4262e880 in 'cellJpgEnc' module
[E]: TODO: cellJpgEncGetStreamInfo
[W]: Unknown function 0x969fc5f7 in 'cellJpgEnc' module
[E]: TODO: cellJpgEncClose
[W]: Unknown function 0x9b4e3a74 in 'cellJpgEnc' module
[E]: TODO: cellJpgEncWaitForOutput
[W]: Unknown function 0xa4bfae51 in 'cellJpgEnc' module
[E]: TODO: cellJpgEncOpen
[W]: Unknown function 0xa9e81214 in 'cellJpgEnc' module
[E]: TODO: cellJpgEncEncodePicture
[W]: Unknown function 0x05709bbf in 'cellMic' module
[E]: TODO: cellMicOpenEx
[W]: Unknown function 0x07e1b12c in 'cellMic' module
[E]: TODO: cellMicRead
[W]: Unknown function 0x7903400e in 'cellMic' module
[E]: TODO: cellMicSetNotifyEventQueue
[W]: Unknown function 0x8325e02d in 'cellMic' module
[E]: TODO: cellMicInit
[W]: Unknown function 0x8d229f8e in 'cellMic' module
[E]: TODO: cellMicClose
[W]: Unknown function 0xc6328caa in 'cellMic' module
[E]: TODO: cellMicEnd
[W]: Unknown function 0xdd724314 in 'cellMic' module
[E]: TODO: cellMicStart
[W]: Unknown function 0xfcfaf246 in 'cellMic' module
[E]: TODO: cellMicStop
[W]: Unknown function 0x26090058 in 'sysPrxForUser' module
[E]: TODO: sys_prx_load_module
[W]: Unknown function 0x5267cb35 in 'sysPrxForUser' module
[E]: TODO: sys_spinlock_unlock
[W]: Unknown function 0x722a0254 in 'sysPrxForUser' module
[E]: TODO: sys_spinlock_trylock
[W]: Unknown function 0x8c2bb498 in 'sysPrxForUser' module
[E]: TODO: sys_spinlock_initialize
[W]: Unknown function 0xa285139d in 'sysPrxForUser' module
[E]: TODO: sys_spinlock_lock
[W]: Unknown function 0xa330ad84 in 'sysPrxForUser' module
[E]: TODO: sys_prx_load_module_on_memcontainer_by_fd
[W]: Unknown function 0xaa6d9bff in 'sysPrxForUser' module
[E]: TODO: sys_prx_load_module_on_memcontainer
[W]: Unknown function 0xdd3b27ac in 'sysPrxForUser' module
[E]: TODO: _sys_spu_printf_finalize
[W]: Unknown function 0xef68c17c in 'sysPrxForUser' module
[E]: TODO: sys_prx_load_module_by_fd
[W : PPU[1] Thread (CPUThread)[0x00a08058]]: sys_lwmutex warning: *** lwmutex created [_lc_mtx] (attribute=0x12): sq_id = 3
[W : PPU[1] Thread (CPUThread)[0x002aca7c]]: memory warning: sys_memory_get_user_memory_size(mem_info_addr=0xd0020c04)
[W : PPU[1] Thread (CPUThread)[0x00a08058]]: sys_lwmutex warning: *** lwmutex created [_lc_mtx] (attribute=0x12): sq_id = 4
[W : PPU[1] Thread (CPUThread)[0x00a08058]]: sys_lwmutex warning: *** lwmutex created [_lc_mtx] (attribute=0x12): sq_id = 5
[W : PPU[1] Thread (CPUThread)[0x00a08058]]: sys_lwmutex warning: *** lwmutex created [_lc_mtx] (attribute=0x12): sq_id = 6
[W : PPU[1] Thread (CPUThread)[0x00a08058]]: sys_lwmutex warning: *** lwmutex created [_lc_mtx] (attribute=0x12): sq_id = 7
[W : PPU[1] Thread (CPUThread)[0x00a08058]]: sys_lwmutex warning: *** lwmutex created [_lc_mtx] (attribute=0x12): sq_id = 8
[W : PPU[1] Thread (CPUThread)[0x00a08058]]: sys_lwmutex warning: *** lwmutex created [_lc_mtx] (attribute=0x12): sq_id = 9
[W : PPU[1] Thread (CPUThread)[0x00a08058]]: sys_lwmutex warning: *** lwmutex created [_lc_mtx] (attribute=0x12): sq_id = 10
[W : PPU[1] Thread (CPUThread)[0x00a08058]]: sys_lwmutex warning: *** lwmutex created [_lc_mtx] (attribute=0x12): sq_id = 11
[W : PPU[1] Thread (CPUThread)[0x00a08058]]: sys_lwmutex warning: *** lwmutex created [_lc_mtx] (attribute=0x12): sq_id = 12
[W : PPU[1] Thread (CPUThread)[0x00a08058]]: sys_lwmutex warning: *** lwmutex created [_lc_mtx] (attribute=0x12): sq_id = 13
[W : PPU[1] Thread (CPUThread)[0x00a08058]]: sys_lwmutex warning: *** lwmutex created [_lc_mtx] (attribute=0x12): sq_id = 14
[W : PPU[1] Thread (CPUThread)[0x00a08058]]: sys_lwmutex warning: *** lwmutex created [_lc_mtx] (attribute=0x12): sq_id = 15
[W : PPU[1] Thread (CPUThread)[0x00a08058]]: sys_lwmutex warning: *** lwmutex created [_lc_mtx] (attribute=0x12): sq_id = 16
[W : PPU[1] Thread (CPUThread)[0x00a08058]]: sys_lwmutex warning: *** lwmutex created [_lc_mtx] (attribute=0x12): sq_id = 17
[W : PPU[1] Thread (CPUThread)[0x00a08058]]: sys_lwmutex warning: *** lwmutex created [_lc_mtx] (attribute=0x12): sq_id = 18
[W : PPU[1] Thread (CPUThread)[0x00a08058]]: sys_lwmutex warning: *** lwmutex created [_lc_mtx] (attribute=0x12): sq_id = 19
[W : PPU[1] Thread (CPUThread)[0x00a08058]]: sys_lwmutex warning: *** lwmutex created [_lc_mtx] (attribute=0x12): sq_id = 20
[W : PPU[1] Thread (CPUThread)[0x00a08058]]: sys_lwmutex warning: *** lwmutex created [_lc_mtx] (attribute=0x12): sq_id = 21
[W : PPU[1] Thread (CPUThread)[0x00a08058]]: sys_lwmutex warning: *** lwmutex created [_lc_mtx] (attribute=0x12): sq_id = 22
[W : PPU[1] Thread (CPUThread)[0x00a08058]]: sys_lwmutex warning: *** lwmutex created [_lc_mtx] (attribute=0x12): sq_id = 23
[W : PPU[1] Thread (CPUThread)[0x00a08058]]: sys_lwmutex warning: *** lwmutex created [_lc_mtx] (attribute=0x12): sq_id = 24
[W : PPU[1] Thread (CPUThread)[0x00a08058]]: sys_lwmutex warning: *** lwmutex created [ps3HDDL] (attribute=0x12): sq_id = 25
[W : PPU[1] Thread (CPUThread)[0x0029d67c]]: cellSysutil warning: cellSysutilGetSystemParamInt: CELL_SYSUTIL_SYSTEMPARAM_ID_TIMEZONE
[W : PPU[1] Thread (CPUThread)[0x0029d67c]]: cellSysutil warning: cellSysutilGetSystemParamInt: CELL_SYSUTIL_SYSTEMPARAM_ID_SUMMERTIME
[W : PPU[1] Thread (CPUThread)[0x002a2bc4]]: cellSysutil warning: cellSysutilGetSystemParamInt: CELL_SYSUTIL_SYSTEMPARAM_ID_TIMEZONE
[W : PPU[1] Thread (CPUThread)[0x002a2bc4]]: cellSysutil warning: cellSysutilGetSystemParamInt: CELL_SYSUTIL_SYSTEMPARAM_ID_SUMMERTIME
[W : PPU[1] Thread (CPUThread)[0x0029f0ec]]: cellSysutil warning: cellSysutilGetSystemParamInt: CELL_SYSUTIL_SYSTEMPARAM_ID_TIMEZONE
[W : PPU[1] Thread (CPUThread)[0x0029f0ec]]: cellSysutil warning: cellSysutilGetSystemParamInt: CELL_SYSUTIL_SYSTEMPARAM_ID_SUMMERTIME
[W : PPU[1] Thread (CPUThread)[0x002a2bc4]]: cellSysutil warning: cellSysutilGetSystemParamInt: CELL_SYSUTIL_SYSTEMPARAM_ID_TIMEZONE
[W : PPU[1] Thread (CPUThread)[0x002a2bc4]]: cellSysutil warning: cellSysutilGetSystemParamInt: CELL_SYSUTIL_SYSTEMPARAM_ID_SUMMERTIME
[W : PPU[1] Thread (CPUThread)[0x0029d628]]: cellSysutil warning: cellSysutilGetSystemParamInt: CELL_SYSUTIL_SYSTEMPARAM_ID_TIMEZONE
[W : PPU[1] Thread (CPUThread)[0x0029d628]]: cellSysutil warning: cellSysutilGetSystemParamInt: CELL_SYSUTIL_SYSTEMPARAM_ID_SUMMERTIME
[W : PPU[1] Thread (CPUThread)[0x0029f0ec]]: cellSysutil warning: cellSysutilGetSystemParamInt: CELL_SYSUTIL_SYSTEMPARAM_ID_TIMEZONE
[W : PPU[1] Thread (CPUThread)[0x0029f0ec]]: cellSysutil warning: cellSysutilGetSystemParamInt: CELL_SYSUTIL_SYSTEMPARAM_ID_SUMMERTIME
[W : PPU[1] Thread (CPUThread)[0x0006bac0]]: sys_spu warning: sys_spu_initialize(max_usable_spu=6, max_raw_spu=1)
[E : PPU[1] Thread (CPUThread)[0x00a080c4]]: TODO: sys_spinlock_initialize
[E : PPU[1] Thread (CPUThread)[0x00a080dc]]: TODO: sys_spinlock_lock
[E : PPU[1] Thread (CPUThread)[0x00a08094]]: TODO: sys_spinlock_unlock
[W : PPU[1] Thread (CPUThread)[0x0036c010]]: cellSysmodule warning: cellSysmoduleLoadModule(CELL_SYSMODULE_GCM_SYS)
[W : PPU[1] Thread (CPUThread)[0x0036c010]]: cellSysmodule warning: cellSysmoduleLoadModule(CELL_SYSMODULE_FS)
[W : PPU[1] Thread (CPUThread)[0x0036c010]]: cellSysmodule warning: cellSysmoduleLoadModule(CELL_SYSMODULE_IO)
[W : PPU[1] Thread (CPUThread)[0x0036c010]]: cellSysmodule warning: cellSysmoduleLoadModule(CELL_SYSMODULE_L10N)
[W : PPU[1] Thread (CPUThread)[0x0036c010]]: cellSysmodule warning: cellSysmoduleLoadModule(CELL_SYSMODULE_SYSUTIL_NP_TUS)
[W : PPU[1] Thread (CPUThread)[0x0036c010]]: cellSysmodule warning: cellSysmoduleLoadModule(CELL_SYSMODULE_NETCTL)
[W : PPU[1] Thread (CPUThread)[0x0036c010]]: cellSysmodule warning: cellSysmoduleLoadModule(CELL_SYSMODULE_USBD)
[W : PPU[1] Thread (CPUThread)[0x0036c010]]: cellSysmodule warning: cellSysmoduleLoadModule(CELL_SYSMODULE_SYSUTIL_OSK_EXT)
[W : PPU[1] Thread (CPUThread)[0x0036c010]]: cellSysmodule warning: cellSysmoduleLoadModule(CELL_SYSMODULE_SYSUTIL_NP)
[W : PPU[1] Thread (CPUThread)[0x0036c010]]: cellSysmodule warning: cellSysmoduleLoadModule(CELL_SYSMODULE_SYSUTIL_USERINFO)
[W : PPU[1] Thread (CPUThread)[0x0036c010]]: cellSysmodule warning: cellSysmoduleLoadModule(CELL_SYSMODULE_PNGDEC)
[E : PPU[1] Thread (CPUThread)[0x00a080c4]]: TODO: sys_spinlock_initialize
[E : PPU[1] Thread (CPUThread)[0x00a080c4]]: TODO: sys_spinlock_initialize
[E : PPU[1] Thread (CPUThread)[0x00a080c4]]: TODO: sys_spinlock_initialize
[E : PPU[1] Thread (CPUThread)[0x00a080c4]]: TODO: sys_spinlock_initialize
[E : PPU[1] Thread (CPUThread)[0x00a080c4]]: TODO: sys_spinlock_initialize
[E : PPU[1] Thread (CPUThread)[0x00a080c4]]: TODO: sys_spinlock_initialize
[E : PPU[1] Thread (CPUThread)[0x00a080c4]]: TODO: sys_spinlock_initialize
[E : PPU[1] Thread (CPUThread)[0x00a080c4]]: TODO: sys_spinlock_initialize
[W : PPU[1] Thread (CPUThread)[0x00366088]]: cellSysutil warning: cellSysutilRegisterCallback(slot=0, func_addr=0x3770c0, userdata=0x0)
[W : PPU[1] Thread (CPUThread)[0x0036c010]]: cellSysmodule warning: cellSysmoduleLoadModule(CELL_SYSMODULE_GCM_SYS)
[W : PPU[1] Thread (CPUThread)[0x0036c010]]: cellSysmodule warning: cellSysmoduleLoadModule(CELL_SYSMODULE_RESC)
[W : PPU[1] Thread (CPUThread)[0x0036a004]]: cellGcmSys warning: cellGcmInit(context_addr=0x911460,cmdSize=0x10000,ioSize=0x8100000,ioAddress=0x30200000)
[W : PPU[1] Thread (CPUThread)[0x0036a004]]: cellGcmSys warning: *** local memory(addr=0xc0000000, size=0xf900000)
[W : PPU[1] Thread (CPUThread)[0x0036a004]]: cellGcmSys warning: cellGcmMapEaIoAddress(ea=0x30200000, io=0x0, size=0x8100000)
[! : RSXThread]: RSX thread entry
[W : PPU[1] Thread (CPUThread)[0x0036a058]]: cellGcmSys warning: cellGcmSetDebugOutputLevel(level=2)
[E : PPU[1] Thread (CPUThread)[0x0036a130]]: TODO: cellGcmSetGraphicsHandler
[E : RSXThread]: TODO: unknown/illegal method [0x00001fec](0x0)
[E : RSXThread]: TODO: cellGcmSetTwoSideLightEn(0x0)
[E : RSXThread]: TODO: cellGcmSetFrequencyDividerOperation(0x0)
[E : RSXThread]: TODO: cellGcmSetLogicOp(0x1503)
[E : RSXThread]: TODO: cellGcmSetPolygonOffsetScaleFactor(0x0, 0x0)
[E : RSXThread]: TODO: cellGcmSetPointSize(0x3f800000)
[E : RSXThread]: TODO: cellGcmSetTexture_BorderColor(0x0)
[E : RSXThread]: TODO: cellGcmSetTexture_BorderColor(0x0)
[E : RSXThread]: TODO: cellGcmSetTexture_BorderColor(0x0)
[E : RSXThread]: TODO: cellGcmSetTexture_BorderColor(0x0)
[E : RSXThread]: TODO: cellGcmSetTexture_BorderColor(0x0)
[E : RSXThread]: TODO: cellGcmSetTexture_BorderColor(0x0)
[E : RSXThread]: TODO: cellGcmSetTexture_BorderColor(0x0)
[E : RSXThread]: TODO: cellGcmSetTexture_BorderColor(0x0)
[E : RSXThread]: TODO: cellGcmSetTexture_BorderColor(0x0)
[E : RSXThread]: TODO: cellGcmSetTexture_BorderColor(0x0)
[E : RSXThread]: TODO: cellGcmSetTexture_BorderColor(0x0)
[E : RSXThread]: TODO: cellGcmSetTexture_BorderColor(0x0)
[E : RSXThread]: TODO: cellGcmSetTexture_BorderColor(0x0)
[E : RSXThread]: TODO: cellGcmSetTexture_BorderColor(0x0)
[E : RSXThread]: TODO: cellGcmSetTexture_BorderColor(0x0)
[E : RSXThread]: TODO: cellGcmSetTexture_BorderColor(0x0)
[W : PPU[1] Thread (CPUThread)[0x0036a07c]]: cellGcmSys warning: cellGcmMapEaIoAddress(ea=0x38500000, io=0xe000000, size=0x100000)
[W : PPU[1] Thread (CPUThread)[0x0036a148]]: cellGcmSys warning: cellGcmUnbindTile(index=0)
[W : PPU[1] Thread (CPUThread)[0x0036a148]]: cellGcmSys warning: cellGcmUnbindTile(index=1)
[W : PPU[1] Thread (CPUThread)[0x0036a148]]: cellGcmSys warning: cellGcmUnbindTile(index=2)
[W : PPU[1] Thread (CPUThread)[0x0036a148]]: cellGcmSys warning: cellGcmUnbindTile(index=3)
[W : PPU[1] Thread (CPUThread)[0x0036a148]]: cellGcmSys warning: cellGcmUnbindTile(index=4)
[W : PPU[1] Thread (CPUThread)[0x0036a148]]: cellGcmSys warning: cellGcmUnbindTile(index=5)
[W : PPU[1] Thread (CPUThread)[0x0036a148]]: cellGcmSys warning: cellGcmUnbindTile(index=6)
[W : PPU[1] Thread (CPUThread)[0x0036a148]]: cellGcmSys warning: cellGcmUnbindTile(index=7)
[W : PPU[1] Thread (CPUThread)[0x0036a148]]: cellGcmSys warning: cellGcmUnbindTile(index=8)
[W : PPU[1] Thread (CPUThread)[0x0036a148]]: cellGcmSys warning: cellGcmUnbindTile(index=9)
[W : PPU[1] Thread (CPUThread)[0x0036a148]]: cellGcmSys warning: cellGcmUnbindTile(index=10)
[W : PPU[1] Thread (CPUThread)[0x0036a148]]: cellGcmSys warning: cellGcmUnbindTile(index=11)
[W : PPU[1] Thread (CPUThread)[0x0036a148]]: cellGcmSys warning: cellGcmUnbindTile(index=12)
[W : PPU[1] Thread (CPUThread)[0x0036a148]]: cellGcmSys warning: cellGcmUnbindTile(index=13)
[W : PPU[1] Thread (CPUThread)[0x0036a148]]: cellGcmSys warning: cellGcmUnbindTile(index=14)
[W : PPU[1] Thread (CPUThread)[0x0036a124]]: cellGcmSys warning: cellGcmSetTileInfo(index=0, location=0, offset=257163264, size=3932160, pitch=5120, comp=0, base=0, bank=0)
[W : PPU[1] Thread (CPUThread)[0x0036a040]]: cellGcmSys warning: cellGcmBindTile(index=0)
[W : PPU[1] Thread (CPUThread)[0x0036a124]]: cellGcmSys warning: cellGcmSetTileInfo(index=0, location=0, offset=253231104, size=7864320, pitch=5120, comp=0, base=0, bank=0)
[W : PPU[1] Thread (CPUThread)[0x0036a040]]: cellGcmSys warning: cellGcmBindTile(index=0)
[W : PPU[1] Thread (CPUThread)[0x0016ed98]]: sys_semaphore warning: sys_semaphore_create(sem_addr=0x910ba8, attr_addr=0xd00208a0, initial_count=1, max_count=2)
[W : PPU[1] Thread (CPUThread)[0x0036a0d0]]: cellGcmSys warning: cellGcmSetFlipHandler(handler_addr=3643600)
[W : PPU[1] Thread (CPUThread)[0x00366010]]: cellSysutil warning: cellVideoOutConfigure(videoOut=0, config_addr=0xd0020870, option_addr=0x0, waitForEvent=0x0)
[W : PPU[1] Thread (CPUThread)[0x0036a04c]]: cellGcmSys warning: cellGcmSetFlipMode(mode=1)
[W : PPU[1] Thread (CPUThread)[0x0036a0dc]]: cellGcmSys warning: cellGcmSetDisplayBuffer(id=0x0,offset=0xf540000,pitch=4,width=1280,height=720)
[W : PPU[1] Thread (CPUThread)[0x0036a0dc]]: cellGcmSys warning: cellGcmSetDisplayBuffer(id=0x1,offset=0xf180000,pitch=4,width=1280,height=720)
[W : PPU[1] Thread (CPUThread)[0x00110e64]]: sys_mutex warning: *** mutex created [] (protocol=0x2, recursive=false): id = 27
[W : PPU[1] Thread (CPUThread)[0x0011100c]]: sys_cond warning: *** condition created [] (mutex_id=27): id = 28
[E : PPU[1] Thread (CPUThread)[0x00a080c4]]: TODO: sys_spinlock_initialize
[E : PPU[1] Thread (CPUThread)[0x00a080dc]]: TODO: sys_spinlock_lock
[W : PPU[1] Thread (CPUThread)[0x0036a04c]]: cellGcmSys warning: cellGcmSetFlipMode(mode=2)
[E : PPU[1] Thread (CPUThread)[0x0036a0f4]]: TODO: cellGcmGetReportDataLocation
[E : PPU[1] Thread (CPUThread)[0x0036a0f4]]: TODO: cellGcmGetReportDataLocation
[E : PPU[1] Thread (CPUThread)[0x0036a0f4]]: TODO: cellGcmGetReportDataLocation
[E : PPU[1] Thread (CPUThread)[0x0036a0f4]]: TODO: cellGcmGetReportDataLocation
[E : PPU[1] Thread (CPUThread)[0x00a080dc]]: TODO: sys_spinlock_lock
[E : PPU[1] Thread (CPUThread)[0x00a080a0]]: TODO: sys_spinlock_trylock
[W : PPU[29] Thread (HDD setup)[0x0036c010]]: cellSysmodule warning: cellSysmoduleLoadModule(CELL_SYSMODULE_SYSUTIL_GAME)
[E : PPU[1] Thread (CPUThread)[0x00a08094]]: TODO: sys_spinlock_unlock
[W : PPU[29] Thread (HDD setup)[0x009fc028]]: cellGame warning: cellGameBootCheck(type_addr=0xd0030db8, attributes_addr=0xd0030db4, size_addr=0xd0030dc0, dirName_addr=0x90f7c0)
[E : PPU[1] Thread (CPUThread)[0x009ea004]]: TODO: sceNp2Init
[W : PPU[29] Thread (HDD setup)[0x009fc004]]: cellGame warning: cellGameGetParamString(id=100, buf_addr=0x38e370, bufsize=10)
[E : PPU[1] Thread (CPUThread)[0x009e8154]]: TODO: sceNpManagerRegisterCallback
[E : PPU[1] Thread (CPUThread)[0x009e401c]]: cellNetCtl error: Unimplemented function: cellNetCtlInit
[W : PPU[1] Thread (CPUThread)[0x00362028]]: sys_fs warning: cellFsStat: "data/sfx.edat" not found.
[E : PPU[1] Thread (CPUThread)[0x0036201c]]: sys_fs error: "data/sfx.bdf" not found! flags: 0x00000000
[W : PPU[1] Thread (CPUThread)[0x00a08058]]: sys_lwmutex warning: *** lwmutex created [] (attribute=0x12): sq_id = 30
[W : PPU[29] Thread (HDD setup)[0x009fc010]]: cellGame warning: cellGameContentPermit(contentInfoPath_addr=0x90f960, usrdirPath_addr=0x90f8e0)
[W : PPU[29] Thread (HDD setup)[0x0036c004]]: cellSysmodule warning: cellSysmoduleUnloadModule(CELL_SYSMODULE_SYSUTIL_GAME)
[W : PPU[29] Thread (HDD setup)[0x0036c010]]: cellSysmodule warning: cellSysmoduleLoadModule(CELL_SYSMODULE_SYSUTIL)
[W : PPU[29] Thread (HDD setup)[0x00366040]]: cellSysutil warning: cellSysutilGetSystemParamInt: CELL_SYSUTIL_SYSTEMPARAM_ID_ENTER_BUTTON_ASSIGN
[W : PPU[29] Thread (HDD setup)[0x00366040]]: cellSysutil warning: cellSysutilGetSystemParamInt: CELL_SYSUTIL_SYSTEMPARAM_ID_LANG
[W : PPU[29] Thread (HDD setup)[0x0036c004]]: cellSysmodule warning: cellSysmoduleUnloadModule(CELL_SYSMODULE_SYSUTIL)
[W : PPU[29] Thread (HDD setup)[0x00362028]]: sys_fs warning: cellFsStat: "/data/enlang.edat" not found.
[W : PPU[29] Thread (HDD setup)[0x0036201c]]: *** cellFsOpen(path="/data/enlang.uni"): fd = 31
[E : PPU[1] Thread (CPUThread)[0x003660e8]]: TODO: cellAudioOutConfigure
[W : PPU[1] Thread (CPUThread)[0x00a04010]]: cellAudio warning: cellAudioInit()
[E : RSXThread]: TODO: cellGcmSetLineStipple(0x0)
[E : RSXThread]: TODO: cellGcmSetPolygonStipple(0x0)
[E : RSXThread]: TODO: cellGcmSetContextDmaReport(0xbad68000)
[E : RSXThread]: TODO: cellGcmSetZcullStatsEnable(0x0)
[E : PPU[2] Thread (Callback)[0x00a08094]]: TODO: sys_spinlock_unlock
[E : RSXThread]: NV4097_GET_REPORT: bad type 2
[E : RSXThread]: NV4097_GET_REPORT: bad type 3
[E : RSXThread]: NV4097_GET_REPORT: bad type 4
[E : RSXThread]: NV4097_GET_REPORT: bad type 5
[E : RSXThread]: TODO: cellGcmClearReportValue(0x2)
[E : RSXThread]: TODO: cellGcmSetZcullStatsEnable(0x1)
[W : PPU[29] Thread (HDD setup)[0x00362004]]: sys_fs warning: cellFsClose(fd=31)
[W : PPU[29] Thread (HDD setup)[0x0036c010]]: cellSysmodule warning: cellSysmoduleLoadModule(CELL_SYSMODULE_SYSUTIL_NP_TROPHY)
[W : PPU[29] Thread (HDD setup)[0x009ee070]]: sceNpTrophy warning: sceNpTrophyCreateContext(context_addr=0x8a8398, commID_addr=0x306590, commSign_addr=0x306319, options=0x0)
[W : PPU[29] Thread (HDD setup)[0x009ee010]]: sceNpTrophy warning: sceNpTrophyCreateHandle(handle_addr=0x8a8394)
[W : PPU[29] Thread (HDD setup)[0x009ee01c]]: sceNpTrophy warning: sceNpTrophyGetRequiredDiskSpace(context=0, handle=0, reqspace_addr=0xd0030d10, options=0x0)
[E : PPU[29] Thread (HDD setup)[0x009ee04c]]: sceNpTrophy error: Unimplemented function: sceNpTrophyDestroyHandle
[E : PPU[29] Thread (HDD setup)[0x009ee028]]: sceNpTrophy error: Unimplemented function: sceNpTrophyDestroyContext
[E : PPU[29] Thread (HDD setup)[0x009ee064]]: sceNpTrophy error: Unimplemented function: sceNpTrophyTerm
[W : PPU[29] Thread (HDD setup)[0x0036c004]]: cellSysmodule warning: cellSysmoduleUnloadModule(CELL_SYSMODULE_SYSUTIL_NP_TROPHY)
[W : PPU[29] Thread (HDD setup)[0x00362028]]: sys_fs warning: cellFsStat: "/data/ICON0.edat" not found.
[W : PPU[29] Thread (HDD setup)[0x0036201c]]: *** cellFsOpen(path="/data/ICON0.PNG"): fd = 32
[W : PPU[29] Thread (HDD setup)[0x00362004]]: sys_fs warning: cellFsClose(fd=32)
[E : PPU[29] Thread (HDD setup)[0x003660dc]]: TODO: cellSaveDataAutoLoad2
[W : PPU[29] Thread (HDD setup)[0x00362028]]: sys_fs warning: cellFsStat: "/data/ICON0.edat" not found.
[W : PPU[29] Thread (HDD setup)[0x0036201c]]: *** cellFsOpen(path="/data/ICON0.PNG"): fd = 33
[W : PPU[29] Thread (HDD setup)[0x00362004]]: sys_fs warning: cellFsClose(fd=33)
[E : PPU[29] Thread (HDD setup)[0x003660dc]]: TODO: cellSaveDataAutoLoad2
[E : PPU[29] Thread (HDD setup)[0x00a08094]]: TODO: sys_spinlock_unlock
[! : Audio Thread]: Audio started
[W : PPU[1] Thread (CPUThread)[0x00a04064]]: cellAudio warning: cellAudioPortOpen(audioParam_addr=0xd0020648, portNum_addr=0x30141e30)
[W : PPU[1] Thread (CPUThread)[0x00a04064]]: cellAudio warning: *** audio port opened(nChannel=8, nBlock=8, attr=0x0, level=0.000000): port = 0
[W : PPU[1] Thread (CPUThread)[0x00a04040]]: cellAudio warning: cellAudioGetPortConfig(portNum=0x0, portConfig_addr=0xd0020668)
[W : PPU[1] Thread (CPUThread)[0x00a0816c]]: sysPrxForUser warning: sys_spu_image_import(img=0x301420e4, src=0x31af80, type=0x1)
[W : PPU[1] Thread (CPUThread)[0x00a0816c]]: desc = 'PS3_SPU_Release/fmodex_spu.elf'
[W : PPU[1] Thread (CPUThread)[0x0024216c]]: sys_semaphore warning: sys_semaphore_create(sem_addr=0x30144270, attr_addr=0xd00204b0, initial_count=0, max_count=65535)
[E : PPU[35] Thread (FMOD BGM status query thread)[0x003660f4]]: TODO: cellSysutilGetBgmPlaybackStatus
[W : PPU[1] Thread (CPUThread)[0x0036201c]]: *** cellFsOpen(path="/dev_flash/sys/external/flashMP3.pic"): fd = 36
[W : PPU[1] Thread (CPUThread)[0x00362004]]: sys_fs warning: cellFsClose(fd=36)
[W : PPU[1] Thread (CPUThread)[0x00a08058]]: sys_lwmutex warning: *** lwmutex created [] (attribute=0x12): sq_id = 37
[W : PPU[1] Thread (CPUThread)[0x00a08058]]: sys_lwmutex warning: *** lwmutex created [] (attribute=0x12): sq_id = 38
[W : PPU[1] Thread (CPUThread)[0x00a08058]]: sys_lwmutex warning: *** lwmutex created [] (attribute=0x12): sq_id = 39
[W : PPU[1] Thread (CPUThread)[0x00a08058]]: sys_lwmutex warning: *** lwmutex created [] (attribute=0x12): sq_id = 40
[E : PPU[1] Thread (CPUThread)[0x001d8838]]: PPU[1] Thread (CPUThread) branch error: bad address 0x0 #pc: 0x1d8838
[! : RSXThread]: RSX thread exit...
[W : Audio Thread]: Audio aborted
[!]: Closing memory...
