[!]: path: /dev_hdd0/game/
[!]: Loading 'D:\Emulateur\Rpcs3\dev_hdd0\game\NPEA00288-[Journey]\USRDIR\BOOT.BIN'...
[!]: Mount info:
[!]: /dev_hdd0/ -> D:\Emulateur\Rpcs3\dev_hdd0\
[!]: /dev_hdd1/ -> D:\Emulateur\Rpcs3\dev_hdd1\
[!]: /dev_flash/ -> D:\Emulateur\Rpcs3\dev_flash\
[!]: /dev_usb000/ -> D:\Emulateur\Rpcs3\dev_usb000\
[!]: /dev_usb/ -> D:\Emulateur\Rpcs3\dev_usb000\
[!]: /app_home/ -> D:\Emulateur\Rpcs3\dev_hdd0\game\NPEA00288-[Journey]\
[!]: /dev_bdvd/ -> D:\Emulateur\Rpcs3\dev_hdd0\game\NPEA00288-[Journey]\\..\
[!]: /host_root/ -> 
[!]: / -> D:\Emulateur\Rpcs3\dev_hdd0\game\NPEA00288-[Journey]\\USRDIR\
[!]: Initing memory...
[!]: Memory initialized.
[W]: Unknown module 'HotLoadEUGold'
[W]: Unknown module 'elfEUGold'
[W]: Unknown function 0x8b7ed64b in 'cellSysutil' module
[E]: TODO: cellSaveDataAutoSave2
[W]: Unknown function 0xfbd5c856 in 'cellSysutil' module
[E]: TODO: cellSaveDataAutoLoad2
[W]: Unknown function 0x2664c8ae in 'sys_fs' module
[E]: TODO: cellFsStReadInit
[W]: Unknown function 0x27800c6b in 'sys_fs' module
[E]: TODO: cellFsStRead
[W]: Unknown function 0x4cef342e in 'sys_fs' module
[E]: TODO: cellFsAioWrite
[W]: Unknown function 0x7f13fc8c in 'sys_fs' module
[E]: TODO: cellFsAioCancel
[W]: Unknown function 0x8df28ff9 in 'sys_fs' module
[E]: TODO: cellFsStReadStart
[W]: Unknown function 0xd73938df in 'sys_fs' module
[E]: TODO: cellFsStReadFinish
[W]: Unknown function 0xf8e5d9a0 in 'sys_fs' module
[E]: TODO: cellFsStReadStop
[W]: Unknown function 0x10b81ed6 in 'sys_net' module
[E]: TODO: sys_net_set_udpp2p_test_param
[W]: Unknown function 0x139a9e9b in 'sys_net' module
[E]: TODO: sys_net_initialize_network_ex
[W]: Unknown function 0x3f09e20a in 'sys_net' module
[E]: TODO: socketselect
[W]: Unknown function 0x6005cde1 in 'sys_net' module
[E]: TODO: _sys_net_errno_loc
[W]: Unknown function 0x64f66d35 in 'sys_net' module
[E]: TODO: connect
[W]: Unknown function 0x6db6e8cd in 'sys_net' module
[E]: TODO: socketclose
[W]: Unknown function 0x71f4c717 in 'sys_net' module
[E]: TODO: gethostbyname
[W]: Unknown function 0x88f03575 in 'sys_net' module
[E]: TODO: setsockopt
[W]: Unknown function 0x9647570b in 'sys_net' module
[E]: TODO: sendto
[W]: Unknown function 0x9c056962 in 'sys_net' module
[E]: TODO: socket
[W]: Unknown function 0xb0a59804 in 'sys_net' module
[E]: TODO: bind
[W]: Unknown function 0xb68d5625 in 'sys_net' module
[E]: TODO: sys_net_finalize_network
[W]: Unknown function 0xfba04f37 in 'sys_net' module
[E]: TODO: recv
[W]: Unknown function 0x16394a4e in 'cellSpurs' module
[E]: TODO: _cellSpursTasksetAttributeInitialize
[W]: Unknown function 0x1d46fedf in 'cellSpurs' module
[E]: TODO: cellSpursCreateTaskWithAttribute
[W]: Unknown function 0x303c19cd in 'cellSpurs' module
[E]: TODO: cellSpursCreateJobChainWithAttribute
[W]: Unknown function 0x3548f483 in 'cellSpurs' module
[E]: TODO: _cellSpursJobChainAttributeInitialize
[W]: Unknown function 0x652b70e2 in 'cellSpurs' module
[E]: TODO: cellSpursTasksetAttributeSetName
[W]: Unknown function 0x68aaeba9 in 'cellSpurs' module
[E]: TODO: cellSpursJobGuardInitialize
[W]: Unknown function 0x738e40e6 in 'cellSpurs' module
[E]: TODO: cellSpursShutdownJobChain
[W]: Unknown function 0x7fdf4fef in 'cellSpurs' module
[E]: TODO: cellSpursBarrierInitialize
[W]: Unknown function 0x8f122ef8 in 'cellSpurs' module
[E]: TODO: cellSpursTasksetAttributeSetTasksetSize
[W]: Unknown function 0x9034e538 in 'cellSpurs' module
[E]: TODO: cellSpursTaskGetContextSaveAreaSize
[W]: Unknown function 0x9f72add3 in 'cellSpurs' module
[E]: TODO: cellSpursJoinTaskset
[W]: Unknown function 0x9fef70c2 in 'cellSpurs' module
[E]: TODO: cellSpursJobChainAttributeSetName
[W]: Unknown function 0xa789e631 in 'cellSpurs' module
[E]: TODO: cellSpursShutdownTaskset
[W]: Unknown function 0xa7c066de in 'cellSpurs' module
[E]: TODO: cellSpursJoinJobChain
[W]: Unknown function 0xaa6269a8 in 'cellSpurs' module
[E]: TODO: cellSpursInitializeWithAttribute
[W]: Unknown function 0xb8474eff in 'cellSpurs' module
[E]: TODO: _cellSpursTaskAttributeInitialize
[W]: Unknown function 0xc10931cb in 'cellSpurs' module
[E]: TODO: cellSpursCreateTasksetWithAttribute
[W]: Unknown function 0xd5d0b256 in 'cellSpurs' module
[E]: TODO: cellSpursJobGuardNotify
[W]: Unknown function 0xe0a6dbe4 in 'cellSpurs' module
[E]: TODO: _cellSpursSendSignal
[W]: Unknown function 0xf31731bb in 'cellSpurs' module
[E]: TODO: cellSpursRunJobChain
[W]: Unknown function 0x57e4dec3 in 'cellSpurs' module
[E]: TODO: cellSpursRemoveWorkload
[W]: Unknown function 0x5fd43fe4 in 'cellSpurs' module
[E]: TODO: cellSpursWaitForWorkloadShutdown
[W]: Unknown function 0x69726aa2 in 'cellSpurs' module
[E]: TODO: cellSpursAddWorkload
[W]: Unknown function 0x7e4ea023 in 'cellSpurs' module
[E]: TODO: cellSpursWakeUp
[W]: Unknown function 0x98d5b343 in 'cellSpurs' module
[E]: TODO: cellSpursShutdownWorkload
[W]: Unknown function 0xa73bf47e in 'cellSpurs' module
[E]: TODO: _cellSpursWorkloadFlagReceiver
[W]: Unknown function 0xacfc8dbc in 'cellSpurs' module
[E]: TODO: cellSpursInitialize
[W]: Unknown function 0xc765b995 in 'cellSpurs' module
[E]: TODO: cellSpursGetWorkloadFlag
[W]: Unknown function 0xf843818d in 'cellSpurs' module
[E]: TODO: cellSpursReadyCountStore
[W]: Unknown function 0x182d9890 in 'cellSpurs' module
[E]: TODO: cellSpursRequestIdleSpu
[W]: Unknown function 0x4a5eab63 in 'cellSpurs' module
[E]: TODO: cellSpursWorkloadAttributeSetName
[W]: Unknown function 0x4e153e3e in 'cellSpurs' module
[E]: TODO: cellSpursGetWorkloadInfo
[W]: Unknown function 0xc0158d8b in 'cellSpurs' module
[E]: TODO: cellSpursAddWorkloadWithAttribute
[W]: Unknown function 0xd2e23fa9 in 'cellSpurs' module
[E]: TODO: cellSpursSetExceptionEventHandler
[W]: Unknown function 0xefeb2679 in 'cellSpurs' module
[E]: TODO: _cellSpursWorkloadAttributeInitialize
[W]: Unknown module 'cellHttp'
[W]: Unknown function 0x32faaf58 in 'cellHttpUtil' module
[E]: TODO: cellHttpUtilParseUri
[W]: Unknown function 0x0c2983ac in 'cellSync2' module
[E]: TODO: cellSync2SemaphoreRelease
[W]: Unknown function 0x164843a7 in 'cellSync2' module
[E]: TODO: cellSync2SemaphoreFinalize
[W]: Unknown function 0x2d77fe17 in 'cellSync2' module
[E]: TODO: _cellSync2SemaphoreAttributeInitialize
[W]: Unknown function 0xc5dee254 in 'cellSync2' module
[E]: TODO: cellSync2SemaphoreInitialize
[W]: Unknown function 0xd1b0d146 in 'cellSync2' module
[E]: TODO: cellSync2SemaphoreAcquire
[W]: Unknown module 'cellSysutilNpEula'
[W]: Unknown function 0x155de760 in 'sceNp' module
[E]: TODO: sceNpSignalingGetConnectionInfo
[W]: Unknown function 0x50b86d94 in 'sceNp' module
[E]: TODO: sceNpSignalingAddExtendedHandler
[W]: Unknown function 0x5de61626 in 'sceNp' module
[E]: TODO: sceNpLookupDestroyTitleCtx
[W]: Unknown function 0x5f2d9257 in 'sceNp' module
[E]: TODO: sceNpLookupInit
[W]: Unknown function 0x60897c38 in 'sceNp' module
[E]: TODO: sceNpSignalingActivateConnection
[W]: Unknown function 0x6356082e in 'sceNp' module
[E]: TODO: sceNpSignalingCreateCtx
[W]: Unknown function 0x6ee62ed2 in 'sceNp' module
[E]: TODO: sceNpManagerGetContentRatingFlag
[W]: Unknown function 0x7508112e in 'sceNp' module
[E]: TODO: sceNpLookupPollAsync
[W]: Unknown function 0x8440537c in 'sceNp' module
[E]: TODO: sceNpLookupTerm
[W]: Unknown function 0x860b1756 in 'sceNp' module
[E]: TODO: sceNpLookupTitleSmallStorageAsync
[W]: Unknown function 0x95c7bba3 in 'sceNp' module
[E]: TODO: sceNpSignalingTerminateConnection
[W]: Unknown function 0x9ad7fbd1 in 'sceNp' module
[E]: TODO: sceNpSignalingGetLocalNetInfo
[W]: Unknown function 0xa8cf8451 in 'sceNp' module
[E]: TODO: sceNpSignalingDestroyCtx
[W]: Unknown function 0xad218faf in 'sceNp' module
[E]: TODO: sceNpDrmIsAvailable
[W]: Unknown function 0xb1e0718b in 'sceNp' module
[E]: TODO: sceNpManagerGetAccountRegion
[W]: Unknown function 0xbcdbb2ab in 'sceNp' module
[E]: TODO: sceNpBasicAddPlayersHistoryAsync
[W]: Unknown function 0xca0a2d04 in 'sceNp' module
[E]: TODO: sceNpSignalingGetConnectionStatus
[W]: Unknown function 0xce81c7f0 in 'sceNp' module
[E]: TODO: sceNpLookupCreateTitleCtx
[W]: Unknown function 0xd208f91d in 'sceNp' module
[E]: TODO: sceNpUtilCmpNpId
[W]: Unknown function 0xe7dcd3b4 in 'sceNp' module
[E]: TODO: sceNpManagerRegisterCallback
[W]: Unknown function 0xe853d388 in 'sceNp' module
[E]: TODO: sceNpSignalingGetConnectionFromNpId
[W]: Unknown function 0xea2e9ffc in 'sceNp' module
[E]: TODO: sceNpLookupCreateTransactionCtx
[W]: Unknown function 0xfb87cf5e in 'sceNp' module
[E]: TODO: sceNpLookupDestroyTransactionCtx
[W]: Unknown function 0xfe37a7f4 in 'sceNp' module
[E]: TODO: sceNpManagerGetNpId
[W]: Unknown function 0x01379fd7 in 'sceNp2' module
[E]: TODO: sceNpMatching2DestroyContext
[W]: Unknown function 0x05bf2fbd in 'sceNp2' module
[E]: TODO: sceNpMatching2GetWorldInfoList
[W]: Unknown function 0x0d22867f in 'sceNp2' module
[E]: TODO: sceNpMatching2SearchRoom
[W]: Unknown function 0x16b3e5a4 in 'sceNp2' module
[E]: TODO: sceNpMatching2CreateServerContext
[W]: Unknown function 0x1f372697 in 'sceNp2' module
[E]: TODO: sceNpMatching2LeaveRoom
[W]: Unknown function 0x23009d07 in 'sceNp2' module
[E]: TODO: sceNpMatching2Term2
[W]: Unknown function 0x28cad8b3 in 'sceNp2' module
[E]: TODO: sceNpMatching2SendRoomMessage
[W]: Unknown function 0x3457c0db in 'sceNp2' module
[E]: TODO: sceNpMatching2GetServerInfo
[W]: Unknown function 0x3c00c9d4 in 'sceNp2' module
[E]: TODO: sceNpMatching2GetEventData
[W]: Unknown function 0x41251f74 in 'sceNp2' module
[E]: TODO: sceNp2Init
[W]: Unknown function 0x5721e711 in 'sceNp2' module
[E]: TODO: sceNpMatching2JoinRoom
[W]: Unknown function 0x6ba4c668 in 'sceNp2' module
[E]: TODO: sceNpMatching2ContextStartAsync
[W]: Unknown function 0x748029a2 in 'sceNp2' module
[E]: TODO: sceNpMatching2RegisterContextCallback
[W]: Unknown function 0x8e5cfe9f in 'sceNp2' module
[E]: TODO: sceNpMatching2GetServerIdListLocal
[W]: Unknown function 0x9cbce3f2 in 'sceNp2' module
[E]: TODO: sceNpMatching2CreateContext
[W]: Unknown function 0xaa6c2c43 in 'sceNp2' module
[E]: TODO: sceNpMatching2ClearEventData
[W]: Unknown function 0xaadb7c12 in 'sceNp2' module
[E]: TODO: sceNp2Term
[W]: Unknown function 0xdb87b088 in 'sceNp2' module
[E]: TODO: sceNpMatching2SetDefaultRequestOptParam
[W]: Unknown function 0xdcb6b27d in 'sceNp2' module
[E]: TODO: sceNpMatching2RegisterRoomEventCallback
[W]: Unknown function 0xe7a3bc7a in 'sceNp2' module
[E]: TODO: sceNpMatching2CreateJoinRoom
[W]: Unknown function 0xf43c647a in 'sceNp2' module
[E]: TODO: sceNpMatching2ContextStop
[W]: Unknown function 0xf4babd3f in 'sceNp2' module
[E]: TODO: sceNpMatching2Init2
[W]: Unknown function 0xfee11e72 in 'sceNp2' module
[E]: TODO: sceNpMatching2RegisterRoomMessageCallback
[W]: Unknown module 'sceNpCommerce2'
[W]: Unknown module 'cellRec'
[W]: Unknown function 0x2ad4951b in 'cellGcmSys' module
[E]: TODO: cellGcmGetTimeStampLocation
[W]: Unknown function 0x626e8518 in 'cellGcmSys' module
[E]: TODO: cellGcmMapEaIoAddressWithFlags
[W]: Unknown function 0xacee8542 in 'cellGcmSys' module
[E]: TODO: cellGcmSetFlipImmediate
[W]: Unknown module 'cellSysutilAvconfExt'
[W]: Unknown function 0x26090058 in 'sysPrxForUser' module
[E]: TODO: sys_prx_load_module
[W]: Unknown function 0x80fb0c19 in 'sysPrxForUser' module
[E]: TODO: sys_prx_stop_module
[W]: Unknown function 0x9f18429d in 'sysPrxForUser' module
[E]: TODO: sys_prx_start_module
[W]: Unknown function 0xd0ea47a7 in 'sysPrxForUser' module
[E]: TODO: sys_prx_unregister_library
[W]: Unknown function 0xdd3b27ac in 'sysPrxForUser' module
[E]: TODO: _sys_spu_printf_finalize
[W]: Unknown function 0xf0aece0d in 'sysPrxForUser' module
[E]: TODO: sys_prx_unload_module
[W : PPU[1] Thread (CPUThread)[0x00eed058]]: sys_lwmutex warning: *** lwmutex created [_lc_mtx] (attribute=0x12): sq_id = 3
[W : PPU[1] Thread (CPUThread)[0x003443d0]]: memory warning: sys_memory_get_user_memory_size(mem_info_addr=0xd0020c04)
[W : PPU[1] Thread (CPUThread)[0x00eed058]]: sys_lwmutex warning: *** lwmutex created [_lc_mtx] (attribute=0x12): sq_id = 4
[W : PPU[1] Thread (CPUThread)[0x00eed058]]: sys_lwmutex warning: *** lwmutex created [_lc_mtx] (attribute=0x12): sq_id = 5
[W : PPU[1] Thread (CPUThread)[0x00eed058]]: sys_lwmutex warning: *** lwmutex created [_lc_mtx] (attribute=0x12): sq_id = 6
[W : PPU[1] Thread (CPUThread)[0x00eed058]]: sys_lwmutex warning: *** lwmutex created [_lc_mtx] (attribute=0x12): sq_id = 7
[W : PPU[1] Thread (CPUThread)[0x00eed058]]: sys_lwmutex warning: *** lwmutex created [_lc_mtx] (attribute=0x12): sq_id = 8
[W : PPU[1] Thread (CPUThread)[0x00eed058]]: sys_lwmutex warning: *** lwmutex created [_lc_mtx] (attribute=0x12): sq_id = 9
[W : PPU[1] Thread (CPUThread)[0x00eed058]]: sys_lwmutex warning: *** lwmutex created [_lc_mtx] (attribute=0x12): sq_id = 10
[W : PPU[1] Thread (CPUThread)[0x00eed058]]: sys_lwmutex warning: *** lwmutex created [_lc_mtx] (attribute=0x12): sq_id = 11
[W : PPU[1] Thread (CPUThread)[0x00eed058]]: sys_lwmutex warning: *** lwmutex created [_lc_mtx] (attribute=0x12): sq_id = 12
[W : PPU[1] Thread (CPUThread)[0x00eed058]]: sys_lwmutex warning: *** lwmutex created [_lgcmtx] (attribute=0x12): sq_id = 13
[W : PPU[1] Thread (CPUThread)[0x00eed058]]: sys_lwmutex warning: *** lwmutex created [_lgcmtx] (attribute=0x22): sq_id = 14
[W : PPU[1] Thread (CPUThread)[0x00eed058]]: sys_lwmutex warning: *** lwmutex created [_lc_mtx] (attribute=0x12): sq_id = 15
[W : PPU[1] Thread (CPUThread)[0x00eed058]]: sys_lwmutex warning: *** lwmutex created [_lc_mtx] (attribute=0x12): sq_id = 16
[W : PPU[1] Thread (CPUThread)[0x00eed058]]: sys_lwmutex warning: *** lwmutex created [_lc_mtx] (attribute=0x12): sq_id = 17
[W : PPU[1] Thread (CPUThread)[0x00eed058]]: sys_lwmutex warning: *** lwmutex created [_lc_mtx] (attribute=0x12): sq_id = 18
[W : PPU[1] Thread (CPUThread)[0x00eed058]]: sys_lwmutex warning: *** lwmutex created [_lc_mtx] (attribute=0x12): sq_id = 19
[W : PPU[1] Thread (CPUThread)[0x00eed058]]: sys_lwmutex warning: *** lwmutex created [_lc_mtx] (attribute=0x12): sq_id = 20
[W : PPU[1] Thread (CPUThread)[0x00eed058]]: sys_lwmutex warning: *** lwmutex created [_lc_mtx] (attribute=0x12): sq_id = 21
[W : PPU[1] Thread (CPUThread)[0x00eed058]]: sys_lwmutex warning: *** lwmutex created [_lc_mtx] (attribute=0x12): sq_id = 22
[W : PPU[1] Thread (CPUThread)[0x00eed058]]: sys_lwmutex warning: *** lwmutex created [_lc_mtx] (attribute=0x12): sq_id = 23
[W : PPU[1] Thread (CPUThread)[0x00eed058]]: sys_lwmutex warning: *** lwmutex created [_lc_mtx] (attribute=0x12): sq_id = 24
[W : PPU[1] Thread (CPUThread)[0x00eed058]]: sys_lwmutex warning: *** lwmutex created [_lc_mtx] (attribute=0x12): sq_id = 25
[W : PPU[1] Thread (CPUThread)[0x00eed058]]: sys_lwmutex warning: *** lwmutex created [_lc_mtx] (attribute=0x12): sq_id = 26
[W : PPU[1] Thread (CPUThread)[0x00eed058]]: sys_lwmutex warning: *** lwmutex created [_lc_mtx] (attribute=0x12): sq_id = 27
[W : PPU[1] Thread (CPUThread)[0x00eed058]]: sys_lwmutex warning: *** lwmutex created [_lc_mtx] (attribute=0x12): sq_id = 28
[W : PPU[1] Thread (CPUThread)[0x00eed058]]: sys_lwmutex warning: *** lwmutex created [_lc_mtx] (attribute=0x12): sq_id = 29
[W : PPU[1] Thread (CPUThread)[0x00eed058]]: sys_lwmutex warning: *** lwmutex created [_lc_mtx] (attribute=0x12): sq_id = 30
[W : PPU[1] Thread (CPUThread)[0x00eed058]]: sys_lwmutex warning: *** lwmutex created [_lc_mtx] (attribute=0x12): sq_id = 31
[W : PPU[1] Thread (CPUThread)[0x00eed058]]: sys_lwmutex warning: *** lwmutex created [_lc_mtx] (attribute=0x12): sq_id = 32
[W : PPU[1] Thread (CPUThread)[0x00eed058]]: sys_lwmutex warning: *** lwmutex created [_lc_mtx] (attribute=0x12): sq_id = 33
[W : PPU[1] Thread (CPUThread)[0x00eed058]]: sys_lwmutex warning: *** lwmutex created [_lc_mtx] (attribute=0x12): sq_id = 34
[W : PPU[1] Thread (CPUThread)[0x00eed058]]: sys_lwmutex warning: *** lwmutex created [_lc_mtx] (attribute=0x12): sq_id = 35
[W : PPU[1] Thread (CPUThread)[0x00eed058]]: sys_lwmutex warning: *** lwmutex created [_lc_mtx] (attribute=0x12): sq_id = 36
[W : PPU[1] Thread (CPUThread)[0x00eed058]]: sys_lwmutex warning: *** lwmutex created [_lc_mtx] (attribute=0x12): sq_id = 37
[W : PPU[1] Thread (CPUThread)[0x00eed058]]: sys_lwmutex warning: *** lwmutex created [_lc_mtx] (attribute=0x12): sq_id = 38
[W : PPU[1] Thread (CPUThread)[0x00eed058]]: sys_lwmutex warning: *** lwmutex created [] (attribute=0x22): sq_id = 39
[W : PPU[1] Thread (CPUThread)[0x00eed058]]: sys_lwmutex warning: *** lwmutex created [_lc_mtx] (attribute=0x12): sq_id = 40
[W : PPU[1] Thread (CPUThread)[0x00eed058]]: sys_lwmutex warning: *** lwmutex created [_lc_mtx] (attribute=0x12): sq_id = 41
[W : PPU[1] Thread (CPUThread)[0x00eed058]]: sys_lwmutex warning: *** lwmutex created [_lc_mtx] (attribute=0x12): sq_id = 42
[W : PPU[1] Thread (CPUThread)[0x00eed058]]: sys_lwmutex warning: *** lwmutex created [_lc_mtx] (attribute=0x12): sq_id = 43
[E : PPU[1] Thread (CPUThread)[0x00eed070]]: sysPrxForUser error: sys_prx_register_library(lib_addr=0x50b580)
[E : PPU[1] Thread (CPUThread)[0x00eed070]]: sysPrxForUser error: sys_prx_register_library(lib_addr=0x50b59c)
[E : PPU[1] Thread (CPUThread)[0x00eed070]]: sysPrxForUser error: sys_prx_register_library(lib_addr=0x50b5b8)
[W : PPU[1] Thread (CPUThread)[0x00ecd010]]: cellSysmodule warning: cellSysmoduleLoadModule(CELL_SYSMODULE_USBD)
[W : PPU[1] Thread (CPUThread)[0x00ecd010]]: cellSysmodule warning: cellSysmoduleLoadModule(CELL_SYSMODULE_NET)
[W : PPU[1] Thread (CPUThread)[0x006d707c]]: cellSysutil warning: cellSysutilRegisterCallback(slot=0, func_addr=0x70eb60, userdata=0x9c6900)
[W : PPU[1] Thread (CPUThread)[0x002c73e8]]: sys_spu warning: sys_spu_initialize(max_usable_spu=6, max_raw_spu=0)
[E : PPU[1] Thread (CPUThread)[0x0033e544]]: sys_fs error: "/app_home/sampleArg.txt" not found! flags: 0x00000000
[W : PPU[1] Thread (CPUThread)[0x00ee704c]]: cellGcmSys warning: cellGcmInit(context_addr=0xe397c0,cmdSize=0xf0000,ioSize=0x100000,ioAddress=0x34c00000)
[W : PPU[1] Thread (CPUThread)[0x00ee704c]]: cellGcmSys warning: *** local memory(addr=0xc0000000, size=0xf900000)
[W : PPU[1] Thread (CPUThread)[0x00ee704c]]: cellGcmSys warning: cellGcmMapEaIoAddress(ea=0x34c00000, io=0x0, size=0x100000)
[! : RSXThread]: RSX thread entry
[E : PPU[1] Thread (CPUThread)[0x00ee70f4]]: cellGcmSys error: Unimplemented function: cellGcmSetVBlankHandler
[W : PPU[1] Thread (CPUThread)[0x00ee7034]]: cellGcmSys warning: cellGcmSetUserHandler(handler=0x70eb80)
[W : PPU[1] Thread (CPUThread)[0x00ee7028]]: cellGcmSys warning: cellGcmGetTiledPitchSize(size=5120)
[W : PPU[1] Thread (CPUThread)[0x006d7064]]: cellSysutil warning: cellVideoOutConfigure(videoOut=0, config_addr=0xd0020b30, option_addr=0x0, waitForEvent=0x0)
[W : PPU[1] Thread (CPUThread)[0x00ee7088]]: cellGcmSys warning: cellGcmSetFlipMode(mode=2)
[W : PPU[1] Thread (CPUThread)[0x00ee7118]]: cellGcmSys warning: cellGcmSetTileInfo(index=0, location=0, offset=0, size=7864320, pitch=5120, comp=7, base=0, bank=0)
[E : PPU[1] Thread (CPUThread)[0x00ee7118]]: cellGcmSys error: cellGcmSetTileInfo: bad comp! (7)
[W : PPU[1] Thread (CPUThread)[0x00ee707c]]: cellGcmSys warning: cellGcmBindTile(index=0)
[W : PPU[1] Thread (CPUThread)[0x00ee7028]]: cellGcmSys warning: cellGcmGetTiledPitchSize(size=0)
[W : PPU[1] Thread (CPUThread)[0x00ee70dc]]: cellGcmSys warning: cellGcmSetDisplayBuffer(id=0x0,offset=0x0,pitch=4,width=1280,height=720)
[W : PPU[1] Thread (CPUThread)[0x00ee70dc]]: cellGcmSys warning: cellGcmSetDisplayBuffer(id=0x1,offset=0x3c0000,pitch=4,width=1280,height=720)
[W : PPU[1] Thread (CPUThread)[0x00ee70ac]]: cellGcmSys warning: cellGcmMapEaIoAddress(ea=0x34d00000, io=0xb300000, size=0x2d00000)
[E : PPU[1] Thread (CPUThread)[0x00ee70a0]]: TODO: cellGcmMapEaIoAddressWithFlags
[W : PPU[1] Thread (CPUThread)[0x00ecd010]]: cellSysmodule warning: cellSysmoduleLoadModule(CELL_SYSMODULE_NET)
[W : PPU[1] Thread (CPUThread)[0x00ecd010]]: cellSysmodule warning: cellSysmoduleLoadModule(CELL_SYSMODULE_NETCTL)
[W : PPU[1] Thread (CPUThread)[0x00ecd010]]: cellSysmodule warning: cellSysmoduleLoadModule(CELL_SYSMODULE_RESC)
[W : PPU[1] Thread (CPUThread)[0x00ecd010]]: cellSysmodule warning: cellSysmoduleLoadModule(CELL_SYSMODULE_USBD)
[W : PPU[1] Thread (CPUThread)[0x00ecd010]]: cellSysmodule warning: cellSysmoduleLoadModule(CELL_SYSMODULE_FS)
[W : PPU[1] Thread (CPUThread)[0x00ecd010]]: cellSysmodule warning: cellSysmoduleLoadModule(CELL_SYSMODULE_SYSUTIL_GAME)
[W : PPU[1] Thread (CPUThread)[0x00eed058]]: sys_lwmutex warning: *** lwmutex created [] (attribute=0x22): sq_id = 44
[W : PPU[1] Thread (CPUThread)[0x00eed124]]: sys_lwcond warning: *** lwcond created [] (lwmutex_addr=0x3023d690): id = 45
[W : PPU[1] Thread (CPUThread)[0x00eed058]]: sys_lwmutex warning: *** lwmutex created [] (attribute=0x22): sq_id = 46
[W : PPU[1] Thread (CPUThread)[0x00eed124]]: sys_lwcond warning: *** lwcond created [] (lwmutex_addr=0x3023d700): id = 47
[W : PPU[1] Thread (CPUThread)[0x00eed058]]: sys_lwmutex warning: *** lwmutex created [] (attribute=0x22): sq_id = 48
[W : PPU[1] Thread (CPUThread)[0x00eed124]]: sys_lwcond warning: *** lwcond created [] (lwmutex_addr=0x3023d760): id = 49
[W : PPU[1] Thread (CPUThread)[0x00eed058]]: sys_lwmutex warning: *** lwmutex created [] (attribute=0x22): sq_id = 50
[W : PPU[1] Thread (CPUThread)[0x00eed124]]: sys_lwcond warning: *** lwcond created [] (lwmutex_addr=0x3023d7a0): id = 51
[W : PPU[1] Thread (CPUThread)[0x00eed058]]: sys_lwmutex warning: *** lwmutex created [] (attribute=0x22): sq_id = 52
[W : PPU[1] Thread (CPUThread)[0x00eed124]]: sys_lwcond warning: *** lwcond created [] (lwmutex_addr=0x3023d7e0): id = 53
[W : PPU[1] Thread (CPUThread)[0x00eed058]]: sys_lwmutex warning: *** lwmutex created [] (attribute=0x22): sq_id = 54
[W : PPU[1] Thread (CPUThread)[0x00eed124]]: sys_lwcond warning: *** lwcond created [] (lwmutex_addr=0x3023d820): id = 55
[W : PPU[1] Thread (CPUThread)[0x00eed058]]: sys_lwmutex warning: *** lwmutex created [] (attribute=0x22): sq_id = 56
[W : PPU[1] Thread (CPUThread)[0x00eed124]]: sys_lwcond warning: *** lwcond created [] (lwmutex_addr=0x3023d860): id = 57
[W : PPU[1] Thread (CPUThread)[0x00eed058]]: sys_lwmutex warning: *** lwmutex created [] (attribute=0x22): sq_id = 58
[W : PPU[1] Thread (CPUThread)[0x00eed124]]: sys_lwcond warning: *** lwcond created [] (lwmutex_addr=0x3023d8a0): id = 59
[W : PPU[1] Thread (CPUThread)[0x00eed058]]: sys_lwmutex warning: *** lwmutex created [] (attribute=0x22): sq_id = 60
[W : PPU[1] Thread (CPUThread)[0x00eed124]]: sys_lwcond warning: *** lwcond created [] (lwmutex_addr=0x3023d8e0): id = 61
[W : PPU[1] Thread (CPUThread)[0x00eed058]]: sys_lwmutex warning: *** lwmutex created [] (attribute=0x22): sq_id = 62
[W : PPU[1] Thread (CPUThread)[0x00eed124]]: sys_lwcond warning: *** lwcond created [] (lwmutex_addr=0x3023d920): id = 63
[W : PPU[1] Thread (CPUThread)[0x00eed058]]: sys_lwmutex warning: *** lwmutex created [] (attribute=0x22): sq_id = 64
[W : PPU[1] Thread (CPUThread)[0x00eed124]]: sys_lwcond warning: *** lwcond created [] (lwmutex_addr=0x3023d990): id = 65
[W : PPU[1] Thread (CPUThread)[0x00eed058]]: sys_lwmutex warning: *** lwmutex created [] (attribute=0x22): sq_id = 66
[W : PPU[1] Thread (CPUThread)[0x00eed124]]: sys_lwcond warning: *** lwcond created [] (lwmutex_addr=0x3023d9d0): id = 67
[W : PPU[1] Thread (CPUThread)[0x00eed058]]: sys_lwmutex warning: *** lwmutex created [] (attribute=0x22): sq_id = 68
[W : PPU[1] Thread (CPUThread)[0x00eed124]]: sys_lwcond warning: *** lwcond created [] (lwmutex_addr=0x3023da10): id = 69
[W : PPU[1] Thread (CPUThread)[0x00eed058]]: sys_lwmutex warning: *** lwmutex created [] (attribute=0x22): sq_id = 70
[W : PPU[1] Thread (CPUThread)[0x00eed124]]: sys_lwcond warning: *** lwcond created [] (lwmutex_addr=0x3023da50): id = 71
[W : PPU[1] Thread (CPUThread)[0x00eed058]]: sys_lwmutex warning: *** lwmutex created [] (attribute=0x22): sq_id = 72
[W : PPU[1] Thread (CPUThread)[0x00eed124]]: sys_lwcond warning: *** lwcond created [] (lwmutex_addr=0x3023da90): id = 73
[W : PPU[1] Thread (CPUThread)[0x00eed058]]: sys_lwmutex warning: *** lwmutex created [] (attribute=0x22): sq_id = 74
[W : PPU[1] Thread (CPUThread)[0x00eed124]]: sys_lwcond warning: *** lwcond created [] (lwmutex_addr=0x3023db00): id = 75
[W : PPU[1] Thread (CPUThread)[0x00eed058]]: sys_lwmutex warning: *** lwmutex created [] (attribute=0x22): sq_id = 76
[W : PPU[1] Thread (CPUThread)[0x00eed124]]: sys_lwcond warning: *** lwcond created [] (lwmutex_addr=0x3023db70): id = 77
[W : PPU[1] Thread (CPUThread)[0x00eed058]]: sys_lwmutex warning: *** lwmutex created [] (attribute=0x22): sq_id = 78
[W : PPU[1] Thread (CPUThread)[0x00eed124]]: sys_lwcond warning: *** lwcond created [] (lwmutex_addr=0x3023dbb0): id = 79
[W : PPU[1] Thread (CPUThread)[0x00eed058]]: sys_lwmutex warning: *** lwmutex created [] (attribute=0x22): sq_id = 80
[W : PPU[1] Thread (CPUThread)[0x00eed124]]: sys_lwcond warning: *** lwcond created [] (lwmutex_addr=0x3023e6a0): id = 81
[W : PPU[1] Thread (CPUThread)[0x00eed058]]: sys_lwmutex warning: *** lwmutex created [] (attribute=0x22): sq_id = 82
[W : PPU[1] Thread (CPUThread)[0x00eed124]]: sys_lwcond warning: *** lwcond created [] (lwmutex_addr=0x30240ef0): id = 83
[W : PPU[1] Thread (CPUThread)[0x00eed058]]: sys_lwmutex warning: *** lwmutex created [] (attribute=0x22): sq_id = 84
[W : PPU[1] Thread (CPUThread)[0x00eed124]]: sys_lwcond warning: *** lwcond created [] (lwmutex_addr=0x30240f30): id = 85
[E : PPU[1] Thread (CPUThread)[0x00ed1034]]: cellNetCtl error: Unimplemented function: cellNetCtlGetInfo
[E : PPU[1] Thread (CPUThread)[0x00eed070]]: sysPrxForUser error: sys_prx_register_library(lib_addr=0x50b580)
[E : PPU[1] Thread (CPUThread)[0x00eed070]]: sysPrxForUser error: sys_prx_register_library(lib_addr=0x50b59c)
[E : PPU[1] Thread (CPUThread)[0x00eed070]]: sysPrxForUser error: sys_prx_register_library(lib_addr=0x50b5b8)
[W : PPU[1] Thread (CPUThread)[0x00ecd010]]: cellSysmodule warning: cellSysmoduleLoadModule(CELL_SYSMODULE_RTC)
[W : PPU[1] Thread (CPUThread)[0x00ecd010]]: cellSysmodule warning: cellSysmoduleLoadModule(CELL_SYSMODULE_SYNC2)
[W : PPU[1] Thread (CPUThread)[0x00ecf088]]: cellSpurs warning: cellSpursAttributeInitialize(attr_addr=0xd0020628, nSpus=2, spuPriority=3342336, ppuPriority=6, exitIfNoWork=249)
[W : PPU[1] Thread (CPUThread)[0x00ecf004]]: cellSpurs warning: cellSpursAttributeEnableSpuPrintfIfAvailable(attr_addr=0xd0020628)
[W : PPU[1] Thread (CPUThread)[0x00ecf094]]: cellSpurs warning: cellSpursAttributeEnableSystemWorkload(attr_addr=0xd0020628, priority[480630288], maxSpu=6, isPreemptible[480630296])
[E : PPU[1] Thread (CPUThread)[0x00ecf0d0]]: TODO: cellSpursInitializeWithAttribute
[W : PPU[1] Thread (CPUThread)[0x002aa56c]]: sys_event warning: sys_event_queue_create(equeue_id_addr=0xe8e610, attr_addr=0xd0020540, event_queue_key=0x0, size=8)
[W : PPU[1] Thread (CPUThread)[0x002aa56c]]: sys_event warning: *** event_queue created [] (protocol=0x2, type=0x1): id = 86
[W : PPU[1] Thread (CPUThread)[0x002aa950]]: sys_event warning: sys_event_port_create(eport_id_addr=0xe8e614, port_type=0x1, name=0xd1ed1ed1)
[W : PPU[1] Thread (CPUThread)[0x002aa950]]: sys_event warning: *** sys_event_port created: id = 88
[W : PPU[1] Thread (CPUThread)[0x002aa964]]: sys_event warning: sys_event_port_connect_local(eport_id=88, equeue_id=86)
[W : PPU[1] Thread (CPUThread)[0x00ecf190]]: cellSpurs warning: cellSpursAttachLv2EventQueue(spurs_addr=0x37a00400, queue=0x56, port_addr=0xd0020550, isDynamic=0)
[E : PPU[1] Thread (CPUThread)[0x00ecf154]]: TODO: cellSpursAddWorkload
[E : PPU[1] Thread (CPUThread)[0x00ecf178]]: TODO: _cellSpursWorkloadFlagReceiver
[E : PPU[1] Thread (CPUThread)[0x00ecf1a8]]: TODO: cellSpursReadyCountStore
[E : PPU[1] Thread (CPUThread)[0x00ecf160]]: TODO: cellSpursWakeUp
[W : PPU[1] Thread (CPUThread)[0x00ecd010]]: cellSysmodule warning: cellSysmoduleLoadModule(CELL_SYSMODULE_NET)
[W : PPU[1] Thread (CPUThread)[0x00ecd010]]: cellSysmodule warning: cellSysmoduleLoadModule(CELL_SYSMODULE_SYSUTIL_NP2)
[E : PPU[1] Thread (CPUThread)[0x006df010]]: TODO: sys_net_initialize_network_ex
[E : PPU[1] Thread (CPUThread)[0x00edd070]]: TODO: sceNp2Init
[W : PPU[1] Thread (CPUThread)[0x006d901c]]: cellGame warning: cellGameBootCheck(type_addr=0xd00204f0, attributes_addr=0xd00204f4, size_addr=0xddc518, dirName_addr=0xd00204f8)
[W : PPU[1] Thread (CPUThread)[0x006d9004]]: cellGame warning: cellGameContentPermit(contentInfoPath_addr=0xd0020518, usrdirPath_addr=0xddc498)
[E : PPU[1] Thread (CPUThread)[0x00ed1028]]: cellNetCtl error: Unimplemented function: cellNetCtlInit
[E : PPU[1] Thread (CPUThread)[0x00edb0f4]]: TODO: sceNpManagerRegisterCallback
[W : PPU[1] Thread (CPUThread)[0x00ee7094]]: cellGcmSys warning: cellGcmGetDefaultCommandWordSize()
[W : PPU[1] Thread (CPUThread)[0x00ee70c4]]: cellGcmSys warning: cellGcmGetDefaultSegmentWordSize()
[E : PPU[1] Thread (CPUThread)[0x00ecf19c]]: TODO: cellSpursGetWorkloadFlag
[W : PPU[1] Thread (CPUThread)[0x006d7010]]: cellSysutil warning: cellSysutilGetSystemParamInt: CELL_SYSUTIL_SYSTEMPARAM_ID_ENTER_BUTTON_ASSIGN
[W : PPU[1] Thread (CPUThread)[0x00eed058]]: sys_lwmutex warning: *** lwmutex created [_lc_mtx] (attribute=0x12): sq_id = 89
[W : PPU[1] Thread (CPUThread)[0x00eed058]]: sys_lwmutex warning: *** lwmutex created [_lc_mtx] (attribute=0x12): sq_id = 90
[W : PPU[1] Thread (CPUThread)[0x00ee7010]]: cellGcmGetReportDataAddressLocation(location=0, index=1)
[W : PPU[1] Thread (CPUThread)[0x00ecd010]]: cellSysmodule warning: cellSysmoduleLoadModule(CELL_SYSMODULE_HTTP)
[E : PPU[1] Thread (CPUThread)[0x006df010]]: TODO: sys_net_initialize_network_ex
[E : PPU[1] Thread (CPUThread)[0x00ed301c]]: TODO: cellHttpInit
[W : PPU[1] Thread (CPUThread)[0x006d7010]]: cellSysutil warning: cellSysutilGetSystemParamInt: CELL_SYSUTIL_SYSTEMPARAM_ID_LANG
[W : PPU[1] Thread (CPUThread)[0x006d7010]]: cellSysutil warning: cellSysutilGetSystemParamInt: CELL_SYSUTIL_SYSTEMPARAM_ID_LANG
[W : PPU[1] Thread (CPUThread)[0x006d7010]]: cellSysutil warning: cellSysutilGetSystemParamInt: CELL_SYSUTIL_SYSTEMPARAM_ID_LANG
[W : PPU[1] Thread (CPUThread)[0x006d7010]]: cellSysutil warning: cellSysutilGetSystemParamInt: CELL_SYSUTIL_SYSTEMPARAM_ID_LANG
[W : PPU[1] Thread (CPUThread)[0x00eed058]]: sys_lwmutex warning: *** lwmutex created [] (attribute=0x22): sq_id = 91
[W : PPU[1] Thread (CPUThread)[0x00eed124]]: sys_lwcond warning: *** lwcond created [] (lwmutex_addr=0x302c7240): id = 92
[W : PPU[1] Thread (CPUThread)[0x00eed058]]: sys_lwmutex warning: *** lwmutex created [] (attribute=0x22): sq_id = 93
[W : PPU[1] Thread (CPUThread)[0x00eed124]]: sys_lwcond warning: *** lwcond created [] (lwmutex_addr=0x302c7270): id = 94
[E : PPU[1] Thread (CPUThread)[0x00ed1034]]: cellNetCtl error: Unimplemented function: cellNetCtlGetInfo
[W : PPU[1] Thread (CPUThread)[0x00eed058]]: sys_lwmutex warning: *** lwmutex created [_lc_mtx] (attribute=0x12): sq_id = 95
[W : PPU[1] Thread (CPUThread)[0x00eed058]]: sys_lwmutex warning: *** lwmutex created [] (attribute=0x22): sq_id = 96
[W : PPU[1] Thread (CPUThread)[0x00eed124]]: sys_lwcond warning: *** lwcond created [] (lwmutex_addr=0x302c9e60): id = 97
[W : PPU[1] Thread (CPUThread)[0x00eed058]]: sys_lwmutex warning: *** lwmutex created [] (attribute=0x22): sq_id = 98
[W : PPU[1] Thread (CPUThread)[0x00eed124]]: sys_lwcond warning: *** lwcond created [] (lwmutex_addr=0x302c9e90): id = 99
[E : PPU[1] Thread (CPUThread)[0x00ed1034]]: cellNetCtl error: Unimplemented function: cellNetCtlGetInfo
[W : PPU[1] Thread (CPUThread)[0x00eed058]]: sys_lwmutex warning: *** lwmutex created [] (attribute=0x22): sq_id = 100
[W : PPU[1] Thread (CPUThread)[0x00eed058]]: sys_lwmutex warning: *** lwmutex created [] (attribute=0x22): sq_id = 101
[W : PPU[1] Thread (CPUThread)[0x00eed058]]: sys_lwmutex warning: *** lwmutex created [] (attribute=0x22): sq_id = 103
[W : PPU[1] Thread (CPUThread)[0x00eed124]]: sys_lwcond warning: *** lwcond created [] (lwmutex_addr=0x302cee50): id = 104
[W : PPU[1] Thread (CPUThread)[0x00eed058]]: sys_lwmutex warning: *** lwmutex created [] (attribute=0x22): sq_id = 105
[W : PPU[1] Thread (CPUThread)[0x00eed124]]: sys_lwcond warning: *** lwcond created [] (lwmutex_addr=0x302cee90): id = 106
[E : PPU[1] Thread (CPUThread)[0x00ed1034]]: cellNetCtl error: Unimplemented function: cellNetCtlGetInfo
[W : PPU[1] Thread (CPUThread)[0x00eed058]]: sys_lwmutex warning: *** lwmutex created [] (attribute=0x22): sq_id = 107
[W : PPU[1] Thread (CPUThread)[0x00eed124]]: sys_lwcond warning: *** lwcond created [] (lwmutex_addr=0x302d05a0): id = 108
[W : PPU[1] Thread (CPUThread)[0x00eed058]]: sys_lwmutex warning: *** lwmutex created [] (attribute=0x22): sq_id = 109
[W : PPU[1] Thread (CPUThread)[0x00eed124]]: sys_lwcond warning: *** lwcond created [] (lwmutex_addr=0x302d05e0): id = 110
[E : PPU[1] Thread (CPUThread)[0x00ed1034]]: cellNetCtl error: Unimplemented function: cellNetCtlGetInfo
[E : PPU[1] Thread (CPUThread)[0x00edb0ac]]: TODO: sceNpDrmIsAvailable
[E : PPU[1] Thread (CPUThread)[0x00eed034]]: TODO: sys_prx_load_module
[E : PPU[1] Thread (CPUThread)[0x00edb0ac]]: TODO: sceNpDrmIsAvailable
[E : PPU[1] Thread (CPUThread)[0x00eed034]]: TODO: sys_prx_load_module
[E : PPU[1] Thread (CPUThread)[0x0020a7d0]]: Write64 to null block: [cfffe860]: d0020560
[! : RSXThread]: RSX thread exit...
[W : PPU[87] Thread (spu_printf_handler)[0x002aad50]]: sys_event_queue_receive(equeue=86) aborted
[!]: Closing memory...
