[!]: path: /dev_hdd0/game/
[!]: Loading 'D:\Emulateurs\Rpcs3\dev_hdd0\game\NPEA00418-[KILLZONE HD_]/USRDIR/BOOT.BIN'...
[!]: Mount info:
[!]: /dev_hdd0/ -> D:\Emulateurs\Rpcs3\dev_hdd0\
[!]: /dev_hdd1/ -> D:\Emulateurs\Rpcs3\dev_hdd1\
[!]: /dev_flash/ -> D:\Emulateurs\Rpcs3\dev_flash\
[!]: /dev_usb000/ -> D:\Emulateurs\Rpcs3\dev_usb000\
[!]: /dev_usb/ -> D:\Emulateurs\Rpcs3\dev_usb000\
[!]: /app_home/ -> D:\Emulateurs\Rpcs3\dev_hdd0\game\NPEA00418-[KILLZONE HD_]/
[!]: /dev_bdvd/ -> D:\Emulateurs\Rpcs3\dev_hdd0\game\NPEA00418-[KILLZONE HD_]/\..\
[!]: /host_root/ -> 
[!]: / -> D:\Emulateurs\Rpcs3\dev_hdd0\game\NPEA00418-[KILLZONE HD_]/\USRDIR\
[!]: Initing memory...
[!]: Memory initialized.
[W]: Unknown function 0x99406d0b in 'sys_fs' module
[E]: TODO: cellFsChmod
[W]: Unknown function 0xbef554a4 in 'sys_fs' module
[E]: TODO: cellFsUtime
[W]: Unknown function 0x6d3bb15b in 'sys_fs' module
[E]: TODO: cellFsSdataOpenByFd
[W]: Unknown function 0x967a162b in 'sys_fs' module
[E]: TODO: cellFsFsync
[W]: Unknown function 0x16394a4e in 'cellSpurs' module
[E]: TODO: _cellSpursTasksetAttributeInitialize
[W]: Unknown function 0x22aab31d in 'cellSpurs' module
[E]: TODO: cellSpursEventFlagDetachLv2EventQueue
[W]: Unknown function 0x373523d4 in 'cellSpurs' module
[E]: TODO: cellSpursEventFlagWait
[W]: Unknown function 0x4ac7bae4 in 'cellSpurs' module
[E]: TODO: cellSpursEventFlagClear
[W]: Unknown function 0x5ef96465 in 'cellSpurs' module
[E]: TODO: _cellSpursEventFlagInitialize
[W]: Unknown function 0x652b70e2 in 'cellSpurs' module
[E]: TODO: cellSpursTasksetAttributeSetName
[W]: Unknown function 0x87630976 in 'cellSpurs' module
[E]: TODO: cellSpursEventFlagAttachLv2EventQueue
[W]: Unknown function 0x8f122ef8 in 'cellSpurs' module
[E]: TODO: cellSpursTasksetAttributeSetTasksetSize
[W]: Unknown function 0x94034c95 in 'cellSpurs' module
[E]: TODO: cellSpursTasksetUnsetExceptionEventHandler
[W]: Unknown function 0x9f72add3 in 'cellSpurs' module
[E]: TODO: cellSpursJoinTaskset
[W]: Unknown function 0xa789e631 in 'cellSpurs' module
[E]: TODO: cellSpursShutdownTaskset
[W]: Unknown function 0xaa6269a8 in 'cellSpurs' module
[E]: TODO: cellSpursInitializeWithAttribute
[W]: Unknown function 0xc10931cb in 'cellSpurs' module
[E]: TODO: cellSpursCreateTasksetWithAttribute
[W]: Unknown function 0x011ee38b in 'cellSpurs' module
[E]: TODO: _cellSpursLFQueueInitialize
[W]: Unknown function 0x1656d49f in 'cellSpurs' module
[E]: TODO: cellSpursLFQueueAttachLv2EventQueue
[W]: Unknown function 0x182d9890 in 'cellSpurs' module
[E]: TODO: cellSpursRequestIdleSpu
[W]: Unknown function 0x49a3426d in 'cellSpurs' module
[E]: TODO: cellSpursReadyCountSwap
[W]: Unknown function 0x4a5eab63 in 'cellSpurs' module
[E]: TODO: cellSpursWorkloadAttributeSetName
[W]: Unknown function 0x4e153e3e in 'cellSpurs' module
[E]: TODO: cellSpursGetWorkloadInfo
[W]: Unknown function 0x52cc6c82 in 'cellSpurs' module
[E]: TODO: cellSpursCreateTaskset
[W]: Unknown function 0x57e4dec3 in 'cellSpurs' module
[E]: TODO: cellSpursRemoveWorkload
[W]: Unknown function 0x5fd43fe4 in 'cellSpurs' module
[E]: TODO: cellSpursWaitForWorkloadShutdown
[W]: Unknown function 0x73e06f91 in 'cellSpurs' module
[E]: TODO: cellSpursLFQueueDetachLv2EventQueue
[W]: Unknown function 0x8a85674d in 'cellSpurs' module
[E]: TODO: _cellSpursLFQueuePushBody
[W]: Unknown function 0x98d5b343 in 'cellSpurs' module
[E]: TODO: cellSpursShutdownWorkload
[W]: Unknown function 0xbeb600ac in 'cellSpurs' module
[E]: TODO: cellSpursCreateTask
[W]: Unknown function 0xc0158d8b in 'cellSpurs' module
[E]: TODO: cellSpursAddWorkloadWithAttribute
[W]: Unknown function 0xd2e23fa9 in 'cellSpurs' module
[E]: TODO: cellSpursSetExceptionEventHandler
[W]: Unknown function 0xe0a6dbe4 in 'cellSpurs' module
[E]: TODO: _cellSpursSendSignal
[W]: Unknown function 0xefeb2679 in 'cellSpurs' module
[E]: TODO: _cellSpursWorkloadAttributeInitialize
[W]: Unknown function 0xf843818d in 'cellSpurs' module
[E]: TODO: cellSpursReadyCountStore
[W]: Unknown function 0x832df17e in 'cellAudio' module
[E]: TODO: cellAudioAdd6chData
[W]: Unknown function 0x220894e3 in 'cellSysutil' module
[E]: TODO: cellSysutilEnableBgmPlayback
[W]: Unknown function 0x2a8eada2 in 'cellSysutil' module
[E]: TODO: cellSaveDataFixedLoad2
[W]: Unknown function 0x2aae9ef5 in 'cellSysutil' module
[E]: TODO: cellSaveDataFixedSave2
[W]: Unknown function 0x8b7ed64b in 'cellSysutil' module
[E]: TODO: cellSaveDataAutoSave2
[W]: Unknown function 0xcfdd8e87 in 'cellSysutil' module
[E]: TODO: cellSysutilDisableBgmPlayback
[W]: Unknown function 0xedadd797 in 'cellSysutil' module
[E]: TODO: cellSaveDataDelete2
[W]: Unknown function 0xfbd5c856 in 'cellSysutil' module
[E]: TODO: cellSaveDataAutoLoad2
[W]: Unknown function 0x63387071 in 'cellGcmSys' module
[E]: TODO: cellGcmGetLastFlipTime
[W]: Unknown function 0x99d397ac in 'cellGcmSys' module
[E]: TODO: cellGcmGetReport
[W]: Unknown function 0xa6b180ac in 'cellGcmSys' module
[E]: TODO: cellGcmGetReportDataLocation
[W]: Unknown function 0xd01b570d in 'cellGcmSys' module
[E]: TODO: cellGcmSetGraphicsHandler
[W]: Unknown function 0xf042b14f in 'sceNp' module
[E]: TODO: sceNpDrmIsAvailable2
[W]: Unknown function 0x94e9f81d in 'cellGameExec' module
[E]: TODO: cellGameGetHomeLaunchOptionPath
[W]: Unknown function 0xf6acd0bc in 'cellGameExec' module
[E]: TODO: cellGameGetBootGameInfo
[W]: Unknown function 0x66f5e388 in 'cellResc' module
[E]: TODO: cellRescGetLastFlipTime
[W]: Unknown function 0xd3758645 in 'cellResc' module
[E]: TODO: cellRescSetVBlankHandler
[W]: Unknown function 0xe0cef79e in 'cellResc' module
[E]: TODO: cellRescCreateInterlaceTable
[W]: Unknown function 0x0247c69e in 'cellSail' module
[E]: TODO: cellSailGraphicsAdapterGetFrame
[W]: Unknown function 0x0abb318b in 'cellSail' module
[E]: TODO: cellSailDescriptorCreateDatabase
[W]: Unknown function 0x0c4cb439 in 'cellSail' module
[E]: TODO: cellSailFutureReset
[W]: Unknown function 0x0d0c2f0c in 'cellSail' module
[E]: TODO: cellSailDescriptorSetEs
[W]: Unknown function 0x1139a206 in 'cellSail' module
[E]: TODO: cellSailPlayerSetSoundAdapter
[W]: Unknown function 0x15fd6a2a in 'cellSail' module
[E]: TODO: cellSailDescriptorClose
[W]: Unknown function 0x1872331b in 'cellSail' module
[E]: TODO: cellSailGraphicsAdapterPtsToTimePosition
[W]: Unknown function 0x18b4629d in 'cellSail' module
[E]: TODO: cellSailPlayerFinalize
[W]: Unknown function 0x18bcd21b in 'cellSail' module
[E]: TODO: cellSailPlayerSetGraphicsAdapter
[W]: Unknown function 0x1c983864 in 'cellSail' module
[E]: TODO: cellSailGraphicsAdapterInitialize
[W]: Unknown function 0x1c9d5e5a in 'cellSail' module
[E]: TODO: cellSailSoundAdapterSetPreferredFormat
[W]: Unknown function 0x23654375 in 'cellSail' module
[E]: TODO: cellSailPlayerInitialize2
[W]: Unknown function 0x28336e89 in 'cellSail' module
[E]: TODO: cellSailDescriptorDestroyDatabase
[W]: Unknown function 0x2e3ccb5e in 'cellSail' module
[E]: TODO: cellSailGraphicsAdapterSetPreferredFormat
[W]: Unknown function 0x346ebba3 in 'cellSail' module
[E]: TODO: cellSailMemAllocatorInitialize
[W]: Unknown function 0x34ecc1b9 in 'cellSail' module
[E]: TODO: cellSailPlayerOpenStream
[W]: Unknown function 0x3a2d806c in 'cellSail' module
[E]: TODO: cellSailFutureGet
[W]: Unknown function 0x3d0d3b72 in 'cellSail' module
[E]: TODO: cellSailSoundAdapterInitialize
[W]: Unknown function 0x3e908c56 in 'cellSail' module
[E]: TODO: cellSailAviMovieGetStreamByIndex
[W]: Unknown function 0x44a20e79 in 'cellSail' module
[E]: TODO: cellSailGraphicsAdapterUpdateAvSync
[W]: Unknown function 0x4ae979df in 'cellSail' module
[E]: TODO: cellSailSoundAdapterPtsToTimePosition
[W]: Unknown function 0x4cc54f8e in 'cellSail' module
[E]: TODO: cellSailFutureInitialize
[W]: Unknown function 0x5783a454 in 'cellSail' module
[E]: TODO: cellSailMp4MovieGetMovieInfo
[W]: Unknown function 0x5f7c7a6f in 'cellSail' module
[E]: TODO: cellSailPlayerSetParameter
[W]: Unknown function 0x6e83f5c0 in 'cellSail' module
[E]: TODO: cellSailAviMovieGetMovieInfo
[W]: Unknown function 0x76488bb1 in 'cellSail' module
[E]: TODO: cellSailGraphicsAdapterFinalize
[W]: Unknown function 0x76b1a425 in 'cellSail' module
[E]: TODO: cellSailDescriptorSetAutoSelection
[W]: Unknown function 0x7c8dff3b in 'cellSail' module
[E]: TODO: cellSailPlayerAddDescriptor
[W]: Unknown function 0x7eb8d6b5 in 'cellSail' module
[E]: TODO: cellSailSoundAdapterGetFrame
[W]: Unknown function 0x9553af65 in 'cellSail' module
[E]: TODO: cellSailFutureFinalize
[W]: Unknown function 0xa37fed15 in 'cellSail' module
[E]: TODO: cellSailFutureSet
[W]: Unknown function 0xbdf21b0f in 'cellSail' module
[E]: TODO: cellSailPlayerBoot
[W]: Unknown function 0xc044fab1 in 'cellSail' module
[E]: TODO: cellSailDescriptorOpen
[W]: Unknown function 0xc09e2f23 in 'cellSail' module
[E]: TODO: cellSailAviStreamGetMediaType
[W]: Unknown function 0xd1462438 in 'cellSail' module
[E]: TODO: cellSailSoundAdapterFinalize
[W]: Unknown function 0xd1d55a90 in 'cellSail' module
[E]: TODO: cellSailPlayerSetPaused
[W]: Unknown function 0xd7938b8d in 'cellSail' module
[E]: TODO: cellSailPlayerCreateDescriptor
[W]: Unknown function 0xe535b0d3 in 'cellSail' module
[E]: TODO: cellSailPlayerStart
[W]: Unknown function 0xeba8d4ec in 'cellSail' module
[E]: TODO: cellSailPlayerStop
[W]: Unknown function 0xeec22809 in 'cellSail' module
[E]: TODO: cellSailSoundAdapterUpdateAvSync
[W]: Unknown function 0xf25f197d in 'cellSail' module
[E]: TODO: cellSailSoundAdapterGetFormat
[W]: Unknown function 0xfc5baf8a in 'cellSail' module
[E]: TODO: cellSailPlayerSetRepeatMode
[W]: Unknown function 0xfc839bd4 in 'cellSail' module
[E]: TODO: cellSailPlayerDestroyDescriptor
[W]: Unknown function 0xffd58aa4 in 'cellSail' module
[E]: TODO: cellSailGraphicsAdapterGetFormat
[W]: Unknown function 0x26090058 in 'sysPrxForUser' module
[E]: TODO: sys_prx_load_module
[W]: Unknown function 0xa330ad84 in 'sysPrxForUser' module
[E]: TODO: sys_prx_load_module_on_memcontainer_by_fd
[W]: Unknown function 0xaa6d9bff in 'sysPrxForUser' module
[E]: TODO: sys_prx_load_module_on_memcontainer
[W]: Unknown function 0xef68c17c in 'sysPrxForUser' module
[E]: TODO: sys_prx_load_module_by_fd
[W : PPU[1] Thread (CPUThread)[0x0139c058]]: sys_lwmutex warning: *** lwmutex created [_lc_mtx] (attribute=0x12): sq_id = 3
[W : PPU[1] Thread (CPUThread)[0x003b9edc]]: memory warning: sys_memory_get_user_memory_size(mem_info_addr=0xd0020c04)
[W : PPU[1] Thread (CPUThread)[0x0139c058]]: sys_lwmutex warning: *** lwmutex created [_lc_mtx] (attribute=0x12): sq_id = 4
[W : PPU[1] Thread (CPUThread)[0x0139c058]]: sys_lwmutex warning: *** lwmutex created [_lc_mtx] (attribute=0x12): sq_id = 5
[W : PPU[1] Thread (CPUThread)[0x0139c058]]: sys_lwmutex warning: *** lwmutex created [_lc_mtx] (attribute=0x12): sq_id = 6
[W : PPU[1] Thread (CPUThread)[0x0139c058]]: sys_lwmutex warning: *** lwmutex created [_lc_mtx] (attribute=0x12): sq_id = 7
[W : PPU[1] Thread (CPUThread)[0x0139c058]]: sys_lwmutex warning: *** lwmutex created [_lc_mtx] (attribute=0x12): sq_id = 8
[W : PPU[1] Thread (CPUThread)[0x0139c058]]: sys_lwmutex warning: *** lwmutex created [_lc_mtx] (attribute=0x12): sq_id = 9
[W : PPU[1] Thread (CPUThread)[0x0139c058]]: sys_lwmutex warning: *** lwmutex created [_lc_mtx] (attribute=0x12): sq_id = 10
[W : PPU[1] Thread (CPUThread)[0x0139c058]]: sys_lwmutex warning: *** lwmutex created [_lc_mtx] (attribute=0x12): sq_id = 11
[W : PPU[1] Thread (CPUThread)[0x0139c058]]: sys_lwmutex warning: *** lwmutex created [_lc_mtx] (attribute=0x12): sq_id = 12
[W : PPU[1] Thread (CPUThread)[0x0139c058]]: sys_lwmutex warning: *** lwmutex created [] (attribute=0x12): sq_id = 13
[W : PPU[1] Thread (CPUThread)[0x00063b24]]: memory warning: sys_memory_get_user_memory_size(mem_info_addr=0xd0020bd4)
[W : PPU[1] Thread (CPUThread)[0x0139c058]]: sys_lwmutex warning: *** lwmutex created [_lgcmtx] (attribute=0x12): sq_id = 14
[W : PPU[1] Thread (CPUThread)[0x0139c058]]: sys_lwmutex warning: *** lwmutex created [_lgcmtx] (attribute=0x22): sq_id = 15
[W : PPU[1] Thread (CPUThread)[0x0139c058]]: sys_lwmutex warning: *** lwmutex created [_lc_mtx] (attribute=0x12): sq_id = 16
[W : PPU[1] Thread (CPUThread)[0x0139c058]]: sys_lwmutex warning: *** lwmutex created [_lc_mtx] (attribute=0x12): sq_id = 17
[W : PPU[1] Thread (CPUThread)[0x0139c058]]: sys_lwmutex warning: *** lwmutex created [_lc_mtx] (attribute=0x12): sq_id = 18
[W : PPU[1] Thread (CPUThread)[0x0139c058]]: sys_lwmutex warning: *** lwmutex created [_lc_mtx] (attribute=0x12): sq_id = 19
[W : PPU[1] Thread (CPUThread)[0x0139c058]]: sys_lwmutex warning: *** lwmutex created [_lc_mtx] (attribute=0x12): sq_id = 20
[W : PPU[1] Thread (CPUThread)[0x0139c058]]: sys_lwmutex warning: *** lwmutex created [_lc_mtx] (attribute=0x12): sq_id = 21
[W : PPU[1] Thread (CPUThread)[0x0139c058]]: sys_lwmutex warning: *** lwmutex created [_lc_mtx] (attribute=0x12): sq_id = 22
[W : PPU[1] Thread (CPUThread)[0x0139c058]]: sys_lwmutex warning: *** lwmutex created [_lc_mtx] (attribute=0x12): sq_id = 23
[W : PPU[1] Thread (CPUThread)[0x0139c058]]: sys_lwmutex warning: *** lwmutex created [_lc_mtx] (attribute=0x12): sq_id = 24
[W : PPU[1] Thread (CPUThread)[0x0139c058]]: sys_lwmutex warning: *** lwmutex created [_lc_mtx] (attribute=0x12): sq_id = 25
[W : PPU[1] Thread (CPUThread)[0x0139c058]]: sys_lwmutex warning: *** lwmutex created [_lc_mtx] (attribute=0x12): sq_id = 26
[W : PPU[1] Thread (CPUThread)[0x0139c058]]: sys_lwmutex warning: *** lwmutex created [_lc_mtx] (attribute=0x12): sq_id = 27
[W : PPU[1] Thread (CPUThread)[0x003ac298]]: cellSysutil warning: cellSysutilGetSystemParamInt: CELL_SYSUTIL_SYSTEMPARAM_ID_TIMEZONE
[W : PPU[1] Thread (CPUThread)[0x003ac298]]: cellSysutil warning: cellSysutilGetSystemParamInt: CELL_SYSUTIL_SYSTEMPARAM_ID_SUMMERTIME
[W : PPU[1] Thread (CPUThread)[0x003b2bec]]: cellSysutil warning: cellSysutilGetSystemParamInt: CELL_SYSUTIL_SYSTEMPARAM_ID_TIMEZONE
[W : PPU[1] Thread (CPUThread)[0x003b2bec]]: cellSysutil warning: cellSysutilGetSystemParamInt: CELL_SYSUTIL_SYSTEMPARAM_ID_SUMMERTIME
[W : PPU[1] Thread (CPUThread)[0x003add08]]: cellSysutil warning: cellSysutilGetSystemParamInt: CELL_SYSUTIL_SYSTEMPARAM_ID_TIMEZONE
[W : PPU[1] Thread (CPUThread)[0x003add08]]: cellSysutil warning: cellSysutilGetSystemParamInt: CELL_SYSUTIL_SYSTEMPARAM_ID_SUMMERTIME
[W : PPU[1] Thread (CPUThread)[0x003b2bec]]: cellSysutil warning: cellSysutilGetSystemParamInt: CELL_SYSUTIL_SYSTEMPARAM_ID_TIMEZONE
[W : PPU[1] Thread (CPUThread)[0x003b2bec]]: cellSysutil warning: cellSysutilGetSystemParamInt: CELL_SYSUTIL_SYSTEMPARAM_ID_SUMMERTIME
[W : PPU[1] Thread (CPUThread)[0x003ac244]]: cellSysutil warning: cellSysutilGetSystemParamInt: CELL_SYSUTIL_SYSTEMPARAM_ID_TIMEZONE
[W : PPU[1] Thread (CPUThread)[0x003ac244]]: cellSysutil warning: cellSysutilGetSystemParamInt: CELL_SYSUTIL_SYSTEMPARAM_ID_SUMMERTIME
[W : PPU[1] Thread (CPUThread)[0x003add08]]: cellSysutil warning: cellSysutilGetSystemParamInt: CELL_SYSUTIL_SYSTEMPARAM_ID_TIMEZONE
[W : PPU[1] Thread (CPUThread)[0x003add08]]: cellSysutil warning: cellSysutilGetSystemParamInt: CELL_SYSUTIL_SYSTEMPARAM_ID_SUMMERTIME
[W : PPU[1] Thread (CPUThread)[0x0139c058]]: sys_lwmutex warning: *** lwmutex created [ps3HDDL] (attribute=0x12): sq_id = 28
[W : PPU[1] Thread (CPUThread)[0x0139c058]]: sys_lwmutex warning: *** lwmutex created [] (attribute=0x22): sq_id = 29
[W : PPU[1] Thread (CPUThread)[0x0001d290]]: sys_semaphore warning: sys_semaphore_create(sem_addr=0x12f8768, attr_addr=0xd0020b50, initial_count=0, max_count=2147483647)
[W : PPU[1] Thread (CPUThread)[0x0139c058]]: sys_lwmutex warning: *** lwmutex created [] (attribute=0x12): sq_id = 31
[W : PPU[1] Thread (CPUThread)[0x0139c058]]: sys_lwmutex warning: *** lwmutex created [] (attribute=0x12): sq_id = 32
[W : PPU[1] Thread (CPUThread)[0x0138a010]]: cellSysmodule warning: cellSysmoduleLoadModule(CELL_SYSMODULE_RTC)
[W : PPU[1] Thread (CPUThread)[0x0138a010]]: cellSysmodule warning: cellSysmoduleLoadModule(CELL_SYSMODULE_FS)
[W : PPU[1] Thread (CPUThread)[0x0138a010]]: cellSysmodule warning: cellSysmoduleLoadModule(CELL_SYSMODULE_AVCONF_EXT)
[W : PPU[1] Thread (CPUThread)[0x01386094]]: cellSysutil warning: cellSysutilRegisterCallback(slot=0, func_addr=0x5c55a8, userdata=0x0)
[W : PPU[1] Thread (CPUThread)[0x0006000c]]: sys_event warning: sys_event_port_create(eport_id_addr=0x30107e30, port_type=0x1, name=0x0)
[W : PPU[1] Thread (CPUThread)[0x0006000c]]: sys_event warning: *** sys_event_port created: id = 33
[W : PPU[1] Thread (CPUThread)[0x0006002c]]: sys_event warning: sys_event_queue_create(equeue_id_addr=0x30107e34, attr_addr=0xd0020b90, event_queue_key=0x0, size=1)
[W : PPU[1] Thread (CPUThread)[0x0006002c]]: sys_event warning: *** event_queue created [] (protocol=0x2, type=0x1): id = 34
[W : PPU[1] Thread (CPUThread)[0x0006003c]]: sys_event warning: sys_event_port_connect_local(eport_id=33, equeue_id=34)
[W : PPU[1] Thread (CPUThread)[0x0138a010]]: cellSysmodule warning: cellSysmoduleLoadModule(CELL_SYSMODULE_SAIL)
[W : PPU[1] Thread (CPUThread)[0x0138a010]]: cellSysmodule warning: cellSysmoduleLoadModule(CELL_SYSMODULE_VDEC_MPEG2)
[W : PPU[1] Thread (CPUThread)[0x01386088]]: cellSysutil warning: cellSysutilGetSystemParamString: CELL_SYSUTIL_SYSTEMPARAM_ID_NICKNAME
[W : PPU[1] Thread (CPUThread)[0x01386088]]: cellSysutil warning: cellSysutilGetSystemParamString: CELL_SYSUTIL_SYSTEMPARAM_ID_CURRENT_USERNAME
[W : PPU[1] Thread (CPUThread)[0x0138604c]]: cellSysutil warning: cellSysutilGetSystemParamInt: CELL_SYSUTIL_SYSTEMPARAM_ID_LANG
[W : PPU[1] Thread (CPUThread)[0x0138604c]]: cellSysutil warning: cellSysutilGetSystemParamInt: CELL_SYSUTIL_SYSTEMPARAM_ID_ENTER_BUTTON_ASSIGN
[W : PPU[1] Thread (CPUThread)[0x0138604c]]: cellSysutil warning: cellSysutilGetSystemParamInt: CELL_SYSUTIL_SYSTEMPARAM_ID_DATE_FORMAT
[W : PPU[1] Thread (CPUThread)[0x0138604c]]: cellSysutil warning: cellSysutilGetSystemParamInt: CELL_SYSUTIL_SYSTEMPARAM_ID_TIME_FORMAT
[W : PPU[1] Thread (CPUThread)[0x0138604c]]: cellSysutil warning: cellSysutilGetSystemParamInt: CELL_SYSUTIL_SYSTEMPARAM_ID_TIMEZONE
[W : PPU[1] Thread (CPUThread)[0x0138604c]]: cellSysutil warning: cellSysutilGetSystemParamInt: CELL_SYSUTIL_SYSTEMPARAM_ID_SUMMERTIME
[W : PPU[1] Thread (CPUThread)[0x0138604c]]: cellSysutil warning: cellSysutilGetSystemParamInt: CELL_SYSUTIL_SYSTEMPARAM_ID_GAME_PARENTAL_LEVEL
[W : PPU[1] Thread (CPUThread)[0x0138604c]]: cellSysutil warning: cellSysutilGetSystemParamInt: CELL_SYSUTIL_SYSTEMPARAM_ID_CURRENT_USER_HAS_NP_ACCOUNT
[W : PPU[1] Thread (CPUThread)[0x0138604c]]: cellSysutil warning: cellSysutilGetSystemParamInt: CELL_SYSUTIL_SYSTEMPARAM_ID_ENTER_BUTTON_ASSIGN
[W : PPU[1] Thread (CPUThread)[0x0138a010]]: cellSysmodule warning: cellSysmoduleLoadModule(CELL_SYSMODULE_SYSUTIL_GAME)
[W : PPU[1] Thread (CPUThread)[0x01392040]]: cellGame warning: cellGameBootCheck(type_addr=0xd0020a90, attributes_addr=0xd0020a94, size_addr=0xd0020ad4, dirName_addr=0x0)
[W : PPU[1] Thread (CPUThread)[0x01392040]]: cellGame warning: cellGameBootCheck returns CELL_GAME_ERROR_PARAM. As a result size->hddFreeSizeKB may be 0.
[W : PPU[1] Thread (CPUThread)[0x01392004]]: cellGame warning: cellGameGetParamString(id=0, buf_addr=0xd0020900, bufsize=128)
[W : PPU[1] Thread (CPUThread)[0x01392004]]: cellGame warning: cellGameGetParamString(id=100, buf_addr=0xd0020900, bufsize=128)
[W : PPU[1] Thread (CPUThread)[0x01392028]]: cellGame warning: cellGameGetParamInt(id=102, value_addr=0xd0020a9c)
[W : PPU[1] Thread (CPUThread)[0x0139201c]]: cellGame warning: cellGameContentPermit(contentInfoPath_addr=0xd0020980, usrdirPath_addr=0xd0020a00)
[W : PPU[1] Thread (CPUThread)[0x0138a004]]: cellSysmodule warning: cellSysmoduleUnloadModule(CELL_SYSMODULE_SYSUTIL_GAME)
[W : PPU[1] Thread (CPUThread)[0x0138a010]]: cellSysmodule warning: cellSysmoduleLoadModule(CELL_SYSMODULE_SYSUTIL_GAME_EXEC)
[E : PPU[1] Thread (CPUThread)[0x01394010]]: TODO: cellGameGetBootGameInfo
[W : PPU[1] Thread (CPUThread)[0x0138a004]]: cellSysmodule warning: cellSysmoduleUnloadModule(CELL_SYSMODULE_SYSUTIL_GAME_EXEC)
[W : PPU[1] Thread (CPUThread)[0x00066e98]]: sys_spu warning: sys_spu_initialize(max_usable_spu=5, max_raw_spu=1)
[W : PPU[1] Thread (CPUThread)[0x000633a4]]: memory warning: sys_memory_get_user_memory_size(mem_info_addr=0xd0020710)
[E : PPU[1] Thread (CPUThread)[0x01382088]]: cellSpurs error: _cellSpursAttributeInitialize(attr_addr=0xd0020990, nSpus=2, spuPriority=3342336, ppuPriority=4, exitIfNoWork=128)
[E : PPU[1] Thread (CPUThread)[0x013820ac]]: cellSpurs error: cellSpursAttributeSetSpuThreadGroupType(attr_addr=0xd0020990, type=24)
[E : PPU[1] Thread (CPUThread)[0x01382004]]: cellSpurs error: cellSpursAttributeSetNamePrefix(attr_addr=0xd0020990, prefix_addr=0x533434, size=0x6)
[E : PPU[1] Thread (CPUThread)[0x013820b8]]: TODO: cellSpursInitializeWithAttribute
[W : PPU[1] Thread (CPUThread)[0x000633a4]]: memory warning: sys_memory_get_user_memory_size(mem_info_addr=0xd0020710)
[W : PPU[1] Thread (CPUThread)[0x003a8ba0]]: sys_event warning: sys_event_queue_create(equeue_id_addr=0x30240a80, attr_addr=0xd00206d4, event_queue_key=0x0, size=127)
[W : PPU[1] Thread (CPUThread)[0x003a8ba0]]: sys_event warning: *** event_queue created [] (protocol=0x2, type=0x1): id = 35
[W : PPU[1] Thread (CPUThread)[0x003a8be4]]: sys_event warning: sys_event_port_create(eport_id_addr=0x30240a94, port_type=0x1, name=0xd0a77)
[W : PPU[1] Thread (CPUThread)[0x003a8be4]]: sys_event warning: *** sys_event_port created: id = 37
[W : PPU[1] Thread (CPUThread)[0x003a8bf4]]: sys_event warning: sys_event_port_connect_local(eport_id=37, equeue_id=35)
[E : PPU[1] Thread (CPUThread)[0x013820c4]]: cellSpurs error: cellSpursAttachLv2EventQueue(spurs_addr=0x3023fa80, queue=0x23, port_addr=0xd00206d0, isDynamic=0)
[E : PPU[1] Thread (CPUThread)[0x013820c4]]: cellSpurs error: cellSpursAttachLv2EventQueue(spurs_addr=0x3023fa80, queue=0x23, port_addr=0x30240a90, isDynamic=1)
[W : PPU[1] Thread (CPUThread)[0x000633a4]]: memory warning: sys_memory_get_user_memory_size(mem_info_addr=0xd0020710)
[E : PPU[1] Thread (CPUThread)[0x01382088]]: cellSpurs error: _cellSpursAttributeInitialize(attr_addr=0xd0020790, nSpus=2, spuPriority=3342336, ppuPriority=1, exitIfNoWork=129)
[E : PPU[1] Thread (CPUThread)[0x01382004]]: cellSpurs error: cellSpursAttributeSetNamePrefix(attr_addr=0xd0020790, prefix_addr=0x53343c, size=0x6)
[E : PPU[1] Thread (CPUThread)[0x013820b8]]: TODO: cellSpursInitializeWithAttribute
[W : PPU[1] Thread (CPUThread)[0x000633a4]]: memory warning: sys_memory_get_user_memory_size(mem_info_addr=0xd0020710)
[W : PPU[1] Thread (CPUThread)[0x003a8ba0]]: sys_event warning: sys_event_queue_create(equeue_id_addr=0x30241b80, attr_addr=0xd00206d4, event_queue_key=0x0, size=127)
[W : PPU[1] Thread (CPUThread)[0x003a8ba0]]: sys_event warning: *** event_queue created [] (protocol=0x2, type=0x1): id = 38
[W : PPU[1] Thread (CPUThread)[0x003a8be4]]: sys_event warning: sys_event_port_create(eport_id_addr=0x30241b94, port_type=0x1, name=0xd0a77)
[W : PPU[1] Thread (CPUThread)[0x003a8be4]]: sys_event warning: *** sys_event_port created: id = 40
[W : PPU[1] Thread (CPUThread)[0x003a8bf4]]: sys_event warning: sys_event_port_connect_local(eport_id=40, equeue_id=38)
[E : PPU[1] Thread (CPUThread)[0x013820c4]]: cellSpurs error: cellSpursAttachLv2EventQueue(spurs_addr=0x30240b80, queue=0x26, port_addr=0xd00206d0, isDynamic=0)
[E : PPU[1] Thread (CPUThread)[0x013820c4]]: cellSpurs error: cellSpursAttachLv2EventQueue(spurs_addr=0x30240b80, queue=0x26, port_addr=0x30241b90, isDynamic=1)
[E : PPU[1] Thread (CPUThread)[0x0138210c]]: cellSpurs error: cellSpursGetInfo(spurs_addr=0x3023fa80, info_addr=0xd0020270)
[E : PPU[1] Thread (CPUThread)[0x013821cc]]: TODO: _cellSpursWorkloadAttributeInitialize
[E : PPU[1] Thread (CPUThread)[0x01382124]]: TODO: cellSpursWorkloadAttributeSetName
[E : PPU[1] Thread (CPUThread)[0x013821a8]]: TODO: cellSpursAddWorkloadWithAttribute
[E : PPU[1] Thread (CPUThread)[0x01382100]]: TODO: cellSpursRequestIdleSpu
[E : PPU[1] Thread (CPUThread)[0x013821b4]]: TODO: cellSpursSetExceptionEventHandler
[E : PPU[1] Thread (CPUThread)[0x0138210c]]: cellSpurs error: cellSpursGetInfo(spurs_addr=0x3023fa80, info_addr=0xd0020270)
[E : PPU[1] Thread (CPUThread)[0x013821cc]]: TODO: _cellSpursWorkloadAttributeInitialize
[E : PPU[1] Thread (CPUThread)[0x01382124]]: TODO: cellSpursWorkloadAttributeSetName
[E : PPU[1] Thread (CPUThread)[0x013821a8]]: TODO: cellSpursAddWorkloadWithAttribute
[E : PPU[1] Thread (CPUThread)[0x01382100]]: TODO: cellSpursRequestIdleSpu
[E : PPU[1] Thread (CPUThread)[0x013821b4]]: TODO: cellSpursSetExceptionEventHandler
[E : PPU[1] Thread (CPUThread)[0x0138210c]]: cellSpurs error: cellSpursGetInfo(spurs_addr=0x3023fa80, info_addr=0xd0020270)
[E : PPU[1] Thread (CPUThread)[0x013821cc]]: TODO: _cellSpursWorkloadAttributeInitialize
[E : PPU[1] Thread (CPUThread)[0x01382124]]: TODO: cellSpursWorkloadAttributeSetName
[E : PPU[1] Thread (CPUThread)[0x013821a8]]: TODO: cellSpursAddWorkloadWithAttribute
[E : PPU[1] Thread (CPUThread)[0x01382100]]: TODO: cellSpursRequestIdleSpu
[E : PPU[1] Thread (CPUThread)[0x013821b4]]: TODO: cellSpursSetExceptionEventHandler
[E : PPU[1] Thread (CPUThread)[0x0138210c]]: cellSpurs error: cellSpursGetInfo(spurs_addr=0x3023fa80, info_addr=0xd0020270)
[E : PPU[1] Thread (CPUThread)[0x013821cc]]: TODO: _cellSpursWorkloadAttributeInitialize
[E : PPU[1] Thread (CPUThread)[0x01382124]]: TODO: cellSpursWorkloadAttributeSetName
[E : PPU[1] Thread (CPUThread)[0x013821a8]]: TODO: cellSpursAddWorkloadWithAttribute
[E : PPU[1] Thread (CPUThread)[0x01382100]]: TODO: cellSpursRequestIdleSpu
[E : PPU[1] Thread (CPUThread)[0x013821b4]]: TODO: cellSpursSetExceptionEventHandler
[E : PPU[1] Thread (CPUThread)[0x0138210c]]: cellSpurs error: cellSpursGetInfo(spurs_addr=0x3023fa80, info_addr=0xd0020270)
[E : PPU[1] Thread (CPUThread)[0x013821cc]]: TODO: _cellSpursWorkloadAttributeInitialize
[E : PPU[1] Thread (CPUThread)[0x01382124]]: TODO: cellSpursWorkloadAttributeSetName
[E : PPU[1] Thread (CPUThread)[0x013821a8]]: TODO: cellSpursAddWorkloadWithAttribute
[E : PPU[1] Thread (CPUThread)[0x01382100]]: TODO: cellSpursRequestIdleSpu
[E : PPU[1] Thread (CPUThread)[0x013821b4]]: TODO: cellSpursSetExceptionEventHandler
[E : PPU[1] Thread (CPUThread)[0x0138210c]]: cellSpurs error: cellSpursGetInfo(spurs_addr=0x3023fa80, info_addr=0xd0020270)
[E : PPU[1] Thread (CPUThread)[0x013821cc]]: TODO: _cellSpursWorkloadAttributeInitialize
[E : PPU[1] Thread (CPUThread)[0x01382124]]: TODO: cellSpursWorkloadAttributeSetName
[E : PPU[1] Thread (CPUThread)[0x013821a8]]: TODO: cellSpursAddWorkloadWithAttribute
[E : PPU[1] Thread (CPUThread)[0x01382100]]: TODO: cellSpursRequestIdleSpu
[E : PPU[1] Thread (CPUThread)[0x013821b4]]: TODO: cellSpursSetExceptionEventHandler
[E : PPU[1] Thread (CPUThread)[0x0138210c]]: cellSpurs error: cellSpursGetInfo(spurs_addr=0x3023fa80, info_addr=0xd0020270)
[E : PPU[1] Thread (CPUThread)[0x013821cc]]: TODO: _cellSpursWorkloadAttributeInitialize
[E : PPU[1] Thread (CPUThread)[0x01382124]]: TODO: cellSpursWorkloadAttributeSetName
[E : PPU[1] Thread (CPUThread)[0x013821a8]]: TODO: cellSpursAddWorkloadWithAttribute
[E : PPU[1] Thread (CPUThread)[0x01382100]]: TODO: cellSpursRequestIdleSpu
[E : PPU[1] Thread (CPUThread)[0x013821b4]]: TODO: cellSpursSetExceptionEventHandler
[E : PPU[1] Thread (CPUThread)[0x0138210c]]: cellSpurs error: cellSpursGetInfo(spurs_addr=0x3023fa80, info_addr=0xd0020270)
[E : PPU[1] Thread (CPUThread)[0x013821cc]]: TODO: _cellSpursWorkloadAttributeInitialize
[E : PPU[1] Thread (CPUThread)[0x01382124]]: TODO: cellSpursWorkloadAttributeSetName
[E : PPU[1] Thread (CPUThread)[0x013821a8]]: TODO: cellSpursAddWorkloadWithAttribute
[E : PPU[1] Thread (CPUThread)[0x01382100]]: TODO: cellSpursRequestIdleSpu
[E : PPU[1] Thread (CPUThread)[0x013821b4]]: TODO: cellSpursSetExceptionEventHandler
[E : PPU[1] Thread (CPUThread)[0x0138210c]]: cellSpurs error: cellSpursGetInfo(spurs_addr=0x3023fa80, info_addr=0xd0020270)
[E : PPU[1] Thread (CPUThread)[0x013821cc]]: TODO: _cellSpursWorkloadAttributeInitialize
[E : PPU[1] Thread (CPUThread)[0x01382124]]: TODO: cellSpursWorkloadAttributeSetName
[E : PPU[1] Thread (CPUThread)[0x013821a8]]: TODO: cellSpursAddWorkloadWithAttribute
[E : PPU[1] Thread (CPUThread)[0x01382100]]: TODO: cellSpursRequestIdleSpu
[E : PPU[1] Thread (CPUThread)[0x013821b4]]: TODO: cellSpursSetExceptionEventHandler
[E : PPU[1] Thread (CPUThread)[0x0138201c]]: TODO: _cellSpursTasksetAttributeInitialize
[E : PPU[1] Thread (CPUThread)[0x01382058]]: TODO: cellSpursTasksetAttributeSetName
[E : PPU[1] Thread (CPUThread)[0x01382070]]: TODO: cellSpursTasksetAttributeSetTasksetSize
[E : PPU[1] Thread (CPUThread)[0x013820d0]]: TODO: cellSpursCreateTasksetWithAttribute
[E : PPU[1] Thread (CPUThread)[0x0138207c]]: TODO: cellSpursTasksetUnsetExceptionEventHandler
[W : PPU[1] Thread (CPUThread)[0x0138a010]]: cellSysmodule warning: cellSysmoduleLoadModule(CELL_SYSMODULE_SYSUTIL_NP)
[W : PPU[1] Thread (CPUThread)[0x0138a010]]: cellSysmodule warning: cellSysmoduleLoadModule(CELL_SYSMODULE_IO)
[W : PPU[1] Thread (CPUThread)[0x0138a010]]: cellSysmodule warning: cellSysmoduleLoadModule(CELL_SYSMODULE_FS)
[W : PPU[1] Thread (CPUThread)[0x0139c058]]: sys_lwmutex warning: *** lwmutex created [opWait] (attribute=0x12): sq_id = 41
[W : PPU[1] Thread (CPUThread)[0x0139c10c]]: sys_lwcond warning: Recursive lwmutex(sq=41)
[W : PPU[1] Thread (CPUThread)[0x0139c10c]]: sys_lwcond warning: *** lwcond created [opWait] (lwmutex_addr=0x30241c40): id = 42
[W : PPU[1] Thread (CPUThread)[0x0139c058]]: sys_lwmutex warning: *** lwmutex created [s_media] (attribute=0x12): sq_id = 43
[W : PPU[1] Thread (CPUThread)[0x0139c058]]: sys_lwmutex warning: *** lwmutex created [media.m] (attribute=0x12): sq_id = 44
[W : PPU[1] Thread (CPUThread)[0x0139c058]]: sys_lwmutex warning: *** lwmutex created [ps3medi] (attribute=0x12): sq_id = 45
[W : PPU[1] Thread (CPUThread)[0x003a5c6c]]: sys_rwlock warning: sys_rwlock_create(rw_lock_id_addr=0x3029159c, attr_addr=0xd00205c0)
[W : PPU[1] Thread (CPUThread)[0x003a5c6c]]: sys_rwlock warning: TODO: SYS_SYNC_PRIORITY attr
[W : PPU[1] Thread (CPUThread)[0x003a5c6c]]: sys_rwlock warning: *** rwlock created [] (protocol=0x2): id = 46
[W : PPU[1] Thread (CPUThread)[0x0139c058]]: sys_lwmutex warning: *** lwmutex created [media.m] (attribute=0x12): sq_id = 47
[W : PPU[1] Thread (CPUThread)[0x0139c10c]]: sys_lwcond warning: Recursive lwmutex(sq=47)
[W : PPU[1] Thread (CPUThread)[0x0139c10c]]: sys_lwcond warning: *** lwcond created [media.m] (lwmutex_addr=0x302915b8): id = 48
[W : PPU[1] Thread (CPUThread)[0x003a5c6c]]: sys_rwlock warning: sys_rwlock_create(rw_lock_id_addr=0x3024df6c, attr_addr=0xd00205c0)
[W : PPU[1] Thread (CPUThread)[0x003a5c6c]]: sys_rwlock warning: TODO: SYS_SYNC_PRIORITY attr
[W : PPU[1] Thread (CPUThread)[0x003a5c6c]]: sys_rwlock warning: *** rwlock created [] (protocol=0x2): id = 49
[W : PPU[1] Thread (CPUThread)[0x0139c058]]: sys_lwmutex warning: *** lwmutex created [media.m] (attribute=0x12): sq_id = 50
[W : PPU[1] Thread (CPUThread)[0x003a5c6c]]: sys_rwlock warning: sys_rwlock_create(rw_lock_id_addr=0x302919a4, attr_addr=0xd00205b0)
[W : PPU[1] Thread (CPUThread)[0x003a5c6c]]: sys_rwlock warning: TODO: SYS_SYNC_PRIORITY attr
[W : PPU[1] Thread (CPUThread)[0x003a5c6c]]: sys_rwlock warning: *** rwlock created [] (protocol=0x2): id = 51
[W : PPU[1] Thread (CPUThread)[0x003a5c6c]]: sys_rwlock warning: sys_rwlock_create(rw_lock_id_addr=0x30292224, attr_addr=0xd00205b0)
[W : PPU[1] Thread (CPUThread)[0x003a5c6c]]: sys_rwlock warning: TODO: SYS_SYNC_PRIORITY attr
[W : PPU[1] Thread (CPUThread)[0x003a5c6c]]: sys_rwlock warning: *** rwlock created [] (protocol=0x2): id = 52
[E : PPU[1] Thread (CPUThread)[0x0138201c]]: TODO: _cellSpursTasksetAttributeInitialize
[E : PPU[1] Thread (CPUThread)[0x01382058]]: TODO: cellSpursTasksetAttributeSetName
[E : PPU[1] Thread (CPUThread)[0x013820d0]]: TODO: cellSpursCreateTasksetWithAttribute
[E : PPU[1] Thread (CPUThread)[0x0138204c]]: TODO: _cellSpursEventFlagInitialize
[E : PPU[1] Thread (CPUThread)[0x01382064]]: TODO: cellSpursEventFlagAttachLv2EventQueue
[E : PPU[1] Thread (CPUThread)[0x013820e8]]: TODO: _cellSpursLFQueueInitialize
[E : PPU[1] Thread (CPUThread)[0x013820f4]]: TODO: cellSpursLFQueueAttachLv2EventQueue
[E : PPU[1] Thread (CPUThread)[0x0138219c]]: TODO: cellSpursCreateTask
[W : PPU[1] Thread (CPUThread)[0x0139c058]]: sys_lwmutex warning: *** lwmutex created [media.m] (attribute=0x12): sq_id = 53
[W : PPU[1] Thread (CPUThread)[0x003a5c6c]]: sys_rwlock warning: sys_rwlock_create(rw_lock_id_addr=0x302953b4, attr_addr=0xd0020590)
[W : PPU[1] Thread (CPUThread)[0x003a5c6c]]: sys_rwlock warning: TODO: SYS_SYNC_PRIORITY attr
[W : PPU[1] Thread (CPUThread)[0x003a5c6c]]: sys_rwlock warning: *** rwlock created [] (protocol=0x2): id = 54
[W : PPU[1] Thread (CPUThread)[0x0139c058]]: sys_lwmutex warning: *** lwmutex created [dearchi] (attribute=0x12): sq_id = 55
[W : PPU[1] Thread (CPUThread)[0x0139c058]]: sys_lwmutex warning: *** lwmutex created [dearchi] (attribute=0x12): sq_id = 56
[W : PPU[1] Thread (CPUThread)[0x0139c058]]: sys_lwmutex warning: *** lwmutex created [dearchi] (attribute=0x12): sq_id = 57
[W : PPU[1] Thread (CPUThread)[0x0139c10c]]: sys_lwcond warning: Recursive lwmutex(sq=57)
[W : PPU[1] Thread (CPUThread)[0x0139c10c]]: sys_lwcond warning: *** lwcond created [dearchi] (lwmutex_addr=0x30295490): id = 58
[W : PPU[1] Thread (CPUThread)[0x0139c058]]: sys_lwmutex warning: *** lwmutex created [dearchi] (attribute=0x12): sq_id = 59
[W : PPU[1] Thread (CPUThread)[0x0139c058]]: sys_lwmutex warning: *** lwmutex created [media.m] (attribute=0x12): sq_id = 60
[W : PPU[1] Thread (CPUThread)[0x003a5c6c]]: sys_rwlock warning: sys_rwlock_create(rw_lock_id_addr=0x30295e94, attr_addr=0xd00205b0)
[W : PPU[1] Thread (CPUThread)[0x003a5c6c]]: sys_rwlock warning: TODO: SYS_SYNC_PRIORITY attr
[W : PPU[1] Thread (CPUThread)[0x003a5c6c]]: sys_rwlock warning: *** rwlock created [] (protocol=0x2): id = 61
[W : PPU[1] Thread (CPUThread)[0x003a5c6c]]: sys_rwlock warning: sys_rwlock_create(rw_lock_id_addr=0x30296714, attr_addr=0xd00205b0)
[W : PPU[1] Thread (CPUThread)[0x003a5c6c]]: sys_rwlock warning: TODO: SYS_SYNC_PRIORITY attr
[W : PPU[1] Thread (CPUThread)[0x003a5c6c]]: sys_rwlock warning: *** rwlock created [] (protocol=0x2): id = 62
[W : PPU[1] Thread (CPUThread)[0x0139c058]]: sys_lwmutex warning: *** lwmutex created [media.m] (attribute=0x12): sq_id = 63
[W : PPU[1] Thread (CPUThread)[0x003a5c6c]]: sys_rwlock warning: sys_rwlock_create(rw_lock_id_addr=0x30296924, attr_addr=0xd0020530)
[W : PPU[1] Thread (CPUThread)[0x003a5c6c]]: sys_rwlock warning: TODO: SYS_SYNC_PRIORITY attr
[W : PPU[1] Thread (CPUThread)[0x003a5c6c]]: sys_rwlock warning: *** rwlock created [] (protocol=0x2): id = 64
[W : PPU[1] Thread (CPUThread)[0x0139c058]]: sys_lwmutex warning: *** lwmutex created [cache_f] (attribute=0x12): sq_id = 65
[W : PPU[1] Thread (CPUThread)[0x0139c058]]: sys_lwmutex warning: *** lwmutex created [schedul] (attribute=0x12): sq_id = 66
[W : PPU[1] Thread (CPUThread)[0x0139c058]]: sys_lwmutex warning: *** lwmutex created [schedul] (attribute=0x12): sq_id = 67
[W : PPU[1] Thread (CPUThread)[0x003a5c6c]]: sys_rwlock warning: sys_rwlock_create(rw_lock_id_addr=0x30296c4c, attr_addr=0xd0020420)
[W : PPU[1] Thread (CPUThread)[0x003a5c6c]]: sys_rwlock warning: TODO: SYS_SYNC_PRIORITY attr
[W : PPU[1] Thread (CPUThread)[0x003a5c6c]]: sys_rwlock warning: *** rwlock created [] (protocol=0x2): id = 68
[W : PPU[1] Thread (CPUThread)[0x0139c058]]: sys_lwmutex warning: *** lwmutex created [schedul] (attribute=0x12): sq_id = 69
[W : PPU[1] Thread (CPUThread)[0x0139c058]]: sys_lwmutex warning: *** lwmutex created [schedul] (attribute=0x12): sq_id = 70
[W : PPU[1] Thread (CPUThread)[0x0139c10c]]: sys_lwcond warning: Recursive lwmutex(sq=70)
[W : PPU[1] Thread (CPUThread)[0x0139c10c]]: sys_lwcond warning: *** lwcond created [schedul] (lwmutex_addr=0x30296cd0): id = 71
[W : PPU[1] Thread (CPUThread)[0x0139c10c]]: sys_lwcond warning: Recursive lwmutex(sq=70)
[W : PPU[1] Thread (CPUThread)[0x0139c10c]]: sys_lwcond warning: *** lwcond created [schedul] (lwmutex_addr=0x30296cd0): id = 72
[W : PPU[1] Thread (CPUThread)[0x0139c058]]: sys_lwmutex warning: *** lwmutex created [schedul] (attribute=0x12): sq_id = 73
[W : PPU[1] Thread (CPUThread)[0x0139c058]]: sys_lwmutex warning: *** lwmutex created [schedul] (attribute=0x12): sq_id = 74
[W : PPU[1] Thread (CPUThread)[0x0139c10c]]: sys_lwcond warning: Recursive lwmutex(sq=74)
[W : PPU[1] Thread (CPUThread)[0x0139c10c]]: sys_lwcond warning: *** lwcond created [fios wo] (lwmutex_addr=0x30296d78): id = 75
[W : PPU[1] Thread (CPUThread)[0x0139c10c]]: sys_lwcond warning: Recursive lwmutex(sq=74)
[W : PPU[1] Thread (CPUThread)[0x0139c10c]]: sys_lwcond warning: *** lwcond created [fios wo] (lwmutex_addr=0x30296d78): id = 76
[W : PPU[1] Thread (CPUThread)[0x0139c10c]]: sys_lwcond warning: Recursive lwmutex(sq=74)
[W : PPU[1] Thread (CPUThread)[0x0139c10c]]: sys_lwcond warning: *** lwcond created [fios wo] (lwmutex_addr=0x30296d78): id = 77
[E : PPU[1] Thread (CPUThread)[0x003b60d8]]: sys_fs error: "/dev_hdd0/game/NPEA00418/USRDIR/data_ps3.psarc" not found! flags: 0x00000000
[E : PPU[1] Thread (CPUThread)[0x003b60d8]]: sys_fs error: "/dev_hdd0/game/NPEA00418/USRDIR/data_ps3.psarc.edat" not found! flags: 0x00000000
[W : PPU[1] Thread (CPUThread)[0x0138a010]]: cellSysmodule warning: cellSysmoduleLoadModule(CELL_SYSMODULE_GCM_SYS)
[W : PPU[1] Thread (CPUThread)[0x0138a010]]: cellSysmodule warning: cellSysmoduleLoadModule(CELL_SYSMODULE_RESC)
[W : PPU[1] Thread (CPUThread)[0x0138801c]]: cellGcmSys warning: cellGcmInit(context_addr=0x1322590,cmdSize=0x10000,ioSize=0x1500000,ioAddress=0x30400000)
[W : PPU[1] Thread (CPUThread)[0x0138801c]]: cellGcmSys warning: *** local memory(addr=0xc0000000, size=0xf900000)
[W : PPU[1] Thread (CPUThread)[0x0138801c]]: cellGcmSys warning: cellGcmMapEaIoAddress(ea=0x30400000, io=0x0, size=0x1500000)
[! : RSXThread]: RSX thread entry
[W : PPU[1] Thread (CPUThread)[0x0138807c]]: cellGcmSys warning: cellGcmSetDebugOutputLevel(level=2)
[E : PPU[1] Thread (CPUThread)[0x01388178]]: TODO: cellGcmSetGraphicsHandler
[E : RSXThread]: TODO: unknown/illegal method [0x00001fec](0x0)
[E : RSXThread]: TODO: cellGcmSetTwoSideLightEn(0x0)
[E : RSXThread]: TODO: cellGcmSetFrequencyDividerOperation(0x0)
[E : RSXThread]: TODO: cellGcmSetLogicOp(0x1503)
[E : RSXThread]: TODO: cellGcmSetPolygonOffsetScaleFactor(0x0, 0x0)
[E : RSXThread]: TODO: cellGcmSetPointSize(0x3f800000)
[E : RSXThread]: TODO: cellGcmSetTexture_BorderColor(0x0)
[E : RSXThread]: TODO: cellGcmSetTexture_BorderColor(0x0)
[E : RSXThread]: TODO: cellGcmSetTexture_BorderColor(0x0)
[E : RSXThread]: TODO: cellGcmSetTexture_BorderColor(0x0)
[E : RSXThread]: TODO: cellGcmSetTexture_BorderColor(0x0)
[E : RSXThread]: TODO: cellGcmSetTexture_BorderColor(0x0)
[E : RSXThread]: TODO: cellGcmSetTexture_BorderColor(0x0)
[E : RSXThread]: TODO: cellGcmSetTexture_BorderColor(0x0)
[E : RSXThread]: TODO: cellGcmSetTexture_BorderColor(0x0)
[E : RSXThread]: TODO: cellGcmSetTexture_BorderColor(0x0)
[E : RSXThread]: TODO: cellGcmSetTexture_BorderColor(0x0)
[E : RSXThread]: TODO: cellGcmSetTexture_BorderColor(0x0)
[E : RSXThread]: TODO: cellGcmSetTexture_BorderColor(0x0)
[E : RSXThread]: TODO: cellGcmSetTexture_BorderColor(0x0)
[E : RSXThread]: TODO: cellGcmSetTexture_BorderColor(0x0)
[E : RSXThread]: TODO: cellGcmSetTexture_BorderColor(0x0)
[W : PPU[1] Thread (CPUThread)[0x013880a0]]: cellGcmSys warning: cellGcmMapEaIoAddress(ea=0x3f800000, io=0xe000000, size=0x100000)
[W : PPU[1] Thread (CPUThread)[0x013860a0]]: cellSysutil warning: cellVideoOutGetResolutionAvailability(videoOut=0, resolutionId=0x2, option_addr=0x0, aspect=0x0, option=0x217d80)
[W : PPU[1] Thread (CPUThread)[0x01388190]]: cellGcmSys warning: cellGcmUnbindTile(index=0)
[W : PPU[1] Thread (CPUThread)[0x01388190]]: cellGcmSys warning: cellGcmUnbindTile(index=1)
[W : PPU[1] Thread (CPUThread)[0x01388190]]: cellGcmSys warning: cellGcmUnbindTile(index=2)
[W : PPU[1] Thread (CPUThread)[0x01388190]]: cellGcmSys warning: cellGcmUnbindTile(index=3)
[W : PPU[1] Thread (CPUThread)[0x01388190]]: cellGcmSys warning: cellGcmUnbindTile(index=4)
[W : PPU[1] Thread (CPUThread)[0x01388190]]: cellGcmSys warning: cellGcmUnbindTile(index=5)
[W : PPU[1] Thread (CPUThread)[0x01388190]]: cellGcmSys warning: cellGcmUnbindTile(index=6)
[W : PPU[1] Thread (CPUThread)[0x01388190]]: cellGcmSys warning: cellGcmUnbindTile(index=7)
[W : PPU[1] Thread (CPUThread)[0x01388190]]: cellGcmSys warning: cellGcmUnbindTile(index=8)
[W : PPU[1] Thread (CPUThread)[0x01388190]]: cellGcmSys warning: cellGcmUnbindTile(index=9)
[W : PPU[1] Thread (CPUThread)[0x01388190]]: cellGcmSys warning: cellGcmUnbindTile(index=10)
[W : PPU[1] Thread (CPUThread)[0x01388190]]: cellGcmSys warning: cellGcmUnbindTile(index=11)
[W : PPU[1] Thread (CPUThread)[0x01388190]]: cellGcmSys warning: cellGcmUnbindTile(index=12)
[W : PPU[1] Thread (CPUThread)[0x01388190]]: cellGcmSys warning: cellGcmUnbindTile(index=13)
[W : PPU[1] Thread (CPUThread)[0x01388190]]: cellGcmSys warning: cellGcmUnbindTile(index=14)
[W : PPU[1] Thread (CPUThread)[0x01388154]]: cellGcmSys warning: cellGcmSetTileInfo(index=0, location=0, offset=257163264, size=3932160, pitch=5120, comp=0, base=0, bank=0)
[W : PPU[1] Thread (CPUThread)[0x01388064]]: cellGcmSys warning: cellGcmBindTile(index=0)
[W : PPU[1] Thread (CPUThread)[0x01388154]]: cellGcmSys warning: cellGcmSetTileInfo(index=0, location=0, offset=253231104, size=7864320, pitch=5120, comp=0, base=0, bank=0)
[W : PPU[1] Thread (CPUThread)[0x01388064]]: cellGcmSys warning: cellGcmBindTile(index=0)
[W : PPU[1] Thread (CPUThread)[0x01388154]]: cellGcmSys warning: cellGcmSetTileInfo(index=1, location=0, offset=249298944, size=3932160, pitch=5120, comp=10, base=1, bank=3)
[E : PPU[1] Thread (CPUThread)[0x01388154]]: cellGcmSys error: cellGcmSetTileInfo: bad comp! (10)
[W : PPU[1] Thread (CPUThread)[0x01388064]]: cellGcmSys warning: cellGcmBindTile(index=1)
[W : PPU[1] Thread (CPUThread)[0x013880e8]]: cellGcmSys warning: TODO: cellGcmBindZcull(index=0)
[W : PPU[1] Thread (CPUThread)[0x003641c4]]: sys_semaphore warning: sys_semaphore_create(sem_addr=0x1321ea8, attr_addr=0xd00207f0, initial_count=1, max_count=2)
[W : PPU[1] Thread (CPUThread)[0x01388100]]: cellGcmSys warning: cellGcmSetFlipHandler(handler_addr=6182728)
[E : PPU[1] Thread (CPUThread)[0x0138813c]]: cellGcmSys error: Unimplemented function: cellGcmSetVBlankHandler
[W : PPU[1] Thread (CPUThread)[0x01386004]]: cellSysutil warning: cellVideoOutConfigure(videoOut=0, config_addr=0xd00207c0, option_addr=0x0, waitForEvent=0x0)
[W : PPU[1] Thread (CPUThread)[0x01388070]]: cellGcmSys warning: cellGcmSetFlipMode(mode=1)
[W : PPU[1] Thread (CPUThread)[0x0138810c]]: cellGcmSys warning: cellGcmSetDisplayBuffer(id=0x0,offset=0xf540000,pitch=4,width=1280,height=720)
[W : PPU[1] Thread (CPUThread)[0x0138810c]]: cellGcmSys warning: cellGcmSetDisplayBuffer(id=0x1,offset=0xf180000,pitch=4,width=1280,height=720)
[W : PPU[1] Thread (CPUThread)[0x0031f6d4]]: sys_mutex warning: *** mutex created [] (protocol=0x2, recursive=false): id = 83
[W : PPU[1] Thread (CPUThread)[0x0031f80c]]: sys_cond warning: *** condition created [] (mutex_id=83): id = 84
[E : PPU[1] Thread (CPUThread)[0x01388124]]: TODO: cellGcmGetReportDataLocation
[E : PPU[1] Thread (CPUThread)[0x01388124]]: TODO: cellGcmGetReportDataLocation
[E : PPU[1] Thread (CPUThread)[0x01388124]]: TODO: cellGcmGetReportDataLocation
[E : PPU[1] Thread (CPUThread)[0x01388124]]: TODO: cellGcmGetReportDataLocation
[E : RSXThread]: TODO: cellGcmSetLineStipple(0x0)
[E : RSXThread]: TODO: cellGcmSetPolygonStipple(0x0)
[E : RSXThread]: TODO: cellGcmSetContextDmaReport(0xbad68000)
[E : RSXThread]: TODO: cellGcmSetZcullStatsEnable(0x0)
[E : RSXThread]: NV4097_GET_REPORT: bad type 2
[E : RSXThread]: NV4097_GET_REPORT: bad type 3
[E : RSXThread]: NV4097_GET_REPORT: bad type 4
[E : RSXThread]: NV4097_GET_REPORT: bad type 5
[E : RSXThread]: TODO: cellGcmClearReportValue(0x2)
[E : RSXThread]: TODO: cellGcmSetZcullStatsEnable(0x1)
[E : PPU[1] Thread (CPUThread)[0x01388124]]: TODO: cellGcmGetReportDataLocation
[E : PPU[1] Thread (CPUThread)[0x01388124]]: TODO: cellGcmGetReportDataLocation
[E : PPU[1] Thread (CPUThread)[0x01388124]]: TODO: cellGcmGetReportDataLocation
[E : PPU[1] Thread (CPUThread)[0x01388124]]: TODO: cellGcmGetReportDataLocation
[W : PPU[1] Thread (CPUThread)[0x01388070]]: cellGcmSys warning: cellGcmSetFlipMode(mode=2)
[E : RSXThread]: TODO: cellGcmSetLineStipple(0x0)
[E : RSXThread]: TODO: cellGcmSetPolygonStipple(0x0)
[E : RSXThread]: TODO: cellGcmSetContextDmaReport(0xbad68000)
[E : RSXThread]: TODO: cellGcmSetZcullStatsEnable(0x0)
[E : RSXThread]: NV4097_GET_REPORT: bad type 2
[E : RSXThread]: NV4097_GET_REPORT: bad type 3
[E : RSXThread]: NV4097_GET_REPORT: bad type 4
[E : RSXThread]: NV4097_GET_REPORT: bad type 5
[E : RSXThread]: TODO: cellGcmClearReportValue(0x2)
[E : RSXThread]: TODO: cellGcmSetZcullStatsEnable(0x1)
[E : PPU[1] Thread (CPUThread)[0x01388124]]: TODO: cellGcmGetReportDataLocation
[E : PPU[1] Thread (CPUThread)[0x01388124]]: TODO: cellGcmGetReportDataLocation
[E : PPU[1] Thread (CPUThread)[0x01388124]]: TODO: cellGcmGetReportDataLocation
[E : PPU[1] Thread (CPUThread)[0x01388124]]: TODO: cellGcmGetReportDataLocation
[E : RSXThread]: TODO: cellGcmSetLineStipple(0x0)
[E : RSXThread]: TODO: cellGcmSetPolygonStipple(0x0)
[E : RSXThread]: TODO: cellGcmSetContextDmaReport(0xbad68000)
[E : RSXThread]: TODO: cellGcmSetZcullStatsEnable(0x0)
[E : RSXThread]: NV4097_GET_REPORT: bad type 2
[E : RSXThread]: NV4097_GET_REPORT: bad type 3
[E : RSXThread]: NV4097_GET_REPORT: bad type 4
[E : RSXThread]: NV4097_GET_REPORT: bad type 5
[E : RSXThread]: TODO: cellGcmClearReportValue(0x2)
[E : RSXThread]: TODO: cellGcmSetZcullStatsEnable(0x1)
[E : PPU[1] Thread (CPUThread)[0x01388124]]: TODO: cellGcmGetReportDataLocation
[E : PPU[1] Thread (CPUThread)[0x01388124]]: TODO: cellGcmGetReportDataLocation
[E : PPU[1] Thread (CPUThread)[0x01388124]]: TODO: cellGcmGetReportDataLocation
[E : PPU[1] Thread (CPUThread)[0x01388124]]: TODO: cellGcmGetReportDataLocation
[E : RSXThread]: TODO: cellGcmSetLineStipple(0x0)
[E : RSXThread]: TODO: cellGcmSetPolygonStipple(0x0)
[E : RSXThread]: TODO: cellGcmSetContextDmaReport(0xbad68000)
[E : RSXThread]: TODO: cellGcmSetZcullStatsEnable(0x0)
[E : RSXThread]: NV4097_GET_REPORT: bad type 2
[E : RSXThread]: NV4097_GET_REPORT: bad type 3
[E : RSXThread]: NV4097_GET_REPORT: bad type 4
[E : RSXThread]: NV4097_GET_REPORT: bad type 5
[E : RSXThread]: TODO: cellGcmClearReportValue(0x2)
[E : RSXThread]: TODO: cellGcmSetZcullStatsEnable(0x1)
[E : PPU[1] Thread (CPUThread)[0x01388124]]: TODO: cellGcmGetReportDataLocation
[E : PPU[1] Thread (CPUThread)[0x01388124]]: TODO: cellGcmGetReportDataLocation
[E : PPU[1] Thread (CPUThread)[0x01388124]]: TODO: cellGcmGetReportDataLocation
[E : PPU[1] Thread (CPUThread)[0x01388124]]: TODO: cellGcmGetReportDataLocation
[E : RSXThread]: TODO: cellGcmSetLineStipple(0x0)
[E : RSXThread]: TODO: cellGcmSetPolygonStipple(0x0)
[E : RSXThread]: TODO: cellGcmSetContextDmaReport(0xbad68000)
[E : RSXThread]: TODO: cellGcmSetZcullStatsEnable(0x0)
[E : RSXThread]: NV4097_GET_REPORT: bad type 2
[E : RSXThread]: NV4097_GET_REPORT: bad type 3
[E : RSXThread]: NV4097_GET_REPORT: bad type 4
[E : RSXThread]: NV4097_GET_REPORT: bad type 5
[E : RSXThread]: TODO: cellGcmClearReportValue(0x2)
[E : RSXThread]: TODO: cellGcmSetZcullStatsEnable(0x1)
[W : PPU[1] Thread (CPUThread)[0x01388154]]: cellGcmSys warning: cellGcmSetTileInfo(index=2, location=0, offset=245366784, size=3932160, pitch=5120, comp=0, base=0, bank=0)
[W : PPU[1] Thread (CPUThread)[0x01388064]]: cellGcmSys warning: cellGcmBindTile(index=2)
[W : PPU[1] Thread (CPUThread)[0x01388154]]: cellGcmSys warning: cellGcmSetTileInfo(index=2, location=0, offset=241434624, size=7864320, pitch=5120, comp=0, base=0, bank=0)
[W : PPU[1] Thread (CPUThread)[0x01388064]]: cellGcmSys warning: cellGcmBindTile(index=2)
[W : PPU[1] Thread (CPUThread)[0x01388154]]: cellGcmSys warning: cellGcmSetTileInfo(index=2, location=0, offset=237502464, size=11796480, pitch=5120, comp=0, base=0, bank=0)
[W : PPU[1] Thread (CPUThread)[0x01388064]]: cellGcmSys warning: cellGcmBindTile(index=2)
[W : PPU[1] Thread (CPUThread)[0x01388154]]: cellGcmSys warning: cellGcmSetTileInfo(index=3, location=0, offset=233570304, size=3932160, pitch=5120, comp=10, base=61, bank=3)
[E : PPU[1] Thread (CPUThread)[0x01388154]]: cellGcmSys error: cellGcmSetTileInfo: bad comp! (10)
[W : PPU[1] Thread (CPUThread)[0x01388064]]: cellGcmSys warning: cellGcmBindTile(index=3)
[W : PPU[1] Thread (CPUThread)[0x013880e8]]: cellGcmSys warning: TODO: cellGcmBindZcull(index=1)
[W : PPU[1] Thread (CPUThread)[0x0138810c]]: cellGcmSys warning: cellGcmSetDisplayBuffer(id=0x0,offset=0xe640000,pitch=4,width=1280,height=720)
[W : PPU[1] Thread (CPUThread)[0x01388154]]: cellGcmSys warning: cellGcmSetTileInfo(index=4, location=0, offset=229638144, size=3932160, pitch=5120, comp=10, base=121, bank=3)
[E : PPU[1] Thread (CPUThread)[0x01388154]]: cellGcmSys error: cellGcmSetTileInfo: bad comp! (10)
[W : PPU[1] Thread (CPUThread)[0x01388064]]: cellGcmSys warning: cellGcmBindTile(index=4)
[W : PPU[1] Thread (CPUThread)[0x013880e8]]: cellGcmSys warning: TODO: cellGcmBindZcull(index=2)
[W : PPU[1] Thread (CPUThread)[0x0138810c]]: cellGcmSys warning: cellGcmSetDisplayBuffer(id=0x1,offset=0xe280000,pitch=4,width=1280,height=720)
[W : PPU[1] Thread (CPUThread)[0x01388154]]: cellGcmSys warning: cellGcmSetTileInfo(index=5, location=0, offset=225705984, size=3932160, pitch=5120, comp=0, base=0, bank=0)
[W : PPU[1] Thread (CPUThread)[0x01388064]]: cellGcmSys warning: cellGcmBindTile(index=5)
[W : PPU[1] Thread (CPUThread)[0x01388154]]: cellGcmSys warning: cellGcmSetTileInfo(index=6, location=0, offset=221773824, size=3932160, pitch=5120, comp=10, base=181, bank=3)
[E : PPU[1] Thread (CPUThread)[0x01388154]]: cellGcmSys error: cellGcmSetTileInfo: bad comp! (10)
[W : PPU[1] Thread (CPUThread)[0x01388064]]: cellGcmSys warning: cellGcmBindTile(index=6)
[W : PPU[1] Thread (CPUThread)[0x0139c058]]: sys_lwmutex warning: *** lwmutex created [] (attribute=0x12): sq_id = 85
[W : PPU[1] Thread (CPUThread)[0x01388004]]: cellGcmSys warning: cellGcmSetUserHandler(handler=0x5cce68)
[E : PPU[1] Thread (CPUThread)[0x01382130]]: TODO: cellSpursGetWorkloadInfo
[E : PPU[1] Thread (CPUThread)[0x01382130]]: TODO: cellSpursGetWorkloadInfo
[E : PPU[1] Thread (CPUThread)[0x01382130]]: TODO: cellSpursGetWorkloadInfo
[E : PPU[1] Thread (CPUThread)[0x01382130]]: TODO: cellSpursGetWorkloadInfo
[E : PPU[1] Thread (CPUThread)[0x01388124]]: TODO: cellGcmGetReportDataLocation
[E : PPU[1] Thread (CPUThread)[0x01388124]]: TODO: cellGcmGetReportDataLocation
[E : PPU[1] Thread (CPUThread)[0x01388124]]: TODO: cellGcmGetReportDataLocation
[E : PPU[1] Thread (CPUThread)[0x01388124]]: TODO: cellGcmGetReportDataLocation
[E : PPU[1] Thread (CPUThread)[0x01382130]]: TODO: cellSpursGetWorkloadInfo
[E : PPU[1] Thread (CPUThread)[0x01382130]]: TODO: cellSpursGetWorkloadInfo
[E : PPU[1] Thread (CPUThread)[0x01382130]]: TODO: cellSpursGetWorkloadInfo
[E : PPU[1] Thread (CPUThread)[0x01382130]]: TODO: cellSpursGetWorkloadInfo
[E : RSXThread]: TODO: cellGcmSetLineStipple(0x0)
[E : RSXThread]: TODO: cellGcmSetPolygonStipple(0x0)
[E : RSXThread]: TODO: cellGcmSetContextDmaReport(0xbad68000)
[E : RSXThread]: TODO: cellGcmSetZcullStatsEnable(0x0)
[E : RSXThread]: NV4097_GET_REPORT: bad type 2
[E : RSXThread]: NV4097_GET_REPORT: bad type 3
[E : RSXThread]: NV4097_GET_REPORT: bad type 4
[E : RSXThread]: NV4097_GET_REPORT: bad type 5
[E : RSXThread]: TODO: cellGcmClearReportValue(0x2)
[E : RSXThread]: TODO: cellGcmSetZcullStatsEnable(0x1)
[E : PPU[1] Thread (CPUThread)[0x01388124]]: TODO: cellGcmGetReportDataLocation
[E : PPU[1] Thread (CPUThread)[0x01388124]]: TODO: cellGcmGetReportDataLocation
[E : PPU[1] Thread (CPUThread)[0x01388124]]: TODO: cellGcmGetReportDataLocation
[E : PPU[1] Thread (CPUThread)[0x01388124]]: TODO: cellGcmGetReportDataLocation
[E : RSXThread]: TODO: cellGcmSetTransformBranchBits(0x0)
[W : RSXThread]: null cmd: addr=0x513047c8, put=0xa4533001, get=0x13047c8
[W : PPU[39] Thread (Job Manager Event Handler)[0x003a8a10]]: sys_event_queue_receive(equeue=38) aborted
[W : PPU[36] Thread (Job Manager Event Handler)[0x003a8a10]]: sys_event_queue_receive(equeue=35) aborted
[W : PPU[79] Thread (fios mediathread 3)[0x0139c040]]: sys_lwcond_wait(sq=76) aborted
[W : PPU[80] Thread (fios mediathread 4)[0x0139c040]]: sys_lwcond_wait(sq=77) aborted
[W : PPU[78] Thread (fios mediathread 2)[0x0139c040]]: sys_lwcond_wait(sq=75) aborted
[W : PPU[81] Thread (fios scheduler 1)[0x0139c040]]: sys_lwcond_wait(sq=71) aborted
[! : RSXThread]: RSX thread exit...
[!]: Closing memory...
