[!]: path: /dev_hdd0/game/
[!]: Loading 'D:\Emulateur\Rpcs3\dev_hdd0\game\NPEA00016/USRDIR/BOOT.BIN'...
[!]: Mount info:
[!]: /dev_hdd0/ -> D:\Emulateur\Rpcs3\dev_hdd0\
[!]: /dev_hdd1/ -> D:\Emulateur\Rpcs3\dev_hdd1\
[!]: /dev_flash/ -> D:\Emulateur\Rpcs3\dev_flash\
[!]: /dev_usb000/ -> D:\Emulateur\Rpcs3\dev_usb000\
[!]: /dev_usb/ -> D:\Emulateur\Rpcs3\dev_usb000\
[!]: /app_home/ -> D:\Emulateur\Rpcs3\dev_hdd0\game\NPEA00016/
[!]: /dev_bdvd/ -> D:\Emulateur\Rpcs3\dev_hdd0\game\NPEA00016/\..\
[!]: /host_root/ -> 
[!]: / -> D:\Emulateur\Rpcs3\dev_hdd0\game\NPEA00016/\USRDIR\
[!]: Initing memory...
[!]: Memory initialized.
[W]: Unknown function 0xbe5be3ba in 'sys_io' module
[E]: TODO: cellPadSetSensorMode
[W]: Unknown function 0xf83f8182 in 'sys_io' module
[E]: TODO: cellPadSetPressMode
[W]: Unknown function 0x7f13fc8c in 'sys_fs' module
[E]: TODO: cellFsAioCancel
[W]: Unknown function 0x8b7ed64b in 'cellSysutil' module
[E]: TODO: cellSaveDataAutoSave2
[W]: Unknown function 0xedadd797 in 'cellSysutil' module
[E]: TODO: cellSaveDataDelete2
[W]: Unknown function 0xfbd5c856 in 'cellSysutil' module
[E]: TODO: cellSaveDataAutoLoad2
[W]: Unknown function 0xbd6d60d9 in 'cellGcmSys' module
[E]: TODO: cellGcmSetInvalidateTile
[W]: Unknown function 0x60eb2dec in 'cellSpurs' module
[E]: TODO: cellSpursCreateJobChain
[W]: Unknown function 0x68aaeba9 in 'cellSpurs' module
[E]: TODO: cellSpursJobGuardInitialize
[W]: Unknown function 0x738e40e6 in 'cellSpurs' module
[E]: TODO: cellSpursShutdownJobChain
[W]: Unknown function 0xa7c066de in 'cellSpurs' module
[E]: TODO: cellSpursJoinJobChain
[W]: Unknown function 0xacfc8dbc in 'cellSpurs' module
[E]: TODO: cellSpursInitialize
[W]: Unknown function 0xbfea60fa in 'cellSpurs' module
[E]: TODO: cellSpursKickJobChain
[W]: Unknown function 0xd5d0b256 in 'cellSpurs' module
[E]: TODO: cellSpursJobGuardNotify
[W]: Unknown function 0x22aab31d in 'cellSpurs' module
[E]: TODO: cellSpursEventFlagDetachLv2EventQueue
[W]: Unknown function 0x373523d4 in 'cellSpurs' module
[E]: TODO: cellSpursEventFlagWait
[W]: Unknown function 0x9f72add3 in 'cellSpurs' module
[E]: TODO: cellSpursJoinTaskset
[W]: Unknown function 0xa789e631 in 'cellSpurs' module
[E]: TODO: cellSpursShutdownTaskset
[W]: Unknown function 0xe0a6dbe4 in 'cellSpurs' module
[E]: TODO: _cellSpursSendSignal
[W]: Unknown function 0x21206642 in 'sceNp' module
[E]: TODO: sceNpScoreGetRankingByRangeAsync
[W]: Unknown function 0x259113b8 in 'sceNp' module
[E]: TODO: sceNpScoreDestroyTitleCtx
[W]: Unknown function 0x32cf311f in 'sceNp' module
[E]: TODO: sceNpScoreInit
[W]: Unknown function 0x3db7914d in 'sceNp' module
[E]: TODO: sceNpScoreGetRankingByNpIdAsync
[W]: Unknown function 0x4885aa18 in 'sceNp' module
[E]: TODO: sceNpTerm
[W]: Unknown function 0x6f5e8143 in 'sceNp' module
[E]: TODO: sceNpScoreCreateTransactionCtx
[W]: Unknown function 0x9851f805 in 'sceNp' module
[E]: TODO: sceNpScoreTerm
[W]: Unknown function 0xa7a090e5 in 'sceNp' module
[E]: TODO: sceNpScorePollAsync
[W]: Unknown function 0xacb9ee8e in 'sceNp' module
[E]: TODO: sceNpBasicUnregisterHandler
[W]: Unknown function 0xb9f93bbb in 'sceNp' module
[E]: TODO: sceNpScoreCreateTitleCtx
[W]: Unknown function 0xbcc09fe7 in 'sceNp' module
[E]: TODO: sceNpBasicRegisterHandler
[W]: Unknown function 0xbd28fdbf in 'sceNp' module
[E]: TODO: sceNpInit
[W]: Unknown function 0xc5f4cf82 in 'sceNp' module
[E]: TODO: sceNpScoreDestroyTransactionCtx
[W]: Unknown function 0xdb2e4dc2 in 'sceNp' module
[E]: TODO: sceNpScoreGetGameDataAsync
[W]: Unknown function 0xddce7d15 in 'sceNp' module
[E]: TODO: sceNpScoreGetBoardInfoAsync
[W]: Unknown function 0xe035f7d6 in 'sceNp' module
[E]: TODO: sceNpBasicGetEvent
[W]: Unknown function 0xee5b20d9 in 'sceNp' module
[E]: TODO: sceNpScoreAbortTransaction
[W]: Unknown function 0xf0b1e399 in 'sceNp' module
[E]: TODO: sceNpScoreRecordScoreAsync
[W]: Unknown function 0xf76847c2 in 'sceNp' module
[E]: TODO: sceNpScoreRecordGameDataAsync
[W]: Unknown function 0xfe37a7f4 in 'sceNp' module
[E]: TODO: sceNpManagerGetNpId
[W : PPU[1] Thread (CPUThread)[0x002e9028]]: sys_lwmutex warning: *** lwmutex created [] (attribute=0x12): sq_id = 3
[W : PPU[1] Thread (CPUThread)[0x002e9028]]: sys_lwmutex warning: *** lwmutex created [] (attribute=0x12): sq_id = 4
[W : PPU[1] Thread (CPUThread)[0x002e9028]]: sys_lwmutex warning: *** lwmutex created [] (attribute=0x12): sq_id = 5
[W : PPU[1] Thread (CPUThread)[0x002e9028]]: sys_lwmutex warning: *** lwmutex created [] (attribute=0x12): sq_id = 6
[W : PPU[1] Thread (CPUThread)[0x002e9028]]: sys_lwmutex warning: *** lwmutex created [] (attribute=0x12): sq_id = 7
[W : PPU[1] Thread (CPUThread)[0x002e9028]]: sys_lwmutex warning: *** lwmutex created [] (attribute=0x12): sq_id = 8
[W : PPU[1] Thread (CPUThread)[0x002e9028]]: sys_lwmutex warning: *** lwmutex created [] (attribute=0x12): sq_id = 9
[W : PPU[1] Thread (CPUThread)[0x002e9028]]: sys_lwmutex warning: *** lwmutex created [] (attribute=0x12): sq_id = 10
[W : PPU[1] Thread (CPUThread)[0x002e9028]]: sys_lwmutex warning: *** lwmutex created [] (attribute=0x12): sq_id = 11
[W : PPU[1] Thread (CPUThread)[0x002e9028]]: sys_lwmutex warning: *** lwmutex created [] (attribute=0x22): sq_id = 12
[W : PPU[1] Thread (CPUThread)[0x002e9028]]: sys_lwmutex warning: *** lwmutex created [] (attribute=0x22): sq_id = 13
[W : PPU[1] Thread (CPUThread)[0x002e9028]]: sys_lwmutex warning: *** lwmutex created [] (attribute=0x22): sq_id = 14
[W : PPU[1] Thread (CPUThread)[0x002e9028]]: sys_lwmutex warning: *** lwmutex created [] (attribute=0x22): sq_id = 15
[W : PPU[1] Thread (CPUThread)[0x002e9028]]: sys_lwmutex warning: *** lwmutex created [] (attribute=0x22): sq_id = 16
[W : PPU[1] Thread (CPUThread)[0x002e9028]]: sys_lwmutex warning: *** lwmutex created [] (attribute=0x22): sq_id = 17
[W : PPU[1] Thread (CPUThread)[0x002e9028]]: sys_lwmutex warning: *** lwmutex created [] (attribute=0x22): sq_id = 18
[W : PPU[1] Thread (CPUThread)[0x002e9028]]: sys_lwmutex warning: *** lwmutex created [] (attribute=0x22): sq_id = 19
[W : PPU[1] Thread (CPUThread)[0x002e9028]]: sys_lwmutex warning: *** lwmutex created [] (attribute=0x22): sq_id = 20
[W : PPU[1] Thread (CPUThread)[0x002e9028]]: sys_lwmutex warning: *** lwmutex created [] (attribute=0x22): sq_id = 21
[W : PPU[1] Thread (CPUThread)[0x002e9028]]: sys_lwmutex warning: *** lwmutex created [] (attribute=0x22): sq_id = 22
[W : PPU[1] Thread (CPUThread)[0x002e9028]]: sys_lwmutex warning: *** lwmutex created [] (attribute=0x22): sq_id = 23
[W : PPU[1] Thread (CPUThread)[0x002e9028]]: sys_lwmutex warning: *** lwmutex created [] (attribute=0x22): sq_id = 24
[W : PPU[1] Thread (CPUThread)[0x002e9028]]: sys_lwmutex warning: *** lwmutex created [] (attribute=0x22): sq_id = 25
[W : PPU[1] Thread (CPUThread)[0x002e9028]]: sys_lwmutex warning: *** lwmutex created [] (attribute=0x22): sq_id = 26
[W : PPU[1] Thread (CPUThread)[0x000496b4]]: memory warning: sys_memory_container_create(cid_addr=0x10081b38, yield_size=0x800000)
[W : PPU[1] Thread (CPUThread)[0x000496b4]]: memory warning: *** memory_container created(addr=0x30300000): id = 27
[W : PPU[1] Thread (CPUThread)[0x002db028]]: cellSysutil warning: cellSysutilGetSystemParamInt: CELL_SYSUTIL_SYSTEMPARAM_ID_LANG
[W : PPU[1] Thread (CPUThread)[0x002e9028]]: sys_lwmutex warning: *** lwmutex created [] (attribute=0x12): sq_id = 28
[W : PPU[1] Thread (CPUThread)[0x002ba010]]: cellSysmodule warning: cellSysmoduleLoadModule(CELL_SYSMODULE_SPURS)
[W : PPU[1] Thread (CPUThread)[0x002ba010]]: cellSysmodule warning: cellSysmoduleLoadModule(CELL_SYSMODULE_GCM_SYS)
[W : PPU[1] Thread (CPUThread)[0x002ba010]]: cellSysmodule warning: cellSysmoduleLoadModule(CELL_SYSMODULE_RTC)
[W : PPU[1] Thread (CPUThread)[0x002ba010]]: cellSysmodule warning: cellSysmoduleLoadModule(CELL_SYSMODULE_FS)
[W : PPU[1] Thread (CPUThread)[0x002ba010]]: cellSysmodule warning: cellSysmoduleLoadModule(CELL_SYSMODULE_AUDIO)
[W : PPU[1] Thread (CPUThread)[0x002ba010]]: cellSysmodule warning: cellSysmoduleLoadModule(CELL_SYSMODULE_IO)
[W : PPU[1] Thread (CPUThread)[0x002ba010]]: cellSysmodule warning: cellSysmoduleLoadModule(CELL_SYSMODULE_SYSUTIL_NP)
[W : PPU[1] Thread (CPUThread)[0x002ba010]]: cellSysmodule warning: cellSysmoduleLoadModule(CELL_SYSMODULE_NET)
[W : PPU[1] Thread (CPUThread)[0x002ba010]]: cellSysmodule warning: cellSysmoduleLoadModule(CELL_SYSMODULE_L10N)
[W : PPU[1] Thread (CPUThread)[0x002be088]]: sys_fs warning: cellFsAioInit(mount_point_addr=0x30237090 (/app_home/Game/PS3_GAME/USRDIR))
[W : PPU[1] Thread (CPUThread)[0x0004a0e4]]: sys_spu warning: sys_spu_initialize(max_usable_spu=6, max_raw_spu=0)
[W : PPU[1] Thread (CPUThread)[0x002db058]]: cellSysutil warning: cellSysutilRegisterCallback(slot=0, func_addr=0x2c2b60, userdata=0x10081ae8)
[E : PPU[1] Thread (CPUThread)[0x002df040]]: TODO: cellSpursInitialize
[W : PPU[1] Thread (CPUThread)[0x0013fd30]]: sys_event warning: sys_event_queue_create(equeue_id_addr=0x100def90, attr_addr=0xd0020a64, event_queue_key=0x0, size=8)
[W : PPU[1] Thread (CPUThread)[0x0013fd30]]: sys_event warning: *** event_queue created [] (protocol=0x2, type=0x1): id = 29
[W : PPU[1] Thread (CPUThread)[0x0013fdc4]]: sys_event warning: sys_event_port_create(eport_id_addr=0x100def80, port_type=0x1, name=0xfee1dead)
[W : PPU[1] Thread (CPUThread)[0x0013fdc4]]: sys_event warning: *** sys_event_port created: id = 31
[W : PPU[1] Thread (CPUThread)[0x0013fde0]]: sys_event warning: sys_event_port_connect_local(eport_id=31, equeue_id=29)
[E : PPU[1] Thread (CPUThread)[0x002df04c]]: cellSpurs error: cellSpursAttachLv2EventQueue(spurs_addr=0x30238c80, queue=0x1d, port_addr=0xd0020a60, isDynamic=0)
[W : PPU[1] Thread (CPUThread)[0x002dd010]]: cellGcmSys warning: cellGcmInit(context_addr=0x100e4288,cmdSize=0x400000,ioSize=0x6400000,ioAddress=0x30c00000)
[W : PPU[1] Thread (CPUThread)[0x002dd010]]: cellGcmSys warning: *** local memory(addr=0xc0000000, size=0xf900000)
[W : PPU[1] Thread (CPUThread)[0x002dd010]]: cellGcmSys warning: cellGcmMapEaIoAddress(ea=0x30c00000, io=0x0, size=0x6400000)
[! : RSXThread]: RSX thread entry
[W : PPU[1] Thread (CPUThread)[0x002dd004]]: cellGcmSys warning: cellGcmGetTiledPitchSize(size=5120)
[W : PPU[1] Thread (CPUThread)[0x002dd004]]: cellGcmSys warning: cellGcmGetTiledPitchSize(size=5120)
[W : PPU[1] Thread (CPUThread)[0x002dd004]]: cellGcmSys warning: cellGcmGetTiledPitchSize(size=5120)
[W : PPU[1] Thread (CPUThread)[0x002db010]]: cellSysutil warning: cellVideoOutConfigure(videoOut=0, config_addr=0xd00209f8, option_addr=0x0, waitForEvent=0x0)
[W : PPU[1] Thread (CPUThread)[0x002dd034]]: cellGcmSys warning: cellGcmSetFlipMode(mode=2)
[E : PPU[1] Thread (CPUThread)[0x002dd070]]: cellGcmSys error: Unimplemented function: cellGcmSetVBlankHandler
[W : PPU[1] Thread (CPUThread)[0x002dd094]]: cellGcmSys warning: cellGcmSetTile(index=13, location=0, offset=16711680, size=3801088, pitch=5120, comp=0, base=0, bank=0)
[W : PPU[1] Thread (CPUThread)[0x002dd058]]: cellGcmSys warning: cellGcmSetDisplayBuffer(id=0x0,offset=0xff0000,pitch=4,width=1280,height=720)
[W : PPU[1] Thread (CPUThread)[0x002dd094]]: cellGcmSys warning: cellGcmSetTile(index=14, location=0, offset=20512768, size=3801088, pitch=5120, comp=0, base=0, bank=0)
[W : PPU[1] Thread (CPUThread)[0x002dd058]]: cellGcmSys warning: cellGcmSetDisplayBuffer(id=0x1,offset=0x1390000,pitch=4,width=1280,height=720)
[W : PPU[1] Thread (CPUThread)[0x002dd094]]: cellGcmSys warning: cellGcmSetTile(index=0, location=0, offset=0, size=5570560, pitch=5120, comp=0, base=0, bank=2)
[W : PPU[1] Thread (CPUThread)[0x002dd094]]: cellGcmSys warning: cellGcmSetTile(index=1, location=0, offset=5570560, size=5570560, pitch=5120, comp=0, base=0, bank=2)
[W : PPU[1] Thread (CPUThread)[0x002dd094]]: cellGcmSys warning: cellGcmSetTile(index=2, location=0, offset=11141120, size=5570560, pitch=5120, comp=10, base=0, bank=0)
[E : PPU[1] Thread (CPUThread)[0x002dd094]]: cellGcmSys error: cellGcmSetTile: bad comp! (10)
[W : PPU[1] Thread (CPUThread)[0x002dd0a0]]: cellGcmSys warning: TODO: cellGcmSetZcull(index=0, offset=0xaa0000, width=1280, height=1088, cullStart=0x0, zFormat=0x2, aaFormat=0x0, zCullDir=0x0, zCullFormat=0x1, sFunc=0x201, sRef=0x80, sMask=0xff)
[W : PPU[1] Thread (CPUThread)[0x00044ed8]]: sys_event warning: sys_event_queue_create(equeue_id_addr=0x10081ad4, attr_addr=0xd0020a80, event_queue_key=0x0, size=64)
[W : PPU[1] Thread (CPUThread)[0x00044ed8]]: sys_event warning: *** event_queue created [] (protocol=0x2, type=0x1): id = 32
[W : PPU[1] Thread (CPUThread)[0x00044f44]]: sys_event warning: sys_event_port_create(eport_id_addr=0x10081ad0, port_type=0x1, name=0x1234)
[W : PPU[1] Thread (CPUThread)[0x00044f44]]: sys_event warning: *** sys_event_port created: id = 34
[W : PPU[1] Thread (CPUThread)[0x00044f60]]: sys_event warning: sys_event_port_connect_local(eport_id=34, equeue_id=32)
[W : PPU[1] Thread (CPUThread)[0x002db070]]: cellSysutil warning: cellAudioOutGetSoundAvailability(audioOut=0, type=0, fs=0x4, option=0)
[W : PPU[1] Thread (CPUThread)[0x002db070]]: cellSysutil warning: cellAudioOutGetSoundAvailability(audioOut=0, type=1, fs=0x4, option=0)
[W : PPU[1] Thread (CPUThread)[0x002db034]]: cellSysutil warning: cellAudioOutConfigure(audioOut=0, config_addr=0xd00209d0, option_addr=0x0, (!)waitForEvent=0)
[W : PPU[1] Thread (CPUThread)[0x002e1004]]: cellAudio warning: cellAudioInit()
[! : Audio Thread]: Audio started
[W : PPU[1] Thread (CPUThread)[0x002e1034]]: cellAudio warning: cellAudioPortOpen(audioParam_addr=0x10071028, portNum_addr=0x10071068)
[W : PPU[1] Thread (CPUThread)[0x002e1034]]: cellAudio warning: *** audio port opened(nChannel=8, nBlock=8, attr=0x0, level=1.000000): port = 0
[W : PPU[1] Thread (CPUThread)[0x002e1010]]: cellAudio warning: cellAudioGetPortConfig(portNum=0x0, portConfig_addr=0x10071048)
[W : PPU[1] Thread (CPUThread)[0x002e9028]]: sys_lwmutex warning: *** lwmutex created [] (attribute=0x22): sq_id = 35
[W : PPU[1] Thread (CPUThread)[0x00248314]]: sys_event warning: sys_event_queue_create(equeue_id_addr=0x100ea818, attr_addr=0xd0020998, event_queue_key=0x0, size=32)
[W : PPU[1] Thread (CPUThread)[0x00248314]]: sys_event warning: *** event_queue created [] (protocol=0x2, type=0x1): id = 36
[W : PPU[1] Thread (CPUThread)[0x00248338]]: sys_spu warning: sys_spu_thread_group_create(id_addr=0x100e9d00, num=1, prio=100, attr_addr=0xd002098c)
[W : PPU[1] Thread (CPUThread)[0x00248338]]: sys_spu warning: *** SPU Thread Group created [_Multistream Thread Group] (type=0x0, option.ct=0x2): id=37
[W : PPU[1] Thread (CPUThread)[0x002e9094]]: sysPrxForUser warning: sys_spu_image_import(img=0x100ecb0c, src=0x10019680, type=0x1)
[W : PPU[1] Thread (CPUThread)[0x002e9094]]: desc = 'msngSPU'
[W : PPU[1] Thread (CPUThread)[0x002483cc]]: sys_spu warning: sys_spu_thread_initialize(thread_addr=0x1012a004, group=0x25, spu_num=0, img_addr=0x100ecb0c, attr_addr=0xd0020980, arg_addr=0xd00209a8)
[W : PPU[1] Thread (CPUThread)[0x002483cc]]: sys_spu warning: *** New SPU Thread [_Multistream SPU Thread] (img_offset=0x2ed000, ls_offset=0x32d000, ep=0x90, a1=0x10081ae8, a2=0x10081ac0, a3=0x0, a4=0x1): id=38
[W : PPU[1] Thread (CPUThread)[0x002483f4]]: sys_spu warning: sys_spu_thread_connect_event(id=38, eq_id=36, event_type=0x1, spup=42)
[W : PPU[1] Thread (CPUThread)[0x0024840c]]: sys_spu warning: sys_spu_thread_group_start(id=37)
[W : PPU[1] Thread (CPUThread)[0x002be034]]: *** cellFsOpen(path="/dev_flash/sys/external/flashATRAC.pic"): fd = 39
[W : PPU[1] Thread (CPUThread)[0x002be004]]: sys_fs warning: cellFsClose(fd=39)
[W : PPU[1] Thread (CPUThread)[0x002474ec]]: sys_spu warning: sys_spu_thread_write_spu_mb(id=38, value=0xffdd)
[W : PPU[1] Thread (CPUThread)[0x00247548]]: sys_spu warning: sys_spu_thread_write_spu_mb(id=38, value=0x30249d00)
[W : PPU[1] Thread (CPUThread)[0x00014100]]: sys_event warning: sys_event_queue_create(equeue_id_addr=0x10071084, attr_addr=0x10071088, event_queue_key=0x0, size=1)
[W : PPU[1] Thread (CPUThread)[0x00014100]]: sys_event warning: *** event_queue created [] (protocol=0x2, type=0x1): id = 40
[W : PPU[1] Thread (CPUThread)[0x00014118]]: sys_event warning: sys_event_port_create(eport_id_addr=0x10071080, port_type=0x1, name=0x0)
[W : PPU[1] Thread (CPUThread)[0x00014118]]: sys_event warning: *** sys_event_port created: id = 41
[W : PPU[1] Thread (CPUThread)[0x00014128]]: sys_event warning: sys_event_port_connect_local(eport_id=41, equeue_id=40)
[W : PPU[42] Thread (MultiStream PU Thread)[0x002e101c]]: cellAudio warning: cellAudioPortStart(portNum=0x0)
[E : PPU[42] Thread (MultiStream PU Thread)[0x00010800]]: sys_event error: sys_event_queue_tryreceive(equeue_id=40, event_array_addr=0xd0060db8, size=1, number_addr=0xd0060db0)
[W : PPU[42] Thread (MultiStream PU Thread)[0x00247a3c]]: sys_spu warning: sys_spu_thread_write_spu_mb(id=38, value=0x100e9b00)
[W : PPU[1] Thread (CPUThread)[0x002db028]]: cellSysutil warning: cellSysutilGetSystemParamInt: CELL_SYSUTIL_SYSTEMPARAM_ID_ENTER_BUTTON_ASSIGN
[E : SPU[38] Thread (_Multistream SPU Thread)[0x00005f98]]: SPUThread::ReadChannel error: unknown/illegal channel (8 [$SPU_RdDec]).
[E : SPU[38] Thread (_Multistream SPU Thread)[0x0000669c]]: SPUThread::ReadChannel error: unknown/illegal channel (8 [$SPU_RdDec]).
[E : SPU[38] Thread (_Multistream SPU Thread)[0x00005f98]]: SPUThread::ReadChannel error: unknown/illegal channel (8 [$SPU_RdDec]).
[E : SPU[38] Thread (_Multistream SPU Thread)[0x0000669c]]: SPUThread::ReadChannel error: unknown/illegal channel (8 [$SPU_RdDec]).
[E : SPU[38] Thread (_Multistream SPU Thread)[0x00005f98]]: SPUThread::ReadChannel error: unknown/illegal channel (8 [$SPU_RdDec]).
[E : SPU[38] Thread (_Multistream SPU Thread)[0x0000669c]]: SPUThread::ReadChannel error: unknown/illegal channel (8 [$SPU_RdDec]).
[E : SPU[38] Thread (_Multistream SPU Thread)[0x00005f98]]: SPUThread::ReadChannel error: unknown/illegal channel (8 [$SPU_RdDec]).
[E : SPU[38] Thread (_Multistream SPU Thread)[0x0000669c]]: SPUThread::ReadChannel error: unknown/illegal channel (8 [$SPU_RdDec]).
[E : SPU[38] Thread (_Multistream SPU Thread)[0x00005f98]]: SPUThread::ReadChannel error: unknown/illegal channel (8 [$SPU_RdDec]).
[E : SPU[38] Thread (_Multistream SPU Thread)[0x0000669c]]: SPUThread::ReadChannel error: unknown/illegal channel (8 [$SPU_RdDec]).
[E : SPU[38] Thread (_Multistream SPU Thread)[0x00005f98]]: SPUThread::ReadChannel error: unknown/illegal channel (8 [$SPU_RdDec]).
[E : SPU[38] Thread (_Multistream SPU Thread)[0x0000669c]]: SPUThread::ReadChannel error: unknown/illegal channel (8 [$SPU_RdDec]).
[E : SPU[38] Thread (_Multistream SPU Thread)[0x00005f98]]: SPUThread::ReadChannel error: unknown/illegal channel (8 [$SPU_RdDec]).
[E : SPU[38] Thread (_Multistream SPU Thread)[0x0000669c]]: SPUThread::ReadChannel error: unknown/illegal channel (8 [$SPU_RdDec]).
[E : SPU[38] Thread (_Multistream SPU Thread)[0x00005f98]]: SPUThread::ReadChannel error: unknown/illegal channel (8 [$SPU_RdDec]).
[E : SPU[38] Thread (_Multistream SPU Thread)[0x0000669c]]: SPUThread::ReadChannel error: unknown/illegal channel (8 [$SPU_RdDec]).
[E : SPU[38] Thread (_Multistream SPU Thread)[0x00005f98]]: SPUThread::ReadChannel error: unknown/illegal channel (8 [$SPU_RdDec]).
[E : SPU[38] Thread (_Multistream SPU Thread)[0x0000669c]]: SPUThread::ReadChannel error: unknown/illegal channel (8 [$SPU_RdDec]).
[E : SPU[38] Thread (_Multistream SPU Thread)[0x00005f98]]: SPUThread::ReadChannel error: unknown/illegal channel (8 [$SPU_RdDec]).
[E : SPU[38] Thread (_Multistream SPU Thread)[0x0000669c]]: SPUThread::ReadChannel error: unknown/illegal channel (8 [$SPU_RdDec]).
[E : SPU[38] Thread (_Multistream SPU Thread)[0x00005f98]]: SPUThread::ReadChannel error: unknown/illegal channel (8 [$SPU_RdDec]).
[E : SPU[38] Thread (_Multistream SPU Thread)[0x0000669c]]: SPUThread::ReadChannel error: unknown/illegal channel (8 [$SPU_RdDec]).
[E : SPU[38] Thread (_Multistream SPU Thread)[0x00005f98]]: SPUThread::ReadChannel error: unknown/illegal channel (8 [$SPU_RdDec]).
[E : SPU[38] Thread (_Multistream SPU Thread)[0x0000669c]]: SPUThread::ReadChannel error: unknown/illegal channel (8 [$SPU_RdDec]).
[E : SPU[38] Thread (_Multistream SPU Thread)[0x00005f98]]: SPUThread::ReadChannel error: unknown/illegal channel (8 [$SPU_RdDec]).
[E : SPU[38] Thread (_Multistream SPU Thread)[0x0000669c]]: SPUThread::ReadChannel error: unknown/illegal channel (8 [$SPU_RdDec]).
[E : SPU[38] Thread (_Multistream SPU Thread)[0x00005f98]]: SPUThread::ReadChannel error: unknown/illegal channel (8 [$SPU_RdDec]).
[E : SPU[38] Thread (_Multistream SPU Thread)[0x0000669c]]: SPUThread::ReadChannel error: unknown/illegal channel (8 [$SPU_RdDec]).
[E : SPU[38] Thread (_Multistream SPU Thread)[0x00005f98]]: SPUThread::ReadChannel error: unknown/illegal channel (8 [$SPU_RdDec]).
[E : SPU[38] Thread (_Multistream SPU Thread)[0x0000669c]]: SPUThread::ReadChannel error: unknown/illegal channel (8 [$SPU_RdDec]).
[E : SPU[38] Thread (_Multistream SPU Thread)[0x00005f98]]: SPUThread::ReadChannel error: unknown/illegal channel (8 [$SPU_RdDec]).
[E : SPU[38] Thread (_Multistream SPU Thread)[0x0000669c]]: SPUThread::ReadChannel error: unknown/illegal channel (8 [$SPU_RdDec]).
[W : PPU[33] Thread (ResMan)[0x002be040]]: sys_fs warning: cellFsStat: "/app_home/Game/PS3_GAME/USRDIR/Shaders/vs_basicLight.vpo" not found.
[E : SPU[38] Thread (_Multistream SPU Thread)[0x00005f98]]: SPUThread::ReadChannel error: unknown/illegal channel (8 [$SPU_RdDec]).
[E : SPU[38] Thread (_Multistream SPU Thread)[0x0000669c]]: SPUThread::ReadChannel error: unknown/illegal channel (8 [$SPU_RdDec]).
[E : SPU[38] Thread (_Multistream SPU Thread)[0x00005f98]]: SPUThread::ReadChannel error: unknown/illegal channel (8 [$SPU_RdDec]).
[E : SPU[38] Thread (_Multistream SPU Thread)[0x0000669c]]: SPUThread::ReadChannel error: unknown/illegal channel (8 [$SPU_RdDec]).
[E : SPU[38] Thread (_Multistream SPU Thread)[0x00005f98]]: SPUThread::ReadChannel error: unknown/illegal channel (8 [$SPU_RdDec]).
[E : SPU[38] Thread (_Multistream SPU Thread)[0x0000669c]]: SPUThread::ReadChannel error: unknown/illegal channel (8 [$SPU_RdDec]).
[E : SPU[38] Thread (_Multistream SPU Thread)[0x00005f98]]: SPUThread::ReadChannel error: unknown/illegal channel (8 [$SPU_RdDec]).
[E : SPU[38] Thread (_Multistream SPU Thread)[0x0000669c]]: SPUThread::ReadChannel error: unknown/illegal channel (8 [$SPU_RdDec]).
[E : SPU[38] Thread (_Multistream SPU Thread)[0x00005f98]]: SPUThread::ReadChannel error: unknown/illegal channel (8 [$SPU_RdDec]).
[E : SPU[38] Thread (_Multistream SPU Thread)[0x0000669c]]: SPUThread::ReadChannel error: unknown/illegal channel (8 [$SPU_RdDec]).
[E : SPU[38] Thread (_Multistream SPU Thread)[0x00005f98]]: SPUThread::ReadChannel error: unknown/illegal channel (8 [$SPU_RdDec]).
[E : SPU[38] Thread (_Multistream SPU Thread)[0x0000669c]]: SPUThread::ReadChannel error: unknown/illegal channel (8 [$SPU_RdDec]).
[E : SPU[38] Thread (_Multistream SPU Thread)[0x00005f98]]: SPUThread::ReadChannel error: unknown/illegal channel (8 [$SPU_RdDec]).
[E : SPU[38] Thread (_Multistream SPU Thread)[0x0000669c]]: SPUThread::ReadChannel error: unknown/illegal channel (8 [$SPU_RdDec]).
[E : SPU[38] Thread (_Multistream SPU Thread)[0x00005f98]]: SPUThread::ReadChannel error: unknown/illegal channel (8 [$SPU_RdDec]).
[W : PPU[33] Thread (ResMan)[0x002be040]]: sys_fs warning: cellFsStat: "/app_home/Game/PS3_GAME/USRDIR/Shaders/vs_basicColourLight.vpo" not found.
[E : SPU[38] Thread (_Multistream SPU Thread)[0x00005564]]: SPUThread::ReadChannel error: unknown/illegal channel (8 [$SPU_RdDec]).
[W : PPU[33] Thread (ResMan)[0x002be040]]: sys_fs warning: cellFsStat: "/app_home/Game/PS3_GAME/USRDIR/Shaders/vs_basicTexLight.vpo" not found.
[W : PPU[33] Thread (ResMan)[0x002be040]]: sys_fs warning: cellFsStat: "/app_home/Game/PS3_GAME/USRDIR/Shaders/vs_bumpgloss.vpo" not found.
[W : PPU[33] Thread (ResMan)[0x002be040]]: sys_fs warning: cellFsStat: "/app_home/Game/PS3_GAME/USRDIR/Shaders/vs_duck.vpo" not found.
[W : PPU[33] Thread (ResMan)[0x002be040]]: sys_fs warning: cellFsStat: "/app_home/Game/PS3_GAME/USRDIR/Shaders/vs_colduck.vpo" not found.
[W : PPU[33] Thread (ResMan)[0x002be040]]: sys_fs warning: cellFsStat: "/app_home/Game/PS3_GAME/USRDIR/Shaders/vs_basicTexColourLight.vpo" not found.
[W : PPU[33] Thread (ResMan)[0x002be040]]: sys_fs warning: cellFsStat: "/app_home/Game/PS3_GAME/USRDIR/Shaders/vs_colbumpgloss.vpo" not found.
[W : PPU[33] Thread (ResMan)[0x002be040]]: sys_fs warning: cellFsStat: "/app_home/Game/PS3_GAME/USRDIR/Shaders/vs_through_mode.vpo" not found.
[W : PPU[33] Thread (ResMan)[0x002be040]]: sys_fs warning: cellFsStat: "/app_home/Game/PS3_GAME/USRDIR/Shaders/vs_through_mode2.vpo" not found.
[W : PPU[33] Thread (ResMan)[0x002be040]]: sys_fs warning: cellFsStat: "/app_home/Game/PS3_GAME/USRDIR/Shaders/vs_through_mode3.vpo" not found.
[W : PPU[33] Thread (ResMan)[0x002be040]]: sys_fs warning: cellFsStat: "/app_home/Game/PS3_GAME/USRDIR/Shaders/vs_bwdwwwi0.vpo" not found.
[W : PPU[33] Thread (ResMan)[0x002be040]]: sys_fs warning: cellFsStat: "/app_home/Game/PS3_GAME/USRDIR/Shaders/vs_bwdwwwi0i1.vpo" not found.
[W : PPU[33] Thread (ResMan)[0x002be040]]: sys_fs warning: cellFsStat: "/app_home/Game/PS3_GAME/USRDIR/Shaders/vs_bwmwwwi0.vpo" not found.
[W : PPU[33] Thread (ResMan)[0x002be040]]: sys_fs warning: cellFsStat: "/app_home/Game/PS3_GAME/USRDIR/Shaders/vs_bwdwww.vpo" not found.
[W : PPU[33] Thread (ResMan)[0x002be040]]: sys_fs warning: cellFsStat: "/app_home/Game/PS3_GAME/USRDIR/Shaders/vs_bldlllnnnn.vpo" not found.
[W : PPU[33] Thread (ResMan)[0x002be040]]: sys_fs warning: cellFsStat: "/app_home/Game/PS3_GAME/USRDIR/Shaders/vs_bi0i1.vpo" not found.
[W : PPU[33] Thread (ResMan)[0x002be040]]: sys_fs warning: cellFsStat: "/app_home/Game/PS3_GAME/USRDIR/Shaders/vs_bwwww.vpo" not found.
[W : PPU[33] Thread (ResMan)[0x002be040]]: sys_fs warning: cellFsStat: "/app_home/Game/PS3_GAME/USRDIR/Shaders/vs_li0.vpo" not found.
[W : PPU[33] Thread (ResMan)[0x002be040]]: sys_fs warning: cellFsStat: "/app_home/Game/PS3_GAME/USRDIR/Shaders/vs_vi0t0.vpo" not found.
[W : PPU[33] Thread (ResMan)[0x002be040]]: sys_fs warning: cellFsStat: "/app_home/Game/PS3_GAME/USRDIR/Shaders/vs_mi0t0.vpo" not found.
[W : PPU[33] Thread (ResMan)[0x002be040]]: sys_fs warning: cellFsStat: "/app_home/Game/PS3_GAME/USRDIR/Shaders/vs_bwdlllinnn.vpo" not found.
[W : PPU[33] Thread (ResMan)[0x002be040]]: sys_fs warning: cellFsStat: "/app_home/Game/PS3_GAME/USRDIR/Shaders/vs_bwmwwwi0i1.vpo" not found.
[W : PPU[33] Thread (ResMan)[0x002be040]]: sys_fs warning: cellFsStat: "/app_home/Game/PS3_GAME/USRDIR/Shaders/vs_generate_mesh.vpo" not found.
[W : PPU[33] Thread (ResMan)[0x002be040]]: sys_fs warning: cellFsStat: "/app_home/Game/PS3_GAME/USRDIR/Shaders/vs_position.vpo" not found.
[W : PPU[33] Thread (ResMan)[0x002be040]]: sys_fs warning: cellFsStat: "/app_home/Game/PS3_GAME/USRDIR/Shaders/vs_intersection.vpo" not found.
[W : PPU[33] Thread (ResMan)[0x002be040]]: sys_fs warning: cellFsStat: "/app_home/Game/PS3_GAME/USRDIR/Shaders/vs_splat.vpo" not found.
[W : PPU[33] Thread (ResMan)[0x002be040]]: sys_fs warning: cellFsStat: "/app_home/Game/PS3_GAME/USRDIR/Shaders/vs_projective.vpo" not found.
[W : PPU[33] Thread (ResMan)[0x002be040]]: sys_fs warning: cellFsStat: "/app_home/Game/PS3_GAME/USRDIR/Shaders/vs_xyz.vpo" not found.
[W : PPU[33] Thread (ResMan)[0x002be040]]: sys_fs warning: cellFsStat: "/app_home/Game/PS3_GAME/USRDIR/Shaders/vs_water_surface.vpo" not found.
[W : PPU[33] Thread (ResMan)[0x002be040]]: sys_fs warning: cellFsStat: "/app_home/Game/PS3_GAME/USRDIR/Shaders/vs_blend_noise.vpo" not found.
[W : PPU[33] Thread (ResMan)[0x002be040]]: sys_fs warning: cellFsStat: "/app_home/Game/PS3_GAME/USRDIR/Shaders/vs_bubble.vpo" not found.
[W : PPU[33] Thread (ResMan)[0x002be040]]: sys_fs warning: cellFsStat: "/app_home/Game/PS3_GAME/USRDIR/Shaders/vs_reflection_prepass.vpo" not found.
[W : PPU[33] Thread (ResMan)[0x002be040]]: sys_fs warning: cellFsStat: "/app_home/Game/PS3_GAME/USRDIR/Shaders/vs_slosh_blend.vpo" not found.
[W : PPU[33] Thread (ResMan)[0x002be040]]: sys_fs warning: cellFsStat: "/app_home/Game/PS3_GAME/USRDIR/Shaders/vs_slosh_stencil.vpo" not found.
[W : PPU[33] Thread (ResMan)[0x002be040]]: sys_fs warning: cellFsStat: "/app_home/Game/PS3_GAME/USRDIR/Shaders/vs_slosh_surface.vpo" not found.
[E : SPU[38] Thread (_Multistream SPU Thread)[0x00005598]]: SPUThread::ReadChannel error: unknown/illegal channel (8 [$SPU_RdDec]).
[W : PPU[33] Thread (ResMan)[0x002be040]]: sys_fs warning: cellFsStat: "/app_home/Game/PS3_GAME/USRDIR/Shaders/vs_surface_noise.vpo" not found.
[E : SPU[38] Thread (_Multistream SPU Thread)[0x0000669c]]: SPUThread::ReadChannel error: unknown/illegal channel (8 [$SPU_RdDec]).
[E : SPU[38] Thread (_Multistream SPU Thread)[0x00005f98]]: SPUThread::ReadChannel error: unknown/illegal channel (8 [$SPU_RdDec]).
[E : SPU[38] Thread (_Multistream SPU Thread)[0x00005564]]: SPUThread::ReadChannel error: unknown/illegal channel (8 [$SPU_RdDec]).
[W : PPU[33] Thread (ResMan)[0x002be040]]: sys_fs warning: cellFsStat: "/app_home/Game/PS3_GAME/USRDIR/Shaders/fs_basicLight.fpo" not found.
[W : PPU[33] Thread (ResMan)[0x002be040]]: sys_fs warning: cellFsStat: "/app_home/Game/PS3_GAME/USRDIR/Shaders/fs_basicLight.fpo" not found.
[W : PPU[33] Thread (ResMan)[0x002be040]]: sys_fs warning: cellFsStat: "/app_home/Game/PS3_GAME/USRDIR/Shaders/fs_basicLight.fpo" not found.
[W : PPU[33] Thread (ResMan)[0x002be040]]: sys_fs warning: cellFsStat: "/app_home/Game/PS3_GAME/USRDIR/Shaders/fs_basicColourLight.fpo" not found.
[W : PPU[33] Thread (ResMan)[0x002be040]]: sys_fs warning: cellFsStat: "/app_home/Game/PS3_GAME/USRDIR/Shaders/fs_basicTexColour.fpo" not found.
[W : PPU[33] Thread (ResMan)[0x002be040]]: sys_fs warning: cellFsStat: "/app_home/Game/PS3_GAME/USRDIR/Shaders/fs_basicTexLight.fpo" not found.
[W : PPU[33] Thread (ResMan)[0x002be040]]: sys_fs warning: cellFsStat: "/app_home/Game/PS3_GAME/USRDIR/Shaders/fs_basicTexLight.fpo" not found.
[W : PPU[33] Thread (ResMan)[0x002be040]]: sys_fs warning: cellFsStat: "/app_home/Game/PS3_GAME/USRDIR/Shaders/fs_bumpgloss.fpo" not found.
[W : PPU[33] Thread (ResMan)[0x002be040]]: sys_fs warning: cellFsStat: "/app_home/Game/PS3_GAME/USRDIR/Shaders/fs_colbumpgloss.fpo" not found.
[W : PPU[33] Thread (ResMan)[0x002be040]]: sys_fs warning: cellFsStat: "/app_home/Game/PS3_GAME/USRDIR/Shaders/fs_mod2x.fpo" not found.
[W : PPU[33] Thread (ResMan)[0x002be040]]: sys_fs warning: cellFsStat: "/app_home/Game/PS3_GAME/USRDIR/Shaders/fs_through_mode.fpo" not found.
[E : SPU[38] Thread (_Multistream SPU Thread)[0x00005598]]: SPUThread::ReadChannel error: unknown/illegal channel (8 [$SPU_RdDec]).
[E : SPU[38] Thread (_Multistream SPU Thread)[0x0000669c]]: SPUThread::ReadChannel error: unknown/illegal channel (8 [$SPU_RdDec]).
[E : SPU[38] Thread (_Multistream SPU Thread)[0x00005f98]]: SPUThread::ReadChannel error: unknown/illegal channel (8 [$SPU_RdDec]).
[E : SPU[38] Thread (_Multistream SPU Thread)[0x0000669c]]: SPUThread::ReadChannel error: unknown/illegal channel (8 [$SPU_RdDec]).
[E : SPU[38] Thread (_Multistream SPU Thread)[0x00005f98]]: SPUThread::ReadChannel error: unknown/illegal channel (8 [$SPU_RdDec]).
[W : PPU[33] Thread (ResMan)[0x002be040]]: sys_fs warning: cellFsStat: "/app_home/Game/PS3_GAME/USRDIR/Shaders/fs_through_mode2.fpo" not found.
[E : SPU[38] Thread (_Multistream SPU Thread)[0x0000669c]]: SPUThread::ReadChannel error: unknown/illegal channel (8 [$SPU_RdDec]).
[E : SPU[38] Thread (_Multistream SPU Thread)[0x00005f98]]: SPUThread::ReadChannel error: unknown/illegal channel (8 [$SPU_RdDec]).
[E : SPU[38] Thread (_Multistream SPU Thread)[0x0000669c]]: SPUThread::ReadChannel error: unknown/illegal channel (8 [$SPU_RdDec]).
[E : SPU[38] Thread (_Multistream SPU Thread)[0x00005f98]]: SPUThread::ReadChannel error: unknown/illegal channel (8 [$SPU_RdDec]).
[E : SPU[38] Thread (_Multistream SPU Thread)[0x0000669c]]: SPUThread::ReadChannel error: unknown/illegal channel (8 [$SPU_RdDec]).
[E : SPU[38] Thread (_Multistream SPU Thread)[0x00005f98]]: SPUThread::ReadChannel error: unknown/illegal channel (8 [$SPU_RdDec]).
[E : SPU[38] Thread (_Multistream SPU Thread)[0x0000669c]]: SPUThread::ReadChannel error: unknown/illegal channel (8 [$SPU_RdDec]).
[E : SPU[38] Thread (_Multistream SPU Thread)[0x00005f98]]: SPUThread::ReadChannel error: unknown/illegal channel (8 [$SPU_RdDec]).
[E : SPU[38] Thread (_Multistream SPU Thread)[0x0000669c]]: SPUThread::ReadChannel error: unknown/illegal channel (8 [$SPU_RdDec]).
[E : SPU[38] Thread (_Multistream SPU Thread)[0x00005f98]]: SPUThread::ReadChannel error: unknown/illegal channel (8 [$SPU_RdDec]).
[W : PPU[33] Thread (ResMan)[0x002be040]]: sys_fs warning: cellFsStat: "/app_home/Game/PS3_GAME/USRDIR/Shaders/fs_diffuse.fpo" not found.
[W : PPU[33] Thread (ResMan)[0x002be040]]: sys_fs warning: cellFsStat: "/app_home/Game/PS3_GAME/USRDIR/Shaders/fs_bmdeea.fpo" not found.
[W : PPU[33] Thread (ResMan)[0x002be040]]: sys_fs warning: cellFsStat: "/app_home/Game/PS3_GAME/USRDIR/Shaders/fs_bmdee.fpo" not found.
[W : PPU[33] Thread (ResMan)[0x002be040]]: sys_fs warning: cellFsStat: "/app_home/Game/PS3_GAME/USRDIR/Shaders/fs_bveee.fpo" not found.
[W : PPU[33] Thread (ResMan)[0x002be040]]: sys_fs warning: cellFsStat: "/app_home/Game/PS3_GAME/USRDIR/Shaders/fs_bvdeee.fpo" not found.
[W : PPU[33] Thread (ResMan)[0x002be040]]: sys_fs warning: cellFsStat: "/app_home/Game/PS3_GAME/USRDIR/Shaders/fs_bveeee.fpo" not found.
[W : PPU[33] Thread (ResMan)[0x002be040]]: sys_fs warning: cellFsStat: "/app_home/Game/PS3_GAME/USRDIR/Shaders/fs_bvd.fpo" not found.
[W : PPU[33] Thread (ResMan)[0x002be040]]: sys_fs warning: cellFsStat: "/app_home/Game/PS3_GAME/USRDIR/Shaders/fs_bvdeea.fpo" not found.
[W : PPU[33] Thread (ResMan)[0x002be040]]: sys_fs warning: cellFsStat: "/app_home/Game/PS3_GAME/USRDIR/Shaders/fs_bmdnga.fpo" not found.
[W : PPU[33] Thread (ResMan)[0x002be040]]: sys_fs warning: cellFsStat: "/app_home/Game/PS3_GAME/USRDIR/Shaders/fs_bmdga.fpo" not found.
[W : PPU[33] Thread (ResMan)[0x002be040]]: sys_fs warning: cellFsStat: "/app_home/Game/PS3_GAME/USRDIR/Shaders/fs_bmdga_reflection.fpo" not found.
[W : PPU[33] Thread (ResMan)[0x002be040]]: sys_fs warning: cellFsStat: "/app_home/Game/PS3_GAME/USRDIR/Shaders/fs_bvee.fpo" not found.
[W : PPU[33] Thread (ResMan)[0x002be040]]: sys_fs warning: cellFsStat: "/app_home/Game/PS3_GAME/USRDIR/Shaders/fs_utnnnn.fpo" not found.
[W : PPU[33] Thread (ResMan)[0x002be040]]: sys_fs warning: cellFsStat: "/app_home/Game/PS3_GAME/USRDIR/Shaders/fs_pme.fpo" not found.
[W : PPU[33] Thread (ResMan)[0x002be040]]: sys_fs warning: cellFsStat: "/app_home/Game/PS3_GAME/USRDIR/Shaders/fs_pmde.fpo" not found.
[W : PPU[33] Thread (ResMan)[0x002be040]]: sys_fs warning: cellFsStat: "/app_home/Game/PS3_GAME/USRDIR/Shaders/fs_pmdg.fpo" not found.
[W : PPU[33] Thread (ResMan)[0x002be040]]: sys_fs warning: cellFsStat: "/app_home/Game/PS3_GAME/USRDIR/Shaders/fs_undnnn.fpo" not found.
[W : PPU[33] Thread (ResMan)[0x002be040]]: sys_fs warning: cellFsStat: "/app_home/Game/PS3_GAME/USRDIR/Shaders/fs_unnnnn.fpo" not found.
[W : PPU[33] Thread (ResMan)[0x002be040]]: sys_fs warning: cellFsStat: "/app_home/Game/PS3_GAME/USRDIR/Shaders/fs_basicLight.fpo" not found.
[W : PPU[33] Thread (ResMan)[0x002be040]]: sys_fs warning: cellFsStat: "/app_home/Game/PS3_GAME/USRDIR/Shaders/fs_bumpgloss.fpo" not found.
[W : PPU[33] Thread (ResMan)[0x002be040]]: sys_fs warning: cellFsStat: "/app_home/Game/PS3_GAME/USRDIR/Shaders/fs_pmdg.fpo" not found.
[W : PPU[33] Thread (ResMan)[0x002be040]]: sys_fs warning: cellFsStat: "/app_home/Game/PS3_GAME/USRDIR/Shaders/fs_ume.fpo" not found.
[W : PPU[33] Thread (ResMan)[0x002be040]]: sys_fs warning: cellFsStat: "/app_home/Game/PS3_GAME/USRDIR/Shaders/fs_bvdmee.fpo" not found.
[W : PPU[33] Thread (ResMan)[0x002be040]]: sys_fs warning: cellFsStat: "/app_home/Game/PS3_GAME/USRDIR/Shaders/fs_bmddga.fpo" not found.
[E : SPU[38] Thread (_Multistream SPU Thread)[0x00005564]]: SPUThread::ReadChannel error: unknown/illegal channel (8 [$SPU_RdDec]).
[E : SPU[38] Thread (_Multistream SPU Thread)[0x00005598]]: SPUThread::ReadChannel error: unknown/illegal channel (8 [$SPU_RdDec]).
[W : PPU[33] Thread (ResMan)[0x002be040]]: sys_fs warning: cellFsStat: "/app_home/Game/PS3_GAME/USRDIR/Shaders/fs_bmddga_reflection.fpo" not found.
[E : SPU[38] Thread (_Multistream SPU Thread)[0x0000669c]]: SPUThread::ReadChannel error: unknown/illegal channel (8 [$SPU_RdDec]).
[W : PPU[33] Thread (ResMan)[0x002be040]]: sys_fs warning: cellFsStat: "/app_home/Game/PS3_GAME/USRDIR/Shaders/fs_bmddee.fpo" not found.
[W : PPU[33] Thread (ResMan)[0x002be040]]: sys_fs warning: cellFsStat: "/app_home/Game/PS3_GAME/USRDIR/Shaders/fs_bmddee_reflection.fpo" not found.
[W : PPU[33] Thread (ResMan)[0x002be040]]: sys_fs warning: cellFsStat: "/app_home/Game/PS3_GAME/USRDIR/Shaders/fs_contrast.fpo" not found.
[W : PPU[33] Thread (ResMan)[0x002be040]]: sys_fs warning: cellFsStat: "/app_home/Game/PS3_GAME/USRDIR/Shaders/fs_GaussianH.fpo" not found.
[E : PPU[42] Thread (MultiStream PU Thread)[0x00010880]]: sys_event error: sys_event_queue_tryreceive(equeue_id=40, event_array_addr=0xd0060db8, size=1, number_addr=0xd0060db0)
[W : PPU[42] Thread (MultiStream PU Thread)[0x00247a3c]]: sys_spu warning: sys_spu_thread_write_spu_mb(id=38, value=0x100e9b00)
[W : PPU[33] Thread (ResMan)[0x002be040]]: sys_fs warning: cellFsStat: "/app_home/Game/PS3_GAME/USRDIR/Shaders/fs_GaussianV.fpo" not found.
[W : PPU[33] Thread (ResMan)[0x002be040]]: sys_fs warning: cellFsStat: "/app_home/Game/PS3_GAME/USRDIR/Shaders/fs_generate_mesh.fpo" not found.
[W : PPU[33] Thread (ResMan)[0x002be040]]: sys_fs warning: cellFsStat: "/app_home/Game/PS3_GAME/USRDIR/Shaders/fs_position.fpo" not found.
[E : SPU[38] Thread (_Multistream SPU Thread)[0x00005f98]]: SPUThread::ReadChannel error: unknown/illegal channel (8 [$SPU_RdDec]).
[E : SPU[38] Thread (_Multistream SPU Thread)[0x0000669c]]: SPUThread::ReadChannel error: unknown/illegal channel (8 [$SPU_RdDec]).
[E : SPU[38] Thread (_Multistream SPU Thread)[0x00005f98]]: SPUThread::ReadChannel error: unknown/illegal channel (8 [$SPU_RdDec]).
[E : SPU[38] Thread (_Multistream SPU Thread)[0x0000669c]]: SPUThread::ReadChannel error: unknown/illegal channel (8 [$SPU_RdDec]).
[E : SPU[38] Thread (_Multistream SPU Thread)[0x00005f98]]: SPUThread::ReadChannel error: unknown/illegal channel (8 [$SPU_RdDec]).
[E : SPU[38] Thread (_Multistream SPU Thread)[0x0000669c]]: SPUThread::ReadChannel error: unknown/illegal channel (8 [$SPU_RdDec]).
[E : SPU[38] Thread (_Multistream SPU Thread)[0x00005f98]]: SPUThread::ReadChannel error: unknown/illegal channel (8 [$SPU_RdDec]).
[E : SPU[38] Thread (_Multistream SPU Thread)[0x0000669c]]: SPUThread::ReadChannel error: unknown/illegal channel (8 [$SPU_RdDec]).
[E : SPU[38] Thread (_Multistream SPU Thread)[0x00005f98]]: SPUThread::ReadChannel error: unknown/illegal channel (8 [$SPU_RdDec]).
[E : SPU[38] Thread (_Multistream SPU Thread)[0x0000669c]]: SPUThread::ReadChannel error: unknown/illegal channel (8 [$SPU_RdDec]).
[E : SPU[38] Thread (_Multistream SPU Thread)[0x00005f98]]: SPUThread::ReadChannel error: unknown/illegal channel (8 [$SPU_RdDec]).
[E : SPU[38] Thread (_Multistream SPU Thread)[0x0000669c]]: SPUThread::ReadChannel error: unknown/illegal channel (8 [$SPU_RdDec]).
[E : SPU[38] Thread (_Multistream SPU Thread)[0x00005f98]]: SPUThread::ReadChannel error: unknown/illegal channel (8 [$SPU_RdDec]).
[E : SPU[38] Thread (_Multistream SPU Thread)[0x0000669c]]: SPUThread::ReadChannel error: unknown/illegal channel (8 [$SPU_RdDec]).
[E : SPU[38] Thread (_Multistream SPU Thread)[0x00005f98]]: SPUThread::ReadChannel error: unknown/illegal channel (8 [$SPU_RdDec]).
[E : SPU[38] Thread (_Multistream SPU Thread)[0x0000669c]]: SPUThread::ReadChannel error: unknown/illegal channel (8 [$SPU_RdDec]).
[E : SPU[38] Thread (_Multistream SPU Thread)[0x00005f98]]: SPUThread::ReadChannel error: unknown/illegal channel (8 [$SPU_RdDec]).
[E : SPU[38] Thread (_Multistream SPU Thread)[0x0000669c]]: SPUThread::ReadChannel error: unknown/illegal channel (8 [$SPU_RdDec]).
[E : SPU[38] Thread (_Multistream SPU Thread)[0x00005f98]]: SPUThread::ReadChannel error: unknown/illegal channel (8 [$SPU_RdDec]).
[E : SPU[38] Thread (_Multistream SPU Thread)[0x0000669c]]: SPUThread::ReadChannel error: unknown/illegal channel (8 [$SPU_RdDec]).
[W : PPU[33] Thread (ResMan)[0x002be040]]: sys_fs warning: cellFsStat: "/app_home/Game/PS3_GAME/USRDIR/Shaders/fs_intersection.fpo" not found.
[E : SPU[38] Thread (_Multistream SPU Thread)[0x00005f98]]: SPUThread::ReadChannel error: unknown/illegal channel (8 [$SPU_RdDec]).
[E : SPU[38] Thread (_Multistream SPU Thread)[0x0000669c]]: SPUThread::ReadChannel error: unknown/illegal channel (8 [$SPU_RdDec]).
[E : SPU[38] Thread (_Multistream SPU Thread)[0x00005f98]]: SPUThread::ReadChannel error: unknown/illegal channel (8 [$SPU_RdDec]).
[E : SPU[38] Thread (_Multistream SPU Thread)[0x0000669c]]: SPUThread::ReadChannel error: unknown/illegal channel (8 [$SPU_RdDec]).
[E : SPU[38] Thread (_Multistream SPU Thread)[0x00005f98]]: SPUThread::ReadChannel error: unknown/illegal channel (8 [$SPU_RdDec]).
[E : SPU[38] Thread (_Multistream SPU Thread)[0x0000669c]]: SPUThread::ReadChannel error: unknown/illegal channel (8 [$SPU_RdDec]).
[E : SPU[38] Thread (_Multistream SPU Thread)[0x00005f98]]: SPUThread::ReadChannel error: unknown/illegal channel (8 [$SPU_RdDec]).
[E : SPU[38] Thread (_Multistream SPU Thread)[0x0000669c]]: SPUThread::ReadChannel error: unknown/illegal channel (8 [$SPU_RdDec]).
[E : SPU[38] Thread (_Multistream SPU Thread)[0x00005f98]]: SPUThread::ReadChannel error: unknown/illegal channel (8 [$SPU_RdDec]).
[E : SPU[38] Thread (_Multistream SPU Thread)[0x0000669c]]: SPUThread::ReadChannel error: unknown/illegal channel (8 [$SPU_RdDec]).
[E : SPU[38] Thread (_Multistream SPU Thread)[0x00005f98]]: SPUThread::ReadChannel error: unknown/illegal channel (8 [$SPU_RdDec]).
[E : SPU[38] Thread (_Multistream SPU Thread)[0x0000669c]]: SPUThread::ReadChannel error: unknown/illegal channel (8 [$SPU_RdDec]).
[E : SPU[38] Thread (_Multistream SPU Thread)[0x00005f98]]: SPUThread::ReadChannel error: unknown/illegal channel (8 [$SPU_RdDec]).
[E : SPU[38] Thread (_Multistream SPU Thread)[0x0000669c]]: SPUThread::ReadChannel error: unknown/illegal channel (8 [$SPU_RdDec]).
[E : SPU[38] Thread (_Multistream SPU Thread)[0x00005f98]]: SPUThread::ReadChannel error: unknown/illegal channel (8 [$SPU_RdDec]).
[E : SPU[38] Thread (_Multistream SPU Thread)[0x0000669c]]: SPUThread::ReadChannel error: unknown/illegal channel (8 [$SPU_RdDec]).
[E : SPU[38] Thread (_Multistream SPU Thread)[0x00005f98]]: SPUThread::ReadChannel error: unknown/illegal channel (8 [$SPU_RdDec]).
[E : SPU[38] Thread (_Multistream SPU Thread)[0x0000669c]]: SPUThread::ReadChannel error: unknown/illegal channel (8 [$SPU_RdDec]).
[E : SPU[38] Thread (_Multistream SPU Thread)[0x00005f98]]: SPUThread::ReadChannel error: unknown/illegal channel (8 [$SPU_RdDec]).
[E : SPU[38] Thread (_Multistream SPU Thread)[0x0000669c]]: SPUThread::ReadChannel error: unknown/illegal channel (8 [$SPU_RdDec]).
[E : SPU[38] Thread (_Multistream SPU Thread)[0x00005f98]]: SPUThread::ReadChannel error: unknown/illegal channel (8 [$SPU_RdDec]).
[E : SPU[38] Thread (_Multistream SPU Thread)[0x0000669c]]: SPUThread::ReadChannel error: unknown/illegal channel (8 [$SPU_RdDec]).
[E : SPU[38] Thread (_Multistream SPU Thread)[0x00005f98]]: SPUThread::ReadChannel error: unknown/illegal channel (8 [$SPU_RdDec]).
[E : SPU[38] Thread (_Multistream SPU Thread)[0x0000669c]]: SPUThread::ReadChannel error: unknown/illegal channel (8 [$SPU_RdDec]).
[E : SPU[38] Thread (_Multistream SPU Thread)[0x00005f98]]: SPUThread::ReadChannel error: unknown/illegal channel (8 [$SPU_RdDec]).
[E : SPU[38] Thread (_Multistream SPU Thread)[0x0000669c]]: SPUThread::ReadChannel error: unknown/illegal channel (8 [$SPU_RdDec]).
[E : SPU[38] Thread (_Multistream SPU Thread)[0x00005f98]]: SPUThread::ReadChannel error: unknown/illegal channel (8 [$SPU_RdDec]).
[E : SPU[38] Thread (_Multistream SPU Thread)[0x00005564]]: SPUThread::ReadChannel error: unknown/illegal channel (8 [$SPU_RdDec]).
[W : PPU[33] Thread (ResMan)[0x002be040]]: sys_fs warning: cellFsStat: "/app_home/Game/PS3_GAME/USRDIR/Shaders/fs_splat.fpo" not found.
[W : PPU[33] Thread (ResMan)[0x002be040]]: sys_fs warning: cellFsStat: "/app_home/Game/PS3_GAME/USRDIR/Shaders/fs_water_surface.fpo" not found.
[W : PPU[33] Thread (ResMan)[0x002be040]]: sys_fs warning: cellFsStat: "/app_home/Game/PS3_GAME/USRDIR/Shaders/fs_water_surface_glass.fpo" not found.
[W : PPU[33] Thread (ResMan)[0x002be040]]: sys_fs warning: cellFsStat: "/app_home/Game/PS3_GAME/USRDIR/Shaders/fs_water_surface_replay.fpo" not found.
[W : PPU[33] Thread (ResMan)[0x002be040]]: sys_fs warning: cellFsStat: "/app_home/Game/PS3_GAME/USRDIR/Shaders/fs_blend_noise.fpo" not found.
[W : PPU[33] Thread (ResMan)[0x002be040]]: sys_fs warning: cellFsStat: "/app_home/Game/PS3_GAME/USRDIR/Shaders/fs_bubble.fpo" not found.
[W : PPU[33] Thread (ResMan)[0x002be040]]: sys_fs warning: cellFsStat: "/app_home/Game/PS3_GAME/USRDIR/Shaders/fs_reflection_prepass.fpo" not found.
[W : PPU[33] Thread (ResMan)[0x002be040]]: sys_fs warning: cellFsStat: "/app_home/Game/PS3_GAME/USRDIR/Shaders/fs_slosh_blend.fpo" not found.
[W : PPU[33] Thread (ResMan)[0x002be040]]: sys_fs warning: cellFsStat: "/app_home/Game/PS3_GAME/USRDIR/Shaders/fs_slosh_stencil.fpo" not found.
[W : PPU[33] Thread (ResMan)[0x002be040]]: sys_fs warning: cellFsStat: "/app_home/Game/PS3_GAME/USRDIR/Shaders/fs_slosh_surface.fpo" not found.
[W : PPU[33] Thread (ResMan)[0x002be040]]: sys_fs warning: cellFsStat: "/app_home/Game/PS3_GAME/USRDIR/Shaders/fs_wipe_effect.fpo" not found.
[W : PPU[33] Thread (ResMan)[0x002be040]]: sys_fs warning: cellFsStat: "/app_home/Game/PS3_GAME/USRDIR/Shaders/fs_pencil_effect.fpo" not found.
[W : PPU[33] Thread (ResMan)[0x002be040]]: sys_fs warning: cellFsStat: "/app_home/Game/PS3_GAME/USRDIR/Shaders/fs_splash.fpo" not found.
[W : PPU[33] Thread (ResMan)[0x002be040]]: sys_fs warning: cellFsStat: "/app_home/Game/PS3_GAME/USRDIR/Shaders/fs_surface_noise.fpo" not found.
[W : PPU[1] Thread (CPUThread)[0x0006b820]]: sys_event warning: sys_event_queue_create(equeue_id_addr=0x1008340c, attr_addr=0xd0020a6c, event_queue_key=0x0, size=1)
[W : PPU[1] Thread (CPUThread)[0x0006b820]]: sys_event warning: *** event_queue created [] (protocol=0x2, type=0x1): id = 43
[E : PPU[1] Thread (CPUThread)[0x002df04c]]: cellSpurs error: cellSpursAttachLv2EventQueue(spurs_addr=0x30238c80, queue=0x2b, port_addr=0xd0020a60, isDynamic=1)
[E : PPU[1] Thread (CPUThread)[0x002df010]]: TODO: cellSpursCreateJobChain
[E : PPU[1] Thread (CPUThread)[0x002df01c]]: TODO: cellSpursJobGuardInitialize
[E : PPU[1] Thread (CPUThread)[0x002df058]]: TODO: cellSpursKickJobChain
[W : PPU[1] Thread (CPUThread)[0x002dd004]]: cellGcmSys warning: cellGcmGetTiledPitchSize(size=2048)
[W : PPU[1] Thread (CPUThread)[0x002dd094]]: cellGcmSys warning: cellGcmSetTile(index=10, location=1, offset=6291456, size=524288, pitch=2048, comp=0, base=0, bank=0)
[W : PPU[1] Thread (CPUThread)[0x002dd004]]: cellGcmSys warning: cellGcmGetTiledPitchSize(size=2048)
[W : PPU[1] Thread (CPUThread)[0x002dd094]]: cellGcmSys warning: cellGcmSetTile(index=7, location=0, offset=25690112, size=1048576, pitch=2048, comp=0, base=0, bank=2)
[W : PPU[1] Thread (CPUThread)[0x002dd004]]: cellGcmSys warning: cellGcmGetTiledPitchSize(size=5120)
[W : PPU[1] Thread (CPUThread)[0x002dd094]]: cellGcmSys warning: cellGcmSetTile(index=8, location=1, offset=6815744, size=5570560, pitch=5120, comp=0, base=0, bank=2)
[E : SPU[38] Thread (_Multistream SPU Thread)[0x00005598]]: SPUThread::ReadChannel error: unknown/illegal channel (8 [$SPU_RdDec]).
[E : SPU[38] Thread (_Multistream SPU Thread)[0x0000669c]]: SPUThread::ReadChannel error: unknown/illegal channel (8 [$SPU_RdDec]).
[E : SPU[38] Thread (_Multistream SPU Thread)[0x00005f98]]: SPUThread::ReadChannel error: unknown/illegal channel (8 [$SPU_RdDec]).
[E : SPU[38] Thread (_Multistream SPU Thread)[0x00005564]]: SPUThread::ReadChannel error: unknown/illegal channel (8 [$SPU_RdDec]).
[E : SPU[38] Thread (_Multistream SPU Thread)[0x00005598]]: SPUThread::ReadChannel error: unknown/illegal channel (8 [$SPU_RdDec]).
[E : SPU[38] Thread (_Multistream SPU Thread)[0x0000669c]]: SPUThread::ReadChannel error: unknown/illegal channel (8 [$SPU_RdDec]).
[E : SPU[38] Thread (_Multistream SPU Thread)[0x00005f98]]: SPUThread::ReadChannel error: unknown/illegal channel (8 [$SPU_RdDec]).
[E : SPU[38] Thread (_Multistream SPU Thread)[0x0000669c]]: SPUThread::ReadChannel error: unknown/illegal channel (8 [$SPU_RdDec]).
[E : SPU[38] Thread (_Multistream SPU Thread)[0x00005f98]]: SPUThread::ReadChannel error: unknown/illegal channel (8 [$SPU_RdDec]).
[E : SPU[38] Thread (_Multistream SPU Thread)[0x0000669c]]: SPUThread::ReadChannel error: unknown/illegal channel (8 [$SPU_RdDec]).
[E : SPU[38] Thread (_Multistream SPU Thread)[0x00005f98]]: SPUThread::ReadChannel error: unknown/illegal channel (8 [$SPU_RdDec]).
[E : SPU[38] Thread (_Multistream SPU Thread)[0x0000669c]]: SPUThread::ReadChannel error: unknown/illegal channel (8 [$SPU_RdDec]).
[E : SPU[38] Thread (_Multistream SPU Thread)[0x00005f98]]: SPUThread::ReadChannel error: unknown/illegal channel (8 [$SPU_RdDec]).
[E : SPU[38] Thread (_Multistream SPU Thread)[0x0000669c]]: SPUThread::ReadChannel error: unknown/illegal channel (8 [$SPU_RdDec]).
[E : SPU[38] Thread (_Multistream SPU Thread)[0x00005f98]]: SPUThread::ReadChannel error: unknown/illegal channel (8 [$SPU_RdDec]).
[E : SPU[38] Thread (_Multistream SPU Thread)[0x0000669c]]: SPUThread::ReadChannel error: unknown/illegal channel (8 [$SPU_RdDec]).
[E : SPU[38] Thread (_Multistream SPU Thread)[0x00005f98]]: SPUThread::ReadChannel error: unknown/illegal channel (8 [$SPU_RdDec]).
[E : SPU[38] Thread (_Multistream SPU Thread)[0x0000669c]]: SPUThread::ReadChannel error: unknown/illegal channel (8 [$SPU_RdDec]).
[E : SPU[38] Thread (_Multistream SPU Thread)[0x00005f98]]: SPUThread::ReadChannel error: unknown/illegal channel (8 [$SPU_RdDec]).
[E : SPU[38] Thread (_Multistream SPU Thread)[0x00005564]]: SPUThread::ReadChannel error: unknown/illegal channel (8 [$SPU_RdDec]).
[E : SPU[38] Thread (_Multistream SPU Thread)[0x00005598]]: SPUThread::ReadChannel error: unknown/illegal channel (8 [$SPU_RdDec]).
[E : SPU[38] Thread (_Multistream SPU Thread)[0x0000669c]]: SPUThread::ReadChannel error: unknown/illegal channel (8 [$SPU_RdDec]).
[E : PPU[42] Thread (MultiStream PU Thread)[0x00010880]]: sys_event error: sys_event_queue_tryreceive(equeue_id=40, event_array_addr=0xd0060db8, size=1, number_addr=0xd0060db0)
[W : PPU[42] Thread (MultiStream PU Thread)[0x00247a3c]]: sys_spu warning: sys_spu_thread_write_spu_mb(id=38, value=0x100e9b00)
[E : SPU[38] Thread (_Multistream SPU Thread)[0x00005f98]]: SPUThread::ReadChannel error: unknown/illegal channel (8 [$SPU_RdDec]).
[E : SPU[38] Thread (_Multistream SPU Thread)[0x0000669c]]: SPUThread::ReadChannel error: unknown/illegal channel (8 [$SPU_RdDec]).
[E : SPU[38] Thread (_Multistream SPU Thread)[0x00005f98]]: SPUThread::ReadChannel error: unknown/illegal channel (8 [$SPU_RdDec]).
[E : SPU[38] Thread (_Multistream SPU Thread)[0x0000669c]]: SPUThread::ReadChannel error: unknown/illegal channel (8 [$SPU_RdDec]).
[E : SPU[38] Thread (_Multistream SPU Thread)[0x00005f98]]: SPUThread::ReadChannel error: unknown/illegal channel (8 [$SPU_RdDec]).
[E : SPU[38] Thread (_Multistream SPU Thread)[0x0000669c]]: SPUThread::ReadChannel error: unknown/illegal channel (8 [$SPU_RdDec]).
[E : SPU[38] Thread (_Multistream SPU Thread)[0x00005f98]]: SPUThread::ReadChannel error: unknown/illegal channel (8 [$SPU_RdDec]).
[E : SPU[38] Thread (_Multistream SPU Thread)[0x0000669c]]: SPUThread::ReadChannel error: unknown/illegal channel (8 [$SPU_RdDec]).
[E : SPU[38] Thread (_Multistream SPU Thread)[0x00005f98]]: SPUThread::ReadChannel error: unknown/illegal channel (8 [$SPU_RdDec]).
[E : SPU[38] Thread (_Multistream SPU Thread)[0x0000669c]]: SPUThread::ReadChannel error: unknown/illegal channel (8 [$SPU_RdDec]).
[E : SPU[38] Thread (_Multistream SPU Thread)[0x00005f98]]: SPUThread::ReadChannel error: unknown/illegal channel (8 [$SPU_RdDec]).
[E : SPU[38] Thread (_Multistream SPU Thread)[0x0000669c]]: SPUThread::ReadChannel error: unknown/illegal channel (8 [$SPU_RdDec]).
[E : SPU[38] Thread (_Multistream SPU Thread)[0x00005f98]]: SPUThread::ReadChannel error: unknown/illegal channel (8 [$SPU_RdDec]).
[E : SPU[38] Thread (_Multistream SPU Thread)[0x0000669c]]: SPUThread::ReadChannel error: unknown/illegal channel (8 [$SPU_RdDec]).
[E : SPU[38] Thread (_Multistream SPU Thread)[0x00005f98]]: SPUThread::ReadChannel error: unknown/illegal channel (8 [$SPU_RdDec]).
[E : SPU[38] Thread (_Multistream SPU Thread)[0x0000669c]]: SPUThread::ReadChannel error: unknown/illegal channel (8 [$SPU_RdDec]).
[E : SPU[38] Thread (_Multistream SPU Thread)[0x00005f98]]: SPUThread::ReadChannel error: unknown/illegal channel (8 [$SPU_RdDec]).
[E : SPU[38] Thread (_Multistream SPU Thread)[0x0000669c]]: SPUThread::ReadChannel error: unknown/illegal channel (8 [$SPU_RdDec]).
[E : SPU[38] Thread (_Multistream SPU Thread)[0x00005f98]]: SPUThread::ReadChannel error: unknown/illegal channel (8 [$SPU_RdDec]).
[E : SPU[38] Thread (_Multistream SPU Thread)[0x0000669c]]: SPUThread::ReadChannel error: unknown/illegal channel (8 [$SPU_RdDec]).
[E : SPU[38] Thread (_Multistream SPU Thread)[0x00005f98]]: SPUThread::ReadChannel error: unknown/illegal channel (8 [$SPU_RdDec]).
[E : SPU[38] Thread (_Multistream SPU Thread)[0x0000669c]]: SPUThread::ReadChannel error: unknown/illegal channel (8 [$SPU_RdDec]).
[E : SPU[38] Thread (_Multistream SPU Thread)[0x00005f98]]: SPUThread::ReadChannel error: unknown/illegal channel (8 [$SPU_RdDec]).
[E : SPU[38] Thread (_Multistream SPU Thread)[0x0000669c]]: SPUThread::ReadChannel error: unknown/illegal channel (8 [$SPU_RdDec]).
[E : SPU[38] Thread (_Multistream SPU Thread)[0x00005f98]]: SPUThread::ReadChannel error: unknown/illegal channel (8 [$SPU_RdDec]).
[E : SPU[38] Thread (_Multistream SPU Thread)[0x0000669c]]: SPUThread::ReadChannel error: unknown/illegal channel (8 [$SPU_RdDec]).
[E : SPU[38] Thread (_Multistream SPU Thread)[0x00005f98]]: SPUThread::ReadChannel error: unknown/illegal channel (8 [$SPU_RdDec]).
[E : SPU[38] Thread (_Multistream SPU Thread)[0x0000669c]]: SPUThread::ReadChannel error: unknown/illegal channel (8 [$SPU_RdDec]).
[E : SPU[38] Thread (_Multistream SPU Thread)[0x00005f98]]: SPUThread::ReadChannel error: unknown/illegal channel (8 [$SPU_RdDec]).
[E : SPU[38] Thread (_Multistream SPU Thread)[0x0000669c]]: SPUThread::ReadChannel error: unknown/illegal channel (8 [$SPU_RdDec]).
[E : SPU[38] Thread (_Multistream SPU Thread)[0x00005f98]]: SPUThread::ReadChannel error: unknown/illegal channel (8 [$SPU_RdDec]).
[E : SPU[38] Thread (_Multistream SPU Thread)[0x0000669c]]: SPUThread::ReadChannel error: unknown/illegal channel (8 [$SPU_RdDec]).
[E : SPU[38] Thread (_Multistream SPU Thread)[0x00005f98]]: SPUThread::ReadChannel error: unknown/illegal channel (8 [$SPU_RdDec]).
[E : SPU[38] Thread (_Multistream SPU Thread)[0x0000669c]]: SPUThread::ReadChannel error: unknown/illegal channel (8 [$SPU_RdDec]).
[E : SPU[38] Thread (_Multistream SPU Thread)[0x00005f98]]: SPUThread::ReadChannel error: unknown/illegal channel (8 [$SPU_RdDec]).
[E : SPU[38] Thread (_Multistream SPU Thread)[0x0000669c]]: SPUThread::ReadChannel error: unknown/illegal channel (8 [$SPU_RdDec]).
[E : SPU[38] Thread (_Multistream SPU Thread)[0x00005f98]]: SPUThread::ReadChannel error: unknown/illegal channel (8 [$SPU_RdDec]).
[E : SPU[38] Thread (_Multistream SPU Thread)[0x0000669c]]: SPUThread::ReadChannel error: unknown/illegal channel (8 [$SPU_RdDec]).
[E : SPU[38] Thread (_Multistream SPU Thread)[0x00005f98]]: SPUThread::ReadChannel error: unknown/illegal channel (8 [$SPU_RdDec]).
[E : SPU[38] Thread (_Multistream SPU Thread)[0x0000669c]]: SPUThread::ReadChannel error: unknown/illegal channel (8 [$SPU_RdDec]).
[E : SPU[38] Thread (_Multistream SPU Thread)[0x00005f98]]: SPUThread::ReadChannel error: unknown/illegal channel (8 [$SPU_RdDec]).
[E : SPU[38] Thread (_Multistream SPU Thread)[0x0000669c]]: SPUThread::ReadChannel error: unknown/illegal channel (8 [$SPU_RdDec]).
[E : SPU[38] Thread (_Multistream SPU Thread)[0x00005f98]]: SPUThread::ReadChannel error: unknown/illegal channel (8 [$SPU_RdDec]).
[E : SPU[38] Thread (_Multistream SPU Thread)[0x0000669c]]: SPUThread::ReadChannel error: unknown/illegal channel (8 [$SPU_RdDec]).
[E : SPU[38] Thread (_Multistream SPU Thread)[0x00005f98]]: SPUThread::ReadChannel error: unknown/illegal channel (8 [$SPU_RdDec]).
[E : SPU[38] Thread (_Multistream SPU Thread)[0x0000669c]]: SPUThread::ReadChannel error: unknown/illegal channel (8 [$SPU_RdDec]).
[E : SPU[38] Thread (_Multistream SPU Thread)[0x00005f98]]: SPUThread::ReadChannel error: unknown/illegal channel (8 [$SPU_RdDec]).
[E : SPU[38] Thread (_Multistream SPU Thread)[0x00005564]]: SPUThread::ReadChannel error: unknown/illegal channel (8 [$SPU_RdDec]).
[W : PPU[1] Thread (CPUThread)[0x002dd004]]: cellGcmSys warning: cellGcmGetTiledPitchSize(size=5120)
[W : PPU[1] Thread (CPUThread)[0x002dd094]]: cellGcmSys warning: cellGcmSetTile(index=9, location=1, offset=12386304, size=5570560, pitch=5120, comp=0, base=0, bank=2)
[W : PPU[1] Thread (CPUThread)[0x002dd004]]: cellGcmSys warning: cellGcmGetTiledPitchSize(size=4096)
[W : PPU[1] Thread (CPUThread)[0x002dd004]]: cellGcmSys warning: cellGcmGetTiledPitchSize(size=2048)
[W : PPU[1] Thread (CPUThread)[0x002dd094]]: cellGcmSys warning: cellGcmSetTile(index=4, location=0, offset=26738688, size=1048576, pitch=4096, comp=0, base=0, bank=1)
[W : PPU[1] Thread (CPUThread)[0x002dd094]]: cellGcmSys warning: cellGcmSetTile(index=5, location=0, offset=27787264, size=524288, pitch=2048, comp=0, base=0, bank=0)
[W : PPU[1] Thread (CPUThread)[0x000680e0]]: sys_event warning: sys_event_queue_create(equeue_id_addr=0x302f2cd0, attr_addr=0xd00209b8, event_queue_key=0x0, size=1)
[W : PPU[1] Thread (CPUThread)[0x000680e0]]: sys_event warning: *** event_queue created [] (protocol=0x2, type=0x1): id = 44
[E : PPU[1] Thread (CPUThread)[0x002df04c]]: cellSpurs error: cellSpursAttachLv2EventQueue(spurs_addr=0x30238c80, queue=0x2c, port_addr=0x302f2cdc, isDynamic=1)
[E : PPU[1] Thread (CPUThread)[0x002df010]]: TODO: cellSpursCreateJobChain
[E : PPU[1] Thread (CPUThread)[0x002df01c]]: TODO: cellSpursJobGuardInitialize
[E : PPU[1] Thread (CPUThread)[0x0023be60]]: Read32 from null block: [00000000]
[! : RSXThread]: RSX thread exit...
[W : Audio Thread]: Audio aborted
[W : PPU[33] Thread (ResMan)[0x00045534]]: sys_event_queue_receive(equeue=32) aborted
[W : PPU[30] Thread (spu_printf_handler)[0x0013fc24]]: sys_event_queue_receive(equeue=29) aborted
[W : PPU[42] Thread (MultiStream PU Thread)[0x00247a64]]: sys_event_queue_receive(equeue=36) aborted
[!]: Closing memory...
