[!]: path: /dev_hdd0/game/
[!]: Loading 'D:\Emulateur\Rpcs3\dev_hdd0\game\NPEA00289-[Sound Shapes_]/USRDIR/BOOT.BIN'...
[!]: Mount info:
[!]: /dev_hdd0/ -> D:\Emulateur\Rpcs3\dev_hdd0\
[!]: /dev_hdd1/ -> D:\Emulateur\Rpcs3\dev_hdd1\
[!]: /dev_flash/ -> D:\Emulateur\Rpcs3\dev_flash\
[!]: /dev_usb000/ -> D:\Emulateur\Rpcs3\dev_usb000\
[!]: /dev_usb/ -> D:\Emulateur\Rpcs3\dev_usb000\
[!]: /app_home/ -> D:\Emulateur\Rpcs3\dev_hdd0\game\NPEA00289-[Sound Shapes_]/
[!]: /dev_bdvd/ -> D:\Emulateur\Rpcs3\dev_hdd0\game\NPEA00289-[Sound Shapes_]/\..\
[!]: /host_root/ -> 
[!]: / -> D:\Emulateur\Rpcs3\dev_hdd0\game\NPEA00289-[Sound Shapes_]/\USRDIR\
[!]: Initing memory...
[!]: Memory initialized.
[W]: Unknown function 0x16394a4e in 'cellSpurs' module
[E]: TODO: _cellSpursTasksetAttributeInitialize
[W]: Unknown function 0x1ebcf459 in 'cellSpurs' module
[E]: TODO: cellSpursDestroyTaskset2
[W]: Unknown function 0x22aab31d in 'cellSpurs' module
[E]: TODO: cellSpursEventFlagDetachLv2EventQueue
[W]: Unknown function 0x4ac7bae4 in 'cellSpurs' module
[E]: TODO: cellSpursEventFlagClear
[W]: Unknown function 0x5ef96465 in 'cellSpurs' module
[E]: TODO: _cellSpursEventFlagInitialize
[W]: Unknown function 0x652b70e2 in 'cellSpurs' module
[E]: TODO: cellSpursTasksetAttributeSetName
[W]: Unknown function 0x87630976 in 'cellSpurs' module
[E]: TODO: cellSpursEventFlagAttachLv2EventQueue
[W]: Unknown function 0x9f72add3 in 'cellSpurs' module
[E]: TODO: cellSpursJoinTaskset
[W]: Unknown function 0xa789e631 in 'cellSpurs' module
[E]: TODO: cellSpursShutdownTaskset
[W]: Unknown function 0xa7a94892 in 'cellSpurs' module
[E]: TODO: cellSpursJoinTask2
[W]: Unknown function 0xacfc8dbc in 'cellSpurs' module
[E]: TODO: cellSpursInitialize
[W]: Unknown function 0xc10931cb in 'cellSpurs' module
[E]: TODO: cellSpursCreateTasksetWithAttribute
[W]: Unknown function 0xe14ca62d in 'cellSpurs' module
[E]: TODO: cellSpursCreateTask2
[W]: Unknown function 0x011ee38b in 'cellSpurs' module
[E]: TODO: _cellSpursLFQueueInitialize
[W]: Unknown function 0x1656d49f in 'cellSpurs' module
[E]: TODO: cellSpursLFQueueAttachLv2EventQueue
[W]: Unknown function 0x373523d4 in 'cellSpurs' module
[E]: TODO: cellSpursEventFlagWait
[W]: Unknown function 0x73e06f91 in 'cellSpurs' module
[E]: TODO: cellSpursLFQueueDetachLv2EventQueue
[W]: Unknown function 0x8a85674d in 'cellSpurs' module
[E]: TODO: _cellSpursLFQueuePushBody
[W]: Unknown function 0xbeb600ac in 'cellSpurs' module
[E]: TODO: cellSpursCreateTask
[W]: Unknown function 0xf5507729 in 'cellSpurs' module
[E]: TODO: cellSpursEventFlagSet
[W]: Unknown function 0x6d3bb15b in 'sys_fs' module
[E]: TODO: cellFsSdataOpenByFd
[W]: Unknown function 0x967a162b in 'sys_fs' module
[E]: TODO: cellFsFsync
[W]: Unknown function 0x28e208bb in 'sys_net' module
[E]: TODO: listen
[W]: Unknown function 0x3f09e20a in 'sys_net' module
[E]: TODO: socketselect
[W]: Unknown function 0x71f4c717 in 'sys_net' module
[E]: TODO: gethostbyname
[W]: Unknown function 0xdabbc2c0 in 'sys_net' module
[E]: TODO: inet_addr
[W]: Unknown function 0x2763fd66 in 'cellHttpUtil' module
[E]: TODO: cellHttpUtilUnescapeUri
[W]: Unknown function 0x32faaf58 in 'cellHttpUtil' module
[E]: TODO: cellHttpUtilParseUri
[W]: Unknown function 0x9003b1f2 in 'cellHttpUtil' module
[E]: TODO: cellHttpUtilEscapeUri
[W]: Unknown module 'cellHttp'
[W]: Unknown function 0x1650aea4 in 'cellSsl' module
[E]: TODO: cellSslEnd
[W]: Unknown function 0x571afaca in 'cellSsl' module
[E]: TODO: cellSslCertificateLoader
[W]: Unknown function 0xfb02c9d2 in 'cellSsl' module
[E]: TODO: cellSslInit
[W]: Unknown function 0x35beade0 in 'cellSysutil' module
[E]: TODO: cellOskDialogGetSize
[W]: Unknown function 0x3d1e1931 in 'cellSysutil' module
[E]: TODO: cellOskDialogUnloadAsync
[W]: Unknown function 0x7f21c918 in 'cellSysutil' module
[E]: TODO: cellOskDialogAddSupportLanguage
[W]: Unknown function 0x7fcfc915 in 'cellSysutil' module
[E]: TODO: cellOskDialogLoadAsync
[W]: Unknown function 0x8b7ed64b in 'cellSysutil' module
[E]: TODO: cellSaveDataAutoSave2
[W]: Unknown function 0xb53c54fa in 'cellSysutil' module
[E]: TODO: cellOskDialogSetKeyLayoutOption
[W]: Unknown function 0xc427890c in 'cellSysutil' module
[E]: TODO: cellOskDialogSetInitialKeyLayout
[W]: Unknown function 0xf0ec3ccc in 'cellSysutil' module
[E]: TODO: cellOskDialogSetLayoutMode
[W]: Unknown function 0xfbd5c856 in 'cellSysutil' module
[E]: TODO: cellSaveDataAutoLoad2
[W]: Unknown function 0xa11552f6 in 'cellSysutil' module
[E]: TODO: cellSysutilGetBgmPlaybackStatus
[W]: Unknown module 'cellSaveData'
[W]: Unknown module 'cellOskExtUtility'
[W]: Unknown module 'cellSysutilAvconfExt'
[W]: Unknown function 0x04372385 in 'sceNp' module
[E]: TODO: sceNpBasicGetFriendListEntry
[W]: Unknown function 0x0968aa36 in 'sceNp' module
[E]: TODO: sceNpManagerGetTicket
[W]: Unknown function 0x4885aa18 in 'sceNp' module
[E]: TODO: sceNpTerm
[W]: Unknown function 0x52a6b523 in 'sceNp' module
[E]: TODO: sceNpManagerUnregisterCallback
[W]: Unknown function 0x6ee62ed2 in 'sceNp' module
[E]: TODO: sceNpManagerGetContentRatingFlag
[W]: Unknown function 0x8297f1ec in 'sceNp' module
[E]: TODO: sceNpManagerRequestTicket2
[W]: Unknown function 0xad218faf in 'sceNp' module
[E]: TODO: sceNpDrmIsAvailable
[W]: Unknown function 0xafef640d in 'sceNp' module
[E]: TODO: sceNpBasicGetFriendListEntryCount
[W]: Unknown function 0xb1e0718b in 'sceNp' module
[E]: TODO: sceNpManagerGetAccountRegion
[W]: Unknown function 0xbd28fdbf in 'sceNp' module
[E]: TODO: sceNpInit
[W]: Unknown function 0xbe07c708 in 'sceNp' module
[E]: TODO: sceNpManagerGetOnlineId
[W]: Unknown function 0xe7dcd3b4 in 'sceNp' module
[E]: TODO: sceNpManagerRegisterCallback
[W]: Unknown function 0xeb7a3d84 in 'sceNp' module
[E]: TODO: sceNpManagerGetChatRestrictionFlag
[W]: Unknown function 0xf042b14f in 'sceNp' module
[E]: TODO: sceNpDrmIsAvailable2
[W]: Unknown function 0xfe37a7f4 in 'sceNp' module
[E]: TODO: sceNpManagerGetNpId
[W]: Unknown module 'sceNpCommerce2'
[W]: Unknown function 0x0582338a in 'cellSpursJq' module
[E]: TODO: cellSpursJobQueueAttributeSetDoBusyWaiting
[W]: Unknown function 0x0f03f712 in 'cellSpursJq' module
[E]: TODO: cellSpursJobQueueAttributeSetSubmitWithEntryLock
[W]: Unknown function 0x1686957e in 'cellSpursJq' module
[E]: TODO: cellSpursJobQueueAttributeSetMaxSizeJobDescriptor
[W]: Unknown function 0x29c2acc5 in 'cellSpursJq' module
[E]: TODO: cellSpursJobQueueClose
[W]: Unknown function 0x36d0a53c in 'cellSpursJq' module
[E]: TODO: _cellSpursJobQueuePushJob2Body
[W]: Unknown function 0x43ddab4f in 'cellSpursJq' module
[E]: TODO: cellSpursJobQueueAttributeInitialize
[W]: Unknown function 0x677027af in 'cellSpursJq' module
[E]: TODO: cellSpursJobQueueSemaphoreInitialize
[W]: Unknown function 0x6c93ea18 in 'cellSpursJq' module
[E]: TODO: cellSpursJobQueueSemaphoreAcquire
[W]: Unknown function 0x742cec0d in 'cellSpursJq' module
[E]: TODO: cellSpursJobQueueAttributeSetIsJobTypeMemoryCheck
[W]: Unknown function 0x8c97a96c in 'cellSpursJq' module
[E]: TODO: cellSpursShutdownJobQueue
[W]: Unknown function 0x8ce4cffa in 'cellSpursJq' module
[E]: TODO: cellSpursJoinJobQueue
[W]: Unknown function 0xe70f874e in 'cellSpursJq' module
[E]: TODO: cellSpursJobQueueAttributeSetGrabParameters
[W]: Unknown function 0xf244e799 in 'cellSpursJq' module
[E]: TODO: _cellSpursCreateJobQueue
[W]: Unknown function 0xff03cc79 in 'cellSpursJq' module
[E]: TODO: cellSpursJobQueueAttributeSetIsHaltOnError
[W]: Unknown function 0xff7a7bd2 in 'cellSpursJq' module
[E]: TODO: cellSpursJobQueueOpen
[W]: Unknown function 0x0c44f441 in 'cellFiber' module
[E]: TODO: cellFiberPpuYield
[W]: Unknown function 0x12b1acf0 in 'cellFiber' module
[E]: TODO: cellFiberPpuRunFibers
[W]: Unknown function 0x6c164b3b in 'cellFiber' module
[E]: TODO: cellFiberPpuWaitSignal
[W]: Unknown function 0x7c2f4034 in 'cellFiber' module
[E]: TODO: cellFiberPpuCreateFiber
[W]: Unknown function 0x8afb8356 in 'cellFiber' module
[E]: TODO: cellFiberPpuSendSignal
[W]: Unknown function 0x9e25c72d in 'cellFiber' module
[E]: TODO: _cellFiberPpuSchedulerAttributeInitialize
[W]: Unknown function 0xa6004249 in 'cellFiber' module
[E]: TODO: cellFiberPpuJoinFiber
[W]: Unknown function 0xc11f8056 in 'cellFiber' module
[E]: TODO: _cellFiberPpuAttributeInitialize
[W]: Unknown function 0xe492a675 in 'cellFiber' module
[E]: TODO: cellFiberPpuHasRunnableFiber
[W]: Unknown function 0xee3b604d in 'cellFiber' module
[E]: TODO: cellFiberPpuInitializeScheduler
[W]: Unknown function 0x55870804 in 'cellFiber' module
[E]: TODO: _cellFiberPpuInitialize
[W]: Unknown function 0x05709bbf in 'cellMic' module
[E]: TODO: cellMicOpenEx
[W]: Unknown function 0x07e1b12c in 'cellMic' module
[E]: TODO: cellMicRead
[W]: Unknown function 0x1b42101b in 'cellMic' module
[E]: TODO: cellMicIsAttached
[W]: Unknown function 0x7903400e in 'cellMic' module
[E]: TODO: cellMicSetNotifyEventQueue
[W]: Unknown function 0x8d229f8e in 'cellMic' module
[E]: TODO: cellMicClose
[W]: Unknown function 0xdd724314 in 'cellMic' module
[E]: TODO: cellMicStart
[W]: Unknown function 0xfcfaf246 in 'cellMic' module
[E]: TODO: cellMicStop
[W]: Unknown function 0x26090058 in 'sysPrxForUser' module
[E]: TODO: sys_prx_load_module
[W]: Unknown function 0xa330ad84 in 'sysPrxForUser' module
[E]: TODO: sys_prx_load_module_on_memcontainer_by_fd
[W]: Unknown function 0xaa6d9bff in 'sysPrxForUser' module
[E]: TODO: sys_prx_load_module_on_memcontainer
[W]: Unknown function 0xdd3b27ac in 'sysPrxForUser' module
[E]: TODO: _sys_spu_printf_finalize
[W]: Unknown function 0xef68c17c in 'sysPrxForUser' module
[E]: TODO: sys_prx_load_module_by_fd
[W : PPU[1] Thread (CPUThread)[0x00afe058]]: sys_lwmutex warning: *** lwmutex created [_lc_mtx] (attribute=0x12): sq_id = 3
[W : PPU[1] Thread (CPUThread)[0x002c0884]]: memory warning: sys_memory_get_user_memory_size(mem_info_addr=0xd0020c04)
[W : PPU[1] Thread (CPUThread)[0x00afe058]]: sys_lwmutex warning: *** lwmutex created [_lc_mtx] (attribute=0x12): sq_id = 4
[W : PPU[1] Thread (CPUThread)[0x00afe058]]: sys_lwmutex warning: *** lwmutex created [_lc_mtx] (attribute=0x12): sq_id = 5
[W : PPU[1] Thread (CPUThread)[0x00afe058]]: sys_lwmutex warning: *** lwmutex created [_lc_mtx] (attribute=0x12): sq_id = 6
[W : PPU[1] Thread (CPUThread)[0x00afe058]]: sys_lwmutex warning: *** lwmutex created [_lc_mtx] (attribute=0x12): sq_id = 7
[W : PPU[1] Thread (CPUThread)[0x00afe058]]: sys_lwmutex warning: *** lwmutex created [_lc_mtx] (attribute=0x12): sq_id = 8
[W : PPU[1] Thread (CPUThread)[0x00afe058]]: sys_lwmutex warning: *** lwmutex created [_lc_mtx] (attribute=0x12): sq_id = 9
[W : PPU[1] Thread (CPUThread)[0x00afe058]]: sys_lwmutex warning: *** lwmutex created [_lc_mtx] (attribute=0x12): sq_id = 10
[W : PPU[1] Thread (CPUThread)[0x00afe058]]: sys_lwmutex warning: *** lwmutex created [_lc_mtx] (attribute=0x12): sq_id = 11
[W : PPU[1] Thread (CPUThread)[0x00afe058]]: sys_lwmutex warning: *** lwmutex created [_lc_mtx] (attribute=0x12): sq_id = 12
[W : PPU[1] Thread (CPUThread)[0x00afe058]]: sys_lwmutex warning: *** lwmutex created [_lc_mtx] (attribute=0x12): sq_id = 13
[W : PPU[1] Thread (CPUThread)[0x00afe058]]: sys_lwmutex warning: *** lwmutex created [_lc_mtx] (attribute=0x12): sq_id = 14
[W : PPU[1] Thread (CPUThread)[0x00afe058]]: sys_lwmutex warning: *** lwmutex created [_lc_mtx] (attribute=0x12): sq_id = 15
[W : PPU[1] Thread (CPUThread)[0x00afe058]]: sys_lwmutex warning: *** lwmutex created [_lc_mtx] (attribute=0x12): sq_id = 16
[W : PPU[1] Thread (CPUThread)[0x00afe058]]: sys_lwmutex warning: *** lwmutex created [_lc_mtx] (attribute=0x12): sq_id = 17
[W : PPU[1] Thread (CPUThread)[0x00afe058]]: sys_lwmutex warning: *** lwmutex created [_lc_mtx] (attribute=0x12): sq_id = 18
[W : PPU[1] Thread (CPUThread)[0x00afe058]]: sys_lwmutex warning: *** lwmutex created [_lc_mtx] (attribute=0x12): sq_id = 19
[W : PPU[1] Thread (CPUThread)[0x00afe058]]: sys_lwmutex warning: *** lwmutex created [_lc_mtx] (attribute=0x12): sq_id = 20
[W : PPU[1] Thread (CPUThread)[0x00afe058]]: sys_lwmutex warning: *** lwmutex created [_lc_mtx] (attribute=0x12): sq_id = 21
[W : PPU[1] Thread (CPUThread)[0x00afe058]]: sys_lwmutex warning: *** lwmutex created [_lc_mtx] (attribute=0x12): sq_id = 22
[W : PPU[1] Thread (CPUThread)[0x00afe058]]: sys_lwmutex warning: *** lwmutex created [_lc_mtx] (attribute=0x12): sq_id = 23
[W : PPU[1] Thread (CPUThread)[0x00afe058]]: sys_lwmutex warning: *** lwmutex created [_lc_mtx] (attribute=0x12): sq_id = 24
[W : PPU[1] Thread (CPUThread)[0x00afe058]]: sys_lwmutex warning: *** lwmutex created [] (attribute=0x22): sq_id = 25
[W : PPU[1] Thread (CPUThread)[0x00afe058]]: sys_lwmutex warning: *** lwmutex created [] (attribute=0x22): sq_id = 26
[W : PPU[1] Thread (CPUThread)[0x00afe058]]: sys_lwmutex warning: *** lwmutex created [] (attribute=0x22): sq_id = 27
[W : PPU[1] Thread (CPUThread)[0x00afe058]]: sys_lwmutex warning: *** lwmutex created [] (attribute=0x22): sq_id = 28
[W : PPU[1] Thread (CPUThread)[0x002b0fcc]]: cellSysutil warning: cellSysutilGetSystemParamInt: CELL_SYSUTIL_SYSTEMPARAM_ID_TIMEZONE
[W : PPU[1] Thread (CPUThread)[0x002b0fcc]]: cellSysutil warning: cellSysutilGetSystemParamInt: CELL_SYSUTIL_SYSTEMPARAM_ID_SUMMERTIME
[W : PPU[1] Thread (CPUThread)[0x002b8ac8]]: cellSysutil warning: cellSysutilGetSystemParamInt: CELL_SYSUTIL_SYSTEMPARAM_ID_TIMEZONE
[W : PPU[1] Thread (CPUThread)[0x002b8ac8]]: cellSysutil warning: cellSysutilGetSystemParamInt: CELL_SYSUTIL_SYSTEMPARAM_ID_SUMMERTIME
[W : PPU[1] Thread (CPUThread)[0x002b2a3c]]: cellSysutil warning: cellSysutilGetSystemParamInt: CELL_SYSUTIL_SYSTEMPARAM_ID_TIMEZONE
[W : PPU[1] Thread (CPUThread)[0x002b2a3c]]: cellSysutil warning: cellSysutilGetSystemParamInt: CELL_SYSUTIL_SYSTEMPARAM_ID_SUMMERTIME
[W : PPU[1] Thread (CPUThread)[0x002b8ac8]]: cellSysutil warning: cellSysutilGetSystemParamInt: CELL_SYSUTIL_SYSTEMPARAM_ID_TIMEZONE
[W : PPU[1] Thread (CPUThread)[0x002b8ac8]]: cellSysutil warning: cellSysutilGetSystemParamInt: CELL_SYSUTIL_SYSTEMPARAM_ID_SUMMERTIME
[W : PPU[1] Thread (CPUThread)[0x002b0f50]]: cellSysutil warning: cellSysutilGetSystemParamInt: CELL_SYSUTIL_SYSTEMPARAM_ID_TIMEZONE
[W : PPU[1] Thread (CPUThread)[0x002b0f50]]: cellSysutil warning: cellSysutilGetSystemParamInt: CELL_SYSUTIL_SYSTEMPARAM_ID_SUMMERTIME
[W : PPU[1] Thread (CPUThread)[0x002b2a3c]]: cellSysutil warning: cellSysutilGetSystemParamInt: CELL_SYSUTIL_SYSTEMPARAM_ID_TIMEZONE
[W : PPU[1] Thread (CPUThread)[0x002b2a3c]]: cellSysutil warning: cellSysutilGetSystemParamInt: CELL_SYSUTIL_SYSTEMPARAM_ID_SUMMERTIME
[W : PPU[1] Thread (CPUThread)[0x00afe058]]: sys_lwmutex warning: *** lwmutex created [ps3HDDL] (attribute=0x12): sq_id = 29
[W : PPU[1] Thread (CPUThread)[0x00afe058]]: sys_lwmutex warning: *** lwmutex created [_lc_mtx] (attribute=0x12): sq_id = 30
[W : PPU[1] Thread (CPUThread)[0x00afe100]]: sys_lwmutex warning: sys_lwmutex_destroy(lwmutex_addr=0x4f4e50)
[W : PPU[1] Thread (CPUThread)[0x00afe058]]: sys_lwmutex warning: *** lwmutex created [_lc_mtx] (attribute=0x12): sq_id = 31
[W : PPU[1] Thread (CPUThread)[0x00afe100]]: sys_lwmutex warning: sys_lwmutex_destroy(lwmutex_addr=0x4f4e50)
[W : PPU[1] Thread (CPUThread)[0x00afe058]]: sys_lwmutex warning: *** lwmutex created [_lc_mtx] (attribute=0x12): sq_id = 32
[W : PPU[1] Thread (CPUThread)[0x00afe100]]: sys_lwmutex warning: sys_lwmutex_destroy(lwmutex_addr=0x4f4e50)
[W : PPU[1] Thread (CPUThread)[0x00afe058]]: sys_lwmutex warning: *** lwmutex created [_lc_mtx] (attribute=0x12): sq_id = 33
[W : PPU[1] Thread (CPUThread)[0x00afe100]]: sys_lwmutex warning: sys_lwmutex_destroy(lwmutex_addr=0x4f4e50)
[W : PPU[1] Thread (CPUThread)[0x00afe058]]: sys_lwmutex warning: *** lwmutex created [_lc_mtx] (attribute=0x12): sq_id = 34
[W : PPU[1] Thread (CPUThread)[0x00afe100]]: sys_lwmutex warning: sys_lwmutex_destroy(lwmutex_addr=0x4f4e50)
[W : PPU[1] Thread (CPUThread)[0x00afe058]]: sys_lwmutex warning: *** lwmutex created [_lc_mtx] (attribute=0x12): sq_id = 35
[W : PPU[1] Thread (CPUThread)[0x00afe100]]: sys_lwmutex warning: sys_lwmutex_destroy(lwmutex_addr=0x4f4e50)
[W : PPU[1] Thread (CPUThread)[0x00171998]]: memory warning: sys_memory_get_user_memory_size(mem_info_addr=0xd001fac0)
[W : PPU[1] Thread (CPUThread)[0x00afe058]]: sys_lwmutex warning: *** lwmutex created [_lc_mtx] (attribute=0x12): sq_id = 36
[W : PPU[1] Thread (CPUThread)[0x00afe100]]: sys_lwmutex warning: sys_lwmutex_destroy(lwmutex_addr=0x4f4e50)
[W : PPU[1] Thread (CPUThread)[0x00ae6094]]: cellSysutil warning: cellSysutilRegisterCallback(slot=0, func_addr=0x409a40, userdata=0x0)
[W : PPU[1] Thread (CPUThread)[0x00171d34]]: memory warning: sys_memory_container_create(cid_addr=0xa79fa4, yield_size=0xa00000)
[W : PPU[1] Thread (CPUThread)[0x00171d34]]: memory warning: *** memory_container created(addr=0x36700000): id = 37
[W : PPU[1] Thread (CPUThread)[0x00ae6040]]: cellSysutil warning: cellSysutilGetSystemParamInt: CELL_SYSUTIL_SYSTEMPARAM_ID_LANG
[W : PPU[1] Thread (CPUThread)[0x00ae6040]]: cellSysutil warning: cellSysutilGetSystemParamInt: CELL_SYSUTIL_SYSTEMPARAM_ID_ENTER_BUTTON_ASSIGN
[E : PPU[1] Thread (CPUThread)[0x00ad207c]]: TODO: cellSpursInitialize
[W : PPU[1] Thread (CPUThread)[0x00ae401c]]: cellSysmodule warning: cellSysmoduleIsLoaded(CELL_SYSMODULE_FS)
[W : PPU[1] Thread (CPUThread)[0x00ae4010]]: cellSysmodule warning: cellSysmoduleLoadModule(CELL_SYSMODULE_FS)
[W : PPU[1] Thread (CPUThread)[0x00ae401c]]: cellSysmodule warning: cellSysmoduleIsLoaded(CELL_SYSMODULE_SYSUTIL_GAME)
[W : PPU[1] Thread (CPUThread)[0x00ae4010]]: cellSysmodule warning: cellSysmoduleLoadModule(CELL_SYSMODULE_SYSUTIL_GAME)
[W : PPU[1] Thread (CPUThread)[0x00ae4010]]: cellSysmodule warning: cellSysmoduleLoadModule(CELL_SYSMODULE_IO)
[W : PPU[1] Thread (CPUThread)[0x00ae4010]]: cellSysmodule warning: cellSysmoduleLoadModule(CELL_SYSMODULE_FS)
[W : PPU[1] Thread (CPUThread)[0x00afe058]]: sys_lwmutex warning: *** lwmutex created [opWait] (attribute=0x12): sq_id = 38
[W : PPU[1] Thread (CPUThread)[0x00afe10c]]: sys_lwcond warning: Recursive lwmutex(sq=38)
[W : PPU[1] Thread (CPUThread)[0x00afe10c]]: sys_lwcond warning: *** lwcond created [opWait] (lwmutex_addr=0x302001a0): id = 39
[W : PPU[1] Thread (CPUThread)[0x00afe058]]: sys_lwmutex warning: *** lwmutex created [s_media] (attribute=0x12): sq_id = 40
[W : PPU[1] Thread (CPUThread)[0x00ae8028]]: cellGame warning: cellGameBootCheck(type_addr=0xd001f3f8, attributes_addr=0xd001f3fc, size_addr=0xd001f404, dirName_addr=0xd001f8a0)
[W : PPU[1] Thread (CPUThread)[0x00ae8010]]: cellGame warning: cellGameContentPermit(contentInfoPath_addr=0xd001f9a0, usrdirPath_addr=0x413f0c)
[W : PPU[1] Thread (CPUThread)[0x00afe058]]: sys_lwmutex warning: *** lwmutex created [media.m] (attribute=0x12): sq_id = 41
[W : PPU[1] Thread (CPUThread)[0x00afe058]]: sys_lwmutex warning: *** lwmutex created [ps3medi] (attribute=0x12): sq_id = 42
[W : PPU[1] Thread (CPUThread)[0x001ffff0]]: sys_rwlock warning: sys_rwlock_create(rw_lock_id_addr=0x302002ec, attr_addr=0xd001e840)
[W : PPU[1] Thread (CPUThread)[0x001ffff0]]: sys_rwlock warning: TODO: SYS_SYNC_PRIORITY attr
[W : PPU[1] Thread (CPUThread)[0x001ffff0]]: sys_rwlock warning: *** rwlock created [] (protocol=0x2): id = 43
[W : PPU[1] Thread (CPUThread)[0x00afe058]]: sys_lwmutex warning: *** lwmutex created [media.m] (attribute=0x12): sq_id = 44
[W : PPU[1] Thread (CPUThread)[0x00afe10c]]: sys_lwcond warning: Recursive lwmutex(sq=44)
[W : PPU[1] Thread (CPUThread)[0x00afe10c]]: sys_lwcond warning: *** lwcond created [media.m] (lwmutex_addr=0x30200308): id = 45
[W : PPU[1] Thread (CPUThread)[0x001ffff0]]: sys_rwlock warning: sys_rwlock_create(rw_lock_id_addr=0x3020068c, attr_addr=0xd001e840)
[W : PPU[1] Thread (CPUThread)[0x001ffff0]]: sys_rwlock warning: TODO: SYS_SYNC_PRIORITY attr
[W : PPU[1] Thread (CPUThread)[0x001ffff0]]: sys_rwlock warning: *** rwlock created [] (protocol=0x2): id = 46
[W : PPU[1] Thread (CPUThread)[0x00afe058]]: sys_lwmutex warning: *** lwmutex created [schedul] (attribute=0x12): sq_id = 47
[W : PPU[1] Thread (CPUThread)[0x00afe058]]: sys_lwmutex warning: *** lwmutex created [schedul] (attribute=0x12): sq_id = 48
[W : PPU[1] Thread (CPUThread)[0x001ffff0]]: sys_rwlock warning: sys_rwlock_create(rw_lock_id_addr=0x3020070c, attr_addr=0xd001e730)
[W : PPU[1] Thread (CPUThread)[0x001ffff0]]: sys_rwlock warning: TODO: SYS_SYNC_PRIORITY attr
[W : PPU[1] Thread (CPUThread)[0x001ffff0]]: sys_rwlock warning: *** rwlock created [] (protocol=0x2): id = 49
[W : PPU[1] Thread (CPUThread)[0x00afe058]]: sys_lwmutex warning: *** lwmutex created [schedul] (attribute=0x12): sq_id = 50
[W : PPU[1] Thread (CPUThread)[0x00afe058]]: sys_lwmutex warning: *** lwmutex created [schedul] (attribute=0x12): sq_id = 51
[W : PPU[1] Thread (CPUThread)[0x00afe10c]]: sys_lwcond warning: Recursive lwmutex(sq=51)
[W : PPU[1] Thread (CPUThread)[0x00afe10c]]: sys_lwcond warning: *** lwcond created [schedul] (lwmutex_addr=0x30200790): id = 52
[W : PPU[1] Thread (CPUThread)[0x00afe10c]]: sys_lwcond warning: Recursive lwmutex(sq=51)
[W : PPU[1] Thread (CPUThread)[0x00afe10c]]: sys_lwcond warning: *** lwcond created [schedul] (lwmutex_addr=0x30200790): id = 53
[W : PPU[1] Thread (CPUThread)[0x00afe058]]: sys_lwmutex warning: *** lwmutex created [schedul] (attribute=0x12): sq_id = 54
[W : PPU[1] Thread (CPUThread)[0x00afe058]]: sys_lwmutex warning: *** lwmutex created [schedul] (attribute=0x12): sq_id = 55
[W : PPU[1] Thread (CPUThread)[0x00afe10c]]: sys_lwcond warning: Recursive lwmutex(sq=55)
[W : PPU[1] Thread (CPUThread)[0x00afe10c]]: sys_lwcond warning: *** lwcond created [fios wo] (lwmutex_addr=0x30200838): id = 56
[W : PPU[1] Thread (CPUThread)[0x00afe10c]]: sys_lwcond warning: Recursive lwmutex(sq=55)
[W : PPU[1] Thread (CPUThread)[0x00afe10c]]: sys_lwcond warning: *** lwcond created [fios wo] (lwmutex_addr=0x30200838): id = 57
[W : PPU[1] Thread (CPUThread)[0x00afe058]]: sys_lwmutex warning: *** lwmutex created [media.m] (attribute=0x12): sq_id = 61
[W : PPU[1] Thread (CPUThread)[0x001ffff0]]: sys_rwlock warning: sys_rwlock_create(rw_lock_id_addr=0x30206224, attr_addr=0xd001e7b0)
[W : PPU[1] Thread (CPUThread)[0x001ffff0]]: sys_rwlock warning: TODO: SYS_SYNC_PRIORITY attr
[W : PPU[1] Thread (CPUThread)[0x001ffff0]]: sys_rwlock warning: *** rwlock created [] (protocol=0x2): id = 62
[W : PPU[1] Thread (CPUThread)[0x00afe058]]: sys_lwmutex warning: *** lwmutex created [cache_f] (attribute=0x12): sq_id = 63
[E : PPU[1] Thread (CPUThread)[0x00ad2004]]: TODO: _cellSpursTasksetAttributeInitialize
[E : PPU[1] Thread (CPUThread)[0x00ad2040]]: TODO: cellSpursTasksetAttributeSetName
[E : PPU[1] Thread (CPUThread)[0x00ad2088]]: TODO: cellSpursCreateTasksetWithAttribute
[E : PPU[1] Thread (CPUThread)[0x00ad2034]]: TODO: _cellSpursEventFlagInitialize
[E : PPU[1] Thread (CPUThread)[0x00ad204c]]: TODO: cellSpursEventFlagAttachLv2EventQueue
[E : PPU[1] Thread (CPUThread)[0x00ad20ac]]: TODO: _cellSpursLFQueueInitialize
[E : PPU[1] Thread (CPUThread)[0x00ad20b8]]: TODO: cellSpursLFQueueAttachLv2EventQueue
[E : PPU[1] Thread (CPUThread)[0x00ad20e8]]: TODO: cellSpursCreateTask
[W : PPU[1] Thread (CPUThread)[0x00afe058]]: sys_lwmutex warning: *** lwmutex created [media.m] (attribute=0x12): sq_id = 64
[W : PPU[1] Thread (CPUThread)[0x001ffff0]]: sys_rwlock warning: sys_rwlock_create(rw_lock_id_addr=0x30206704, attr_addr=0xd001e830)
[W : PPU[1] Thread (CPUThread)[0x001ffff0]]: sys_rwlock warning: TODO: SYS_SYNC_PRIORITY attr
[W : PPU[1] Thread (CPUThread)[0x001ffff0]]: sys_rwlock warning: *** rwlock created [] (protocol=0x2): id = 65
[W : PPU[1] Thread (CPUThread)[0x00afe058]]: sys_lwmutex warning: *** lwmutex created [dearchi] (attribute=0x12): sq_id = 66
[W : PPU[1] Thread (CPUThread)[0x00afe058]]: sys_lwmutex warning: *** lwmutex created [dearchi] (attribute=0x12): sq_id = 67
[W : PPU[1] Thread (CPUThread)[0x00afe058]]: sys_lwmutex warning: *** lwmutex created [dearchi] (attribute=0x12): sq_id = 68
[W : PPU[1] Thread (CPUThread)[0x00afe058]]: sys_lwmutex warning: *** lwmutex created [dearchi] (attribute=0x12): sq_id = 69
[W : PPU[1] Thread (CPUThread)[0x00afe10c]]: sys_lwcond warning: Recursive lwmutex(sq=69)
[W : PPU[1] Thread (CPUThread)[0x00afe10c]]: sys_lwcond warning: *** lwcond created [dearchi] (lwmutex_addr=0x30206808): id = 70
[W : PPU[1] Thread (CPUThread)[0x00afe058]]: sys_lwmutex warning: *** lwmutex created [dearchi] (attribute=0x12): sq_id = 71
[W : PPU[1] Thread (CPUThread)[0x00afe058]]: sys_lwmutex warning: *** lwmutex created [media.m] (attribute=0x12): sq_id = 72
[W : PPU[1] Thread (CPUThread)[0x001ffff0]]: sys_rwlock warning: sys_rwlock_create(rw_lock_id_addr=0x30207234, attr_addr=0xd001e7a0)
[W : PPU[1] Thread (CPUThread)[0x001ffff0]]: sys_rwlock warning: TODO: SYS_SYNC_PRIORITY attr
[W : PPU[1] Thread (CPUThread)[0x001ffff0]]: sys_rwlock warning: *** rwlock created [] (protocol=0x2): id = 73
[W : PPU[1] Thread (CPUThread)[0x001ffff0]]: sys_rwlock warning: sys_rwlock_create(rw_lock_id_addr=0x30207acc, attr_addr=0xd001e7a0)
[W : PPU[1] Thread (CPUThread)[0x001ffff0]]: sys_rwlock warning: TODO: SYS_SYNC_PRIORITY attr
[W : PPU[1] Thread (CPUThread)[0x001ffff0]]: sys_rwlock warning: *** rwlock created [] (protocol=0x2): id = 74
[W : PPU[1] Thread (CPUThread)[0x00afe058]]: sys_lwmutex warning: *** lwmutex created [schedul] (attribute=0x12): sq_id = 75
[W : PPU[1] Thread (CPUThread)[0x00afe058]]: sys_lwmutex warning: *** lwmutex created [schedul] (attribute=0x12): sq_id = 76
[W : PPU[1] Thread (CPUThread)[0x001ffff0]]: sys_rwlock warning: sys_rwlock_create(rw_lock_id_addr=0x30207cdc, attr_addr=0xd001e730)
[W : PPU[1] Thread (CPUThread)[0x001ffff0]]: sys_rwlock warning: TODO: SYS_SYNC_PRIORITY attr
[W : PPU[1] Thread (CPUThread)[0x001ffff0]]: sys_rwlock warning: *** rwlock created [] (protocol=0x2): id = 77
[W : PPU[1] Thread (CPUThread)[0x00afe058]]: sys_lwmutex warning: *** lwmutex created [schedul] (attribute=0x12): sq_id = 78
[W : PPU[1] Thread (CPUThread)[0x00afe058]]: sys_lwmutex warning: *** lwmutex created [schedul] (attribute=0x12): sq_id = 79
[W : PPU[1] Thread (CPUThread)[0x00afe10c]]: sys_lwcond warning: Recursive lwmutex(sq=79)
[W : PPU[1] Thread (CPUThread)[0x00afe10c]]: sys_lwcond warning: *** lwcond created [schedul] (lwmutex_addr=0x30207d60): id = 80
[W : PPU[1] Thread (CPUThread)[0x00afe10c]]: sys_lwcond warning: Recursive lwmutex(sq=79)
[W : PPU[1] Thread (CPUThread)[0x00afe10c]]: sys_lwcond warning: *** lwcond created [schedul] (lwmutex_addr=0x30207d60): id = 81
[W : PPU[1] Thread (CPUThread)[0x00afe058]]: sys_lwmutex warning: *** lwmutex created [schedul] (attribute=0x12): sq_id = 82
[W : PPU[1] Thread (CPUThread)[0x00afe058]]: sys_lwmutex warning: *** lwmutex created [schedul] (attribute=0x12): sq_id = 83
[W : PPU[1] Thread (CPUThread)[0x00afe10c]]: sys_lwcond warning: Recursive lwmutex(sq=83)
[W : PPU[1] Thread (CPUThread)[0x00afe10c]]: sys_lwcond warning: *** lwcond created [fios wo] (lwmutex_addr=0x30207e08): id = 84
[W : PPU[1] Thread (CPUThread)[0x00afe10c]]: sys_lwcond warning: Recursive lwmutex(sq=83)
[W : PPU[1] Thread (CPUThread)[0x00afe10c]]: sys_lwcond warning: *** lwcond created [fios wo] (lwmutex_addr=0x30207e08): id = 85
[W : PPU[1] Thread (CPUThread)[0x00afe10c]]: sys_lwcond warning: Recursive lwmutex(sq=83)
[W : PPU[1] Thread (CPUThread)[0x00afe10c]]: sys_lwcond warning: *** lwcond created [fios wo] (lwmutex_addr=0x30207e08): id = 86
[W : PPU[87] Thread (fios mediathread 5)[0x00ad6004]]: sys_fs warning: cellFsStat: "game_data.psarc" not found.
[W : PPU[87] Thread (fios mediathread 5)[0x00ad6034]]: sys_fs warning: cellFsOpendir(path="game_data", fd_addr=0x302002d0)
[W : PPU[87] Thread (fios mediathread 5)[0x00ad6004]]: sys_fs warning: cellFsStat: "game_data/patch_data001.psarc" not found.
[W : PPU[87] Thread (fios mediathread 5)[0x00ad6004]]: sys_fs warning: cellFsStat: "patch_data001.psarc" not found.
[W : PPU[87] Thread (fios mediathread 5)[0x00ad6004]]: sys_fs warning: cellFsStat: "game_data/patch_data002.psarc" not found.
[W : PPU[87] Thread (fios mediathread 5)[0x00ad6004]]: sys_fs warning: cellFsStat: "patch_data001/patch_data002.psarc" not found.
[W : PPU[87] Thread (fios mediathread 5)[0x00ad6004]]: sys_fs warning: cellFsStat: "patch_data002.psarc" not found.
[W : PPU[87] Thread (fios mediathread 5)[0x00ad6004]]: sys_fs warning: cellFsStat: "game_data/patch_data003.psarc" not found.
[W : PPU[87] Thread (fios mediathread 5)[0x00ad6004]]: sys_fs warning: cellFsStat: "patch_data001/patch_data003.psarc" not found.
[W : PPU[87] Thread (fios mediathread 5)[0x00ad6004]]: sys_fs warning: cellFsStat: "patch_data002/patch_data003.psarc" not found.
[W : PPU[87] Thread (fios mediathread 5)[0x00ad6004]]: sys_fs warning: cellFsStat: "patch_data003.psarc" not found.
[W : PPU[87] Thread (fios mediathread 5)[0x00ad6004]]: sys_fs warning: cellFsStat: "game_data/patch_data004.psarc" not found.
[W : PPU[87] Thread (fios mediathread 5)[0x00ad6004]]: sys_fs warning: cellFsStat: "patch_data001/patch_data004.psarc" not found.
[W : PPU[87] Thread (fios mediathread 5)[0x00ad6004]]: sys_fs warning: cellFsStat: "patch_data002/patch_data004.psarc" not found.
[W : PPU[87] Thread (fios mediathread 5)[0x00ad6004]]: sys_fs warning: cellFsStat: "patch_data003/patch_data004.psarc" not found.
[W : PPU[87] Thread (fios mediathread 5)[0x00ad6004]]: sys_fs warning: cellFsStat: "patch_data004.psarc" not found.
[W : PPU[1] Thread (CPUThread)[0x00ae4010]]: cellSysmodule warning: cellSysmoduleLoadModule(CELL_SYSMODULE_AVCONF_EXT)
[W : PPU[1] Thread (CPUThread)[0x00ad4010]]: cellGcmSys warning: cellGcmInit(context_addr=0xa9a66c,cmdSize=0xc0000,ioSize=0x100000,ioAddress=0x37600000)
[W : PPU[1] Thread (CPUThread)[0x00ad4010]]: cellGcmSys warning: *** local memory(addr=0xc0000000, size=0xf900000)
[W : PPU[1] Thread (CPUThread)[0x00ad4010]]: cellGcmSys warning: cellGcmMapEaIoAddress(ea=0x37600000, io=0x0, size=0x100000)
[! : RSXThread]: RSX thread entry
[W : PPU[1] Thread (CPUThread)[0x00ad4004]]: cellGcmSys warning: cellGcmGetTiledPitchSize(size=1280)
[W : PPU[1] Thread (CPUThread)[0x00ad4004]]: cellGcmSys warning: cellGcmGetTiledPitchSize(size=1920)
[W : PPU[1] Thread (CPUThread)[0x00ad4004]]: cellGcmSys warning: cellGcmGetTiledPitchSize(size=5120)
[W : PPU[1] Thread (CPUThread)[0x00ad4004]]: cellGcmSys warning: cellGcmGetTiledPitchSize(size=15360)
[W : PPU[1] Thread (CPUThread)[0x00ad4004]]: cellGcmSys warning: cellGcmGetTiledPitchSize(size=15360)
[W : PPU[1] Thread (CPUThread)[0x00ae6010]]: cellSysutil warning: cellVideoOutConfigure(videoOut=0, config_addr=0xd001f8e0, option_addr=0x0, waitForEvent=0x0)
[W : PPU[1] Thread (CPUThread)[0x00ad40d0]]: cellGcmSys warning: cellGcmSetTileInfo(index=0, location=0, offset=0, size=3801088, pitch=5120, comp=0, base=0, bank=0)
[W : PPU[1] Thread (CPUThread)[0x00ad40d0]]: cellGcmSys warning: cellGcmSetTileInfo(index=1, location=0, offset=3801088, size=3801088, pitch=5120, comp=0, base=0, bank=0)
[W : PPU[1] Thread (CPUThread)[0x00ad40d0]]: cellGcmSys warning: cellGcmSetTileInfo(index=2, location=0, offset=7602176, size=16711680, pitch=15360, comp=7, base=0, bank=1)
[E : PPU[1] Thread (CPUThread)[0x00ad40d0]]: cellGcmSys error: cellGcmSetTileInfo: bad comp! (7)
[W : PPU[1] Thread (CPUThread)[0x00ad40d0]]: cellGcmSys warning: cellGcmSetTileInfo(index=3, location=0, offset=24313856, size=16711680, pitch=15360, comp=0, base=0, bank=2)
[W : PPU[1] Thread (CPUThread)[0x00ad4040]]: cellGcmSys warning: cellGcmBindTile(index=0)
[W : PPU[1] Thread (CPUThread)[0x00ad4040]]: cellGcmSys warning: cellGcmBindTile(index=1)
[W : PPU[1] Thread (CPUThread)[0x00ad4040]]: cellGcmSys warning: cellGcmBindTile(index=2)
[W : PPU[1] Thread (CPUThread)[0x00ad4040]]: cellGcmSys warning: cellGcmBindTile(index=3)
[W : PPU[1] Thread (CPUThread)[0x00ad40a0]]: cellGcmSys warning: cellGcmSetDisplayBuffer(id=0x0,offset=0x0,pitch=4,width=1280,height=720)
[W : PPU[1] Thread (CPUThread)[0x00ad40a0]]: cellGcmSys warning: cellGcmSetDisplayBuffer(id=0x1,offset=0x3a0000,pitch=4,width=1280,height=720)
[E : PPU[1] Thread (CPUThread)[0x00aee004]]: TODO: cellVideoOutSetGamma
[W : PPU[1] Thread (CPUThread)[0x00ad404c]]: cellGcmSys warning: cellGcmSetFlipMode(mode=1)
[W : PPU[1] Thread (CPUThread)[0x00ad4058]]: cellGcmSys warning: cellGcmSetSecondVFrequency(level=2)
[W : PPU[1] Thread (CPUThread)[0x00ad4094]]: cellGcmSys warning: cellGcmSetFlipHandler(handler_addr=4209864)
[E : PPU[1] Thread (CPUThread)[0x00ad40b8]]: cellGcmSys error: Unimplemented function: cellGcmSetVBlankHandler
[W : PPU[1] Thread (CPUThread)[0x00ad4004]]: cellGcmSys warning: cellGcmGetTiledPitchSize(size=7680)
[W : PPU[1] Thread (CPUThread)[0x00ad40d0]]: cellGcmSys warning: cellGcmSetTileInfo(index=4, location=0, offset=42008576, size=8388608, pitch=7680, comp=0, base=0, bank=0)
[W : PPU[1] Thread (CPUThread)[0x00ad4040]]: cellGcmSys warning: cellGcmBindTile(index=4)
[W : PPU[87] Thread (fios mediathread 5)[0x00ad6004]]: sys_fs warning: cellFsStat: "game_data/PS3_PS3_Platformer/images/STARTUP_LOGO.png" not found.
[W : PPU[87] Thread (fios mediathread 5)[0x00ad6004]]: sys_fs warning: cellFsStat: "patch_data001/PS3_PS3_Platformer/images/STARTUP_LOGO.png" not found.
[W : PPU[87] Thread (fios mediathread 5)[0x00ad6004]]: sys_fs warning: cellFsStat: "patch_data002/PS3_PS3_Platformer/images/STARTUP_LOGO.png" not found.
[W : PPU[87] Thread (fios mediathread 5)[0x00ad6004]]: sys_fs warning: cellFsStat: "patch_data003/PS3_PS3_Platformer/images/STARTUP_LOGO.png" not found.
[W : PPU[87] Thread (fios mediathread 5)[0x00ad6004]]: sys_fs warning: cellFsStat: "patch_data004/PS3_PS3_Platformer/images/STARTUP_LOGO.png" not found.
[E : PPU[87] Thread (fios mediathread 5)[0x00ad6064]]: sys_fs error: "PS3_PS3_Platformer/images/STARTUP_LOGO.png" not found! flags: 0x00000000
[W : PPU[87] Thread (fios mediathread 5)[0x00ad6004]]: sys_fs warning: cellFsStat: "game_data/PS3_Platformer/images/STARTUP_LOGO.png" not found.
[W : PPU[87] Thread (fios mediathread 5)[0x00ad6004]]: sys_fs warning: cellFsStat: "patch_data001/PS3_Platformer/images/STARTUP_LOGO.png" not found.
[W : PPU[87] Thread (fios mediathread 5)[0x00ad6004]]: sys_fs warning: cellFsStat: "patch_data002/PS3_Platformer/images/STARTUP_LOGO.png" not found.
[W : PPU[87] Thread (fios mediathread 5)[0x00ad6004]]: sys_fs warning: cellFsStat: "patch_data003/PS3_Platformer/images/STARTUP_LOGO.png" not found.
[W : PPU[87] Thread (fios mediathread 5)[0x00ad6004]]: sys_fs warning: cellFsStat: "patch_data004/PS3_Platformer/images/STARTUP_LOGO.png" not found.
[E : PPU[87] Thread (fios mediathread 5)[0x00ad6064]]: sys_fs error: "PS3_Platformer/images/STARTUP_LOGO.png" not found! flags: 0x00000000
[W : PPU[1] Thread (CPUThread)[0x00ae4010]]: cellSysmodule warning: cellSysmoduleLoadModule(CELL_SYSMODULE_SYSUTIL_OSK_EXT)
[W : PPU[1] Thread (CPUThread)[0x00afe058]]: sys_lwmutex warning: *** lwmutex created [] (attribute=0x12): sq_id = 91
[W : PPU[1] Thread (CPUThread)[0x00afe058]]: sys_lwmutex warning: *** lwmutex created [_lc_mtx] (attribute=0x12): sq_id = 92
[W : PPU[1] Thread (CPUThread)[0x00afe100]]: sys_lwmutex warning: sys_lwmutex_destroy(lwmutex_addr=0x3751ba50)
[W : PPU[1] Thread (CPUThread)[0x00ae401c]]: cellSysmodule warning: cellSysmoduleIsLoaded(CELL_SYSMODULE_FIBER)
[W : PPU[1] Thread (CPUThread)[0x00ae4010]]: cellSysmodule warning: cellSysmoduleLoadModule(CELL_SYSMODULE_FIBER)
[W : PPU[1] Thread (CPUThread)[0x00ae401c]]: cellSysmodule warning: cellSysmoduleIsLoaded(CELL_SYSMODULE_FIBER)
[E : PPU[1] Thread (CPUThread)[0x00af807c]]: TODO: _cellFiberPpuInitialize
[W : PPU[1] Thread (CPUThread)[0x00ae401c]]: cellSysmodule warning: cellSysmoduleIsLoaded(CELL_SYSMODULE_SPURS)
[W : PPU[1] Thread (CPUThread)[0x00ae4010]]: cellSysmodule warning: cellSysmoduleLoadModule(CELL_SYSMODULE_SPURS)
[E : PPU[1] Thread (CPUThread)[0x00ad207c]]: TODO: cellSpursInitialize
[W : PPU[1] Thread (CPUThread)[0x00afe058]]: sys_lwmutex warning: *** lwmutex created [] (attribute=0x12): sq_id = 93
[W : PPU[1] Thread (CPUThread)[0x00ae60f4]]: cellSysutil warning: cellAudioOutGetSoundAvailability(audioOut=0, type=0, fs=0x4, option=0)
[W : PPU[1] Thread (CPUThread)[0x00ae60f4]]: cellSysutil warning: cellAudioOutGetSoundAvailability(audioOut=0, type=1, fs=0x4, option=0)
[W : PPU[1] Thread (CPUThread)[0x00ae60f4]]: cellSysutil warning: cellAudioOutGetSoundAvailability(audioOut=0, type=6, fs=0x4, option=0)
[W : PPU[1] Thread (CPUThread)[0x00ae60f4]]: cellSysutil warning: cellAudioOutGetSoundAvailability(audioOut=0, type=0, fs=0x4, option=0)
[W : PPU[1] Thread (CPUThread)[0x00ae604c]]: cellSysutil warning: cellAudioOutConfigure(audioOut=0, config_addr=0xd001f298, option_addr=0x0, (!)waitForEvent=0)
[W : PPU[1] Thread (CPUThread)[0x00afa010]]: cellAudio warning: cellAudioInit()
[! : Audio Thread]: Audio started
[W : PPU[1] Thread (CPUThread)[0x00afa064]]: cellAudio warning: cellAudioPortOpen(audioParam_addr=0xd001f2a8, portNum_addr=0x30a102f4)
[W : PPU[1] Thread (CPUThread)[0x00afa064]]: cellAudio warning: *** audio port opened(nChannel=8, nBlock=8, attr=0x0, level=0.000000): port = 0
[W : PPU[1] Thread (CPUThread)[0x00afa040]]: cellAudio warning: cellAudioGetPortConfig(portNum=0x0, portConfig_addr=0xd001f2c8)
[W : PPU[1] Thread (CPUThread)[0x00afe148]]: sysPrxForUser warning: sys_spu_image_import(img=0x30a105ac, src=0x3b9580, type=0x1)
[W : PPU[1] Thread (CPUThread)[0x00afe148]]: LoadShdr32 error: shstrndx too big!
[W : PPU[1] Thread (CPUThread)[0x00afe148]]: desc = 'PS3_SPU_Release/fmodps3_spu.elf'
[W : PPU[1] Thread (CPUThread)[0x0027dc24]]: sys_semaphore warning: sys_semaphore_create(sem_addr=0x30a12728, attr_addr=0xd001f100, initial_count=0, max_count=65535)
[E : PPU[95] Thread (FMOD BGM status query thread)[0x00ae60e8]]: TODO: cellSysutilGetBgmPlaybackStatus
[W : PPU[1] Thread (CPUThread)[0x00ad6064]]: *** cellFsOpen(path="/dev_flash/sys/external/flashMP3.pic"): fd = 96
[W : PPU[1] Thread (CPUThread)[0x00ad6028]]: sys_fs warning: cellFsClose(fd=96)
[W : PPU[1] Thread (CPUThread)[0x00afe058]]: sys_lwmutex warning: *** lwmutex created [] (attribute=0x12): sq_id = 97
[W : PPU[1] Thread (CPUThread)[0x00afe058]]: sys_lwmutex warning: *** lwmutex created [] (attribute=0x12): sq_id = 98
[W : PPU[1] Thread (CPUThread)[0x00afe058]]: sys_lwmutex warning: *** lwmutex created [] (attribute=0x12): sq_id = 99
[W : PPU[1] Thread (CPUThread)[0x00afe058]]: sys_lwmutex warning: *** lwmutex created [] (attribute=0x12): sq_id = 100
[W : PPU[1] Thread (CPUThread)[0x00afe058]]: sys_lwmutex warning: *** lwmutex created [] (attribute=0x12): sq_id = 101
[W : PPU[1] Thread (CPUThread)[0x00afe058]]: sys_lwmutex warning: *** lwmutex created [] (attribute=0x12): sq_id = 102
[W : PPU[1] Thread (CPUThread)[0x00afa04c]]: cellAudio warning: cellAudioPortStart(portNum=0x0)
[W : PPU[1] Thread (CPUThread)[0x00280194]]: sys_event warning: sys_event_queue_create(equeue_id_addr=0x30a105c0, attr_addr=0xd001f15c, event_queue_key=0x0, size=1)
[W : PPU[1] Thread (CPUThread)[0x00280194]]: sys_event warning: *** event_queue created [] (protocol=0x1, type=0x1): id = 103
[W : PPU[1] Thread (CPUThread)[0x002801c4]]: sys_event warning: sys_event_queue_create(equeue_id_addr=0x30a108e8, attr_addr=0xd001f15c, event_queue_key=0x0, size=1)
[W : PPU[1] Thread (CPUThread)[0x002801c4]]: sys_event warning: *** event_queue created [] (protocol=0x1, type=0x2): id = 104
[W : PPU[1] Thread (CPUThread)[0x002801e4]]: sys_event warning: sys_event_port_create(eport_id_addr=0x30a105c4, port_type=0x1, name=0x0)
[W : PPU[1] Thread (CPUThread)[0x002801e4]]: sys_event warning: *** sys_event_port created: id = 105
[W : PPU[1] Thread (CPUThread)[0x002801fc]]: sys_event warning: sys_event_port_connect_local(eport_id=105, equeue_id=104)
[W : PPU[1] Thread (CPUThread)[0x00280250]]: sys_spu warning: sys_spu_thread_group_create(id_addr=0x30a105a4, num=1, prio=16, attr_addr=0xd001f14c)
[W : PPU[1] Thread (CPUThread)[0x00280250]]: sys_spu warning: *** SPU Thread Group created [FMOD] (type=0x0, option.ct=0x0): id=106
[W : PPU[1] Thread (CPUThread)[0x002802e4]]: sys_spu warning: sys_spu_thread_initialize(thread_addr=0x30a105a8, group=0x6a, spu_num=0, img_addr=0x30a105ac, attr_addr=0xd001f140, arg_addr=0xd001f170)
[W : PPU[1] Thread (CPUThread)[0x002802e4]]: sys_spu warning: *** New SPU Thread [FMOD] (img_offset=0xb02000, ls_offset=0xb42000, ep=0xf0, a1=0x3790000000000000, a2=0x30a698c400000000, a3=0x30a6978000000000, a4=0xac248000000000): id=107
[W : PPU[1] Thread (CPUThread)[0x00280304]]: sys_spu warning: sys_spu_thread_connect_event(id=107, eq_id=103, event_type=0x1, spup=9)
[W : PPU[1] Thread (CPUThread)[0x00280320]]: sys_spu warning: sys_spu_thread_bind_queue(id=107, equeue_id=104, spuq_num=0x63)
[W : PPU[1] Thread (CPUThread)[0x00280354]]: sys_event warning: sys_event_queue_create(equeue_id_addr=0x30a105c8, attr_addr=0xd001f15c, event_queue_key=0x0, size=1)
[W : PPU[1] Thread (CPUThread)[0x00280354]]: sys_event warning: *** event_queue created [] (protocol=0x1, type=0x1): id = 108
[W : PPU[1] Thread (CPUThread)[0x00280380]]: sys_spu warning: sys_spu_thread_connect_event(id=107, eq_id=108, event_type=0x1, spup=8)
[W : PPU[1] Thread (CPUThread)[0x00280394]]: sys_spu warning: sys_spu_thread_group_start(id=106)
[W : PPU[1] Thread (CPUThread)[0x002803ac]]: sys_spu warning: sys_spu_thread_set_spu_cfg(id=107, value=0x0)
[W : PPU[1] Thread (CPUThread)[0x00afa004]]: cellAudio warning: cellAudioCreateNotifyEventQueue(id_addr=0x30a10318, key_addr=0x30a10320)
[W : PPU[1] Thread (CPUThread)[0x00afa01c]]: cellAudio warning: cellAudioSetNotifyEventQueue(key=0x80004d494f323221)
[W : PPU[1] Thread (CPUThread)[0x0027dc24]]: sys_semaphore warning: sys_semaphore_create(sem_addr=0x30a7d8d0, attr_addr=0xd001f0f0, initial_count=0, max_count=65535)
[W : PPU[1] Thread (CPUThread)[0x00afe058]]: sys_lwmutex warning: *** lwmutex created [] (attribute=0x12): sq_id = 112
[W : PPU[1] Thread (CPUThread)[0x00afe058]]: sys_lwmutex warning: *** lwmutex created [] (attribute=0x12): sq_id = 113
[E : SPU[107] Thread (FMOD)[0x0000ebc4]]: SPUThread::ReadChannel error: unknown/illegal channel (8 [$SPU_RdDec]).
[E : SPU[107] Thread (FMOD)[0x0000ebc4]]: SPUThread::ReadChannel error: unknown/illegal channel (8 [$SPU_RdDec]).
[W : PPU[1] Thread (CPUThread)[0x00afe058]]: sys_lwmutex warning: *** lwmutex created [] (attribute=0x12): sq_id = 114
[W : PPU[1] Thread (CPUThread)[0x00afe058]]: sys_lwmutex warning: *** lwmutex created [] (attribute=0x12): sq_id = 115
[W : PPU[1] Thread (CPUThread)[0x00afe058]]: sys_lwmutex warning: *** lwmutex created [] (attribute=0x12): sq_id = 116
[W : PPU[1] Thread (CPUThread)[0x00afe058]]: sys_lwmutex warning: *** lwmutex created [] (attribute=0x12): sq_id = 117
[W : PPU[1] Thread (CPUThread)[0x0027dc24]]: sys_semaphore warning: sys_semaphore_create(sem_addr=0x30a9e9d8, attr_addr=0xd001f270, initial_count=0, max_count=65535)
[W : PPU[1] Thread (CPUThread)[0x00afe058]]: sys_lwmutex warning: *** lwmutex created [] (attribute=0x12): sq_id = 120
[W : PPU[1] Thread (CPUThread)[0x00afe058]]: sys_lwmutex warning: *** lwmutex created [] (attribute=0x12): sq_id = 121
[E : SPU[107] Thread (FMOD)[0x0000ebc4]]: SPUThread::ReadChannel error: unknown/illegal channel (8 [$SPU_RdDec]).
[W : PPU[1] Thread (CPUThread)[0x00ae60c4]]: cellSysutil warning: cellAudioOutGetConfiguration(audioOut=0, config_addr=0xd001f6a0, option_addr=0x0)
[W : PPU[1] Thread (CPUThread)[0x00ae604c]]: cellSysutil warning: cellAudioOutConfigure(audioOut=0, config_addr=0xd001f6b0, option_addr=0x0, (!)waitForEvent=0)
[W : PPU[1] Thread (CPUThread)[0x00ae4010]]: cellSysmodule warning: cellSysmoduleLoadModule(CELL_SYSMODULE_SPURS_JQ)
[E : PPU[1] Thread (CPUThread)[0x00af6040]]: TODO: cellSpursJobQueueAttributeInitialize
[E : PPU[1] Thread (CPUThread)[0x00af6088]]: TODO: cellSpursJobQueueAttributeSetGrabParameters
[E : PPU[1] Thread (CPUThread)[0x00af601c]]: TODO: cellSpursJobQueueAttributeSetMaxSizeJobDescriptor
[E : PPU[1] Thread (CPUThread)[0x00af6010]]: TODO: cellSpursJobQueueAttributeSetSubmitWithEntryLock
[E : PPU[1] Thread (CPUThread)[0x00af6004]]: TODO: cellSpursJobQueueAttributeSetDoBusyWaiting
[E : PPU[1] Thread (CPUThread)[0x00af60a0]]: TODO: cellSpursJobQueueAttributeSetIsHaltOnError
[E : PPU[1] Thread (CPUThread)[0x00af6064]]: TODO: cellSpursJobQueueAttributeSetIsJobTypeMemoryCheck
[E : PPU[1] Thread (CPUThread)[0x00af6094]]: TODO: _cellSpursCreateJobQueue
[E : PPU[1] Thread (CPUThread)[0x00af8040]]: TODO: _cellFiberPpuSchedulerAttributeInitialize
[E : PPU[1] Thread (CPUThread)[0x00af8070]]: TODO: cellFiberPpuInitializeScheduler
[E : PPU[1] Thread (CPUThread)[0x00af60ac]]: TODO: cellSpursJobQueueOpen
[E : PPU[1] Thread (CPUThread)[0x00af604c]]: TODO: cellSpursJobQueueSemaphoreInitialize
[E : PPU[1] Thread (CPUThread)[0x00af60ac]]: TODO: cellSpursJobQueueOpen
[E : PPU[1] Thread (CPUThread)[0x00af604c]]: TODO: cellSpursJobQueueSemaphoreInitialize
[E : PPU[1] Thread (CPUThread)[0x00af60ac]]: TODO: cellSpursJobQueueOpen
[E : PPU[1] Thread (CPUThread)[0x00af604c]]: TODO: cellSpursJobQueueSemaphoreInitialize
[E : PPU[1] Thread (CPUThread)[0x00af60ac]]: TODO: cellSpursJobQueueOpen
[E : PPU[1] Thread (CPUThread)[0x00af604c]]: TODO: cellSpursJobQueueSemaphoreInitialize
[E : PPU[1] Thread (CPUThread)[0x00af60ac]]: TODO: cellSpursJobQueueOpen
[E : PPU[1] Thread (CPUThread)[0x00af604c]]: TODO: cellSpursJobQueueSemaphoreInitialize
[E : PPU[1] Thread (CPUThread)[0x00af8058]]: TODO: _cellFiberPpuAttributeInitialize
[E : PPU[1] Thread (CPUThread)[0x00af8028]]: TODO: cellFiberPpuCreateFiber
[E : PPU[1] Thread (CPUThread)[0x00af8058]]: TODO: _cellFiberPpuAttributeInitialize
[E : SPU[107] Thread (FMOD)[0x0000ebc4]]: SPUThread::ReadChannel error: unknown/illegal channel (8 [$SPU_RdDec]).
[E : PPU[1] Thread (CPUThread)[0x00af8028]]: TODO: cellFiberPpuCreateFiber
[E : PPU[1] Thread (CPUThread)[0x00af8058]]: TODO: _cellFiberPpuAttributeInitialize
[E : PPU[1] Thread (CPUThread)[0x00af8028]]: TODO: cellFiberPpuCreateFiber
[E : PPU[1] Thread (CPUThread)[0x00af8058]]: TODO: _cellFiberPpuAttributeInitialize
[E : PPU[1] Thread (CPUThread)[0x00af8028]]: TODO: cellFiberPpuCreateFiber
[E : PPU[1] Thread (CPUThread)[0x00af8058]]: TODO: _cellFiberPpuAttributeInitialize
[E : PPU[1] Thread (CPUThread)[0x00af8028]]: TODO: cellFiberPpuCreateFiber
[E : PPU[122] Thread (AcxJobMan)[0x00af8010]]: TODO: cellFiberPpuRunFibers
[E : PPU[122] Thread (AcxJobMan)[0x00af8064]]: TODO: cellFiberPpuHasRunnableFiber
[W : PPU[1] Thread (CPUThread)[0x00ae4010]]: cellSysmodule warning: cellSysmoduleLoadModule(CELL_SYSMODULE_SSL)
[W : PPU[1] Thread (CPUThread)[0x00ae4010]]: cellSysmodule warning: cellSysmoduleLoadModule(CELL_SYSMODULE_HTTP)
[W : PPU[1] Thread (CPUThread)[0x00ad8004]]: sys_net warning: sys_net_initialize_network_ex(param_addr=0xd001f8ec)
[E : PPU[1] Thread (CPUThread)[0x00ada01c]]: cellNetCtl error: Unimplemented function: cellNetCtlInit
[E : PPU[1] Thread (CPUThread)[0x00ade040]]: TODO: cellHttpInit
[E : PPU[1] Thread (CPUThread)[0x00ae001c]]: TODO: cellSslInit
[E : SPU[107] Thread (FMOD)[0x0000ebc4]]: SPUThread::ReadChannel error: unknown/illegal channel (8 [$SPU_RdDec]).
[W : PPU[87] Thread (fios mediathread 5)[0x00ad6004]]: sys_fs warning: cellFsStat: "game_data/scert_public.pem" not found.
[W : PPU[87] Thread (fios mediathread 5)[0x00ad6004]]: sys_fs warning: cellFsStat: "patch_data001/scert_public.pem" not found.
[W : PPU[87] Thread (fios mediathread 5)[0x00ad6004]]: sys_fs warning: cellFsStat: "patch_data002/scert_public.pem" not found.
[W : PPU[87] Thread (fios mediathread 5)[0x00ad6004]]: sys_fs warning: cellFsStat: "patch_data003/scert_public.pem" not found.
[E : SPU[107] Thread (FMOD)[0x0000ebc4]]: SPUThread::ReadChannel error: unknown/illegal channel (8 [$SPU_RdDec]).
[W : PPU[87] Thread (fios mediathread 5)[0x00ad6004]]: sys_fs warning: cellFsStat: "patch_data004/scert_public.pem" not found.
[E : PPU[87] Thread (fios mediathread 5)[0x00ad6064]]: sys_fs error: "scert_public.pem" not found! flags: 0x00000000
[E : SPU[107] Thread (FMOD)[0x0000ebc4]]: SPUThread::ReadChannel error: unknown/illegal channel (8 [$SPU_RdDec]).
[E : PPU[1] Thread (CPUThread)[0x00ae0010]]: TODO: cellSslCertificateLoader
[E : PPU[1] Thread (CPUThread)[0x00ae0010]]: TODO: cellSslCertificateLoader
[E : PPU[1] Thread (CPUThread)[0x00ade07c]]: TODO: cellHttpsInit
[E : PPU[1] Thread (CPUThread)[0x00ade070]]: TODO: cellHttpCreateClient
[E : PPU[1] Thread (CPUThread)[0x00ade01c]]: TODO: cellHttpClientSetSslCallback
[E : PPU[1] Thread (CPUThread)[0x00ade064]]: TODO: cellHttpClientSetRedirectCallback
[E : PPU[1] Thread (CPUThread)[0x00ade0f4]]: TODO: cellHttpClientSetConnTimeout
[E : PPU[1] Thread (CPUThread)[0x00ade034]]: TODO: cellHttpClientSetRecvTimeout
[E : PPU[1] Thread (CPUThread)[0x00ad8010]]: sys_net error: Unimplemented function: sys_net_set_resolver_configurations
[E : PPU[1] Thread (CPUThread)[0x00ade0a0]]: TODO: cellHttpClientSetSendTimeout
[E : PPU[1] Thread (CPUThread)[0x00ade028]]: TODO: cellHttpClientSetAutoRedirect
[E : SPU[107] Thread (FMOD)[0x0000ebc4]]: SPUThread::ReadChannel error: unknown/illegal channel (8 [$SPU_RdDec]).
[E : SPU[107] Thread (FMOD)[0x0000ebc4]]: SPUThread::ReadChannel error: unknown/illegal channel (8 [$SPU_RdDec]).
[E : SPU[107] Thread (FMOD)[0x0000ebc4]]: SPUThread::ReadChannel error: unknown/illegal channel (8 [$SPU_RdDec]).
[E : SPU[107] Thread (FMOD)[0x0000ebc4]]: SPUThread::ReadChannel error: unknown/illegal channel (8 [$SPU_RdDec]).
[E : SPU[107] Thread (FMOD)[0x0000ebc4]]: SPUThread::ReadChannel error: unknown/illegal channel (8 [$SPU_RdDec]).
[E : SPU[107] Thread (FMOD)[0x0000ebc4]]: SPUThread::ReadChannel error: unknown/illegal channel (8 [$SPU_RdDec]).
[E : SPU[107] Thread (FMOD)[0x0000ebc4]]: SPUThread::ReadChannel error: unknown/illegal channel (8 [$SPU_RdDec]).
[E : SPU[107] Thread (FMOD)[0x0000ebc4]]: SPUThread::ReadChannel error: unknown/illegal channel (8 [$SPU_RdDec]).
[E : SPU[107] Thread (FMOD)[0x0000ebc4]]: SPUThread::ReadChannel error: unknown/illegal channel (8 [$SPU_RdDec]).
[E : SPU[107] Thread (FMOD)[0x0000ebc4]]: SPUThread::ReadChannel error: unknown/illegal channel (8 [$SPU_RdDec]).
[E : SPU[107] Thread (FMOD)[0x0000ebc4]]: SPUThread::ReadChannel error: unknown/illegal channel (8 [$SPU_RdDec]).
[E : SPU[107] Thread (FMOD)[0x0000ebc4]]: SPUThread::ReadChannel error: unknown/illegal channel (8 [$SPU_RdDec]).
[E : SPU[107] Thread (FMOD)[0x0000ebc4]]: SPUThread::ReadChannel error: unknown/illegal channel (8 [$SPU_RdDec]).
[E : SPU[107] Thread (FMOD)[0x0000ebc4]]: SPUThread::ReadChannel error: unknown/illegal channel (8 [$SPU_RdDec]).
[E : SPU[107] Thread (FMOD)[0x0000ebc4]]: SPUThread::ReadChannel error: unknown/illegal channel (8 [$SPU_RdDec]).
[E : SPU[107] Thread (FMOD)[0x0000ebc4]]: SPUThread::ReadChannel error: unknown/illegal channel (8 [$SPU_RdDec]).
[E : SPU[107] Thread (FMOD)[0x0000ebc4]]: SPUThread::ReadChannel error: unknown/illegal channel (8 [$SPU_RdDec]).
[E : SPU[107] Thread (FMOD)[0x0000ebc4]]: SPUThread::ReadChannel error: unknown/illegal channel (8 [$SPU_RdDec]).
[E : SPU[107] Thread (FMOD)[0x0000ebc4]]: SPUThread::ReadChannel error: unknown/illegal channel (8 [$SPU_RdDec]).
[E : SPU[107] Thread (FMOD)[0x0000ebc4]]: SPUThread::ReadChannel error: unknown/illegal channel (8 [$SPU_RdDec]).
[E : SPU[107] Thread (FMOD)[0x0000ebc4]]: SPUThread::ReadChannel error: unknown/illegal channel (8 [$SPU_RdDec]).
[E : SPU[107] Thread (FMOD)[0x0000ebc4]]: SPUThread::ReadChannel error: unknown/illegal channel (8 [$SPU_RdDec]).
[E : SPU[107] Thread (FMOD)[0x0000ebc4]]: SPUThread::ReadChannel error: unknown/illegal channel (8 [$SPU_RdDec]).
[E : SPU[107] Thread (FMOD)[0x0000ebc4]]: SPUThread::ReadChannel error: unknown/illegal channel (8 [$SPU_RdDec]).
[E : SPU[107] Thread (FMOD)[0x0000ebc4]]: SPUThread::ReadChannel error: unknown/illegal channel (8 [$SPU_RdDec]).
[E : SPU[107] Thread (FMOD)[0x0000ebc4]]: SPUThread::ReadChannel error: unknown/illegal channel (8 [$SPU_RdDec]).
[E : SPU[107] Thread (FMOD)[0x0000ebc4]]: SPUThread::ReadChannel error: unknown/illegal channel (8 [$SPU_RdDec]).
[E : SPU[107] Thread (FMOD)[0x0000ebc4]]: SPUThread::ReadChannel error: unknown/illegal channel (8 [$SPU_RdDec]).
[E : SPU[107] Thread (FMOD)[0x0000ebc4]]: SPUThread::ReadChannel error: unknown/illegal channel (8 [$SPU_RdDec]).
[E : SPU[107] Thread (FMOD)[0x0000ebc4]]: SPUThread::ReadChannel error: unknown/illegal channel (8 [$SPU_RdDec]).
[E : SPU[107] Thread (FMOD)[0x0000ebc4]]: SPUThread::ReadChannel error: unknown/illegal channel (8 [$SPU_RdDec]).
[E : SPU[107] Thread (FMOD)[0x0000ebc4]]: SPUThread::ReadChannel error: unknown/illegal channel (8 [$SPU_RdDec]).
[E : SPU[107] Thread (FMOD)[0x0000ebc4]]: SPUThread::ReadChannel error: unknown/illegal channel (8 [$SPU_RdDec]).
[E : SPU[107] Thread (FMOD)[0x0000ebc4]]: SPUThread::ReadChannel error: unknown/illegal channel (8 [$SPU_RdDec]).
[E : SPU[107] Thread (FMOD)[0x0000ebc4]]: SPUThread::ReadChannel error: unknown/illegal channel (8 [$SPU_RdDec]).
[E : SPU[107] Thread (FMOD)[0x0000ebc4]]: SPUThread::ReadChannel error: unknown/illegal channel (8 [$SPU_RdDec]).
[E : SPU[107] Thread (FMOD)[0x0000ebc4]]: SPUThread::ReadChannel error: unknown/illegal channel (8 [$SPU_RdDec]).
[E : SPU[107] Thread (FMOD)[0x0000ebc4]]: SPUThread::ReadChannel error: unknown/illegal channel (8 [$SPU_RdDec]).
[E : SPU[107] Thread (FMOD)[0x0000ebc4]]: SPUThread::ReadChannel error: unknown/illegal channel (8 [$SPU_RdDec]).
[E : SPU[107] Thread (FMOD)[0x0000ebc4]]: SPUThread::ReadChannel error: unknown/illegal channel (8 [$SPU_RdDec]).
[E : SPU[107] Thread (FMOD)[0x0000ebc4]]: SPUThread::ReadChannel error: unknown/illegal channel (8 [$SPU_RdDec]).
[E : SPU[107] Thread (FMOD)[0x0000ebc4]]: SPUThread::ReadChannel error: unknown/illegal channel (8 [$SPU_RdDec]).
[E : SPU[107] Thread (FMOD)[0x0000ebc4]]: SPUThread::ReadChannel error: unknown/illegal channel (8 [$SPU_RdDec]).
[E : SPU[107] Thread (FMOD)[0x0000ebc4]]: SPUThread::ReadChannel error: unknown/illegal channel (8 [$SPU_RdDec]).
[E : SPU[107] Thread (FMOD)[0x0000ebc4]]: SPUThread::ReadChannel error: unknown/illegal channel (8 [$SPU_RdDec]).
[E : SPU[107] Thread (FMOD)[0x0000ebc4]]: SPUThread::ReadChannel error: unknown/illegal channel (8 [$SPU_RdDec]).
[E : SPU[107] Thread (FMOD)[0x0000ebc4]]: SPUThread::ReadChannel error: unknown/illegal channel (8 [$SPU_RdDec]).
[E : SPU[107] Thread (FMOD)[0x0000ebc4]]: SPUThread::ReadChannel error: unknown/illegal channel (8 [$SPU_RdDec]).
[E : SPU[107] Thread (FMOD)[0x0000ebc4]]: SPUThread::ReadChannel error: unknown/illegal channel (8 [$SPU_RdDec]).
[E : SPU[107] Thread (FMOD)[0x0000ebc4]]: SPUThread::ReadChannel error: unknown/illegal channel (8 [$SPU_RdDec]).
[E : SPU[107] Thread (FMOD)[0x0000ebc4]]: SPUThread::ReadChannel error: unknown/illegal channel (8 [$SPU_RdDec]).
[E : SPU[107] Thread (FMOD)[0x0000ebc4]]: SPUThread::ReadChannel error: unknown/illegal channel (8 [$SPU_RdDec]).
[E : SPU[107] Thread (FMOD)[0x0000ebc4]]: SPUThread::ReadChannel error: unknown/illegal channel (8 [$SPU_RdDec]).
[E : SPU[107] Thread (FMOD)[0x0000ebc4]]: SPUThread::ReadChannel error: unknown/illegal channel (8 [$SPU_RdDec]).
[E : SPU[107] Thread (FMOD)[0x0000ebc4]]: SPUThread::ReadChannel error: unknown/illegal channel (8 [$SPU_RdDec]).
[E : SPU[107] Thread (FMOD)[0x0000ebc4]]: SPUThread::ReadChannel error: unknown/illegal channel (8 [$SPU_RdDec]).
[E : SPU[107] Thread (FMOD)[0x0000ebc4]]: SPUThread::ReadChannel error: unknown/illegal channel (8 [$SPU_RdDec]).
[E : SPU[107] Thread (FMOD)[0x0000ebc4]]: SPUThread::ReadChannel error: unknown/illegal channel (8 [$SPU_RdDec]).
[E : SPU[107] Thread (FMOD)[0x0000ebc4]]: SPUThread::ReadChannel error: unknown/illegal channel (8 [$SPU_RdDec]).
[E : SPU[107] Thread (FMOD)[0x0000ebc4]]: SPUThread::ReadChannel error: unknown/illegal channel (8 [$SPU_RdDec]).
[E : SPU[107] Thread (FMOD)[0x0000ebc4]]: SPUThread::ReadChannel error: unknown/illegal channel (8 [$SPU_RdDec]).
[E : SPU[107] Thread (FMOD)[0x0000ebc4]]: SPUThread::ReadChannel error: unknown/illegal channel (8 [$SPU_RdDec]).
[E : SPU[107] Thread (FMOD)[0x0000ebc4]]: SPUThread::ReadChannel error: unknown/illegal channel (8 [$SPU_RdDec]).
[E : SPU[107] Thread (FMOD)[0x0000ebc4]]: SPUThread::ReadChannel error: unknown/illegal channel (8 [$SPU_RdDec]).
[E : SPU[107] Thread (FMOD)[0x0000ebc4]]: SPUThread::ReadChannel error: unknown/illegal channel (8 [$SPU_RdDec]).
[E : SPU[107] Thread (FMOD)[0x0000ebc4]]: SPUThread::ReadChannel error: unknown/illegal channel (8 [$SPU_RdDec]).
[E : SPU[107] Thread (FMOD)[0x0000ebc4]]: SPUThread::ReadChannel error: unknown/illegal channel (8 [$SPU_RdDec]).
[E : SPU[107] Thread (FMOD)[0x0000ebc4]]: SPUThread::ReadChannel error: unknown/illegal channel (8 [$SPU_RdDec]).
[E : SPU[107] Thread (FMOD)[0x0000ebc4]]: SPUThread::ReadChannel error: unknown/illegal channel (8 [$SPU_RdDec]).
[E : SPU[107] Thread (FMOD)[0x0000ebc4]]: SPUThread::ReadChannel error: unknown/illegal channel (8 [$SPU_RdDec]).
[E : SPU[107] Thread (FMOD)[0x0000ebc4]]: SPUThread::ReadChannel error: unknown/illegal channel (8 [$SPU_RdDec]).
[E : SPU[107] Thread (FMOD)[0x0000ebc4]]: SPUThread::ReadChannel error: unknown/illegal channel (8 [$SPU_RdDec]).
[E : SPU[107] Thread (FMOD)[0x0000ebc4]]: SPUThread::ReadChannel error: unknown/illegal channel (8 [$SPU_RdDec]).
[E : SPU[107] Thread (FMOD)[0x0000ebc4]]: SPUThread::ReadChannel error: unknown/illegal channel (8 [$SPU_RdDec]).
[E : SPU[107] Thread (FMOD)[0x0000ebc4]]: SPUThread::ReadChannel error: unknown/illegal channel (8 [$SPU_RdDec]).
[E : SPU[107] Thread (FMOD)[0x0000ebc4]]: SPUThread::ReadChannel error: unknown/illegal channel (8 [$SPU_RdDec]).
[E : SPU[107] Thread (FMOD)[0x0000ebc4]]: SPUThread::ReadChannel error: unknown/illegal channel (8 [$SPU_RdDec]).
[E : SPU[107] Thread (FMOD)[0x0000ebc4]]: SPUThread::ReadChannel error: unknown/illegal channel (8 [$SPU_RdDec]).
[E : SPU[107] Thread (FMOD)[0x0000ebc4]]: SPUThread::ReadChannel error: unknown/illegal channel (8 [$SPU_RdDec]).
[E : SPU[107] Thread (FMOD)[0x0000ebc4]]: SPUThread::ReadChannel error: unknown/illegal channel (8 [$SPU_RdDec]).
[E : SPU[107] Thread (FMOD)[0x0000ebc4]]: SPUThread::ReadChannel error: unknown/illegal channel (8 [$SPU_RdDec]).
[E : SPU[107] Thread (FMOD)[0x0000ebc4]]: SPUThread::ReadChannel error: unknown/illegal channel (8 [$SPU_RdDec]).
[E : SPU[107] Thread (FMOD)[0x0000ebc4]]: SPUThread::ReadChannel error: unknown/illegal channel (8 [$SPU_RdDec]).
[W : PPU[87] Thread (fios mediathread 5)[0x00ad6004]]: sys_fs warning: cellFsStat: "game_data/DummyEntity.gm" not found.
[E : PPU[95] Thread (FMOD BGM status query thread)[0x00ae60e8]]: TODO: cellSysutilGetBgmPlaybackStatus
[W : PPU[87] Thread (fios mediathread 5)[0x00ad6004]]: sys_fs warning: cellFsStat: "patch_data001/DummyEntity.gm" not found.
[W : PPU[87] Thread (fios mediathread 5)[0x00ad6004]]: sys_fs warning: cellFsStat: "patch_data002/DummyEntity.gm" not found.
[W : PPU[87] Thread (fios mediathread 5)[0x00ad6004]]: sys_fs warning: cellFsStat: "patch_data003/DummyEntity.gm" not found.
[E : SPU[107] Thread (FMOD)[0x0000ebc4]]: SPUThread::ReadChannel error: unknown/illegal channel (8 [$SPU_RdDec]).
[W : PPU[87] Thread (fios mediathread 5)[0x00ad6004]]: sys_fs warning: cellFsStat: "patch_data004/DummyEntity.gm" not found.
[E : PPU[87] Thread (fios mediathread 5)[0x00ad6064]]: sys_fs error: "DummyEntity.gm" not found! flags: 0x00000000
[E : SPU[107] Thread (FMOD)[0x0000ebc4]]: SPUThread::ReadChannel error: unknown/illegal channel (8 [$SPU_RdDec]).
[E : SPU[107] Thread (FMOD)[0x0000ebc4]]: SPUThread::ReadChannel error: unknown/illegal channel (8 [$SPU_RdDec]).
[W : PPU[1] Thread (CPUThread)[0x00afe058]]: sys_lwmutex warning: *** lwmutex created [_lc_mtx] (attribute=0x12): sq_id = 124
[W : PPU[1] Thread (CPUThread)[0x00afe100]]: sys_lwmutex warning: sys_lwmutex_destroy(lwmutex_addr=0x378fff10)
[W : PPU[1] Thread (CPUThread)[0x00afe058]]: sys_lwmutex warning: *** lwmutex created [_lc_mtx] (attribute=0x12): sq_id = 125
[W : PPU[1] Thread (CPUThread)[0x00afe100]]: sys_lwmutex warning: sys_lwmutex_destroy(lwmutex_addr=0x36698de0)
[E : SPU[107] Thread (FMOD)[0x0000ebc4]]: SPUThread::ReadChannel error: unknown/illegal channel (8 [$SPU_RdDec]).
[E : SPU[107] Thread (FMOD)[0x0000ebc4]]: SPUThread::ReadChannel error: unknown/illegal channel (8 [$SPU_RdDec]).
[E : SPU[107] Thread (FMOD)[0x0000ebc4]]: SPUThread::ReadChannel error: unknown/illegal channel (8 [$SPU_RdDec]).
[W : PPU[87] Thread (fios mediathread 5)[0x00ad6004]]: sys_fs warning: cellFsStat: "game_data/localization/en_gb/strings.mo" not found.
[E : SPU[107] Thread (FMOD)[0x0000ebc4]]: SPUThread::ReadChannel error: unknown/illegal channel (8 [$SPU_RdDec]).
[W : PPU[87] Thread (fios mediathread 5)[0x00ad6004]]: sys_fs warning: cellFsStat: "patch_data001/localization/en_gb/strings.mo" not found.
[W : PPU[87] Thread (fios mediathread 5)[0x00ad6004]]: sys_fs warning: cellFsStat: "patch_data002/localization/en_gb/strings.mo" not found.
[W : PPU[87] Thread (fios mediathread 5)[0x00ad6004]]: sys_fs warning: cellFsStat: "patch_data003/localization/en_gb/strings.mo" not found.
[E : SPU[107] Thread (FMOD)[0x0000ebc4]]: SPUThread::ReadChannel error: unknown/illegal channel (8 [$SPU_RdDec]).
[W : PPU[87] Thread (fios mediathread 5)[0x00ad6004]]: sys_fs warning: cellFsStat: "patch_data004/localization/en_gb/strings.mo" not found.
[E : PPU[87] Thread (fios mediathread 5)[0x00ad6064]]: sys_fs error: "localization/en_gb/strings.mo" not found! flags: 0x00000000
[E : SPU[107] Thread (FMOD)[0x0000ebc4]]: SPUThread::ReadChannel error: unknown/illegal channel (8 [$SPU_RdDec]).
[W : PPU[1] Thread (CPUThread)[0x00ae4010]]: cellSysmodule warning: cellSysmoduleLoadModule(CELL_SYSMODULE_SYSUTIL_NP)
[E : PPU[1] Thread (CPUThread)[0x00af007c]]: TODO: sceNpInit
[E : PPU[1] Thread (CPUThread)[0x00af0094]]: TODO: sceNpManagerRegisterCallback
[W : PPU[1] Thread (CPUThread)[0x00202b40]]: sys_mutex warning: *** mutex created [] (protocol=0x1, recursive=false): id = 126
[W : PPU[1] Thread (CPUThread)[0x00af2064]]: sceNpTrophy warning: sceNpTrophyCreateContext(context_addr=0xa7b178, commID_addr=0x3941d4, commSign_addr=0x394260, options=0x0)
[E : SPU[107] Thread (FMOD)[0x0000ebc4]]: SPUThread::ReadChannel error: unknown/illegal channel (8 [$SPU_RdDec]).
[W : PPU[1] Thread (CPUThread)[0x00af2010]]: sceNpTrophy warning: sceNpTrophyCreateHandle(handle_addr=0xa7b17c)
[W : PPU[1] Thread (CPUThread)[0x00af201c]]: sceNpTrophy warning: sceNpTrophyGetRequiredDiskSpace(context=0, handle=0, reqspace_addr=0xd001fb10, options=0x0)
[W : PPU[1] Thread (CPUThread)[0x00202b40]]: sys_mutex warning: *** mutex created [] (protocol=0x1, recursive=false): id = 127
[W : PPU[1] Thread (CPUThread)[0x00ae4010]]: cellSysmodule warning: cellSysmoduleLoadModule(CELL_SYSMODULE_SYSUTIL_SAVEDATA)
[E : PPU[1] Thread (CPUThread)[0x00ae60dc]]: TODO: cellSaveDataAutoLoad2
[W : PPU[1] Thread (CPUThread)[0x00202b40]]: sys_mutex warning: *** mutex created [] (protocol=0x1, recursive=false): id = 128
[W : PPU[1] Thread (CPUThread)[0x00afe058]]: sys_lwmutex warning: *** lwmutex created [] (attribute=0x22): sq_id = 129
[E : SPU[107] Thread (FMOD)[0x0000ebc4]]: SPUThread::ReadChannel error: unknown/illegal channel (8 [$SPU_RdDec]).
[E : PPU[130] Thread (38f60960)[0x00203bc4]]: Read32 from null block: [00000028]
[W : Audio Thread]: Audio aborted
[W : PPU[60] Thread (fios scheduler 1)[0x00afe040]]: sys_lwcond_wait(sq=52) aborted
[W : PPU[59] Thread (fios mediathread 3)[0x00afe040]]: sys_lwcond_wait(sq=57) aborted
[W : PPU[87] Thread (fios mediathread 5)[0x00afe040]]: sys_lwcond_wait(sq=84) aborted
[W : PPU[88] Thread (fios mediathread 6)[0x00afe040]]: sys_lwcond_wait(sq=85) aborted
[W : PPU[111] Thread (FMOD libAudio event receive thread)[0x002814bc]]: sys_event_queue_receive(equeue=103) aborted
[! : RSXThread]: RSX thread exit...
[W : PPU[89] Thread (fios mediathread 7)[0x00afe040]]: sys_lwcond_wait(sq=86) aborted
[W : PPU[58] Thread (fios mediathread 2)[0x00afe040]]: sys_lwcond_wait(sq=56) aborted
[W : PPU[90] Thread (fios scheduler 4)[0x00afe040]]: sys_lwcond_wait(sq=80) aborted
