[!]: path: /dev_hdd0/game/
[!]: Loading 'D:\Emulateur\Rpcs3\dev_hdd0\game\NPEB00338-[Dead Space_ Ignition]/USRDIR/BOOT.BIN'...
[!]: Mount info:
[!]: /dev_hdd0/ -> D:\Emulateur\Rpcs3\dev_hdd0\
[!]: /dev_hdd1/ -> D:\Emulateur\Rpcs3\dev_hdd1\
[!]: /dev_flash/ -> D:\Emulateur\Rpcs3\dev_flash\
[!]: /dev_usb000/ -> D:\Emulateur\Rpcs3\dev_usb000\
[!]: /dev_usb/ -> D:\Emulateur\Rpcs3\dev_usb000\
[!]: /app_home/ -> D:\Emulateur\Rpcs3\dev_hdd0\game\NPEB00338-[Dead Space_ Ignition]/
[!]: /dev_bdvd/ -> D:\Emulateur\Rpcs3\dev_hdd0\game\NPEB00338-[Dead Space_ Ignition]/\..\
[!]: /host_root/ -> 
[!]: / -> D:\Emulateur\Rpcs3\dev_hdd0\game\NPEB00338-[Dead Space_ Ignition]/\USRDIR\
[!]: Initing memory...
[!]: Memory initialized.
[W]: Unknown function 0x723bbc7e in 'cellGcmSys' module
[E]: TODO: cellGcmGetVBlankCount
[W]: Unknown function 0x011ee38b in 'cellSpurs' module
[E]: TODO: _cellSpursLFQueueInitialize
[W]: Unknown function 0x16394a4e in 'cellSpurs' module
[E]: TODO: _cellSpursTasksetAttributeInitialize
[W]: Unknown function 0x1656d49f in 'cellSpurs' module
[E]: TODO: cellSpursLFQueueAttachLv2EventQueue
[W]: Unknown function 0x1d344406 in 'cellSpurs' module
[E]: TODO: cellSpursTaskGetLoadableSegmentPattern
[W]: Unknown function 0x22aab31d in 'cellSpurs' module
[E]: TODO: cellSpursEventFlagDetachLv2EventQueue
[W]: Unknown function 0x303c19cd in 'cellSpurs' module
[E]: TODO: cellSpursCreateJobChainWithAttribute
[W]: Unknown function 0x3548f483 in 'cellSpurs' module
[E]: TODO: _cellSpursJobChainAttributeInitialize
[W]: Unknown function 0x373523d4 in 'cellSpurs' module
[E]: TODO: cellSpursEventFlagWait
[W]: Unknown function 0x4a6465e3 in 'cellSpurs' module
[E]: TODO: cellSpursCreateTaskset2
[W]: Unknown function 0x5ef96465 in 'cellSpurs' module
[E]: TODO: _cellSpursEventFlagInitialize
[W]: Unknown function 0x652b70e2 in 'cellSpurs' module
[E]: TODO: cellSpursTasksetAttributeSetName
[W]: Unknown function 0x68aaeba9 in 'cellSpurs' module
[E]: TODO: cellSpursJobGuardInitialize
[W]: Unknown function 0x6d2d9339 in 'cellSpurs' module
[E]: TODO: cellSpursEventFlagTryWait
[W]: Unknown function 0x738e40e6 in 'cellSpurs' module
[E]: TODO: cellSpursShutdownJobChain
[W]: Unknown function 0x7cb33c2e in 'cellSpurs' module
[E]: TODO: cellSpursTaskGetReadOnlyAreaPattern
[W]: Unknown function 0x87630976 in 'cellSpurs' module
[E]: TODO: cellSpursEventFlagAttachLv2EventQueue
[W]: Unknown function 0x8a85674d in 'cellSpurs' module
[E]: TODO: _cellSpursLFQueuePushBody
[W]: Unknown function 0x8adadf65 in 'cellSpurs' module
[E]: TODO: _cellSpursTaskAttribute2Initialize
[W]: Unknown function 0x9034e538 in 'cellSpurs' module
[E]: TODO: cellSpursTaskGetContextSaveAreaSize
[W]: Unknown function 0x9197915f in 'cellSpurs' module
[E]: TODO: cellSpursTaskGenerateLsPattern
[W]: Unknown function 0x9f72add3 in 'cellSpurs' module
[E]: TODO: cellSpursJoinTaskset
[W]: Unknown function 0x9fef70c2 in 'cellSpurs' module
[E]: TODO: cellSpursJobChainAttributeSetName
[W]: Unknown function 0xa789e631 in 'cellSpurs' module
[E]: TODO: cellSpursShutdownTaskset
[W]: Unknown function 0xa7a94892 in 'cellSpurs' module
[E]: TODO: cellSpursJoinTask2
[W]: Unknown function 0xa7c066de in 'cellSpurs' module
[E]: TODO: cellSpursJoinJobChain
[W]: Unknown function 0xaa6269a8 in 'cellSpurs' module
[E]: TODO: cellSpursInitializeWithAttribute
[W]: Unknown function 0xc10931cb in 'cellSpurs' module
[E]: TODO: cellSpursCreateTasksetWithAttribute
[W]: Unknown function 0xc2acdf43 in 'cellSpurs' module
[E]: TODO: _cellSpursTasksetAttribute2Initialize
[W]: Unknown function 0xd5d0b256 in 'cellSpurs' module
[E]: TODO: cellSpursJobGuardNotify
[W]: Unknown function 0xe14ca62d in 'cellSpurs' module
[E]: TODO: cellSpursCreateTask2
[W]: Unknown function 0xf31731bb in 'cellSpurs' module
[E]: TODO: cellSpursRunJobChain
[W]: Unknown function 0xf5507729 in 'cellSpurs' module
[E]: TODO: cellSpursEventFlagSet
[W]: Unknown function 0x52cc6c82 in 'cellSpurs' module
[E]: TODO: cellSpursCreateTaskset
[W]: Unknown function 0x73e06f91 in 'cellSpurs' module
[E]: TODO: cellSpursLFQueueDetachLv2EventQueue
[W]: Unknown function 0xacfc8dbc in 'cellSpurs' module
[E]: TODO: cellSpursInitialize
[W]: Unknown function 0xbeb600ac in 'cellSpurs' module
[E]: TODO: cellSpursCreateTask
[W]: Unknown function 0xe0a6dbe4 in 'cellSpurs' module
[E]: TODO: _cellSpursSendSignal
[W]: Unknown function 0x8b7ed64b in 'cellSysutil' module
[E]: TODO: cellSaveDataAutoSave2
[W]: Unknown function 0xced17573 in 'cellSysutil' module
[E]: TODO: cellSaveDataFixedDelete
[W]: Unknown function 0xfbd5c856 in 'cellSysutil' module
[E]: TODO: cellSaveDataAutoLoad2
[W]: Unknown module 'cellSaveData'
[W]: Unknown function 0x04372385 in 'sceNp' module
[E]: TODO: sceNpBasicGetFriendListEntry
[W]: Unknown function 0x155de760 in 'sceNp' module
[E]: TODO: sceNpSignalingGetConnectionInfo
[W]: Unknown function 0x21206642 in 'sceNp' module
[E]: TODO: sceNpScoreGetRankingByRangeAsync
[W]: Unknown function 0x259113b8 in 'sceNp' module
[E]: TODO: sceNpScoreDestroyTitleCtx
[W]: Unknown function 0x2ecd48ed in 'sceNp' module
[E]: TODO: sceNpDrmVerifyUpgradeLicense
[W]: Unknown function 0x32c78a6a in 'sceNp' module
[E]: TODO: sceNpBasicGetFriendPresenceByIndex
[W]: Unknown function 0x32cf311f in 'sceNp' module
[E]: TODO: sceNpScoreInit
[W]: Unknown function 0x34ce82a0 in 'sceNp' module
[E]: TODO: sceNpSignalingGetConnectionFromPeerAddress
[W]: Unknown function 0x36d0c2c5 in 'sceNp' module
[E]: TODO: sceNpManagerGetAvatarUrl
[W]: Unknown function 0x3d1760dc in 'sceNp' module
[E]: TODO: sceNpLookupAbortTransaction
[W]: Unknown function 0x3db7914d in 'sceNp' module
[E]: TODO: sceNpScoreGetRankingByNpIdAsync
[W]: Unknown function 0x45f8f3aa in 'sceNp' module
[E]: TODO: sceNpCustomMenuRegisterActions
[W]: Unknown function 0x50b86d94 in 'sceNp' module
[E]: TODO: sceNpSignalingAddExtendedHandler
[W]: Unknown function 0x52a6b523 in 'sceNp' module
[E]: TODO: sceNpManagerUnregisterCallback
[W]: Unknown function 0x5de61626 in 'sceNp' module
[E]: TODO: sceNpLookupDestroyTitleCtx
[W]: Unknown function 0x5e849303 in 'sceNp' module
[E]: TODO: sceNpBasicSetPresenceDetails2
[W]: Unknown function 0x5f2d9257 in 'sceNp' module
[E]: TODO: sceNpLookupInit
[W]: Unknown function 0x60897c38 in 'sceNp' module
[E]: TODO: sceNpSignalingActivateConnection
[W]: Unknown function 0x6356082e in 'sceNp' module
[E]: TODO: sceNpSignalingCreateCtx
[W]: Unknown function 0x64a704cc in 'sceNp' module
[E]: TODO: sceNpBasicRecvMessageAttachmentLoad
[W]: Unknown function 0x6ee62ed2 in 'sceNp' module
[E]: TODO: sceNpManagerGetContentRatingFlag
[W]: Unknown function 0x6f5e8143 in 'sceNp' module
[E]: TODO: sceNpScoreCreateTransactionCtx
[W]: Unknown function 0x73931bd0 in 'sceNp' module
[E]: TODO: sceNpBasicGetBlockListEntryCount
[W]: Unknown function 0x7508112e in 'sceNp' module
[E]: TODO: sceNpLookupPollAsync
[W]: Unknown function 0x8440537c in 'sceNp' module
[E]: TODO: sceNpLookupTerm
[W]: Unknown function 0x95c7bba3 in 'sceNp' module
[E]: TODO: sceNpSignalingTerminateConnection
[W]: Unknown function 0x9851f805 in 'sceNp' module
[E]: TODO: sceNpScoreTerm
[W]: Unknown function 0xa7a090e5 in 'sceNp' module
[E]: TODO: sceNpScorePollAsync
[W]: Unknown function 0xa8cf8451 in 'sceNp' module
[E]: TODO: sceNpSignalingDestroyCtx
[W]: Unknown function 0xacb9ee8e in 'sceNp' module
[E]: TODO: sceNpBasicUnregisterHandler
[W]: Unknown function 0xad218faf in 'sceNp' module
[E]: TODO: sceNpDrmIsAvailable
[W]: Unknown function 0xafef640d in 'sceNp' module
[E]: TODO: sceNpBasicGetFriendListEntryCount
[W]: Unknown function 0xb1e0718b in 'sceNp' module
[E]: TODO: sceNpManagerGetAccountRegion
[W]: Unknown function 0xb9f93bbb in 'sceNp' module
[E]: TODO: sceNpScoreCreateTitleCtx
[W]: Unknown function 0xbcc09fe7 in 'sceNp' module
[E]: TODO: sceNpBasicRegisterHandler
[W]: Unknown function 0xbcdbb2ab in 'sceNp' module
[E]: TODO: sceNpBasicAddPlayersHistoryAsync
[W]: Unknown function 0xbdc07fd5 in 'sceNp' module
[E]: TODO: sceNpManagerGetNetworkTime
[W]: Unknown function 0xbf9eea93 in 'sceNp' module
[E]: TODO: sceNpLookupAvatarImageAsync
[W]: Unknown function 0xc5f4cf82 in 'sceNp' module
[E]: TODO: sceNpScoreDestroyTransactionCtx
[W]: Unknown function 0xca0a2d04 in 'sceNp' module
[E]: TODO: sceNpSignalingGetConnectionStatus
[W]: Unknown function 0xce81c7f0 in 'sceNp' module
[E]: TODO: sceNpLookupCreateTitleCtx
[W]: Unknown function 0xceeebc7a in 'sceNp' module
[E]: TODO: sceNpProfileCallGui
[W]: Unknown function 0xd208f91d in 'sceNp' module
[E]: TODO: sceNpUtilCmpNpId
[W]: Unknown function 0xdb2e4dc2 in 'sceNp' module
[E]: TODO: sceNpScoreGetGameDataAsync
[W]: Unknown function 0xe035f7d6 in 'sceNp' module
[E]: TODO: sceNpBasicGetEvent
[W]: Unknown function 0xe7dcd3b4 in 'sceNp' module
[E]: TODO: sceNpManagerRegisterCallback
[W]: Unknown function 0xe853d388 in 'sceNp' module
[E]: TODO: sceNpSignalingGetConnectionFromNpId
[W]: Unknown function 0xea2e9ffc in 'sceNp' module
[E]: TODO: sceNpLookupCreateTransactionCtx
[W]: Unknown function 0xeb7a3d84 in 'sceNp' module
[E]: TODO: sceNpManagerGetChatRestrictionFlag
[W]: Unknown function 0xee5b20d9 in 'sceNp' module
[E]: TODO: sceNpScoreAbortTransaction
[W]: Unknown function 0xf0b1e399 in 'sceNp' module
[E]: TODO: sceNpScoreRecordScoreAsync
[W]: Unknown function 0xf283c143 in 'sceNp' module
[E]: TODO: sceNpDrmExecuteGamePurchase
[W]: Unknown function 0xf2b3338a in 'sceNp' module
[E]: TODO: sceNpBasicGetBlockListEntry
[W]: Unknown function 0xf42c0df8 in 'sceNp' module
[E]: TODO: sceNpManagerGetOnlineName
[W]: Unknown function 0xf76847c2 in 'sceNp' module
[E]: TODO: sceNpScoreRecordGameDataAsync
[W]: Unknown function 0xf9732ac8 in 'sceNp' module
[E]: TODO: sceNpCustomMenuActionSetActivation
[W]: Unknown function 0xfb87cf5e in 'sceNp' module
[E]: TODO: sceNpLookupDestroyTransactionCtx
[W]: Unknown function 0xfd0eb5ae in 'sceNp' module
[E]: TODO: sceNpSignalingDeactivateConnection
[W]: Unknown function 0xfe37a7f4 in 'sceNp' module
[E]: TODO: sceNpManagerGetNpId
[W]: Unknown function 0x01379fd7 in 'sceNp2' module
[E]: TODO: sceNpMatching2DestroyContext
[W]: Unknown function 0x03a2f42a in 'sceNp2' module
[E]: TODO: sceNpMatching2RegisterLobbyMessageCallback
[W]: Unknown function 0x05bf2fbd in 'sceNp2' module
[E]: TODO: sceNpMatching2GetWorldInfoList
[W]: Unknown function 0x0884fc95 in 'sceNp2' module
[E]: TODO: sceNpMatching2RegisterLobbyEventCallback
[W]: Unknown function 0x0d22867f in 'sceNp2' module
[E]: TODO: sceNpMatching2SearchRoom
[W]: Unknown function 0x1f372697 in 'sceNp2' module
[E]: TODO: sceNpMatching2LeaveRoom
[W]: Unknown function 0x215b0d75 in 'sceNp2' module
[E]: TODO: sceNpMatching2SetRoomDataExternal
[W]: Unknown function 0x2ed909dc in 'sceNp2' module
[E]: TODO: sceNpMatching2AbortRequest
[W]: Unknown function 0x2fe0da7d in 'sceNp2' module
[E]: TODO: sceNpMatching2Term
[W]: Unknown function 0x3c00c9d4 in 'sceNp2' module
[E]: TODO: sceNpMatching2GetEventData
[W]: Unknown function 0x3f62c759 in 'sceNp2' module
[E]: TODO: sceNpMatching2Init
[W]: Unknown function 0x41251f74 in 'sceNp2' module
[E]: TODO: sceNp2Init
[W]: Unknown function 0x430ce063 in 'sceNp2' module
[E]: TODO: sceNpMatching2AbortContextStart
[W]: Unknown function 0x5721e711 in 'sceNp2' module
[E]: TODO: sceNpMatching2JoinRoom
[W]: Unknown function 0x58a04247 in 'sceNp2' module
[E]: TODO: sceNpMatching2GetRoomMemberDataInternalLocal
[W]: Unknown function 0x6ba4c668 in 'sceNp2' module
[E]: TODO: sceNpMatching2ContextStartAsync
[W]: Unknown function 0x748029a2 in 'sceNp2' module
[E]: TODO: sceNpMatching2RegisterContextCallback
[W]: Unknown function 0x817d1090 in 'sceNp2' module
[E]: TODO: sceNpMatching2SetRoomDataInternal
[W]: Unknown function 0x8e5cfe9f in 'sceNp2' module
[E]: TODO: sceNpMatching2GetServerIdListLocal
[W]: Unknown function 0x9cbce3f2 in 'sceNp2' module
[E]: TODO: sceNpMatching2CreateContext
[W]: Unknown function 0xa9e6103e in 'sceNp2' module
[E]: TODO: sceNpMatching2RegisterSignalingCallback
[W]: Unknown function 0xaadb7c12 in 'sceNp2' module
[E]: TODO: sceNp2Term
[W]: Unknown function 0xdb87b088 in 'sceNp2' module
[E]: TODO: sceNpMatching2SetDefaultRequestOptParam
[W]: Unknown function 0xdcb6b27d in 'sceNp2' module
[E]: TODO: sceNpMatching2RegisterRoomEventCallback
[W]: Unknown function 0xe7a3bc7a in 'sceNp2' module
[E]: TODO: sceNpMatching2CreateJoinRoom
[W]: Unknown function 0xf43c647a in 'sceNp2' module
[E]: TODO: sceNpMatching2ContextStop
[W]: Unknown function 0xfee11e72 in 'sceNp2' module
[E]: TODO: sceNpMatching2RegisterRoomMessageCallback
[W]: Unknown function 0x0a563878 in 'cellVoice' module
[E]: TODO: cellVoiceStart
[W]: Unknown function 0x18d3df30 in 'cellVoice' module
[E]: TODO: cellVoiceDisconnectIPortFromOPort
[W]: Unknown function 0x2a01013e in 'cellVoice' module
[E]: TODO: cellVoiceCreateNotifyEventQueue
[W]: Unknown function 0x2de54871 in 'cellVoice' module
[E]: TODO: cellVoiceCreatePort
[W]: Unknown function 0x35d84910 in 'cellVoice' module
[E]: TODO: cellVoiceSetNotifyEventQueue
[W]: Unknown function 0x36472c57 in 'cellVoice' module
[E]: TODO: cellVoiceReadFromOPort
[W]: Unknown function 0x3dad26e7 in 'cellVoice' module
[E]: TODO: cellVoiceWriteToIPort
[W]: Unknown function 0x54ac3519 in 'cellVoice' module
[E]: TODO: cellVoiceGetPortInfo
[W]: Unknown function 0x7e60adc6 in 'cellVoice' module
[E]: TODO: cellVoiceSetBitRate
[W]: Unknown function 0x9f70c475 in 'cellVoice' module
[E]: TODO: cellVoiceDeletePort
[W]: Unknown function 0xae6a21d5 in 'cellVoice' module
[E]: TODO: cellVoiceConnectIPortToOPort
[W]: Unknown function 0xc7cf1182 in 'cellVoice' module
[E]: TODO: cellVoiceInit
[W]: Unknown function 0xdd000886 in 'cellVoice' module
[E]: TODO: cellVoiceRemoveNotifyEventQueue
[W]: Unknown function 0xe0e1ae12 in 'cellVoice' module
[E]: TODO: cellVoiceEnd
[W]: Unknown module 'cellSysutilAvc2'
[W]: Unknown module 'sceNpTus'
[W]: Unknown module 'cellSysutilAvconfExt'
[W : PPU[1] Thread (CPUThread)[0x0058f034]]: sys_lwmutex warning: *** lwmutex created [] (attribute=0x22): sq_id = 3
[W : PPU[1] Thread (CPUThread)[0x00016500]]: memory warning: sys_memory_get_user_memory_size(mem_info_addr=0xd0020bf8)
[W : PPU[1] Thread (CPUThread)[0x0058f034]]: sys_lwmutex warning: *** lwmutex created [_lc_mtx] (attribute=0x12): sq_id = 4
[W : PPU[1] Thread (CPUThread)[0x0058f034]]: sys_lwmutex warning: *** lwmutex created [_lc_mtx] (attribute=0x12): sq_id = 5
[W : PPU[1] Thread (CPUThread)[0x0058f034]]: sys_lwmutex warning: *** lwmutex created [_lc_mtx] (attribute=0x12): sq_id = 6
[W : PPU[1] Thread (CPUThread)[0x0058f034]]: sys_lwmutex warning: *** lwmutex created [_lc_mtx] (attribute=0x12): sq_id = 7
[W : PPU[1] Thread (CPUThread)[0x0058f034]]: sys_lwmutex warning: *** lwmutex created [_lc_mtx] (attribute=0x12): sq_id = 8
[W : PPU[1] Thread (CPUThread)[0x0058f034]]: sys_lwmutex warning: *** lwmutex created [_lc_mtx] (attribute=0x12): sq_id = 9
[W : PPU[1] Thread (CPUThread)[0x0058f034]]: sys_lwmutex warning: *** lwmutex created [_lc_mtx] (attribute=0x12): sq_id = 10
[W : PPU[1] Thread (CPUThread)[0x0058f034]]: sys_lwmutex warning: *** lwmutex created [_lc_mtx] (attribute=0x12): sq_id = 11
[W : PPU[1] Thread (CPUThread)[0x0058f034]]: sys_lwmutex warning: *** lwmutex created [_lc_mtx] (attribute=0x12): sq_id = 12
[W : PPU[1] Thread (CPUThread)[0x0058f034]]: sys_lwmutex warning: *** lwmutex created [_lgcmtx] (attribute=0x12): sq_id = 13
[W : PPU[1] Thread (CPUThread)[0x0058f034]]: sys_lwmutex warning: *** lwmutex created [_lgcmtx] (attribute=0x22): sq_id = 14
[W : PPU[1] Thread (CPUThread)[0x0058f034]]: sys_lwmutex warning: *** lwmutex created [] (attribute=0x22): sq_id = 15
[W : PPU[1] Thread (CPUThread)[0x0058f034]]: sys_lwmutex warning: *** lwmutex created [] (attribute=0x22): sq_id = 16
[W : PPU[1] Thread (CPUThread)[0x0058f034]]: sys_lwmutex warning: *** lwmutex created [] (attribute=0x22): sq_id = 17
[W : PPU[1] Thread (CPUThread)[0x0014e520]]: sys_semaphore warning: sys_semaphore_create(sem_addr=0x524a88, attr_addr=0xd0020bc0, initial_count=0, max_count=32)
[W : PPU[1] Thread (CPUThread)[0x0058f034]]: sys_lwmutex warning: *** lwmutex created [] (attribute=0x22): sq_id = 19
[W : PPU[1] Thread (CPUThread)[0x0011ab50]]: sys_semaphore warning: sys_semaphore_create(sem_addr=0x501c80, attr_addr=0xd0020b90, initial_count=0, max_count=513)
[W : PPU[1] Thread (CPUThread)[0x0058f034]]: sys_lwmutex warning: *** lwmutex created [] (attribute=0x22): sq_id = 22
[W : PPU[1] Thread (CPUThread)[0x0058f034]]: sys_lwmutex warning: *** lwmutex created [] (attribute=0x22): sq_id = 23
[W : PPU[1] Thread (CPUThread)[0x0004c8b0]]: sys_semaphore warning: sys_semaphore_create(sem_addr=0x2c9ce0, attr_addr=0xd0020bb0, initial_count=1, max_count=1)
[W : PPU[1] Thread (CPUThread)[0x0004c8dc]]: sys_semaphore warning: sys_semaphore_create(sem_addr=0x2c9ce4, attr_addr=0xd0020bb0, initial_count=1, max_count=1)
[W : PPU[1] Thread (CPUThread)[0x00025794]]: sys_semaphore warning: sys_semaphore_create(sem_addr=0x2c6368, attr_addr=0xd0020be0, initial_count=1, max_count=1)
[W : PPU[1] Thread (CPUThread)[0x0058f034]]: sys_lwmutex warning: *** lwmutex created [] (attribute=0x22): sq_id = 28
[W : PPU[1] Thread (CPUThread)[0x00011c38]]: sys_semaphore warning: sys_semaphore_create(sem_addr=0x2a5728, attr_addr=0xd0020bb0, initial_count=0, max_count=1)
[W : PPU[1] Thread (CPUThread)[0x00011c64]]: sys_semaphore warning: sys_semaphore_create(sem_addr=0x2a5930, attr_addr=0xd0020bb0, initial_count=0, max_count=1)
[W : PPU[1] Thread (CPUThread)[0x0057304c]]: cellSysutil warning: cellSysutilRegisterCallback(slot=0, func_addr=0x275f00, userdata=0x0)
[W : PPU[1] Thread (CPUThread)[0x0056d010]]: cellSysmodule warning: cellSysmoduleLoadModule(CELL_SYSMODULE_SYSUTIL_GAME)
[W : PPU[31] Thread (GameContentThread)[0x00589034]]: cellGame warning: cellGameBootCheck(type_addr=0x2a5480, attributes_addr=0x2a5484, size_addr=0x2a5488, dirName_addr=0x2a5494)
[W : PPU[31] Thread (GameContentThread)[0x00589004]]: cellGame warning: cellGameGetParamString(id=100, buf_addr=0x2a5714, bufsize=10)
[W : PPU[31] Thread (GameContentThread)[0x00589004]]: cellGame warning: cellGameGetParamString(id=0, buf_addr=0x2a5694, bufsize=128)
[W : PPU[31] Thread (GameContentThread)[0x00589010]]: cellGame warning: cellGameContentPermit(contentInfoPath_addr=0x2a5514, usrdirPath_addr=0x2a5594)
[W : PPU[1] Thread (CPUThread)[0x0056d010]]: cellSysmodule warning: cellSysmoduleLoadModule(CELL_SYSMODULE_SPURS)
[W : PPU[1] Thread (CPUThread)[0x0056d010]]: cellSysmodule warning: cellSysmoduleLoadModule(CELL_SYSMODULE_GCM_SYS)
[W : PPU[1] Thread (CPUThread)[0x0056d010]]: cellSysmodule warning: cellSysmoduleLoadModule(CELL_SYSMODULE_RTC)
[W : PPU[1] Thread (CPUThread)[0x0056d010]]: cellSysmodule warning: cellSysmoduleLoadModule(CELL_SYSMODULE_FS)
[W : PPU[1] Thread (CPUThread)[0x0056d010]]: cellSysmodule warning: cellSysmoduleLoadModule(CELL_SYSMODULE_AUDIO)
[W : PPU[1] Thread (CPUThread)[0x0056d010]]: cellSysmodule warning: cellSysmoduleLoadModule(CELL_SYSMODULE_IO)
[W : PPU[1] Thread (CPUThread)[0x0056d010]]: cellSysmodule warning: cellSysmoduleLoadModule(CELL_SYSMODULE_SYSUTIL_NP2)
[W : PPU[1] Thread (CPUThread)[0x0056d010]]: cellSysmodule warning: cellSysmoduleLoadModule(CELL_SYSMODULE_NET)
[W : PPU[1] Thread (CPUThread)[0x0056d010]]: cellSysmodule warning: cellSysmoduleLoadModule(CELL_SYSMODULE_L10N)
[W : PPU[1] Thread (CPUThread)[0x0056d010]]: cellSysmodule warning: cellSysmoduleLoadModule(CELL_SYSMODULE_SYSUTIL_SAVEDATA)
[W : PPU[1] Thread (CPUThread)[0x0056d010]]: cellSysmodule warning: cellSysmoduleLoadModule(CELL_SYSMODULE_AVCONF_EXT)
[W : PPU[1] Thread (CPUThread)[0x0056d010]]: cellSysmodule warning: cellSysmoduleLoadModule(CELL_SYSMODULE_VOICE)
[W : PPU[1] Thread (CPUThread)[0x0056d010]]: cellSysmodule warning: cellSysmoduleLoadModule(CELL_SYSMODULE_SYSUTIL_NP_TROPHY)
[W : PPU[1] Thread (CPUThread)[0x0056d010]]: cellSysmodule warning: cellSysmoduleLoadModule(CELL_SYSMODULE_PNGDEC)
[W : PPU[1] Thread (CPUThread)[0x00573028]]: cellSysutil warning: cellSysutilGetSystemParamInt: CELL_SYSUTIL_SYSTEMPARAM_ID_LANG
[W : PPU[1] Thread (CPUThread)[0x0026a034]]: cellGcmSys warning: cellGcmInitDefaultFifoMode(mode=1)
[W : PPU[1] Thread (CPUThread)[0x0026a0e8]]: cellGcmSys warning: cellGcmInit(context_addr=0x4fd550,cmdSize=0xbff000,ioSize=0xc00000,ioAddress=0x3ae00000)
[W : PPU[1] Thread (CPUThread)[0x0026a0e8]]: cellGcmSys warning: *** local memory(addr=0xc0000000, size=0xf900000)
[W : PPU[1] Thread (CPUThread)[0x0026a0e8]]: cellGcmSys warning: cellGcmMapEaIoAddress(ea=0x3ae00000, io=0x0, size=0xc00000)
[! : RSXThread]: RSX thread entry
[W : PPU[1] Thread (CPUThread)[0x0058f034]]: sys_lwmutex warning: *** lwmutex created [] (attribute=0x22): sq_id = 32
[W : PPU[1] Thread (CPUThread)[0x0026a064]]: cellGcmSys warning: cellGcmMapMainMemory(ea=0x30100000,size=0xad00000,offset_addr=0xd0020a38)
[W : PPU[1] Thread (CPUThread)[0x0056d010]]: cellSysmodule warning: cellSysmoduleLoadModule(CELL_SYSMODULE_RTC)
[W : PPU[1] Thread (CPUThread)[0x0026a10c]]: cellGcmSys warning: cellGcmGetTiledPitchSize(size=5120)
[W : PPU[1] Thread (CPUThread)[0x0026a028]]: cellGcmSys warning: cellGcmSetTile(index=0, location=0, offset=65536, size=3801088, pitch=5120, comp=0, base=1, bank=0)
[W : PPU[1] Thread (CPUThread)[0x0026a0b8]]: cellGcmSys warning: cellGcmBindTile(index=0)
[W : PPU[1] Thread (CPUThread)[0x0026a10c]]: cellGcmSys warning: cellGcmGetTiledPitchSize(size=5120)
[W : PPU[1] Thread (CPUThread)[0x0026a028]]: cellGcmSys warning: cellGcmSetTile(index=1, location=0, offset=3866624, size=3801088, pitch=5120, comp=0, base=59, bank=1)
[W : PPU[1] Thread (CPUThread)[0x0026a0b8]]: cellGcmSys warning: cellGcmBindTile(index=1)
[W : PPU[1] Thread (CPUThread)[0x0026a0f4]]: cellGcmSys warning: TODO: cellGcmBindZcull(index=0)
[W : PPU[1] Thread (CPUThread)[0x0026a028]]: cellGcmSys warning: cellGcmSetTile(index=0, location=0, offset=65536, size=3801088, pitch=5120, comp=0, base=1, bank=0)
[W : PPU[1] Thread (CPUThread)[0x0026a0b8]]: cellGcmSys warning: cellGcmBindTile(index=0)
[W : PPU[1] Thread (CPUThread)[0x0026a028]]: cellGcmSys warning: cellGcmSetTile(index=2, location=0, offset=7667712, size=3801088, pitch=5120, comp=0, base=117, bank=2)
[W : PPU[1] Thread (CPUThread)[0x0026a0b8]]: cellGcmSys warning: cellGcmBindTile(index=2)
[W : PPU[1] Thread (CPUThread)[0x0026a0f4]]: cellGcmSys warning: TODO: cellGcmBindZcull(index=0)
[W : PPU[1] Thread (CPUThread)[0x0026a10c]]: cellGcmSys warning: cellGcmGetTiledPitchSize(size=10240)
[W : PPU[1] Thread (CPUThread)[0x0026a028]]: cellGcmSys warning: cellGcmSetTile(index=3, location=0, offset=11468800, size=7536640, pitch=10240, comp=11, base=175, bank=3)
[E : PPU[1] Thread (CPUThread)[0x0026a028]]: cellGcmSys error: cellGcmSetTile: bad comp! (11)
[W : PPU[1] Thread (CPUThread)[0x0026a0b8]]: cellGcmSys warning: cellGcmBindTile(index=3)
[W : PPU[1] Thread (CPUThread)[0x0026a10c]]: cellGcmSys warning: cellGcmGetTiledPitchSize(size=10240)
[W : PPU[1] Thread (CPUThread)[0x0026a028]]: cellGcmSys warning: cellGcmSetTile(index=4, location=0, offset=19005440, size=7536640, pitch=10240, comp=7, base=290, bank=0)
[E : PPU[1] Thread (CPUThread)[0x0026a028]]: cellGcmSys error: cellGcmSetTile: bad comp! (7)
[W : PPU[1] Thread (CPUThread)[0x0026a0b8]]: cellGcmSys warning: cellGcmBindTile(index=4)
[W : PPU[1] Thread (CPUThread)[0x0026a0f4]]: cellGcmSys warning: TODO: cellGcmBindZcull(index=1)
[W : PPU[1] Thread (CPUThread)[0x00573010]]: cellSysutil warning: cellVideoOutConfigure(videoOut=0, config_addr=0xd0020924, option_addr=0x0, waitForEvent=0x0)
[W : PPU[1] Thread (CPUThread)[0x0026a0ac]]: cellGcmSys warning: cellGcmSetFlipMode(mode=2)
[W : PPU[1] Thread (CPUThread)[0x0026a058]]: cellGcmSys warning: cellGcmSetDisplayBuffer(id=0x0,offset=0x3b0000,pitch=4,width=1280,height=720)
[W : PPU[1] Thread (CPUThread)[0x0026a058]]: cellGcmSys warning: cellGcmSetDisplayBuffer(id=0x1,offset=0x750000,pitch=4,width=1280,height=720)
[W : PPU[1] Thread (CPUThread)[0x0058f034]]: sys_lwmutex warning: *** lwmutex created [] (attribute=0x22): sq_id = 33
[W : PPU[1] Thread (CPUThread)[0x00573028]]: cellSysutil warning: cellSysutilGetSystemParamInt: CELL_SYSUTIL_SYSTEMPARAM_ID_ENTER_BUTTON_ASSIGN
[W : PPU[1] Thread (CPUThread)[0x00573028]]: cellSysutil warning: cellSysutilGetSystemParamInt: CELL_SYSUTIL_SYSTEMPARAM_ID_ENTER_BUTTON_ASSIGN
[W : PPU[1] Thread (CPUThread)[0x00573028]]: cellSysutil warning: cellSysutilGetSystemParamInt: CELL_SYSUTIL_SYSTEMPARAM_ID_ENTER_BUTTON_ASSIGN
[W : PPU[1] Thread (CPUThread)[0x00573028]]: cellSysutil warning: cellSysutilGetSystemParamInt: CELL_SYSUTIL_SYSTEMPARAM_ID_ENTER_BUTTON_ASSIGN
[W : PPU[1] Thread (CPUThread)[0x00573028]]: cellSysutil warning: cellSysutilGetSystemParamInt: CELL_SYSUTIL_SYSTEMPARAM_ID_ENTER_BUTTON_ASSIGN
[W : PPU[1] Thread (CPUThread)[0x00573028]]: cellSysutil warning: cellSysutilGetSystemParamInt: CELL_SYSUTIL_SYSTEMPARAM_ID_ENTER_BUTTON_ASSIGN
[W : PPU[1] Thread (CPUThread)[0x00573028]]: cellSysutil warning: cellSysutilGetSystemParamInt: CELL_SYSUTIL_SYSTEMPARAM_ID_ENTER_BUTTON_ASSIGN
[W : PPU[1] Thread (CPUThread)[0x0056f034]]: *** cellFsOpen(path="//shadercache/shader_vs_49.rtsc"): fd = 34
[W : PPU[1] Thread (CPUThread)[0x0056f004]]: sys_fs warning: cellFsClose(fd=34)
[W : PPU[1] Thread (CPUThread)[0x0056f034]]: *** cellFsOpen(path="//shadercache/shader_ps_87.rtsc"): fd = 35
[W : PPU[1] Thread (CPUThread)[0x0056f004]]: sys_fs warning: cellFsClose(fd=35)
[E : PPU[1] Thread (CPUThread)[0x0057d088]]: TODO: cellVoiceInit
[E : PPU[1] Thread (CPUThread)[0x0057d01c]]: TODO: cellVoiceCreateNotifyEventQueue
[E : PPU[1] Thread (CPUThread)[0x0057d034]]: TODO: cellVoiceSetNotifyEventQueue
[E : PPU[1] Thread (CPUThread)[0x0057d028]]: TODO: cellVoiceCreatePort
[E : PPU[1] Thread (CPUThread)[0x0057d028]]: TODO: cellVoiceCreatePort
[E : PPU[1] Thread (CPUThread)[0x0057d07c]]: TODO: cellVoiceConnectIPortToOPort
[E : PPU[1] Thread (CPUThread)[0x0057d064]]: TODO: cellVoiceSetBitRate
[E : PPU[1] Thread (CPUThread)[0x0057d028]]: TODO: cellVoiceCreatePort
[E : PPU[1] Thread (CPUThread)[0x0057d004]]: TODO: cellVoiceStart
[W : PPU[1] Thread (CPUThread)[0x0057f004]]: sys_net warning: sys_net_initialize_network_ex(param_addr=0xd0020900)
[E : PPU[1] Thread (CPUThread)[0x00581028]]: cellNetCtl error: Unimplemented function: cellNetCtlInit
[E : PPU[1] Thread (CPUThread)[0x00579088]]: TODO: sceNp2Init
[E : PPU[1] Thread (CPUThread)[0x0057722c]]: TODO: sceNpManagerRegisterCallback
[E : PPU[1] Thread (CPUThread)[0x0057907c]]: TODO: sceNpMatching2Init
[E : PPU[1] Thread (CPUThread)[0x0057704c]]: TODO: sceNpScoreInit
[E : PPU[1] Thread (CPUThread)[0x005770c4]]: TODO: sceNpLookupInit
[E : PPU[1] Thread (CPUThread)[0x005771a8]]: TODO: sceNpBasicRegisterHandler
[W : PPU[1] Thread (CPUThread)[0x0057304c]]: cellSysutil warning: cellSysutilRegisterCallback(slot=1, func_addr=0x2764d0, userdata=0x301802c0)
[W : PPU[1] Thread (CPUThread)[0x0005737c]]: sys_semaphore warning: sys_semaphore_create(sem_addr=0x31e0afe4, attr_addr=0xd0020820, initial_count=0, max_count=1)
[W : PPU[1] Thread (CPUThread)[0x000573ac]]: sys_semaphore warning: sys_semaphore_create(sem_addr=0x31e0afe8, attr_addr=0xd0020820, initial_count=1, max_count=1)
[W : PPU[1] Thread (CPUThread)[0x0058f034]]: sys_lwmutex warning: *** lwmutex created [] (attribute=0x22): sq_id = 39
[W : PPU[1] Thread (CPUThread)[0x005730ac]]: cellSysutil warning: cellAudioOutGetSoundAvailability(audioOut=0, type=0, fs=0x4, option=0)
[W : PPU[1] Thread (CPUThread)[0x005730ac]]: cellSysutil warning: cellAudioOutGetSoundAvailability(audioOut=0, type=1, fs=0x4, option=0)
[W : PPU[1] Thread (CPUThread)[0x00573094]]: cellSysutil warning: cellAudioOutConfigure(audioOut=0, config_addr=0xd00206b0, option_addr=0x0, (!)waitForEvent=1)
[W : PPU[1] Thread (CPUThread)[0x0057307c]]: cellSysutil warning: cellAudioOutGetState(audioOut=0x0,deviceIndex=0x0,state_addr=0xd00206c0)
[W : PPU[1] Thread (CPUThread)[0x0057b004]]: cellAudio warning: cellAudioInit()
[! : Audio Thread]: Audio started
[W : PPU[1] Thread (CPUThread)[0x0057b040]]: cellAudio warning: cellAudioPortOpen(audioParam_addr=0x330102e0, portNum_addr=0xd0020790)
[W : PPU[1] Thread (CPUThread)[0x0057b040]]: cellAudio warning: *** audio port opened(nChannel=8, nBlock=8, attr=0x0, level=0.000000): port = 0
[W : PPU[1] Thread (CPUThread)[0x0057b01c]]: cellAudio warning: cellAudioGetPortConfig(portNum=0x0, portConfig_addr=0x33010300)
[W : PPU[1] Thread (CPUThread)[0x00573070]]: cellSysutil warning: cellAudioOutGetNumberOfDevice(videoOut=0)
[W : PPU[1] Thread (CPUThread)[0x0057307c]]: cellSysutil warning: cellAudioOutGetState(audioOut=0x0,deviceIndex=0x0,state_addr=0xd0020794)
[E : PPU[1] Thread (CPUThread)[0x0026e1c0]]: TODO: cellSpursInitialize
[W : PPU[1] Thread (CPUThread)[0x0058f034]]: sys_lwmutex warning: *** lwmutex created [] (attribute=0x22): sq_id = 41
[E : PPU[1] Thread (CPUThread)[0x0026e1a8]]: TODO: cellSpursCreateTaskset
[E : PPU[1] Thread (CPUThread)[0x0026e070]]: TODO: _cellSpursEventFlagInitialize
[E : PPU[1] Thread (CPUThread)[0x0026e0b8]]: TODO: cellSpursEventFlagAttachLv2EventQueue
[E : PPU[1] Thread (CPUThread)[0x0026e070]]: TODO: _cellSpursEventFlagInitialize
[E : PPU[1] Thread (CPUThread)[0x0026e1d8]]: TODO: cellSpursCreateTask
[W : PPU[1] Thread (CPUThread)[0x0056f034]]: *** cellFsOpen(path="/dev_flash/sys/external/flashATRAC.pic"): fd = 42
[W : PPU[1] Thread (CPUThread)[0x0056f004]]: sys_fs warning: cellFsClose(fd=42)
[E : PPU[1] Thread (CPUThread)[0x0026e1e4]]: TODO: _cellSpursSendSignal
[E : PPU[1] Thread (CPUThread)[0x0026e058]]: TODO: cellSpursEventFlagWait
[E : PPU[1] Thread (CPUThread)[0x0026e1e4]]: TODO: _cellSpursSendSignal
[E : PPU[1] Thread (CPUThread)[0x0026e058]]: TODO: cellSpursEventFlagWait
[W : PPU[43] Thread (MultiStream PU Thread)[0x0057b028]]: cellAudio warning: cellAudioPortStart(portNum=0x0)
[E : PPU[43] Thread (MultiStream PU Thread)[0x0026e1e4]]: TODO: _cellSpursSendSignal
[E : PPU[43] Thread (MultiStream PU Thread)[0x0026e058]]: TODO: cellSpursEventFlagWait
[E : PPU[43] Thread (MultiStream PU Thread)[0x0026e1e4]]: TODO: _cellSpursSendSignal
[E : PPU[43] Thread (MultiStream PU Thread)[0x0026e058]]: TODO: cellSpursEventFlagWait
[E : PPU[43] Thread (MultiStream PU Thread)[0x0026e1e4]]: TODO: _cellSpursSendSignal
[E : PPU[43] Thread (MultiStream PU Thread)[0x0026e058]]: TODO: cellSpursEventFlagWait
[E : PPU[43] Thread (MultiStream PU Thread)[0x0026e1e4]]: TODO: _cellSpursSendSignal
[E : PPU[43] Thread (MultiStream PU Thread)[0x0026e058]]: TODO: cellSpursEventFlagWait
[E : PPU[43] Thread (MultiStream PU Thread)[0x0026e1e4]]: TODO: _cellSpursSendSignal
[E : PPU[43] Thread (MultiStream PU Thread)[0x0026e058]]: TODO: cellSpursEventFlagWait
[E : PPU[43] Thread (MultiStream PU Thread)[0x0026e1e4]]: TODO: _cellSpursSendSignal
[E : PPU[43] Thread (MultiStream PU Thread)[0x0026e058]]: TODO: cellSpursEventFlagWait
[E : PPU[44] Thread (DLC_File_Check)[0x00589028]]: cellGame error: Unimplemented function: cellGameDataCheck
[W : PPU[44] Thread (DLC_File_Check)[0x00589010]]: cellGame warning: cellGameContentPermit(contentInfoPath_addr=0xd0090c00, usrdirPath_addr=0xd0090c80)
[E : PPU[44] Thread (DLC_File_Check)[0x00577178]]: TODO: sceNpDrmIsAvailable
[E : PPU[44] Thread (DLC_File_Check)[0x00577178]]: TODO: sceNpDrmIsAvailable
[W : PPU[1] Thread (CPUThread)[0x0056f058]]: sys_fs warning: cellFsAioInit(mount_point_addr=0x28c020 (/))
[E : PPU[1] Thread (CPUThread)[0x0026e010]]: TODO: _cellSpursTasksetAttributeInitialize
[E : PPU[1] Thread (CPUThread)[0x0026e07c]]: TODO: cellSpursTasksetAttributeSetName
[E : PPU[1] Thread (CPUThread)[0x0026e148]]: TODO: cellSpursCreateTasksetWithAttribute
[E : PPU[1] Thread (CPUThread)[0x0026e070]]: TODO: _cellSpursEventFlagInitialize
[E : PPU[1] Thread (CPUThread)[0x0026e0b8]]: TODO: cellSpursEventFlagAttachLv2EventQueue
[E : PPU[1] Thread (CPUThread)[0x0026e01c]]: TODO: cellSpursLFQueueAttachLv2EventQueue
[E : PPU[1] Thread (CPUThread)[0x0026e1d8]]: TODO: cellSpursCreateTask
[E : PPU[1] Thread (CPUThread)[0x0026e1d8]]: TODO: cellSpursCreateTask
[E : PPU[43] Thread (MultiStream PU Thread)[0x0026e1e4]]: TODO: _cellSpursSendSignal
[E : PPU[1] Thread (CPUThread)[0x0026e1d8]]: TODO: cellSpursCreateTask
[E : PPU[43] Thread (MultiStream PU Thread)[0x0026e058]]: TODO: cellSpursEventFlagWait
[E : PPU[1] Thread (CPUThread)[0x0026e1d8]]: TODO: cellSpursCreateTask
[E : PPU[1] Thread (CPUThread)[0x0026e1d8]]: TODO: cellSpursCreateTask
[E : PPU[1] Thread (CPUThread)[0x00107350]]: Write16 to null block: [00000000]: 6
[W : Audio Thread]: Audio aborted
[! : RSXThread]: RSX thread exit...
