[!]: path: /dev_hdd0/game/
[!]: Loading 'C:\Users\venu\Downloads\rpcs3-39d3814-windows-x86-32\rpcs3-39d3814-windows-x86-32\dev_hdd0\game\NPEB90505\USRDIR\BOOT.BIN'...
[!]: Mount info:
[!]: /dev_hdd0/ -> C:\Users\venu\Downloads\rpcs3-39d3814-windows-x86-32\rpcs3-39d3814-windows-x86-32\dev_hdd0\
[!]: /dev_hdd1/ -> C:\Users\venu\Downloads\rpcs3-39d3814-windows-x86-32\rpcs3-39d3814-windows-x86-32\dev_hdd1\
[!]: /dev_flash/ -> C:\Users\venu\Downloads\rpcs3-39d3814-windows-x86-32\rpcs3-39d3814-windows-x86-32\dev_flash\
[!]: /dev_usb000/ -> C:\Users\venu\Downloads\rpcs3-39d3814-windows-x86-32\rpcs3-39d3814-windows-x86-32\dev_usb000\
[!]: /dev_usb/ -> C:\Users\venu\Downloads\rpcs3-39d3814-windows-x86-32\rpcs3-39d3814-windows-x86-32\dev_usb000\
[!]: /app_home/ -> C:\Users\venu\Downloads\rpcs3-39d3814-windows-x86-32\rpcs3-39d3814-windows-x86-32\dev_hdd0\game\NPEB90505\
[!]: /dev_bdvd/ -> C:\Users\venu\Downloads\rpcs3-39d3814-windows-x86-32\rpcs3-39d3814-windows-x86-32\dev_hdd0\game\NPEB90505\\..\
[!]: /host_root/ -> 
[!]: / -> C:\Users\venu\Downloads\rpcs3-39d3814-windows-x86-32\rpcs3-39d3814-windows-x86-32\dev_hdd0\game\NPEB90505\
[!]: Initing memory...
[!]: Memory initialized.
[W]: Bad proc param size! [0x0 : 0x20]
[E]: Bad magic! [0x0]
[E]: Bad magic! (0x0)
[E : PPU[1] Thread (CPUThread)[0x00000000]]: Read32 from null block: [00000000]
[E : PPU[1] Thread (CPUThread)[0x00000000]]: Unknown/Illegal opcode! (0x03c16f38 : 0x0 : 0x0) #pc: 0x0
[! : PPU[1] Thread (CPUThread)[0x00000000]]: r0 = 0x0
[! : PPU[1] Thread (CPUThread)[0x00000000]]: r1 = 0xd0020e00
[! : PPU[1] Thread (CPUThread)[0x00000000]]: r2 = 0x0
[! : PPU[1] Thread (CPUThread)[0x00000000]]: r3 = 0x1
[! : PPU[1] Thread (CPUThread)[0x00000000]]: r4 = 0xd0020df0
[! : PPU[1] Thread (CPUThread)[0x00000000]]: r5 = 0xd0020e00
[! : PPU[1] Thread (CPUThread)[0x00000000]]: r6 = 0x0
[! : PPU[1] Thread (CPUThread)[0x00000000]]: r7 = 0x0
[! : PPU[1] Thread (CPUThread)[0x00000000]]: r8 = 0xe50d28
[! : PPU[1] Thread (CPUThread)[0x00000000]]: r9 = 0x0
[! : PPU[1] Thread (CPUThread)[0x00000000]]: r10 = 0x0
[! : PPU[1] Thread (CPUThread)[0x00000000]]: r11 = 0x80
[! : PPU[1] Thread (CPUThread)[0x00000000]]: r12 = 0x100000
[! : PPU[1] Thread (CPUThread)[0x00000000]]: r13 = 0x30007060
[! : PPU[1] Thread (CPUThread)[0x00000000]]: r14 = 0x0
[! : PPU[1] Thread (CPUThread)[0x00000000]]: r15 = 0x0
[! : PPU[1] Thread (CPUThread)[0x00000000]]: r16 = 0x0
[! : PPU[1] Thread (CPUThread)[0x00000000]]: r17 = 0x0
[! : PPU[1] Thread (CPUThread)[0x00000000]]: r18 = 0x0
[! : PPU[1] Thread (CPUThread)[0x00000000]]: r19 = 0x0
[! : PPU[1] Thread (CPUThread)[0x00000000]]: r20 = 0x0
[! : PPU[1] Thread (CPUThread)[0x00000000]]: r21 = 0x0
[! : PPU[1] Thread (CPUThread)[0x00000000]]: r22 = 0x0
[! : PPU[1] Thread (CPUThread)[0x00000000]]: r23 = 0x0
[! : PPU[1] Thread (CPUThread)[0x00000000]]: r24 = 0x0
[! : PPU[1] Thread (CPUThread)[0x00000000]]: r25 = 0x0
[! : PPU[1] Thread (CPUThread)[0x00000000]]: r26 = 0x0
[! : PPU[1] Thread (CPUThread)[0x00000000]]: r27 = 0x0
[! : PPU[1] Thread (CPUThread)[0x00000000]]: r28 = 0xd0020df0
[! : PPU[1] Thread (CPUThread)[0x00000000]]: r29 = 0x1
[! : PPU[1] Thread (CPUThread)[0x00000000]]: r30 = 0x0
[! : PPU[1] Thread (CPUThread)[0x00000000]]: r31 = 0xd0020e00
[! : PPU[1] Thread (CPUThread)[0x00000000]]: f0 = 0.000000
[! : PPU[1] Thread (CPUThread)[0x00000000]]: f1 = 0.000000
[! : PPU[1] Thread (CPUThread)[0x00000000]]: f2 = 0.000000
[! : PPU[1] Thread (CPUThread)[0x00000000]]: f3 = 0.000000
[! : PPU[1] Thread (CPUThread)[0x00000000]]: f4 = 0.000000
[! : PPU[1] Thread (CPUThread)[0x00000000]]: f5 = 0.000000
[! : PPU[1] Thread (CPUThread)[0x00000000]]: f6 = 0.000000
[! : PPU[1] Thread (CPUThread)[0x00000000]]: f7 = 0.000000
[! : PPU[1] Thread (CPUThread)[0x00000000]]: f8 = 0.000000
[! : PPU[1] Thread (CPUThread)[0x00000000]]: f9 = 0.000000
[! : PPU[1] Thread (CPUThread)[0x00000000]]: f10 = 0.000000
[! : PPU[1] Thread (CPUThread)[0x00000000]]: f11 = 0.000000
[! : PPU[1] Thread (CPUThread)[0x00000000]]: f12 = 0.000000
[! : PPU[1] Thread (CPUThread)[0x00000000]]: f13 = 0.000000
[! : PPU[1] Thread (CPUThread)[0x00000000]]: f14 = 0.000000
[! : PPU[1] Thread (CPUThread)[0x00000000]]: f15 = 0.000000
[! : PPU[1] Thread (CPUThread)[0x00000000]]: f16 = 0.000000
[! : PPU[1] Thread (CPUThread)[0x00000000]]: f17 = 0.000000
[! : PPU[1] Thread (CPUThread)[0x00000000]]: f18 = 0.000000
[! : PPU[1] Thread (CPUThread)[0x00000000]]: f19 = 0.000000
[! : PPU[1] Thread (CPUThread)[0x00000000]]: f20 = 0.000000
[! : PPU[1] Thread (CPUThread)[0x00000000]]: f21 = 0.000000
[! : PPU[1] Thread (CPUThread)[0x00000000]]: f22 = 0.000000
[! : PPU[1] Thread (CPUThread)[0x00000000]]: f23 = 0.000000
[! : PPU[1] Thread (CPUThread)[0x00000000]]: f24 = 0.000000
[! : PPU[1] Thread (CPUThread)[0x00000000]]: f25 = 0.000000
[! : PPU[1] Thread (CPUThread)[0x00000000]]: f26 = 0.000000
[! : PPU[1] Thread (CPUThread)[0x00000000]]: f27 = 0.000000
[! : PPU[1] Thread (CPUThread)[0x00000000]]: f28 = 0.000000
[! : PPU[1] Thread (CPUThread)[0x00000000]]: f29 = 0.000000
[! : PPU[1] Thread (CPUThread)[0x00000000]]: f30 = 0.000000
[! : PPU[1] Thread (CPUThread)[0x00000000]]: f31 = 0.000000
[! : PPU[1] Thread (CPUThread)[0x00000000]]: v0 = 0x00000000000000000000000000000000 [x: 0 y: 0 z: 0 w: 0]
[! : PPU[1] Thread (CPUThread)[0x00000000]]: v1 = 0x00000000000000000000000000000000 [x: 0 y: 0 z: 0 w: 0]
[! : PPU[1] Thread (CPUThread)[0x00000000]]: v2 = 0x00000000000000000000000000000000 [x: 0 y: 0 z: 0 w: 0]
[! : PPU[1] Thread (CPUThread)[0x00000000]]: v3 = 0x00000000000000000000000000000000 [x: 0 y: 0 z: 0 w: 0]
[! : PPU[1] Thread (CPUThread)[0x00000000]]: v4 = 0x00000000000000000000000000000000 [x: 0 y: 0 z: 0 w: 0]
[! : PPU[1] Thread (CPUThread)[0x00000000]]: v5 = 0x00000000000000000000000000000000 [x: 0 y: 0 z: 0 w: 0]
[! : PPU[1] Thread (CPUThread)[0x00000000]]: v6 = 0x00000000000000000000000000000000 [x: 0 y: 0 z: 0 w: 0]
[! : PPU[1] Thread (CPUThread)[0x00000000]]: v7 = 0x00000000000000000000000000000000 [x: 0 y: 0 z: 0 w: 0]
[! : PPU[1] Thread (CPUThread)[0x00000000]]: v8 = 0x00000000000000000000000000000000 [x: 0 y: 0 z: 0 w: 0]
[! : PPU[1] Thread (CPUThread)[0x00000000]]: v9 = 0x00000000000000000000000000000000 [x: 0 y: 0 z: 0 w: 0]
[! : PPU[1] Thread (CPUThread)[0x00000000]]: v10 = 0x00000000000000000000000000000000 [x: 0 y: 0 z: 0 w: 0]
[! : PPU[1] Thread (CPUThread)[0x00000000]]: v11 = 0x00000000000000000000000000000000 [x: 0 y: 0 z: 0 w: 0]
[! : PPU[1] Thread (CPUThread)[0x00000000]]: v12 = 0x00000000000000000000000000000000 [x: 0 y: 0 z: 0 w: 0]
[! : PPU[1] Thread (CPUThread)[0x00000000]]: v13 = 0x00000000000000000000000000000000 [x: 0 y: 0 z: 0 w: 0]
[! : PPU[1] Thread (CPUThread)[0x00000000]]: v14 = 0x00000000000000000000000000000000 [x: 0 y: 0 z: 0 w: 0]
[! : PPU[1] Thread (CPUThread)[0x00000000]]: v15 = 0x00000000000000000000000000000000 [x: 0 y: 0 z: 0 w: 0]
[! : PPU[1] Thread (CPUThread)[0x00000000]]: v16 = 0x00000000000000000000000000000000 [x: 0 y: 0 z: 0 w: 0]
[! : PPU[1] Thread (CPUThread)[0x00000000]]: v17 = 0x00000000000000000000000000000000 [x: 0 y: 0 z: 0 w: 0]
[! : PPU[1] Thread (CPUThread)[0x00000000]]: v18 = 0x00000000000000000000000000000000 [x: 0 y: 0 z: 0 w: 0]
[! : PPU[1] Thread (CPUThread)[0x00000000]]: v19 = 0x00000000000000000000000000000000 [x: 0 y: 0 z: 0 w: 0]
[! : PPU[1] Thread (CPUThread)[0x00000000]]: v20 = 0x00000000000000000000000000000000 [x: 0 y: 0 z: 0 w: 0]
[! : PPU[1] Thread (CPUThread)[0x00000000]]: v21 = 0x00000000000000000000000000000000 [x: 0 y: 0 z: 0 w: 0]
[! : PPU[1] Thread (CPUThread)[0x00000000]]: v22 = 0x00000000000000000000000000000000 [x: 0 y: 0 z: 0 w: 0]
[! : PPU[1] Thread (CPUThread)[0x00000000]]: v23 = 0x00000000000000000000000000000000 [x: 0 y: 0 z: 0 w: 0]
[! : PPU[1] Thread (CPUThread)[0x00000000]]: v24 = 0x00000000000000000000000000000000 [x: 0 y: 0 z: 0 w: 0]
[! : PPU[1] Thread (CPUThread)[0x00000000]]: v25 = 0x00000000000000000000000000000000 [x: 0 y: 0 z: 0 w: 0]
[! : PPU[1] Thread (CPUThread)[0x00000000]]: v26 = 0x00000000000000000000000000000000 [x: 0 y: 0 z: 0 w: 0]
[! : PPU[1] Thread (CPUThread)[0x00000000]]: v27 = 0x00000000000000000000000000000000 [x: 0 y: 0 z: 0 w: 0]
[! : PPU[1] Thread (CPUThread)[0x00000000]]: v28 = 0x00000000000000000000000000000000 [x: 0 y: 0 z: 0 w: 0]
[! : PPU[1] Thread (CPUThread)[0x00000000]]: v29 = 0x00000000000000000000000000000000 [x: 0 y: 0 z: 0 w: 0]
[! : PPU[1] Thread (CPUThread)[0x00000000]]: v30 = 0x00000000000000000000000000000000 [x: 0 y: 0 z: 0 w: 0]
[! : PPU[1] Thread (CPUThread)[0x00000000]]: v31 = 0x00000000000000000000000000000000 [x: 0 y: 0 z: 0 w: 0]
[! : PPU[1] Thread (CPUThread)[0x00000000]]: CR = 0x22000082
[! : PPU[1] Thread (CPUThread)[0x00000000]]: LR = 0xe48000
[! : PPU[1] Thread (CPUThread)[0x00000000]]: CTR = 0x0
[! : PPU[1] Thread (CPUThread)[0x00000000]]: XER = 0x0 [CA=0 | OV=0 | SO=0]
[! : PPU[1] Thread (CPUThread)[0x00000000]]: FPSCR = 0x0 [RN=0 | NI=0 | XE=0 | ZE=0 | UE=0 | OE=0 | VE=0 | VXCVI=0 | VXSQRT=0 | VXSOFT=0 | FPRF=0 | FI=0 | FR=0 | VXVC=0 | VXIMZ=0 | VXZDZ=0 | VXIDI=0 | VXISI=0 | VXSNAN=0 | XX=0 | ZX=0 | UX=0 | OX=0 | VX=0 | FEX=0 | FX=0]
[!]: Closing memory...
[!]: Loading 'C:\Users\venu\Downloads\rpcs3-39d3814-windows-x86-32\rpcs3-39d3814-windows-x86-32\dev_hdd0\game\NPEB90505\USRDIR\BOOT.BIN'...
[!]: Mount info:
[!]: /dev_hdd0/ -> C:\Users\venu\Downloads\rpcs3-39d3814-windows-x86-32\rpcs3-39d3814-windows-x86-32\dev_hdd0\
[!]: /dev_hdd1/ -> C:\Users\venu\Downloads\rpcs3-39d3814-windows-x86-32\rpcs3-39d3814-windows-x86-32\dev_hdd1\
[!]: /dev_flash/ -> C:\Users\venu\Downloads\rpcs3-39d3814-windows-x86-32\rpcs3-39d3814-windows-x86-32\dev_flash\
[!]: /dev_usb000/ -> C:\Users\venu\Downloads\rpcs3-39d3814-windows-x86-32\rpcs3-39d3814-windows-x86-32\dev_usb000\
[!]: /dev_usb/ -> C:\Users\venu\Downloads\rpcs3-39d3814-windows-x86-32\rpcs3-39d3814-windows-x86-32\dev_usb000\
[!]: /app_home/ -> C:\Users\venu\Downloads\rpcs3-39d3814-windows-x86-32\rpcs3-39d3814-windows-x86-32\dev_hdd0\game\NPEB90505\
[!]: /dev_bdvd/ -> C:\Users\venu\Downloads\rpcs3-39d3814-windows-x86-32\rpcs3-39d3814-windows-x86-32\dev_hdd0\game\NPEB90505\\..\
[!]: /host_root/ -> 
[!]: / -> C:\Users\venu\Downloads\rpcs3-39d3814-windows-x86-32\rpcs3-39d3814-windows-x86-32\dev_hdd0\game\NPEB90505\
[!]: Initing memory...
[!]: Memory initialized.
[W]: Bad proc param size! [0x0 : 0x20]
[E]: Bad magic! [0x0]
[E]: Bad magic! (0x0)
[E : PPU[1] Thread (CPUThread)[0x00000000]]: Read32 from null block: [00000000]
[E : PPU[1] Thread (CPUThread)[0x00000000]]: Unknown/Illegal opcode! (0x06e9a8f8 : 0x1 : 0x1) #pc: 0x0
[! : PPU[1] Thread (CPUThread)[0x00000000]]: r0 = 0x0
[! : PPU[1] Thread (CPUThread)[0x00000000]]: r1 = 0xd0020e00
[! : PPU[1] Thread (CPUThread)[0x00000000]]: r2 = 0x0
[! : PPU[1] Thread (CPUThread)[0x00000000]]: r3 = 0x1
[! : PPU[1] Thread (CPUThread)[0x00000000]]: r4 = 0xd0020df0
[! : PPU[1] Thread (CPUThread)[0x00000000]]: r5 = 0xd0020e00
[! : PPU[1] Thread (CPUThread)[0x00000000]]: r6 = 0x0
[! : PPU[1] Thread (CPUThread)[0x00000000]]: r7 = 0x0
[! : PPU[1] Thread (CPUThread)[0x00000000]]: r8 = 0xe50d28
[! : PPU[1] Thread (CPUThread)[0x00000000]]: r9 = 0x0
[! : PPU[1] Thread (CPUThread)[0x00000000]]: r10 = 0x0
[! : PPU[1] Thread (CPUThread)[0x00000000]]: r11 = 0x80
[! : PPU[1] Thread (CPUThread)[0x00000000]]: r12 = 0x100000
[! : PPU[1] Thread (CPUThread)[0x00000000]]: r13 = 0x30007060
[! : PPU[1] Thread (CPUThread)[0x00000000]]: r14 = 0x0
[! : PPU[1] Thread (CPUThread)[0x00000000]]: r15 = 0x0
[! : PPU[1] Thread (CPUThread)[0x00000000]]: r16 = 0x0
[! : PPU[1] Thread (CPUThread)[0x00000000]]: r17 = 0x0
[! : PPU[1] Thread (CPUThread)[0x00000000]]: r18 = 0x0
[! : PPU[1] Thread (CPUThread)[0x00000000]]: r19 = 0x0
[! : PPU[1] Thread (CPUThread)[0x00000000]]: r20 = 0x0
[! : PPU[1] Thread (CPUThread)[0x00000000]]: r21 = 0x0
[! : PPU[1] Thread (CPUThread)[0x00000000]]: r22 = 0x0
[! : PPU[1] Thread (CPUThread)[0x00000000]]: r23 = 0x0
[! : PPU[1] Thread (CPUThread)[0x00000000]]: r24 = 0x0
[! : PPU[1] Thread (CPUThread)[0x00000000]]: r25 = 0x0
[! : PPU[1] Thread (CPUThread)[0x00000000]]: r26 = 0x0
[! : PPU[1] Thread (CPUThread)[0x00000000]]: r27 = 0x0
[! : PPU[1] Thread (CPUThread)[0x00000000]]: r28 = 0xd0020df0
[! : PPU[1] Thread (CPUThread)[0x00000000]]: r29 = 0x1
[! : PPU[1] Thread (CPUThread)[0x00000000]]: r30 = 0x0
[! : PPU[1] Thread (CPUThread)[0x00000000]]: r31 = 0xd0020e00
[! : PPU[1] Thread (CPUThread)[0x00000000]]: f0 = 0.000000
[! : PPU[1] Thread (CPUThread)[0x00000000]]: f1 = 0.000000
[! : PPU[1] Thread (CPUThread)[0x00000000]]: f2 = 0.000000
[! : PPU[1] Thread (CPUThread)[0x00000000]]: f3 = 0.000000
[! : PPU[1] Thread (CPUThread)[0x00000000]]: f4 = 0.000000
[! : PPU[1] Thread (CPUThread)[0x00000000]]: f5 = 0.000000
[! : PPU[1] Thread (CPUThread)[0x00000000]]: f6 = 0.000000
[! : PPU[1] Thread (CPUThread)[0x00000000]]: f7 = 0.000000
[! : PPU[1] Thread (CPUThread)[0x00000000]]: f8 = 0.000000
[! : PPU[1] Thread (CPUThread)[0x00000000]]: f9 = 0.000000
[! : PPU[1] Thread (CPUThread)[0x00000000]]: f10 = 0.000000
[! : PPU[1] Thread (CPUThread)[0x00000000]]: f11 = 0.000000
[! : PPU[1] Thread (CPUThread)[0x00000000]]: f12 = 0.000000
[! : PPU[1] Thread (CPUThread)[0x00000000]]: f13 = 0.000000
[! : PPU[1] Thread (CPUThread)[0x00000000]]: f14 = 0.000000
[! : PPU[1] Thread (CPUThread)[0x00000000]]: f15 = 0.000000
[! : PPU[1] Thread (CPUThread)[0x00000000]]: f16 = 0.000000
[! : PPU[1] Thread (CPUThread)[0x00000000]]: f17 = 0.000000
[! : PPU[1] Thread (CPUThread)[0x00000000]]: f18 = 0.000000
[! : PPU[1] Thread (CPUThread)[0x00000000]]: f19 = 0.000000
[! : PPU[1] Thread (CPUThread)[0x00000000]]: f20 = 0.000000
[! : PPU[1] Thread (CPUThread)[0x00000000]]: f21 = 0.000000
[! : PPU[1] Thread (CPUThread)[0x00000000]]: f22 = 0.000000
[! : PPU[1] Thread (CPUThread)[0x00000000]]: f23 = 0.000000
[! : PPU[1] Thread (CPUThread)[0x00000000]]: f24 = 0.000000
[! : PPU[1] Thread (CPUThread)[0x00000000]]: f25 = 0.000000
[! : PPU[1] Thread (CPUThread)[0x00000000]]: f26 = 0.000000
[! : PPU[1] Thread (CPUThread)[0x00000000]]: f27 = 0.000000
[! : PPU[1] Thread (CPUThread)[0x00000000]]: f28 = 0.000000
[! : PPU[1] Thread (CPUThread)[0x00000000]]: f29 = 0.000000
[! : PPU[1] Thread (CPUThread)[0x00000000]]: f30 = 0.000000
[! : PPU[1] Thread (CPUThread)[0x00000000]]: f31 = 0.000000
[! : PPU[1] Thread (CPUThread)[0x00000000]]: v0 = 0x00000000000000000000000000000000 [x: 0 y: 0 z: 0 w: 0]
[! : PPU[1] Thread (CPUThread)[0x00000000]]: v1 = 0x00000000000000000000000000000000 [x: 0 y: 0 z: 0 w: 0]
[! : PPU[1] Thread (CPUThread)[0x00000000]]: v2 = 0x00000000000000000000000000000000 [x: 0 y: 0 z: 0 w: 0]
[! : PPU[1] Thread (CPUThread)[0x00000000]]: v3 = 0x00000000000000000000000000000000 [x: 0 y: 0 z: 0 w: 0]
[! : PPU[1] Thread (CPUThread)[0x00000000]]: v4 = 0x00000000000000000000000000000000 [x: 0 y: 0 z: 0 w: 0]
[! : PPU[1] Thread (CPUThread)[0x00000000]]: v5 = 0x00000000000000000000000000000000 [x: 0 y: 0 z: 0 w: 0]
[! : PPU[1] Thread (CPUThread)[0x00000000]]: v6 = 0x00000000000000000000000000000000 [x: 0 y: 0 z: 0 w: 0]
[! : PPU[1] Thread (CPUThread)[0x00000000]]: v7 = 0x00000000000000000000000000000000 [x: 0 y: 0 z: 0 w: 0]
[! : PPU[1] Thread (CPUThread)[0x00000000]]: v8 = 0x00000000000000000000000000000000 [x: 0 y: 0 z: 0 w: 0]
[! : PPU[1] Thread (CPUThread)[0x00000000]]: v9 = 0x00000000000000000000000000000000 [x: 0 y: 0 z: 0 w: 0]
[! : PPU[1] Thread (CPUThread)[0x00000000]]: v10 = 0x00000000000000000000000000000000 [x: 0 y: 0 z: 0 w: 0]
[! : PPU[1] Thread (CPUThread)[0x00000000]]: v11 = 0x00000000000000000000000000000000 [x: 0 y: 0 z: 0 w: 0]
[! : PPU[1] Thread (CPUThread)[0x00000000]]: v12 = 0x00000000000000000000000000000000 [x: 0 y: 0 z: 0 w: 0]
[! : PPU[1] Thread (CPUThread)[0x00000000]]: v13 = 0x00000000000000000000000000000000 [x: 0 y: 0 z: 0 w: 0]
[! : PPU[1] Thread (CPUThread)[0x00000000]]: v14 = 0x00000000000000000000000000000000 [x: 0 y: 0 z: 0 w: 0]
[! : PPU[1] Thread (CPUThread)[0x00000000]]: v15 = 0x00000000000000000000000000000000 [x: 0 y: 0 z: 0 w: 0]
[! : PPU[1] Thread (CPUThread)[0x00000000]]: v16 = 0x00000000000000000000000000000000 [x: 0 y: 0 z: 0 w: 0]
[! : PPU[1] Thread (CPUThread)[0x00000000]]: v17 = 0x00000000000000000000000000000000 [x: 0 y: 0 z: 0 w: 0]
[! : PPU[1] Thread (CPUThread)[0x00000000]]: v18 = 0x00000000000000000000000000000000 [x: 0 y: 0 z: 0 w: 0]
[! : PPU[1] Thread (CPUThread)[0x00000000]]: v19 = 0x00000000000000000000000000000000 [x: 0 y: 0 z: 0 w: 0]
[! : PPU[1] Thread (CPUThread)[0x00000000]]: v20 = 0x00000000000000000000000000000000 [x: 0 y: 0 z: 0 w: 0]
[! : PPU[1] Thread (CPUThread)[0x00000000]]: v21 = 0x00000000000000000000000000000000 [x: 0 y: 0 z: 0 w: 0]
[! : PPU[1] Thread (CPUThread)[0x00000000]]: v22 = 0x00000000000000000000000000000000 [x: 0 y: 0 z: 0 w: 0]
[! : PPU[1] Thread (CPUThread)[0x00000000]]: v23 = 0x00000000000000000000000000000000 [x: 0 y: 0 z: 0 w: 0]
[! : PPU[1] Thread (CPUThread)[0x00000000]]: v24 = 0x00000000000000000000000000000000 [x: 0 y: 0 z: 0 w: 0]
[! : PPU[1] Thread (CPUThread)[0x00000000]]: v25 = 0x00000000000000000000000000000000 [x: 0 y: 0 z: 0 w: 0]
[! : PPU[1] Thread (CPUThread)[0x00000000]]: v26 = 0x00000000000000000000000000000000 [x: 0 y: 0 z: 0 w: 0]
[! : PPU[1] Thread (CPUThread)[0x00000000]]: v27 = 0x00000000000000000000000000000000 [x: 0 y: 0 z: 0 w: 0]
[! : PPU[1] Thread (CPUThread)[0x00000000]]: v28 = 0x00000000000000000000000000000000 [x: 0 y: 0 z: 0 w: 0]
[! : PPU[1] Thread (CPUThread)[0x00000000]]: v29 = 0x00000000000000000000000000000000 [x: 0 y: 0 z: 0 w: 0]
[! : PPU[1] Thread (CPUThread)[0x00000000]]: v30 = 0x00000000000000000000000000000000 [x: 0 y: 0 z: 0 w: 0]
[! : PPU[1] Thread (CPUThread)[0x00000000]]: v31 = 0x00000000000000000000000000000000 [x: 0 y: 0 z: 0 w: 0]
[! : PPU[1] Thread (CPUThread)[0x00000000]]: CR = 0x22000082
[! : PPU[1] Thread (CPUThread)[0x00000000]]: LR = 0xe48000
[! : PPU[1] Thread (CPUThread)[0x00000000]]: CTR = 0x0
[! : PPU[1] Thread (CPUThread)[0x00000000]]: XER = 0x0 [CA=0 | OV=0 | SO=0]
[! : PPU[1] Thread (CPUThread)[0x00000000]]: FPSCR = 0x0 [RN=0 | NI=0 | XE=0 | ZE=0 | UE=0 | OE=0 | VE=0 | VXCVI=0 | VXSQRT=0 | VXSOFT=0 | FPRF=0 | FI=0 | FR=0 | VXVC=0 | VXIMZ=0 | VXZDZ=0 | VXIDI=0 | VXISI=0 | VXSNAN=0 | XX=0 | ZX=0 | UX=0 | OX=0 | VX=0 | FEX=0 | FX=0]
[!]: Closing memory...
