[!]: path: /dev_hdd0/game/
[!]: Loading 'D:\Emulateurs\Rpcs3\dev_hdd0\game\NPEB00342-[Resident Evil 4 HD]/USRDIR/BOOT.BIN'...
[!]: Mount info:
[!]: /dev_hdd0/ -> D:\Emulateurs\Rpcs3\dev_hdd0\
[!]: /dev_hdd1/ -> D:\Emulateurs\Rpcs3\dev_hdd1\
[!]: /dev_flash/ -> D:\Emulateurs\Rpcs3\dev_flash\
[!]: /dev_usb000/ -> D:\Emulateurs\Rpcs3\dev_usb000\
[!]: /dev_usb/ -> D:\Emulateurs\Rpcs3\dev_usb000\
[!]: /app_home/ -> D:\Emulateurs\Rpcs3\dev_hdd0\game\NPEB00342-[Resident Evil 4 HD]/
[!]: /dev_bdvd/ -> D:\Emulateurs\Rpcs3\dev_hdd0\game\NPEB00342-[Resident Evil 4 HD]/\..\
[!]: /host_root/ -> 
[!]: / -> D:\Emulateurs\Rpcs3\dev_hdd0\game\NPEB00342-[Resident Evil 4 HD]/\USRDIR\
[!]: Initing memory...
[!]: Memory initialized.
[W]: Unknown function 0x0e091c36 in 'cellSysutil' module
[E]: TODO: cellSaveDataUserListAutoSave
[W]: Unknown function 0x248bd1d8 in 'cellSysutil' module
[E]: TODO: cellSaveDataUserListAutoLoad
[W]: Unknown function 0xced17573 in 'cellSysutil' module
[E]: TODO: cellSaveDataFixedDelete
[W]: Unknown function 0xedadd797 in 'cellSysutil' module
[E]: TODO: cellSaveDataDelete2
[W]: Unknown function 0xd3758645 in 'cellResc' module
[E]: TODO: cellRescSetVBlankHandler
[W]: Unknown function 0x06ddb53e in 'cellAtrac' module
[E]: TODO: cellAtracSetSecondBuffer
[W]: Unknown function 0x0f9667b6 in 'cellAtrac' module
[E]: TODO: cellAtracGetChannel
[W]: Unknown function 0x2642d4cc in 'cellAtrac' module
[E]: TODO: cellAtracCreateDecoderExt
[W]: Unknown function 0x2bfff084 in 'cellAtrac' module
[E]: TODO: cellAtracGetStreamDataInfo
[W]: Unknown function 0x46cfc013 in 'cellAtrac' module
[E]: TODO: cellAtracAddStreamData
[W]: Unknown function 0x66afc68e in 'cellAtrac' module
[E]: TODO: cellAtracSetDataAndGetMemSize
[W]: Unknown function 0x761cb9be in 'cellAtrac' module
[E]: TODO: cellAtracDeleteDecoder
[W]: Unknown function 0x78ba5c41 in 'cellAtrac' module
[E]: TODO: cellAtracSetLoopNum
[W]: Unknown function 0x8eb0e65f in 'cellAtrac' module
[E]: TODO: cellAtracDecode
[W]: Unknown function 0x99efe171 in 'cellAtrac' module
[E]: TODO: cellAtracIsSecondBufferNeeded
[W]: Unknown function 0xbe07f05e in 'cellAtrac' module
[E]: TODO: cellAtracGetSecondBufferInfo
[W]: Unknown function 0xdfab73aa in 'cellAtrac' module
[E]: TODO: cellAtracGetRemainFrame
[W]: Unknown function 0x011ee38b in 'cellSpurs' module
[E]: TODO: _cellSpursLFQueueInitialize
[W]: Unknown function 0x16394a4e in 'cellSpurs' module
[E]: TODO: _cellSpursTasksetAttributeInitialize
[W]: Unknown function 0x1656d49f in 'cellSpurs' module
[E]: TODO: cellSpursLFQueueAttachLv2EventQueue
[W]: Unknown function 0x22aab31d in 'cellSpurs' module
[E]: TODO: cellSpursEventFlagDetachLv2EventQueue
[W]: Unknown function 0x373523d4 in 'cellSpurs' module
[E]: TODO: cellSpursEventFlagWait
[W]: Unknown function 0x5ef96465 in 'cellSpurs' module
[E]: TODO: _cellSpursEventFlagInitialize
[W]: Unknown function 0x652b70e2 in 'cellSpurs' module
[E]: TODO: cellSpursTasksetAttributeSetName
[W]: Unknown function 0x73e06f91 in 'cellSpurs' module
[E]: TODO: cellSpursLFQueueDetachLv2EventQueue
[W]: Unknown function 0x87630976 in 'cellSpurs' module
[E]: TODO: cellSpursEventFlagAttachLv2EventQueue
[W]: Unknown function 0x8a85674d in 'cellSpurs' module
[E]: TODO: _cellSpursLFQueuePushBody
[W]: Unknown function 0x9f72add3 in 'cellSpurs' module
[E]: TODO: cellSpursJoinTaskset
[W]: Unknown function 0xa789e631 in 'cellSpurs' module
[E]: TODO: cellSpursShutdownTaskset
[W]: Unknown function 0xaa6269a8 in 'cellSpurs' module
[E]: TODO: cellSpursInitializeWithAttribute
[W]: Unknown function 0xbeb600ac in 'cellSpurs' module
[E]: TODO: cellSpursCreateTask
[W]: Unknown function 0xc10931cb in 'cellSpurs' module
[E]: TODO: cellSpursCreateTasksetWithAttribute
[W]: Unknown function 0x1d46fedf in 'cellSpurs' module
[E]: TODO: cellSpursCreateTaskWithAttribute
[W]: Unknown function 0x52cc6c82 in 'cellSpurs' module
[E]: TODO: cellSpursCreateTaskset
[W]: Unknown function 0xb8474eff in 'cellSpurs' module
[E]: TODO: _cellSpursTaskAttributeInitialize
[W]: Unknown function 0xe0a6dbe4 in 'cellSpurs' module
[E]: TODO: _cellSpursSendSignal
[W]: Unknown function 0xf5507729 in 'cellSpurs' module
[E]: TODO: cellSpursEventFlagSet
[W]: Unknown function 0x04372385 in 'sceNp' module
[E]: TODO: sceNpBasicGetFriendListEntry
[W]: Unknown function 0x21206642 in 'sceNp' module
[E]: TODO: sceNpScoreGetRankingByRangeAsync
[W]: Unknown function 0x259113b8 in 'sceNp' module
[E]: TODO: sceNpScoreDestroyTitleCtx
[W]: Unknown function 0x32cf311f in 'sceNp' module
[E]: TODO: sceNpScoreInit
[W]: Unknown function 0x3db7914d in 'sceNp' module
[E]: TODO: sceNpScoreGetRankingByNpIdAsync
[W]: Unknown function 0x6ee62ed2 in 'sceNp' module
[E]: TODO: sceNpManagerGetContentRatingFlag
[W]: Unknown function 0x6f5e8143 in 'sceNp' module
[E]: TODO: sceNpScoreCreateTransactionCtx
[W]: Unknown function 0x9851f805 in 'sceNp' module
[E]: TODO: sceNpScoreTerm
[W]: Unknown function 0xa7a090e5 in 'sceNp' module
[E]: TODO: sceNpScorePollAsync
[W]: Unknown function 0xafef640d in 'sceNp' module
[E]: TODO: sceNpBasicGetFriendListEntryCount
[W]: Unknown function 0xb9f93bbb in 'sceNp' module
[E]: TODO: sceNpScoreCreateTitleCtx
[W]: Unknown function 0xc5f4cf82 in 'sceNp' module
[E]: TODO: sceNpScoreDestroyTransactionCtx
[W]: Unknown function 0xceeebc7a in 'sceNp' module
[E]: TODO: sceNpProfileCallGui
[W]: Unknown function 0xee5b20d9 in 'sceNp' module
[E]: TODO: sceNpScoreAbortTransaction
[W]: Unknown function 0xf0b1e399 in 'sceNp' module
[E]: TODO: sceNpScoreRecordScoreAsync
[W]: Unknown function 0xfe37a7f4 in 'sceNp' module
[E]: TODO: sceNpManagerGetNpId
[W]: Unknown function 0x8a561d92 in 'sysPrxForUser' module
[E]: TODO: _sys_heap_free
[W]: Unknown function 0xaede4b03 in 'sysPrxForUser' module
[E]: TODO: _sys_heap_delete_heap
[W : PPU[1] Thread (CPUThread)[0x01a58034]]: sys_lwmutex warning: *** lwmutex created [_lc_mtx] (attribute=0x12): sq_id = 3
[W : PPU[1] Thread (CPUThread)[0x006fd208]]: memory warning: sys_memory_get_user_memory_size(mem_info_addr=0xd0020c04)
[W : PPU[1] Thread (CPUThread)[0x01a58034]]: sys_lwmutex warning: *** lwmutex created [_lc_mtx] (attribute=0x12): sq_id = 4
[W : PPU[1] Thread (CPUThread)[0x01a58034]]: sys_lwmutex warning: *** lwmutex created [_lc_mtx] (attribute=0x12): sq_id = 5
[W : PPU[1] Thread (CPUThread)[0x01a58034]]: sys_lwmutex warning: *** lwmutex created [_lc_mtx] (attribute=0x12): sq_id = 6
[W : PPU[1] Thread (CPUThread)[0x01a58034]]: sys_lwmutex warning: *** lwmutex created [_lc_mtx] (attribute=0x12): sq_id = 7
[W : PPU[1] Thread (CPUThread)[0x01a58034]]: sys_lwmutex warning: *** lwmutex created [_lc_mtx] (attribute=0x12): sq_id = 8
[W : PPU[1] Thread (CPUThread)[0x01a58034]]: sys_lwmutex warning: *** lwmutex created [_lc_mtx] (attribute=0x12): sq_id = 9
[W : PPU[1] Thread (CPUThread)[0x01a58034]]: sys_lwmutex warning: *** lwmutex created [_lc_mtx] (attribute=0x12): sq_id = 10
[W : PPU[1] Thread (CPUThread)[0x01a58034]]: sys_lwmutex warning: *** lwmutex created [_lc_mtx] (attribute=0x12): sq_id = 11
[W : PPU[1] Thread (CPUThread)[0x01a58034]]: sys_lwmutex warning: *** lwmutex created [_lc_mtx] (attribute=0x12): sq_id = 12
[W : PPU[1] Thread (CPUThread)[0x01a58034]]: sys_lwmutex warning: *** lwmutex created [_lgcmtx] (attribute=0x12): sq_id = 13
[W : PPU[1] Thread (CPUThread)[0x01a58034]]: sys_lwmutex warning: *** lwmutex created [_lgcmtx] (attribute=0x22): sq_id = 14
[W : PPU[1] Thread (CPUThread)[0x01a58034]]: sys_lwmutex warning: *** lwmutex created [] (attribute=0x12): sq_id = 15
[W : PPU[1] Thread (CPUThread)[0x01a58034]]: sys_lwmutex warning: *** lwmutex created [HapErMt] (attribute=0x22): sq_id = 17
[W : PPU[1] Thread (CPUThread)[0x01a58034]]: sys_lwmutex warning: *** lwmutex created [] (attribute=0x12): sq_id = 18
[W : PPU[1] Thread (CPUThread)[0x01a58034]]: sys_lwmutex warning: *** lwmutex created [] (attribute=0x12): sq_id = 19
[W : PPU[1] Thread (CPUThread)[0x002f0e4c]]: memory warning: sys_memory_get_user_memory_size(mem_info_addr=0xd0020a80)
[W : PPU[1] Thread (CPUThread)[0x01a58034]]: sys_lwmutex warning: *** lwmutex created [] (attribute=0x12): sq_id = 20
[W : PPU[1] Thread (CPUThread)[0x002f0eb8]]: sys_event warning: sys_event_queue_create(equeue_id_addr=0x18e6c00, attr_addr=0xd0020ab8, event_queue_key=0x0, size=1)
[W : PPU[1] Thread (CPUThread)[0x002f0eb8]]: sys_event warning: *** event_queue created [] (protocol=0x2, type=0x1): id = 21
[W : PPU[1] Thread (CPUThread)[0x002f0ed0]]: sys_event warning: sys_event_port_create(eport_id_addr=0x18e6c04, port_type=0x1, name=0x0)
[W : PPU[1] Thread (CPUThread)[0x002f0ed0]]: sys_event warning: *** sys_event_port created: id = 22
[W : PPU[1] Thread (CPUThread)[0x002f0ee0]]: sys_event warning: sys_event_port_connect_local(eport_id=22, equeue_id=21)
[W : PPU[1] Thread (CPUThread)[0x002f0eb8]]: sys_event warning: sys_event_queue_create(equeue_id_addr=0x18e6c28, attr_addr=0xd0020ab8, event_queue_key=0x0, size=1)
[W : PPU[1] Thread (CPUThread)[0x002f0eb8]]: sys_event warning: *** event_queue created [] (protocol=0x2, type=0x1): id = 24
[W : PPU[1] Thread (CPUThread)[0x002f0ed0]]: sys_event warning: sys_event_port_create(eport_id_addr=0x18e6c2c, port_type=0x1, name=0x0)
[W : PPU[1] Thread (CPUThread)[0x002f0ed0]]: sys_event warning: *** sys_event_port created: id = 25
[W : PPU[1] Thread (CPUThread)[0x002f0ee0]]: sys_event warning: sys_event_port_connect_local(eport_id=25, equeue_id=24)
[W : PPU[1] Thread (CPUThread)[0x01a58034]]: sys_lwmutex warning: *** lwmutex created [] (attribute=0x12): sq_id = 27
[W : PPU[1] Thread (CPUThread)[0x002f0f84]]: sys_event warning: sys_event_queue_create(equeue_id_addr=0x18e6c68, attr_addr=0xd0020a98, event_queue_key=0x0, size=1)
[W : PPU[1] Thread (CPUThread)[0x002f0f84]]: sys_event warning: *** event_queue created [] (protocol=0x2, type=0x1): id = 28
[W : PPU[1] Thread (CPUThread)[0x002f0f9c]]: sys_event warning: sys_event_port_create(eport_id_addr=0x18e6c6c, port_type=0x1, name=0x0)
[W : PPU[1] Thread (CPUThread)[0x002f0f9c]]: sys_event warning: *** sys_event_port created: id = 29
[W : PPU[1] Thread (CPUThread)[0x002f0fac]]: sys_event warning: sys_event_port_connect_local(eport_id=29, equeue_id=28)
[W : PPU[1] Thread (CPUThread)[0x002f0f84]]: sys_event warning: sys_event_queue_create(equeue_id_addr=0x18e6c98, attr_addr=0xd0020a98, event_queue_key=0x0, size=1)
[W : PPU[1] Thread (CPUThread)[0x002f0f84]]: sys_event warning: *** event_queue created [] (protocol=0x2, type=0x1): id = 31
[W : PPU[1] Thread (CPUThread)[0x002f0f9c]]: sys_event warning: sys_event_port_create(eport_id_addr=0x18e6c9c, port_type=0x1, name=0x0)
[W : PPU[1] Thread (CPUThread)[0x002f0f9c]]: sys_event warning: *** sys_event_port created: id = 32
[W : PPU[1] Thread (CPUThread)[0x002f0fac]]: sys_event warning: sys_event_port_connect_local(eport_id=32, equeue_id=31)
[W : PPU[1] Thread (CPUThread)[0x01a58034]]: sys_lwmutex warning: *** lwmutex created [] (attribute=0x12): sq_id = 34
[W : PPU[1] Thread (CPUThread)[0x002f101c]]: memory warning: sys_memory_container_create(cid_addr=0x18e6ed0, yield_size=0x300000)
[W : PPU[1] Thread (CPUThread)[0x002f101c]]: memory warning: *** memory_container created(addr=0x30100000): id = 35
[E : PPU[1] Thread (CPUThread)[0x01a4e094]]: cellSpurs error: _cellSpursAttributeInitialize(attr_addr=0xd0020880, nSpus=2, spuPriority=3342336, ppuPriority=5, exitIfNoWork=100)
[E : PPU[1] Thread (CPUThread)[0x01a4e070]]: cellSpurs error: cellSpursAttributeSetMemoryContainerForSpuThread(attr_addr=0xd0020880, container=0x23)
[E : PPU[1] Thread (CPUThread)[0x01a4e034]]: cellSpurs error: cellSpursInitializeWithAttribute2(spurs_addr=0x30400080, spurs_addr=0xd0020880)
[W : PPU[1] Thread (CPUThread)[0x01a58034]]: sys_lwmutex warning: *** lwmutex created [] (attribute=0x12): sq_id = 36
[W : PPU[1] Thread (CPUThread)[0x01a40064]]: cellSysutil warning: cellSysutilRegisterCallback(slot=0, func_addr=0x7dd210, userdata=0x0)
[W : PPU[1] Thread (CPUThread)[0x0026a44c]]: sys_event_flag warning: sys_event_flag_create(eflag_id_addr=0x104d3a8, attr_addr=0xd0020b00, init=0xffffffff)
[W : PPU[1] Thread (CPUThread)[0x0026a44c]]: sys_event_flag warning: TODO: SYS_SYNC_PRIORITY attr
[W : PPU[1] Thread (CPUThread)[0x0026a44c]]: sys_event_flag warning: TODO: SYS_SYNC_WAITER_SINGLE type
[W : PPU[1] Thread (CPUThread)[0x0026a44c]]: sys_event_flag warning: *** event_flag created [evt0000] (protocol=0x2, type=0x10000): id = 37
[W : PPU[1] Thread (CPUThread)[0x0026a49c]]: sysPrxForUser warning: sys_ppu_thread_set_priority(thread_id=1, prio=1004)
[W : PPU[1] Thread (CPUThread)[0x00268328]]: sys_mutex warning: *** mutex created [] (protocol=0x2, recursive=false): id = 38
[W : PPU[1] Thread (CPUThread)[0x01a46010]]: cellSysmodule warning: cellSysmoduleLoadModule(CELL_SYSMODULE_FS)
[W : PPU[1] Thread (CPUThread)[0x01a46010]]: cellSysmodule warning: cellSysmoduleLoadModule(CELL_SYSMODULE_SYSUTIL_GAME)
[W : PPU[1] Thread (CPUThread)[0x01a4c028]]: cellGame warning: cellGameBootCheck(type_addr=0xd0020ac0, attributes_addr=0xd0020ac4, size_addr=0xd0020ac8, dirName_addr=0xd0020ad8)
[W : PPU[1] Thread (CPUThread)[0x01a4c004]]: cellGame warning: cellGameContentPermit(contentInfoPath_addr=0xdb9560, usrdirPath_addr=0xdb94e0)
[W : PPU[1] Thread (CPUThread)[0x01a3c064]]: sys_fs warning: cellFsAioInit(mount_point_addr=0xdb94e0 (/dev_hdd0/game/NPEB00342/USRDIR))
[W : PPU[1] Thread (CPUThread)[0x01a40034]]: cellSysutil warning: cellSysutilGetSystemParamInt: CELL_SYSUTIL_SYSTEMPARAM_ID_LANG
[E : PPU[1] Thread (CPUThread)[0x0026b05c]]: sys_event_flag error: sys_event_flag_trywait(eflag_id=37, bitptn=0xffffffff, mode=0x1, result_addr=0x0)
[E : PPU[1] Thread (CPUThread)[0x0026b174]]: sys_event_flag error: sys_event_flag_wait(eflag_id=37, bitptn=0xffffffff, mode=0x1, result_addr=0x0, timeout=0)
[W : PPU[1] Thread (CPUThread)[0x01a44010]]: cellGcmSys warning: cellGcmInit(context_addr=0x1933e28,cmdSize=0xf00000,ioSize=0x1600000,ioAddress=0x36600000)
[W : PPU[1] Thread (CPUThread)[0x01a44010]]: cellGcmSys warning: *** local memory(addr=0xc0000000, size=0xf900000)
[W : PPU[1] Thread (CPUThread)[0x01a44010]]: cellGcmSys warning: cellGcmMapEaIoAddress(ea=0x36600000, io=0x0, size=0x1600000)
[! : RSXThread]: RSX thread entry
[W : PPU[1] Thread (CPUThread)[0x01a44040]]: cellGcmSys warning: cellGcmSetDebugOutputLevel(level=2)
[W : PPU[1] Thread (CPUThread)[0x01a44004]]: cellGcmSys warning: cellGcmGetTiledPitchSize(size=5120)
[W : PPU[1] Thread (CPUThread)[0x01a44004]]: cellGcmSys warning: cellGcmGetTiledPitchSize(size=5120)
[W : PPU[1] Thread (CPUThread)[0x01a46010]]: cellSysmodule warning: cellSysmoduleLoadModule(CELL_SYSMODULE_RESC)
[W : PPU[1] Thread (CPUThread)[0x01a42058]]: cellResc warning: cellRescInit(initConfig_addr=0xd00207cc)
[W : PPU[1] Thread (CPUThread)[0x01a42040]]: cellResc warning: cellRescSetDisplayMode(displayMode=4)
[W : PPU[1] Thread (CPUThread)[0x01a42040]]: cellSysutil warning: cellVideoOutConfigure(videoOut=0, config_addr=0x30016000, option_addr=0x0, waitForEvent=0x0)
[W : PPU[1] Thread (CPUThread)[0x01a42040]]: cellGcmSys warning: cellGcmSetFlipMode(mode=2)
[W : PPU[1] Thread (CPUThread)[0x01a42064]]: cellResc warning: cellRescGetBufferSize(colorBuffers_addr=0xd00207a8, vertexArray_addr=0xd00207ac, fragmentShader_addr=0xd00207b0)
[W : PPU[1] Thread (CPUThread)[0x01a4207c]]: cellResc warning: cellRescSetBufferAddress(colorBuffers_addr=0xc0000000, vertexArray_addr=0xc1100000, fragmentShader_addr=0xc1100180)
[W : PPU[1] Thread (CPUThread)[0x01a4207c]]: cellGcmSys warning: cellGcmSetDisplayBuffer(id=0x0,offset=0x0,pitch=4,width=1280,height=720)
[W : PPU[1] Thread (CPUThread)[0x01a4207c]]: cellGcmSys warning: cellGcmSetDisplayBuffer(id=0x1,offset=0x3c0000,pitch=4,width=1280,height=720)
[W : PPU[1] Thread (CPUThread)[0x01a44088]]: cellGcmSys warning: cellGcmSetTileInfo(index=2, location=0, offset=0, size=17825792, pitch=5120, comp=0, base=0, bank=0)
[W : PPU[1] Thread (CPUThread)[0x01a44034]]: cellGcmSys warning: cellGcmBindTile(index=2)
[E : PPU[1] Thread (CPUThread)[0x01a420a0]]: TODO: cellRescSetVBlankHandler
[W : PPU[1] Thread (CPUThread)[0x01a44088]]: cellGcmSys warning: cellGcmSetTileInfo(index=0, location=0, offset=17891328, size=7864320, pitch=5120, comp=0, base=0, bank=0)
[W : PPU[1] Thread (CPUThread)[0x01a44034]]: cellGcmSys warning: cellGcmBindTile(index=0)
[W : PPU[1] Thread (CPUThread)[0x01a44088]]: cellGcmSys warning: cellGcmSetTileInfo(index=1, location=0, offset=25755648, size=7864320, pitch=5120, comp=9, base=0, bank=3)
[E : PPU[1] Thread (CPUThread)[0x01a44088]]: cellGcmSys error: cellGcmSetTileInfo: bad comp! (9)
[W : PPU[1] Thread (CPUThread)[0x01a44034]]: cellGcmSys warning: cellGcmBindTile(index=1)
[W : PPU[1] Thread (CPUThread)[0x01a42070]]: cellGcmSys warning: cellGcmSetDisplayBuffer(id=0x0,offset=0x1110000,pitch=4,width=1280,height=720)
[W : PPU[1] Thread (CPUThread)[0x01a42070]]: cellGcmSys warning: cellGcmSetDisplayBuffer(id=0x1,offset=0x14d0000,pitch=4,width=1280,height=720)
[W : PPU[1] Thread (CPUThread)[0x01a44070]]: cellGcmSys warning: cellGcmMapMainMemory(ea=0x37d00000,size=0x100000,offset_addr=0xcb2c28)
[W : PPU[1] Thread (CPUThread)[0x01a44070]]: cellGcmSys warning: cellGcmMapMainMemory(ea=0x37e00000,size=0x100000,offset_addr=0xcb2c2c)
[W : PPU[1] Thread (CPUThread)[0x01a44070]]: cellGcmSys warning: cellGcmMapMainMemory(ea=0x30500000,size=0x6000000,offset_addr=0xd00206d0)
[W : PPU[1] Thread (CPUThread)[0x01a44070]]: cellGcmSys warning: cellGcmMapMainMemory(ea=0x38000000,size=0x200000,offset_addr=0xd00206a0)
[W : PPU[1] Thread (CPUThread)[0x01a44070]]: cellGcmSys warning: cellGcmMapMainMemory(ea=0x38300000,size=0x200000,offset_addr=0xd00206a0)
[E : PPU[39] Thread (sdu_list_auto_load)[0x01a40028]]: TODO: cellSaveDataUserListAutoLoad
[W : PPU[40] Thread (hap_trophy_init)[0x01a4601c]]: cellSysmodule warning: cellSysmoduleIsLoaded(CELL_SYSMODULE_IO)
[W : PPU[40] Thread (hap_trophy_init)[0x01a46010]]: cellSysmodule warning: cellSysmoduleLoadModule(CELL_SYSMODULE_IO)
[W : PPU[40] Thread (hap_trophy_init)[0x01a46010]]: cellSysmodule warning: cellSysmoduleLoadModule(CELL_SYSMODULE_SYSUTIL_NP_TROPHY)
[W : PPU[40] Thread (hap_trophy_init)[0x01a50058]]: sceNpTrophy warning: sceNpTrophyCreateContext(context_addr=0x897194, commID_addr=0x750881, commSign_addr=0x75088d, options=0x0)
[W : PPU[1] Thread (CPUThread)[0x01a46010]]: cellSysmodule warning: cellSysmoduleLoadModule(CELL_SYSMODULE_NET)
[E : PPU[1] Thread (CPUThread)[0x01a54028]]: cellNetCtl error: Unimplemented function: cellNetCtlInit
[W : PPU[1] Thread (CPUThread)[0x01a46010]]: cellSysmodule warning: cellSysmoduleLoadModule(CELL_SYSMODULE_NETCTL)
[W : PPU[1] Thread (CPUThread)[0x0026b4e8]]: sys_semaphore warning: sys_semaphore_create(sem_addr=0x1928ba4, attr_addr=0xd0020a60, initial_count=0, max_count=64)
[W : PPU[40] Thread (hap_trophy_init)[0x01a50010]]: sceNpTrophy warning: sceNpTrophyCreateHandle(handle_addr=0x897198)
[W : PPU[40] Thread (hap_trophy_init)[0x01a5001c]]: sceNpTrophy warning: sceNpTrophyGetRequiredDiskSpace(context=0, handle=0, reqspace_addr=0xd0090dc0, options=0x0)
[E : RSXThread]: TODO: cellGcmSetLogicOp(0x0)
[W : RSXThread]: FP not found in buffer!
[W : RSXThread]: VP not found in buffer!
[! : RSXThread]: Add program (0):
[! : RSXThread]: *** prog id = 3
[! : RSXThread]: *** vp id = 2
[! : RSXThread]: *** fp id = 1
[! : RSXThread]: *** vp data size = 96
[! : RSXThread]: *** fp data size = 16
[! : RSXThread]: *** vp shader = 
#version 330

uniform mat4 scaleOffsetMat = mat4(1.0);
layout (location = 1) in vec4 in_weight;
layout (location = 2) in vec4 in_normal;
layout (location = 0) in vec4 in_pos;
out vec4 col0;
out vec4 tc0;
uniform vec4 vc259;
uniform vec4 vc258;
uniform vec4 vc257;
uniform vec4 vc256;

void func0();

void main()
{
	gl_Position = vec4(0.0f, 0.0f, 0.0f, 1.0f);
	func0();
	gl_Position = gl_Position * scaleOffsetMat;
}

void func0()
{
	col0 = in_weight;
	tc0.xy = in_normal.xyxx.xy;
	gl_Position.w = vec2(dot(in_pos, vc259), 0).xxxx.w;
	gl_Position.z = vec2(dot(in_pos, vc258), 0).xxxx.z;
	gl_Position.y = vec2(dot(in_pos, vc257), 0).xxxx.y;
	gl_Position.x = vec2(dot(in_pos, vc256), 0).xxxx.x;
}

[! : RSXThread]: *** fp shader = 
#version 330

in vec4 col0;
vec4 r0 = vec4(0.0, 0.0, 0.0, 0.0);
layout (location = 0) out vec4 ocol;

void main()
{
	r0 = col0;
	ocol = r0;
}

[W : RSXThread]: New FBO (1280x720)
[E : RSXThread]: glAlphaFunc: opengl error 0x0500
[! : RSXThread]: RSX thread exit...
[W : PPU[30] Thread (asyncDecoder_RD)[0x002f0bc4]]: sys_event_queue_receive(equeue=28) aborted
[W : PPU[23] Thread (asyncReader_RD)[0x002efe80]]: sys_event_queue_receive(equeue=21) aborted
[W : PPU[26] Thread (asyncReader_RD)[0x002efe80]]: sys_event_queue_receive(equeue=24) aborted
[W : PPU[33] Thread (asyncDecoder_RD)[0x002f0bc4]]: sys_event_queue_receive(equeue=31) aborted
[!]: Mutex(38) was owned by thread 40 (recursive=1)
[!]: Closing memory...
