[!]: path: /dev_hdd0/game/
[!]: Loading 'I:\NPHB00525 CHAOS CODE\USRDIR\BOOT.BIN'...
[!]: Mount info:
[!]: /dev_hdd0/ -> D:\PSN\EmuCR-rpcs3-git-20140303-x86\dev_hdd0\
[!]: /dev_hdd1/ -> D:\PSN\EmuCR-rpcs3-git-20140303-x86\dev_hdd1\
[!]: /dev_flash/ -> D:\PSN\EmuCR-rpcs3-git-20140303-x86\dev_flash\
[!]: /dev_usb000/ -> D:\PSN\EmuCR-rpcs3-git-20140303-x86\dev_usb000\
[!]: /dev_usb/ -> D:\PSN\EmuCR-rpcs3-git-20140303-x86\dev_usb000\
[!]: /app_home/ -> I:\NPHB00525 CHAOS CODE\
[!]: /dev_bdvd/ -> I:\NPHB00525 CHAOS CODE\\..\
[!]: /host_root/ -> 
[!]: / -> I:\NPHB00525 CHAOS CODE\
[!]: Initing memory...
[!]: Memory initialized.
[W]: Unknown function 0x25b40ab4 in 'cellGcmSys' module
[E]: TODO: cellGcmSortRemapEaIoAddress
[W]: Unknown function 0x22aab31d in 'cellSpurs' module
[E]: TODO: cellSpursEventFlagDetachLv2EventQueue
[W]: Unknown function 0x373523d4 in 'cellSpurs' module
[E]: TODO: cellSpursEventFlagWait
[W]: Unknown function 0x4e66d483 in 'cellSpurs' module
[E]: TODO: cellSpursDetachLv2EventQueue
[W]: Unknown function 0x52cc6c82 in 'cellSpurs' module
[E]: TODO: cellSpursCreateTaskset
[W]: Unknown function 0x5ef96465 in 'cellSpurs' module
[E]: TODO: _cellSpursEventFlagInitialize
[W]: Unknown function 0x87630976 in 'cellSpurs' module
[E]: TODO: cellSpursEventFlagAttachLv2EventQueue
[W]: Unknown function 0x9f72add3 in 'cellSpurs' module
[E]: TODO: cellSpursJoinTaskset
[W]: Unknown function 0xa789e631 in 'cellSpurs' module
[E]: TODO: cellSpursShutdownTaskset
[W]: Unknown function 0xacfc8dbc in 'cellSpurs' module
[E]: TODO: cellSpursInitialize
[W]: Unknown function 0xb9bc6207 in 'cellSpurs' module
[E]: TODO: cellSpursAttachLv2EventQueue
[W]: Unknown function 0xbeb600ac in 'cellSpurs' module
[E]: TODO: cellSpursCreateTask
[W]: Unknown function 0xe0a6dbe4 in 'cellSpurs' module
[E]: TODO: _cellSpursSendSignal
[W]: Unknown function 0x62b0f803 in 'cellSysutil' module
[E]: TODO: cellMsgDialogAbort
[W]: Unknown function 0x7bc2c8a8 in 'cellSysutil' module
[E]: TODO: cellMsgDialogProgressBarReset
[W]: Unknown function 0x8b7ed64b in 'cellSysutil' module
[E]: TODO: cellSaveDataAutoSave2
[W]: Unknown function 0x94862702 in 'cellSysutil' module
[E]: TODO: cellMsgDialogProgressBarInc
[W]: Unknown function 0x9d6af72a in 'cellSysutil' module
[E]: TODO: cellMsgDialogProgressBarSetMsg
[W]: Unknown function 0xced17573 in 'cellSysutil' module
[E]: TODO: cellSaveDataFixedDelete
[W]: Unknown function 0xfbd5c856 in 'cellSysutil' module
[E]: TODO: cellSaveDataAutoLoad2
[W]: Unknown function 0x4885aa18 in 'sceNp' module
[E]: TODO: sceNpTerm
[W]: Unknown function 0xad218faf in 'sceNp' module
[E]: TODO: sceNpDrmIsAvailable
[W]: Unknown function 0xbd28fdbf in 'sceNp' module
[E]: TODO: sceNpInit
[W]: Unknown module 'cellUserInfo'
[W]: Unknown function 0x8a561d92 in 'sysPrxForUser' module
[E]: TODO: _sys_heap_free
[W]: Unknown function 0xaede4b03 in 'sysPrxForUser' module
[E]: TODO: _sys_heap_delete_heap
[S]: Game: boot done.
[W : PPU[1] Thread (CPUThread)[0x005aa034]]: sys_lwmutex warning: *** lwmutex created [_lc_mtx] (attribute=0x12): sq_id = 3
[W : PPU[1] Thread (CPUThread)[0x001cc68c]]: memory warning: sys_memory_get_user_memory_size(mem_info_addr=0xd0020c04)
[W : PPU[1] Thread (CPUThread)[0x005aa034]]: sys_lwmutex warning: *** lwmutex created [_lc_mtx] (attribute=0x12): sq_id = 4
[W : PPU[1] Thread (CPUThread)[0x005aa034]]: sys_lwmutex warning: *** lwmutex created [_lc_mtx] (attribute=0x12): sq_id = 5
[W : PPU[1] Thread (CPUThread)[0x005aa034]]: sys_lwmutex warning: *** lwmutex created [_lc_mtx] (attribute=0x12): sq_id = 6
[W : PPU[1] Thread (CPUThread)[0x005aa034]]: sys_lwmutex warning: *** lwmutex created [_lc_mtx] (attribute=0x12): sq_id = 7
[W : PPU[1] Thread (CPUThread)[0x005aa034]]: sys_lwmutex warning: *** lwmutex created [_lc_mtx] (attribute=0x12): sq_id = 8
[W : PPU[1] Thread (CPUThread)[0x005aa034]]: sys_lwmutex warning: *** lwmutex created [_lc_mtx] (attribute=0x12): sq_id = 9
[W : PPU[1] Thread (CPUThread)[0x005aa034]]: sys_lwmutex warning: *** lwmutex created [_lc_mtx] (attribute=0x12): sq_id = 10
[W : PPU[1] Thread (CPUThread)[0x005aa034]]: sys_lwmutex warning: *** lwmutex created [_lc_mtx] (attribute=0x12): sq_id = 11
[W : PPU[1] Thread (CPUThread)[0x005aa034]]: sys_lwmutex warning: *** lwmutex created [_lc_mtx] (attribute=0x12): sq_id = 12
[W : PPU[1] Thread (CPUThread)[0x005aa034]]: sys_lwmutex warning: *** lwmutex created [_lc_mtx] (attribute=0x12): sq_id = 13
[W : PPU[1] Thread (CPUThread)[0x005aa034]]: sys_lwmutex warning: *** lwmutex created [_lc_mtx] (attribute=0x12): sq_id = 14
[W : PPU[1] Thread (CPUThread)[0x005aa034]]: sys_lwmutex warning: *** lwmutex created [_lc_mtx] (attribute=0x12): sq_id = 15
[W : PPU[1] Thread (CPUThread)[0x005aa034]]: sys_lwmutex warning: *** lwmutex created [_lc_mtx] (attribute=0x12): sq_id = 16
[W : PPU[1] Thread (CPUThread)[0x005aa034]]: sys_lwmutex warning: *** lwmutex created [_lc_mtx] (attribute=0x12): sq_id = 17
[W : PPU[1] Thread (CPUThread)[0x005aa034]]: sys_lwmutex warning: *** lwmutex created [_lc_mtx] (attribute=0x12): sq_id = 18
[W : PPU[1] Thread (CPUThread)[0x005aa034]]: sys_lwmutex warning: *** lwmutex created [_lc_mtx] (attribute=0x12): sq_id = 19
[W : PPU[1] Thread (CPUThread)[0x005aa034]]: sys_lwmutex warning: *** lwmutex created [_lc_mtx] (attribute=0x12): sq_id = 20
[W : PPU[1] Thread (CPUThread)[0x005aa034]]: sys_lwmutex warning: *** lwmutex created [_lc_mtx] (attribute=0x12): sq_id = 21
[W : PPU[1] Thread (CPUThread)[0x005aa034]]: sys_lwmutex warning: *** lwmutex created [_lc_mtx] (attribute=0x12): sq_id = 22
[W : PPU[1] Thread (CPUThread)[0x005aa034]]: sys_lwmutex warning: *** lwmutex created [_lc_mtx] (attribute=0x12): sq_id = 23
[W : PPU[1] Thread (CPUThread)[0x005aa034]]: sys_lwmutex warning: *** lwmutex created [_lc_mtx] (attribute=0x12): sq_id = 24
[W : PPU[1] Thread (CPUThread)[0x005aa034]]: sys_lwmutex warning: *** lwmutex created [_lc_mtx] (attribute=0x12): sq_id = 25
[W : PPU[1] Thread (CPUThread)[0x005aa034]]: sys_lwmutex warning: *** lwmutex created [_lc_mtx] (attribute=0x12): sq_id = 26
[E : PPU[1] Thread (CPUThread)[0x001c6de4]]: sys_fs error: "/app_home/fwArgs.txt" not found! flags: 0x00000000
[W : PPU[1] Thread (CPUThread)[0x00296010]]: cellGcmSys warning: cellGcmInit(context_addr=0x546b68,cmdSize=0x80000,ioSize=0x100000,ioAddress=0x30100000)
[W : PPU[1] Thread (CPUThread)[0x00296010]]: cellGcmSys warning: *** local memory(addr=0xc0000000, size=0xf900000)
[W : PPU[1] Thread (CPUThread)[0x00296010]]: cellGcmSys warning: cellGcmMapEaIoAddress(ea=0x30100000, io=0x0, size=0x100000)
[! : RSXThread]: RSX thread entry
[W : PPU[1] Thread (CPUThread)[0x00296004]]: cellGcmSys warning: cellGcmGetTiledPitchSize(size=2880)
[W : PPU[1] Thread (CPUThread)[0x00296004]]: cellGcmSys warning: cellGcmGetTiledPitchSize(size=2880)
[W : PPU[1] Thread (CPUThread)[0x0029a004]]: cellSysutil warning: cellVideoOutConfigure(videoOut=0, config_addr=0xd0020bc4, option_addr=0x0, waitForEvent=0x0)
[W : PPU[1] Thread (CPUThread)[0x0029604c]]: cellGcmSys warning: cellGcmSetFlipMode(mode=2)
[W : PPU[1] Thread (CPUThread)[0x002960f4]]: cellGcmSys warning: cellGcmSetTileInfo(index=0, location=0, offset=0, size=1441792, pitch=2880, comp=0, base=0, bank=0)
[W : PPU[1] Thread (CPUThread)[0x002960d0]]: cellGcmSys warning: cellGcmBindTile(index=0)
[W : PPU[1] Thread (CPUThread)[0x002960f4]]: cellGcmSys warning: cellGcmSetTileInfo(index=1, location=0, offset=1441792, size=1441792, pitch=2880, comp=0, base=0, bank=0)
[W : PPU[1] Thread (CPUThread)[0x002960d0]]: cellGcmSys warning: cellGcmBindTile(index=1)
[W : PPU[1] Thread (CPUThread)[0x002960f4]]: cellGcmSys warning: cellGcmSetTileInfo(index=2, location=0, offset=2883584, size=1441792, pitch=2880, comp=9, base=0, bank=0)
[E : PPU[1] Thread (CPUThread)[0x002960f4]]: cellGcmSys error: cellGcmSetTileInfo: bad comp! (9)
[W : PPU[1] Thread (CPUThread)[0x002960d0]]: cellGcmSys warning: cellGcmBindTile(index=2)
[W : PPU[1] Thread (CPUThread)[0x002960dc]]: cellGcmSys warning: TODO: cellGcmBindZcull(index=0)
[W : PPU[1] Thread (CPUThread)[0x002960e8]]: cellGcmSys warning: cellGcmSetDisplayBuffer(id=0x0,offset=0x0,pitch=4,width=720,height=480)
[W : PPU[1] Thread (CPUThread)[0x002960e8]]: cellGcmSys warning: cellGcmSetDisplayBuffer(id=0x1,offset=0x160000,pitch=4,width=720,height=480)
[W : PPU[1] Thread (CPUThread)[0x00174f38]]: sys_event warning: sys_event_queue_create(equeue_id_addr=0x3001185c, attr_addr=0xd0020b00, event_queue_key=0x0, size=32)
[W : PPU[1] Thread (CPUThread)[0x00174f38]]: sys_event warning: *** event_queue created [] (protocol=0x2, type=0x1): id = 27
[W : PPU[1] Thread (CPUThread)[0x00174f5c]]: sys_event warning: sys_event_port_create(eport_id_addr=0x547364, port_type=0x1, name=0x0)
[W : PPU[1] Thread (CPUThread)[0x00174f5c]]: sys_event warning: *** sys_event_port created: id = 28
[W : PPU[1] Thread (CPUThread)[0x00174f78]]: sys_event warning: sys_event_port_connect_local(eport_id=28, equeue_id=27)
[W : PPU[1] Thread (CPUThread)[0x00296094]]: cellGcmSys warning: cellGcmSetFlipHandler(handler_addr=2795504)
[W : PPU[1] Thread (CPUThread)[0x0029a0e8]]: cellSysutil warning: cellSysutilRegisterCallback(slot=0, func_addr=0x2aa870, userdata=0xd0020ca0)
[W : PPU[1] Thread (CPUThread)[0x0029a01c]]: cellSysutil warning: cellSysutilGetSystemParamInt: CELL_SYSUTIL_SYSTEMPARAM_ID_LANG
[E : PPU[1] Thread (CPUThread)[0x0029a058]]: TODO: cellMsgDialogProgressBarReset
[W : PPU[29] Thread (InitializeGame)[0x0029c010]]: cellSysmodule warning: cellSysmoduleLoadModule(CELL_SYSMODULE_IO)
[W : PPU[29] Thread (InitializeGame)[0x0029c010]]: cellSysmodule warning: cellSysmoduleLoadModule(CELL_SYSMODULE_GCM_SYS)
[E : PPU[1] Thread (CPUThread)[0x0029a088]]: TODO: cellMsgDialogProgressBarSetMsg
[E : PPU[1] Thread (CPUThread)[0x0029a07c]]: TODO: cellMsgDialogProgressBarInc
[E : RSXThread]: Write64 to null block: [00000000]: deadbeefabadcafe
[! : RSXThread]: RSX thread exit...
[!]: Closing memory...
