[!]: path: /dev_hdd0/game/
[!]: Loading 'D:\Emulateur\Rpcs3\dev_hdd0\game\NPUA80001-[FlOw]\USRDIR\BOOT.BIN'...
[!]: Mount info:
[!]: /dev_hdd0/ -> D:\Emulateur\Rpcs3\dev_hdd0\
[!]: /dev_hdd1/ -> D:\Emulateur\Rpcs3\dev_hdd1\
[!]: /dev_flash/ -> D:\Emulateur\Rpcs3\dev_flash\
[!]: /dev_usb000/ -> D:\Emulateur\Rpcs3\dev_usb000\
[!]: /dev_usb/ -> D:\Emulateur\Rpcs3\dev_usb000\
[!]: /app_home/ -> D:\Emulateur\Rpcs3\dev_hdd0\game\NPUA80001-[FlOw]\
[!]: /dev_bdvd/ -> D:\Emulateur\Rpcs3\dev_hdd0\game\NPUA80001-[FlOw]\\..\
[!]: /host_root/ -> 
[!]: / -> D:\Emulateur\Rpcs3\dev_hdd0\game\NPUA80001-[FlOw]\
[!]: Initing memory...
[!]: Memory initialized.
[W]: Unknown function 0x8b7ed64b in 'cellSysutil' module
[E]: TODO: cellSaveDataAutoSave2
[W]: Unknown function 0x9117df20 in 'cellSysutil' module
[E]: TODO: cellHddGameCheck
[W]: Unknown function 0xedadd797 in 'cellSysutil' module
[E]: TODO: cellSaveDataDelete2
[W]: Unknown function 0xfbd5c856 in 'cellSysutil' module
[E]: TODO: cellSaveDataAutoLoad2
[W]: Unknown function 0xbd6d60d9 in 'cellGcmSys' module
[E]: TODO: cellGcmSetInvalidateTile
[W]: Unknown function 0x4e66d483 in 'cellSpurs' module
[E]: TODO: cellSpursDetachLv2EventQueue
[W]: Unknown function 0x57e4dec3 in 'cellSpurs' module
[E]: TODO: cellSpursRemoveWorkload
[W]: Unknown function 0x5fd43fe4 in 'cellSpurs' module
[E]: TODO: cellSpursWaitForWorkloadShutdown
[W]: Unknown function 0x69726aa2 in 'cellSpurs' module
[E]: TODO: cellSpursAddWorkload
[W]: Unknown function 0x7e4ea023 in 'cellSpurs' module
[E]: TODO: cellSpursWakeUp
[W]: Unknown function 0x98d5b343 in 'cellSpurs' module
[E]: TODO: cellSpursShutdownWorkload
[W]: Unknown function 0xacfc8dbc in 'cellSpurs' module
[E]: TODO: cellSpursInitialize
[W]: Unknown function 0xb9bc6207 in 'cellSpurs' module
[E]: TODO: cellSpursAttachLv2EventQueue
[W]: Unknown function 0xca4c4600 in 'cellSpurs' module
[E]: TODO: cellSpursFinalize
[W]: Unknown function 0xf843818d in 'cellSpurs' module
[E]: TODO: cellSpursReadyCountStore
[W]: Unknown function 0x182d9890 in 'cellSpurs' module
[E]: TODO: cellSpursRequestIdleSpu
[W]: Unknown function 0x1f402f8f in 'cellSpurs' module
[E]: TODO: cellSpursGetInfo
[W]: Unknown function 0x80a29e27 in 'cellSpurs' module
[E]: TODO: cellSpursSetPriorities
[W]: Unknown function 0xd2e23fa9 in 'cellSpurs' module
[E]: TODO: cellSpursSetExceptionEventHandler
[W]: Unknown function 0x07254fda in 'cellSync' module
[E]: TODO: cellSyncBarrierInitialize
[W]: Unknown function 0x35f21355 in 'cellSync' module
[E]: TODO: cellSyncBarrierWait
[W]: Unknown function 0x6c272124 in 'cellSync' module
[E]: TODO: cellSyncBarrierTryWait
[W]: Unknown module 'cellPhotoUtility'
[W : PPU[1] Thread (CPUThread)[0x00ef7034]]: sys_lwmutex warning: *** lwmutex created [_lc_mtx] (attribute=0x12): sq_id = 3
[W : PPU[1] Thread (CPUThread)[0x00101ad8]]: memory warning: sys_memory_get_user_memory_size(mem_info_addr=0xd0020c04)
[W : PPU[1] Thread (CPUThread)[0x00ef7034]]: sys_lwmutex warning: *** lwmutex created [_lc_mtx] (attribute=0x12): sq_id = 4
[W : PPU[1] Thread (CPUThread)[0x00ef7034]]: sys_lwmutex warning: *** lwmutex created [_lc_mtx] (attribute=0x12): sq_id = 5
[W : PPU[1] Thread (CPUThread)[0x00ef7034]]: sys_lwmutex warning: *** lwmutex created [_lc_mtx] (attribute=0x12): sq_id = 6
[W : PPU[1] Thread (CPUThread)[0x00ef7034]]: sys_lwmutex warning: *** lwmutex created [_lc_mtx] (attribute=0x12): sq_id = 7
[W : PPU[1] Thread (CPUThread)[0x00ef7034]]: sys_lwmutex warning: *** lwmutex created [_lc_mtx] (attribute=0x12): sq_id = 8
[W : PPU[1] Thread (CPUThread)[0x00ef7034]]: sys_lwmutex warning: *** lwmutex created [_lc_mtx] (attribute=0x12): sq_id = 9
[W : PPU[1] Thread (CPUThread)[0x00ef7034]]: sys_lwmutex warning: *** lwmutex created [_lc_mtx] (attribute=0x12): sq_id = 10
[W : PPU[1] Thread (CPUThread)[0x00ef7034]]: sys_lwmutex warning: *** lwmutex created [_lc_mtx] (attribute=0x12): sq_id = 11
[W : PPU[1] Thread (CPUThread)[0x00ef7034]]: sys_lwmutex warning: *** lwmutex created [_lc_mtx] (attribute=0x12): sq_id = 12
[W : PPU[1] Thread (CPUThread)[0x00ef7034]]: sys_lwmutex warning: *** lwmutex created [_lgcmtx] (attribute=0x12): sq_id = 13
[W : PPU[1] Thread (CPUThread)[0x00ef7034]]: sys_lwmutex warning: *** lwmutex created [_lgcmtx] (attribute=0x12): sq_id = 14
[W : PPU[1] Thread (CPUThread)[0x00ef7034]]: sys_lwmutex warning: *** lwmutex created [_lc_mtx] (attribute=0x12): sq_id = 15
[W : PPU[1] Thread (CPUThread)[0x00ef7034]]: sys_lwmutex warning: *** lwmutex created [_lc_mtx] (attribute=0x12): sq_id = 16
[W : PPU[1] Thread (CPUThread)[0x00ef7034]]: sys_lwmutex warning: *** lwmutex created [_lc_mtx] (attribute=0x12): sq_id = 17
[W : PPU[1] Thread (CPUThread)[0x00ef7034]]: sys_lwmutex warning: *** lwmutex created [_lc_mtx] (attribute=0x12): sq_id = 18
[W : PPU[1] Thread (CPUThread)[0x00ef7034]]: sys_lwmutex warning: *** lwmutex created [_lc_mtx] (attribute=0x12): sq_id = 19
[W : PPU[1] Thread (CPUThread)[0x00ef7034]]: sys_lwmutex warning: *** lwmutex created [_lc_mtx] (attribute=0x12): sq_id = 20
[W : PPU[1] Thread (CPUThread)[0x00ef7034]]: sys_lwmutex warning: *** lwmutex created [_lc_mtx] (attribute=0x12): sq_id = 21
[W : PPU[1] Thread (CPUThread)[0x00ef7034]]: sys_lwmutex warning: *** lwmutex created [_lc_mtx] (attribute=0x12): sq_id = 22
[W : PPU[1] Thread (CPUThread)[0x00ef7034]]: sys_lwmutex warning: *** lwmutex created [_lc_mtx] (attribute=0x12): sq_id = 23
[W : PPU[1] Thread (CPUThread)[0x00ef7034]]: sys_lwmutex warning: *** lwmutex created [_lc_mtx] (attribute=0x12): sq_id = 24
[W : PPU[1] Thread (CPUThread)[0x00ef7034]]: sys_lwmutex warning: *** lwmutex created [_lc_mtx] (attribute=0x12): sq_id = 25
[W : PPU[1] Thread (CPUThread)[0x00ef7034]]: sys_lwmutex warning: *** lwmutex created [_lc_mtx] (attribute=0x12): sq_id = 26
[W : PPU[1] Thread (CPUThread)[0x00ef7034]]: sys_lwmutex warning: *** lwmutex created [_lc_mtx] (attribute=0x12): sq_id = 27
[W : PPU[1] Thread (CPUThread)[0x000fc3f0]]: vfsLocalFile::Create('D:\Emulateur\Rpcs3\dev_hdd0\log.txt')
[W : PPU[1] Thread (CPUThread)[0x000fc3f0]]: *** cellFsOpen(path="log.txt"): fd = 28
[W : PPU[1] Thread (CPUThread)[0x00ef7034]]: sys_lwmutex warning: *** lwmutex created [_lc_mtx] (attribute=0x12): sq_id = 29
[W : PPU[1] Thread (CPUThread)[0x00b3e010]]: cellSysmodule warning: cellSysmoduleLoadModule(CELL_SYSMODULE_IO)
[W : PPU[1] Thread (CPUThread)[0x00b3e010]]: cellSysmodule warning: cellSysmoduleLoadModule(CELL_SYSMODULE_SPURS)
[W : PPU[1] Thread (CPUThread)[0x00b3e010]]: cellSysmodule warning: cellSysmoduleLoadModule(CELL_SYSMODULE_USBD)
[W : PPU[1] Thread (CPUThread)[0x00b3e010]]: cellSysmodule warning: cellSysmoduleLoadModule(CELL_SYSMODULE_GCM_SYS)
[W : PPU[1] Thread (CPUThread)[0x00b3e010]]: cellSysmodule warning: cellSysmoduleLoadModule(CELL_SYSMODULE_NET)
[W : PPU[1] Thread (CPUThread)[0x00b38070]]: cellSysutil warning: cellSysutilRegisterCallback(slot=0, func_addr=0xc428f0, userdata=0x0)
[W : PPU[1] Thread (CPUThread)[0x000bedec]]: sys_spu warning: sys_spu_initialize(max_usable_spu=6, max_raw_spu=0)
[E : PPU[1] Thread (CPUThread)[0x000fc3f0]]: sys_fs error: "/app_home/sampleArg.txt" not found! flags: 0x00000000
[W : PPU[1] Thread (CPUThread)[0x00b3a010]]: cellGcmSys warning: cellGcmInit(context_addr=0xd212f4,cmdSize=0xf0000,ioSize=0x100000,ioAddress=0x30100000)
[W : PPU[1] Thread (CPUThread)[0x00b3a010]]: cellGcmSys warning: *** local memory(addr=0xc0000000, size=0xf900000)
[W : PPU[1] Thread (CPUThread)[0x00b3a010]]: cellGcmSys warning: cellGcmMapEaIoAddress(ea=0x30100000, io=0x0, size=0x100000)
[! : RSXThread]: RSX thread entry
[E : PPU[1] Thread (CPUThread)[0x00b3a07c]]: cellGcmSys error: Unimplemented function: cellGcmSetVBlankHandler
[W : PPU[1] Thread (CPUThread)[0x00b3a004]]: cellGcmSys warning: cellGcmGetTiledPitchSize(size=5120)
[W : PPU[1] Thread (CPUThread)[0x00b3a004]]: cellGcmSys warning: cellGcmGetTiledPitchSize(size=0)
[W : PPU[1] Thread (CPUThread)[0x00b38004]]: cellSysutil warning: cellVideoOutConfigure(videoOut=0, config_addr=0xd0020b64, option_addr=0x0, waitForEvent=0x0)
[W : PPU[1] Thread (CPUThread)[0x00b3a040]]: cellGcmSys warning: cellGcmSetFlipMode(mode=2)
[W : PPU[1] Thread (CPUThread)[0x00b3a0a0]]: cellGcmSys warning: cellGcmSetTile(index=0, location=0, offset=0, size=7864320, pitch=5120, comp=0, base=0, bank=0)
[W : PPU[1] Thread (CPUThread)[0x00b3a064]]: cellGcmSys warning: cellGcmSetDisplayBuffer(id=0x0,offset=0x0,pitch=4,width=1280,height=720)
[W : PPU[1] Thread (CPUThread)[0x00b3a064]]: cellGcmSys warning: cellGcmSetDisplayBuffer(id=0x1,offset=0x3c0000,pitch=4,width=1280,height=720)
[W : PPU[1] Thread (CPUThread)[0x00b3a058]]: cellGcmSys warning: cellGcmMapMainMemory(ea=0x30500000,size=0xc00000,offset_addr=0xd0020a90)
[W : PPU[1] Thread (CPUThread)[0x00b3e010]]: cellSysmodule warning: cellSysmoduleLoadModule(CELL_SYSMODULE_SYSUTIL)
[W : PPU[1] Thread (CPUThread)[0x00b3e010]]: cellSysmodule warning: cellSysmoduleLoadModule(CELL_SYSMODULE_NET)
[W : PPU[1] Thread (CPUThread)[0x00b3e010]]: cellSysmodule warning: cellSysmoduleLoadModule(CELL_SYSMODULE_NETCTL)
[W : PPU[1] Thread (CPUThread)[0x00b3e010]]: cellSysmodule warning: cellSysmoduleLoadModule(CELL_SYSMODULE_GCM_SYS)
[W : PPU[1] Thread (CPUThread)[0x00b3e010]]: cellSysmodule warning: cellSysmoduleLoadModule(CELL_SYSMODULE_RESC)
[W : PPU[1] Thread (CPUThread)[0x00b3e010]]: cellSysmodule warning: cellSysmoduleLoadModule(CELL_SYSMODULE_IO)
[W : PPU[1] Thread (CPUThread)[0x00b3e010]]: cellSysmodule warning: cellSysmoduleLoadModule(CELL_SYSMODULE_USBD)
[W : PPU[1] Thread (CPUThread)[0x00b3e010]]: cellSysmodule warning: cellSysmoduleLoadModule(CELL_SYSMODULE_SPURS)
[E : PPU[1] Thread (CPUThread)[0x00ee904c]]: TODO: cellSpursInitialize
[W : PPU[1] Thread (CPUThread)[0x0006b000]]: sys_mutex warning: *** mutex created [] (protocol=0x2, recursive=false): id = 30
[W : PPU[1] Thread (CPUThread)[0x0006b068]]: sys_cond warning: *** condition created [] (mutex_id=30): id = 31
[W : PPU[1] Thread (CPUThread)[0x0006b000]]: sys_mutex warning: *** mutex created [] (protocol=0x2, recursive=false): id = 32
[W : PPU[1] Thread (CPUThread)[0x0006b068]]: sys_cond warning: *** condition created [] (mutex_id=32): id = 33
[W : PPU[1] Thread (CPUThread)[0x0006b000]]: sys_mutex warning: *** mutex created [] (protocol=0x2, recursive=false): id = 34
[W : PPU[1] Thread (CPUThread)[0x0006b068]]: sys_cond warning: *** condition created [] (mutex_id=34): id = 35
[W : PPU[1] Thread (CPUThread)[0x0006b000]]: sys_mutex warning: *** mutex created [] (protocol=0x2, recursive=false): id = 36
[W : PPU[1] Thread (CPUThread)[0x0006b068]]: sys_cond warning: *** condition created [] (mutex_id=36): id = 37
[W : PPU[1] Thread (CPUThread)[0x0006b000]]: sys_mutex warning: *** mutex created [] (protocol=0x2, recursive=false): id = 38
[W : PPU[1] Thread (CPUThread)[0x0006b068]]: sys_cond warning: *** condition created [] (mutex_id=38): id = 39
[W : PPU[1] Thread (CPUThread)[0x0006b000]]: sys_mutex warning: *** mutex created [] (protocol=0x2, recursive=false): id = 40
[W : PPU[1] Thread (CPUThread)[0x0006b068]]: sys_cond warning: *** condition created [] (mutex_id=40): id = 41
[W : PPU[1] Thread (CPUThread)[0x0006b000]]: sys_mutex warning: *** mutex created [] (protocol=0x2, recursive=false): id = 42
[W : PPU[1] Thread (CPUThread)[0x0006b068]]: sys_cond warning: *** condition created [] (mutex_id=42): id = 43
[W : PPU[1] Thread (CPUThread)[0x0006b000]]: sys_mutex warning: *** mutex created [] (protocol=0x2, recursive=false): id = 44
[W : PPU[1] Thread (CPUThread)[0x0006b068]]: sys_cond warning: *** condition created [] (mutex_id=44): id = 45
[W : PPU[1] Thread (CPUThread)[0x0006b000]]: sys_mutex warning: *** mutex created [] (protocol=0x2, recursive=false): id = 46
[W : PPU[1] Thread (CPUThread)[0x0006b068]]: sys_cond warning: *** condition created [] (mutex_id=46): id = 47
[W : PPU[1] Thread (CPUThread)[0x0006b000]]: sys_mutex warning: *** mutex created [] (protocol=0x2, recursive=false): id = 48
[W : PPU[1] Thread (CPUThread)[0x0006b068]]: sys_cond warning: *** condition created [] (mutex_id=48): id = 49
[W : PPU[1] Thread (CPUThread)[0x0006ae48]]: sys_mutex warning: *** mutex created [] (protocol=0x2, recursive=false): id = 50
[W : PPU[1] Thread (CPUThread)[0x0006aeac]]: sys_cond warning: *** condition created [] (mutex_id=50): id = 51
[W : PPU[1] Thread (CPUThread)[0x0006b000]]: sys_mutex warning: *** mutex created [] (protocol=0x2, recursive=false): id = 52
[W : PPU[1] Thread (CPUThread)[0x0006b068]]: sys_cond warning: *** condition created [] (mutex_id=52): id = 53
[E : PPU[1] Thread (CPUThread)[0x00eeb004]]: cellNetCtl error: Unimplemented function: cellNetCtlGetInfo
[W : PPU[1] Thread (CPUThread)[0x0006b150]]: sys_cond warning: sys_cond_destroy(cond_id=51)
[! : RSXThread]: RSX thread exit...
[!]: Closing memory...
