[!]: path: /dev_hdd0/game/
[!]: Loading 'D:\Emulateurs\Rpcs3\dev_hdd0\game\NPUB30106/USRDIR/BOOT.BIN'...
[!]: Mount info:
[!]: /dev_hdd0/ -> D:\Emulateurs\Rpcs3\dev_hdd0\
[!]: /dev_hdd1/ -> D:\Emulateurs\Rpcs3\dev_hdd1\
[!]: /dev_flash/ -> D:\Emulateurs\Rpcs3\dev_flash\
[!]: /dev_usb000/ -> D:\Emulateurs\Rpcs3\dev_usb000\
[!]: /dev_usb/ -> D:\Emulateurs\Rpcs3\dev_usb000\
[!]: /app_home/ -> D:\Emulateurs\Rpcs3\dev_hdd0\game\NPUB30106/
[!]: /dev_bdvd/ -> D:\Emulateurs\Rpcs3\dev_hdd0\game\NPUB30106/\..\
[!]: /host_root/ -> 
[!]: / -> D:\Emulateurs\Rpcs3\dev_hdd0\game\NPUB30106/\USRDIR\
[!]: Initing memory...
[!]: Memory initialized.
[W]: Unknown function 0x21cee035 in 'cellGcmSys' module
[E]: TODO: cellGcmGetNotifyDataAddress
[W]: Unknown function 0x626e8518 in 'cellGcmSys' module
[E]: TODO: cellGcmMapEaIoAddressWithFlags
[W]: Unknown function 0x63387071 in 'cellGcmSys' module
[E]: TODO: cellGcmGetLastFlipTime
[W]: Unknown function 0x723bbc7e in 'cellGcmSys' module
[E]: TODO: cellGcmGetVBlankCount
[W]: Unknown function 0x99d397ac in 'cellGcmSys' module
[E]: TODO: cellGcmGetReport
[W]: Unknown function 0x9a0159af in 'cellGcmSys' module
[E]: TODO: cellGcmGetReportDataAddress
[W]: Unknown module 'cellSysutilAvconfExt'
[W]: Unknown function 0x01fbbc9b in 'sceNp' module
[E]: TODO: sceNpBasicSendMessageGui
[W]: Unknown function 0x05d65dff in 'sceNp' module
[E]: TODO: sceNpScoreGetRankingByNpId
[W]: Unknown function 0x1672170e in 'sceNp' module
[E]: TODO: sceNpScoreRecordScore
[W]: Unknown function 0x1a2704f7 in 'sceNp' module
[E]: TODO: sceNpScoreWaitAsync
[W]: Unknown function 0x21206642 in 'sceNp' module
[E]: TODO: sceNpScoreGetRankingByRangeAsync
[W]: Unknown function 0x259113b8 in 'sceNp' module
[E]: TODO: sceNpScoreDestroyTitleCtx
[W]: Unknown function 0x32cf311f in 'sceNp' module
[E]: TODO: sceNpScoreInit
[W]: Unknown function 0x4026eac5 in 'sceNp' module
[E]: TODO: sceNpBasicRegisterContextSensitiveHandler
[W]: Unknown function 0x64a704cc in 'sceNp' module
[E]: TODO: sceNpBasicRecvMessageAttachmentLoad
[W]: Unknown function 0x6ee62ed2 in 'sceNp' module
[E]: TODO: sceNpManagerGetContentRatingFlag
[W]: Unknown function 0x6f5e8143 in 'sceNp' module
[E]: TODO: sceNpScoreCreateTransactionCtx
[W]: Unknown function 0x73931bd0 in 'sceNp' module
[E]: TODO: sceNpBasicGetBlockListEntryCount
[W]: Unknown function 0x806960ab in 'sceNp' module
[E]: TODO: sceNpBasicRecvMessageCustom
[W]: Unknown function 0x9851f805 in 'sceNp' module
[E]: TODO: sceNpScoreTerm
[W]: Unknown function 0xb9f93bbb in 'sceNp' module
[E]: TODO: sceNpScoreCreateTitleCtx
[W]: Unknown function 0xbcdbb2ab in 'sceNp' module
[E]: TODO: sceNpBasicAddPlayersHistoryAsync
[W]: Unknown function 0xc5f4cf82 in 'sceNp' module
[E]: TODO: sceNpScoreDestroyTransactionCtx
[W]: Unknown function 0xceeebc7a in 'sceNp' module
[E]: TODO: sceNpProfileCallGui
[W]: Unknown function 0xd208f91d in 'sceNp' module
[E]: TODO: sceNpUtilCmpNpId
[W]: Unknown function 0xe035f7d6 in 'sceNp' module
[E]: TODO: sceNpBasicGetEvent
[W]: Unknown function 0xe7dcd3b4 in 'sceNp' module
[E]: TODO: sceNpManagerRegisterCallback
[W]: Unknown function 0xeb7a3d84 in 'sceNp' module
[E]: TODO: sceNpManagerGetChatRestrictionFlag
[W]: Unknown function 0xee5b20d9 in 'sceNp' module
[E]: TODO: sceNpScoreAbortTransaction
[W]: Unknown function 0xf042b14f in 'sceNp' module
[E]: TODO: sceNpDrmIsAvailable2
[W]: Unknown function 0xf2b3338a in 'sceNp' module
[E]: TODO: sceNpBasicGetBlockListEntry
[W]: Unknown function 0xfe37a7f4 in 'sceNp' module
[E]: TODO: sceNpManagerGetNpId
[W]: Unknown function 0x01379fd7 in 'sceNp2' module
[E]: TODO: sceNpMatching2DestroyContext
[W]: Unknown function 0x05bf2fbd in 'sceNp2' module
[E]: TODO: sceNpMatching2GetWorldInfoList
[W]: Unknown function 0x0d22867f in 'sceNp2' module
[E]: TODO: sceNpMatching2SearchRoom
[W]: Unknown function 0x0ebe4c6b in 'sceNp2' module
[E]: TODO: sceNpMatching2SignalingGetConnectionStatus
[W]: Unknown function 0x1f372697 in 'sceNp2' module
[E]: TODO: sceNpMatching2LeaveRoom
[W]: Unknown function 0x215b0d75 in 'sceNp2' module
[E]: TODO: sceNpMatching2SetRoomDataExternal
[W]: Unknown function 0x23009d07 in 'sceNp2' module
[E]: TODO: sceNpMatching2Term2
[W]: Unknown function 0x26ae9ff8 in 'sceNp2' module
[E]: TODO: sceNpMatching2SignalingGetConnectionInfo
[W]: Unknown function 0x2ed909dc in 'sceNp2' module
[E]: TODO: sceNpMatching2AbortRequest
[W]: Unknown function 0x3457c0db in 'sceNp2' module
[E]: TODO: sceNpMatching2GetServerInfo
[W]: Unknown function 0x3c00c9d4 in 'sceNp2' module
[E]: TODO: sceNpMatching2GetEventData
[W]: Unknown function 0x41251f74 in 'sceNp2' module
[E]: TODO: sceNp2Init
[W]: Unknown function 0x430ce063 in 'sceNp2' module
[E]: TODO: sceNpMatching2AbortContextStart
[W]: Unknown function 0x490124fd in 'sceNp2' module
[E]: TODO: sceNpMatching2GetRoomMemberIdListLocal
[W]: Unknown function 0x5721e711 in 'sceNp2' module
[E]: TODO: sceNpMatching2JoinRoom
[W]: Unknown function 0x58a04247 in 'sceNp2' module
[E]: TODO: sceNpMatching2GetRoomMemberDataInternalLocal
[W]: Unknown function 0x66f19527 in 'sceNp2' module
[E]: TODO: sceNpMatching2KickoutRoomMember
[W]: Unknown function 0x6ba4c668 in 'sceNp2' module
[E]: TODO: sceNpMatching2ContextStartAsync
[W]: Unknown function 0x6fcd84c1 in 'sceNp2' module
[E]: TODO: sceNpMatching2SetSignalingOptParam
[W]: Unknown function 0x748029a2 in 'sceNp2' module
[E]: TODO: sceNpMatching2RegisterContextCallback
[W]: Unknown function 0x7bf6e152 in 'sceNp2' module
[E]: TODO: sceNpMatching2SendRoomChatMessage
[W]: Unknown function 0x817d1090 in 'sceNp2' module
[E]: TODO: sceNpMatching2SetRoomDataInternal
[W]: Unknown function 0x8d3f8d49 in 'sceNp2' module
[E]: TODO: sceNpMatching2SignalingGetPingInfo
[W]: Unknown function 0x8e5cfe9f in 'sceNp2' module
[E]: TODO: sceNpMatching2GetServerIdListLocal
[W]: Unknown function 0x9cbce3f2 in 'sceNp2' module
[E]: TODO: sceNpMatching2CreateContext
[W]: Unknown function 0xa9e6103e in 'sceNp2' module
[E]: TODO: sceNpMatching2RegisterSignalingCallback
[W]: Unknown function 0xaa6c2c43 in 'sceNp2' module
[E]: TODO: sceNpMatching2ClearEventData
[W]: Unknown function 0xaadb7c12 in 'sceNp2' module
[E]: TODO: sceNp2Term
[W]: Unknown function 0xb851aacf in 'sceNp2' module
[E]: TODO: sceNpMatching2SetRoomMemberDataInternal
[W]: Unknown function 0xdb87b088 in 'sceNp2' module
[E]: TODO: sceNpMatching2SetDefaultRequestOptParam
[W]: Unknown function 0xdcb6b27d in 'sceNp2' module
[E]: TODO: sceNpMatching2RegisterRoomEventCallback
[W]: Unknown function 0xe7a3bc7a in 'sceNp2' module
[E]: TODO: sceNpMatching2CreateJoinRoom
[W]: Unknown function 0xf43c647a in 'sceNp2' module
[E]: TODO: sceNpMatching2ContextStop
[W]: Unknown function 0xf4babd3f in 'sceNp2' module
[E]: TODO: sceNpMatching2Init2
[W]: Unknown function 0xfee11e72 in 'sceNp2' module
[E]: TODO: sceNpMatching2RegisterRoomMessageCallback
[W]: Unknown module 'cellSysutilAvc2'
[W]: Unknown function 0x82f294b2 in 'cellOvis' module
[E]: TODO: cellOvisGetOverlayTableSize
[W]: Unknown function 0xa876c911 in 'cellOvis' module
[E]: TODO: cellOvisInitializeOverlayTable
[W]: Unknown function 0x05709bbf in 'cellMic' module
[E]: TODO: cellMicOpenEx
[W]: Unknown function 0x07e1b12c in 'cellMic' module
[E]: TODO: cellMicRead
[W]: Unknown function 0x7903400e in 'cellMic' module
[E]: TODO: cellMicSetNotifyEventQueue
[W]: Unknown function 0x8325e02d in 'cellMic' module
[E]: TODO: cellMicInit
[W]: Unknown function 0x8d229f8e in 'cellMic' module
[E]: TODO: cellMicClose
[W]: Unknown function 0xc6328caa in 'cellMic' module
[E]: TODO: cellMicEnd
[W]: Unknown function 0xdd724314 in 'cellMic' module
[E]: TODO: cellMicStart
[W]: Unknown function 0xfcfaf246 in 'cellMic' module
[E]: TODO: cellMicStop
[W]: Unknown module 'cellScreenShotUtility'
[W]: Unknown function 0x0247c69e in 'cellSail' module
[E]: TODO: cellSailGraphicsAdapterGetFrame
[W]: Unknown function 0x1872331b in 'cellSail' module
[E]: TODO: cellSailGraphicsAdapterPtsToTimePosition
[W]: Unknown function 0x18b4629d in 'cellSail' module
[E]: TODO: cellSailPlayerFinalize
[W]: Unknown function 0x18bcd21b in 'cellSail' module
[E]: TODO: cellSailPlayerSetGraphicsAdapter
[W]: Unknown function 0x1c983864 in 'cellSail' module
[E]: TODO: cellSailGraphicsAdapterInitialize
[W]: Unknown function 0x23654375 in 'cellSail' module
[E]: TODO: cellSailPlayerInitialize2
[W]: Unknown function 0x2e3ccb5e in 'cellSail' module
[E]: TODO: cellSailGraphicsAdapterSetPreferredFormat
[W]: Unknown function 0x346ebba3 in 'cellSail' module
[E]: TODO: cellSailMemAllocatorInitialize
[W]: Unknown function 0x34ecc1b9 in 'cellSail' module
[E]: TODO: cellSailPlayerOpenStream
[W]: Unknown function 0x44a20e79 in 'cellSail' module
[E]: TODO: cellSailGraphicsAdapterUpdateAvSync
[W]: Unknown function 0x5f7c7a6f in 'cellSail' module
[E]: TODO: cellSailPlayerSetParameter
[W]: Unknown function 0x76488bb1 in 'cellSail' module
[E]: TODO: cellSailGraphicsAdapterFinalize
[W]: Unknown function 0x7c8dff3b in 'cellSail' module
[E]: TODO: cellSailPlayerAddDescriptor
[W]: Unknown function 0xac9c3b1f in 'cellSail' module
[E]: TODO: cellSailDescriptorGetCapabilities
[W]: Unknown function 0xbdf21b0f in 'cellSail' module
[E]: TODO: cellSailPlayerBoot
[W]: Unknown function 0xd7938b8d in 'cellSail' module
[E]: TODO: cellSailPlayerCreateDescriptor
[W]: Unknown function 0xe535b0d3 in 'cellSail' module
[E]: TODO: cellSailPlayerStart
[W]: Unknown function 0xeba8d4ec in 'cellSail' module
[E]: TODO: cellSailPlayerStop
[W]: Unknown function 0xfc5baf8a in 'cellSail' module
[E]: TODO: cellSailPlayerSetRepeatMode
[W]: Unknown function 0xffd58aa4 in 'cellSail' module
[E]: TODO: cellSailGraphicsAdapterGetFormat
[W]: Unknown function 0x7a0329a1 in 'sys_fs' module
[E]: TODO: cellFsAllocateFileAreaWithoutZeroFill
[W]: Unknown function 0x967a162b in 'sys_fs' module
[E]: TODO: cellFsFsync
[W]: Unknown function 0x011ee38b in 'cellSpurs' module
[E]: TODO: _cellSpursLFQueueInitialize
[W]: Unknown function 0x039d70b7 in 'cellSpurs' module
[E]: TODO: cellSpursQueueDetachLv2EventQueue
[W]: Unknown function 0x082bfb09 in 'cellSpurs' module
[E]: TODO: _cellSpursQueueInitialize
[W]: Unknown function 0x16394a4e in 'cellSpurs' module
[E]: TODO: _cellSpursTasksetAttributeInitialize
[W]: Unknown function 0x1656d49f in 'cellSpurs' module
[E]: TODO: cellSpursLFQueueAttachLv2EventQueue
[W]: Unknown function 0x22aab31d in 'cellSpurs' module
[E]: TODO: cellSpursEventFlagDetachLv2EventQueue
[W]: Unknown function 0x303c19cd in 'cellSpurs' module
[E]: TODO: cellSpursCreateJobChainWithAttribute
[W]: Unknown function 0x3548f483 in 'cellSpurs' module
[E]: TODO: _cellSpursJobChainAttributeInitialize
[W]: Unknown function 0x373523d4 in 'cellSpurs' module
[E]: TODO: cellSpursEventFlagWait
[W]: Unknown function 0x5ef96465 in 'cellSpurs' module
[E]: TODO: _cellSpursEventFlagInitialize
[W]: Unknown function 0x652b70e2 in 'cellSpurs' module
[E]: TODO: cellSpursTasksetAttributeSetName
[W]: Unknown function 0x68aaeba9 in 'cellSpurs' module
[E]: TODO: cellSpursJobGuardInitialize
[W]: Unknown function 0x738e40e6 in 'cellSpurs' module
[E]: TODO: cellSpursShutdownJobChain
[W]: Unknown function 0x73e06f91 in 'cellSpurs' module
[E]: TODO: cellSpursLFQueueDetachLv2EventQueue
[W]: Unknown function 0x87630976 in 'cellSpurs' module
[E]: TODO: cellSpursEventFlagAttachLv2EventQueue
[W]: Unknown function 0x8a85674d in 'cellSpurs' module
[E]: TODO: _cellSpursLFQueuePushBody
[W]: Unknown function 0x91066667 in 'cellSpurs' module
[E]: TODO: cellSpursQueuePopBody
[W]: Unknown function 0x9f72add3 in 'cellSpurs' module
[E]: TODO: cellSpursJoinTaskset
[W]: Unknown function 0x9fef70c2 in 'cellSpurs' module
[E]: TODO: cellSpursJobChainAttributeSetName
[W]: Unknown function 0xa789e631 in 'cellSpurs' module
[E]: TODO: cellSpursShutdownTaskset
[W]: Unknown function 0xa7c066de in 'cellSpurs' module
[E]: TODO: cellSpursJoinJobChain
[W]: Unknown function 0xaa6269a8 in 'cellSpurs' module
[E]: TODO: cellSpursInitializeWithAttribute
[W]: Unknown function 0xacfc8dbc in 'cellSpurs' module
[E]: TODO: cellSpursInitialize
[W]: Unknown function 0xbeb600ac in 'cellSpurs' module
[E]: TODO: cellSpursCreateTask
[W]: Unknown function 0xc10931cb in 'cellSpurs' module
[E]: TODO: cellSpursCreateTasksetWithAttribute
[W]: Unknown function 0xd5d0b256 in 'cellSpurs' module
[E]: TODO: cellSpursJobGuardNotify
[W]: Unknown function 0xe5443be7 in 'cellSpurs' module
[E]: TODO: cellSpursQueueAttachLv2EventQueue
[W]: Unknown function 0xf31731bb in 'cellSpurs' module
[E]: TODO: cellSpursRunJobChain
[W]: Unknown function 0x20543730 in 'cellSysutil' module
[E]: TODO: cellMsgDialogClose
[W]: Unknown function 0x220894e3 in 'cellSysutil' module
[E]: TODO: cellSysutilEnableBgmPlayback
[W]: Unknown function 0x8b7ed64b in 'cellSysutil' module
[E]: TODO: cellSaveDataAutoSave2
[W]: Unknown function 0xa11552f6 in 'cellSysutil' module
[E]: TODO: cellSysutilGetBgmPlaybackStatus
[W]: Unknown function 0xcfdd8e87 in 'cellSysutil' module
[E]: TODO: cellSysutilDisableBgmPlayback
[W]: Unknown function 0xedadd797 in 'cellSysutil' module
[E]: TODO: cellSaveDataDelete2
[W]: Unknown function 0xfbd5c856 in 'cellSysutil' module
[E]: TODO: cellSaveDataAutoLoad2
[W]: Unknown function 0x13efe7f5 in 'sys_net' module
[E]: TODO: getsockname
[W]: Unknown function 0x28e208bb in 'sys_net' module
[E]: TODO: listen
[W]: Unknown function 0x3f09e20a in 'sys_net' module
[E]: TODO: socketselect
[W]: Unknown function 0x5a045bd1 in 'sys_net' module
[E]: TODO: getsockopt
[W]: Unknown function 0x71f4c717 in 'sys_net' module
[E]: TODO: gethostbyname
[W]: Unknown function 0x858a930b in 'sys_net' module
[E]: TODO: inet_ntoa
[W]: Unknown function 0xdabbc2c0 in 'sys_net' module
[E]: TODO: inet_addr
[W]: Unknown function 0xf7ac8941 in 'sys_net' module
[E]: TODO: gethostbyaddr
[W]: Unknown function 0x26090058 in 'sysPrxForUser' module
[E]: TODO: sys_prx_load_module
[W]: Unknown function 0xaa6d9bff in 'sysPrxForUser' module
[E]: TODO: sys_prx_load_module_on_memcontainer
[W]: Unknown function 0xdd3b27ac in 'sysPrxForUser' module
[E]: TODO: _sys_spu_printf_finalize
[W : PPU[1] Thread (CPUThread)[0x010ea058]]: sys_lwmutex warning: *** lwmutex created [_lc_mtx] (attribute=0x12): sq_id = 3
[W : PPU[1] Thread (CPUThread)[0x0050edbc]]: memory warning: sys_memory_get_user_memory_size(mem_info_addr=0xd0020c04)
[W : PPU[1] Thread (CPUThread)[0x010ea058]]: sys_lwmutex warning: *** lwmutex created [_lc_mtx] (attribute=0x12): sq_id = 4
[W : PPU[1] Thread (CPUThread)[0x010ea058]]: sys_lwmutex warning: *** lwmutex created [_lc_mtx] (attribute=0x12): sq_id = 5
[W : PPU[1] Thread (CPUThread)[0x010ea058]]: sys_lwmutex warning: *** lwmutex created [_lc_mtx] (attribute=0x12): sq_id = 6
[W : PPU[1] Thread (CPUThread)[0x010ea058]]: sys_lwmutex warning: *** lwmutex created [_lc_mtx] (attribute=0x12): sq_id = 7
[W : PPU[1] Thread (CPUThread)[0x010ea058]]: sys_lwmutex warning: *** lwmutex created [_lc_mtx] (attribute=0x12): sq_id = 8
[W : PPU[1] Thread (CPUThread)[0x010ea058]]: sys_lwmutex warning: *** lwmutex created [_lc_mtx] (attribute=0x12): sq_id = 9
[W : PPU[1] Thread (CPUThread)[0x010ea058]]: sys_lwmutex warning: *** lwmutex created [_lc_mtx] (attribute=0x12): sq_id = 10
[W : PPU[1] Thread (CPUThread)[0x010ea058]]: sys_lwmutex warning: *** lwmutex created [_lc_mtx] (attribute=0x12): sq_id = 11
[W : PPU[1] Thread (CPUThread)[0x010ea058]]: sys_lwmutex warning: *** lwmutex created [_lc_mtx] (attribute=0x12): sq_id = 12
[W : PPU[1] Thread (CPUThread)[0x010ea058]]: sys_lwmutex warning: *** lwmutex created [_lgcmtx] (attribute=0x12): sq_id = 13
[W : PPU[1] Thread (CPUThread)[0x010ea058]]: sys_lwmutex warning: *** lwmutex created [_lgcmtx] (attribute=0x12): sq_id = 14
[W : PPU[1] Thread (CPUThread)[0x010ea058]]: sys_lwmutex warning: *** lwmutex created [_lgcmtx] (attribute=0x22): sq_id = 15
[W : PPU[1] Thread (CPUThread)[0x010ea058]]: sys_lwmutex warning: *** lwmutex created [ps3HDDL] (attribute=0x12): sq_id = 16
[W : PPU[1] Thread (CPUThread)[0x004fd300]]: cellSysutil warning: cellSysutilGetSystemParamInt: CELL_SYSUTIL_SYSTEMPARAM_ID_TIMEZONE
[W : PPU[1] Thread (CPUThread)[0x004fd300]]: cellSysutil warning: cellSysutilGetSystemParamInt: CELL_SYSUTIL_SYSTEMPARAM_ID_SUMMERTIME
[W : PPU[1] Thread (CPUThread)[0x0050454c]]: cellSysutil warning: cellSysutilGetSystemParamInt: CELL_SYSUTIL_SYSTEMPARAM_ID_TIMEZONE
[W : PPU[1] Thread (CPUThread)[0x0050454c]]: cellSysutil warning: cellSysutilGetSystemParamInt: CELL_SYSUTIL_SYSTEMPARAM_ID_SUMMERTIME
[W : PPU[1] Thread (CPUThread)[0x004fed70]]: cellSysutil warning: cellSysutilGetSystemParamInt: CELL_SYSUTIL_SYSTEMPARAM_ID_TIMEZONE
[W : PPU[1] Thread (CPUThread)[0x004fed70]]: cellSysutil warning: cellSysutilGetSystemParamInt: CELL_SYSUTIL_SYSTEMPARAM_ID_SUMMERTIME
[W : PPU[1] Thread (CPUThread)[0x0050454c]]: cellSysutil warning: cellSysutilGetSystemParamInt: CELL_SYSUTIL_SYSTEMPARAM_ID_TIMEZONE
[W : PPU[1] Thread (CPUThread)[0x0050454c]]: cellSysutil warning: cellSysutilGetSystemParamInt: CELL_SYSUTIL_SYSTEMPARAM_ID_SUMMERTIME
[W : PPU[1] Thread (CPUThread)[0x004fd2ac]]: cellSysutil warning: cellSysutilGetSystemParamInt: CELL_SYSUTIL_SYSTEMPARAM_ID_TIMEZONE
[W : PPU[1] Thread (CPUThread)[0x004fd2ac]]: cellSysutil warning: cellSysutilGetSystemParamInt: CELL_SYSUTIL_SYSTEMPARAM_ID_SUMMERTIME
[W : PPU[1] Thread (CPUThread)[0x004fed70]]: cellSysutil warning: cellSysutilGetSystemParamInt: CELL_SYSUTIL_SYSTEMPARAM_ID_TIMEZONE
[W : PPU[1] Thread (CPUThread)[0x004fed70]]: cellSysutil warning: cellSysutilGetSystemParamInt: CELL_SYSUTIL_SYSTEMPARAM_ID_SUMMERTIME
[W : PPU[1] Thread (CPUThread)[0x010ea058]]: sys_lwmutex warning: *** lwmutex created [] (attribute=0x22): sq_id = 17
[W : PPU[1] Thread (CPUThread)[0x010ea058]]: sys_lwmutex warning: *** lwmutex created [] (attribute=0x22): sq_id = 18
[W : PPU[1] Thread (CPUThread)[0x010ea058]]: sys_lwmutex warning: *** lwmutex created [] (attribute=0x22): sq_id = 19
[W : PPU[1] Thread (CPUThread)[0x010ea058]]: sys_lwmutex warning: *** lwmutex created [] (attribute=0x12): sq_id = 20
[W : PPU[1] Thread (CPUThread)[0x004dd464]]: sys_mutex warning: *** mutex created [] (protocol=0x1, recursive=false): id = 21
[W : PPU[1] Thread (CPUThread)[0x010ea058]]: sys_lwmutex warning: *** lwmutex created [] (attribute=0x12): sq_id = 22
[W : PPU[1] Thread (CPUThread)[0x010ea058]]: sys_lwmutex warning: *** lwmutex created [] (attribute=0x12): sq_id = 23
[W : PPU[1] Thread (CPUThread)[0x010ea058]]: sys_lwmutex warning: *** lwmutex created [] (attribute=0x12): sq_id = 24
[W : PPU[1] Thread (CPUThread)[0x010ea058]]: sys_lwmutex warning: *** lwmutex created [] (attribute=0x12): sq_id = 25
[W : PPU[1] Thread (CPUThread)[0x010ea058]]: sys_lwmutex warning: *** lwmutex created [] (attribute=0x12): sq_id = 26
[W : PPU[1] Thread (CPUThread)[0x010ea058]]: sys_lwmutex warning: *** lwmutex created [] (attribute=0x12): sq_id = 27
[W : PPU[1] Thread (CPUThread)[0x010ea058]]: sys_lwmutex warning: *** lwmutex created [] (attribute=0x12): sq_id = 28
[W : PPU[1] Thread (CPUThread)[0x010dc01c]]: cellSysmodule warning: cellSysmoduleIsLoaded(CELL_SYSMODULE_SYSUTIL_GAME)
[W : PPU[1] Thread (CPUThread)[0x010dc010]]: cellSysmodule warning: cellSysmoduleLoadModule(CELL_SYSMODULE_SYSUTIL_GAME)
[W : PPU[1] Thread (CPUThread)[0x010e2034]]: cellGame warning: cellGameBootCheck(type_addr=0xd0020ca0, attributes_addr=0xd0020ca4, size_addr=0xd0020ca8, dirName_addr=0x100ada0)
[W : PPU[1] Thread (CPUThread)[0x010e2004]]: cellGame warning: cellGameGetParamString(id=100, buf_addr=0xebd588, bufsize=10)
[W : PPU[1] Thread (CPUThread)[0x010e2004]]: cellGame warning: cellGameGetParamString(id=0, buf_addr=0xebd598, bufsize=128)
[W : PPU[1] Thread (CPUThread)[0x010e2010]]: cellGame warning: cellGameContentPermit(contentInfoPath_addr=0x100ae20, usrdirPath_addr=0x100ac98)
[W : PPU[1] Thread (CPUThread)[0x010dc010]]: cellSysmodule warning: cellSysmoduleLoadModule(CELL_SYSMODULE_FS)
[W : PPU[1] Thread (CPUThread)[0x010da0c4]]: sys_fs warning: cellFsAioInit(mount_point_addr=0xc4ae38 (/dev_hdd0))
[W : PPU[1] Thread (CPUThread)[0x010da0a0]]: sys_fs warning: cellFsSdataOpen(path="/dev_hdd0/game/NPUB30106/USRDIR/ar.vromfs.sdat", flags=0x0, fd_addr=0xd0020b50, arg_addr=0x0, size=0x0)
[E : PPU[1] Thread (CPUThread)[0x010da0a0]]: sys_fs error: '/dev_hdd1/ar.vromfs.sdat.unpacked' couldn't be created! flags: 0x00000002
[W : PPU[1] Thread (CPUThread)[0x010ea058]]: sys_lwmutex warning: *** lwmutex created [] (attribute=0x12): sq_id = 29
[E : PPU[1] Thread (CPUThread)[0x010da040]]: sys_fs error: "/dev_hdd0/game/NPUB30106/USRDIR/settings.blk" not found! flags: 0x00000000
[E : PPU[1] Thread (CPUThread)[0x010da040]]: sys_fs error: "/dev_hdd0/game/NPUB30106/USRDIR/settings.blk.blk" not found! flags: 0x00000000
[E : PPU[1] Thread (CPUThread)[0x010da040]]: sys_fs error: "/dev_hdd0/game/NPUB30106/USRDIR/settings.blk.bin" not found! flags: 0x00000000
[E : PPU[1] Thread (CPUThread)[0x010da040]]: sys_fs error: "/dev_hdd0/game/NPUB30106/USRDIR/settings.blk.blk.bin" not found! flags: 0x00000000
[E : PPU[1] Thread (CPUThread)[0x0088e564]]: Write32 to null block: [00000000]: 0
[!]: Closing memory...
