[!]: path: /dev_hdd0/game/
[!]: Loading 'D:\Emulateurs\Rpcs3\dev_hdd0\game\NPUB31383/USRDIR/BOOT.BIN'...
[!]: Mount info:
[!]: /dev_hdd0/ -> D:\Emulateurs\Rpcs3\dev_hdd0\
[!]: /dev_hdd1/ -> D:\Emulateurs\Rpcs3\dev_hdd1\
[!]: /dev_flash/ -> D:\Emulateurs\Rpcs3\dev_flash\
[!]: /dev_usb000/ -> D:\Emulateurs\Rpcs3\dev_usb000\
[!]: /dev_usb/ -> D:\Emulateurs\Rpcs3\dev_usb000\
[!]: /app_home/ -> D:\Emulateurs\Rpcs3\dev_hdd0\game\NPUB31383/
[!]: /dev_bdvd/ -> D:\Emulateurs\Rpcs3\dev_hdd0\game\NPUB31383/\..\
[!]: /host_root/ -> 
[!]: / -> D:\Emulateurs\Rpcs3\dev_hdd0\game\NPUB31383/\USRDIR\
[!]: Initing memory...
[!]: Memory initialized.
[W]: Unknown function 0x63387071 in 'cellGcmSys' module
[E]: TODO: cellGcmGetLastFlipTime
[W]: Unknown function 0x99d397ac in 'cellGcmSys' module
[E]: TODO: cellGcmGetReport
[W]: Unknown function 0xa6b180ac in 'cellGcmSys' module
[E]: TODO: cellGcmGetReportDataLocation
[W]: Unknown function 0xd01b570d in 'cellGcmSys' module
[E]: TODO: cellGcmSetGraphicsHandler
[W]: Unknown module 'cellHttp'
[W]: Unknown function 0xf7681b9a in 'cellL10n' module
[E]: TODO: UTF8stoUTF16s
[W]: Unknown function 0x66f5e388 in 'cellResc' module
[E]: TODO: cellRescGetLastFlipTime
[W]: Unknown function 0xd3758645 in 'cellResc' module
[E]: TODO: cellRescSetVBlankHandler
[W]: Unknown function 0xe0cef79e in 'cellResc' module
[E]: TODO: cellRescCreateInterlaceTable
[W]: Unknown function 0x1650aea4 in 'cellSsl' module
[E]: TODO: cellSslEnd
[W]: Unknown function 0x571afaca in 'cellSsl' module
[E]: TODO: cellSslCertificateLoader
[W]: Unknown function 0xfb02c9d2 in 'cellSsl' module
[E]: TODO: cellSslInit
[W]: Unknown module 'sceNpCommerce2'
[W]: Unknown function 0x2ecd48ed in 'sceNp' module
[E]: TODO: sceNpDrmVerifyUpgradeLicense
[W]: Unknown function 0x32cf311f in 'sceNp' module
[E]: TODO: sceNpScoreInit
[W]: Unknown function 0x5de61626 in 'sceNp' module
[E]: TODO: sceNpLookupDestroyTitleCtx
[W]: Unknown function 0x5f2d9257 in 'sceNp' module
[E]: TODO: sceNpLookupInit
[W]: Unknown function 0x6ee62ed2 in 'sceNp' module
[E]: TODO: sceNpManagerGetContentRatingFlag
[W]: Unknown function 0x71e5af7e in 'sceNp' module
[E]: TODO: sceNpLookupSetTimeout
[W]: Unknown function 0x7508112e in 'sceNp' module
[E]: TODO: sceNpLookupPollAsync
[W]: Unknown function 0x860b1756 in 'sceNp' module
[E]: TODO: sceNpLookupTitleSmallStorageAsync
[W]: Unknown function 0x9851f805 in 'sceNp' module
[E]: TODO: sceNpScoreTerm
[W]: Unknown function 0xa8cf8451 in 'sceNp' module
[E]: TODO: sceNpSignalingDestroyCtx
[W]: Unknown function 0xb9f93bbb in 'sceNp' module
[E]: TODO: sceNpScoreCreateTitleCtx
[W]: Unknown function 0xce81c7f0 in 'sceNp' module
[E]: TODO: sceNpLookupCreateTitleCtx
[W]: Unknown function 0xe7dcd3b4 in 'sceNp' module
[E]: TODO: sceNpManagerRegisterCallback
[W]: Unknown function 0xea2e9ffc in 'sceNp' module
[E]: TODO: sceNpLookupCreateTransactionCtx
[W]: Unknown function 0xf042b14f in 'sceNp' module
[E]: TODO: sceNpDrmIsAvailable2
[W]: Unknown function 0xfe37a7f4 in 'sceNp' module
[E]: TODO: sceNpManagerGetNpId
[W]: Unknown function 0x04372385 in 'sceNp' module
[E]: TODO: sceNpBasicGetFriendListEntry
[W]: Unknown function 0x21206642 in 'sceNp' module
[E]: TODO: sceNpScoreGetRankingByRangeAsync
[W]: Unknown function 0x29dd45dc in 'sceNp' module
[E]: TODO: sceNpScoreSetTimeout
[W]: Unknown function 0x3db7914d in 'sceNp' module
[E]: TODO: sceNpScoreGetRankingByNpIdAsync
[W]: Unknown function 0x6f5e8143 in 'sceNp' module
[E]: TODO: sceNpScoreCreateTransactionCtx
[W]: Unknown function 0xa7a090e5 in 'sceNp' module
[E]: TODO: sceNpScorePollAsync
[W]: Unknown function 0xafef640d in 'sceNp' module
[E]: TODO: sceNpBasicGetFriendListEntryCount
[W]: Unknown function 0xc5f4cf82 in 'sceNp' module
[E]: TODO: sceNpScoreDestroyTransactionCtx
[W]: Unknown function 0xdb2e4dc2 in 'sceNp' module
[E]: TODO: sceNpScoreGetGameDataAsync
[W]: Unknown function 0xee5b20d9 in 'sceNp' module
[E]: TODO: sceNpScoreAbortTransaction
[W]: Unknown function 0xf0b1e399 in 'sceNp' module
[E]: TODO: sceNpScoreRecordScoreAsync
[W]: Unknown function 0xf76847c2 in 'sceNp' module
[E]: TODO: sceNpScoreRecordGameDataAsync
[W]: Unknown function 0x41251f74 in 'sceNp2' module
[E]: TODO: sceNp2Init
[W]: Unknown module 'cellSaveData'
[W]: Unknown function 0x0e091c36 in 'cellSysutil' module
[E]: TODO: cellSaveDataUserListAutoSave
[W]: Unknown function 0x0f03cfb0 in 'cellSysutil' module
[E]: TODO: cellSaveDataUserListSave
[W]: Unknown function 0x20543730 in 'cellSysutil' module
[E]: TODO: cellMsgDialogClose
[W]: Unknown function 0x21425307 in 'cellSysutil' module
[E]: TODO: cellSaveDataListAutoLoad
[W]: Unknown function 0x248bd1d8 in 'cellSysutil' module
[E]: TODO: cellSaveDataUserListAutoLoad
[W]: Unknown function 0x39dd8425 in 'cellSysutil' module
[E]: TODO: cellSaveDataUserListLoad
[W]: Unknown function 0x40b34847 in 'cellSysutil' module
[E]: TODO: cellSaveDataUserFixedSave
[W]: Unknown function 0x62b0f803 in 'cellSysutil' module
[E]: TODO: cellMsgDialogAbort
[W]: Unknown function 0x6e7264ed in 'cellSysutil' module
[E]: TODO: cellSaveDataUserFixedLoad
[W]: Unknown function 0x8b7ed64b in 'cellSysutil' module
[E]: TODO: cellSaveDataAutoSave2
[W]: Unknown function 0x8b8a2f48 in 'cellSysutil' module
[E]: TODO: cellSaveDataUserFixedDelete
[W]: Unknown function 0x94862702 in 'cellSysutil' module
[E]: TODO: cellMsgDialogProgressBarInc
[W]: Unknown function 0x9d6af72a in 'cellSysutil' module
[E]: TODO: cellMsgDialogProgressBarSetMsg
[W]: Unknown function 0xedadd797 in 'cellSysutil' module
[E]: TODO: cellSaveDataDelete2
[W]: Unknown function 0xfbd5c856 in 'cellSysutil' module
[E]: TODO: cellSaveDataAutoLoad2
[W]: Unknown module 'sceNpTus'
[W]: Unknown function 0x8cb722d5 in 'sys_fs' module
[E]: TODO: cellFsWriteWithOffset
[W]: Unknown function 0xacfc8dbc in 'cellSpurs' module
[E]: TODO: cellSpursInitialize
[W]: Unknown function 0x22aab31d in 'cellSpurs' module
[E]: TODO: cellSpursEventFlagDetachLv2EventQueue
[W]: Unknown function 0x373523d4 in 'cellSpurs' module
[E]: TODO: cellSpursEventFlagWait
[W]: Unknown function 0x52cc6c82 in 'cellSpurs' module
[E]: TODO: cellSpursCreateTaskset
[W]: Unknown function 0x5ef96465 in 'cellSpurs' module
[E]: TODO: _cellSpursEventFlagInitialize
[W]: Unknown function 0x87630976 in 'cellSpurs' module
[E]: TODO: cellSpursEventFlagAttachLv2EventQueue
[W]: Unknown function 0x9f72add3 in 'cellSpurs' module
[E]: TODO: cellSpursJoinTaskset
[W]: Unknown function 0xa789e631 in 'cellSpurs' module
[E]: TODO: cellSpursShutdownTaskset
[W]: Unknown function 0xbeb600ac in 'cellSpurs' module
[E]: TODO: cellSpursCreateTask
[W]: Unknown function 0xe0a6dbe4 in 'cellSpurs' module
[E]: TODO: _cellSpursSendSignal
[W : PPU[1] Thread (CPUThread)[0x01cde034]]: sys_lwmutex warning: *** lwmutex created [_lc_mtx] (attribute=0x12): sq_id = 3
[W : PPU[1] Thread (CPUThread)[0x0084423c]]: memory warning: sys_memory_get_user_memory_size(mem_info_addr=0xd0020c04)
[W : PPU[1] Thread (CPUThread)[0x01cde034]]: sys_lwmutex warning: *** lwmutex created [_lc_mtx] (attribute=0x12): sq_id = 4
[W : PPU[1] Thread (CPUThread)[0x01cde034]]: sys_lwmutex warning: *** lwmutex created [_lc_mtx] (attribute=0x12): sq_id = 5
[W : PPU[1] Thread (CPUThread)[0x01cde034]]: sys_lwmutex warning: *** lwmutex created [_lc_mtx] (attribute=0x12): sq_id = 6
[W : PPU[1] Thread (CPUThread)[0x01cde034]]: sys_lwmutex warning: *** lwmutex created [_lc_mtx] (attribute=0x12): sq_id = 7
[W : PPU[1] Thread (CPUThread)[0x01cde034]]: sys_lwmutex warning: *** lwmutex created [_lc_mtx] (attribute=0x12): sq_id = 8
[W : PPU[1] Thread (CPUThread)[0x01cde034]]: sys_lwmutex warning: *** lwmutex created [_lc_mtx] (attribute=0x12): sq_id = 9
[W : PPU[1] Thread (CPUThread)[0x01cde034]]: sys_lwmutex warning: *** lwmutex created [_lc_mtx] (attribute=0x12): sq_id = 10
[W : PPU[1] Thread (CPUThread)[0x01cde034]]: sys_lwmutex warning: *** lwmutex created [_lc_mtx] (attribute=0x12): sq_id = 11
[W : PPU[1] Thread (CPUThread)[0x01cde034]]: sys_lwmutex warning: *** lwmutex created [_lc_mtx] (attribute=0x12): sq_id = 12
[W : PPU[1] Thread (CPUThread)[0x01cde034]]: sys_lwmutex warning: *** lwmutex created [_lc_mtx] (attribute=0x12): sq_id = 13
[W : PPU[1] Thread (CPUThread)[0x01cde034]]: sys_lwmutex warning: *** lwmutex created [_lc_mtx] (attribute=0x12): sq_id = 14
[W : PPU[1] Thread (CPUThread)[0x01cde034]]: sys_lwmutex warning: *** lwmutex created [_lc_mtx] (attribute=0x12): sq_id = 15
[W : PPU[1] Thread (CPUThread)[0x01cde034]]: sys_lwmutex warning: *** lwmutex created [_lc_mtx] (attribute=0x12): sq_id = 16
[W : PPU[1] Thread (CPUThread)[0x01cde034]]: sys_lwmutex warning: *** lwmutex created [_lc_mtx] (attribute=0x12): sq_id = 17
[W : PPU[1] Thread (CPUThread)[0x01cde034]]: sys_lwmutex warning: *** lwmutex created [_lc_mtx] (attribute=0x12): sq_id = 18
[W : PPU[1] Thread (CPUThread)[0x01cde034]]: sys_lwmutex warning: *** lwmutex created [_lc_mtx] (attribute=0x12): sq_id = 19
[W : PPU[1] Thread (CPUThread)[0x01cde034]]: sys_lwmutex warning: *** lwmutex created [_lc_mtx] (attribute=0x12): sq_id = 20
[W : PPU[1] Thread (CPUThread)[0x01cde034]]: sys_lwmutex warning: *** lwmutex created [_lc_mtx] (attribute=0x12): sq_id = 21
[W : PPU[1] Thread (CPUThread)[0x01cde034]]: sys_lwmutex warning: *** lwmutex created [_lc_mtx] (attribute=0x12): sq_id = 22
[W : PPU[1] Thread (CPUThread)[0x01cde034]]: sys_lwmutex warning: *** lwmutex created [_lc_mtx] (attribute=0x12): sq_id = 23
[W : PPU[1] Thread (CPUThread)[0x01cde034]]: sys_lwmutex warning: *** lwmutex created [_lc_mtx] (attribute=0x12): sq_id = 24
[W : PPU[1] Thread (CPUThread)[0x01cde034]]: sys_lwmutex warning: *** lwmutex created [] (attribute=0x22): sq_id = 25
[W : PPU[1] Thread (CPUThread)[0x0098c618]]: sys_event_flag warning: sys_event_flag_create(eflag_id_addr=0x1c65d4c, attr_addr=0xd0020af8, init=0x0)
[W : PPU[1] Thread (CPUThread)[0x0098c618]]: sys_event_flag warning: TODO: SYS_SYNC_PRIORITY attr
[W : PPU[1] Thread (CPUThread)[0x0098c618]]: sys_event_flag warning: TODO: SYS_SYNC_WAITER_MULTIPLE type
[W : PPU[1] Thread (CPUThread)[0x0098c618]]: sys_event_flag warning: *** event_flag created [] (protocol=0x2, type=0x20000): id = 26
[E : PPU[27] Thread (hrNMThread)[0x00988f5c]]: sys_event_flag error: sys_event_flag_wait(eflag_id=26, bitptn=0x1, mode=0x12, result_addr=0xd0030cf8, timeout=100)
[E : PPU[27] Thread (hrNMThread)[0x0098c544]]: sys_event_flag error: sys_event_flag_cancel(eflag_id=26, num_addr=0xd0030df4)
[W : PPU[27] Thread (hrNMThread)[0x0098c590]]: sys_event_flag warning: sys_event_flag_destroy(eflag_id=26)
[W : PPU[1] Thread (CPUThread)[0x01cde034]]: sys_lwmutex warning: *** lwmutex created [] (attribute=0x22): sq_id = 28
[W : PPU[1] Thread (CPUThread)[0x01cde034]]: sys_lwmutex warning: *** lwmutex created [] (attribute=0x22): sq_id = 29
[W : PPU[1] Thread (CPUThread)[0x01cde034]]: sys_lwmutex warning: *** lwmutex created [] (attribute=0x22): sq_id = 30
[W : PPU[1] Thread (CPUThread)[0x01cde034]]: sys_lwmutex warning: *** lwmutex created [] (attribute=0x22): sq_id = 31
[W : PPU[1] Thread (CPUThread)[0x01cc0010]]: cellSysmodule warning: cellSysmoduleLoadModule(CELL_SYSMODULE_SYSUTIL_SAVEDATA)
[W : PPU[1] Thread (CPUThread)[0x01cc0010]]: cellSysmodule warning: cellSysmoduleLoadModule(CELL_SYSMODULE_NET)
[W : PPU[1] Thread (CPUThread)[0x01cc0010]]: cellSysmodule warning: cellSysmoduleLoadModule(CELL_SYSMODULE_IO)
[W : PPU[1] Thread (CPUThread)[0x01cc0010]]: cellSysmodule warning: cellSysmoduleLoadModule(CELL_SYSMODULE_USBD)
[W : PPU[1] Thread (CPUThread)[0x01cc0010]]: cellSysmodule warning: cellSysmoduleLoadModule(CELL_SYSMODULE_GCM_SYS)
[W : PPU[1] Thread (CPUThread)[0x01cc0010]]: cellSysmodule warning: cellSysmoduleLoadModule(CELL_SYSMODULE_RESC)
[W : PPU[1] Thread (CPUThread)[0x01cc0010]]: cellSysmodule warning: cellSysmoduleLoadModule(CELL_SYSMODULE_PNGDEC)
[W : PPU[1] Thread (CPUThread)[0x01cc0010]]: cellSysmodule warning: cellSysmoduleLoadModule(CELL_SYSMODULE_SYSUTIL_GAME)
[W : PPU[1] Thread (CPUThread)[0x01cc0010]]: cellSysmodule warning: cellSysmoduleLoadModule(CELL_SYSMODULE_SYSUTIL_NP2)
[W : PPU[1] Thread (CPUThread)[0x01cc0010]]: cellSysmodule warning: cellSysmoduleLoadModule(CELL_SYSMODULE_AUDIO)
[W : PPU[1] Thread (CPUThread)[0x01cc0010]]: cellSysmodule warning: cellSysmoduleLoadModule(CELL_SYSMODULE_FS)
[W : PPU[1] Thread (CPUThread)[0x01cc0010]]: cellSysmodule warning: cellSysmoduleLoadModule(CELL_SYSMODULE_L10N)
[W : PPU[1] Thread (CPUThread)[0x01cc0010]]: cellSysmodule warning: cellSysmoduleLoadModule(CELL_SYSMODULE_NETCTL)
[W : PPU[1] Thread (CPUThread)[0x01cc0010]]: cellSysmodule warning: cellSysmoduleLoadModule(CELL_SYSMODULE_SYSUTIL_NP_TROPHY)
[W : PPU[1] Thread (CPUThread)[0x01cc0010]]: cellSysmodule warning: cellSysmoduleLoadModule(CELL_SYSMODULE_SYSUTIL_NP_COMMERCE2)
[W : PPU[1] Thread (CPUThread)[0x01cc0010]]: cellSysmodule warning: cellSysmoduleLoadModule(CELL_SYSMODULE_SYSUTIL_USERINFO)
[W : PPU[1] Thread (CPUThread)[0x01cc0010]]: cellSysmodule warning: cellSysmoduleLoadModule(CELL_SYSMODULE_SYSUTIL_NP_TUS)
[W : PPU[1] Thread (CPUThread)[0x01cc0010]]: cellSysmodule warning: cellSysmoduleLoadModule(CELL_SYSMODULE_SYSUTIL_NP)
[W : PPU[1] Thread (CPUThread)[0x00878628]]: sys_spu warning: sys_spu_initialize(max_usable_spu=6, max_raw_spu=1)
[W : PPU[1] Thread (CPUThread)[0x01cda004]]: sys_net warning: sys_net_initialize_network_ex(param_addr=0xd0020bac)
[W : PPU[1] Thread (CPUThread)[0x01cc0010]]: cellSysmodule warning: cellSysmoduleLoadModule(CELL_SYSMODULE_GCM_SYS)
[W : PPU[1] Thread (CPUThread)[0x01cc0010]]: cellSysmodule warning: cellSysmoduleLoadModule(CELL_SYSMODULE_RESC)
[W : PPU[1] Thread (CPUThread)[0x000cf368]]: sys_spu warning: sys_raw_spu_create(id_addr=0xbf8f64, attr_addr=0xd0020970)
[W : PPU[1] Thread (CPUThread)[0x000cf718]]: RawSPUThread[0]: Read32(MFC_CMDStatus)
[W : PPU[1] Thread (CPUThread)[0x000cf718]]: RawSPUThread[0]: Read32(MFC_CMDStatus)
[W : PPU[1] Thread (CPUThread)[0x000cfa14]]: RawSPUThread[0]: Write32(Prxy_QueryMask, 0x80000000)
[W : PPU[1] Thread (CPUThread)[0x000cfa18]]: RawSPUThread[0]: Write32(Prxy_QueryType, 0x2)
[W : PPU[1] Thread (CPUThread)[0x000cfa18]]: RawSPUThread[0]: Prxy Query Immediate.
[W : PPU[1] Thread (CPUThread)[0x000cfa28]]: RawSPUThread[0]: Read32(MFC_QStatus)
[W : PPU[1] Thread (CPUThread)[0x000cfa68]]: RawSPUThread[0]: Write32(SPU_NPC, 0xe0)
[W : PPU[1] Thread (CPUThread)[0x000cf108]]: RawSPUThread[0]: Write32(SPU_NPC, 0xe0)
[W : PPU[1] Thread (CPUThread)[0x000cf0dc]]: RawSPUThread[0]: Write32(SPU_RunCntl, 0x1)
[W : RawSPU[32] Thread (CPUThread)[0x000000e0]]: Starting RawSPU...
[W : PPU[1] Thread (CPUThread)[0x000c8164]]: RawSPUThread[0]: Read32(SPU_Out_MBox)
[W : PPU[1] Thread (CPUThread)[0x000c81a0]]: RawSPUThread[0]: Read32(SPU_Out_MBox)
[W : PPU[1] Thread (CPUThread)[0x00b16010]]: cellGcmSys warning: cellGcmInit(context_addr=0xbf9f34,cmdSize=0x10000,ioSize=0x100000,ioAddress=0x30200000)
[W : PPU[1] Thread (CPUThread)[0x00b16010]]: cellGcmSys warning: *** local memory(addr=0xc0000000, size=0xf900000)
[W : PPU[1] Thread (CPUThread)[0x00b16010]]: cellGcmSys warning: cellGcmMapEaIoAddress(ea=0x30200000, io=0x0, size=0x100000)
[! : RSXThread]: RSX thread entry
[W : PPU[1] Thread (CPUThread)[0x00b16070]]: cellGcmSys warning: cellGcmSetDebugOutputLevel(level=2)
[E : PPU[1] Thread (CPUThread)[0x00b1616c]]: TODO: cellGcmSetGraphicsHandler
[E : RSXThread]: TODO: unknown/illegal method [0x00001fec](0x0)
[E : RSXThread]: TODO: cellGcmSetTwoSideLightEn(0x0)
[E : RSXThread]: TODO: cellGcmSetFrequencyDividerOperation(0x0)
[E : RSXThread]: TODO: cellGcmSetLogicOp(0x1503)
[E : RSXThread]: TODO: cellGcmSetPolygonOffsetScaleFactor(0x0, 0x0)
[E : RSXThread]: TODO: cellGcmSetPointSize(0x3f800000)
[E : RSXThread]: TODO: cellGcmSetTexture_BorderColor(0x0)
[E : RSXThread]: TODO: cellGcmSetTexture_BorderColor(0x0)
[E : RSXThread]: TODO: cellGcmSetTexture_BorderColor(0x0)
[E : RSXThread]: TODO: cellGcmSetTexture_BorderColor(0x0)
[E : RSXThread]: TODO: cellGcmSetTexture_BorderColor(0x0)
[E : RSXThread]: TODO: cellGcmSetTexture_BorderColor(0x0)
[E : RSXThread]: TODO: cellGcmSetTexture_BorderColor(0x0)
[E : RSXThread]: TODO: cellGcmSetTexture_BorderColor(0x0)
[E : RSXThread]: TODO: cellGcmSetTexture_BorderColor(0x0)
[E : RSXThread]: TODO: cellGcmSetTexture_BorderColor(0x0)
[E : RSXThread]: TODO: cellGcmSetTexture_BorderColor(0x0)
[E : RSXThread]: TODO: cellGcmSetTexture_BorderColor(0x0)
[E : RSXThread]: TODO: cellGcmSetTexture_BorderColor(0x0)
[E : RSXThread]: TODO: cellGcmSetTexture_BorderColor(0x0)
[E : RSXThread]: TODO: cellGcmSetTexture_BorderColor(0x0)
[E : RSXThread]: TODO: cellGcmSetTexture_BorderColor(0x0)
[W : PPU[1] Thread (CPUThread)[0x00b16094]]: cellGcmSys warning: cellGcmMapEaIoAddress(ea=0x30500000, io=0xe000000, size=0x100000)
[W : PPU[1] Thread (CPUThread)[0x00b16184]]: cellGcmSys warning: cellGcmUnbindTile(index=0)
[W : PPU[1] Thread (CPUThread)[0x00b16184]]: cellGcmSys warning: cellGcmUnbindTile(index=1)
[W : PPU[1] Thread (CPUThread)[0x00b16184]]: cellGcmSys warning: cellGcmUnbindTile(index=2)
[W : PPU[1] Thread (CPUThread)[0x00b16184]]: cellGcmSys warning: cellGcmUnbindTile(index=3)
[W : PPU[1] Thread (CPUThread)[0x00b16184]]: cellGcmSys warning: cellGcmUnbindTile(index=4)
[W : PPU[1] Thread (CPUThread)[0x00b16184]]: cellGcmSys warning: cellGcmUnbindTile(index=5)
[W : PPU[1] Thread (CPUThread)[0x00b16184]]: cellGcmSys warning: cellGcmUnbindTile(index=6)
[W : PPU[1] Thread (CPUThread)[0x00b16184]]: cellGcmSys warning: cellGcmUnbindTile(index=7)
[W : PPU[1] Thread (CPUThread)[0x00b16184]]: cellGcmSys warning: cellGcmUnbindTile(index=8)
[W : PPU[1] Thread (CPUThread)[0x00b16184]]: cellGcmSys warning: cellGcmUnbindTile(index=9)
[W : PPU[1] Thread (CPUThread)[0x00b16184]]: cellGcmSys warning: cellGcmUnbindTile(index=10)
[W : PPU[1] Thread (CPUThread)[0x00b16184]]: cellGcmSys warning: cellGcmUnbindTile(index=11)
[W : PPU[1] Thread (CPUThread)[0x00b16184]]: cellGcmSys warning: cellGcmUnbindTile(index=12)
[W : PPU[1] Thread (CPUThread)[0x00b16184]]: cellGcmSys warning: cellGcmUnbindTile(index=13)
[W : PPU[1] Thread (CPUThread)[0x00b16184]]: cellGcmSys warning: cellGcmUnbindTile(index=14)
[W : PPU[1] Thread (CPUThread)[0x00b1e070]]: cellResc warning: cellRescInit(initConfig_addr=0xd0020900)
[W : PPU[1] Thread (CPUThread)[0x00b16148]]: cellGcmSys warning: cellGcmSetTileInfo(index=0, location=0, offset=253558784, size=7536640, pitch=5120, comp=0, base=0, bank=0)
[W : PPU[1] Thread (CPUThread)[0x00b16058]]: cellGcmSys warning: cellGcmBindTile(index=0)
[W : PPU[1] Thread (CPUThread)[0x00b1e040]]: cellResc warning: cellRescSetDisplayMode(displayMode=4)
[W : PPU[1] Thread (CPUThread)[0x00b1e040]]: cellSysutil warning: cellVideoOutConfigure(videoOut=0, config_addr=0x30017000, option_addr=0x0, waitForEvent=0x0)
[W : PPU[1] Thread (CPUThread)[0x00b1e040]]: cellGcmSys warning: cellGcmSetFlipMode(mode=2)
[W : PPU[1] Thread (CPUThread)[0x00b1e07c]]: cellResc warning: cellRescGetBufferSize(colorBuffers_addr=0xd00208d0, vertexArray_addr=0xd00208c8, fragmentShader_addr=0xd00208cc)
[W : PPU[1] Thread (CPUThread)[0x00b1e0a0]]: cellResc warning: cellRescSetBufferAddress(colorBuffers_addr=0xcf1d0000, vertexArray_addr=0xc0000000, fragmentShader_addr=0xc0000180)
[W : PPU[1] Thread (CPUThread)[0x00b1e0a0]]: cellGcmSys warning: cellGcmSetDisplayBuffer(id=0x0,offset=0xf1d0000,pitch=4,width=1280,height=720)
[W : PPU[1] Thread (CPUThread)[0x00b1e0a0]]: cellGcmSys warning: cellGcmSetDisplayBuffer(id=0x1,offset=0xf554000,pitch=4,width=1280,height=720)
[W : PPU[1] Thread (CPUThread)[0x00b1e034]]: cellResc warning: cellRescAdjustAspectRatio(horizontal=1.000000, vertical=1.000000)
[W : PPU[1] Thread (CPUThread)[0x00b16148]]: cellGcmSys warning: cellGcmSetTileInfo(index=0, location=0, offset=249626624, size=11468800, pitch=5120, comp=0, base=0, bank=0)
[W : PPU[1] Thread (CPUThread)[0x00b16058]]: cellGcmSys warning: cellGcmBindTile(index=0)
[W : PPU[1] Thread (CPUThread)[0x00b16148]]: cellGcmSys warning: cellGcmSetTileInfo(index=0, location=0, offset=245694464, size=15400960, pitch=5120, comp=0, base=0, bank=0)
[W : PPU[1] Thread (CPUThread)[0x00b16058]]: cellGcmSys warning: cellGcmBindTile(index=0)
[W : PPU[1] Thread (CPUThread)[0x00b16148]]: cellGcmSys warning: cellGcmSetTileInfo(index=1, location=0, offset=241762304, size=3932160, pitch=5120, comp=10, base=1, bank=3)
[E : PPU[1] Thread (CPUThread)[0x00b16148]]: cellGcmSys error: cellGcmSetTileInfo: bad comp! (10)
[W : PPU[1] Thread (CPUThread)[0x00b16058]]: cellGcmSys warning: cellGcmBindTile(index=1)
[W : PPU[1] Thread (CPUThread)[0x00b160dc]]: cellGcmSys warning: TODO: cellGcmBindZcull(index=0)
[W : PPU[1] Thread (CPUThread)[0x0012cefc]]: sys_semaphore warning: sys_semaphore_create(sem_addr=0xbf9628, attr_addr=0xd0020920, initial_count=1, max_count=2)
[W : PPU[1] Thread (CPUThread)[0x00b1e064]]: cellResc warning: cellRescSetFlipHandler(handler_addr=0xb2a7c8)
[E : PPU[1] Thread (CPUThread)[0x00b1e0b8]]: TODO: cellRescSetVBlankHandler
[W : PPU[1] Thread (CPUThread)[0x00b1e094]]: cellGcmSys warning: cellGcmSetDisplayBuffer(id=0x0,offset=0xee10000,pitch=4,width=1280,height=720)
[W : PPU[1] Thread (CPUThread)[0x00b1e094]]: cellGcmSys warning: cellGcmSetDisplayBuffer(id=0x1,offset=0xea50000,pitch=4,width=1280,height=720)
[W : PPU[1] Thread (CPUThread)[0x000cead4]]: sys_mutex warning: *** mutex created [] (protocol=0x2, recursive=false): id = 34
[W : PPU[1] Thread (CPUThread)[0x000cec7c]]: sys_cond warning: *** condition created [@„] (mutex_id=34): id = 35
[W : PPU[1] Thread (CPUThread)[0x008786cc]]: sys_event warning: sys_event_queue_create(equeue_id_addr=0x11c2d88, attr_addr=0xd0020a94, event_queue_key=0x0, size=4)
[W : PPU[1] Thread (CPUThread)[0x008786cc]]: sys_event warning: *** event_queue created [] (protocol=0x2, type=0x1): id = 36
[W : PPU[1] Thread (CPUThread)[0x00878718]]: sys_timer warning: sys_timer_create(timer_id_addr=0x11c2d80)
[W : PPU[1] Thread (CPUThread)[0x008787e0]]: sys_timer warning: sys_timer_connect_event_queue(timer_id=37, queue_id=36, name=287524199, data1=0, data2=0)
[W : PPU[1] Thread (CPUThread)[0x00878868]]: sys_event warning: sys_event_port_create(eport_id_addr=0x11c2d84, port_type=0x1, name=0x0)
[W : PPU[1] Thread (CPUThread)[0x00878868]]: sys_event warning: *** sys_event_port created: id = 38
[W : PPU[1] Thread (CPUThread)[0x008788d0]]: sys_event warning: sys_event_port_connect_local(eport_id=38, equeue_id=36)
[E : PPU[1] Thread (CPUThread)[0x00b1c028]]: cellNetCtl error: Unimplemented function: cellNetCtlInit
[E : PPU[1] Thread (CPUThread)[0x01cc6004]]: TODO: sceNp2Init
[E : PPU[1] Thread (CPUThread)[0x01cc4028]]: TODO: sceNpLookupInit
[W : PPU[1] Thread (CPUThread)[0x01cce0dc]]: cellSysutil warning: cellSysutilRegisterCallback(slot=0, func_addr=0xb25b10, userdata=0x0)
[E : PPU[1] Thread (CPUThread)[0x00b1c010]]: cellNetCtl error: Unimplemented function: cellNetCtlAddHandler
[E : PPU[1] Thread (CPUThread)[0x01cc40a0]]: TODO: sceNpManagerRegisterCallback
[W : PPU[1] Thread (CPUThread)[0x01cd001c]]: cellGame warning: cellGameBootCheck(type_addr=0xd00207a0, attributes_addr=0xd00207a4, size_addr=0xd00207a8, dirName_addr=0x0)
[W : PPU[1] Thread (CPUThread)[0x01cd001c]]: cellGame warning: cellGameBootCheck returns CELL_GAME_ERROR_PARAM. As a result size->hddFreeSizeKB may be 0.
[W : PPU[1] Thread (CPUThread)[0x0083259c]]: SysCall 988! r3: 0x1, r4: 0x0, pc: 0x83259c
[E : PPU[39] Thread (ChLis)[0x01cc4004]]: TODO: sceNpDrmVerifyUpgradeLicense
[W : PPU[1] Thread (CPUThread)[0x01cde0a0]]: sys_lwmutex warning: sys_lwmutex_destroy(lwmutex_addr=0x30104420)
[W : PPU[1] Thread (CPUThread)[0x01cde0a0]]: sys_lwmutex warning: sys_lwmutex_destroy(lwmutex_addr=0x30100440)
[E : PPU[1] Thread (CPUThread)[0x0098c544]]: sys_event_flag error: sys_event_flag_cancel(eflag_id=26, num_addr=0xd0020450)
[W : PPU[1] Thread (CPUThread)[0x0098c590]]: sys_event_flag warning: sys_event_flag_destroy(eflag_id=26)
[W : PPU[1] Thread (CPUThread)[0x01cde0a0]]: sys_lwmutex warning: sys_lwmutex_destroy(lwmutex_addr=0x301003f0)
[W : PPU[1] Thread (CPUThread)[0x01cde0a0]]: sys_lwmutex warning: sys_lwmutex_destroy(lwmutex_addr=0x301003c0)
[W : PPU[1] Thread (CPUThread)[0x01cde0a0]]: sys_lwmutex warning: sys_lwmutex_destroy(lwmutex_addr=0x30100390)
[W : PPU[1] Thread (CPUThread)[0x01cde0a0]]: sys_lwmutex warning: sys_lwmutex_destroy(lwmutex_addr=0x30100360)
[W : PPU[1] Thread (CPUThread)[0x01cde0a0]]: sys_lwmutex warning: sys_lwmutex_destroy(lwmutex_addr=0x30100330)
[W : PPU[1] Thread (CPUThread)[0x01cde0a0]]: sys_lwmutex warning: sys_lwmutex_destroy(lwmutex_addr=0x30100300)
[W : PPU[1] Thread (CPUThread)[0x01cde0a0]]: sys_lwmutex warning: sys_lwmutex_destroy(lwmutex_addr=0x301002d0)
[W : PPU[1] Thread (CPUThread)[0x008370a4]]: SysCall 988! r3: 0x1, r4: 0x0, pc: 0x8370a4
[W : PPU[1] Thread (CPUThread)[0x01cde0a0]]: sys_lwmutex warning: sys_lwmutex_destroy(lwmutex_addr=0x1c72e60)
[W : PPU[1] Thread (CPUThread)[0x01cde0a0]]: sys_lwmutex warning: sys_lwmutex_destroy(lwmutex_addr=0x1c72e88)
[W : PPU[1] Thread (CPUThread)[0x01cde0a0]]: sys_lwmutex warning: sys_lwmutex_destroy(lwmutex_addr=0x1c72eb0)
[W : PPU[1] Thread (CPUThread)[0x01cde0a0]]: sys_lwmutex warning: sys_lwmutex_destroy(lwmutex_addr=0x1c72d98)
[W : PPU[1] Thread (CPUThread)[0x01cde0a0]]: sys_lwmutex warning: sys_lwmutex_destroy(lwmutex_addr=0x1c72dc0)
[W : PPU[1] Thread (CPUThread)[0x01cde0a0]]: sys_lwmutex warning: sys_lwmutex_destroy(lwmutex_addr=0x1c72de8)
[W : PPU[1] Thread (CPUThread)[0x01cde0a0]]: sys_lwmutex warning: sys_lwmutex_destroy(lwmutex_addr=0x1c72e10)
[W : PPU[1] Thread (CPUThread)[0x01cde0a0]]: sys_lwmutex warning: sys_lwmutex_destroy(lwmutex_addr=0x1c72e38)
[W : PPU[1] Thread (CPUThread)[0x01cde0a0]]: sys_lwmutex warning: sys_lwmutex_destroy(lwmutex_addr=0x1c736d8)
[W : PPU[1] Thread (CPUThread)[0x01cde0a0]]: sys_lwmutex warning: sys_lwmutex_destroy(lwmutex_addr=0x1c738d8)
[W : PPU[1] Thread (CPUThread)[0x01cde0b8]]: Process warning: sys_process_exit(1)
[S : PPU[1] Thread (CPUThread)[0x01cde0b8]]: Process finished
[! : RSXThread]: RSX thread exit...
[!]: Closing memory...
