[!]: path: /dev_hdd0/game/
[!]: Loading 'E:\ROMS\GROUND\rpcs3\dev_hdd0\game\NPUB30452\USRDIR\BOOT.BIN'...
[!]: Mount info:
[!]: /dev_hdd0/ -> E:\ROMS\GROUND\rpcs3\dev_hdd0\
[!]: /dev_hdd1/ -> E:\ROMS\GROUND\rpcs3\dev_hdd1\
[!]: /dev_flash/ -> E:\ROMS\GROUND\rpcs3\dev_flash\
[!]: /dev_usb000/ -> E:\ROMS\GROUND\rpcs3\dev_usb000\
[!]: /dev_usb/ -> E:\ROMS\GROUND\rpcs3\dev_usb000\
[!]: /app_home/ -> E:\ROMS\GROUND\rpcs3\dev_hdd0\game\NPUB30452\
[!]: /dev_bdvd/ -> E:\ROMS\GROUND\rpcs3\dev_hdd0\game\NPUB30452\\..\
[!]: /host_root/ -> 
[!]: / -> E:\ROMS\GROUND\rpcs3\dev_hdd0\game\NPUB30452\
[!]: Initing memory...
[!]: Memory initialized.
[W]: Unknown function 0x7f13fc8c in 'sys_fs' module
[E]: TODO: cellFsAioCancel
[W]: Unknown function 0x9b882495 in 'sys_fs' module
[E]: TODO: cellFsGetDirectoryEntries
[W]: Unknown function 0x2664c8ae in 'sys_fs' module
[E]: TODO: cellFsStReadInit
[W]: Unknown function 0x27800c6b in 'sys_fs' module
[E]: TODO: cellFsStRead
[W]: Unknown function 0x8df28ff9 in 'sys_fs' module
[E]: TODO: cellFsStReadStart
[W]: Unknown function 0xd73938df in 'sys_fs' module
[E]: TODO: cellFsStReadFinish
[W]: Unknown function 0xf8e5d9a0 in 'sys_fs' module
[E]: TODO: cellFsStReadStop
[W]: Unknown function 0x63387071 in 'cellGcmSys' module
[E]: TODO: cellGcmGetLastFlipTime
[W]: Unknown function 0x99d397ac in 'cellGcmSys' module
[E]: TODO: cellGcmGetReport
[W]: Unknown function 0xa6b180ac in 'cellGcmSys' module
[E]: TODO: cellGcmGetReportDataLocation
[W]: Unknown function 0xd01b570d in 'cellGcmSys' module
[E]: TODO: cellGcmSetGraphicsHandler
[W]: Unknown function 0x20543730 in 'cellSysutil' module
[E]: TODO: cellMsgDialogClose
[W]: Unknown function 0x2a8eada2 in 'cellSysutil' module
[E]: TODO: cellSaveDataFixedLoad2
[W]: Unknown function 0x2aae9ef5 in 'cellSysutil' module
[E]: TODO: cellSaveDataFixedSave2
[W]: Unknown function 0x35beade0 in 'cellSysutil' module
[E]: TODO: cellOskDialogGetSize
[W]: Unknown function 0x3d1e1931 in 'cellSysutil' module
[E]: TODO: cellOskDialogUnloadAsync
[W]: Unknown function 0x62b0f803 in 'cellSysutil' module
[E]: TODO: cellMsgDialogAbort
[W]: Unknown function 0x7fcfc915 in 'cellSysutil' module
[E]: TODO: cellOskDialogLoadAsync
[W]: Unknown function 0x8b7ed64b in 'cellSysutil' module
[E]: TODO: cellSaveDataAutoSave2
[W]: Unknown function 0x94862702 in 'cellSysutil' module
[E]: TODO: cellMsgDialogProgressBarInc
[W]: Unknown function 0x9d6af72a in 'cellSysutil' module
[E]: TODO: cellMsgDialogProgressBarSetMsg
[W]: Unknown function 0xb53c54fa in 'cellSysutil' module
[E]: TODO: cellOskDialogSetKeyLayoutOption
[W]: Unknown function 0xc427890c in 'cellSysutil' module
[E]: TODO: cellOskDialogSetInitialKeyLayout
[W]: Unknown function 0xced17573 in 'cellSysutil' module
[E]: TODO: cellSaveDataFixedDelete
[W]: Unknown function 0xedadd797 in 'cellSysutil' module
[E]: TODO: cellSaveDataDelete2
[W]: Unknown function 0xf0ec3ccc in 'cellSysutil' module
[E]: TODO: cellOskDialogSetLayoutMode
[W]: Unknown function 0xfbd5c856 in 'cellSysutil' module
[E]: TODO: cellSaveDataAutoLoad2
[W]: Unknown function 0x66f5e388 in 'cellResc' module
[E]: TODO: cellRescGetLastFlipTime
[W]: Unknown function 0xd3758645 in 'cellResc' module
[E]: TODO: cellRescSetVBlankHandler
[W]: Unknown function 0xe0cef79e in 'cellResc' module
[E]: TODO: cellRescCreateInterlaceTable
[W]: Unknown function 0x12b1acf0 in 'cellFiber' module
[E]: TODO: cellFiberPpuRunFibers
[W]: Unknown function 0x7c2f4034 in 'cellFiber' module
[E]: TODO: cellFiberPpuCreateFiber
[W]: Unknown function 0xa4599cf3 in 'cellFiber' module
[E]: TODO: cellFiberPpuWaitFlag
[W]: Unknown function 0xa6004249 in 'cellFiber' module
[E]: TODO: cellFiberPpuJoinFiber
[W]: Unknown function 0xee3b604d in 'cellFiber' module
[E]: TODO: cellFiberPpuInitializeScheduler
[W]: Unknown function 0xf6c6900c in 'cellFiber' module
[E]: TODO: cellFiberPpuCheckFlags
[W]: Unknown function 0xfa8d5f95 in 'cellFiber' module
[E]: TODO: cellFiberPpuExit
[W]: Unknown function 0x55870804 in 'cellFiber' module
[E]: TODO: _cellFiberPpuInitialize
[W]: Unknown function 0x6122e000 in 'cellL10n' module
[E]: TODO: SJIStoUTF8
[W]: Unknown function 0x07529113 in 'cellSpurs' module
[E]: TODO: cellSpursAttributeSetNamePrefix
[W]: Unknown function 0x82275c1c in 'cellSpurs' module
[E]: TODO: cellSpursAttributeSetMemoryContainerForSpuThread
[W]: Unknown function 0x95180230 in 'cellSpurs' module
[E]: TODO: _cellSpursAttributeInitialize
[W]: Unknown function 0xaa6269a8 in 'cellSpurs' module
[E]: TODO: cellSpursInitializeWithAttribute
[W]: Unknown function 0xacfc8dbc in 'cellSpurs' module
[E]: TODO: cellSpursInitialize
[W]: Unknown function 0xca4c4600 in 'cellSpurs' module
[E]: TODO: cellSpursFinalize
[W]: Unknown function 0x22aab31d in 'cellSpurs' module
[E]: TODO: cellSpursEventFlagDetachLv2EventQueue
[W]: Unknown function 0x373523d4 in 'cellSpurs' module
[E]: TODO: cellSpursEventFlagWait
[W]: Unknown function 0x4e66d483 in 'cellSpurs' module
[E]: TODO: cellSpursDetachLv2EventQueue
[W]: Unknown function 0x52cc6c82 in 'cellSpurs' module
[E]: TODO: cellSpursCreateTaskset
[W]: Unknown function 0x57e4dec3 in 'cellSpurs' module
[E]: TODO: cellSpursRemoveWorkload
[W]: Unknown function 0x5ef96465 in 'cellSpurs' module
[E]: TODO: _cellSpursEventFlagInitialize
[W]: Unknown function 0x5fd43fe4 in 'cellSpurs' module
[E]: TODO: cellSpursWaitForWorkloadShutdown
[W]: Unknown function 0x69726aa2 in 'cellSpurs' module
[E]: TODO: cellSpursAddWorkload
[W]: Unknown function 0x7e4ea023 in 'cellSpurs' module
[E]: TODO: cellSpursWakeUp
[W]: Unknown function 0x87630976 in 'cellSpurs' module
[E]: TODO: cellSpursEventFlagAttachLv2EventQueue
[W]: Unknown function 0x98d5b343 in 'cellSpurs' module
[E]: TODO: cellSpursShutdownWorkload
[W]: Unknown function 0x9f72add3 in 'cellSpurs' module
[E]: TODO: cellSpursJoinTaskset
[W]: Unknown function 0xa73bf47e in 'cellSpurs' module
[E]: TODO: _cellSpursWorkloadFlagReceiver
[W]: Unknown function 0xa789e631 in 'cellSpurs' module
[E]: TODO: cellSpursShutdownTaskset
[W]: Unknown function 0xb9bc6207 in 'cellSpurs' module
[E]: TODO: cellSpursAttachLv2EventQueue
[W]: Unknown function 0xbeb600ac in 'cellSpurs' module
[E]: TODO: cellSpursCreateTask
[W]: Unknown function 0xe0a6dbe4 in 'cellSpurs' module
[E]: TODO: _cellSpursSendSignal
[W]: Unknown function 0xf843818d in 'cellSpurs' module
[E]: TODO: cellSpursReadyCountStore
[W]: Unknown function 0x04459230 in 'cellNetCtl' module
[E]: TODO: cellNetCtlNetStartDialogLoadAsync
[W]: Unknown function 0x0f1f13d3 in 'cellNetCtl' module
[E]: TODO: cellNetCtlNetStartDialogUnloadAsync
[W]: Unknown function 0xbd5a59fc in 'cellNetCtl' module
[E]: TODO: cellNetCtlInit
[W]: Unknown function 0x1e585b5d in 'cellNetCtl' module
[E]: TODO: cellNetCtlGetInfo
[W]: Unknown function 0x0247c69e in 'cellSail' module
[E]: TODO: cellSailGraphicsAdapterGetFrame
[W]: Unknown function 0x0abb318b in 'cellSail' module
[E]: TODO: cellSailDescriptorCreateDatabase
[W]: Unknown function 0x1139a206 in 'cellSail' module
[E]: TODO: cellSailPlayerSetSoundAdapter
[W]: Unknown function 0x1872331b in 'cellSail' module
[E]: TODO: cellSailGraphicsAdapterPtsToTimePosition
[W]: Unknown function 0x18b4629d in 'cellSail' module
[E]: TODO: cellSailPlayerFinalize
[W]: Unknown function 0x18bcd21b in 'cellSail' module
[E]: TODO: cellSailPlayerSetGraphicsAdapter
[W]: Unknown function 0x1c983864 in 'cellSail' module
[E]: TODO: cellSailGraphicsAdapterInitialize
[W]: Unknown function 0x23654375 in 'cellSail' module
[E]: TODO: cellSailPlayerInitialize2
[W]: Unknown function 0x28336e89 in 'cellSail' module
[E]: TODO: cellSailDescriptorDestroyDatabase
[W]: Unknown function 0x2e3ccb5e in 'cellSail' module
[E]: TODO: cellSailGraphicsAdapterSetPreferredFormat
[W]: Unknown function 0x346ebba3 in 'cellSail' module
[E]: TODO: cellSailMemAllocatorInitialize
[W]: Unknown function 0x34ecc1b9 in 'cellSail' module
[E]: TODO: cellSailPlayerOpenStream
[W]: Unknown function 0x3a2d806c in 'cellSail' module
[E]: TODO: cellSailFutureGet
[W]: Unknown function 0x3d0d3b72 in 'cellSail' module
[E]: TODO: cellSailSoundAdapterInitialize
[W]: Unknown function 0x44a20e79 in 'cellSail' module
[E]: TODO: cellSailGraphicsAdapterUpdateAvSync
[W]: Unknown function 0x47632810 in 'cellSail' module
[E]: TODO: cellSailPlayerReplaceEventHandler
[W]: Unknown function 0x4ae979df in 'cellSail' module
[E]: TODO: cellSailSoundAdapterPtsToTimePosition
[W]: Unknown function 0x4c191088 in 'cellSail' module
[E]: TODO: cellSailDescriptorGetUri
[W]: Unknown function 0x4cc54f8e in 'cellSail' module
[E]: TODO: cellSailFutureInitialize
[W]: Unknown function 0x5783a454 in 'cellSail' module
[E]: TODO: cellSailMp4MovieGetMovieInfo
[W]: Unknown function 0x6e83f5c0 in 'cellSail' module
[E]: TODO: cellSailAviMovieGetMovieInfo
[W]: Unknown function 0x752f8585 in 'cellSail' module
[E]: TODO: cellSailPlayerGetDescriptorCount
[W]: Unknown function 0x76488bb1 in 'cellSail' module
[E]: TODO: cellSailGraphicsAdapterFinalize
[W]: Unknown function 0x7c8dff3b in 'cellSail' module
[E]: TODO: cellSailPlayerAddDescriptor
[W]: Unknown function 0x7eb8d6b5 in 'cellSail' module
[E]: TODO: cellSailSoundAdapterGetFrame
[W]: Unknown function 0x85beffcc in 'cellSail' module
[E]: TODO: cellSailPlayerCloseStream
[W]: Unknown function 0x9553af65 in 'cellSail' module
[E]: TODO: cellSailFutureFinalize
[W]: Unknown function 0xa37fed15 in 'cellSail' module
[E]: TODO: cellSailFutureSet
[W]: Unknown function 0xbdf21b0f in 'cellSail' module
[E]: TODO: cellSailPlayerBoot
[W]: Unknown function 0xd1462438 in 'cellSail' module
[E]: TODO: cellSailSoundAdapterFinalize
[W]: Unknown function 0xd1d55a90 in 'cellSail' module
[E]: TODO: cellSailPlayerSetPaused
[W]: Unknown function 0xd5f9a15b in 'cellSail' module
[E]: TODO: cellSailDescriptorGetStreamType
[W]: Unknown function 0xd7938b8d in 'cellSail' module
[E]: TODO: cellSailPlayerCreateDescriptor
[W]: Unknown function 0xe535b0d3 in 'cellSail' module
[E]: TODO: cellSailPlayerStart
[W]: Unknown function 0xeba8d4ec in 'cellSail' module
[E]: TODO: cellSailPlayerStop
[W]: Unknown function 0xeec22809 in 'cellSail' module
[E]: TODO: cellSailSoundAdapterUpdateAvSync
[W]: Unknown function 0xf25f197d in 'cellSail' module
[E]: TODO: cellSailSoundAdapterGetFormat
[W]: Unknown function 0xfc839bd4 in 'cellSail' module
[E]: TODO: cellSailPlayerDestroyDescriptor
[W]: Unknown function 0xffd58aa4 in 'cellSail' module
[E]: TODO: cellSailGraphicsAdapterGetFormat
[W]: Unknown module 'cellOskExtUtility'
[W]: Unknown function 0x2ecd48ed in 'sceNp' module
[E]: TODO: sceNpDrmVerifyUpgradeLicense
[W]: Unknown function 0x6ee62ed2 in 'sceNp' module
[E]: TODO: sceNpManagerGetContentRatingFlag
[W]: Unknown function 0x8297f1ec in 'sceNp' module
[E]: TODO: sceNpManagerRequestTicket2
[W]: Unknown function 0xa1709abd in 'sceNp' module
[E]: TODO: sceNpManagerGetEntitlementById
[W]: Unknown function 0xad218faf in 'sceNp' module
[E]: TODO: sceNpDrmIsAvailable
[W]: Unknown function 0xb66d1c46 in 'sceNp' module
[E]: TODO: sceNpManagerGetEntitlementIdList
[W]: Unknown function 0xbd28fdbf in 'sceNp' module
[E]: TODO: sceNpInit
[W]: Unknown function 0xe7dcd3b4 in 'sceNp' module
[E]: TODO: sceNpManagerRegisterCallback
[W]: Unknown function 0xfe37a7f4 in 'sceNp' module
[E]: TODO: sceNpManagerGetNpId
[W]: Unknown module 'sceNpCommerce2'
[W]: Unknown function 0x8a561d92 in 'sysPrxForUser' module
[E]: TODO: _sys_heap_free
[W]: Unknown function 0xaede4b03 in 'sysPrxForUser' module
[E]: TODO: _sys_heap_delete_heap
[W : PPU[1] Thread (CPUThread)[0x0459004c]]: sys_lwmutex warning: *** lwmutex created [_lc_mtx] (attribute=0x12): sq_id = 3
[W : PPU[1] Thread (CPUThread)[0x00271300]]: memory warning: sys_memory_get_user_memory_size(mem_info_addr=0xd0020c04)
[W : PPU[1] Thread (CPUThread)[0x0459004c]]: sys_lwmutex warning: *** lwmutex created [_lc_mtx] (attribute=0x12): sq_id = 4
[W : PPU[1] Thread (CPUThread)[0x0459004c]]: sys_lwmutex warning: *** lwmutex created [_lc_mtx] (attribute=0x12): sq_id = 5
[W : PPU[1] Thread (CPUThread)[0x0459004c]]: sys_lwmutex warning: *** lwmutex created [_lc_mtx] (attribute=0x12): sq_id = 6
[W : PPU[1] Thread (CPUThread)[0x0459004c]]: sys_lwmutex warning: *** lwmutex created [_lc_mtx] (attribute=0x12): sq_id = 7
[W : PPU[1] Thread (CPUThread)[0x0459004c]]: sys_lwmutex warning: *** lwmutex created [_lc_mtx] (attribute=0x12): sq_id = 8
[W : PPU[1] Thread (CPUThread)[0x0459004c]]: sys_lwmutex warning: *** lwmutex created [_lc_mtx] (attribute=0x12): sq_id = 9
[W : PPU[1] Thread (CPUThread)[0x0459004c]]: sys_lwmutex warning: *** lwmutex created [_lc_mtx] (attribute=0x12): sq_id = 10
[W : PPU[1] Thread (CPUThread)[0x0459004c]]: sys_lwmutex warning: *** lwmutex created [_lc_mtx] (attribute=0x12): sq_id = 11
[W : PPU[1] Thread (CPUThread)[0x0459004c]]: sys_lwmutex warning: *** lwmutex created [_lc_mtx] (attribute=0x12): sq_id = 12
[W : PPU[1] Thread (CPUThread)[0x0459004c]]: sys_lwmutex warning: *** lwmutex created [_lc_mtx] (attribute=0x12): sq_id = 13
[W : PPU[1] Thread (CPUThread)[0x0459004c]]: sys_lwmutex warning: *** lwmutex created [_lc_mtx] (attribute=0x12): sq_id = 14
[W : PPU[1] Thread (CPUThread)[0x0459004c]]: sys_lwmutex warning: *** lwmutex created [_lc_mtx] (attribute=0x12): sq_id = 15
[W : PPU[1] Thread (CPUThread)[0x0459004c]]: sys_lwmutex warning: *** lwmutex created [_lc_mtx] (attribute=0x12): sq_id = 16
[W : PPU[1] Thread (CPUThread)[0x0459004c]]: sys_lwmutex warning: *** lwmutex created [_lc_mtx] (attribute=0x12): sq_id = 17
[W : PPU[1] Thread (CPUThread)[0x0459004c]]: sys_lwmutex warning: *** lwmutex created [_lc_mtx] (attribute=0x12): sq_id = 18
[W : PPU[1] Thread (CPUThread)[0x0459004c]]: sys_lwmutex warning: *** lwmutex created [_lc_mtx] (attribute=0x12): sq_id = 19
[W : PPU[1] Thread (CPUThread)[0x0459004c]]: sys_lwmutex warning: *** lwmutex created [_lc_mtx] (attribute=0x12): sq_id = 20
[W : PPU[1] Thread (CPUThread)[0x0459004c]]: sys_lwmutex warning: *** lwmutex created [_lc_mtx] (attribute=0x12): sq_id = 21
[W : PPU[1] Thread (CPUThread)[0x0459004c]]: sys_lwmutex warning: *** lwmutex created [_lc_mtx] (attribute=0x12): sq_id = 22
[W : PPU[1] Thread (CPUThread)[0x0459004c]]: sys_lwmutex warning: *** lwmutex created [_lc_mtx] (attribute=0x12): sq_id = 23
[W : PPU[1] Thread (CPUThread)[0x0459004c]]: sys_lwmutex warning: *** lwmutex created [_lc_mtx] (attribute=0x12): sq_id = 24
[W : PPU[1] Thread (CPUThread)[0x0459004c]]: sys_lwmutex warning: *** lwmutex created [] (attribute=0x22): sq_id = 25
[W : PPU[1] Thread (CPUThread)[0x04572010]]: cellSysmodule warning: cellSysmoduleLoadModule(CELL_SYSMODULE_NET)
[W : PPU[1] Thread (CPUThread)[0x04572010]]: cellSysmodule warning: cellSysmoduleLoadModule(CELL_SYSMODULE_NETCTL)
[W : PPU[1] Thread (CPUThread)[0x04572010]]: cellSysmodule warning: cellSysmoduleLoadModule(CELL_SYSMODULE_USBD)
[W : PPU[1] Thread (CPUThread)[0x04572010]]: cellSysmodule warning: cellSysmoduleLoadModule(CELL_SYSMODULE_FS)
[W : PPU[1] Thread (CPUThread)[0x04572010]]: cellSysmodule warning: cellSysmoduleLoadModule(CELL_SYSMODULE_FIBER)
[W : PPU[1] Thread (CPUThread)[0x04572010]]: cellSysmodule warning: cellSysmoduleLoadModule(CELL_SYSMODULE_RESC)
[W : PPU[1] Thread (CPUThread)[0x04572010]]: cellSysmodule warning: cellSysmoduleLoadModule(CELL_SYSMODULE_AUDIO)
[W : PPU[1] Thread (CPUThread)[0x04572010]]: cellSysmodule warning: cellSysmoduleLoadModule(CELL_SYSMODULE_PAMF)
[W : PPU[1] Thread (CPUThread)[0x04572010]]: cellSysmodule warning: cellSysmoduleLoadModule(CELL_SYSMODULE_SAIL)
[W : PPU[1] Thread (CPUThread)[0x04572010]]: cellSysmodule warning: cellSysmoduleLoadModule(CELL_SYSMODULE_SYSUTIL_GAME)
[W : PPU[1] Thread (CPUThread)[0x04572010]]: cellSysmodule warning: cellSysmoduleLoadModule(CELL_SYSMODULE_SYSUTIL_OSK_EXT)
[W : PPU[1] Thread (CPUThread)[0x00132d40]]: sys_spu warning: sys_spu_initialize(max_usable_spu=6, max_raw_spu=1)
[W : PPU[1] Thread (CPUThread)[0x0456c0c4]]: cellSysutil warning: cellSysutilRegisterCallback(slot=0, func_addr=0x43aa48, userdata=0x0)
[W : PPU[1] Thread (CPUThread)[0x04572010]]: cellSysmodule warning: cellSysmoduleLoadModule(CELL_SYSMODULE_SYSUTIL_NP)
[W : PPU[1] Thread (CPUThread)[0x04572010]]: cellSysmodule warning: cellSysmoduleLoadModule(CELL_SYSMODULE_SYSUTIL_NP_COMMERCE2)
[E : PPU[1] Thread (CPUThread)[0x04588058]]: TODO: sceNpInit
[E : PPU[1] Thread (CPUThread)[0x0458a004]]: TODO: sceNpCommerce2Init
[E : PPU[1] Thread (CPUThread)[0x04588064]]: TODO: sceNpManagerRegisterCallback
[E : PPU[1] Thread (CPUThread)[0x0457e01c]]: TODO: cellNetCtlInit
[E : PPU[26] Thread (checkLicense)[0x04588004]]: TODO: sceNpDrmVerifyUpgradeLicense
[W : PPU[27] Thread (getHddGamePath)[0x0456e01c]]: cellGame warning: cellGameBootCheck(type_addr=0xd0040d50, attributes_addr=0xd0040d54, size_addr=0xd0040d58, dirName_addr=0xd0040d68)
[W : PPU[27] Thread (getHddGamePath)[0x0456e004]]: cellGame warning: cellGameContentPermit(contentInfoPath_addr=0x4239660, usrdirPath_addr=0x42396e0)
[W : PPU[1] Thread (CPUThread)[0x04572010]]: cellSysmodule warning: cellSysmoduleLoadModule(CELL_SYSMODULE_GCM_SYS)
[W : PPU[1] Thread (CPUThread)[0x04572010]]: cellSysmodule warning: cellSysmoduleLoadModule(CELL_SYSMODULE_RESC)
[W : PPU[1] Thread (CPUThread)[0x00194728]]: sys_spu warning: sys_raw_spu_create(id_addr=0x44c9864, attr_addr=0xd0020860)
[W : PPU[1] Thread (CPUThread)[0x00194ad8]]: RawSPUThread[0]: Read32(MFC_CMDStatus)
[W : PPU[1] Thread (CPUThread)[0x00194ad8]]: RawSPUThread[0]: Read32(MFC_CMDStatus)
[W : PPU[1] Thread (CPUThread)[0x00194dd4]]: RawSPUThread[0]: Write32(Prxy_QueryMask, 0x80000000)
[W : PPU[1] Thread (CPUThread)[0x00194dd8]]: RawSPUThread[0]: Write32(Prxy_QueryType, 0x2)
[W : PPU[1] Thread (CPUThread)[0x00194dd8]]: RawSPUThread[0]: Prxy Query Immediate.
[W : PPU[1] Thread (CPUThread)[0x00194de8]]: RawSPUThread[0]: Read32(MFC_QStatus)
[W : PPU[1] Thread (CPUThread)[0x00194e28]]: RawSPUThread[0]: Write32(SPU_NPC, 0xe0)
[W : PPU[1] Thread (CPUThread)[0x001944c8]]: RawSPUThread[0]: Write32(SPU_NPC, 0xe0)
[W : PPU[1] Thread (CPUThread)[0x0019449c]]: RawSPUThread[0]: Write32(SPU_RunCntl, 0x1)
[W : RawSPU[28] Thread (CPUThread)[0x000000e0]]: Starting RawSPU...
[W : PPU[1] Thread (CPUThread)[0x0018d544]]: RawSPUThread[0]: Read32(SPU_Out_MBox)
[W : PPU[1] Thread (CPUThread)[0x0018d580]]: RawSPUThread[0]: Read32(SPU_Out_MBox)
[W : PPU[1] Thread (CPUThread)[0x0456a010]]: cellGcmSys warning: cellGcmInit(context_addr=0x44ca804,cmdSize=0x10000,ioSize=0x900000,ioAddress=0x3​0400000)
[W : PPU[1] Thread (CPUThread)[0x0456a010]]: cellGcmSys warning: *** local memory(addr=0xc0000000, size=0xf900000)
[W : PPU[1] Thread (CPUThread)[0x0456a010]]: cellGcmSys warning: cellGcmMapEaIoAddress(ea=0x30400000, io=0x0, size=0x900000)
[W : PPU[1] Thread (CPUThread)[0x0456a070]]: cellGcmSys warning: cellGcmSetDebugOutputLevel(level=2)
[E : PPU[1] Thread (CPUThread)[0x0456a16c]]: TODO: cellGcmSetGraphicsHandler
[! : RSXThread]: RSX thread entry
[E : RSXThread]: OpenGL: initialization of glProgramUniform1i failed.
[E : RSXThread]: OpenGL: initialization of glProgramUniform1f failed.
[E : RSXThread]: OpenGL: initialization of glProgramUniform4f failed.
[E : RSXThread]: OpenGL: initialization of glDepthBoundsEXT failed.
[E : RSXThread]: TODO: unknown/illegal method [0x00001fec](0x0)
[E : RSXThread]: TODO: cellGcmSetTwoSideLightEn(0x0)
[E : RSXThread]: TODO: cellGcmSetFrequencyDividerOperation(0x0)
[E : RSXThread]: TODO: cellGcmSetLogicOp(0x1503)
[E : RSXThread]: TODO: cellGcmSetPolygonOffsetScaleFactor(0x0, 0x0)
[E : RSXThread]: TODO: cellGcmSetPointSize(0x3f800000)
[E : RSXThread]: TODO: cellGcmSetTexture_BorderColor(0x0)
[E : RSXThread]: TODO: cellGcmSetTexture_BorderColor(0x0)
[E : RSXThread]: TODO: cellGcmSetTexture_BorderColor(0x0)
[E : RSXThread]: TODO: cellGcmSetTexture_BorderColor(0x0)
[E : RSXThread]: TODO: cellGcmSetTexture_BorderColor(0x0)
[E : RSXThread]: TODO: cellGcmSetTexture_BorderColor(0x0)
[E : RSXThread]: TODO: cellGcmSetTexture_BorderColor(0x0)
[E : RSXThread]: TODO: cellGcmSetTexture_BorderColor(0x0)
[E : RSXThread]: TODO: cellGcmSetTexture_BorderColor(0x0)
[E : RSXThread]: TODO: cellGcmSetTexture_BorderColor(0x0)
[E : RSXThread]: TODO: cellGcmSetTexture_BorderColor(0x0)
[E : RSXThread]: TODO: cellGcmSetTexture_BorderColor(0x0)
[E : RSXThread]: TODO: cellGcmSetTexture_BorderColor(0x0)
[E : RSXThread]: TODO: cellGcmSetTexture_BorderColor(0x0)
[E : RSXThread]: TODO: cellGcmSetTexture_BorderColor(0x0)
[E : RSXThread]: TODO: cellGcmSetTexture_BorderColor(0x0)
[W : PPU[1] Thread (CPUThread)[0x0456a094]]: cellGcmSys warning: cellGcmMapEaIoAddress(ea=0x30e36000, io=0xe000000, size=0x100000)
[W : PPU[1] Thread (CPUThread)[0x0456c0d0]]: cellSysutil warning: cellVideoOutGetResolutionAvailability(videoOut=0, resolutionId=0x2, option_addr=0x0, aspect=0x0, option=0x4ba3210)
[W : PPU[1] Thread (CPUThread)[0x0456a184]]: cellGcmSys warning: cellGcmUnbindTile(index=0)
[W : PPU[1] Thread (CPUThread)[0x0456a184]]: cellGcmSys warning: cellGcmUnbindTile(index=1)
[W : PPU[1] Thread (CPUThread)[0x0456a184]]: cellGcmSys warning: cellGcmUnbindTile(index=2)
[W : PPU[1] Thread (CPUThread)[0x0456a184]]: cellGcmSys warning: cellGcmUnbindTile(index=3)
[W : PPU[1] Thread (CPUThread)[0x0456a184]]: cellGcmSys warning: cellGcmUnbindTile(index=4)
[W : PPU[1] Thread (CPUThread)[0x0456a184]]: cellGcmSys warning: cellGcmUnbindTile(index=5)
[W : PPU[1] Thread (CPUThread)[0x0456a184]]: cellGcmSys warning: cellGcmUnbindTile(index=6)
[W : PPU[1] Thread (CPUThread)[0x0456a184]]: cellGcmSys warning: cellGcmUnbindTile(index=7)
[W : PPU[1] Thread (CPUThread)[0x0456a184]]: cellGcmSys warning: cellGcmUnbindTile(index=8)
[W : PPU[1] Thread (CPUThread)[0x0456a184]]: cellGcmSys warning: cellGcmUnbindTile(index=9)
[W : PPU[1] Thread (CPUThread)[0x0456a184]]: cellGcmSys warning: cellGcmUnbindTile(index=10)
[W : PPU[1] Thread (CPUThread)[0x0456a184]]: cellGcmSys warning: cellGcmUnbindTile(index=11)
[W : PPU[1] Thread (CPUThread)[0x0456a184]]: cellGcmSys warning: cellGcmUnbindTile(index=12)
[W : PPU[1] Thread (CPUThread)[0x0456a184]]: cellGcmSys warning: cellGcmUnbindTile(index=13)
[W : PPU[1] Thread (CPUThread)[0x0456a184]]: cellGcmSys warning: cellGcmUnbindTile(index=14)
[W : PPU[1] Thread (CPUThread)[0x04570070]]: cellResc warning: cellRescInit(initConfig_addr=0xd00207f0)
[W : PPU[1] Thread (CPUThread)[0x0456a148]]: cellGcmSys warning: cellGcmSetTileInfo(index=0, location=0, offset=253558784, size=7536640, pitch=5120, comp=0, base=0, bank=0)
[W : PPU[1] Thread (CPUThread)[0x0456a058]]: cellGcmSys warning: cellGcmBindTile(index=0)
[W : PPU[1] Thread (CPUThread)[0x04570040]]: cellResc warning: cellRescSetDisplayMode(displayMode=4)
[W : PPU[1] Thread (CPUThread)[0x04570040]]: cellSysutil warning: cellVideoOutConfigure(videoOut=0, config_addr=0x30f36000, option_addr=0x0, waitForEvent=0x0)
[W : PPU[1] Thread (CPUThread)[0x04570040]]: cellGcmSys warning: cellGcmSetFlipMode(mode=2)
[W : PPU[1] Thread (CPUThread)[0x0457007c]]: cellResc warning: cellRescGetBufferSize(colorBuffers_addr=0xd00207c0, vertexArray_addr=0xd00207b8, fragmentShader_addr=0xd00207bc)
[W : PPU[1] Thread (CPUThread)[0x045700a0]]: cellResc warning: cellRescSetBufferAddress(colorBuffers_addr=0xcf1d0000, vertexArray_addr=0xc0000000, fragmentShader_addr=0xc0000180)
[W : PPU[1] Thread (CPUThread)[0x045700a0]]: cellGcmSys warning: cellGcmSetDisplayBuffer(id=0x0,offset=0xf1d0000,pitch=4,width=1280,height=720)
[W : PPU[1] Thread (CPUThread)[0x045700a0]]: cellGcmSys warning: cellGcmSetDisplayBuffer(id=0x1,offset=0xf554000,pitch=4,width=1280,height=720)
[W : PPU[1] Thread (CPUThread)[0x04570034]]: cellResc warning: cellRescAdjustAspectRatio(horizontal=1.000000, vertical=1.000000)
[W : PPU[1] Thread (CPUThread)[0x0456a148]]: cellGcmSys warning: cellGcmSetTileInfo(index=0, location=0, offset=249626624, size=11468800, pitch=5120, comp=0, base=0, bank=0)
[W : PPU[1] Thread (CPUThread)[0x0456a058]]: cellGcmSys warning: cellGcmBindTile(index=0)
[W : PPU[1] Thread (CPUThread)[0x0456a148]]: cellGcmSys warning: cellGcmSetTileInfo(index=0, location=0, offset=245694464, size=15400960, pitch=5120, comp=0, base=0, bank=0)
[W : PPU[1] Thread (CPUThread)[0x0456a058]]: cellGcmSys warning: cellGcmBindTile(index=0)
[W : PPU[1] Thread (CPUThread)[0x0456a148]]: cellGcmSys warning: cellGcmSetTileInfo(index=1, location=0, offset=241762304, size=3932160, pitch=5120, comp=10, base=1, bank=3)
[E : PPU[1] Thread (CPUThread)[0x0456a148]]: cellGcmSys error: cellGcmSetTileInfo: bad comp! (10)
[W : PPU[1] Thread (CPUThread)[0x0456a058]]: cellGcmSys warning: cellGcmBindTile(index=1)
[W : PPU[1] Thread (CPUThread)[0x0456a0dc]]: cellGcmSys warning: TODO: cellGcmBindZcull(index=0)
[W : PPU[1] Thread (CPUThread)[0x001f2234]]: sys_semaphore warning: sys_semaphore_create(sem_addr=0x44c9f28, attr_addr=0xd0020810, initial_count=1, max_count=2)
[W : PPU[1] Thread (CPUThread)[0x04570064]]: cellResc warning: cellRescSetFlipHandler(handler_addr=0x43f110)
[E : PPU[1] Thread (CPUThread)[0x045700b8]]: TODO: cellRescSetVBlankHandler
[W : PPU[1] Thread (CPUThread)[0x04570094]]: cellGcmSys warning: cellGcmSetDisplayBuffer(id=0x0,offset=0xee10000,pitch=4,width=1280,height=720)
[W : PPU[1] Thread (CPUThread)[0x04570094]]: cellGcmSys warning: cellGcmSetDisplayBuffer(id=0x1,offset=0xea50000,pitch=4,width=1280,height=720)
[W : PPU[1] Thread (CPUThread)[0x00193e94]]: sys_mutex warning: *** mutex created [] (protocol=0x2, recursive=false): id = 30
[W : PPU[1] Thread (CPUThread)[0x0019403c]]: sys_cond warning: *** condition created [] (mutex_id=30): id = 31
[W : PPU[1] Thread (CPUThread)[0x00151850]]: memory warning: sys_memory_get_user_memory_size(mem_info_addr=0xd0020a70)
[W : PPU[1] Thread (CPUThread)[0x04572004]]: cellSysmodule warning: cellSysmoduleUnloadModule(CELL_SYSMODULE_FONTFT)
[W : PPU[1] Thread (CPUThread)[0x04572004]]: cellSysmodule warning: cellSysmoduleUnloadModule(CELL_SYSMODULE_FREETYPE)
[W : PPU[1] Thread (CPUThread)[0x04572004]]: cellSysmodule warning: cellSysmoduleUnloadModule(CELL_SYSMODULE_FONT)
[W : PPU[1] Thread (CPUThread)[0x04572010]]: cellSysmodule warning: cellSysmoduleLoadModule(CELL_SYSMODULE_L10N)
[W : PPU[1] Thread (CPUThread)[0x04572010]]: cellSysmodule warning: cellSysmoduleLoadModule(CELL_SYSMODULE_FONT)
[W : PPU[1] Thread (CPUThread)[0x04572010]]: cellSysmodule warning: cellSysmoduleLoadModule(CELL_SYSMODULE_FREETYPE)
[W : PPU[1] Thread (CPUThread)[0x04572010]]: cellSysmodule warning: cellSysmoduleLoadModule(CELL_SYSMODULE_FONTFT)
[W : PPU[1] Thread (CPUThread)[0x045760e8]]: cellFont warning: cellFontInitializeWithRevision(revisionFlags=0x61, config=0xd00209d8)
[W : PPU[1] Thread (CPUThread)[0x04578004]]: cellFontFT warning: cellFontInitLibraryFreeTypeWithRevision(revisionFlags=0x41, config_addr=0xd00209c0, lib_addr_addr=0xd00209b0
[W : PPU[1] Thread (CPUThread)[0x04576010]]: cellFont warning: cellFontOpenFontFile(library_addr=0x30f36000, fontPath="/app_home/FOT-UtrilloPro-DB.otf", subNum=0, uniqueId=0, font_addr=0x30343970)
[E : PPU[1] Thread (CPUThread)[0x04576064]]: cellFont error: Unimplemented function: cellFontEndLibrary
[W : PPU[1] Thread (CPUThread)[0x0456c0e8]]: cellSysutil warning: cellAudioOutGetSoundAvailability(audioOut=0, type=0, fs=0x4, option=0)
[W : PPU[1] Thread (CPUThread)[0x0456c064]]: cellSysutil warning: cellAudioOutConfigure(audioOut=0, config_addr=0xd0020800, option_addr=0x0, (!)waitForEvent=1)
[W : PPU[1] Thread (CPUThread)[0x0456c160]]: cellSysutil warning: cellAudioOutGetState(audioOut=0x0,deviceIndex=0x0,state_addr=0xd0020810)
[W : PPU[1] Thread (CPUThread)[0x04580004]]: cellAudio warning: cellAudioInit()
[! : Audio Thread]: Audio started
[W : PPU[1] Thread (CPUThread)[0x04580040]]: cellAudio warning: cellAudioPortOpen(audioParam_addr=0x42d3e90, portNum_addr=0xd00208e0)
[W : PPU[1] Thread (CPUThread)[0x04580040]]: cellAudio warning: *** audio port opened(nChannel=8, nBlock=8, attr=0x0, level=0.000000): port = 0
[W : PPU[1] Thread (CPUThread)[0x0458001c]]: cellAudio warning: cellAudioGetPortConfig(portNum=0x0, portConfig_addr=0x42d3eb0)
[E : PPU[1] Thread (CPUThread)[0x0457c034]]: TODO: cellSpursInitialize
[W : PPU[1] Thread (CPUThread)[0x0459004c]]: sys_lwmutex warning: *** lwmutex created [] (attribute=0x22): sq_id = 32
[E : PPU[1] Thread (CPUThread)[0x0457c070]]: TODO: cellSpursCreateTaskset
[E : PPU[1] Thread (CPUThread)[0x0457c088]]: TODO: _cellSpursEventFlagInitialize
[E : PPU[1] Thread (CPUThread)[0x0457c0b8]]: TODO: cellSpursEventFlagAttachLv2EventQueue
[E : PPU[1] Thread (CPUThread)[0x0457c088]]: TODO: _cellSpursEventFlagInitialize
[E : PPU[1] Thread (CPUThread)[0x0457c100]]: TODO: cellSpursCreateTask
[E : PPU[1] Thread (CPUThread)[0x0041e028]]: sys_fs error: "/dev_flash/sys/external/flashATRAC.pic" not found! flags: 0x00000000
[W : PPU[33] Thread (MultiStream PU Thread)[0x04580028]]: cellAudio warning: cellAudioPortStart(portNum=0x0)
[W : PPU[1] Thread (CPUThread)[0x0459004c]]: sys_lwmutex warning: *** lwmutex created [BGM0] (attribute=0x22): sq_id = 34
[W : PPU[1] Thread (CPUThread)[0x0459004c]]: sys_lwmutex warning: *** lwmutex created [BGM1] (attribute=0x22): sq_id = 35
[W : PPU[1] Thread (CPUThread)[0x0459004c]]: sys_lwmutex warning: *** lwmutex created [BGM2] (attribute=0x22): sq_id = 36
[W : PPU[1] Thread (CPUThread)[0x0459004c]]: sys_lwmutex warning: *** lwmutex created [BGM3] (attribute=0x22): sq_id = 37
[W : PPU[1] Thread (CPUThread)[0x0459004c]]: sys_lwmutex warning: *** lwmutex created [BGM4] (attribute=0x22): sq_id = 38
[W : PPU[1] Thread (CPUThread)[0x0459004c]]: sys_lwmutex warning: *** lwmutex created [BGM5] (attribute=0x22): sq_id = 39
[W : PPU[1] Thread (CPUThread)[0x0459004c]]: sys_lwmutex warning: *** lwmutex created [BGM6] (attribute=0x22): sq_id = 40
[W : PPU[1] Thread (CPUThread)[0x0459004c]]: sys_lwmutex warning: *** lwmutex created [BGM7] (attribute=0x22): sq_id = 41
[W : PPU[1] Thread (CPUThread)[0x0041e07c]]: sys_fs warning: cellFsAioInit(mount_point_addr=0xd00209e0 (/app_home))
[E : PPU[1] Thread (CPUThread)[0x0041e028]]: sys_fs error: "/app_home/dataEnglish/sound/bgm/bgm_00.dat" not found! flags: 0x00000000
[E : PPU[1] Thread (CPUThread)[0x0041e028]]: sys_fs error: "/app_home/dataEnglish/sound/bgm/bgm_00.dat" not found! flags: 0x00000000
[E : PPU[1] Thread (CPUThread)[0x0041e028]]: sys_fs error: "/app_home/dataEnglish/sound/se/se_cmn.sep" not found! flags: 0x00000000
[E : PPU[1] Thread (CPUThread)[0x0041e028]]: sys_fs error: "/app_home/dataEnglish/sound/se/se_cmn.sep" not found! flags: 0x00000000
[W : PPU[1] Thread (CPUThread)[0x04572010]]: cellSysmodule warning: cellSysmoduleLoadModule(CELL_SYSMODULE_SYSUTIL_NP_TROPHY)
[W : PPU[42] Thread (trophy_init_thread)[0x0458c088]]: sceNpTrophy warning: sceNpTrophyCreateContext(context_addr=0x441ca2c, commID_addr=0x441ca68, commSign_addr=0x441ca74, options=0x0)
[E : PPU[33] Thread (MultiStream PU Thread)[0x0457c10c]]: TODO: _cellSpursSendSignal
[E : PPU[33] Thread (MultiStream PU Thread)[0x0457c058]]: TODO: cellSpursEventFlagWait
[E : PPU[1] Thread (CPUThread)[0x0456a118]]: TODO: cellGcmGetReportDataLocation
[E : PPU[1] Thread (CPUThread)[0x0456a118]]: TODO: cellGcmGetReportDataLocation
[E : PPU[1] Thread (CPUThread)[0x0456a118]]: TODO: cellGcmGetReportDataLocation
[E : PPU[1] Thread (CPUThread)[0x0456a118]]: TODO: cellGcmGetReportDataLocation
[E : PPU[33] Thread (MultiStream PU Thread)[0x0457c10c]]: TODO: _cellSpursSendSignal
[E : PPU[33] Thread (MultiStream PU Thread)[0x0457c058]]: TODO: cellSpursEventFlagWait
[W : PPU[42] Thread (trophy_init_thread)[0x0458c010]]: sceNpTrophy warning: sceNpTrophyCreateHandle(handle_addr=0x441ca30)
[W : PPU[42] Thread (trophy_init_thread)[0x0458c01c]]: sceNpTrophy warning: sceNpTrophyGetRequiredDiskSpace(context=0, handle=0, reqspace_addr=0xd0070dc0, options=0x0)
[E : PPU[33] Thread (MultiStream PU Thread)[0x0457c10c]]: TODO: _cellSpursSendSignal
[E : PPU[33] Thread (MultiStream PU Thread)[0x0457c058]]: TODO: cellSpursEventFlagWait
[E : PPU[33] Thread (MultiStream PU Thread)[0x0457c10c]]: TODO: _cellSpursSendSignal
[E : PPU[33] Thread (MultiStream PU Thread)[0x0457c058]]: TODO: cellSpursEventFlagWait
[E : PPU[33] Thread (MultiStream PU Thread)[0x0457c10c]]: TODO: _cellSpursSendSignal
[E : PPU[33] Thread (MultiStream PU Thread)[0x0457c058]]: TODO: cellSpursEventFlagWait
[E : PPU[33] Thread (MultiStream PU Thread)[0x0457c10c]]: TODO: _cellSpursSendSignal
[E : PPU[33] Thread (MultiStream PU Thread)[0x0457c058]]: TODO: cellSpursEventFlagWait
[E : PPU[33] Thread (MultiStream PU Thread)[0x0457c10c]]: TODO: _cellSpursSendSignal
[E : PPU[33] Thread (MultiStream PU Thread)[0x0457c058]]: TODO: cellSpursEventFlagWait
[E : PPU[33] Thread (MultiStream PU Thread)[0x0457c10c]]: TODO: _cellSpursSendSignal
[E : PPU[33] Thread (MultiStream PU Thread)[0x0457c058]]: TODO: cellSpursEventFlagWait
[E : PPU[33] Thread (MultiStream PU Thread)[0x0457c10c]]: TODO: _cellSpursSendSignal
[E : PPU[33] Thread (MultiStream PU Thread)[0x0457c058]]: TODO: cellSpursEventFlagWait
[E : PPU[33] Thread (MultiStream PU Thread)[0x0457c10c]]: TODO: _cellSpursSendSignal
[E : PPU[33] Thread (MultiStream PU Thread)[0x0457c058]]: TODO: cellSpursEventFlagWait
[E : PPU[33] Thread (MultiStream PU Thread)[0x0457c10c]]: TODO: _cellSpursSendSignal
[E : PPU[33] Thread (MultiStream PU Thread)[0x0457c058]]: TODO: cellSpursEventFlagWait
[E : PPU[33] Thread (MultiStream PU Thread)[0x0457c10c]]: TODO: _cellSpursSendSignal
[E : PPU[33] Thread (MultiStream PU Thread)[0x0457c058]]: TODO: cellSpursEventFlagWait
[E : PPU[33] Thread (MultiStream PU Thread)[0x0457c10c]]: TODO: _cellSpursSendSignal
[E : PPU[33] Thread (MultiStream PU Thread)[0x0457c058]]: TODO: cellSpursEventFlagWait
[E : PPU[33] Thread (MultiStream PU Thread)[0x0457c10c]]: TODO: _cellSpursSendSignal
[E : PPU[33] Thread (MultiStream PU Thread)[0x0457c058]]: TODO: cellSpursEventFlagWait
[E : PPU[33] Thread (MultiStream PU Thread)[0x0457c10c]]: TODO: _cellSpursSendSignal
[E : PPU[33] Thread (MultiStream PU Thread)[0x0457c058]]: TODO: cellSpursEventFlagWait
[E : RSXThread]: TODO: cellGcmSetLineStipple(0x0)
[E : RSXThread]: TODO: cellGcmSetPolygonStipple(0x0)
[E : RSXThread]: TODO: cellGcmSetContextDmaReport(0xbad68000)
[E : RSXThread]: TODO: cellGcmSetZcullStatsEnable(0x0)
[E : RSXThread]: NV4097_GET_REPORT: bad type 2
[E : RSXThread]: NV4097_GET_REPORT: bad type 3
[E : RSXThread]: NV4097_GET_REPORT: bad type 4
[E : RSXThread]: NV4097_GET_REPORT: bad type 5
[E : RSXThread]: TODO: cellGcmClearReportValue(0x2)
[E : RSXThread]: TODO: cellGcmSetZcullStatsEnable(0x1)
[E : PPU[1] Thread (CPUThread)[0x0456a118]]: TODO: cellGcmGetReportDataLocation
[E : PPU[1] Thread (CPUThread)[0x0456a118]]: TODO: cellGcmGetReportDataLocation
[E : PPU[1] Thread (CPUThread)[0x0456a118]]: TODO: cellGcmGetReportDataLocation
[E : PPU[1] Thread (CPUThread)[0x0456a118]]: TODO: cellGcmGetReportDataLocation
[E : PPU[33] Thread (MultiStream PU Thread)[0x0457c10c]]: TODO: _cellSpursSendSignal
[E : PPU[33] Thread (MultiStream PU Thread)[0x0457c058]]: TODO: cellSpursEventFlagWait
[E : PPU[33] Thread (MultiStream PU Thread)[0x0457c10c]]: TODO: _cellSpursSendSignal
[E : PPU[33] Thread (MultiStream PU Thread)[0x0457c058]]: TODO: cellSpursEventFlagWait
[E : PPU[33] Thread (MultiStream PU Thread)[0x0457c10c]]: TODO: _cellSpursSendSignal
[E : PPU[33] Thread (MultiStream PU Thread)[0x0457c058]]: TODO: cellSpursEventFlagWait
[E : PPU[33] Thread (MultiStream PU Thread)[0x0457c10c]]: TODO: _cellSpursSendSignal
[E : PPU[33] Thread (MultiStream PU Thread)[0x0457c058]]: TODO: cellSpursEventFlagWait
[E : PPU[33] Thread (MultiStream PU Thread)[0x0457c10c]]: TODO: _cellSpursSendSignal
[E : PPU[33] Thread (MultiStream PU Thread)[0x0457c058]]: TODO: cellSpursEventFlagWait
[E : PPU[33] Thread (MultiStream PU Thread)[0x0457c10c]]: TODO: _cellSpursSendSignal
[E : PPU[33] Thread (MultiStream PU Thread)[0x0457c058]]: TODO: cellSpursEventFlagWait
[E : PPU[33] Thread (MultiStream PU Thread)[0x0457c10c]]: TODO: _cellSpursSendSignal
[E : PPU[33] Thread (MultiStream PU Thread)[0x0457c058]]: TODO: cellSpursEventFlagWait
[E : PPU[33] Thread (MultiStream PU Thread)[0x0457c10c]]: TODO: _cellSpursSendSignal
[E : PPU[33] Thread (MultiStream PU Thread)[0x0457c058]]: TODO: cellSpursEventFlagWait
[E : PPU[33] Thread (MultiStream PU Thread)[0x0457c10c]]: TODO: _cellSpursSendSignal
[E : PPU[33] Thread (MultiStream PU Thread)[0x0457c058]]: TODO: cellSpursEventFlagWait
[E : RSXThread]: TODO: cellGcmSetLineStipple(0x0)
[E : RSXThread]: TODO: cellGcmSetPolygonStipple(0x0)
[E : RSXThread]: TODO: cellGcmSetContextDmaReport(0xbad68000)
[E : RSXThread]: TODO: cellGcmSetZcullStatsEnable(0x0)
[E : RSXThread]: NV4097_GET_REPORT: bad type 2
[E : RSXThread]: NV4097_GET_REPORT: bad type 3
[E : RSXThread]: NV4097_GET_REPORT: bad type 4
[E : RSXThread]: NV4097_GET_REPORT: bad type 5
[E : RSXThread]: TODO: cellGcmClearReportValue(0x2)
[E : RSXThread]: TODO: cellGcmSetZcullStatsEnable(0x1)
[E : PPU[1] Thread (CPUThread)[0x0456a118]]: TODO: cellGcmGetReportDataLocation
[E : PPU[1] Thread (CPUThread)[0x0456a118]]: TODO: cellGcmGetReportDataLocation
[E : PPU[1] Thread (CPUThread)[0x0456a118]]: TODO: cellGcmGetReportDataLocation
[E : PPU[1] Thread (CPUThread)[0x0456a118]]: TODO: cellGcmGetReportDataLocation
[E : PPU[33] Thread (MultiStream PU Thread)[0x0457c10c]]: TODO: _cellSpursSendSignal
[E : PPU[33] Thread (MultiStream PU Thread)[0x0457c058]]: TODO: cellSpursEventFlagWait
[E : PPU[33] Thread (MultiStream PU Thread)[0x0457c10c]]: TODO: _cellSpursSendSignal
[E : PPU[33] Thread (MultiStream PU Thread)[0x0457c058]]: TODO: cellSpursEventFlagWait
[E : PPU[33] Thread (MultiStream PU Thread)[0x0457c10c]]: TODO: _cellSpursSendSignal
[E : PPU[33] Thread (MultiStream PU Thread)[0x0457c058]]: TODO: cellSpursEventFlagWait
[E : PPU[33] Thread (MultiStream PU Thread)[0x0457c10c]]: TODO: _cellSpursSendSignal
[E : PPU[33] Thread (MultiStream PU Thread)[0x0457c058]]: TODO: cellSpursEventFlagWait
[E : PPU[33] Thread (MultiStream PU Thread)[0x0457c10c]]: TODO: _cellSpursSendSignal
[E : PPU[33] Thread (MultiStream PU Thread)[0x0457c058]]: TODO: cellSpursEventFlagWait
[E : RSXThread]: TODO: cellGcmSetLineStipple(0x0)
[E : RSXThread]: TODO: cellGcmSetPolygonStipple(0x0)
[E : RSXThread]: TODO: cellGcmSetContextDmaReport(0xbad68000)
[E : RSXThread]: TODO: cellGcmSetZcullStatsEnable(0x0)
[E : RSXThread]: NV4097_GET_REPORT: bad type 2
[E : RSXThread]: NV4097_GET_REPORT: bad type 3
[E : RSXThread]: NV4097_GET_REPORT: bad type 4
[E : RSXThread]: NV4097_GET_REPORT: bad type 5
[E : RSXThread]: TODO: cellGcmClearReportValue(0x2)
[E : RSXThread]: TODO: cellGcmSetZcullStatsEnable(0x1)
[E : PPU[1] Thread (CPUThread)[0x0456a118]]: TODO: cellGcmGetReportDataLocation
[E : PPU[1] Thread (CPUThread)[0x0456a118]]: TODO: cellGcmGetReportDataLocation
[E : PPU[1] Thread (CPUThread)[0x0456a118]]: TODO: cellGcmGetReportDataLocation
[E : PPU[1] Thread (CPUThread)[0x0456a118]]: TODO: cellGcmGetReportDataLocation
[E : PPU[33] Thread (MultiStream PU Thread)[0x0457c10c]]: TODO: _cellSpursSendSignal
[E : PPU[33] Thread (MultiStream PU Thread)[0x0457c058]]: TODO: cellSpursEventFlagWait
[E : PPU[33] Thread (MultiStream PU Thread)[0x0457c10c]]: TODO: _cellSpursSendSignal
[E : PPU[33] Thread (MultiStream PU Thread)[0x0457c058]]: TODO: cellSpursEventFlagWait
[E : PPU[33] Thread (MultiStream PU Thread)[0x0457c10c]]: TODO: _cellSpursSendSignal
[E : PPU[33] Thread (MultiStream PU Thread)[0x0457c058]]: TODO: cellSpursEventFlagWait
[E : PPU[33] Thread (MultiStream PU Thread)[0x0457c10c]]: TODO: _cellSpursSendSignal
[E : PPU[33] Thread (MultiStream PU Thread)[0x0457c058]]: TODO: cellSpursEventFlagWait
[E : PPU[33] Thread (MultiStream PU Thread)[0x0457c10c]]: TODO: _cellSpursSendSignal
[E : PPU[33] Thread (MultiStream PU Thread)[0x0457c058]]: TODO: cellSpursEventFlagWait
[E : PPU[33] Thread (MultiStream PU Thread)[0x0457c10c]]: TODO: _cellSpursSendSignal
[E : PPU[33] Thread (MultiStream PU Thread)[0x0457c058]]: TODO: cellSpursEventFlagWait
[E : RSXThread]: TODO: cellGcmSetLineStipple(0x0)
[E : RSXThread]: TODO: cellGcmSetPolygonStipple(0x0)
[E : RSXThread]: TODO: cellGcmSetContextDmaReport(0xbad68000)
[E : RSXThread]: TODO: cellGcmSetZcullStatsEnable(0x0)
[E : RSXThread]: NV4097_GET_REPORT: bad type 2
[E : RSXThread]: NV4097_GET_REPORT: bad type 3
[E : RSXThread]: NV4097_GET_REPORT: bad type 4
[E : RSXThread]: NV4097_GET_REPORT: bad type 5
[E : RSXThread]: TODO: cellGcmClearReportValue(0x2)
[E : RSXThread]: TODO: cellGcmSetZcullStatsEnable(0x1)
[E : PPU[1] Thread (CPUThread)[0x0456a118]]: TODO: cellGcmGetReportDataLocation
[E : PPU[1] Thread (CPUThread)[0x0456a118]]: TODO: cellGcmGetReportDataLocation
[E : PPU[1] Thread (CPUThread)[0x0456a118]]: TODO: cellGcmGetReportDataLocation
[E : PPU[1] Thread (CPUThread)[0x0456a118]]: TODO: cellGcmGetReportDataLocation
[E : PPU[33] Thread (MultiStream PU Thread)[0x0457c10c]]: TODO: _cellSpursSendSignal
[E : PPU[33] Thread (MultiStream PU Thread)[0x0457c058]]: TODO: cellSpursEventFlagWait
[E : PPU[33] Thread (MultiStream PU Thread)[0x0457c10c]]: TODO: _cellSpursSendSignal
[E : PPU[33] Thread (MultiStream PU Thread)[0x0457c058]]: TODO: cellSpursEventFlagWait
[E : PPU[33] Thread (MultiStream PU Thread)[0x0457c10c]]: TODO: _cellSpursSendSignal
[E : PPU[33] Thread (MultiStream PU Thread)[0x0457c058]]: TODO: cellSpursEventFlagWait
[E : PPU[33] Thread (MultiStream PU Thread)[0x0457c10c]]: TODO: _cellSpursSendSignal
[E : PPU[33] Thread (MultiStream PU Thread)[0x0457c058]]: TODO: cellSpursEventFlagWait
[E : PPU[33] Thread (MultiStream PU Thread)[0x0457c10c]]: TODO: _cellSpursSendSignal
[E : PPU[33] Thread (MultiStream PU Thread)[0x0457c058]]: TODO: cellSpursEventFlagWait
[E : PPU[33] Thread (MultiStream PU Thread)[0x0457c10c]]: TODO: _cellSpursSendSignal
[E : PPU[33] Thread (MultiStream PU Thread)[0x0457c058]]: TODO: cellSpursEventFlagWait
[E : RSXThread]: TODO: cellGcmSetLineStipple(0x0)
[E : RSXThread]: TODO: cellGcmSetPolygonStipple(0x0)
[E : RSXThread]: TODO: cellGcmSetContextDmaReport(0xbad68000)
[E : RSXThread]: TODO: cellGcmSetZcullStatsEnable(0x0)
[E : RSXThread]: NV4097_GET_REPORT: bad type 2
[E : RSXThread]: NV4097_GET_REPORT: bad type 3
[E : RSXThread]: NV4097_GET_REPORT: bad type 4
[E : RSXThread]: NV4097_GET_REPORT: bad type 5
[E : RSXThread]: TODO: cellGcmClearReportValue(0x2)
[E : RSXThread]: TODO: cellGcmSetZcullStatsEnable(0x1)
[E : PPU[1] Thread (CPUThread)[0x0456a118]]: TODO: cellGcmGetReportDataLocation
[E : PPU[1] Thread (CPUThread)[0x0456a118]]: TODO: cellGcmGetReportDataLocation
[E : PPU[1] Thread (CPUThread)[0x0456a118]]: TODO: cellGcmGetReportDataLocation
[E : PPU[1] Thread (CPUThread)[0x0456a118]]: TODO: cellGcmGetReportDataLocation
[E : PPU[33] Thread (MultiStream PU Thread)[0x0457c10c]]: TODO: _cellSpursSendSignal
[E : PPU[33] Thread (MultiStream PU Thread)[0x0457c058]]: TODO: cellSpursEventFlagWait
[E : PPU[33] Thread (MultiStream PU Thread)[0x0457c10c]]: TODO: _cellSpursSendSignal
[E : PPU[33] Thread (MultiStream PU Thread)[0x0457c058]]: TODO: cellSpursEventFlagWait
[E : PPU[33] Thread (MultiStream PU Thread)[0x0457c10c]]: TODO: _cellSpursSendSignal
[E : PPU[33] Thread (MultiStream PU Thread)[0x0457c058]]: TODO: cellSpursEventFlagWait
[E : PPU[33] Thread (MultiStream PU Thread)[0x0457c10c]]: TODO: _cellSpursSendSignal
[E : PPU[33] Thread (MultiStream PU Thread)[0x0457c058]]: TODO: cellSpursEventFlagWait
[E : PPU[33] Thread (MultiStream PU Thread)[0x0457c10c]]: TODO: _cellSpursSendSignal
[E : PPU[33] Thread (MultiStream PU Thread)[0x0457c058]]: TODO: cellSpursEventFlagWait
[E : PPU[33] Thread (MultiStream PU Thread)[0x0457c10c]]: TODO: _cellSpursSendSignal
[E : PPU[33] Thread (MultiStream PU Thread)[0x0457c058]]: TODO: cellSpursEventFlagWait
[E : RSXThread]: TODO: cellGcmSetLineStipple(0x0)
[E : RSXThread]: TODO: cellGcmSetPolygonStipple(0x0)
[E : RSXThread]: TODO: cellGcmSetContextDmaReport(0xbad68000)
[E : RSXThread]: TODO: cellGcmSetZcullStatsEnable(0x0)
[E : RSXThread]: NV4097_GET_REPORT: bad type 2
[E : RSXThread]: NV4097_GET_REPORT: bad type 3
[E : RSXThread]: NV4097_GET_REPORT: bad type 4
[E : RSXThread]: NV4097_GET_REPORT: bad type 5
[E : RSXThread]: TODO: cellGcmClearReportValue(0x2)
[E : RSXThread]: TODO: cellGcmSetZcullStatsEnable(0x1)
[E : PPU[1] Thread (CPUThread)[0x0456a118]]: TODO: cellGcmGetReportDataLocation
[E : PPU[1] Thread (CPUThread)[0x0456a118]]: TODO: cellGcmGetReportDataLocation
[E : PPU[1] Thread (CPUThread)[0x0456a118]]: TODO: cellGcmGetReportDataLocation
[E : PPU[1] Thread (CPUThread)[0x0456a118]]: TODO: cellGcmGetReportDataLocation
[E : PPU[33] Thread (MultiStream PU Thread)[0x0457c10c]]: TODO: _cellSpursSendSignal
[E : PPU[33] Thread (MultiStream PU Thread)[0x0457c058]]: TODO: cellSpursEventFlagWait
[E : PPU[33] Thread (MultiStream PU Thread)[0x0457c10c]]: TODO: _cellSpursSendSignal
[E : PPU[33] Thread (MultiStream PU Thread)[0x0457c058]]: TODO: cellSpursEventFlagWait
[E : PPU[33] Thread (MultiStream PU Thread)[0x0457c10c]]: TODO: _cellSpursSendSignal
[E : PPU[33] Thread (MultiStream PU Thread)[0x0457c058]]: TODO: cellSpursEventFlagWait
[E : PPU[33] Thread (MultiStream PU Thread)[0x0457c10c]]: TODO: _cellSpursSendSignal
[E : PPU[33] Thread (MultiStream PU Thread)[0x0457c058]]: TODO: cellSpursEventFlagWait
[E : PPU[33] Thread (MultiStream PU Thread)[0x0457c10c]]: TODO: _cellSpursSendSignal
[E : PPU[33] Thread (MultiStream PU Thread)[0x0457c058]]: TODO: cellSpursEventFlagWait
[E : PPU[33] Thread (MultiStream PU Thread)[0x0457c10c]]: TODO: _cellSpursSendSignal
[E : PPU[33] Thread (MultiStream PU Thread)[0x0457c058]]: TODO: cellSpursEventFlagWait
[E : PPU[33] Thread (MultiStream PU Thread)[0x0457c10c]]: TODO: _cellSpursSendSignal
[E : PPU[33] Thread (MultiStream PU Thread)[0x0457c058]]: TODO: cellSpursEventFlagWait
[E : PPU[33] Thread (MultiStream PU Thread)[0x0457c10c]]: TODO: _cellSpursSendSignal
[E : PPU[33] Thread (MultiStream PU Thread)[0x0457c058]]: TODO: cellSpursEventFlagWait
[E : PPU[33] Thread (MultiStream PU Thread)[0x0457c10c]]: TODO: _cellSpursSendSignal
[E : PPU[33] Thread (MultiStream PU Thread)[0x0457c058]]: TODO: cellSpursEventFlagWait
[E : PPU[33] Thread (MultiStream PU Thread)[0x0457c10c]]: TODO: _cellSpursSendSignal
[E : PPU[33] Thread (MultiStream PU Thread)[0x0457c058]]: TODO: cellSpursEventFlagWait
[E : PPU[33] Thread (MultiStream PU Thread)[0x0457c10c]]: TODO: _cellSpursSendSignal
[E : PPU[33] Thread (MultiStream PU Thread)[0x0457c058]]: TODO: cellSpursEventFlagWait
[E : PPU[33] Thread (MultiStream PU Thread)[0x0457c10c]]: TODO: _cellSpursSendSignal
[E : PPU[33] Thread (MultiStream PU Thread)[0x0457c058]]: TODO: cellSpursEventFlagWait
[E : PPU[33] Thread (MultiStream PU Thread)[0x0457c10c]]: TODO: _cellSpursSendSignal
[E : PPU[33] Thread (MultiStream PU Thread)[0x0457c058]]: TODO: cellSpursEventFlagWait
[E : PPU[33] Thread (MultiStream PU Thread)[0x0457c10c]]: TODO: _cellSpursSendSignal
[E : PPU[33] Thread (MultiStream PU Thread)[0x0457c058]]: TODO: cellSpursEventFlagWait
[E : PPU[33] Thread (MultiStream PU Thread)[0x0457c10c]]: TODO: _cellSpursSendSignal
[E : PPU[33] Thread (MultiStream PU Thread)[0x0457c058]]: TODO: cellSpursEventFlagWait
[E : PPU[33] Thread (MultiStream PU Thread)[0x0457c10c]]: TODO: _cellSpursSendSignal
[E : PPU[33] Thread (MultiStream PU Thread)[0x0457c058]]: TODO: cellSpursEventFlagWait
[E : PPU[33] Thread (MultiStream PU Thread)[0x0457c10c]]: TODO: _cellSpursSendSignal
[E : PPU[33] Thread (MultiStream PU Thread)[0x0457c058]]: TODO: cellSpursEventFlagWait
[E : PPU[33] Thread (MultiStream PU Thread)[0x0457c10c]]: TODO: _cellSpursSendSignal
[E : PPU[33] Thread (MultiStream PU Thread)[0x0457c058]]: TODO: cellSpursEventFlagWait
[E : PPU[33] Thread (MultiStream PU Thread)[0x0457c10c]]: TODO: _cellSpursSendSignal
[E : PPU[33] Thread (MultiStream PU Thread)[0x0457c058]]: TODO: cellSpursEventFlagWait
[E : PPU[33] Thread (MultiStream PU Thread)[0x0457c10c]]: TODO: _cellSpursSendSignal
[E : PPU[33] Thread (MultiStream PU Thread)[0x0457c058]]: TODO: cellSpursEventFlagWait
[E : PPU[33] Thread (MultiStream PU Thread)[0x0457c10c]]: TODO: _cellSpursSendSignal
[E : PPU[33] Thread (MultiStream PU Thread)[0x0457c058]]: TODO: cellSpursEventFlagWait
[E : PPU[33] Thread (MultiStream PU Thread)[0x0457c10c]]: TODO: _cellSpursSendSignal
[E : PPU[33] Thread (MultiStream PU Thread)[0x0457c058]]: TODO: cellSpursEventFlagWait
[E : PPU[33] Thread (MultiStream PU Thread)[0x0457c10c]]: TODO: _cellSpursSendSignal
[E : PPU[33] Thread (MultiStream PU Thread)[0x0457c058]]: TODO: cellSpursEventFlagWait
[E : PPU[33] Thread (MultiStream PU Thread)[0x0457c10c]]: TODO: _cellSpursSendSignal
[E : PPU[33] Thread (MultiStream PU Thread)[0x0457c058]]: TODO: cellSpursEventFlagWait
[E : PPU[33] Thread (MultiStream PU Thread)[0x0457c10c]]: TODO: _cellSpursSendSignal
[E : PPU[33] Thread (MultiStream PU Thread)[0x0457c058]]: TODO: cellSpursEventFlagWait
[E : PPU[33] Thread (MultiStream PU Thread)[0x0457c10c]]: TODO: _cellSpursSendSignal
[E : PPU[33] Thread (MultiStream PU Thread)[0x0457c058]]: TODO: cellSpursEventFlagWait
[E : PPU[33] Thread (MultiStream PU Thread)[0x0457c10c]]: TODO: _cellSpursSendSignal
[E : PPU[33] Thread (MultiStream PU Thread)[0x0457c058]]: TODO: cellSpursEventFlagWait
[E : PPU[33] Thread (MultiStream PU Thread)[0x0457c10c]]: TODO: _cellSpursSendSignal
[E : PPU[33] Thread (MultiStream PU Thread)[0x0457c058]]: TODO: cellSpursEventFlagWait
[E : PPU[33] Thread (MultiStream PU Thread)[0x0457c10c]]: TODO: _cellSpursSendSignal
[E : PPU[33] Thread (MultiStream PU Thread)[0x0457c058]]: TODO: cellSpursEventFlagWait
[E : PPU[33] Thread (MultiStream PU Thread)[0x0457c10c]]: TODO: _cellSpursSendSignal
[E : PPU[33] Thread (MultiStream PU Thread)[0x0457c058]]: TODO: cellSpursEventFlagWait
[E : PPU[33] Thread (MultiStream PU Thread)[0x0457c10c]]: TODO: _cellSpursSendSignal
[E : PPU[33] Thread (MultiStream PU Thread)[0x0457c058]]: TODO: cellSpursEventFlagWait
[E : PPU[33] Thread (MultiStream PU Thread)[0x0457c10c]]: TODO: _cellSpursSendSignal
[E : PPU[33] Thread (MultiStream PU Thread)[0x0457c058]]: TODO: cellSpursEventFlagWait
[E : PPU[33] Thread (MultiStream PU Thread)[0x0457c10c]]: TODO: _cellSpursSendSignal
[E : PPU[33] Thread (MultiStream PU Thread)[0x0457c058]]: TODO: cellSpursEventFlagWait
[E : PPU[33] Thread (MultiStream PU Thread)[0x0457c10c]]: TODO: _cellSpursSendSignal
[E : PPU[33] Thread (MultiStream PU Thread)[0x0457c058]]: TODO: cellSpursEventFlagWait
[E : PPU[33] Thread (MultiStream PU Thread)[0x0457c10c]]: TODO: _cellSpursSendSignal
[E : PPU[33] Thread (MultiStream PU Thread)[0x0457c058]]: TODO: cellSpursEventFlagWait
[E : PPU[33] Thread (MultiStream PU Thread)[0x0457c10c]]: TODO: _cellSpursSendSignal
[E : PPU[33] Thread (MultiStream PU Thread)[0x0457c058]]: TODO: cellSpursEventFlagWait
[E : PPU[33] Thread (MultiStream PU Thread)[0x0457c10c]]: TODO: _cellSpursSendSignal
[E : PPU[33] Thread (MultiStream PU Thread)[0x0457c058]]: TODO: cellSpursEventFlagWait
[E : PPU[33] Thread (MultiStream PU Thread)[0x0457c10c]]: TODO: _cellSpursSendSignal
[E : PPU[33] Thread (MultiStream PU Thread)[0x0457c058]]: TODO: cellSpursEventFlagWait
[E : PPU[33] Thread (MultiStream PU Thread)[0x0457c10c]]: TODO: _cellSpursSendSignal
[E : PPU[33] Thread (MultiStream PU Thread)[0x0457c058]]: TODO: cellSpursEventFlagWait
[E : PPU[33] Thread (MultiStream PU Thread)[0x0457c10c]]: TODO: _cellSpursSendSignal
[E : PPU[33] Thread (MultiStream PU Thread)[0x0457c058]]: TODO: cellSpursEventFlagWait
[E : PPU[33] Thread (MultiStream PU Thread)[0x0457c10c]]: TODO: _cellSpursSendSignal
[E : PPU[33] Thread (MultiStream PU Thread)[0x0457c058]]: TODO: cellSpursEventFlagWait
[E : PPU[33] Thread (MultiStream PU Thread)[0x0457c10c]]: TODO: _cellSpursSendSignal
[E : PPU[33] Thread (MultiStream PU Thread)[0x0457c058]]: TODO: cellSpursEventFlagWait
[E : PPU[33] Thread (MultiStream PU Thread)[0x0457c10c]]: TODO: _cellSpursSendSignal
[E : PPU[33] Thread (MultiStream PU Thread)[0x0457c058]]: TODO: cellSpursEventFlagWait
[E : PPU[33] Thread (MultiStream PU Thread)[0x0457c10c]]: TODO: _cellSpursSendSignal
[E : PPU[33] Thread (MultiStream PU Thread)[0x0457c058]]: TODO: cellSpursEventFlagWait
[E : PPU[33] Thread (MultiStream PU Thread)[0x0457c10c]]: TODO: _cellSpursSendSignal
[E : PPU[33] Thread (MultiStream PU Thread)[0x0457c058]]: TODO: cellSpursEventFlagWait
[E : PPU[33] Thread (MultiStream PU Thread)[0x0457c10c]]: TODO: _cellSpursSendSignal
[E : PPU[33] Thread (MultiStream PU Thread)[0x0457c058]]: TODO: cellSpursEventFlagWait
[E : PPU[33] Thread (MultiStream PU Thread)[0x0457c10c]]: TODO: _cellSpursSendSignal
[E : PPU[33] Thread (MultiStream PU Thread)[0x0457c058]]: TODO: cellSpursEventFlagWait
[E : PPU[33] Thread (MultiStream PU Thread)[0x0457c10c]]: TODO: _cellSpursSendSignal
[E : PPU[33] Thread (MultiStream PU Thread)[0x0457c058]]: TODO: cellSpursEventFlagWait
[E : PPU[33] Thread (MultiStream PU Thread)[0x0457c10c]]: TODO: _cellSpursSendSignal
[E : PPU[33] Thread (MultiStream PU Thread)[0x0457c058]]: TODO: cellSpursEventFlagWait
[E : PPU[33] Thread (MultiStream PU Thread)[0x0457c10c]]: TODO: _cellSpursSendSignal
[E : PPU[33] Thread (MultiStream PU Thread)[0x0457c058]]: TODO: cellSpursEventFlagWait
[E : PPU[33] Thread (MultiStream PU Thread)[0x0457c10c]]: TODO: _cellSpursSendSignal
[E : PPU[33] Thread (MultiStream PU Thread)[0x0457c058]]: TODO: cellSpursEventFlagWait
[E : PPU[33] Thread (MultiStream PU Thread)[0x0457c10c]]: TODO: _cellSpursSendSignal
[E : PPU[33] Thread (MultiStream PU Thread)[0x0457c058]]: TODO: cellSpursEventFlagWait
[E : PPU[33] Thread (MultiStream PU Thread)[0x0457c10c]]: TODO: _cellSpursSendSignal
[E : PPU[33] Thread (MultiStream PU Thread)[0x0457c058]]: TODO: cellSpursEventFlagWait
[E : PPU[33] Thread (MultiStream PU Thread)[0x0457c10c]]: TODO: _cellSpursSendSignal
[E : PPU[33] Thread (MultiStream PU Thread)[0x0457c058]]: TODO: cellSpursEventFlagWait
[E : PPU[33] Thread (MultiStream PU Thread)[0x0457c10c]]: TODO: _cellSpursSendSignal
[E : PPU[33] Thread (MultiStream PU Thread)[0x0457c058]]: TODO: cellSpursEventFlagWait
[E : PPU[33] Thread (MultiStream PU Thread)[0x0457c10c]]: TODO: _cellSpursSendSignal
[E : PPU[33] Thread (MultiStream PU Thread)[0x0457c058]]: TODO: cellSpursEventFlagWait
[E : PPU[33] Thread (MultiStream PU Thread)[0x0457c10c]]: TODO: _cellSpursSendSignal
[E : PPU[33] Thread (MultiStream PU Thread)[0x0457c058]]: TODO: cellSpursEventFlagWait
[E : PPU[33] Thread (MultiStream PU Thread)[0x0457c10c]]: TODO: _cellSpursSendSignal
[E : PPU[33] Thread (MultiStream PU Thread)[0x0457c058]]: TODO: cellSpursEventFlagWait
[E : PPU[33] Thread (MultiStream PU Thread)[0x0457c10c]]: TODO: _cellSpursSendSignal
[E : PPU[33] Thread (MultiStream PU Thread)[0x0457c058]]: TODO: cellSpursEventFlagWait
[E : PPU[33] Thread (MultiStream PU Thread)[0x0457c10c]]: TODO: _cellSpursSendSignal
[E : PPU[33] Thread (MultiStream PU Thread)[0x0457c058]]: TODO: cellSpursEventFlagWait
[E : PPU[33] Thread (MultiStream PU Thread)[0x0457c10c]]: TODO: _cellSpursSendSignal
[E : PPU[33] Thread (MultiStream PU Thread)[0x0457c058]]: TODO: cellSpursEventFlagWait
[E : PPU[33] Thread (MultiStream PU Thread)[0x0457c10c]]: TODO: _cellSpursSendSignal
[E : PPU[33] Thread (MultiStream PU Thread)[0x0457c058]]: TODO: cellSpursEventFlagWait
[E : PPU[33] Thread (MultiStream PU Thread)[0x0457c10c]]: TODO: _cellSpursSendSignal
[E : PPU[33] Thread (MultiStream PU Thread)[0x0457c058]]: TODO: cellSpursEventFlagWait
[E : PPU[33] Thread (MultiStream PU Thread)[0x0457c10c]]: TODO: _cellSpursSendSignal
[E : PPU[33] Thread (MultiStream PU Thread)[0x0457c058]]: TODO: cellSpursEventFlagWait
[E : PPU[33] Thread (MultiStream PU Thread)[0x0457c10c]]: TODO: _cellSpursSendSignal
[E : PPU[33] Thread (MultiStream PU Thread)[0x0457c058]]: TODO: cellSpursEventFlagWait
[E : PPU[33] Thread (MultiStream PU Thread)[0x0457c10c]]: TODO: _cellSpursSendSignal
[E : PPU[33] Thread (MultiStream PU Thread)[0x0457c058]]: TODO: cellSpursEventFlagWait
[E : PPU[33] Thread (MultiStream PU Thread)[0x0457c10c]]: TODO: _cellSpursSendSignal
[E : PPU[33] Thread (MultiStream PU Thread)[0x0457c058]]: TODO: cellSpursEventFlagWait
[E : PPU[33] Thread (MultiStream PU Thread)[0x0457c10c]]: TODO: _cellSpursSendSignal
[E : PPU[33] Thread (MultiStream PU Thread)[0x0457c058]]: TODO: cellSpursEventFlagWait
[E : PPU[33] Thread (MultiStream PU Thread)[0x0457c10c]]: TODO: _cellSpursSendSignal
[E : PPU[33] Thread (MultiStream PU Thread)[0x0457c058]]: TODO: cellSpursEventFlagWait
[E : PPU[33] Thread (MultiStream PU Thread)[0x0457c10c]]: TODO: _cellSpursSendSignal
[E : PPU[33] Thread (MultiStream PU Thread)[0x0457c058]]: TODO: cellSpursEventFlagWait
[E : PPU[33] Thread (MultiStream PU Thread)[0x0457c10c]]: TODO: _cellSpursSendSignal
[E : PPU[33] Thread (MultiStream PU Thread)[0x0457c058]]: TODO: cellSpursEventFlagWait
[E : PPU[33] Thread (MultiStream PU Thread)[0x0457c10c]]: TODO: _cellSpursSendSignal
[E : PPU[33] Thread (MultiStream PU Thread)[0x0457c058]]: TODO: cellSpursEventFlagWait
[E : PPU[33] Thread (MultiStream PU Thread)[0x0457c10c]]: TODO: _cellSpursSendSignal
[E : PPU[33] Thread (MultiStream PU Thread)[0x0457c058]]: TODO: cellSpursEventFlagWait
[E : PPU[33] Thread (MultiStream PU Thread)[0x0457c10c]]: TODO: _cellSpursSendSignal
[E : PPU[33] Thread (MultiStream PU Thread)[0x0457c058]]: TODO: cellSpursEventFlagWait
[E : PPU[33] Thread (MultiStream PU Thread)[0x0457c10c]]: TODO: _cellSpursSendSignal
[E : RSXThread]: TODO: cellGcmSetLineStipple(0x0)
