[!]: path: /dev_hdd0/game/
[!]: Loading 'D:\Emulateur\Rpcs3\dev_hdd0\game\BLES00132\USRDIR\BOOT.BIN'...
[!]: Mount info:
[!]: /dev_hdd0/ -> D:\Emulateur\Rpcs3\dev_hdd0\
[!]: /dev_hdd1/ -> D:\Emulateur\Rpcs3\dev_hdd1\
[!]: /dev_flash/ -> D:\Emulateur\Rpcs3\dev_flash\
[!]: /dev_usb000/ -> D:\Emulateur\Rpcs3\dev_usb000\
[!]: /dev_usb/ -> D:\Emulateur\Rpcs3\dev_usb000\
[!]: /app_home/ -> D:\Emulateur\Rpcs3\dev_hdd0\game\BLES00132\
[!]: /dev_bdvd/ -> D:\Emulateur\Rpcs3\dev_hdd0\game\BLES00132\\..\
[!]: /host_root/ -> 
[!]: / -> D:\Emulateur\Rpcs3\dev_hdd0\game\BLES00132\\USRDIR\
[!]: Initing memory...
[!]: Memory initialized.
[W]: Unknown function 0x99406d0b in 'sys_fs' module
[E]: TODO: cellFsChmod
[W]: Unknown function 0x8a561d92 in 'sysPrxForUser' module
[E]: TODO: _sys_heap_free
[W]: Unknown function 0x9f04f7af in 'sysPrxForUser' module
[E]: TODO: _sys_printf
[W]: Unknown function 0xaede4b03 in 'sysPrxForUser' module
[E]: TODO: _sys_heap_delete_heap
[W : PPU[1] Thread (CPUThread)[0x00052034]]: sys_lwmutex warning: *** lwmutex created [] (attribute=0x12): sq_id = 3
[W : PPU[1] Thread (CPUThread)[0x00052034]]: sys_lwmutex warning: *** lwmutex created [] (attribute=0x12): sq_id = 4
[W : PPU[1] Thread (CPUThread)[0x00052034]]: sys_lwmutex warning: *** lwmutex created [] (attribute=0x12): sq_id = 5
[W : PPU[1] Thread (CPUThread)[0x00052034]]: sys_lwmutex warning: *** lwmutex created [] (attribute=0x12): sq_id = 6
[W : PPU[1] Thread (CPUThread)[0x00052034]]: sys_lwmutex warning: *** lwmutex created [] (attribute=0x12): sq_id = 7
[W : PPU[1] Thread (CPUThread)[0x00052034]]: sys_lwmutex warning: *** lwmutex created [] (attribute=0x12): sq_id = 8
[W : PPU[1] Thread (CPUThread)[0x00052034]]: sys_lwmutex warning: *** lwmutex created [] (attribute=0x12): sq_id = 9
[W : PPU[1] Thread (CPUThread)[0x00052034]]: sys_lwmutex warning: *** lwmutex created [] (attribute=0x12): sq_id = 10
[W : PPU[1] Thread (CPUThread)[0x00052034]]: sys_lwmutex warning: *** lwmutex created [] (attribute=0x12): sq_id = 11
[W : PPU[1] Thread (CPUThread)[0x00046010]]: cellGcmSys warning: cellGcmInit(context_addr=0x10029980,cmdSize=0x10000,ioSize=0x100000,ioAddress=0x30200000)
[W : PPU[1] Thread (CPUThread)[0x00046010]]: cellGcmSys warning: *** local memory(addr=0xc0000000, size=0xf900000)
[W : PPU[1] Thread (CPUThread)[0x00046010]]: cellGcmSys warning: cellGcmMapEaIoAddress(ea=0x30200000, io=0x0, size=0x100000)
[! : RSXThread]: RSX thread entry
[W : PPU[1] Thread (CPUThread)[0x0004c004]]: cellSysutil warning: cellVideoOutConfigure(videoOut=0, config_addr=0xd0020c04, option_addr=0x0, waitForEvent=0x0)
[W : PPU[1] Thread (CPUThread)[0x00046034]]: cellGcmSys warning: cellGcmSetFlipMode(mode=2)
[W : PPU[1] Thread (CPUThread)[0x00046064]]: cellGcmSys warning: cellGcmSetDisplayBuffer(id=0x0,offset=0x0,pitch=4,width=1280,height=720)
[W : PPU[1] Thread (CPUThread)[0x00046064]]: cellGcmSys warning: cellGcmSetDisplayBuffer(id=0x1,offset=0x384000,pitch=4,width=1280,height=720)
[W : PPU[1] Thread (CPUThread)[0x00046004]]: cellGcmSys warning: cellGcmGetTiledPitchSize(size=2048)
[W : PPU[1] Thread (CPUThread)[0x00046004]]: cellGcmSys warning: cellGcmGetTiledPitchSize(size=2048)
[W : PPU[1] Thread (CPUThread)[0x00012a40]]: sys_mutex warning: *** mutex created [] (protocol=0x2, recursive=false): id = 12
[W : PPU[1] Thread (CPUThread)[0x000520a0]]: sys_heap warning: sys_heap_create_heap(heap_addr=0x10000258, align=0x10000, size=0x110000)
[W : PPU[1] Thread (CPUThread)[0x000520a0]]: sys_heap warning: *** sys_heap created: id = 13
[W : PPU[1] Thread (CPUThread)[0x0004a010]]: cellSysmodule warning: cellSysmoduleLoadModule(CELL_SYSMODULE_PNGDEC)
[W : PPU[1] Thread (CPUThread)[0x0004a010]]: cellSysmodule warning: cellSysmoduleLoadModule(CELL_SYSMODULE_FS)
[W : PPU[1] Thread (CPUThread)[0x00046058]]: cellGcmSys warning: cellGcmMapMainMemory(ea=0x30400000,size=0x800000,offset_addr=0xd0020c50)
[E : PPU[1] Thread (CPUThread)[0x00044004]]: cellPngDec error: Unimplemented function: cellPngDecCreate
[W : PPU[1] Thread (CPUThread)[0x00044040]]: cellPngDec warning: cellPngDecOpen(mainHandle=0x0, subHandle=0xd0020b74, src_addr=0xd0020be8, openInfo=0xd0020b6c)
[W : PPU[1] Thread (CPUThread)[0x00044040]]: *** cellFsOpen(path="/dev_hdd0/game/BLES00132/USRDIR/background.png"): fd = 14
[W : PPU[1] Thread (CPUThread)[0x00044034]]: cellPngDec warning: cellPngDecReadHeader(mainHandle=0x0, subHandle=0xf, info_addr=0x8a5dd0020bac)
[W : PPU[1] Thread (CPUThread)[0x0004401c]]: cellPngDec warning: cellPngDecClose(mainHandle=0x0,subHandle=0xf)
[W : PPU[1] Thread (CPUThread)[0x0004401c]]: sys_fs warning: cellFsClose(fd=14)
[E : PPU[1] Thread (CPUThread)[0x00044028]]: cellPngDec error: Unimplemented function: cellPngDecDestroy
[W : RSXThread]: VP not found in buffer!
[W : RSXThread]: FP not found in buffer!
[! : RSXThread]: Add program (0):
[! : RSXThread]: *** prog id = 3
[! : RSXThread]: *** vp id = 2
[! : RSXThread]: *** fp id = 1
[! : RSXThread]: *** vp data size = 32
[! : RSXThread]: *** fp data size = 16
[! : RSXThread]: *** vp shader = 
#version 330

uniform mat4 scaleOffsetMat = mat4(1.0);
layout (location = 0) in vec4 in_pos;
layout (location = 1) in vec4 in_weight;
out vec4 tc0;


void main()
{
	gl_Position = vec4(0.0f, 0.0f, 0.0f, 1.0f);
	gl_Position = in_pos;
	tc0.xy = in_weight.xyxx.xy;
	gl_Position = gl_Position * scaleOffsetMat;
}

[! : RSXThread]: *** fp shader = 
#version 330

in vec4 tc0;
uniform sampler2D tex0;
vec4 r0 = vec4(0.0, 0.0, 0.0, 0.0);
layout (location = 0) out vec4 ocol;

void main()
{
	r0 = texture(tex0, tc0.xy);
	ocol = r0;
}

[W : RSXThread]: New FBO (1280x720)
[W : RSXThread]: VP not found in buffer!
[W : RSXThread]: FP not found in buffer!
[! : RSXThread]: Add program (1):
[! : RSXThread]: *** prog id = 4
[! : RSXThread]: *** vp id = 2
[! : RSXThread]: *** fp id = 1
[! : RSXThread]: *** vp data size = 192
[! : RSXThread]: *** fp data size = 64
[! : RSXThread]: *** vp shader = 
#version 330

uniform mat4 scaleOffsetMat = mat4(1.0);
layout (location = 0) in vec4 in_pos;
vec4 tmp1;
vec4 tmp0;
uniform vec4 vc467;
uniform vec4 vc466;
out vec4 tc0;
out vec4 col0;


void main()
{
	gl_Position = vec4(0.0f, 0.0f, 0.0f, 1.0f);
	tmp1.zw = floor(in_pos.yyyx).zw;
	tmp0.xy = (in_pos.wzww * vc467.xxxx + -vc467.yyyy).xy;
	tmp1.xy = (in_pos.xyxx * vc467.zzzz).xy;
	tmp0.zw = fract(in_pos.yyyx).zw;
	tc0.xy = (tmp0.wzww * vc467.xxxx).xy;
	tmp0.zw = floor(tmp1.yyyx).zw;
	gl_Position.y = -tmp0.xxxx.y;
	gl_Position.x = tmp0.yyyy.x;
	tmp0.xy = (tmp0.zwzz * vc467.wwww).xy;
	tmp0.zw = (-tmp0.xxxy * vc466.xxxx + tmp1.zzzw).zw;
	col0.yw = tmp0.yyyx.yw;
	col0.xz = (tmp0.wwzw * vc467.wwww).xz;
	gl_Position = gl_Position * scaleOffsetMat;
}

[! : RSXThread]: *** fp shader = 
#version 330

in vec4 tc0;
in vec4 col0;
uniform sampler2D tex0;
vec4 r0 = vec4(0.0, 0.0, 0.0, 0.0);
vec4 h0 = vec4(0.0, 0.0, 0.0, 0.0);
layout (location = 0) out vec4 ocol;

void main()
{
	r0.w = texture(tex0, tc0.xy).w;
	h0 = col0;
	r0.w = (h0 * r0).w;
	r0.xyz = h0.xyz;
	ocol = r0;
}

[! : RSXThread]: RSX thread exit...
