[!]: path: /dev_hdd0/game/
[!]: Loading 'D:\Emulateur\Rpcs3\dev_hdd0\game\BOMB00000\USRDIR\BOOT.BIN'...
[!]: Mount info:
[!]: /dev_hdd0/ -> D:\Emulateur\Rpcs3\dev_hdd0\
[!]: /dev_hdd1/ -> D:\Emulateur\Rpcs3\dev_hdd1\
[!]: /dev_flash/ -> D:\Emulateur\Rpcs3\dev_flash\
[!]: /dev_usb000/ -> D:\Emulateur\Rpcs3\dev_usb000\
[!]: /dev_usb/ -> D:\Emulateur\Rpcs3\dev_usb000\
[!]: /app_home/ -> D:\Emulateur\Rpcs3\dev_hdd0\game\BOMB00000\
[!]: /dev_bdvd/ -> D:\Emulateur\Rpcs3\dev_hdd0\game\BOMB00000\\..\
[!]: /host_root/ -> 
[!]: / -> D:\Emulateur\Rpcs3\dev_hdd0\game\BOMB00000\\USRDIR\
[!]: Initing memory...
[!]: Memory initialized.
[W]: ElfProgram different load addrs: paddr=0x00050008, vaddr=0x00000000
[W]: Unknown function 0x1f61b3ff in 'cellGcmSys' module
[E]: TODO: cellGcmDumpGraphicsError
[W]: Unknown function 0x5f909b17 in 'cellGcmSys' module
[E]: TODO: _cellGcmFunc1
[W]: Unknown function 0x661fe266 in 'cellGcmSys' module
[E]: TODO: _cellGcmFunc12
[W]: Unknown function 0xbb42a9dd in 'cellGcmSys' module
[E]: TODO: _cellGcmFunc13
[W]: Unknown function 0x8effb7fd in 'cellGcmSys' module
[E]: TODO: _cellGcmFunc2
[W]: Unknown function 0x1bd633f8 in 'cellGcmSys' module
[E]: TODO: _cellGcmFunc3
[W]: Unknown function 0x688b8ac9 in 'cellGcmSys' module
[E]: TODO: _cellGcmFunc38
[W]: Unknown function 0x7fc034bc in 'cellGcmSys' module
[E]: TODO: _cellGcmFunc4
[W]: Unknown function 0xc8f3bd09 in 'cellGcmSys' module
[E]: TODO: cellGcmGetCurrentField
[W]: Unknown function 0x371674cf in 'cellGcmSys' module
[E]: TODO: cellGcmGetDisplayBufferByFlipIndex
[W]: Unknown function 0x63387071 in 'cellGcmSys' module
[E]: TODO: cellGcmGetLastFlipTime
[W]: Unknown function 0x23ae55a3 in 'cellGcmSys' module
[E]: TODO: cellGcmGetLastSecondVTime
[W]: Unknown function 0x21cee035 in 'cellGcmSys' module
[E]: TODO: cellGcmGetNotifyDataAddress
[W]: Unknown function 0x99d397ac in 'cellGcmSys' module
[E]: TODO: cellGcmGetReport
[W]: Unknown function 0x9a0159af in 'cellGcmSys' module
[E]: TODO: cellGcmGetReportDataAddress
[W]: Unknown function 0xa6b180ac in 'cellGcmSys' module
[E]: TODO: cellGcmGetReportDataLocation
[W]: Unknown function 0x2ad4951b in 'cellGcmSys' module
[E]: TODO: cellGcmGetTimeStampLocation
[W]: Unknown function 0x723bbc7e in 'cellGcmSys' module
[E]: TODO: cellGcmGetVBlankCount
[W]: Unknown function 0xfce9e764 in 'cellGcmSys' module
[E]: TODO: cellGcmInitSystemMode
[W]: Unknown function 0x626e8518 in 'cellGcmSys' module
[E]: TODO: cellGcmMapEaIoAddressWithFlags
[W]: Unknown function 0x172c3197 in 'cellGcmSys' module
[E]: TODO: cellGcmSetDefaultCommandBufferAndSegmentWordSize
[W]: Unknown function 0xacee8542 in 'cellGcmSys' module
[E]: TODO: cellGcmSetFlipImmediate
[W]: Unknown function 0xd01b570d in 'cellGcmSys' module
[E]: TODO: cellGcmSetGraphicsHandler
[W]: Unknown function 0xbd6d60d9 in 'cellGcmSys' module
[E]: TODO: cellGcmSetInvalidateTile
[W]: Unknown function 0x0a862772 in 'cellGcmSys' module
[E]: TODO: cellGcmSetQueueHandler
[W]: Unknown function 0xdc494430 in 'cellGcmSys' module
[E]: TODO: cellGcmSetSecondVHandler
[W]: Unknown function 0x8bde5ebf in 'cellGcmSys' module
[E]: TODO: cellGcmSetUserCommand
[W]: Unknown function 0xffe0160e in 'cellGcmSys' module
[E]: TODO: cellGcmSetVBlankFrequency
[W]: Unknown function 0xdf6476bd in 'cellGcmSys' module
[E]: TODO: cellGcmSetWaitFlipUnsafe
[W]: Unknown function 0x25b40ab4 in 'cellGcmSys' module
[E]: TODO: cellGcmSortRemapEaIoAddress
[W]: Unknown function 0xe44874f3 in 'cellGcmSys' module
[E]: TODO: cellGcmSysGetLastVBlankTime
[W]: Unknown function 0x527c6439 in 'cellGcmSys' module
[E]: TODO: cellGcmTerminate
[W]: Unknown function 0x068fcbc6 in 'sys_io' module
[E]: TODO: sys_config_start
[W]: Unknown function 0x6d367953 in 'sys_io' module
[E]: TODO: sys_config_stop
[W]: Unknown function 0x6ae10596 in 'sys_io' module
[E]: TODO: sys_config_add_service_listener
[W]: Unknown function 0xf5d9d571 in 'sys_io' module
[E]: TODO: sys_config_remove_service_listener
[W]: Unknown function 0x78f058a2 in 'sys_io' module
[E]: TODO: sys_config_register_service
[W]: Unknown function 0x5f81900c in 'sys_io' module
[E]: TODO: sys_config_unregister_service
[W]: Unknown function 0x20a97ba2 in 'sys_io' module
[E]: TODO: cellPadLddRegisterController
[W]: Unknown function 0x3f797dff in 'sys_io' module
[E]: TODO: cellPadGetRawData
[W]: Unknown function 0x8b8231e5 in 'sys_io' module
[E]: TODO: cellPadLddGetPortNo
[W]: Unknown function 0xbafd6409 in 'sys_io' module
[E]: TODO: cellPadLddDataInsert
[W]: Unknown function 0xbe5be3ba in 'sys_io' module
[E]: TODO: cellPadSetSensorMode
[W]: Unknown function 0xdbf4c59c in 'sys_io' module
[E]: Unknown func id: 0xdbf4c59c
[W]: Unknown function 0xe442faa8 in 'sys_io' module
[E]: TODO: cellPadLddUnregisterController
[W]: Unknown function 0xf83f8182 in 'sys_io' module
[E]: TODO: cellPadSetPressMode
[W]: Unknown function 0x4cc9b68d in 'sys_io' module
[E]: TODO: cellPadPeriphGetInfo
[W]: Unknown function 0x8a00f264 in 'sys_io' module
[E]: TODO: cellPadPeriphGetData
[W]: Unknown function 0x3dd4a957 in 'sysPrxForUser' module
[E]: TODO: sys_ppu_thread_register_atexit
[W]: Unknown function 0x4a071d98 in 'sysPrxForUser' module
[E]: TODO: sys_interrupt_thread_disestablish
[W]: Unknown function 0xac6fc404 in 'sysPrxForUser' module
[E]: TODO: sys_ppu_thread_unregister_atexit
[W : PPU[1] Thread (CPUThread)[0x0003a004]]: cellSysmodule warning: cellSysmoduleLoadModule(CELL_SYSMODULE_FS)
[W : PPU[1] Thread (CPUThread)[0x0003a004]]: cellSysmodule warning: cellSysmoduleLoadModule(CELL_SYSMODULE_PNGDEC)
[W : PPU[1] Thread (CPUThread)[0x000321c0]]: cellGcmSys warning: cellGcmInit(context_addr=0xd0020480,cmdSize=0x10000,ioSize=0x100000,ioAddress=0x30200000)
[W : PPU[1] Thread (CPUThread)[0x000321c0]]: cellGcmSys warning: *** local memory(addr=0xc0000000, size=0xf900000)
[W : PPU[1] Thread (CPUThread)[0x000321c0]]: cellGcmSys warning: cellGcmMapEaIoAddress(ea=0x30200000, io=0x0, size=0x100000)
[! : RSXThread]: RSX thread entry
[W : PPU[1] Thread (CPUThread)[0x00034010]]: cellSysutil warning: cellVideoOutConfigure(videoOut=0, config_addr=0xd0020518, option_addr=0x0, waitForEvent=0x0)
[W : PPU[1] Thread (CPUThread)[0x000322ec]]: cellGcmSys warning: cellGcmSetFlipMode(mode=2)
[W : PPU[1] Thread (CPUThread)[0x000322a4]]: cellGcmSys warning: cellGcmSetDisplayBuffer(id=0x0,offset=0x0,pitch=4,width=1280,height=720)
[W : PPU[1] Thread (CPUThread)[0x000322a4]]: cellGcmSys warning: cellGcmSetDisplayBuffer(id=0x1,offset=0x384000,pitch=4,width=1280,height=720)
[E : PPU[1] Thread (CPUThread)[0x00038004]]: cellPngDec error: Unimplemented function: cellPngDecCreate
[W : PPU[1] Thread (CPUThread)[0x0003801c]]: cellPngDec warning: cellPngDecOpen(mainHandle=0x0, subHandle=0xd0020464, src_addr=0xd00204e0, openInfo=0xd002046c)
[W : PPU[1] Thread (CPUThread)[0x0003801c]]: *** cellFsOpen(path="/dev_hdd0/game/BOMB00000/USRDIR/USRDIR/mainmenu.png"): fd = 3
[W : PPU[1] Thread (CPUThread)[0x00038034]]: cellPngDec warning: cellPngDecReadHeader(mainHandle=0x0, subHandle=0x4, info_addr=0x9cb9d00204c0)
[W : PPU[1] Thread (CPUThread)[0x00038028]]: cellPngDec warning: cellPngDecClose(mainHandle=0x0,subHandle=0x4)
[W : PPU[1] Thread (CPUThread)[0x00038028]]: sys_fs warning: cellFsClose(fd=3)
[E : PPU[1] Thread (CPUThread)[0x00038010]]: cellPngDec error: Unimplemented function: cellPngDecDestroy
[E : PPU[1] Thread (CPUThread)[0x00038004]]: cellPngDec error: Unimplemented function: cellPngDecCreate
[W : PPU[1] Thread (CPUThread)[0x0003801c]]: cellPngDec warning: cellPngDecOpen(mainHandle=0x0, subHandle=0xd0020464, src_addr=0xd00204e0, openInfo=0xd002046c)
[W : PPU[1] Thread (CPUThread)[0x0003801c]]: *** cellFsOpen(path="/dev_hdd0/game/BOMB00000/USRDIR/USRDIR/menu_b1.png"): fd = 5
[W : PPU[1] Thread (CPUThread)[0x00038034]]: cellPngDec warning: cellPngDecReadHeader(mainHandle=0x0, subHandle=0x6, info_addr=0x9cb9d00204c0)
[W : PPU[1] Thread (CPUThread)[0x00038028]]: cellPngDec warning: cellPngDecClose(mainHandle=0x0,subHandle=0x6)
[W : PPU[1] Thread (CPUThread)[0x00038028]]: sys_fs warning: cellFsClose(fd=5)
[E : PPU[1] Thread (CPUThread)[0x00038010]]: cellPngDec error: Unimplemented function: cellPngDecDestroy
[E : PPU[1] Thread (CPUThread)[0x00038004]]: cellPngDec error: Unimplemented function: cellPngDecCreate
[W : PPU[1] Thread (CPUThread)[0x0003801c]]: cellPngDec warning: cellPngDecOpen(mainHandle=0x0, subHandle=0xd0020464, src_addr=0xd00204e0, openInfo=0xd002046c)
[W : PPU[1] Thread (CPUThread)[0x0003801c]]: *** cellFsOpen(path="/dev_hdd0/game/BOMB00000/USRDIR/USRDIR/menu_b1O.png"): fd = 7
[W : PPU[1] Thread (CPUThread)[0x00038034]]: cellPngDec warning: cellPngDecReadHeader(mainHandle=0x0, subHandle=0x8, info_addr=0x9cb9d00204c0)
[W : PPU[1] Thread (CPUThread)[0x00038028]]: cellPngDec warning: cellPngDecClose(mainHandle=0x0,subHandle=0x8)
[W : PPU[1] Thread (CPUThread)[0x00038028]]: sys_fs warning: cellFsClose(fd=7)
[E : PPU[1] Thread (CPUThread)[0x00038010]]: cellPngDec error: Unimplemented function: cellPngDecDestroy
[E : PPU[1] Thread (CPUThread)[0x00038004]]: cellPngDec error: Unimplemented function: cellPngDecCreate
[W : PPU[1] Thread (CPUThread)[0x0003801c]]: cellPngDec warning: cellPngDecOpen(mainHandle=0x0, subHandle=0xd0020464, src_addr=0xd00204e0, openInfo=0xd002046c)
[W : PPU[1] Thread (CPUThread)[0x0003801c]]: *** cellFsOpen(path="/dev_hdd0/game/BOMB00000/USRDIR/USRDIR/network.png"): fd = 9
[W : PPU[1] Thread (CPUThread)[0x00038034]]: cellPngDec warning: cellPngDecReadHeader(mainHandle=0x0, subHandle=0xa, info_addr=0x9cb9d00204c0)
[W : PPU[1] Thread (CPUThread)[0x00038028]]: cellPngDec warning: cellPngDecClose(mainHandle=0x0,subHandle=0xa)
[W : PPU[1] Thread (CPUThread)[0x00038028]]: sys_fs warning: cellFsClose(fd=9)
[E : PPU[1] Thread (CPUThread)[0x00038010]]: cellPngDec error: Unimplemented function: cellPngDecDestroy
[E : PPU[1] Thread (CPUThread)[0x00038004]]: cellPngDec error: Unimplemented function: cellPngDecCreate
[W : PPU[1] Thread (CPUThread)[0x0003801c]]: cellPngDec warning: cellPngDecOpen(mainHandle=0x0, subHandle=0xd0020464, src_addr=0xd00204e0, openInfo=0xd002046c)
[W : PPU[1] Thread (CPUThread)[0x0003801c]]: *** cellFsOpen(path="/dev_hdd0/game/BOMB00000/USRDIR/USRDIR/networkO.png"): fd = 11
[W : PPU[1] Thread (CPUThread)[0x00038034]]: cellPngDec warning: cellPngDecReadHeader(mainHandle=0x0, subHandle=0xc, info_addr=0x9cb9d00204c0)
[W : PPU[1] Thread (CPUThread)[0x00038028]]: cellPngDec warning: cellPngDecClose(mainHandle=0x0,subHandle=0xc)
[W : PPU[1] Thread (CPUThread)[0x00038028]]: sys_fs warning: cellFsClose(fd=11)
[E : PPU[1] Thread (CPUThread)[0x00038010]]: cellPngDec error: Unimplemented function: cellPngDecDestroy
[E : PPU[1] Thread (CPUThread)[0x00038004]]: cellPngDec error: Unimplemented function: cellPngDecCreate
[W : PPU[1] Thread (CPUThread)[0x0003801c]]: cellPngDec warning: cellPngDecOpen(mainHandle=0x0, subHandle=0xd0020464, src_addr=0xd00204e0, openInfo=0xd002046c)
[W : PPU[1] Thread (CPUThread)[0x0003801c]]: *** cellFsOpen(path="/dev_hdd0/game/BOMB00000/USRDIR/USRDIR/exitgame.png"): fd = 13
[W : PPU[1] Thread (CPUThread)[0x00038034]]: cellPngDec warning: cellPngDecReadHeader(mainHandle=0x0, subHandle=0xe, info_addr=0x9cb9d00204c0)
[W : PPU[1] Thread (CPUThread)[0x00038028]]: cellPngDec warning: cellPngDecClose(mainHandle=0x0,subHandle=0xe)
[W : PPU[1] Thread (CPUThread)[0x00038028]]: sys_fs warning: cellFsClose(fd=13)
[E : PPU[1] Thread (CPUThread)[0x00038010]]: cellPngDec error: Unimplemented function: cellPngDecDestroy
[E : PPU[1] Thread (CPUThread)[0x00038004]]: cellPngDec error: Unimplemented function: cellPngDecCreate
[W : PPU[1] Thread (CPUThread)[0x0003801c]]: cellPngDec warning: cellPngDecOpen(mainHandle=0x0, subHandle=0xd0020464, src_addr=0xd00204e0, openInfo=0xd002046c)
[W : PPU[1] Thread (CPUThread)[0x0003801c]]: *** cellFsOpen(path="/dev_hdd0/game/BOMB00000/USRDIR/USRDIR/exitgameO.png"): fd = 15
[W : PPU[1] Thread (CPUThread)[0x00038034]]: cellPngDec warning: cellPngDecReadHeader(mainHandle=0x0, subHandle=0x10, info_addr=0x9cb9d00204c0)
[W : PPU[1] Thread (CPUThread)[0x00038028]]: cellPngDec warning: cellPngDecClose(mainHandle=0x0,subHandle=0x10)
[W : PPU[1] Thread (CPUThread)[0x00038028]]: sys_fs warning: cellFsClose(fd=15)
[E : PPU[1] Thread (CPUThread)[0x00038010]]: cellPngDec error: Unimplemented function: cellPngDecDestroy
[E : PPU[1] Thread (CPUThread)[0x00038004]]: cellPngDec error: Unimplemented function: cellPngDecCreate
[W : PPU[1] Thread (CPUThread)[0x0003801c]]: cellPngDec warning: cellPngDecOpen(mainHandle=0x0, subHandle=0xd0020464, src_addr=0xd00204e0, openInfo=0xd002046c)
[W : PPU[1] Thread (CPUThread)[0x0003801c]]: *** cellFsOpen(path="/dev_hdd0/game/BOMB00000/USRDIR/USRDIR/gamescreen.png"): fd = 17
[W : PPU[1] Thread (CPUThread)[0x00038034]]: cellPngDec warning: cellPngDecReadHeader(mainHandle=0x0, subHandle=0x12, info_addr=0x9cb9d00204c0)
[W : PPU[1] Thread (CPUThread)[0x00038028]]: cellPngDec warning: cellPngDecClose(mainHandle=0x0,subHandle=0x12)
[W : PPU[1] Thread (CPUThread)[0x00038028]]: sys_fs warning: cellFsClose(fd=17)
[E : PPU[1] Thread (CPUThread)[0x00038010]]: cellPngDec error: Unimplemented function: cellPngDecDestroy
[E : PPU[1] Thread (CPUThread)[0x00038004]]: cellPngDec error: Unimplemented function: cellPngDecCreate
[W : PPU[1] Thread (CPUThread)[0x0003801c]]: cellPngDec warning: cellPngDecOpen(mainHandle=0x0, subHandle=0xd0020464, src_addr=0xd00204e0, openInfo=0xd002046c)
[W : PPU[1] Thread (CPUThread)[0x0003801c]]: *** cellFsOpen(path="/dev_hdd0/game/BOMB00000/USRDIR/USRDIR/backlay.png"): fd = 19
[W : PPU[1] Thread (CPUThread)[0x00038034]]: cellPngDec warning: cellPngDecReadHeader(mainHandle=0x0, subHandle=0x14, info_addr=0x9cb9d00204c0)
[W : PPU[1] Thread (CPUThread)[0x00038028]]: cellPngDec warning: cellPngDecClose(mainHandle=0x0,subHandle=0x14)
[W : PPU[1] Thread (CPUThread)[0x00038028]]: sys_fs warning: cellFsClose(fd=19)
[E : PPU[1] Thread (CPUThread)[0x00038010]]: cellPngDec error: Unimplemented function: cellPngDecDestroy
[E : PPU[1] Thread (CPUThread)[0x00038004]]: cellPngDec error: Unimplemented function: cellPngDecCreate
[W : PPU[1] Thread (CPUThread)[0x0003801c]]: cellPngDec warning: cellPngDecOpen(mainHandle=0x0, subHandle=0xd0020464, src_addr=0xd00204e0, openInfo=0xd002046c)
[W : PPU[1] Thread (CPUThread)[0x0003801c]]: *** cellFsOpen(path="/dev_hdd0/game/BOMB00000/USRDIR/USRDIR/PLAYER/RED/bomberman.png"): fd = 21
[W : PPU[1] Thread (CPUThread)[0x00038034]]: cellPngDec warning: cellPngDecReadHeader(mainHandle=0x0, subHandle=0x16, info_addr=0x9cb9d00204c0)
[W : PPU[1] Thread (CPUThread)[0x00038028]]: cellPngDec warning: cellPngDecClose(mainHandle=0x0,subHandle=0x16)
[W : PPU[1] Thread (CPUThread)[0x00038028]]: sys_fs warning: cellFsClose(fd=21)
[E : PPU[1] Thread (CPUThread)[0x00038010]]: cellPngDec error: Unimplemented function: cellPngDecDestroy
[E : PPU[1] Thread (CPUThread)[0x00038004]]: cellPngDec error: Unimplemented function: cellPngDecCreate
[W : PPU[1] Thread (CPUThread)[0x0003801c]]: cellPngDec warning: cellPngDecOpen(mainHandle=0x0, subHandle=0xd0020464, src_addr=0xd00204e0, openInfo=0xd002046c)
[E : PPU[1] Thread (CPUThread)[0x0003801c]]: sys_fs error: "/dev_hdd0/game/BOMB00000/USRDIR/USRDIR/PLAYER/YELLOW/bomberman.png" not found! flags: 0x00000000
[E : PPU[1] Thread (CPUThread)[0x00038010]]: cellPngDec error: Unimplemented function: cellPngDecDestroy
[E : PPU[1] Thread (CPUThread)[0x00038004]]: cellPngDec error: Unimplemented function: cellPngDecCreate
[W : PPU[1] Thread (CPUThread)[0x0003801c]]: cellPngDec warning: cellPngDecOpen(mainHandle=0x0, subHandle=0xd0020464, src_addr=0xd00204e0, openInfo=0xd002046c)
[W : PPU[1] Thread (CPUThread)[0x0003801c]]: *** cellFsOpen(path="/dev_hdd0/game/BOMB00000/USRDIR/USRDIR/PLAYER/BLUE/bomberman.png"): fd = 23
[W : PPU[1] Thread (CPUThread)[0x00038034]]: cellPngDec warning: cellPngDecReadHeader(mainHandle=0x0, subHandle=0x18, info_addr=0x9cb9d00204c0)
[W : PPU[1] Thread (CPUThread)[0x00038028]]: cellPngDec warning: cellPngDecClose(mainHandle=0x0,subHandle=0x18)
[W : PPU[1] Thread (CPUThread)[0x00038028]]: sys_fs warning: cellFsClose(fd=23)
[E : PPU[1] Thread (CPUThread)[0x00038010]]: cellPngDec error: Unimplemented function: cellPngDecDestroy
[E : PPU[1] Thread (CPUThread)[0x00038004]]: cellPngDec error: Unimplemented function: cellPngDecCreate
[W : PPU[1] Thread (CPUThread)[0x0003801c]]: cellPngDec warning: cellPngDecOpen(mainHandle=0x0, subHandle=0xd0020464, src_addr=0xd00204e0, openInfo=0xd002046c)
[W : PPU[1] Thread (CPUThread)[0x0003801c]]: *** cellFsOpen(path="/dev_hdd0/game/BOMB00000/USRDIR/USRDIR/PLAYER/GREEN/bomberman.png"): fd = 25
[W : PPU[1] Thread (CPUThread)[0x00038034]]: cellPngDec warning: cellPngDecReadHeader(mainHandle=0x0, subHandle=0x1a, info_addr=0x9cb9d00204c0)
[W : PPU[1] Thread (CPUThread)[0x00038028]]: cellPngDec warning: cellPngDecClose(mainHandle=0x0,subHandle=0x1a)
[W : PPU[1] Thread (CPUThread)[0x00038028]]: sys_fs warning: cellFsClose(fd=25)
[E : PPU[1] Thread (CPUThread)[0x00038010]]: cellPngDec error: Unimplemented function: cellPngDecDestroy
[E : PPU[1] Thread (CPUThread)[0x00038004]]: cellPngDec error: Unimplemented function: cellPngDecCreate
[W : PPU[1] Thread (CPUThread)[0x0003801c]]: cellPngDec warning: cellPngDecOpen(mainHandle=0x0, subHandle=0xd0020464, src_addr=0xd00204e0, openInfo=0xd002046c)
[W : PPU[1] Thread (CPUThread)[0x0003801c]]: *** cellFsOpen(path="/dev_hdd0/game/BOMB00000/USRDIR/USRDIR/bomb.png"): fd = 27
[W : PPU[1] Thread (CPUThread)[0x00038034]]: cellPngDec warning: cellPngDecReadHeader(mainHandle=0x0, subHandle=0x1c, info_addr=0x9cb9d00204c0)
[W : PPU[1] Thread (CPUThread)[0x00038028]]: cellPngDec warning: cellPngDecClose(mainHandle=0x0,subHandle=0x1c)
[W : PPU[1] Thread (CPUThread)[0x00038028]]: sys_fs warning: cellFsClose(fd=27)
[E : PPU[1] Thread (CPUThread)[0x00038010]]: cellPngDec error: Unimplemented function: cellPngDecDestroy
[E : PPU[1] Thread (CPUThread)[0x00038004]]: cellPngDec error: Unimplemented function: cellPngDecCreate
[W : PPU[1] Thread (CPUThread)[0x0003801c]]: cellPngDec warning: cellPngDecOpen(mainHandle=0x0, subHandle=0xd0020464, src_addr=0xd00204e0, openInfo=0xd002046c)
[W : PPU[1] Thread (CPUThread)[0x0003801c]]: *** cellFsOpen(path="/dev_hdd0/game/BOMB00000/USRDIR/USRDIR/startscreen_resumegame.png"): fd = 29
[W : PPU[1] Thread (CPUThread)[0x00038034]]: cellPngDec warning: cellPngDecReadHeader(mainHandle=0x0, subHandle=0x1e, info_addr=0x9cb9d00204c0)
[W : PPU[1] Thread (CPUThread)[0x00038028]]: cellPngDec warning: cellPngDecClose(mainHandle=0x0,subHandle=0x1e)
[W : PPU[1] Thread (CPUThread)[0x00038028]]: sys_fs warning: cellFsClose(fd=29)
[E : PPU[1] Thread (CPUThread)[0x00038010]]: cellPngDec error: Unimplemented function: cellPngDecDestroy
[E : PPU[1] Thread (CPUThread)[0x00038004]]: cellPngDec error: Unimplemented function: cellPngDecCreate
[W : PPU[1] Thread (CPUThread)[0x0003801c]]: cellPngDec warning: cellPngDecOpen(mainHandle=0x0, subHandle=0xd0020464, src_addr=0xd00204e0, openInfo=0xd002046c)
[W : PPU[1] Thread (CPUThread)[0x0003801c]]: *** cellFsOpen(path="/dev_hdd0/game/BOMB00000/USRDIR/USRDIR/startscreen_resumegameO.png"): fd = 31
[W : PPU[1] Thread (CPUThread)[0x00038034]]: cellPngDec warning: cellPngDecReadHeader(mainHandle=0x0, subHandle=0x20, info_addr=0x9cb9d00204c0)
[W : PPU[1] Thread (CPUThread)[0x00038028]]: cellPngDec warning: cellPngDecClose(mainHandle=0x0,subHandle=0x20)
[W : PPU[1] Thread (CPUThread)[0x00038028]]: sys_fs warning: cellFsClose(fd=31)
[E : PPU[1] Thread (CPUThread)[0x00038010]]: cellPngDec error: Unimplemented function: cellPngDecDestroy
[E : PPU[1] Thread (CPUThread)[0x00038004]]: cellPngDec error: Unimplemented function: cellPngDecCreate
[W : PPU[1] Thread (CPUThread)[0x0003801c]]: cellPngDec warning: cellPngDecOpen(mainHandle=0x0, subHandle=0xd0020464, src_addr=0xd00204e0, openInfo=0xd002046c)
[W : PPU[1] Thread (CPUThread)[0x0003801c]]: *** cellFsOpen(path="/dev_hdd0/game/BOMB00000/USRDIR/USRDIR/startscreen_mainmenu.png"): fd = 33
[W : PPU[1] Thread (CPUThread)[0x00038034]]: cellPngDec warning: cellPngDecReadHeader(mainHandle=0x0, subHandle=0x22, info_addr=0x9cb9d00204c0)
[W : PPU[1] Thread (CPUThread)[0x00038028]]: cellPngDec warning: cellPngDecClose(mainHandle=0x0,subHandle=0x22)
[W : PPU[1] Thread (CPUThread)[0x00038028]]: sys_fs warning: cellFsClose(fd=33)
[E : PPU[1] Thread (CPUThread)[0x00038010]]: cellPngDec error: Unimplemented function: cellPngDecDestroy
[E : PPU[1] Thread (CPUThread)[0x00038004]]: cellPngDec error: Unimplemented function: cellPngDecCreate
[W : PPU[1] Thread (CPUThread)[0x0003801c]]: cellPngDec warning: cellPngDecOpen(mainHandle=0x0, subHandle=0xd0020464, src_addr=0xd00204e0, openInfo=0xd002046c)
[W : PPU[1] Thread (CPUThread)[0x0003801c]]: *** cellFsOpen(path="/dev_hdd0/game/BOMB00000/USRDIR/USRDIR/startscreen_mainmenuO.png"): fd = 35
[W : PPU[1] Thread (CPUThread)[0x00038034]]: cellPngDec warning: cellPngDecReadHeader(mainHandle=0x0, subHandle=0x24, info_addr=0x9cb9d00204c0)
[W : PPU[1] Thread (CPUThread)[0x00038028]]: cellPngDec warning: cellPngDecClose(mainHandle=0x0,subHandle=0x24)
[W : PPU[1] Thread (CPUThread)[0x00038028]]: sys_fs warning: cellFsClose(fd=35)
[E : PPU[1] Thread (CPUThread)[0x00038010]]: cellPngDec error: Unimplemented function: cellPngDecDestroy
[E : PPU[1] Thread (CPUThread)[0x00038004]]: cellPngDec error: Unimplemented function: cellPngDecCreate
[W : PPU[1] Thread (CPUThread)[0x0003801c]]: cellPngDec warning: cellPngDecOpen(mainHandle=0x0, subHandle=0xd0020464, src_addr=0xd00204e0, openInfo=0xd002046c)
[W : PPU[1] Thread (CPUThread)[0x0003801c]]: *** cellFsOpen(path="/dev_hdd0/game/BOMB00000/USRDIR/USRDIR/startscreen_exitgame.png"): fd = 37
[W : PPU[1] Thread (CPUThread)[0x00038034]]: cellPngDec warning: cellPngDecReadHeader(mainHandle=0x0, subHandle=0x26, info_addr=0x9cb9d00204c0)
[W : PPU[1] Thread (CPUThread)[0x00038028]]: cellPngDec warning: cellPngDecClose(mainHandle=0x0,subHandle=0x26)
[W : PPU[1] Thread (CPUThread)[0x00038028]]: sys_fs warning: cellFsClose(fd=37)
[E : PPU[1] Thread (CPUThread)[0x00038010]]: cellPngDec error: Unimplemented function: cellPngDecDestroy
[E : PPU[1] Thread (CPUThread)[0x00038004]]: cellPngDec error: Unimplemented function: cellPngDecCreate
[W : PPU[1] Thread (CPUThread)[0x0003801c]]: cellPngDec warning: cellPngDecOpen(mainHandle=0x0, subHandle=0xd0020464, src_addr=0xd00204e0, openInfo=0xd002046c)
[W : PPU[1] Thread (CPUThread)[0x0003801c]]: *** cellFsOpen(path="/dev_hdd0/game/BOMB00000/USRDIR/USRDIR/startscreen_exitgameO.png"): fd = 39
[W : PPU[1] Thread (CPUThread)[0x00038034]]: cellPngDec warning: cellPngDecReadHeader(mainHandle=0x0, subHandle=0x28, info_addr=0x9cb9d00204c0)
[W : PPU[1] Thread (CPUThread)[0x00038028]]: cellPngDec warning: cellPngDecClose(mainHandle=0x0,subHandle=0x28)
[W : PPU[1] Thread (CPUThread)[0x00038028]]: sys_fs warning: cellFsClose(fd=39)
[E : PPU[1] Thread (CPUThread)[0x00038010]]: cellPngDec error: Unimplemented function: cellPngDecDestroy
[E : PPU[1] Thread (CPUThread)[0x00038004]]: cellPngDec error: Unimplemented function: cellPngDecCreate
[W : PPU[1] Thread (CPUThread)[0x0003801c]]: cellPngDec warning: cellPngDecOpen(mainHandle=0x0, subHandle=0xd0020464, src_addr=0xd00204e0, openInfo=0xd002046c)
[W : PPU[1] Thread (CPUThread)[0x0003801c]]: *** cellFsOpen(path="/dev_hdd0/game/BOMB00000/USRDIR/USRDIR/heart.png"): fd = 41
[W : PPU[1] Thread (CPUThread)[0x00038034]]: cellPngDec warning: cellPngDecReadHeader(mainHandle=0x0, subHandle=0x2a, info_addr=0x9cb9d00204c0)
[W : PPU[1] Thread (CPUThread)[0x00038028]]: cellPngDec warning: cellPngDecClose(mainHandle=0x0,subHandle=0x2a)
[W : PPU[1] Thread (CPUThread)[0x00038028]]: sys_fs warning: cellFsClose(fd=41)
[E : PPU[1] Thread (CPUThread)[0x00038010]]: cellPngDec error: Unimplemented function: cellPngDecDestroy
[E : PPU[1] Thread (CPUThread)[0x00038004]]: cellPngDec error: Unimplemented function: cellPngDecCreate
[W : PPU[1] Thread (CPUThread)[0x0003801c]]: cellPngDec warning: cellPngDecOpen(mainHandle=0x0, subHandle=0xd0020464, src_addr=0xd00204e0, openInfo=0xd002046c)
[W : PPU[1] Thread (CPUThread)[0x0003801c]]: *** cellFsOpen(path="/dev_hdd0/game/BOMB00000/USRDIR/USRDIR/heartx.png"): fd = 43
[W : PPU[1] Thread (CPUThread)[0x00038034]]: cellPngDec warning: cellPngDecReadHeader(mainHandle=0x0, subHandle=0x2c, info_addr=0x9cb9d00204c0)
[W : PPU[1] Thread (CPUThread)[0x00038028]]: cellPngDec warning: cellPngDecClose(mainHandle=0x0,subHandle=0x2c)
[W : PPU[1] Thread (CPUThread)[0x00038028]]: sys_fs warning: cellFsClose(fd=43)
[E : PPU[1] Thread (CPUThread)[0x00038010]]: cellPngDec error: Unimplemented function: cellPngDecDestroy
[E : PPU[1] Thread (CPUThread)[0x00038004]]: cellPngDec error: Unimplemented function: cellPngDecCreate
[W : PPU[1] Thread (CPUThread)[0x0003801c]]: cellPngDec warning: cellPngDecOpen(mainHandle=0x0, subHandle=0xd0020464, src_addr=0xd00204e0, openInfo=0xd002046c)
[W : PPU[1] Thread (CPUThread)[0x0003801c]]: *** cellFsOpen(path="/dev_hdd0/game/BOMB00000/USRDIR/USRDIR/gameover.png"): fd = 45
[W : PPU[1] Thread (CPUThread)[0x00038034]]: cellPngDec warning: cellPngDecReadHeader(mainHandle=0x0, subHandle=0x2e, info_addr=0x9cb9d00204c0)
[W : PPU[1] Thread (CPUThread)[0x00038028]]: cellPngDec warning: cellPngDecClose(mainHandle=0x0,subHandle=0x2e)
[W : PPU[1] Thread (CPUThread)[0x00038028]]: sys_fs warning: cellFsClose(fd=45)
[E : PPU[1] Thread (CPUThread)[0x00038010]]: cellPngDec error: Unimplemented function: cellPngDecDestroy
[E : PPU[1] Thread (CPUThread)[0x00010b24]]: Write32 to null block: [bfe3d600]: ffd3edfc
[! : RSXThread]: RSX thread exit...
[!]: Closing memory...
