[!]: path: /dev_hdd0/game/
[!]: Loading 'D:\Emulateur\Rpcs3\dev_hdd0\game\DOOM00666\USRDIR\BOOT.BIN'...
[!]: Mount info:
[!]: /dev_hdd0/ -> D:\Emulateur\Rpcs3\dev_hdd0\
[!]: /dev_hdd1/ -> D:\Emulateur\Rpcs3\dev_hdd1\
[!]: /dev_flash/ -> D:\Emulateur\Rpcs3\dev_flash\
[!]: /dev_usb000/ -> D:\Emulateur\Rpcs3\dev_usb000\
[!]: /dev_usb/ -> D:\Emulateur\Rpcs3\dev_usb000\
[!]: /app_home/ -> D:\Emulateur\Rpcs3\dev_hdd0\game\DOOM00666\
[!]: /dev_bdvd/ -> D:\Emulateur\Rpcs3\dev_hdd0\game\DOOM00666\\..\
[!]: /host_root/ -> 
[!]: / -> D:\Emulateur\Rpcs3\dev_hdd0\game\DOOM00666\
[!]: Initing memory...
[!]: Memory initialized.
[W]: ElfProgram different load addrs: paddr=0x00090008, vaddr=0x00000000
[W]: Unknown function 0x068fcbc6 in 'sys_io' module
[E]: TODO: sys_config_start
[W]: Unknown function 0x6d367953 in 'sys_io' module
[E]: TODO: sys_config_stop
[W]: Unknown function 0x6ae10596 in 'sys_io' module
[E]: TODO: sys_config_add_service_listener
[W]: Unknown function 0xf5d9d571 in 'sys_io' module
[E]: TODO: sys_config_remove_service_listener
[W]: Unknown function 0x78f058a2 in 'sys_io' module
[E]: TODO: sys_config_register_service
[W]: Unknown function 0x5f81900c in 'sys_io' module
[E]: TODO: sys_config_unregister_service
[W]: Unknown function 0x20a97ba2 in 'sys_io' module
[E]: TODO: cellPadLddRegisterController
[W]: Unknown function 0x3f797dff in 'sys_io' module
[E]: TODO: cellPadGetRawData
[W]: Unknown function 0x8b8231e5 in 'sys_io' module
[E]: TODO: cellPadLddGetPortNo
[W]: Unknown function 0xbafd6409 in 'sys_io' module
[E]: TODO: cellPadLddDataInsert
[W]: Unknown function 0xbe5be3ba in 'sys_io' module
[E]: TODO: cellPadSetSensorMode
[W]: Unknown function 0xdbf4c59c in 'sys_io' module
[E]: Unknown func id: 0xdbf4c59c
[W]: Unknown function 0xe442faa8 in 'sys_io' module
[E]: TODO: cellPadLddUnregisterController
[W]: Unknown function 0xf83f8182 in 'sys_io' module
[E]: TODO: cellPadSetPressMode
[W]: Unknown function 0x4cc9b68d in 'sys_io' module
[E]: TODO: cellPadPeriphGetInfo
[W]: Unknown function 0x8a00f264 in 'sys_io' module
[E]: TODO: cellPadPeriphGetData
[W]: Unknown function 0x1f61b3ff in 'cellGcmSys' module
[E]: TODO: cellGcmDumpGraphicsError
[W]: Unknown function 0x5f909b17 in 'cellGcmSys' module
[E]: TODO: _cellGcmFunc1
[W]: Unknown function 0x661fe266 in 'cellGcmSys' module
[E]: TODO: _cellGcmFunc12
[W]: Unknown function 0xbb42a9dd in 'cellGcmSys' module
[E]: TODO: _cellGcmFunc13
[W]: Unknown function 0x8effb7fd in 'cellGcmSys' module
[E]: TODO: _cellGcmFunc2
[W]: Unknown function 0x1bd633f8 in 'cellGcmSys' module
[E]: TODO: _cellGcmFunc3
[W]: Unknown function 0x688b8ac9 in 'cellGcmSys' module
[E]: TODO: _cellGcmFunc38
[W]: Unknown function 0x7fc034bc in 'cellGcmSys' module
[E]: TODO: _cellGcmFunc4
[W]: Unknown function 0xc8f3bd09 in 'cellGcmSys' module
[E]: TODO: cellGcmGetCurrentField
[W]: Unknown function 0x371674cf in 'cellGcmSys' module
[E]: TODO: cellGcmGetDisplayBufferByFlipIndex
[W]: Unknown function 0x63387071 in 'cellGcmSys' module
[E]: TODO: cellGcmGetLastFlipTime
[W]: Unknown function 0x23ae55a3 in 'cellGcmSys' module
[E]: TODO: cellGcmGetLastSecondVTime
[W]: Unknown function 0x21cee035 in 'cellGcmSys' module
[E]: TODO: cellGcmGetNotifyDataAddress
[W]: Unknown function 0x99d397ac in 'cellGcmSys' module
[E]: TODO: cellGcmGetReport
[W]: Unknown function 0x9a0159af in 'cellGcmSys' module
[E]: TODO: cellGcmGetReportDataAddress
[W]: Unknown function 0xa6b180ac in 'cellGcmSys' module
[E]: TODO: cellGcmGetReportDataLocation
[W]: Unknown function 0x2ad4951b in 'cellGcmSys' module
[E]: TODO: cellGcmGetTimeStampLocation
[W]: Unknown function 0x723bbc7e in 'cellGcmSys' module
[E]: TODO: cellGcmGetVBlankCount
[W]: Unknown function 0xfce9e764 in 'cellGcmSys' module
[E]: TODO: cellGcmInitSystemMode
[W]: Unknown function 0x626e8518 in 'cellGcmSys' module
[E]: TODO: cellGcmMapEaIoAddressWithFlags
[W]: Unknown function 0x172c3197 in 'cellGcmSys' module
[E]: TODO: cellGcmSetDefaultCommandBufferAndSegmentWordSize
[W]: Unknown function 0xacee8542 in 'cellGcmSys' module
[E]: TODO: cellGcmSetFlipImmediate
[W]: Unknown function 0xd01b570d in 'cellGcmSys' module
[E]: TODO: cellGcmSetGraphicsHandler
[W]: Unknown function 0xbd6d60d9 in 'cellGcmSys' module
[E]: TODO: cellGcmSetInvalidateTile
[W]: Unknown function 0x0a862772 in 'cellGcmSys' module
[E]: TODO: cellGcmSetQueueHandler
[W]: Unknown function 0xdc494430 in 'cellGcmSys' module
[E]: TODO: cellGcmSetSecondVHandler
[W]: Unknown function 0x8bde5ebf in 'cellGcmSys' module
[E]: TODO: cellGcmSetUserCommand
[W]: Unknown function 0xffe0160e in 'cellGcmSys' module
[E]: TODO: cellGcmSetVBlankFrequency
[W]: Unknown function 0xdf6476bd in 'cellGcmSys' module
[E]: TODO: cellGcmSetWaitFlipUnsafe
[W]: Unknown function 0x25b40ab4 in 'cellGcmSys' module
[E]: TODO: cellGcmSortRemapEaIoAddress
[W]: Unknown function 0xe44874f3 in 'cellGcmSys' module
[E]: TODO: cellGcmSysGetLastVBlankTime
[W]: Unknown function 0x527c6439 in 'cellGcmSys' module
[E]: TODO: cellGcmTerminate
[W]: Unknown function 0x2073b7f6 in 'cellAudio' module
[E]: TODO: cellKbClearBuf
[W]: Unknown function 0x3dd4a957 in 'sysPrxForUser' module
[E]: TODO: sys_ppu_thread_register_atexit
[W]: Unknown function 0x4a071d98 in 'sysPrxForUser' module
[E]: TODO: sys_interrupt_thread_disestablish
[W]: Unknown function 0xac6fc404 in 'sysPrxForUser' module
[E]: TODO: sys_ppu_thread_unregister_atexit
[W : PPU[1] Thread (CPUThread)[0x000761c0]]: cellGcmSys warning: cellGcmInit(context_addr=0xd00209b0,cmdSize=0x10000,ioSize=0x100000,ioAddress=0x30100000)
[W : PPU[1] Thread (CPUThread)[0x000761c0]]: cellGcmSys warning: *** local memory(addr=0xc0000000, size=0xf900000)
[W : PPU[1] Thread (CPUThread)[0x000761c0]]: cellGcmSys warning: cellGcmMapEaIoAddress(ea=0x30100000, io=0x0, size=0x100000)
[! : RSXThread]: RSX thread entry
[W : PPU[1] Thread (CPUThread)[0x00072010]]: cellSysutil warning: cellVideoOutConfigure(videoOut=0, config_addr=0xd0020a40, option_addr=0x0, waitForEvent=0x0)
[W : PPU[1] Thread (CPUThread)[0x000762ec]]: cellGcmSys warning: cellGcmSetFlipMode(mode=2)
[W : PPU[1] Thread (CPUThread)[0x000762a4]]: cellGcmSys warning: cellGcmSetDisplayBuffer(id=0x0,offset=0x0,pitch=4,width=1280,height=720)
[W : PPU[1] Thread (CPUThread)[0x000762a4]]: cellGcmSys warning: cellGcmSetDisplayBuffer(id=0x1,offset=0x384000,pitch=4,width=1280,height=720)
[W : PPU[1] Thread (CPUThread)[0x0004c150]]: sys_fs warning: cellFsStat: "/dev_usb000/ps3doom/doom2.wad" not found.
[W : PPU[1] Thread (CPUThread)[0x0004c150]]: sys_fs warning: cellFsStat: "/dev_usb000/ps3doom/plutonia.wad" not found.
[W : PPU[1] Thread (CPUThread)[0x0004c150]]: sys_fs warning: cellFsStat: "/dev_usb000/ps3doom/tnt.wad" not found.
[W : PPU[1] Thread (CPUThread)[0x0004c150]]: sys_fs warning: cellFsStat: "/dev_usb000/ps3doom/doom.wad" not found.
[W : PPU[1] Thread (CPUThread)[0x0004c150]]: sys_fs warning: cellFsStat: "/dev_usb000/ps3doom/doom1.wad" not found.
[W : PPU[1] Thread (CPUThread)[0x0004c150]]: sys_fs warning: cellFsStat: "/dev_usb001/ps3doom/doom2.wad" not found.
[W : PPU[1] Thread (CPUThread)[0x0004c150]]: sys_fs warning: cellFsStat: "/dev_usb001/ps3doom/plutonia.wad" not found.
[W : PPU[1] Thread (CPUThread)[0x0004c150]]: sys_fs warning: cellFsStat: "/dev_usb001/ps3doom/tnt.wad" not found.
[W : PPU[1] Thread (CPUThread)[0x0004c150]]: sys_fs warning: cellFsStat: "/dev_usb001/ps3doom/doom.wad" not found.
[W : PPU[1] Thread (CPUThread)[0x0004c150]]: sys_fs warning: cellFsStat: "/dev_usb001/ps3doom/doom1.wad" not found.
[W : PPU[1] Thread (CPUThread)[0x0004c150]]: sys_fs warning: cellFsStat: "/dev_usb002/ps3doom/doom2.wad" not found.
[W : PPU[1] Thread (CPUThread)[0x0004c150]]: sys_fs warning: cellFsStat: "/dev_usb002/ps3doom/plutonia.wad" not found.
[W : PPU[1] Thread (CPUThread)[0x0004c150]]: sys_fs warning: cellFsStat: "/dev_usb002/ps3doom/tnt.wad" not found.
[W : PPU[1] Thread (CPUThread)[0x0004c150]]: sys_fs warning: cellFsStat: "/dev_usb002/ps3doom/doom.wad" not found.
[W : PPU[1] Thread (CPUThread)[0x0004c150]]: sys_fs warning: cellFsStat: "/dev_usb002/ps3doom/doom1.wad" not found.
[W : PPU[1] Thread (CPUThread)[0x0004c150]]: sys_fs warning: cellFsStat: "/dev_usb003/ps3doom/doom2.wad" not found.
[W : PPU[1] Thread (CPUThread)[0x0004c150]]: sys_fs warning: cellFsStat: "/dev_usb003/ps3doom/plutonia.wad" not found.
[W : PPU[1] Thread (CPUThread)[0x0004c150]]: sys_fs warning: cellFsStat: "/dev_usb003/ps3doom/tnt.wad" not found.
[W : PPU[1] Thread (CPUThread)[0x0004c150]]: sys_fs warning: cellFsStat: "/dev_usb003/ps3doom/doom.wad" not found.
[W : PPU[1] Thread (CPUThread)[0x0004c150]]: sys_fs warning: cellFsStat: "/dev_usb003/ps3doom/doom1.wad" not found.
[W : PPU[1] Thread (CPUThread)[0x0004c150]]: sys_fs warning: cellFsStat: "/dev_usb004/ps3doom/doom2.wad" not found.
[W : PPU[1] Thread (CPUThread)[0x0004c150]]: sys_fs warning: cellFsStat: "/dev_usb004/ps3doom/plutonia.wad" not found.
[W : PPU[1] Thread (CPUThread)[0x0004c150]]: sys_fs warning: cellFsStat: "/dev_usb004/ps3doom/tnt.wad" not found.
[W : PPU[1] Thread (CPUThread)[0x0004c150]]: sys_fs warning: cellFsStat: "/dev_usb004/ps3doom/doom.wad" not found.
[W : PPU[1] Thread (CPUThread)[0x0004c150]]: sys_fs warning: cellFsStat: "/dev_usb004/ps3doom/doom1.wad" not found.
[W : PPU[1] Thread (CPUThread)[0x0004c150]]: sys_fs warning: cellFsStat: "/dev_usb005/ps3doom/doom2.wad" not found.
[W : PPU[1] Thread (CPUThread)[0x0004c150]]: sys_fs warning: cellFsStat: "/dev_usb005/ps3doom/plutonia.wad" not found.
[W : PPU[1] Thread (CPUThread)[0x0004c150]]: sys_fs warning: cellFsStat: "/dev_usb005/ps3doom/tnt.wad" not found.
[W : PPU[1] Thread (CPUThread)[0x0004c150]]: sys_fs warning: cellFsStat: "/dev_usb005/ps3doom/doom.wad" not found.
[W : PPU[1] Thread (CPUThread)[0x0004c150]]: sys_fs warning: cellFsStat: "/dev_usb005/ps3doom/doom1.wad" not found.
[W : PPU[1] Thread (CPUThread)[0x0004c150]]: sys_fs warning: cellFsStat: "/dev_usb006/ps3doom/doom2.wad" not found.
[W : PPU[1] Thread (CPUThread)[0x0004c150]]: sys_fs warning: cellFsStat: "/dev_usb006/ps3doom/plutonia.wad" not found.
[W : PPU[1] Thread (CPUThread)[0x0004c150]]: sys_fs warning: cellFsStat: "/dev_usb006/ps3doom/tnt.wad" not found.
[W : PPU[1] Thread (CPUThread)[0x0004c150]]: sys_fs warning: cellFsStat: "/dev_usb006/ps3doom/doom.wad" not found.
[W : PPU[1] Thread (CPUThread)[0x0004c150]]: sys_fs warning: cellFsStat: "/dev_usb006/ps3doom/doom1.wad" not found.
[W : PPU[1] Thread (CPUThread)[0x0004c150]]: sys_fs warning: cellFsStat: "/dev_usb007/ps3doom/doom2.wad" not found.
[W : PPU[1] Thread (CPUThread)[0x0004c150]]: sys_fs warning: cellFsStat: "/dev_usb007/ps3doom/plutonia.wad" not found.
[W : PPU[1] Thread (CPUThread)[0x0004c150]]: sys_fs warning: cellFsStat: "/dev_usb007/ps3doom/tnt.wad" not found.
[W : PPU[1] Thread (CPUThread)[0x0004c150]]: sys_fs warning: cellFsStat: "/dev_usb007/ps3doom/doom.wad" not found.
[W : PPU[1] Thread (CPUThread)[0x0004c150]]: sys_fs warning: cellFsStat: "/dev_usb007/ps3doom/doom1.wad" not found.
[W : PPU[1] Thread (CPUThread)[0x0004c150]]: sys_fs warning: cellFsStat: "/dev_cf/ps3doom/doom2.wad" not found.
[W : PPU[1] Thread (CPUThread)[0x0004c150]]: sys_fs warning: cellFsStat: "/dev_cf/ps3doom/plutonia.wad" not found.
[W : PPU[1] Thread (CPUThread)[0x0004c150]]: sys_fs warning: cellFsStat: "/dev_cf/ps3doom/tnt.wad" not found.
[W : PPU[1] Thread (CPUThread)[0x0004c150]]: sys_fs warning: cellFsStat: "/dev_cf/ps3doom/doom.wad" not found.
[W : PPU[1] Thread (CPUThread)[0x0004c150]]: sys_fs warning: cellFsStat: "/dev_cf/ps3doom/doom1.wad" not found.
[W : PPU[1] Thread (CPUThread)[0x0004c150]]: sys_fs warning: cellFsStat: "/dev_sd/ps3doom/doom2.wad" not found.
[W : PPU[1] Thread (CPUThread)[0x0004c150]]: sys_fs warning: cellFsStat: "/dev_sd/ps3doom/plutonia.wad" not found.
[W : PPU[1] Thread (CPUThread)[0x0004c150]]: sys_fs warning: cellFsStat: "/dev_sd/ps3doom/tnt.wad" not found.
[W : PPU[1] Thread (CPUThread)[0x0004c150]]: sys_fs warning: cellFsStat: "/dev_sd/ps3doom/doom.wad" not found.
[W : PPU[1] Thread (CPUThread)[0x0004c150]]: sys_fs warning: cellFsStat: "/dev_sd/ps3doom/doom1.wad" not found.
[W : PPU[1] Thread (CPUThread)[0x0004c150]]: sys_fs warning: cellFsStat: "/dev_ms/ps3doom/doom2.wad" not found.
[W : PPU[1] Thread (CPUThread)[0x0004c150]]: sys_fs warning: cellFsStat: "/dev_ms/ps3doom/plutonia.wad" not found.
[W : PPU[1] Thread (CPUThread)[0x0004c150]]: sys_fs warning: cellFsStat: "/dev_ms/ps3doom/tnt.wad" not found.
[W : PPU[1] Thread (CPUThread)[0x0004c150]]: sys_fs warning: cellFsStat: "/dev_ms/ps3doom/doom.wad" not found.
[W : PPU[1] Thread (CPUThread)[0x0004c150]]: sys_fs warning: cellFsStat: "/dev_ms/ps3doom/doom1.wad" not found.
[W : PPU[1] Thread (CPUThread)[0x0004c150]]: sys_fs warning: cellFsStat: "/dev_hdd0/game/DOOM00666/USRDIR/doom2.wad" not found.
[W : PPU[1] Thread (CPUThread)[0x0004c150]]: sys_fs warning: cellFsStat: "/dev_hdd0/game/DOOM00666/USRDIR/plutonia.wad" not found.
[W : PPU[1] Thread (CPUThread)[0x0004c150]]: sys_fs warning: cellFsStat: "/dev_hdd0/game/DOOM00666/USRDIR/tnt.wad" not found.
[W : PPU[1] Thread (CPUThread)[0x0004c150]]: sys_fs warning: cellFsStat: "/dev_hdd0/game/DOOM00666/USRDIR/doom1.wad" not found.
[W : RSXThread]: VP not found in buffer!
[W : RSXThread]: FP not found in buffer!
[! : RSXThread]: Add program (0):
[! : RSXThread]: *** prog id = 3
[! : RSXThread]: *** vp id = 2
[! : RSXThread]: *** fp id = 1
[! : RSXThread]: *** vp data size = 48
[! : RSXThread]: *** fp data size = 32
[! : RSXThread]: *** vp shader = 
#version 330

uniform mat4 scaleOffsetMat = mat4(1.0);
layout (location = 0) in vec4 in_pos;
layout (location = 8) in vec4 in_tc0;
layout (location = 9) in vec4 in_tc1;
out vec4 tc0;
out vec4 tc1;


void main()
{
	gl_Position = vec4(0.0f, 0.0f, 0.0f, 1.0f);
	gl_Position = in_pos;
	tc0 = in_tc0;
	tc1 = in_tc1;
	gl_Position = gl_Position * scaleOffsetMat;
}

[! : RSXThread]: *** fp shader = 
#version 330

in vec4 tc0;
uniform sampler2D tex0;
vec4 r0 = vec4(0.0, 0.0, 0.0, 0.0);
vec4 h0 = vec4(0.0, 0.0, 0.0, 0.0);
layout (location = 0) out vec4 ocol;

void main()
{
	r0 = texture(tex0, tc0.xy);
	h0 = r0;
	ocol = h0;
}

[W : RSXThread]: New FBO (1280x720)
[! : RSXThread]: RSX thread exit...
[!]: Closing memory...
