[!]: path: /dev_hdd0/game/
[!]: Loading 'D:\Emulateur\Rpcs3\dev_hdd0\game\BLUS30017\USRDIR\BOOT.BIN'...
[!]: Mount info:
[!]: /dev_hdd0/ -> D:\Emulateur\Rpcs3\dev_hdd0\
[!]: /dev_hdd1/ -> D:\Emulateur\Rpcs3\dev_hdd1\
[!]: /dev_flash/ -> D:\Emulateur\Rpcs3\dev_flash\
[!]: /dev_usb000/ -> D:\Emulateur\Rpcs3\dev_usb000\
[!]: /dev_usb/ -> D:\Emulateur\Rpcs3\dev_usb000\
[!]: /app_home/ -> D:\Emulateur\Rpcs3\dev_hdd0\game\BLUS30017\
[!]: /dev_bdvd/ -> D:\Emulateur\Rpcs3\dev_hdd0\game\BLUS30017\\..\
[!]: /host_root/ -> 
[!]: / -> D:\Emulateur\Rpcs3\dev_hdd0\game\BLUS30017\
[!]: Initing memory...
[!]: Memory initialized.
[W]: Unknown function 0x1f61b3ff in 'cellGcmSys' module
[E]: TODO: cellGcmDumpGraphicsError
[W]: Unknown function 0x5f909b17 in 'cellGcmSys' module
[E]: TODO: _cellGcmFunc1
[W]: Unknown function 0x661fe266 in 'cellGcmSys' module
[E]: TODO: _cellGcmFunc12
[W]: Unknown function 0xbb42a9dd in 'cellGcmSys' module
[E]: TODO: _cellGcmFunc13
[W]: Unknown function 0x8effb7fd in 'cellGcmSys' module
[E]: TODO: _cellGcmFunc2
[W]: Unknown function 0x1bd633f8 in 'cellGcmSys' module
[E]: TODO: _cellGcmFunc3
[W]: Unknown function 0x688b8ac9 in 'cellGcmSys' module
[E]: TODO: _cellGcmFunc38
[W]: Unknown function 0x7fc034bc in 'cellGcmSys' module
[E]: TODO: _cellGcmFunc4
[W]: Unknown function 0xc8f3bd09 in 'cellGcmSys' module
[E]: TODO: cellGcmGetCurrentField
[W]: Unknown function 0x371674cf in 'cellGcmSys' module
[E]: TODO: cellGcmGetDisplayBufferByFlipIndex
[W]: Unknown function 0x63387071 in 'cellGcmSys' module
[E]: TODO: cellGcmGetLastFlipTime
[W]: Unknown function 0x23ae55a3 in 'cellGcmSys' module
[E]: TODO: cellGcmGetLastSecondVTime
[W]: Unknown function 0x21cee035 in 'cellGcmSys' module
[E]: TODO: cellGcmGetNotifyDataAddress
[W]: Unknown function 0x99d397ac in 'cellGcmSys' module
[E]: TODO: cellGcmGetReport
[W]: Unknown function 0x9a0159af in 'cellGcmSys' module
[E]: TODO: cellGcmGetReportDataAddress
[W]: Unknown function 0xa6b180ac in 'cellGcmSys' module
[E]: TODO: cellGcmGetReportDataLocation
[W]: Unknown function 0x2ad4951b in 'cellGcmSys' module
[E]: TODO: cellGcmGetTimeStampLocation
[W]: Unknown function 0x723bbc7e in 'cellGcmSys' module
[E]: TODO: cellGcmGetVBlankCount
[W]: Unknown function 0xfce9e764 in 'cellGcmSys' module
[E]: TODO: cellGcmInitSystemMode
[W]: Unknown function 0x626e8518 in 'cellGcmSys' module
[E]: TODO: cellGcmMapEaIoAddressWithFlags
[W]: Unknown function 0x172c3197 in 'cellGcmSys' module
[E]: TODO: cellGcmSetDefaultCommandBufferAndSegmentWordSize
[W]: Unknown function 0xacee8542 in 'cellGcmSys' module
[E]: TODO: cellGcmSetFlipImmediate
[W]: Unknown function 0xd01b570d in 'cellGcmSys' module
[E]: TODO: cellGcmSetGraphicsHandler
[W]: Unknown function 0xbd6d60d9 in 'cellGcmSys' module
[E]: TODO: cellGcmSetInvalidateTile
[W]: Unknown function 0x0a862772 in 'cellGcmSys' module
[E]: TODO: cellGcmSetQueueHandler
[W]: Unknown function 0xdc494430 in 'cellGcmSys' module
[E]: TODO: cellGcmSetSecondVHandler
[W]: Unknown function 0x8bde5ebf in 'cellGcmSys' module
[E]: TODO: cellGcmSetUserCommand
[W]: Unknown function 0xffe0160e in 'cellGcmSys' module
[E]: TODO: cellGcmSetVBlankFrequency
[W]: Unknown function 0xdf6476bd in 'cellGcmSys' module
[E]: TODO: cellGcmSetWaitFlipUnsafe
[W]: Unknown function 0x25b40ab4 in 'cellGcmSys' module
[E]: TODO: cellGcmSortRemapEaIoAddress
[W]: Unknown function 0xe44874f3 in 'cellGcmSys' module
[E]: TODO: cellGcmSysGetLastVBlankTime
[W]: Unknown function 0x527c6439 in 'cellGcmSys' module
[E]: TODO: cellGcmTerminate
[W]: Unknown function 0xcfdf24bb in 'cellSysutil' module
[E]: TODO: cellVideoOutDebugSetMonitorType
[W]: Unknown function 0x8e8bc444 in 'cellSysutil' module
[E]: TODO: cellVideoOutRegisterCallback
[W]: Unknown function 0x7871bed4 in 'cellSysutil' module
[E]: TODO: cellVideoOutUnregisterCallback
[W]: Unknown function 0x55e425c3 in 'cellSysutil' module
[E]: TODO: cellVideoOutGetConvertCursorColorInfo
[W]: Unknown function 0x62b0f803 in 'cellSysutil' module
[E]: TODO: cellMsgDialogAbort
[W]: Unknown function 0x20543730 in 'cellSysutil' module
[E]: TODO: cellMsgDialogClose
[W]: Unknown function 0xf81eca25 in 'cellSysutil' module
[E]: TODO: cellMsgDialogOpen
[W]: Unknown function 0x94862702 in 'cellSysutil' module
[E]: TODO: cellMsgDialogProgressBarInc
[W]: Unknown function 0x62b0f803 in 'cellSysutil' module
[E]: TODO: cellMsgDialogAbort
[W]: Unknown function 0x7bc2c8a8 in 'cellSysutil' module
[E]: TODO: cellMsgDialogProgressBarReset
[W]: Unknown function 0x9d6af72a in 'cellSysutil' module
[E]: TODO: cellMsgDialogProgressBarSetMsg
[W]: Unknown function 0x1d99c3ee in 'cellSysutil' module
[E]: TODO: cellOskDialogGetInputText
[W]: Unknown function 0xf3b4b43e in 'cellSysutil' module
[E]: TODO: cellOskDialogSetInitialInputDevice
[W]: Unknown function 0x35beade0 in 'cellSysutil' module
[E]: TODO: cellOskDialogGetSize
[W]: Unknown function 0x3d1e1931 in 'cellSysutil' module
[E]: TODO: cellOskDialogUnloadAsync
[W]: Unknown function 0x41f20828 in 'cellSysutil' module
[E]: TODO: cellOskDialogDisableDimmer
[W]: Unknown function 0xb53c54fa in 'cellSysutil' module
[E]: TODO: cellOskDialogSetKeyLayoutOption
[W]: Unknown function 0xb6d84526 in 'cellSysutil' module
[E]: TODO: cellOskDialogAbort
[W]: Unknown function 0xd3790a86 in 'cellSysutil' module
[E]: TODO: cellOskDialogSetDeviceMask
[W]: Unknown function 0x53e39df3 in 'cellSysutil' module
[E]: TODO: cellOskDialogSetSeparateWindowOption
[W]: Unknown function 0x7f21c918 in 'cellSysutil' module
[E]: TODO: cellOskDialogAddSupportLanguage
[W]: Unknown function 0x7fcfc915 in 'cellSysutil' module
[E]: TODO: cellOskDialogLoadAsync
[W]: Unknown function 0xc427890c in 'cellSysutil' module
[E]: TODO: cellOskDialogSetInitialKeyLayout
[W]: Unknown function 0xf0ec3ccc in 'cellSysutil' module
[E]: TODO: cellOskDialogSetLayoutMode
[W]: Unknown function 0x068fcbc6 in 'sys_io' module
[E]: TODO: sys_config_start
[W]: Unknown function 0x6d367953 in 'sys_io' module
[E]: TODO: sys_config_stop
[W]: Unknown function 0x6ae10596 in 'sys_io' module
[E]: TODO: sys_config_add_service_listener
[W]: Unknown function 0xf5d9d571 in 'sys_io' module
[E]: TODO: sys_config_remove_service_listener
[W]: Unknown function 0x78f058a2 in 'sys_io' module
[E]: TODO: sys_config_register_service
[W]: Unknown function 0x5f81900c in 'sys_io' module
[E]: TODO: sys_config_unregister_service
[W]: Unknown function 0x20a97ba2 in 'sys_io' module
[E]: TODO: cellPadLddRegisterController
[W]: Unknown function 0x3f797dff in 'sys_io' module
[E]: TODO: cellPadGetRawData
[W]: Unknown function 0x8b8231e5 in 'sys_io' module
[E]: TODO: cellPadLddGetPortNo
[W]: Unknown function 0xbafd6409 in 'sys_io' module
[E]: TODO: cellPadLddDataInsert
[W]: Unknown function 0xbe5be3ba in 'sys_io' module
[E]: TODO: cellPadSetSensorMode
[W]: Unknown function 0xdbf4c59c in 'sys_io' module
[E]: Unknown func id: 0xdbf4c59c
[W]: Unknown function 0xe442faa8 in 'sys_io' module
[E]: TODO: cellPadLddUnregisterController
[W]: Unknown function 0xf83f8182 in 'sys_io' module
[E]: TODO: cellPadSetPressMode
[W]: Unknown function 0x4cc9b68d in 'sys_io' module
[E]: TODO: cellPadPeriphGetInfo
[W]: Unknown function 0x8a00f264 in 'sys_io' module
[E]: TODO: cellPadPeriphGetData
[W]: Unknown function 0x3dd4a957 in 'sysPrxForUser' module
[E]: TODO: sys_ppu_thread_register_atexit
[W]: Unknown function 0x4a071d98 in 'sysPrxForUser' module
[E]: TODO: sys_interrupt_thread_disestablish
[W]: Unknown function 0xac6fc404 in 'sysPrxForUser' module
[E]: TODO: sys_ppu_thread_unregister_atexit
[W : PPU[1] Thread (CPUThread)[0x000380dc]]: sys_lwmutex warning: *** lwmutex created [] (attribute=0x12): sq_id = 3
[W : PPU[1] Thread (CPUThread)[0x000380dc]]: sys_lwmutex warning: *** lwmutex created [] (attribute=0x12): sq_id = 4
[W : PPU[1] Thread (CPUThread)[0x000321c0]]: cellGcmSys warning: cellGcmInit(context_addr=0xd0020870,cmdSize=0x10000,ioSize=0x100000,ioAddress=0x30100000)
[W : PPU[1] Thread (CPUThread)[0x000321c0]]: cellGcmSys warning: *** local memory(addr=0xc0000000, size=0xf900000)
[W : PPU[1] Thread (CPUThread)[0x000321c0]]: cellGcmSys warning: cellGcmMapEaIoAddress(ea=0x30100000, io=0x0, size=0x100000)
[! : RSXThread]: RSX thread entry
[W : PPU[1] Thread (CPUThread)[0x00034010]]: cellSysutil warning: cellVideoOutConfigure(videoOut=0, config_addr=0xd0020900, option_addr=0x0, waitForEvent=0x0)
[W : PPU[1] Thread (CPUThread)[0x000380dc]]: sys_lwmutex warning: *** lwmutex created [] (attribute=0x12): sq_id = 5
[W : PPU[1] Thread (CPUThread)[0x000380dc]]: sys_lwmutex warning: *** lwmutex created [] (attribute=0x12): sq_id = 6
[W : PPU[1] Thread (CPUThread)[0x000380dc]]: sys_lwmutex warning: *** lwmutex created [] (attribute=0x12): sq_id = 7
[W : PPU[1] Thread (CPUThread)[0x000380dc]]: sys_lwmutex warning: *** lwmutex created [] (attribute=0x12): sq_id = 8
[W : PPU[1] Thread (CPUThread)[0x000322ec]]: cellGcmSys warning: cellGcmSetFlipMode(mode=2)
[W : PPU[1] Thread (CPUThread)[0x000322a4]]: cellGcmSys warning: cellGcmSetDisplayBuffer(id=0x0,offset=0x0,pitch=4,width=1280,height=720)
[W : PPU[1] Thread (CPUThread)[0x000322a4]]: cellGcmSys warning: cellGcmSetDisplayBuffer(id=0x1,offset=0x384000,pitch=4,width=1280,height=720)
[! : RSXThread]: RSX thread exit...
[!]: Closing memory...
