[!]: path: /dev_hdd0/game/
[!]: Loading 'C:\Users\venu\Downloads\EmuCR-rpcs3-git-20140224-x86\EmuCR-rpcs3-git-20140224-x86\dev_hdd0\game\REMINIS00\USRDIR\BOOT.BIN'...
[!]: Mount info:
[!]: _____ -> _____________________________________________\
[!]: _____ -> _____________________________________________\
[!]: _____/ -> ______________________________________________
[!]: ______ -> ______________________________________________\
[!]: ____/_ -> ______________________________________________\
[!]: ______ -> ______________________________________________________\
[!]: ______ -> _______________________________________________________
[!]: _____/ -> 
[!]: / -> _______________________________________________________
[!]: Initing memory...
[!]: Memory initialized.
[W]: Unknown function 0xc8f3bd09 in 'cellGcmSys' module
[E]: TODO: cellGcmGetCurrentField
[W]: Unknown function 0x63387071 in 'cellGcmSys' module
[E]: TODO: cellGcmGetLastFlipTime
[W]: Unknown function 0x723bbc7e in 'cellGcmSys' module
[E]: TODO: cellGcmGetVBlankCount
[W]: Unknown function 0xacee8542 in 'cellGcmSys' module
[E]: TODO: cellGcmSetFlipImmediate
[W]: Unknown function 0x1bd633f8 in 'cellGcmSys' module
[E]: TODO: _cellGcmFunc3
[W]: Unknown function 0x5f909b17 in 'cellGcmSys' module
[E]: TODO: _cellGcmFunc1
[W]: Unknown function 0x8effb7fd in 'cellGcmSys' module
[E]: TODO: _cellGcmFunc2
[W]: Unknown function 0x7fc034bc in 'cellGcmSys' module
[E]: TODO: _cellGcmFunc4
[W]: Unknown function 0x661fe266 in 'cellGcmSys' module
[E]: TODO: _cellGcmFunc12
[W]: Unknown function 0xbb42a9dd in 'cellGcmSys' module
[E]: TODO: _cellGcmFunc13
[W]: Unknown function 0x99d397ac in 'cellGcmSys' module
[E]: TODO: cellGcmGetReport
[W]: Unknown function 0xffe0160e in 'cellGcmSys' module
[E]: TODO: cellGcmSetVBlankFrequency
[W]: Unknown function 0xdc494430 in 'cellGcmSys' module
[E]: TODO: cellGcmSetSecondVHandler
[W]: Unknown function 0xd01b570d in 'cellGcmSys' module
[E]: TODO: cellGcmSetGraphicsHandler
[W]: Unknown function 0x527c6439 in 'cellGcmSys' module
[E]: TODO: cellGcmTerminate
[W]: Unknown function 0xbd6d60d9 in 'cellGcmSys' module
[E]: TODO: cellGcmSetInvalidateTile
[W]: Unknown function 0x8bde5ebf in 'cellGcmSys' module
[E]: TODO: cellGcmSetUserCommand
[W]: Unknown function 0x0a862772 in 'cellGcmSys' module
[E]: TODO: cellGcmSetQueueHandler
[W]: Unknown function 0x23ae55a3 in 'cellGcmSys' module
[E]: TODO: cellGcmGetLastSecondVTime
[W]: Unknown function 0x25b40ab4 in 'cellGcmSys' module
[E]: TODO: cellGcmSortRemapEaIoAddress
[W]: Unknown function 0x371674cf in 'cellGcmSys' module
[E]: TODO: cellGcmGetDisplayBufferByFlipIndex
[W]: Unknown function 0x172c3197 in 'cellGcmSys' module
[E]: TODO: cellGcmSetDefaultCommandBufferAndSegmentWordSize
[W]: Unknown function 0x1f61b3ff in 'cellGcmSys' module
[E]: TODO: cellGcmDumpGraphicsError
[W]: Unknown function 0x688b8ac9 in 'cellGcmSys' module
[E]: TODO: _cellGcmFunc38
[W]: Unknown function 0x5e2ee0f0 in 'cellGcmSys' module
[E]: TODO: cellGcmGetDefaultCommandWordSize
[W]: Unknown function 0x8cdf8c70 in 'cellGcmSys' module
[E]: TODO: cellGcmGetDefaultSegmentWordSize
[W]: Unknown function 0x21cee035 in 'cellGcmSys' module
[E]: TODO: cellGcmGetNotifyDataAddress
[W]: Unknown function 0x9a0159af in 'cellGcmSys' module
[E]: TODO: cellGcmGetReportDataAddress
[W]: Unknown function 0xa6b180ac in 'cellGcmSys' module
[E]: TODO: cellGcmGetReportDataLocation
[W]: Unknown function 0x2ad4951b in 'cellGcmSys' module
[E]: TODO: cellGcmGetTimeStampLocation
[W]: Unknown function 0xfce9e764 in 'cellGcmSys' module
[E]: TODO: cellGcmInitSystemMode
[W]: Unknown function 0x626e8518 in 'cellGcmSys' module
[E]: TODO: cellGcmMapEaIoAddressWithFlags
[W]: Unknown function 0xe44874f3 in 'cellGcmSys' module
[E]: TODO: cellGcmSysGetLastVBlankTime
[W]: Unknown function 0xcfdf24bb in 'cellSysutil' module
[E]: TODO: cellVideoOutDebugSetMonitorType
[W]: Unknown function 0x8e8bc444 in 'cellSysutil' module
[E]: TODO: cellVideoOutRegisterCallback
[W]: Unknown function 0x7871bed4 in 'cellSysutil' module
[E]: TODO: cellVideoOutUnregisterCallback
[W]: Unknown function 0x55e425c3 in 'cellSysutil' module
[E]: TODO: cellVideoOutGetConvertCursorColorInfo
[W]: Unknown function 0x20543730 in 'cellSysutil' module
[E]: TODO: cellMsgDialogClose
[W]: Unknown function 0xf81eca25 in 'cellSysutil' module
[E]: TODO: cellMsgDialogOpen
[W]: Unknown function 0x94862702 in 'cellSysutil' module
[E]: TODO: cellMsgDialogProgressBarInc
[W]: Unknown function 0x62b0f803 in 'cellSysutil' module
[E]: TODO: cellMsgDialogAbort
[W]: Unknown function 0x7bc2c8a8 in 'cellSysutil' module
[E]: TODO: cellMsgDialogProgressBarReset
[W]: Unknown function 0x9d6af72a in 'cellSysutil' module
[E]: TODO: cellMsgDialogProgressBarSetMsg
[W]: Unknown function 0x1d99c3ee in 'cellSysutil' module
[E]: TODO: cellOskDialogGetInputText
[W]: Unknown function 0xf3b4b43e in 'cellSysutil' module
[E]: TODO: cellOskDialogSetInitialInputDevice
[W]: Unknown function 0x35beade0 in 'cellSysutil' module
[E]: TODO: cellOskDialogGetSize
[W]: Unknown function 0x3d1e1931 in 'cellSysutil' module
[E]: TODO: cellOskDialogUnloadAsync
[W]: Unknown function 0x41f20828 in 'cellSysutil' module
[E]: TODO: cellOskDialogDisableDimmer
[W]: Unknown function 0xb53c54fa in 'cellSysutil' module
[E]: TODO: cellOskDialogSetKeyLayoutOption
[W]: Unknown function 0xb6d84526 in 'cellSysutil' module
[E]: TODO: cellOskDialogAbort
[W]: Unknown function 0xd3790a86 in 'cellSysutil' module
[E]: TODO: cellOskDialogSetDeviceMask
[W]: Unknown function 0x53e39df3 in 'cellSysutil' module
[E]: TODO: cellOskDialogSetSeparateWindowOption
[W]: Unknown function 0x7f21c918 in 'cellSysutil' module
[E]: TODO: cellOskDialogAddSupportLanguage
[W]: Unknown function 0x7fcfc915 in 'cellSysutil' module
[E]: TODO: cellOskDialogLoadAsync
[W]: Unknown function 0xc427890c in 'cellSysutil' module
[E]: TODO: cellOskDialogSetInitialKeyLayout
[W]: Unknown function 0xf0ec3ccc in 'cellSysutil' module
[E]: TODO: cellOskDialogSetLayoutMode
[W]: Unknown function 0x1dfbfdd6 in 'cellSysutil' module
[E]: TODO: cellSaveDataListLoad2
[W]: Unknown function 0x2de0d663 in 'cellSysutil' module
[E]: TODO: cellSaveDataListSave2
[W]: Unknown function 0x21425307 in 'cellSysutil' module
[E]: TODO: cellSaveDataListAutoLoad
[W]: Unknown function 0x4dd03a4e in 'cellSysutil' module
[E]: TODO: cellSaveDataListAutoSave
[W]: Unknown function 0x2a8eada2 in 'cellSysutil' module
[E]: TODO: cellSaveDataFixedLoad2
[W]: Unknown function 0x2aae9ef5 in 'cellSysutil' module
[E]: TODO: cellSaveDataFixedSave2
[W]: Unknown function 0xfbd5c856 in 'cellSysutil' module
[E]: TODO: cellSaveDataAutoLoad2
[W]: Unknown function 0x8b7ed64b in 'cellSysutil' module
[E]: TODO: cellSaveDataAutoSave2
[W]: Unknown function 0xedadd797 in 'cellSysutil' module
[E]: TODO: cellSaveDataDelete2
[W]: Unknown function 0xdb9819f3 in 'cellSysutil' module
[E]: TODO: cellGameDataCheck
[W]: Unknown function 0xf52639ea in 'cellSysutil' module
[E]: TODO: cellGameBootCheck
[W]: Unknown function 0xce4374f6 in 'cellSysutil' module
[E]: TODO: cellGamePatchCheck
[W]: Unknown function 0x42a2e133 in 'cellSysutil' module
[E]: TODO: cellGameCreateGameData
[W]: Unknown function 0xb7a45caf in 'cellSysutil' module
[E]: TODO: cellGameGetParamInt
[W]: Unknown function 0x3a5d726a in 'cellSysutil' module
[E]: TODO: cellGameGetParamString
[W]: Unknown function 0xef9d42d5 in 'cellSysutil' module
[E]: TODO: cellGameGetSizeKB
[W]: Unknown function 0xdaa5cd20 in 'cellSysutil' module
[E]: TODO: cellGameSetParamString
[W]: Unknown function 0x2a8e6b92 in 'cellSysutil' module
[E]: TODO: cellGameGetDiscContentInfoUpdatePath
[W]: Unknown function 0x70acec67 in 'cellSysutil' module
[E]: TODO: cellGameContentPermit
[W]: Unknown function 0xb0a1f8c6 in 'cellSysutil' module
[E]: TODO: cellGameContentErrorDialog
[W]: Unknown function 0xd24e3928 in 'cellSysutil' module
[E]: TODO: cellGameThemeInstall
[W]: Unknown function 0x87406734 in 'cellSysutil' module
[E]: TODO: cellGameThemeInstallFromBuffer
[W]: Unknown function 0xa80bf223 in 'cellSysutil' module
[E]: TODO: cellGameGetLocalWebContentPath
[W]: Unknown function 0xb367c6e3 in 'cellSysutil' module
[E]: TODO: cellGameDeleteGameData
[W]: Unknown function 0xf8115d69 in 'cellSysutil' module
[E]: TODO: cellGameRegisterDiscChangeCallback
[W]: Unknown function 0x21fc0c71 in 'cellSysutil' module
[E]: TODO: cellGameUnregisterDiscChangeCallback
[W]: Unknown function 0xdfdd302e in 'cellSysutil' module
[E]: TODO: cellDiscGameRegisterDiscChangeCallback
[W]: Unknown function 0xedc34e1a in 'cellSysutil' module
[E]: TODO: cellDiscGameUnregisterDiscChangeCallback
[W]: Unknown function 0x39567781 in 'cellSysutil' module
[E]: TODO: sceNpTrophyInit
[W]: Unknown function 0x48bd97c7 in 'cellSysutil' module
[E]: TODO: sceNpTrophyAbortHandle
[W]: Unknown function 0xe3bf9a28 in 'cellSysutil' module
[E]: TODO: sceNpTrophyCreateContext
[W]: Unknown function 0x1c25470d in 'cellSysutil' module
[E]: TODO: sceNpTrophyCreateHandle
[W]: Unknown function 0x3741ecc7 in 'cellSysutil' module
[E]: TODO: sceNpTrophyDestroyContext
[W]: Unknown function 0x623cd2dc in 'cellSysutil' module
[E]: TODO: sceNpTrophyDestroyHandle
[W]: Unknown function 0xff299e03 in 'cellSysutil' module
[E]: TODO: sceNpTrophyGetGameIcon
[W]: Unknown function 0x49d18217 in 'cellSysutil' module
[E]: TODO: sceNpTrophyGetGameInfo
[W]: Unknown function 0x079f0e87 in 'cellSysutil' module
[E]: TODO: sceNpTrophyGetGameProgress
[W]: Unknown function 0x370136fe in 'cellSysutil' module
[E]: TODO: sceNpTrophyGetRequiredDiskSpace
[W]: Unknown function 0xbaedf689 in 'cellSysutil' module
[E]: TODO: sceNpTrophyGetTrophyIcon
[W]: Unknown function 0xfce6d30a in 'cellSysutil' module
[E]: TODO: sceNpTrophyGetTrophyInfo
[W]: Unknown function 0xb3ac3478 in 'cellSysutil' module
[E]: TODO: sceNpTrophyGetTrophyUnlockState
[W]: Unknown function 0x1197b52c in 'cellSysutil' module
[E]: TODO: sceNpTrophyRegisterContext
[W]: Unknown function 0x27deda93 in 'cellSysutil' module
[E]: TODO: sceNpTrophySetSoundLevel
[W]: Unknown function 0xa7fabf4d in 'cellSysutil' module
[E]: TODO: sceNpTrophyTerm
[W]: Unknown function 0x8ceedd21 in 'cellSysutil' module
[E]: TODO: sceNpTrophyUnlockTrophy
[W]: Unknown function 0x068fcbc6 in 'sys_io' module
[E]: TODO: sys_config_start
[W]: Unknown function 0x6d367953 in 'sys_io' module
[E]: TODO: sys_config_stop
[W]: Unknown function 0x6ae10596 in 'sys_io' module
[E]: TODO: sys_config_add_service_listener
[W]: Unknown function 0xf5d9d571 in 'sys_io' module
[E]: TODO: sys_config_remove_service_listener
[W]: Unknown function 0x78f058a2 in 'sys_io' module
[E]: TODO: sys_config_register_service
[W]: Unknown function 0x5f81900c in 'sys_io' module
[E]: TODO: sys_config_unregister_service
[W]: Unknown function 0x20a97ba2 in 'sys_io' module
[E]: TODO: cellPadLddRegisterController
[W]: Unknown function 0x3f797dff in 'sys_io' module
[E]: TODO: cellPadGetRawData
[W]: Unknown function 0x8b8231e5 in 'sys_io' module
[E]: TODO: cellPadLddGetPortNo
[W]: Unknown function 0xbafd6409 in 'sys_io' module
[E]: TODO: cellPadLddDataInsert
[W]: Unknown function 0xbe5be3ba in 'sys_io' module
[E]: TODO: cellPadSetSensorMode
[W]: Unknown function 0xdbf4c59c in 'sys_io' module
[E]: Unknown func id: 0xdbf4c59c
[W]: Unknown function 0xe442faa8 in 'sys_io' module
[E]: TODO: cellPadLddUnregisterController
[W]: Unknown function 0xf83f8182 in 'sys_io' module
[E]: TODO: cellPadSetPressMode
[W]: Unknown function 0x4cc9b68d in 'sys_io' module
[E]: TODO: cellPadPeriphGetInfo
[W]: Unknown function 0x8a00f264 in 'sys_io' module
[E]: TODO: cellPadPeriphGetData
[W]: Unknown function 0x620e35a7 in 'sysPrxForUser' module
[E]: TODO: sys_game_get_system_sw_version
[W]: Unknown function 0x3172759d in 'sysPrxForUser' module
[E]: TODO: sys_game_get_temperature
[W]: Unknown function 0x71a8472a in 'sysPrxForUser' module
[E]: TODO: sys_get_random_number
[W]: Unknown function 0x9f950780 in 'sysPrxForUser' module
[E]: TODO: sys_game_get_rtc_status
[W]: Unknown function 0xe76964f5 in 'sysPrxForUser' module
[E]: TODO: sys_game_board_storage_read
[W]: Unknown function 0x8bb03ab8 in 'sysPrxForUser' module
[E]: TODO: sys_game_board_storage_write
[W]: Unknown function 0xd0ea47a7 in 'sysPrxForUser' module
[E]: TODO: sys_prx_unregister_library
[W]: Unknown function 0x9f18429d in 'sysPrxForUser' module
[E]: TODO: sys_prx_start_module
[W]: Unknown function 0x80fb0c19 in 'sysPrxForUser' module
[E]: TODO: sys_prx_stop_module
[W]: Unknown function 0x26090058 in 'sysPrxForUser' module
[E]: TODO: sys_prx_load_module
[W]: Unknown function 0xef68c17c in 'sysPrxForUser' module
[E]: TODO: sys_prx_load_module_by_fd
[W]: Unknown function 0xb27c8ae7 in 'sysPrxForUser' module
[E]: TODO: sys_prx_load_module_list
[W]: Unknown function 0xe7ef3a80 in 'sysPrxForUser' module
[E]: TODO: sys_prx_load_module_list_on_memcontainer
[W]: Unknown function 0xaa6d9bff in 'sysPrxForUser' module
[E]: TODO: sys_prx_load_module_on_memcontainer
[W]: Unknown function 0xa330ad84 in 'sysPrxForUser' module
[E]: TODO: sys_prx_load_module_on_memcontainer_by_fd
[W]: Unknown function 0x84bb6774 in 'sysPrxForUser' module
[E]: TODO: sys_prx_get_module_info
[W]: Unknown function 0xa5d06bf0 in 'sysPrxForUser' module
[E]: TODO: sys_prx_get_module_list
[W]: Unknown function 0x74311398 in 'sysPrxForUser' module
[E]: TODO: sys_prx_get_my_module_id
[W]: Unknown function 0x0341bb97 in 'sysPrxForUser' module
[E]: TODO: sys_prx_get_module_id_by_address
[W]: Unknown function 0xe0998dbf in 'sysPrxForUser' module
[E]: TODO: sys_prx_get_module_id_by_name
[W]: Unknown function 0xf0aece0d in 'sysPrxForUser' module
[E]: TODO: sys_prx_unload_module
[W]: Unknown function 0xa2c7ba64 in 'sysPrxForUser' module
[E]: TODO: sys_prx_exitspawn_with_level
[W]: Unknown function 0x3dd4a957 in 'sysPrxForUser' module
[E]: TODO: sys_ppu_thread_register_atexit
[W]: Unknown function 0xac6fc404 in 'sysPrxForUser' module
[E]: TODO: sys_ppu_thread_unregister_atexit
[W]: Unknown function 0x4a071d98 in 'sysPrxForUser' module
[E]: TODO: sys_interrupt_thread_disestablish
[W]: Unknown function 0x8c2bb498 in 'sysPrxForUser' module
[E]: TODO: sys_spinlock_initialize
[W]: Unknown function 0xa285139d in 'sysPrxForUser' module
[E]: TODO: sys_spinlock_lock
[W]: Unknown function 0x722a0254 in 'sysPrxForUser' module
[E]: TODO: sys_spinlock_trylock
[W]: Unknown function 0x5267cb35 in 'sysPrxForUser' module
[E]: TODO: sys_spinlock_unlock
[W]: Unknown function 0xacad8fb6 in 'sysPrxForUser' module
[E]: TODO: sys_game_watchdog_clear
[W]: Unknown function 0x9e0623b5 in 'sysPrxForUser' module
[E]: TODO: sys_game_watchdog_start
[W]: Unknown function 0x6e05231d in 'sysPrxForUser' module
[E]: TODO: sys_game_watchdog_stop
[W]: Unknown function 0xbdb18f83 in 'sysPrxForUser' module
[E]: TODO: _sys_malloc
[W]: Unknown function 0x318f17e1 in 'sysPrxForUser' module
[E]: TODO: _sys_memalign
[W]: Unknown function 0x3bd53c7b in 'sysPrxForUser' module
[E]: TODO: _sys_memchr
[W]: Unknown function 0xfb5db080 in 'sysPrxForUser' module
[E]: TODO: _sys_memcmp
[W]: Unknown function 0x6bf66ea7 in 'sysPrxForUser' module
[E]: TODO: _sys_memcpy
[W]: Unknown function 0x27427742 in 'sysPrxForUser' module
[E]: TODO: _sys_memmove
[W]: Unknown function 0x68b9b011 in 'sysPrxForUser' module
[E]: TODO: _sys_memset
[W]: Unknown function 0xf7f7fb20 in 'sysPrxForUser' module
[E]: TODO: _sys_free
[W]: Unknown function 0xb9bf1078 in 'sysPrxForUser' module
[E]: TODO: _sys_heap_alloc_heap_memory
[W]: Unknown function 0xaede4b03 in 'sysPrxForUser' module
[E]: TODO: _sys_heap_delete_heap
[W]: Unknown function 0x8a561d92 in 'sysPrxForUser' module
[E]: TODO: _sys_heap_free
[W]: Unknown function 0xd1ad4570 in 'sysPrxForUser' module
[E]: TODO: _sys_heap_get_mallinfo
[W]: Unknown function 0xb6369393 in 'sysPrxForUser' module
[E]: TODO: _sys_heap_get_total_free_size
[W]: Unknown function 0x8985b5b6 in 'sysPrxForUser' module
[E]: TODO: _sys_heap_stats
[W]: Unknown function 0xc4fd6121 in 'sysPrxForUser' module
[E]: TODO: _sys_qsort
[W]: Unknown function 0xca9a60bf in 'sysPrxForUser' module
[E]: TODO: sys_mempool_create
[W]: Unknown function 0x9d3c0f81 in 'sysPrxForUser' module
[E]: TODO: sys_mempool_destroy
[W]: Unknown function 0x25596f51 in 'sysPrxForUser' module
[E]: TODO: sys_mempool_get_count
[W]: Unknown function 0xa146a143 in 'sysPrxForUser' module
[E]: TODO: sys_mempool_allocate_block
[W]: Unknown function 0x05c65656 in 'sysPrxForUser' module
[E]: TODO: sys_mempool_try_allocate_block
[W]: Unknown function 0x608212fc in 'sysPrxForUser' module
[E]: TODO: sys_mempool_free_block
[W]: Unknown function 0x409ad939 in 'sysPrxForUser' module
[E]: TODO: sys_mmapper_free_memory
[W]: Unknown function 0x4643ba6e in 'sysPrxForUser' module
[E]: TODO: sys_mmapper_unmap_memory
[W]: Unknown function 0x70258515 in 'sysPrxForUser' module
[E]: TODO: sys_mmapper_allocate_memory_from_container
[W]: Unknown function 0x99c88692 in 'sysPrxForUser' module
[E]: TODO: _sys_strcpy
[W]: Unknown function 0xd3039d4d in 'sysPrxForUser' module
[E]: TODO: _sys_strncpy
[W]: Unknown function 0x052d29a6 in 'sysPrxForUser' module
[E]: TODO: _sys_strcat
[W]: Unknown function 0x996f7cf8 in 'sysPrxForUser' module
[E]: TODO: _sys_strncat
[W]: Unknown function 0x7498887b in 'sysPrxForUser' module
[E]: TODO: _sys_strchr
[W]: Unknown function 0x191f0c4a in 'sysPrxForUser' module
[E]: TODO: _sys_strrchr
[W]: Unknown function 0x459b4393 in 'sysPrxForUser' module
[E]: TODO: _sys_strcmp
[W]: Unknown function 0x04e83d2c in 'sysPrxForUser' module
[E]: TODO: _sys_strncmp
[W]: Unknown function 0x1ca525a2 in 'sysPrxForUser' module
[E]: TODO: _sys_strncasecmp
[W]: Unknown function 0x4b2f301a in 'sysPrxForUser' module
[E]: TODO: _sys_tolower
[W]: Unknown function 0xeef75113 in 'sysPrxForUser' module
[E]: TODO: _sys_toupper
[W]: Unknown function 0xdd0c1e09 in 'sysPrxForUser' module
[E]: TODO: _sys_spu_printf_attach_group
[W]: Unknown function 0x1ae10b92 in 'sysPrxForUser' module
[E]: TODO: _sys_spu_printf_attach_thread
[W]: Unknown function 0x5fdfb2fe in 'sysPrxForUser' module
[E]: TODO: _sys_spu_printf_detach_group
[W]: Unknown function 0xb3bbcf2a in 'sysPrxForUser' module
[E]: TODO: _sys_spu_printf_detach_thread
[W]: Unknown function 0xdd3b27ac in 'sysPrxForUser' module
[E]: TODO: _sys_spu_printf_finalize
[W]: Unknown function 0x8a2f159b in 'sysPrxForUser' module
[E]: TODO: console_getc
[W]: Unknown function 0xe66bac36 in 'sysPrxForUser' module
[E]: TODO: console_putc
[W]: Unknown function 0xf57e1d6f in 'sysPrxForUser' module
[E]: TODO: console_write
[W]: Unknown function 0x9f04f7af in 'sysPrxForUser' module
[E]: TODO: _sys_printf
[W]: Unknown function 0xa1f9eafe in 'sysPrxForUser' module
[E]: TODO: _sys_sprintf
[W]: Unknown function 0x06574237 in 'sysPrxForUser' module
[E]: TODO: _sys_snprintf
[W]: Unknown function 0xfa7f693d in 'sysPrxForUser' module
[E]: TODO: _sys_vprintf
[W]: Unknown function 0x791b9219 in 'sysPrxForUser' module
[E]: TODO: _sys_vsprintf
[W]: Unknown function 0x0618936b in 'sysPrxForUser' module
[E]: TODO: _sys_vsnprintf
[! : PPU[1] Thread (CPUThread)[0x00010368]]: PPU[1] Thread (CPUThread) enter
[E : PPU[1] Thread (CPUThread)[0x0012c25c]]: TODO: sys_spinlock_initialize
[W : PPU[1] Thread (CPUThread)[0x000d4f78]]: memory warning: sys_mmapper_allocate_address(size=0x10000000, flags=0x40f, alignment=0x0, alloc_addr=0x10037d08)
[E : PPU[1] Thread (CPUThread)[0x0012c25c]]: TODO: sys_spinlock_initialize
[E : PPU[1] Thread (CPUThread)[0x0012c268]]: TODO: sys_spinlock_lock
[E : PPU[1] Thread (CPUThread)[0x0012c280]]: TODO: sys_spinlock_unlock
[W : PPU[1] Thread (CPUThread)[0x0012c1d8]]: sys_lwmutex warning: *** lwmutex created [] (attribute=0x12): sq_id = 3
[W : PPU[1] Thread (CPUThread)[0x0012c1d8]]: sys_lwmutex warning: *** lwmutex created [] (attribute=0x12): sq_id = 4
[E : PPU[1] Thread (CPUThread)[0x0012c268]]: TODO: sys_spinlock_lock
[W : PPU[1] Thread (CPUThread)[0x0012c3f4]]: memory warning: sys_mmapper_allocate_memory(size=0x100000, flags=0x400, mem_id_addr=0xd0020924)
[E : PPU[1] Thread (CPUThread)[0x000d516c]]: Unknown syscall: 337 - 00000151
[E : PPU[1] Thread (CPUThread)[0x0012c268]]: TODO: sys_spinlock_lock
[E : PPU[1] Thread (CPUThread)[0x0012c280]]: TODO: sys_spinlock_unlock
[E : PPU[1] Thread (CPUThread)[0x0012c280]]: TODO: sys_spinlock_unlock
[E : PPU[1] Thread (CPUThread)[0x0012c268]]: TODO: sys_spinlock_lock
[E : PPU[1] Thread (CPUThread)[0x0012c280]]: TODO: sys_spinlock_unlock
[E : PPU[1] Thread (CPUThread)[0x000fe768]]: Write64 to null block: [00000008]: 1001
